[2023-03-25 18:45:35,927] {taskinstance.py:877} INFO - Dependencies all met for <TaskInstance: dag_python_operator_v3.greet 2023-03-25T18:45:33.370007+00:00 [queued]>
[2023-03-25 18:45:35,941] {taskinstance.py:877} INFO - Dependencies all met for <TaskInstance: dag_python_operator_v3.greet 2023-03-25T18:45:33.370007+00:00 [queued]>
[2023-03-25 18:45:35,942] {taskinstance.py:1068} INFO - 
--------------------------------------------------------------------------------
[2023-03-25 18:45:35,942] {taskinstance.py:1069} INFO - Starting attempt 1 of 6
[2023-03-25 18:45:35,943] {taskinstance.py:1070} INFO - 
--------------------------------------------------------------------------------
[2023-03-25 18:45:35,949] {taskinstance.py:1089} INFO - Executing <Task(PythonOperator): greet> on 2023-03-25T18:45:33.370007+00:00
[2023-03-25 18:45:35,955] {standard_task_runner.py:52} INFO - Started process 55 to run task
[2023-03-25 18:45:35,959] {standard_task_runner.py:76} INFO - Running: ['airflow', 'tasks', 'run', 'dag_python_operator_v3', 'greet', '2023-03-25T18:45:33.370007+00:00', '--job-id', '5', '--pool', 'default_pool', '--raw', '--subdir', 'DAGS_FOLDER/create_dag_with_python_operator.py', '--cfg-path', '/tmp/tmps6mj316_', '--error-file', '/tmp/tmp0ylp6uh_']
[2023-03-25 18:45:35,960] {standard_task_runner.py:77} INFO - Job 5: Subtask greet
[2023-03-25 18:45:35,997] {logging_mixin.py:104} INFO - Running <TaskInstance: dag_python_operator_v3.greet 2023-03-25T18:45:33.370007+00:00 [running]> on host 087d02d74a34
[2023-03-25 18:45:36,030] {taskinstance.py:1283} INFO - Exporting the following env vars:
AIRFLOW_CTX_DAG_OWNER=Mario
AIRFLOW_CTX_DAG_ID=dag_python_operator_v3
AIRFLOW_CTX_TASK_ID=greet
AIRFLOW_CTX_EXECUTION_DATE=2023-03-25T18:45:33.370007+00:00
AIRFLOW_CTX_DAG_RUN_ID=manual__2023-03-25T18:45:33.370007+00:00
[2023-03-25 18:45:36,039] {logging_mixin.py:104} INFO - Im Jerry, and Im 21 years old.
[2023-03-25 18:45:36,039] {python.py:118} INFO - Done. Returned value was: None
[2023-03-25 18:45:36,048] {taskinstance.py:1192} INFO - Marking task as SUCCESS. dag_id=dag_python_operator_v3, task_id=greet, execution_date=20230325T184533, start_date=20230325T184535, end_date=20230325T184536
[2023-03-25 18:45:36,068] {taskinstance.py:1246} INFO - 0 downstream tasks scheduled from follow-on schedule check
[2023-03-25 18:45:36,094] {local_task_job.py:146} INFO - Task exited with return code 0
