[2023-03-27 14:36:41,592] {scheduler_job.py:182} INFO - Started process (PID=36) to work on /opt/airflow/dags/create_dag_with_python_operator.py
[2023-03-27 14:36:41,611] {scheduler_job.py:629} INFO - Processing file /opt/airflow/dags/create_dag_with_python_operator.py for tasks to queue
[2023-03-27 14:36:41,659] {logging_mixin.py:104} INFO - [2023-03-27 14:36:41,619] {dagbag.py:451} INFO - Filling up the DagBag from /opt/airflow/dags/create_dag_with_python_operator.py
[2023-03-27 14:36:41,964] {scheduler_job.py:639} INFO - DAG(s) dict_keys(['dag_python_operator_v5']) retrieved from /opt/airflow/dags/create_dag_with_python_operator.py
[2023-03-27 14:36:42,111] {logging_mixin.py:104} INFO - [2023-03-27 14:36:42,111] {dag.py:1824} INFO - Sync 1 DAGs
[2023-03-27 14:36:42,192] {logging_mixin.py:104} INFO - [2023-03-27 14:36:42,192] {dag.py:2280} INFO - Setting next_dagrun for dag_python_operator_v5 to 2023-03-28 00:00:00+00:00
[2023-03-27 14:36:42,245] {scheduler_job.py:190} INFO - Processing /opt/airflow/dags/create_dag_with_python_operator.py took 0.689 seconds
[2023-03-27 14:37:14,736] {scheduler_job.py:182} INFO - Started process (PID=41) to work on /opt/airflow/dags/create_dag_with_python_operator.py
[2023-03-27 14:37:14,742] {scheduler_job.py:629} INFO - Processing file /opt/airflow/dags/create_dag_with_python_operator.py for tasks to queue
[2023-03-27 14:37:14,780] {logging_mixin.py:104} INFO - [2023-03-27 14:37:14,778] {dagbag.py:451} INFO - Filling up the DagBag from /opt/airflow/dags/create_dag_with_python_operator.py
[2023-03-27 14:37:15,188] {scheduler_job.py:639} INFO - DAG(s) dict_keys(['dag_python_operator_v5']) retrieved from /opt/airflow/dags/create_dag_with_python_operator.py
[2023-03-27 14:37:15,503] {logging_mixin.py:104} INFO - [2023-03-27 14:37:15,503] {dag.py:1824} INFO - Sync 1 DAGs
[2023-03-27 14:37:15,809] {logging_mixin.py:104} INFO - [2023-03-27 14:37:15,803] {dag.py:2280} INFO - Setting next_dagrun for dag_python_operator_v5 to 2023-03-28 00:00:00+00:00
[2023-03-27 14:37:15,893] {scheduler_job.py:190} INFO - Processing /opt/airflow/dags/create_dag_with_python_operator.py took 1.176 seconds
[2023-03-27 14:37:46,672] {scheduler_job.py:182} INFO - Started process (PID=45) to work on /opt/airflow/dags/create_dag_with_python_operator.py
[2023-03-27 14:37:46,678] {scheduler_job.py:629} INFO - Processing file /opt/airflow/dags/create_dag_with_python_operator.py for tasks to queue
[2023-03-27 14:37:46,682] {logging_mixin.py:104} INFO - [2023-03-27 14:37:46,681] {dagbag.py:451} INFO - Filling up the DagBag from /opt/airflow/dags/create_dag_with_python_operator.py
[2023-03-27 14:37:46,798] {scheduler_job.py:639} INFO - DAG(s) dict_keys(['dag_python_operator_v5']) retrieved from /opt/airflow/dags/create_dag_with_python_operator.py
[2023-03-27 14:37:46,969] {logging_mixin.py:104} INFO - [2023-03-27 14:37:46,968] {dag.py:1824} INFO - Sync 1 DAGs
[2023-03-27 14:37:47,144] {logging_mixin.py:104} INFO - [2023-03-27 14:37:47,144] {dag.py:2280} INFO - Setting next_dagrun for dag_python_operator_v5 to 2023-03-28 00:00:00+00:00
[2023-03-27 14:37:47,203] {scheduler_job.py:190} INFO - Processing /opt/airflow/dags/create_dag_with_python_operator.py took 0.542 seconds
[2023-03-27 14:38:17,430] {scheduler_job.py:182} INFO - Started process (PID=49) to work on /opt/airflow/dags/create_dag_with_python_operator.py
[2023-03-27 14:38:17,432] {scheduler_job.py:629} INFO - Processing file /opt/airflow/dags/create_dag_with_python_operator.py for tasks to queue
[2023-03-27 14:38:17,437] {logging_mixin.py:104} INFO - [2023-03-27 14:38:17,437] {dagbag.py:451} INFO - Filling up the DagBag from /opt/airflow/dags/create_dag_with_python_operator.py
[2023-03-27 14:38:17,568] {scheduler_job.py:639} INFO - DAG(s) dict_keys(['dag_python_operator_v5']) retrieved from /opt/airflow/dags/create_dag_with_python_operator.py
[2023-03-27 14:38:17,631] {logging_mixin.py:104} INFO - [2023-03-27 14:38:17,630] {dag.py:1824} INFO - Sync 1 DAGs
[2023-03-27 14:38:17,664] {logging_mixin.py:104} INFO - [2023-03-27 14:38:17,663] {dag.py:2280} INFO - Setting next_dagrun for dag_python_operator_v5 to 2023-03-28 00:00:00+00:00
[2023-03-27 14:38:17,684] {scheduler_job.py:190} INFO - Processing /opt/airflow/dags/create_dag_with_python_operator.py took 0.260 seconds
[2023-03-27 14:38:48,319] {scheduler_job.py:182} INFO - Started process (PID=53) to work on /opt/airflow/dags/create_dag_with_python_operator.py
[2023-03-27 14:38:48,321] {scheduler_job.py:629} INFO - Processing file /opt/airflow/dags/create_dag_with_python_operator.py for tasks to queue
[2023-03-27 14:38:48,323] {logging_mixin.py:104} INFO - [2023-03-27 14:38:48,323] {dagbag.py:451} INFO - Filling up the DagBag from /opt/airflow/dags/create_dag_with_python_operator.py
[2023-03-27 14:38:48,356] {scheduler_job.py:639} INFO - DAG(s) dict_keys(['dag_python_operator_v5']) retrieved from /opt/airflow/dags/create_dag_with_python_operator.py
[2023-03-27 14:38:48,391] {logging_mixin.py:104} INFO - [2023-03-27 14:38:48,391] {dag.py:1824} INFO - Sync 1 DAGs
[2023-03-27 14:38:48,409] {logging_mixin.py:104} INFO - [2023-03-27 14:38:48,409] {dag.py:2280} INFO - Setting next_dagrun for dag_python_operator_v5 to 2023-03-28 00:00:00+00:00
[2023-03-27 14:38:48,417] {scheduler_job.py:190} INFO - Processing /opt/airflow/dags/create_dag_with_python_operator.py took 0.103 seconds
[2023-03-27 14:39:19,714] {scheduler_job.py:182} INFO - Started process (PID=57) to work on /opt/airflow/dags/create_dag_with_python_operator.py
[2023-03-27 14:39:19,717] {scheduler_job.py:629} INFO - Processing file /opt/airflow/dags/create_dag_with_python_operator.py for tasks to queue
[2023-03-27 14:39:19,720] {logging_mixin.py:104} INFO - [2023-03-27 14:39:19,720] {dagbag.py:451} INFO - Filling up the DagBag from /opt/airflow/dags/create_dag_with_python_operator.py
[2023-03-27 14:39:19,790] {scheduler_job.py:639} INFO - DAG(s) dict_keys(['dag_python_operator_v5']) retrieved from /opt/airflow/dags/create_dag_with_python_operator.py
[2023-03-27 14:39:19,850] {logging_mixin.py:104} INFO - [2023-03-27 14:39:19,850] {dag.py:1824} INFO - Sync 1 DAGs
[2023-03-27 14:39:19,920] {logging_mixin.py:104} INFO - [2023-03-27 14:39:19,920] {dag.py:2280} INFO - Setting next_dagrun for dag_python_operator_v5 to 2023-03-28 00:00:00+00:00
[2023-03-27 14:39:19,974] {scheduler_job.py:190} INFO - Processing /opt/airflow/dags/create_dag_with_python_operator.py took 0.265 seconds
[2023-03-27 14:39:51,109] {scheduler_job.py:182} INFO - Started process (PID=61) to work on /opt/airflow/dags/create_dag_with_python_operator.py
[2023-03-27 14:39:51,113] {scheduler_job.py:629} INFO - Processing file /opt/airflow/dags/create_dag_with_python_operator.py for tasks to queue
[2023-03-27 14:39:51,116] {logging_mixin.py:104} INFO - [2023-03-27 14:39:51,115] {dagbag.py:451} INFO - Filling up the DagBag from /opt/airflow/dags/create_dag_with_python_operator.py
[2023-03-27 14:39:51,197] {scheduler_job.py:639} INFO - DAG(s) dict_keys(['dag_python_operator_v5']) retrieved from /opt/airflow/dags/create_dag_with_python_operator.py
[2023-03-27 14:39:51,276] {logging_mixin.py:104} INFO - [2023-03-27 14:39:51,276] {dag.py:1824} INFO - Sync 1 DAGs
[2023-03-27 14:39:51,303] {logging_mixin.py:104} INFO - [2023-03-27 14:39:51,303] {dag.py:2280} INFO - Setting next_dagrun for dag_python_operator_v5 to 2023-03-28 00:00:00+00:00
[2023-03-27 14:39:51,353] {scheduler_job.py:190} INFO - Processing /opt/airflow/dags/create_dag_with_python_operator.py took 0.255 seconds
[2023-03-27 14:40:21,599] {scheduler_job.py:182} INFO - Started process (PID=65) to work on /opt/airflow/dags/create_dag_with_python_operator.py
[2023-03-27 14:40:21,601] {scheduler_job.py:629} INFO - Processing file /opt/airflow/dags/create_dag_with_python_operator.py for tasks to queue
[2023-03-27 14:40:21,603] {logging_mixin.py:104} INFO - [2023-03-27 14:40:21,603] {dagbag.py:451} INFO - Filling up the DagBag from /opt/airflow/dags/create_dag_with_python_operator.py
[2023-03-27 14:40:21,668] {scheduler_job.py:639} INFO - DAG(s) dict_keys(['dag_python_operator_v5']) retrieved from /opt/airflow/dags/create_dag_with_python_operator.py
[2023-03-27 14:40:21,733] {logging_mixin.py:104} INFO - [2023-03-27 14:40:21,733] {dag.py:1824} INFO - Sync 1 DAGs
[2023-03-27 14:40:21,777] {logging_mixin.py:104} INFO - [2023-03-27 14:40:21,777] {dag.py:2280} INFO - Setting next_dagrun for dag_python_operator_v5 to 2023-03-28 00:00:00+00:00
[2023-03-27 14:40:21,794] {scheduler_job.py:190} INFO - Processing /opt/airflow/dags/create_dag_with_python_operator.py took 0.211 seconds
[2023-03-27 14:40:52,634] {scheduler_job.py:182} INFO - Started process (PID=69) to work on /opt/airflow/dags/create_dag_with_python_operator.py
[2023-03-27 14:40:52,636] {scheduler_job.py:629} INFO - Processing file /opt/airflow/dags/create_dag_with_python_operator.py for tasks to queue
[2023-03-27 14:40:52,637] {logging_mixin.py:104} INFO - [2023-03-27 14:40:52,636] {dagbag.py:451} INFO - Filling up the DagBag from /opt/airflow/dags/create_dag_with_python_operator.py
[2023-03-27 14:40:52,655] {scheduler_job.py:639} INFO - DAG(s) dict_keys(['dag_python_operator_v5']) retrieved from /opt/airflow/dags/create_dag_with_python_operator.py
[2023-03-27 14:40:52,687] {logging_mixin.py:104} INFO - [2023-03-27 14:40:52,687] {dag.py:1824} INFO - Sync 1 DAGs
[2023-03-27 14:40:52,707] {logging_mixin.py:104} INFO - [2023-03-27 14:40:52,707] {dag.py:2280} INFO - Setting next_dagrun for dag_python_operator_v5 to 2023-03-28 00:00:00+00:00
[2023-03-27 14:40:52,718] {scheduler_job.py:190} INFO - Processing /opt/airflow/dags/create_dag_with_python_operator.py took 0.086 seconds
[2023-03-27 14:41:23,537] {scheduler_job.py:182} INFO - Started process (PID=73) to work on /opt/airflow/dags/create_dag_with_python_operator.py
[2023-03-27 14:41:23,542] {scheduler_job.py:629} INFO - Processing file /opt/airflow/dags/create_dag_with_python_operator.py for tasks to queue
[2023-03-27 14:41:23,543] {logging_mixin.py:104} INFO - [2023-03-27 14:41:23,543] {dagbag.py:451} INFO - Filling up the DagBag from /opt/airflow/dags/create_dag_with_python_operator.py
[2023-03-27 14:41:23,577] {scheduler_job.py:639} INFO - DAG(s) dict_keys(['dag_python_operator_v5']) retrieved from /opt/airflow/dags/create_dag_with_python_operator.py
[2023-03-27 14:41:23,619] {logging_mixin.py:104} INFO - [2023-03-27 14:41:23,619] {dag.py:1824} INFO - Sync 1 DAGs
[2023-03-27 14:41:23,636] {logging_mixin.py:104} INFO - [2023-03-27 14:41:23,636] {dag.py:2280} INFO - Setting next_dagrun for dag_python_operator_v5 to 2023-03-28 00:00:00+00:00
[2023-03-27 14:41:23,647] {scheduler_job.py:190} INFO - Processing /opt/airflow/dags/create_dag_with_python_operator.py took 0.114 seconds
[2023-03-27 14:41:55,347] {scheduler_job.py:182} INFO - Started process (PID=77) to work on /opt/airflow/dags/create_dag_with_python_operator.py
[2023-03-27 14:41:55,351] {scheduler_job.py:629} INFO - Processing file /opt/airflow/dags/create_dag_with_python_operator.py for tasks to queue
[2023-03-27 14:41:55,353] {logging_mixin.py:104} INFO - [2023-03-27 14:41:55,353] {dagbag.py:451} INFO - Filling up the DagBag from /opt/airflow/dags/create_dag_with_python_operator.py
[2023-03-27 14:41:55,472] {scheduler_job.py:639} INFO - DAG(s) dict_keys(['dag_python_operator_v5']) retrieved from /opt/airflow/dags/create_dag_with_python_operator.py
[2023-03-27 14:41:55,637] {logging_mixin.py:104} INFO - [2023-03-27 14:41:55,637] {dag.py:1824} INFO - Sync 1 DAGs
[2023-03-27 14:41:55,679] {logging_mixin.py:104} INFO - [2023-03-27 14:41:55,678] {dag.py:2280} INFO - Setting next_dagrun for dag_python_operator_v5 to 2023-03-28 00:00:00+00:00
[2023-03-27 14:41:55,713] {scheduler_job.py:190} INFO - Processing /opt/airflow/dags/create_dag_with_python_operator.py took 0.387 seconds
[2023-03-27 14:42:27,213] {scheduler_job.py:182} INFO - Started process (PID=81) to work on /opt/airflow/dags/create_dag_with_python_operator.py
[2023-03-27 14:42:27,217] {scheduler_job.py:629} INFO - Processing file /opt/airflow/dags/create_dag_with_python_operator.py for tasks to queue
[2023-03-27 14:42:27,220] {logging_mixin.py:104} INFO - [2023-03-27 14:42:27,219] {dagbag.py:451} INFO - Filling up the DagBag from /opt/airflow/dags/create_dag_with_python_operator.py
[2023-03-27 14:42:27,277] {scheduler_job.py:639} INFO - DAG(s) dict_keys(['dag_python_operator_v5']) retrieved from /opt/airflow/dags/create_dag_with_python_operator.py
[2023-03-27 14:42:27,313] {logging_mixin.py:104} INFO - [2023-03-27 14:42:27,313] {dag.py:1824} INFO - Sync 1 DAGs
[2023-03-27 14:42:27,343] {logging_mixin.py:104} INFO - [2023-03-27 14:42:27,343] {dag.py:2280} INFO - Setting next_dagrun for dag_python_operator_v5 to 2023-03-28 00:00:00+00:00
[2023-03-27 14:42:27,356] {scheduler_job.py:190} INFO - Processing /opt/airflow/dags/create_dag_with_python_operator.py took 0.149 seconds
[2023-03-27 14:42:57,905] {scheduler_job.py:182} INFO - Started process (PID=85) to work on /opt/airflow/dags/create_dag_with_python_operator.py
[2023-03-27 14:42:57,906] {scheduler_job.py:629} INFO - Processing file /opt/airflow/dags/create_dag_with_python_operator.py for tasks to queue
[2023-03-27 14:42:57,907] {logging_mixin.py:104} INFO - [2023-03-27 14:42:57,907] {dagbag.py:451} INFO - Filling up the DagBag from /opt/airflow/dags/create_dag_with_python_operator.py
[2023-03-27 14:42:57,927] {scheduler_job.py:639} INFO - DAG(s) dict_keys(['dag_python_operator_v5']) retrieved from /opt/airflow/dags/create_dag_with_python_operator.py
[2023-03-27 14:42:57,948] {logging_mixin.py:104} INFO - [2023-03-27 14:42:57,948] {dag.py:1824} INFO - Sync 1 DAGs
[2023-03-27 14:42:57,962] {logging_mixin.py:104} INFO - [2023-03-27 14:42:57,962] {dag.py:2280} INFO - Setting next_dagrun for dag_python_operator_v5 to 2023-03-28 00:00:00+00:00
[2023-03-27 14:42:57,969] {scheduler_job.py:190} INFO - Processing /opt/airflow/dags/create_dag_with_python_operator.py took 0.067 seconds
[2023-03-27 14:43:28,575] {scheduler_job.py:182} INFO - Started process (PID=89) to work on /opt/airflow/dags/create_dag_with_python_operator.py
[2023-03-27 14:43:28,577] {scheduler_job.py:629} INFO - Processing file /opt/airflow/dags/create_dag_with_python_operator.py for tasks to queue
[2023-03-27 14:43:28,578] {logging_mixin.py:104} INFO - [2023-03-27 14:43:28,578] {dagbag.py:451} INFO - Filling up the DagBag from /opt/airflow/dags/create_dag_with_python_operator.py
[2023-03-27 14:43:28,600] {scheduler_job.py:639} INFO - DAG(s) dict_keys(['dag_python_operator_v5']) retrieved from /opt/airflow/dags/create_dag_with_python_operator.py
[2023-03-27 14:43:28,624] {logging_mixin.py:104} INFO - [2023-03-27 14:43:28,624] {dag.py:1824} INFO - Sync 1 DAGs
[2023-03-27 14:43:28,638] {logging_mixin.py:104} INFO - [2023-03-27 14:43:28,637] {dag.py:2280} INFO - Setting next_dagrun for dag_python_operator_v5 to 2023-03-28 00:00:00+00:00
[2023-03-27 14:43:28,649] {scheduler_job.py:190} INFO - Processing /opt/airflow/dags/create_dag_with_python_operator.py took 0.077 seconds
[2023-03-27 14:43:59,234] {scheduler_job.py:182} INFO - Started process (PID=93) to work on /opt/airflow/dags/create_dag_with_python_operator.py
[2023-03-27 14:43:59,236] {scheduler_job.py:629} INFO - Processing file /opt/airflow/dags/create_dag_with_python_operator.py for tasks to queue
[2023-03-27 14:43:59,236] {logging_mixin.py:104} INFO - [2023-03-27 14:43:59,236] {dagbag.py:451} INFO - Filling up the DagBag from /opt/airflow/dags/create_dag_with_python_operator.py
[2023-03-27 14:43:59,256] {scheduler_job.py:639} INFO - DAG(s) dict_keys(['dag_python_operator_v5']) retrieved from /opt/airflow/dags/create_dag_with_python_operator.py
[2023-03-27 14:43:59,276] {logging_mixin.py:104} INFO - [2023-03-27 14:43:59,276] {dag.py:1824} INFO - Sync 1 DAGs
[2023-03-27 14:43:59,289] {logging_mixin.py:104} INFO - [2023-03-27 14:43:59,289] {dag.py:2280} INFO - Setting next_dagrun for dag_python_operator_v5 to 2023-03-28 00:00:00+00:00
[2023-03-27 14:43:59,296] {scheduler_job.py:190} INFO - Processing /opt/airflow/dags/create_dag_with_python_operator.py took 0.066 seconds
[2023-03-27 14:44:29,921] {scheduler_job.py:182} INFO - Started process (PID=97) to work on /opt/airflow/dags/create_dag_with_python_operator.py
[2023-03-27 14:44:29,923] {scheduler_job.py:629} INFO - Processing file /opt/airflow/dags/create_dag_with_python_operator.py for tasks to queue
[2023-03-27 14:44:29,924] {logging_mixin.py:104} INFO - [2023-03-27 14:44:29,924] {dagbag.py:451} INFO - Filling up the DagBag from /opt/airflow/dags/create_dag_with_python_operator.py
[2023-03-27 14:44:29,943] {scheduler_job.py:639} INFO - DAG(s) dict_keys(['dag_python_operator_v5']) retrieved from /opt/airflow/dags/create_dag_with_python_operator.py
[2023-03-27 14:44:29,964] {logging_mixin.py:104} INFO - [2023-03-27 14:44:29,963] {dag.py:1824} INFO - Sync 1 DAGs
[2023-03-27 14:44:29,978] {logging_mixin.py:104} INFO - [2023-03-27 14:44:29,978] {dag.py:2280} INFO - Setting next_dagrun for dag_python_operator_v5 to 2023-03-28 00:00:00+00:00
[2023-03-27 14:44:29,985] {scheduler_job.py:190} INFO - Processing /opt/airflow/dags/create_dag_with_python_operator.py took 0.067 seconds
[2023-03-27 14:45:00,525] {scheduler_job.py:182} INFO - Started process (PID=101) to work on /opt/airflow/dags/create_dag_with_python_operator.py
[2023-03-27 14:45:00,526] {scheduler_job.py:629} INFO - Processing file /opt/airflow/dags/create_dag_with_python_operator.py for tasks to queue
[2023-03-27 14:45:00,527] {logging_mixin.py:104} INFO - [2023-03-27 14:45:00,527] {dagbag.py:451} INFO - Filling up the DagBag from /opt/airflow/dags/create_dag_with_python_operator.py
[2023-03-27 14:45:00,547] {scheduler_job.py:639} INFO - DAG(s) dict_keys(['dag_python_operator_v5']) retrieved from /opt/airflow/dags/create_dag_with_python_operator.py
[2023-03-27 14:45:00,571] {logging_mixin.py:104} INFO - [2023-03-27 14:45:00,571] {dag.py:1824} INFO - Sync 1 DAGs
[2023-03-27 14:45:00,585] {logging_mixin.py:104} INFO - [2023-03-27 14:45:00,585] {dag.py:2280} INFO - Setting next_dagrun for dag_python_operator_v5 to 2023-03-28 00:00:00+00:00
[2023-03-27 14:45:00,594] {scheduler_job.py:190} INFO - Processing /opt/airflow/dags/create_dag_with_python_operator.py took 0.072 seconds
[2023-03-27 14:45:31,103] {scheduler_job.py:182} INFO - Started process (PID=105) to work on /opt/airflow/dags/create_dag_with_python_operator.py
[2023-03-27 14:45:31,109] {scheduler_job.py:629} INFO - Processing file /opt/airflow/dags/create_dag_with_python_operator.py for tasks to queue
[2023-03-27 14:45:31,110] {logging_mixin.py:104} INFO - [2023-03-27 14:45:31,110] {dagbag.py:451} INFO - Filling up the DagBag from /opt/airflow/dags/create_dag_with_python_operator.py
[2023-03-27 14:45:31,124] {scheduler_job.py:639} INFO - DAG(s) dict_keys(['dag_python_operator_v5']) retrieved from /opt/airflow/dags/create_dag_with_python_operator.py
[2023-03-27 14:45:31,149] {logging_mixin.py:104} INFO - [2023-03-27 14:45:31,149] {dag.py:1824} INFO - Sync 1 DAGs
[2023-03-27 14:45:31,162] {logging_mixin.py:104} INFO - [2023-03-27 14:45:31,162] {dag.py:2280} INFO - Setting next_dagrun for dag_python_operator_v5 to 2023-03-28 00:00:00+00:00
[2023-03-27 14:45:31,173] {scheduler_job.py:190} INFO - Processing /opt/airflow/dags/create_dag_with_python_operator.py took 0.073 seconds
[2023-03-27 14:46:01,804] {scheduler_job.py:182} INFO - Started process (PID=109) to work on /opt/airflow/dags/create_dag_with_python_operator.py
[2023-03-27 14:46:01,805] {scheduler_job.py:629} INFO - Processing file /opt/airflow/dags/create_dag_with_python_operator.py for tasks to queue
[2023-03-27 14:46:01,806] {logging_mixin.py:104} INFO - [2023-03-27 14:46:01,806] {dagbag.py:451} INFO - Filling up the DagBag from /opt/airflow/dags/create_dag_with_python_operator.py
[2023-03-27 14:46:01,822] {scheduler_job.py:639} INFO - DAG(s) dict_keys(['dag_python_operator_v5']) retrieved from /opt/airflow/dags/create_dag_with_python_operator.py
[2023-03-27 14:46:01,845] {logging_mixin.py:104} INFO - [2023-03-27 14:46:01,845] {dag.py:1824} INFO - Sync 1 DAGs
[2023-03-27 14:46:01,864] {logging_mixin.py:104} INFO - [2023-03-27 14:46:01,864] {dag.py:2280} INFO - Setting next_dagrun for dag_python_operator_v5 to 2023-03-28 00:00:00+00:00
[2023-03-27 14:46:01,874] {scheduler_job.py:190} INFO - Processing /opt/airflow/dags/create_dag_with_python_operator.py took 0.073 seconds
[2023-03-27 14:46:32,365] {scheduler_job.py:182} INFO - Started process (PID=113) to work on /opt/airflow/dags/create_dag_with_python_operator.py
[2023-03-27 14:46:32,369] {scheduler_job.py:629} INFO - Processing file /opt/airflow/dags/create_dag_with_python_operator.py for tasks to queue
[2023-03-27 14:46:32,370] {logging_mixin.py:104} INFO - [2023-03-27 14:46:32,370] {dagbag.py:451} INFO - Filling up the DagBag from /opt/airflow/dags/create_dag_with_python_operator.py
[2023-03-27 14:46:32,389] {scheduler_job.py:639} INFO - DAG(s) dict_keys(['dag_python_operator_v5']) retrieved from /opt/airflow/dags/create_dag_with_python_operator.py
[2023-03-27 14:46:32,413] {logging_mixin.py:104} INFO - [2023-03-27 14:46:32,413] {dag.py:1824} INFO - Sync 1 DAGs
[2023-03-27 14:46:32,427] {logging_mixin.py:104} INFO - [2023-03-27 14:46:32,427] {dag.py:2280} INFO - Setting next_dagrun for dag_python_operator_v5 to 2023-03-28 00:00:00+00:00
[2023-03-27 14:46:32,435] {scheduler_job.py:190} INFO - Processing /opt/airflow/dags/create_dag_with_python_operator.py took 0.077 seconds
[2023-03-27 14:47:03,034] {scheduler_job.py:182} INFO - Started process (PID=117) to work on /opt/airflow/dags/create_dag_with_python_operator.py
[2023-03-27 14:47:03,036] {scheduler_job.py:629} INFO - Processing file /opt/airflow/dags/create_dag_with_python_operator.py for tasks to queue
[2023-03-27 14:47:03,038] {logging_mixin.py:104} INFO - [2023-03-27 14:47:03,038] {dagbag.py:451} INFO - Filling up the DagBag from /opt/airflow/dags/create_dag_with_python_operator.py
[2023-03-27 14:47:03,062] {scheduler_job.py:639} INFO - DAG(s) dict_keys(['dag_python_operator_v5']) retrieved from /opt/airflow/dags/create_dag_with_python_operator.py
[2023-03-27 14:47:03,086] {logging_mixin.py:104} INFO - [2023-03-27 14:47:03,086] {dag.py:1824} INFO - Sync 1 DAGs
[2023-03-27 14:47:03,100] {logging_mixin.py:104} INFO - [2023-03-27 14:47:03,100] {dag.py:2280} INFO - Setting next_dagrun for dag_python_operator_v5 to 2023-03-28 00:00:00+00:00
[2023-03-27 14:47:03,108] {scheduler_job.py:190} INFO - Processing /opt/airflow/dags/create_dag_with_python_operator.py took 0.078 seconds
[2023-03-27 14:47:33,669] {scheduler_job.py:182} INFO - Started process (PID=121) to work on /opt/airflow/dags/create_dag_with_python_operator.py
[2023-03-27 14:47:33,671] {scheduler_job.py:629} INFO - Processing file /opt/airflow/dags/create_dag_with_python_operator.py for tasks to queue
[2023-03-27 14:47:33,672] {logging_mixin.py:104} INFO - [2023-03-27 14:47:33,672] {dagbag.py:451} INFO - Filling up the DagBag from /opt/airflow/dags/create_dag_with_python_operator.py
[2023-03-27 14:47:33,696] {scheduler_job.py:639} INFO - DAG(s) dict_keys(['dag_python_operator_v5']) retrieved from /opt/airflow/dags/create_dag_with_python_operator.py
[2023-03-27 14:47:33,718] {logging_mixin.py:104} INFO - [2023-03-27 14:47:33,718] {dag.py:1824} INFO - Sync 1 DAGs
[2023-03-27 14:47:33,731] {logging_mixin.py:104} INFO - [2023-03-27 14:47:33,731] {dag.py:2280} INFO - Setting next_dagrun for dag_python_operator_v5 to 2023-03-28 00:00:00+00:00
[2023-03-27 14:47:33,738] {scheduler_job.py:190} INFO - Processing /opt/airflow/dags/create_dag_with_python_operator.py took 0.072 seconds
[2023-03-27 14:48:04,393] {scheduler_job.py:182} INFO - Started process (PID=125) to work on /opt/airflow/dags/create_dag_with_python_operator.py
[2023-03-27 14:48:04,394] {scheduler_job.py:629} INFO - Processing file /opt/airflow/dags/create_dag_with_python_operator.py for tasks to queue
[2023-03-27 14:48:04,395] {logging_mixin.py:104} INFO - [2023-03-27 14:48:04,395] {dagbag.py:451} INFO - Filling up the DagBag from /opt/airflow/dags/create_dag_with_python_operator.py
[2023-03-27 14:48:04,424] {scheduler_job.py:639} INFO - DAG(s) dict_keys(['dag_python_operator_v5']) retrieved from /opt/airflow/dags/create_dag_with_python_operator.py
[2023-03-27 14:48:04,449] {logging_mixin.py:104} INFO - [2023-03-27 14:48:04,449] {dag.py:1824} INFO - Sync 1 DAGs
[2023-03-27 14:48:04,463] {logging_mixin.py:104} INFO - [2023-03-27 14:48:04,463] {dag.py:2280} INFO - Setting next_dagrun for dag_python_operator_v5 to 2023-03-28 00:00:00+00:00
[2023-03-27 14:48:04,475] {scheduler_job.py:190} INFO - Processing /opt/airflow/dags/create_dag_with_python_operator.py took 0.085 seconds
[2023-03-27 14:48:35,083] {scheduler_job.py:182} INFO - Started process (PID=129) to work on /opt/airflow/dags/create_dag_with_python_operator.py
[2023-03-27 14:48:35,085] {scheduler_job.py:629} INFO - Processing file /opt/airflow/dags/create_dag_with_python_operator.py for tasks to queue
[2023-03-27 14:48:35,086] {logging_mixin.py:104} INFO - [2023-03-27 14:48:35,086] {dagbag.py:451} INFO - Filling up the DagBag from /opt/airflow/dags/create_dag_with_python_operator.py
[2023-03-27 14:48:35,101] {scheduler_job.py:639} INFO - DAG(s) dict_keys(['dag_python_operator_v5']) retrieved from /opt/airflow/dags/create_dag_with_python_operator.py
[2023-03-27 14:48:35,123] {logging_mixin.py:104} INFO - [2023-03-27 14:48:35,123] {dag.py:1824} INFO - Sync 1 DAGs
[2023-03-27 14:48:35,136] {logging_mixin.py:104} INFO - [2023-03-27 14:48:35,136] {dag.py:2280} INFO - Setting next_dagrun for dag_python_operator_v5 to 2023-03-28 00:00:00+00:00
[2023-03-27 14:48:35,143] {scheduler_job.py:190} INFO - Processing /opt/airflow/dags/create_dag_with_python_operator.py took 0.064 seconds
[2023-03-27 14:49:05,812] {scheduler_job.py:182} INFO - Started process (PID=133) to work on /opt/airflow/dags/create_dag_with_python_operator.py
[2023-03-27 14:49:05,814] {scheduler_job.py:629} INFO - Processing file /opt/airflow/dags/create_dag_with_python_operator.py for tasks to queue
[2023-03-27 14:49:05,815] {logging_mixin.py:104} INFO - [2023-03-27 14:49:05,815] {dagbag.py:451} INFO - Filling up the DagBag from /opt/airflow/dags/create_dag_with_python_operator.py
[2023-03-27 14:49:05,835] {scheduler_job.py:639} INFO - DAG(s) dict_keys(['dag_python_operator_v5']) retrieved from /opt/airflow/dags/create_dag_with_python_operator.py
[2023-03-27 14:49:05,859] {logging_mixin.py:104} INFO - [2023-03-27 14:49:05,859] {dag.py:1824} INFO - Sync 1 DAGs
[2023-03-27 14:49:05,873] {logging_mixin.py:104} INFO - [2023-03-27 14:49:05,873] {dag.py:2280} INFO - Setting next_dagrun for dag_python_operator_v5 to 2023-03-28 00:00:00+00:00
[2023-03-27 14:49:05,881] {scheduler_job.py:190} INFO - Processing /opt/airflow/dags/create_dag_with_python_operator.py took 0.073 seconds
[2023-03-27 14:49:36,589] {scheduler_job.py:182} INFO - Started process (PID=137) to work on /opt/airflow/dags/create_dag_with_python_operator.py
[2023-03-27 14:49:36,591] {scheduler_job.py:629} INFO - Processing file /opt/airflow/dags/create_dag_with_python_operator.py for tasks to queue
[2023-03-27 14:49:36,592] {logging_mixin.py:104} INFO - [2023-03-27 14:49:36,592] {dagbag.py:451} INFO - Filling up the DagBag from /opt/airflow/dags/create_dag_with_python_operator.py
[2023-03-27 14:49:36,612] {scheduler_job.py:639} INFO - DAG(s) dict_keys(['dag_python_operator_v5']) retrieved from /opt/airflow/dags/create_dag_with_python_operator.py
[2023-03-27 14:49:36,639] {logging_mixin.py:104} INFO - [2023-03-27 14:49:36,639] {dag.py:1824} INFO - Sync 1 DAGs
[2023-03-27 14:49:36,655] {logging_mixin.py:104} INFO - [2023-03-27 14:49:36,655] {dag.py:2280} INFO - Setting next_dagrun for dag_python_operator_v5 to 2023-03-28 00:00:00+00:00
[2023-03-27 14:49:36,664] {scheduler_job.py:190} INFO - Processing /opt/airflow/dags/create_dag_with_python_operator.py took 0.078 seconds
[2023-03-27 14:50:07,245] {scheduler_job.py:182} INFO - Started process (PID=141) to work on /opt/airflow/dags/create_dag_with_python_operator.py
[2023-03-27 14:50:07,246] {scheduler_job.py:629} INFO - Processing file /opt/airflow/dags/create_dag_with_python_operator.py for tasks to queue
[2023-03-27 14:50:07,247] {logging_mixin.py:104} INFO - [2023-03-27 14:50:07,247] {dagbag.py:451} INFO - Filling up the DagBag from /opt/airflow/dags/create_dag_with_python_operator.py
[2023-03-27 14:50:07,265] {scheduler_job.py:639} INFO - DAG(s) dict_keys(['dag_python_operator_v5']) retrieved from /opt/airflow/dags/create_dag_with_python_operator.py
[2023-03-27 14:50:07,365] {logging_mixin.py:104} INFO - [2023-03-27 14:50:07,364] {dag.py:1824} INFO - Sync 1 DAGs
[2023-03-27 14:50:07,387] {logging_mixin.py:104} INFO - [2023-03-27 14:50:07,387] {dag.py:2280} INFO - Setting next_dagrun for dag_python_operator_v5 to 2023-03-28 00:00:00+00:00
[2023-03-27 14:50:07,396] {scheduler_job.py:190} INFO - Processing /opt/airflow/dags/create_dag_with_python_operator.py took 0.154 seconds
[2023-03-27 14:50:37,989] {scheduler_job.py:182} INFO - Started process (PID=145) to work on /opt/airflow/dags/create_dag_with_python_operator.py
[2023-03-27 14:50:37,990] {scheduler_job.py:629} INFO - Processing file /opt/airflow/dags/create_dag_with_python_operator.py for tasks to queue
[2023-03-27 14:50:37,991] {logging_mixin.py:104} INFO - [2023-03-27 14:50:37,991] {dagbag.py:451} INFO - Filling up the DagBag from /opt/airflow/dags/create_dag_with_python_operator.py
[2023-03-27 14:50:38,006] {scheduler_job.py:639} INFO - DAG(s) dict_keys(['dag_python_operator_v5']) retrieved from /opt/airflow/dags/create_dag_with_python_operator.py
[2023-03-27 14:50:38,027] {logging_mixin.py:104} INFO - [2023-03-27 14:50:38,027] {dag.py:1824} INFO - Sync 1 DAGs
[2023-03-27 14:50:38,042] {logging_mixin.py:104} INFO - [2023-03-27 14:50:38,042] {dag.py:2280} INFO - Setting next_dagrun for dag_python_operator_v5 to 2023-03-28 00:00:00+00:00
[2023-03-27 14:50:38,054] {scheduler_job.py:190} INFO - Processing /opt/airflow/dags/create_dag_with_python_operator.py took 0.068 seconds
[2023-03-27 14:51:08,705] {scheduler_job.py:182} INFO - Started process (PID=149) to work on /opt/airflow/dags/create_dag_with_python_operator.py
[2023-03-27 14:51:08,706] {scheduler_job.py:629} INFO - Processing file /opt/airflow/dags/create_dag_with_python_operator.py for tasks to queue
[2023-03-27 14:51:08,707] {logging_mixin.py:104} INFO - [2023-03-27 14:51:08,707] {dagbag.py:451} INFO - Filling up the DagBag from /opt/airflow/dags/create_dag_with_python_operator.py
[2023-03-27 14:51:08,725] {scheduler_job.py:639} INFO - DAG(s) dict_keys(['dag_python_operator_v5']) retrieved from /opt/airflow/dags/create_dag_with_python_operator.py
[2023-03-27 14:51:08,753] {logging_mixin.py:104} INFO - [2023-03-27 14:51:08,753] {dag.py:1824} INFO - Sync 1 DAGs
[2023-03-27 14:51:08,772] {logging_mixin.py:104} INFO - [2023-03-27 14:51:08,772] {dag.py:2280} INFO - Setting next_dagrun for dag_python_operator_v5 to 2023-03-28 00:00:00+00:00
[2023-03-27 14:51:08,781] {scheduler_job.py:190} INFO - Processing /opt/airflow/dags/create_dag_with_python_operator.py took 0.079 seconds
[2023-03-27 14:51:39,320] {scheduler_job.py:182} INFO - Started process (PID=153) to work on /opt/airflow/dags/create_dag_with_python_operator.py
[2023-03-27 14:51:39,322] {scheduler_job.py:629} INFO - Processing file /opt/airflow/dags/create_dag_with_python_operator.py for tasks to queue
[2023-03-27 14:51:39,322] {logging_mixin.py:104} INFO - [2023-03-27 14:51:39,322] {dagbag.py:451} INFO - Filling up the DagBag from /opt/airflow/dags/create_dag_with_python_operator.py
[2023-03-27 14:51:39,339] {scheduler_job.py:639} INFO - DAG(s) dict_keys(['dag_python_operator_v5']) retrieved from /opt/airflow/dags/create_dag_with_python_operator.py
[2023-03-27 14:51:39,362] {logging_mixin.py:104} INFO - [2023-03-27 14:51:39,362] {dag.py:1824} INFO - Sync 1 DAGs
[2023-03-27 14:51:39,376] {logging_mixin.py:104} INFO - [2023-03-27 14:51:39,376] {dag.py:2280} INFO - Setting next_dagrun for dag_python_operator_v5 to 2023-03-28 00:00:00+00:00
[2023-03-27 14:51:39,389] {scheduler_job.py:190} INFO - Processing /opt/airflow/dags/create_dag_with_python_operator.py took 0.071 seconds
[2023-03-27 14:52:10,093] {scheduler_job.py:182} INFO - Started process (PID=157) to work on /opt/airflow/dags/create_dag_with_python_operator.py
[2023-03-27 14:52:10,097] {scheduler_job.py:629} INFO - Processing file /opt/airflow/dags/create_dag_with_python_operator.py for tasks to queue
[2023-03-27 14:52:10,098] {logging_mixin.py:104} INFO - [2023-03-27 14:52:10,098] {dagbag.py:451} INFO - Filling up the DagBag from /opt/airflow/dags/create_dag_with_python_operator.py
[2023-03-27 14:52:10,115] {scheduler_job.py:639} INFO - DAG(s) dict_keys(['dag_python_operator_v5']) retrieved from /opt/airflow/dags/create_dag_with_python_operator.py
[2023-03-27 14:52:10,138] {logging_mixin.py:104} INFO - [2023-03-27 14:52:10,138] {dag.py:1824} INFO - Sync 1 DAGs
[2023-03-27 14:52:10,152] {logging_mixin.py:104} INFO - [2023-03-27 14:52:10,151] {dag.py:2280} INFO - Setting next_dagrun for dag_python_operator_v5 to 2023-03-28 00:00:00+00:00
[2023-03-27 14:52:10,159] {scheduler_job.py:190} INFO - Processing /opt/airflow/dags/create_dag_with_python_operator.py took 0.070 seconds
[2023-03-27 14:52:40,832] {scheduler_job.py:182} INFO - Started process (PID=161) to work on /opt/airflow/dags/create_dag_with_python_operator.py
[2023-03-27 14:52:40,833] {scheduler_job.py:629} INFO - Processing file /opt/airflow/dags/create_dag_with_python_operator.py for tasks to queue
[2023-03-27 14:52:40,834] {logging_mixin.py:104} INFO - [2023-03-27 14:52:40,834] {dagbag.py:451} INFO - Filling up the DagBag from /opt/airflow/dags/create_dag_with_python_operator.py
[2023-03-27 14:52:40,851] {scheduler_job.py:639} INFO - DAG(s) dict_keys(['dag_python_operator_v5']) retrieved from /opt/airflow/dags/create_dag_with_python_operator.py
[2023-03-27 14:52:40,873] {logging_mixin.py:104} INFO - [2023-03-27 14:52:40,873] {dag.py:1824} INFO - Sync 1 DAGs
[2023-03-27 14:52:40,886] {logging_mixin.py:104} INFO - [2023-03-27 14:52:40,886] {dag.py:2280} INFO - Setting next_dagrun for dag_python_operator_v5 to 2023-03-28 00:00:00+00:00
[2023-03-27 14:52:40,893] {scheduler_job.py:190} INFO - Processing /opt/airflow/dags/create_dag_with_python_operator.py took 0.065 seconds
[2023-03-27 14:53:11,480] {scheduler_job.py:182} INFO - Started process (PID=165) to work on /opt/airflow/dags/create_dag_with_python_operator.py
[2023-03-27 14:53:11,482] {scheduler_job.py:629} INFO - Processing file /opt/airflow/dags/create_dag_with_python_operator.py for tasks to queue
[2023-03-27 14:53:11,483] {logging_mixin.py:104} INFO - [2023-03-27 14:53:11,483] {dagbag.py:451} INFO - Filling up the DagBag from /opt/airflow/dags/create_dag_with_python_operator.py
[2023-03-27 14:53:11,500] {scheduler_job.py:639} INFO - DAG(s) dict_keys(['dag_python_operator_v5']) retrieved from /opt/airflow/dags/create_dag_with_python_operator.py
[2023-03-27 14:53:11,524] {logging_mixin.py:104} INFO - [2023-03-27 14:53:11,524] {dag.py:1824} INFO - Sync 1 DAGs
[2023-03-27 14:53:11,539] {logging_mixin.py:104} INFO - [2023-03-27 14:53:11,539] {dag.py:2280} INFO - Setting next_dagrun for dag_python_operator_v5 to 2023-03-28 00:00:00+00:00
[2023-03-27 14:53:11,547] {scheduler_job.py:190} INFO - Processing /opt/airflow/dags/create_dag_with_python_operator.py took 0.070 seconds
[2023-03-27 14:53:42,078] {scheduler_job.py:182} INFO - Started process (PID=169) to work on /opt/airflow/dags/create_dag_with_python_operator.py
[2023-03-27 14:53:42,080] {scheduler_job.py:629} INFO - Processing file /opt/airflow/dags/create_dag_with_python_operator.py for tasks to queue
[2023-03-27 14:53:42,081] {logging_mixin.py:104} INFO - [2023-03-27 14:53:42,081] {dagbag.py:451} INFO - Filling up the DagBag from /opt/airflow/dags/create_dag_with_python_operator.py
[2023-03-27 14:53:42,099] {scheduler_job.py:639} INFO - DAG(s) dict_keys(['dag_python_operator_v5']) retrieved from /opt/airflow/dags/create_dag_with_python_operator.py
[2023-03-27 14:53:42,123] {logging_mixin.py:104} INFO - [2023-03-27 14:53:42,123] {dag.py:1824} INFO - Sync 1 DAGs
[2023-03-27 14:53:42,137] {logging_mixin.py:104} INFO - [2023-03-27 14:53:42,137] {dag.py:2280} INFO - Setting next_dagrun for dag_python_operator_v5 to 2023-03-28 00:00:00+00:00
[2023-03-27 14:53:42,144] {scheduler_job.py:190} INFO - Processing /opt/airflow/dags/create_dag_with_python_operator.py took 0.069 seconds
[2023-03-27 14:54:12,675] {scheduler_job.py:182} INFO - Started process (PID=173) to work on /opt/airflow/dags/create_dag_with_python_operator.py
[2023-03-27 14:54:12,681] {scheduler_job.py:629} INFO - Processing file /opt/airflow/dags/create_dag_with_python_operator.py for tasks to queue
[2023-03-27 14:54:12,683] {logging_mixin.py:104} INFO - [2023-03-27 14:54:12,683] {dagbag.py:451} INFO - Filling up the DagBag from /opt/airflow/dags/create_dag_with_python_operator.py
[2023-03-27 14:54:12,703] {scheduler_job.py:639} INFO - DAG(s) dict_keys(['dag_python_operator_v5']) retrieved from /opt/airflow/dags/create_dag_with_python_operator.py
[2023-03-27 14:54:12,726] {logging_mixin.py:104} INFO - [2023-03-27 14:54:12,725] {dag.py:1824} INFO - Sync 1 DAGs
[2023-03-27 14:54:12,739] {logging_mixin.py:104} INFO - [2023-03-27 14:54:12,738] {dag.py:2280} INFO - Setting next_dagrun for dag_python_operator_v5 to 2023-03-28 00:00:00+00:00
[2023-03-27 14:54:12,746] {scheduler_job.py:190} INFO - Processing /opt/airflow/dags/create_dag_with_python_operator.py took 0.075 seconds
[2023-03-27 14:54:43,241] {scheduler_job.py:182} INFO - Started process (PID=177) to work on /opt/airflow/dags/create_dag_with_python_operator.py
[2023-03-27 14:54:43,242] {scheduler_job.py:629} INFO - Processing file /opt/airflow/dags/create_dag_with_python_operator.py for tasks to queue
[2023-03-27 14:54:43,243] {logging_mixin.py:104} INFO - [2023-03-27 14:54:43,243] {dagbag.py:451} INFO - Filling up the DagBag from /opt/airflow/dags/create_dag_with_python_operator.py
[2023-03-27 14:54:43,263] {scheduler_job.py:639} INFO - DAG(s) dict_keys(['dag_python_operator_v5']) retrieved from /opt/airflow/dags/create_dag_with_python_operator.py
[2023-03-27 14:54:43,285] {logging_mixin.py:104} INFO - [2023-03-27 14:54:43,285] {dag.py:1824} INFO - Sync 1 DAGs
[2023-03-27 14:54:43,301] {logging_mixin.py:104} INFO - [2023-03-27 14:54:43,301] {dag.py:2280} INFO - Setting next_dagrun for dag_python_operator_v5 to 2023-03-28 00:00:00+00:00
[2023-03-27 14:54:43,309] {scheduler_job.py:190} INFO - Processing /opt/airflow/dags/create_dag_with_python_operator.py took 0.071 seconds
[2023-03-27 14:55:13,846] {scheduler_job.py:182} INFO - Started process (PID=181) to work on /opt/airflow/dags/create_dag_with_python_operator.py
[2023-03-27 14:55:13,848] {scheduler_job.py:629} INFO - Processing file /opt/airflow/dags/create_dag_with_python_operator.py for tasks to queue
[2023-03-27 14:55:13,849] {logging_mixin.py:104} INFO - [2023-03-27 14:55:13,849] {dagbag.py:451} INFO - Filling up the DagBag from /opt/airflow/dags/create_dag_with_python_operator.py
[2023-03-27 14:55:13,874] {scheduler_job.py:639} INFO - DAG(s) dict_keys(['dag_python_operator_v5']) retrieved from /opt/airflow/dags/create_dag_with_python_operator.py
[2023-03-27 14:55:13,898] {logging_mixin.py:104} INFO - [2023-03-27 14:55:13,898] {dag.py:1824} INFO - Sync 1 DAGs
[2023-03-27 14:55:13,912] {logging_mixin.py:104} INFO - [2023-03-27 14:55:13,912] {dag.py:2280} INFO - Setting next_dagrun for dag_python_operator_v5 to 2023-03-28 00:00:00+00:00
[2023-03-27 14:55:13,921] {scheduler_job.py:190} INFO - Processing /opt/airflow/dags/create_dag_with_python_operator.py took 0.082 seconds
[2023-03-27 14:55:44,463] {scheduler_job.py:182} INFO - Started process (PID=185) to work on /opt/airflow/dags/create_dag_with_python_operator.py
[2023-03-27 14:55:44,465] {scheduler_job.py:629} INFO - Processing file /opt/airflow/dags/create_dag_with_python_operator.py for tasks to queue
[2023-03-27 14:55:44,466] {logging_mixin.py:104} INFO - [2023-03-27 14:55:44,466] {dagbag.py:451} INFO - Filling up the DagBag from /opt/airflow/dags/create_dag_with_python_operator.py
[2023-03-27 14:55:44,482] {scheduler_job.py:639} INFO - DAG(s) dict_keys(['dag_python_operator_v5']) retrieved from /opt/airflow/dags/create_dag_with_python_operator.py
[2023-03-27 14:55:44,504] {logging_mixin.py:104} INFO - [2023-03-27 14:55:44,504] {dag.py:1824} INFO - Sync 1 DAGs
[2023-03-27 14:55:44,517] {logging_mixin.py:104} INFO - [2023-03-27 14:55:44,517] {dag.py:2280} INFO - Setting next_dagrun for dag_python_operator_v5 to 2023-03-28 00:00:00+00:00
[2023-03-27 14:55:44,524] {scheduler_job.py:190} INFO - Processing /opt/airflow/dags/create_dag_with_python_operator.py took 0.064 seconds
[2023-03-27 14:56:15,234] {scheduler_job.py:182} INFO - Started process (PID=189) to work on /opt/airflow/dags/create_dag_with_python_operator.py
[2023-03-27 14:56:15,238] {scheduler_job.py:629} INFO - Processing file /opt/airflow/dags/create_dag_with_python_operator.py for tasks to queue
[2023-03-27 14:56:15,239] {logging_mixin.py:104} INFO - [2023-03-27 14:56:15,239] {dagbag.py:451} INFO - Filling up the DagBag from /opt/airflow/dags/create_dag_with_python_operator.py
[2023-03-27 14:56:15,270] {scheduler_job.py:639} INFO - DAG(s) dict_keys(['dag_python_operator_v5']) retrieved from /opt/airflow/dags/create_dag_with_python_operator.py
[2023-03-27 14:56:15,303] {logging_mixin.py:104} INFO - [2023-03-27 14:56:15,303] {dag.py:1824} INFO - Sync 1 DAGs
[2023-03-27 14:56:15,335] {logging_mixin.py:104} INFO - [2023-03-27 14:56:15,335] {dag.py:2280} INFO - Setting next_dagrun for dag_python_operator_v5 to 2023-03-28 00:00:00+00:00
[2023-03-27 14:56:15,344] {scheduler_job.py:190} INFO - Processing /opt/airflow/dags/create_dag_with_python_operator.py took 0.114 seconds
[2023-03-27 14:56:45,902] {scheduler_job.py:182} INFO - Started process (PID=193) to work on /opt/airflow/dags/create_dag_with_python_operator.py
[2023-03-27 14:56:45,904] {scheduler_job.py:629} INFO - Processing file /opt/airflow/dags/create_dag_with_python_operator.py for tasks to queue
[2023-03-27 14:56:45,905] {logging_mixin.py:104} INFO - [2023-03-27 14:56:45,905] {dagbag.py:451} INFO - Filling up the DagBag from /opt/airflow/dags/create_dag_with_python_operator.py
[2023-03-27 14:56:45,925] {scheduler_job.py:639} INFO - DAG(s) dict_keys(['dag_python_operator_v5']) retrieved from /opt/airflow/dags/create_dag_with_python_operator.py
[2023-03-27 14:56:45,949] {logging_mixin.py:104} INFO - [2023-03-27 14:56:45,949] {dag.py:1824} INFO - Sync 1 DAGs
[2023-03-27 14:56:45,964] {logging_mixin.py:104} INFO - [2023-03-27 14:56:45,964] {dag.py:2280} INFO - Setting next_dagrun for dag_python_operator_v5 to 2023-03-28 00:00:00+00:00
[2023-03-27 14:56:45,972] {scheduler_job.py:190} INFO - Processing /opt/airflow/dags/create_dag_with_python_operator.py took 0.072 seconds
[2023-03-27 14:57:16,787] {scheduler_job.py:182} INFO - Started process (PID=197) to work on /opt/airflow/dags/create_dag_with_python_operator.py
[2023-03-27 14:57:16,790] {scheduler_job.py:629} INFO - Processing file /opt/airflow/dags/create_dag_with_python_operator.py for tasks to queue
[2023-03-27 14:57:16,792] {logging_mixin.py:104} INFO - [2023-03-27 14:57:16,792] {dagbag.py:451} INFO - Filling up the DagBag from /opt/airflow/dags/create_dag_with_python_operator.py
[2023-03-27 14:57:16,827] {scheduler_job.py:639} INFO - DAG(s) dict_keys(['dag_python_operator_v5']) retrieved from /opt/airflow/dags/create_dag_with_python_operator.py
[2023-03-27 14:57:16,922] {logging_mixin.py:104} INFO - [2023-03-27 14:57:16,921] {dag.py:1824} INFO - Sync 1 DAGs
[2023-03-27 14:57:16,962] {logging_mixin.py:104} INFO - [2023-03-27 14:57:16,962] {dag.py:2280} INFO - Setting next_dagrun for dag_python_operator_v5 to 2023-03-28 00:00:00+00:00
[2023-03-27 14:57:17,005] {scheduler_job.py:190} INFO - Processing /opt/airflow/dags/create_dag_with_python_operator.py took 0.227 seconds
[2023-03-27 14:57:47,715] {scheduler_job.py:182} INFO - Started process (PID=201) to work on /opt/airflow/dags/create_dag_with_python_operator.py
[2023-03-27 14:57:47,720] {scheduler_job.py:629} INFO - Processing file /opt/airflow/dags/create_dag_with_python_operator.py for tasks to queue
[2023-03-27 14:57:47,728] {logging_mixin.py:104} INFO - [2023-03-27 14:57:47,727] {dagbag.py:451} INFO - Filling up the DagBag from /opt/airflow/dags/create_dag_with_python_operator.py
[2023-03-27 14:57:47,774] {scheduler_job.py:639} INFO - DAG(s) dict_keys(['dag_python_operator_v5']) retrieved from /opt/airflow/dags/create_dag_with_python_operator.py
[2023-03-27 14:57:47,829] {logging_mixin.py:104} INFO - [2023-03-27 14:57:47,829] {dag.py:1824} INFO - Sync 1 DAGs
[2023-03-27 14:57:47,874] {logging_mixin.py:104} INFO - [2023-03-27 14:57:47,874] {dag.py:2280} INFO - Setting next_dagrun for dag_python_operator_v5 to 2023-03-28 00:00:00+00:00
[2023-03-27 14:57:47,889] {scheduler_job.py:190} INFO - Processing /opt/airflow/dags/create_dag_with_python_operator.py took 0.180 seconds
[2023-03-27 14:58:18,594] {scheduler_job.py:182} INFO - Started process (PID=205) to work on /opt/airflow/dags/create_dag_with_python_operator.py
[2023-03-27 14:58:18,596] {scheduler_job.py:629} INFO - Processing file /opt/airflow/dags/create_dag_with_python_operator.py for tasks to queue
[2023-03-27 14:58:18,598] {logging_mixin.py:104} INFO - [2023-03-27 14:58:18,598] {dagbag.py:451} INFO - Filling up the DagBag from /opt/airflow/dags/create_dag_with_python_operator.py
[2023-03-27 14:58:18,645] {scheduler_job.py:639} INFO - DAG(s) dict_keys(['dag_python_operator_v5']) retrieved from /opt/airflow/dags/create_dag_with_python_operator.py
[2023-03-27 14:58:18,696] {logging_mixin.py:104} INFO - [2023-03-27 14:58:18,696] {dag.py:1824} INFO - Sync 1 DAGs
[2023-03-27 14:58:18,726] {logging_mixin.py:104} INFO - [2023-03-27 14:58:18,725] {dag.py:2280} INFO - Setting next_dagrun for dag_python_operator_v5 to 2023-03-28 00:00:00+00:00
[2023-03-27 14:58:18,760] {scheduler_job.py:190} INFO - Processing /opt/airflow/dags/create_dag_with_python_operator.py took 0.170 seconds
[2023-03-27 14:58:49,497] {scheduler_job.py:182} INFO - Started process (PID=209) to work on /opt/airflow/dags/create_dag_with_python_operator.py
[2023-03-27 14:58:49,500] {scheduler_job.py:629} INFO - Processing file /opt/airflow/dags/create_dag_with_python_operator.py for tasks to queue
[2023-03-27 14:58:49,502] {logging_mixin.py:104} INFO - [2023-03-27 14:58:49,502] {dagbag.py:451} INFO - Filling up the DagBag from /opt/airflow/dags/create_dag_with_python_operator.py
[2023-03-27 14:58:49,548] {scheduler_job.py:639} INFO - DAG(s) dict_keys(['dag_python_operator_v5']) retrieved from /opt/airflow/dags/create_dag_with_python_operator.py
[2023-03-27 14:58:49,590] {logging_mixin.py:104} INFO - [2023-03-27 14:58:49,590] {dag.py:1824} INFO - Sync 1 DAGs
[2023-03-27 14:58:49,609] {logging_mixin.py:104} INFO - [2023-03-27 14:58:49,609] {dag.py:2280} INFO - Setting next_dagrun for dag_python_operator_v5 to 2023-03-28 00:00:00+00:00
[2023-03-27 14:58:49,623] {scheduler_job.py:190} INFO - Processing /opt/airflow/dags/create_dag_with_python_operator.py took 0.131 seconds
[2023-03-27 14:59:20,416] {scheduler_job.py:182} INFO - Started process (PID=213) to work on /opt/airflow/dags/create_dag_with_python_operator.py
[2023-03-27 14:59:20,422] {scheduler_job.py:629} INFO - Processing file /opt/airflow/dags/create_dag_with_python_operator.py for tasks to queue
[2023-03-27 14:59:20,426] {logging_mixin.py:104} INFO - [2023-03-27 14:59:20,426] {dagbag.py:451} INFO - Filling up the DagBag from /opt/airflow/dags/create_dag_with_python_operator.py
[2023-03-27 14:59:20,499] {scheduler_job.py:639} INFO - DAG(s) dict_keys(['dag_python_operator_v5']) retrieved from /opt/airflow/dags/create_dag_with_python_operator.py
[2023-03-27 14:59:20,579] {logging_mixin.py:104} INFO - [2023-03-27 14:59:20,579] {dag.py:1824} INFO - Sync 1 DAGs
[2023-03-27 14:59:20,600] {logging_mixin.py:104} INFO - [2023-03-27 14:59:20,600] {dag.py:2280} INFO - Setting next_dagrun for dag_python_operator_v5 to 2023-03-28 00:00:00+00:00
[2023-03-27 14:59:20,612] {scheduler_job.py:190} INFO - Processing /opt/airflow/dags/create_dag_with_python_operator.py took 0.201 seconds
[2023-03-27 14:59:51,343] {scheduler_job.py:182} INFO - Started process (PID=217) to work on /opt/airflow/dags/create_dag_with_python_operator.py
[2023-03-27 14:59:51,346] {scheduler_job.py:629} INFO - Processing file /opt/airflow/dags/create_dag_with_python_operator.py for tasks to queue
[2023-03-27 14:59:51,348] {logging_mixin.py:104} INFO - [2023-03-27 14:59:51,348] {dagbag.py:451} INFO - Filling up the DagBag from /opt/airflow/dags/create_dag_with_python_operator.py
[2023-03-27 14:59:51,387] {scheduler_job.py:639} INFO - DAG(s) dict_keys(['dag_python_operator_v5']) retrieved from /opt/airflow/dags/create_dag_with_python_operator.py
[2023-03-27 14:59:51,449] {logging_mixin.py:104} INFO - [2023-03-27 14:59:51,449] {dag.py:1824} INFO - Sync 1 DAGs
[2023-03-27 14:59:51,484] {logging_mixin.py:104} INFO - [2023-03-27 14:59:51,484] {dag.py:2280} INFO - Setting next_dagrun for dag_python_operator_v5 to 2023-03-28 00:00:00+00:00
[2023-03-27 14:59:51,510] {scheduler_job.py:190} INFO - Processing /opt/airflow/dags/create_dag_with_python_operator.py took 0.171 seconds
[2023-03-27 15:00:22,068] {scheduler_job.py:182} INFO - Started process (PID=221) to work on /opt/airflow/dags/create_dag_with_python_operator.py
[2023-03-27 15:00:22,071] {scheduler_job.py:629} INFO - Processing file /opt/airflow/dags/create_dag_with_python_operator.py for tasks to queue
[2023-03-27 15:00:22,073] {logging_mixin.py:104} INFO - [2023-03-27 15:00:22,073] {dagbag.py:451} INFO - Filling up the DagBag from /opt/airflow/dags/create_dag_with_python_operator.py
[2023-03-27 15:00:22,101] {scheduler_job.py:639} INFO - DAG(s) dict_keys(['dag_python_operator_v5']) retrieved from /opt/airflow/dags/create_dag_with_python_operator.py
[2023-03-27 15:00:22,242] {logging_mixin.py:104} INFO - [2023-03-27 15:00:22,241] {dag.py:1824} INFO - Sync 1 DAGs
[2023-03-27 15:00:22,267] {logging_mixin.py:104} INFO - [2023-03-27 15:00:22,266] {dag.py:2280} INFO - Setting next_dagrun for dag_python_operator_v5 to 2023-03-28 00:00:00+00:00
[2023-03-27 15:00:22,292] {scheduler_job.py:190} INFO - Processing /opt/airflow/dags/create_dag_with_python_operator.py took 0.227 seconds
[2023-03-27 15:00:53,627] {scheduler_job.py:182} INFO - Started process (PID=225) to work on /opt/airflow/dags/create_dag_with_python_operator.py
[2023-03-27 15:00:53,631] {scheduler_job.py:629} INFO - Processing file /opt/airflow/dags/create_dag_with_python_operator.py for tasks to queue
[2023-03-27 15:00:53,633] {logging_mixin.py:104} INFO - [2023-03-27 15:00:53,633] {dagbag.py:451} INFO - Filling up the DagBag from /opt/airflow/dags/create_dag_with_python_operator.py
[2023-03-27 15:00:53,728] {scheduler_job.py:639} INFO - DAG(s) dict_keys(['dag_python_operator_v5']) retrieved from /opt/airflow/dags/create_dag_with_python_operator.py
[2023-03-27 15:00:53,796] {logging_mixin.py:104} INFO - [2023-03-27 15:00:53,796] {dag.py:1824} INFO - Sync 1 DAGs
[2023-03-27 15:00:53,824] {logging_mixin.py:104} INFO - [2023-03-27 15:00:53,824] {dag.py:2280} INFO - Setting next_dagrun for dag_python_operator_v5 to 2023-03-28 00:00:00+00:00
[2023-03-27 15:00:53,841] {scheduler_job.py:190} INFO - Processing /opt/airflow/dags/create_dag_with_python_operator.py took 0.237 seconds
[2023-03-27 15:01:24,719] {scheduler_job.py:182} INFO - Started process (PID=229) to work on /opt/airflow/dags/create_dag_with_python_operator.py
[2023-03-27 15:01:24,721] {scheduler_job.py:629} INFO - Processing file /opt/airflow/dags/create_dag_with_python_operator.py for tasks to queue
[2023-03-27 15:01:24,722] {logging_mixin.py:104} INFO - [2023-03-27 15:01:24,722] {dagbag.py:451} INFO - Filling up the DagBag from /opt/airflow/dags/create_dag_with_python_operator.py
[2023-03-27 15:01:24,748] {scheduler_job.py:639} INFO - DAG(s) dict_keys(['dag_python_operator_v5']) retrieved from /opt/airflow/dags/create_dag_with_python_operator.py
[2023-03-27 15:01:24,793] {logging_mixin.py:104} INFO - [2023-03-27 15:01:24,793] {dag.py:1824} INFO - Sync 1 DAGs
[2023-03-27 15:01:24,832] {logging_mixin.py:104} INFO - [2023-03-27 15:01:24,832] {dag.py:2280} INFO - Setting next_dagrun for dag_python_operator_v5 to 2023-03-28 00:00:00+00:00
[2023-03-27 15:01:24,868] {scheduler_job.py:190} INFO - Processing /opt/airflow/dags/create_dag_with_python_operator.py took 0.152 seconds
[2023-03-27 15:01:55,641] {scheduler_job.py:182} INFO - Started process (PID=233) to work on /opt/airflow/dags/create_dag_with_python_operator.py
[2023-03-27 15:01:55,645] {scheduler_job.py:629} INFO - Processing file /opt/airflow/dags/create_dag_with_python_operator.py for tasks to queue
[2023-03-27 15:01:55,648] {logging_mixin.py:104} INFO - [2023-03-27 15:01:55,648] {dagbag.py:451} INFO - Filling up the DagBag from /opt/airflow/dags/create_dag_with_python_operator.py
[2023-03-27 15:01:55,693] {scheduler_job.py:639} INFO - DAG(s) dict_keys(['dag_python_operator_v5']) retrieved from /opt/airflow/dags/create_dag_with_python_operator.py
[2023-03-27 15:01:55,783] {logging_mixin.py:104} INFO - [2023-03-27 15:01:55,783] {dag.py:1824} INFO - Sync 1 DAGs
[2023-03-27 15:01:55,854] {logging_mixin.py:104} INFO - [2023-03-27 15:01:55,853] {dag.py:2280} INFO - Setting next_dagrun for dag_python_operator_v5 to 2023-03-28 00:00:00+00:00
[2023-03-27 15:01:55,869] {scheduler_job.py:190} INFO - Processing /opt/airflow/dags/create_dag_with_python_operator.py took 0.248 seconds
[2023-03-27 15:02:26,721] {scheduler_job.py:182} INFO - Started process (PID=237) to work on /opt/airflow/dags/create_dag_with_python_operator.py
[2023-03-27 15:02:26,726] {scheduler_job.py:629} INFO - Processing file /opt/airflow/dags/create_dag_with_python_operator.py for tasks to queue
[2023-03-27 15:02:26,731] {logging_mixin.py:104} INFO - [2023-03-27 15:02:26,731] {dagbag.py:451} INFO - Filling up the DagBag from /opt/airflow/dags/create_dag_with_python_operator.py
[2023-03-27 15:02:26,777] {scheduler_job.py:639} INFO - DAG(s) dict_keys(['dag_python_operator_v5']) retrieved from /opt/airflow/dags/create_dag_with_python_operator.py
[2023-03-27 15:02:26,865] {logging_mixin.py:104} INFO - [2023-03-27 15:02:26,865] {dag.py:1824} INFO - Sync 1 DAGs
[2023-03-27 15:02:26,949] {logging_mixin.py:104} INFO - [2023-03-27 15:02:26,949] {dag.py:2280} INFO - Setting next_dagrun for dag_python_operator_v5 to 2023-03-28 00:00:00+00:00
[2023-03-27 15:02:26,977] {scheduler_job.py:190} INFO - Processing /opt/airflow/dags/create_dag_with_python_operator.py took 0.264 seconds
[2023-03-27 15:02:57,574] {scheduler_job.py:182} INFO - Started process (PID=241) to work on /opt/airflow/dags/create_dag_with_python_operator.py
[2023-03-27 15:02:57,581] {scheduler_job.py:629} INFO - Processing file /opt/airflow/dags/create_dag_with_python_operator.py for tasks to queue
[2023-03-27 15:02:57,589] {logging_mixin.py:104} INFO - [2023-03-27 15:02:57,588] {dagbag.py:451} INFO - Filling up the DagBag from /opt/airflow/dags/create_dag_with_python_operator.py
[2023-03-27 15:02:57,669] {scheduler_job.py:639} INFO - DAG(s) dict_keys(['dag_python_operator_v5']) retrieved from /opt/airflow/dags/create_dag_with_python_operator.py
[2023-03-27 15:02:57,748] {logging_mixin.py:104} INFO - [2023-03-27 15:02:57,748] {dag.py:1824} INFO - Sync 1 DAGs
[2023-03-27 15:02:57,782] {logging_mixin.py:104} INFO - [2023-03-27 15:02:57,781] {dag.py:2280} INFO - Setting next_dagrun for dag_python_operator_v5 to 2023-03-28 00:00:00+00:00
[2023-03-27 15:02:57,798] {scheduler_job.py:190} INFO - Processing /opt/airflow/dags/create_dag_with_python_operator.py took 0.242 seconds
[2023-03-27 15:03:28,693] {scheduler_job.py:182} INFO - Started process (PID=245) to work on /opt/airflow/dags/create_dag_with_python_operator.py
[2023-03-27 15:03:28,697] {scheduler_job.py:629} INFO - Processing file /opt/airflow/dags/create_dag_with_python_operator.py for tasks to queue
[2023-03-27 15:03:28,701] {logging_mixin.py:104} INFO - [2023-03-27 15:03:28,700] {dagbag.py:451} INFO - Filling up the DagBag from /opt/airflow/dags/create_dag_with_python_operator.py
[2023-03-27 15:03:28,739] {scheduler_job.py:639} INFO - DAG(s) dict_keys(['dag_python_operator_v5']) retrieved from /opt/airflow/dags/create_dag_with_python_operator.py
[2023-03-27 15:03:28,789] {logging_mixin.py:104} INFO - [2023-03-27 15:03:28,789] {dag.py:1824} INFO - Sync 1 DAGs
[2023-03-27 15:03:28,822] {logging_mixin.py:104} INFO - [2023-03-27 15:03:28,822] {dag.py:2280} INFO - Setting next_dagrun for dag_python_operator_v5 to 2023-03-28 00:00:00+00:00
[2023-03-27 15:03:28,843] {scheduler_job.py:190} INFO - Processing /opt/airflow/dags/create_dag_with_python_operator.py took 0.154 seconds
[2023-03-27 15:03:59,594] {scheduler_job.py:182} INFO - Started process (PID=249) to work on /opt/airflow/dags/create_dag_with_python_operator.py
[2023-03-27 15:03:59,598] {scheduler_job.py:629} INFO - Processing file /opt/airflow/dags/create_dag_with_python_operator.py for tasks to queue
[2023-03-27 15:03:59,601] {logging_mixin.py:104} INFO - [2023-03-27 15:03:59,601] {dagbag.py:451} INFO - Filling up the DagBag from /opt/airflow/dags/create_dag_with_python_operator.py
[2023-03-27 15:03:59,630] {scheduler_job.py:639} INFO - DAG(s) dict_keys(['dag_python_operator_v5']) retrieved from /opt/airflow/dags/create_dag_with_python_operator.py
[2023-03-27 15:03:59,696] {logging_mixin.py:104} INFO - [2023-03-27 15:03:59,696] {dag.py:1824} INFO - Sync 1 DAGs
[2023-03-27 15:03:59,750] {logging_mixin.py:104} INFO - [2023-03-27 15:03:59,750] {dag.py:2280} INFO - Setting next_dagrun for dag_python_operator_v5 to 2023-03-28 00:00:00+00:00
[2023-03-27 15:03:59,779] {scheduler_job.py:190} INFO - Processing /opt/airflow/dags/create_dag_with_python_operator.py took 0.189 seconds
[2023-03-27 15:04:30,547] {scheduler_job.py:182} INFO - Started process (PID=253) to work on /opt/airflow/dags/create_dag_with_python_operator.py
[2023-03-27 15:04:30,553] {scheduler_job.py:629} INFO - Processing file /opt/airflow/dags/create_dag_with_python_operator.py for tasks to queue
[2023-03-27 15:04:30,558] {logging_mixin.py:104} INFO - [2023-03-27 15:04:30,557] {dagbag.py:451} INFO - Filling up the DagBag from /opt/airflow/dags/create_dag_with_python_operator.py
[2023-03-27 15:04:30,596] {scheduler_job.py:639} INFO - DAG(s) dict_keys(['dag_python_operator_v5']) retrieved from /opt/airflow/dags/create_dag_with_python_operator.py
[2023-03-27 15:04:30,690] {logging_mixin.py:104} INFO - [2023-03-27 15:04:30,690] {dag.py:1824} INFO - Sync 1 DAGs
[2023-03-27 15:04:30,748] {logging_mixin.py:104} INFO - [2023-03-27 15:04:30,748] {dag.py:2280} INFO - Setting next_dagrun for dag_python_operator_v5 to 2023-03-28 00:00:00+00:00
[2023-03-27 15:04:30,762] {scheduler_job.py:190} INFO - Processing /opt/airflow/dags/create_dag_with_python_operator.py took 0.223 seconds
[2023-03-27 15:05:01,185] {scheduler_job.py:182} INFO - Started process (PID=257) to work on /opt/airflow/dags/create_dag_with_python_operator.py
[2023-03-27 15:05:01,193] {scheduler_job.py:629} INFO - Processing file /opt/airflow/dags/create_dag_with_python_operator.py for tasks to queue
[2023-03-27 15:05:01,203] {logging_mixin.py:104} INFO - [2023-03-27 15:05:01,202] {dagbag.py:451} INFO - Filling up the DagBag from /opt/airflow/dags/create_dag_with_python_operator.py
[2023-03-27 15:05:01,282] {scheduler_job.py:639} INFO - DAG(s) dict_keys(['dag_python_operator_v5']) retrieved from /opt/airflow/dags/create_dag_with_python_operator.py
[2023-03-27 15:05:01,395] {logging_mixin.py:104} INFO - [2023-03-27 15:05:01,395] {dag.py:1824} INFO - Sync 1 DAGs
[2023-03-27 15:05:01,460] {logging_mixin.py:104} INFO - [2023-03-27 15:05:01,459] {dag.py:2280} INFO - Setting next_dagrun for dag_python_operator_v5 to 2023-03-28 00:00:00+00:00
[2023-03-27 15:05:01,503] {scheduler_job.py:190} INFO - Processing /opt/airflow/dags/create_dag_with_python_operator.py took 0.335 seconds
[2023-03-27 15:05:32,159] {scheduler_job.py:182} INFO - Started process (PID=261) to work on /opt/airflow/dags/create_dag_with_python_operator.py
[2023-03-27 15:05:32,162] {scheduler_job.py:629} INFO - Processing file /opt/airflow/dags/create_dag_with_python_operator.py for tasks to queue
[2023-03-27 15:05:32,165] {logging_mixin.py:104} INFO - [2023-03-27 15:05:32,164] {dagbag.py:451} INFO - Filling up the DagBag from /opt/airflow/dags/create_dag_with_python_operator.py
[2023-03-27 15:05:32,199] {scheduler_job.py:639} INFO - DAG(s) dict_keys(['dag_python_operator_v5']) retrieved from /opt/airflow/dags/create_dag_with_python_operator.py
[2023-03-27 15:05:32,304] {logging_mixin.py:104} INFO - [2023-03-27 15:05:32,303] {dag.py:1824} INFO - Sync 1 DAGs
[2023-03-27 15:05:32,374] {logging_mixin.py:104} INFO - [2023-03-27 15:05:32,374] {dag.py:2280} INFO - Setting next_dagrun for dag_python_operator_v5 to 2023-03-28 00:00:00+00:00
[2023-03-27 15:05:32,430] {scheduler_job.py:190} INFO - Processing /opt/airflow/dags/create_dag_with_python_operator.py took 0.282 seconds
[2023-03-27 15:06:03,771] {scheduler_job.py:182} INFO - Started process (PID=265) to work on /opt/airflow/dags/create_dag_with_python_operator.py
[2023-03-27 15:06:03,791] {scheduler_job.py:629} INFO - Processing file /opt/airflow/dags/create_dag_with_python_operator.py for tasks to queue
[2023-03-27 15:06:03,828] {logging_mixin.py:104} INFO - [2023-03-27 15:06:03,827] {dagbag.py:451} INFO - Filling up the DagBag from /opt/airflow/dags/create_dag_with_python_operator.py
[2023-03-27 15:06:03,975] {scheduler_job.py:639} INFO - DAG(s) dict_keys(['dag_python_operator_v5']) retrieved from /opt/airflow/dags/create_dag_with_python_operator.py
[2023-03-27 15:06:04,201] {logging_mixin.py:104} INFO - [2023-03-27 15:06:04,199] {dag.py:1824} INFO - Sync 1 DAGs
[2023-03-27 15:06:04,494] {logging_mixin.py:104} INFO - [2023-03-27 15:06:04,481] {dag.py:2280} INFO - Setting next_dagrun for dag_python_operator_v5 to 2023-03-28 00:00:00+00:00
[2023-03-27 15:06:04,589] {scheduler_job.py:190} INFO - Processing /opt/airflow/dags/create_dag_with_python_operator.py took 0.827 seconds
[2023-03-27 15:06:41,322] {scheduler_job.py:182} INFO - Started process (PID=269) to work on /opt/airflow/dags/create_dag_with_python_operator.py
[2023-03-27 15:06:41,393] {scheduler_job.py:629} INFO - Processing file /opt/airflow/dags/create_dag_with_python_operator.py for tasks to queue
[2023-03-27 15:06:41,428] {logging_mixin.py:104} INFO - [2023-03-27 15:06:41,428] {dagbag.py:451} INFO - Filling up the DagBag from /opt/airflow/dags/create_dag_with_python_operator.py
[2023-03-27 15:06:42,054] {scheduler_job.py:639} INFO - DAG(s) dict_keys(['dag_python_operator_v5']) retrieved from /opt/airflow/dags/create_dag_with_python_operator.py
[2023-03-27 15:06:45,268] {logging_mixin.py:104} INFO - [2023-03-27 15:06:45,207] {dag.py:1824} INFO - Sync 1 DAGs
[2023-03-27 15:06:46,259] {logging_mixin.py:104} INFO - [2023-03-27 15:06:46,258] {dag.py:2280} INFO - Setting next_dagrun for dag_python_operator_v5 to 2023-03-28 00:00:00+00:00
[2023-03-27 15:06:46,598] {scheduler_job.py:190} INFO - Processing /opt/airflow/dags/create_dag_with_python_operator.py took 5.423 seconds
[2023-03-27 15:07:17,759] {scheduler_job.py:182} INFO - Started process (PID=273) to work on /opt/airflow/dags/create_dag_with_python_operator.py
[2023-03-27 15:07:17,801] {scheduler_job.py:629} INFO - Processing file /opt/airflow/dags/create_dag_with_python_operator.py for tasks to queue
[2023-03-27 15:07:17,831] {logging_mixin.py:104} INFO - [2023-03-27 15:07:17,830] {dagbag.py:451} INFO - Filling up the DagBag from /opt/airflow/dags/create_dag_with_python_operator.py
[2023-03-27 15:07:18,246] {scheduler_job.py:639} INFO - DAG(s) dict_keys(['dag_python_operator_v5']) retrieved from /opt/airflow/dags/create_dag_with_python_operator.py
[2023-03-27 15:07:18,646] {logging_mixin.py:104} INFO - [2023-03-27 15:07:18,645] {dag.py:1824} INFO - Sync 1 DAGs
[2023-03-27 15:07:18,774] {logging_mixin.py:104} INFO - [2023-03-27 15:07:18,773] {dag.py:2280} INFO - Setting next_dagrun for dag_python_operator_v5 to 2023-03-28 00:00:00+00:00
[2023-03-27 15:07:18,940] {scheduler_job.py:190} INFO - Processing /opt/airflow/dags/create_dag_with_python_operator.py took 1.244 seconds
[2023-03-27 15:07:50,457] {scheduler_job.py:182} INFO - Started process (PID=277) to work on /opt/airflow/dags/create_dag_with_python_operator.py
[2023-03-27 15:07:50,464] {scheduler_job.py:629} INFO - Processing file /opt/airflow/dags/create_dag_with_python_operator.py for tasks to queue
[2023-03-27 15:07:50,469] {logging_mixin.py:104} INFO - [2023-03-27 15:07:50,469] {dagbag.py:451} INFO - Filling up the DagBag from /opt/airflow/dags/create_dag_with_python_operator.py
[2023-03-27 15:07:50,590] {scheduler_job.py:639} INFO - DAG(s) dict_keys(['dag_python_operator_v5']) retrieved from /opt/airflow/dags/create_dag_with_python_operator.py
[2023-03-27 15:07:50,728] {logging_mixin.py:104} INFO - [2023-03-27 15:07:50,728] {dag.py:1824} INFO - Sync 1 DAGs
[2023-03-27 15:07:50,793] {logging_mixin.py:104} INFO - [2023-03-27 15:07:50,792] {dag.py:2280} INFO - Setting next_dagrun for dag_python_operator_v5 to 2023-03-28 00:00:00+00:00
[2023-03-27 15:07:50,859] {scheduler_job.py:190} INFO - Processing /opt/airflow/dags/create_dag_with_python_operator.py took 0.436 seconds
[2023-03-27 15:08:21,623] {scheduler_job.py:182} INFO - Started process (PID=281) to work on /opt/airflow/dags/create_dag_with_python_operator.py
[2023-03-27 15:08:21,697] {scheduler_job.py:629} INFO - Processing file /opt/airflow/dags/create_dag_with_python_operator.py for tasks to queue
[2023-03-27 15:08:21,749] {logging_mixin.py:104} INFO - [2023-03-27 15:08:21,748] {dagbag.py:451} INFO - Filling up the DagBag from /opt/airflow/dags/create_dag_with_python_operator.py
[2023-03-27 15:08:22,369] {scheduler_job.py:639} INFO - DAG(s) dict_keys(['dag_python_operator_v5']) retrieved from /opt/airflow/dags/create_dag_with_python_operator.py
[2023-03-27 15:08:23,110] {logging_mixin.py:104} INFO - [2023-03-27 15:08:23,096] {dag.py:1824} INFO - Sync 1 DAGs
[2023-03-27 15:08:23,320] {logging_mixin.py:104} INFO - [2023-03-27 15:08:23,319] {dag.py:2280} INFO - Setting next_dagrun for dag_python_operator_v5 to 2023-03-28 00:00:00+00:00
[2023-03-27 15:08:23,397] {scheduler_job.py:190} INFO - Processing /opt/airflow/dags/create_dag_with_python_operator.py took 1.878 seconds
[2023-03-27 15:08:54,261] {scheduler_job.py:182} INFO - Started process (PID=285) to work on /opt/airflow/dags/create_dag_with_python_operator.py
[2023-03-27 15:08:54,312] {scheduler_job.py:629} INFO - Processing file /opt/airflow/dags/create_dag_with_python_operator.py for tasks to queue
[2023-03-27 15:08:54,336] {logging_mixin.py:104} INFO - [2023-03-27 15:08:54,336] {dagbag.py:451} INFO - Filling up the DagBag from /opt/airflow/dags/create_dag_with_python_operator.py
[2023-03-27 15:08:54,602] {scheduler_job.py:639} INFO - DAG(s) dict_keys(['dag_python_operator_v5']) retrieved from /opt/airflow/dags/create_dag_with_python_operator.py
[2023-03-27 15:08:55,018] {logging_mixin.py:104} INFO - [2023-03-27 15:08:55,016] {dag.py:1824} INFO - Sync 1 DAGs
[2023-03-27 15:08:55,498] {logging_mixin.py:104} INFO - [2023-03-27 15:08:55,496] {dag.py:2280} INFO - Setting next_dagrun for dag_python_operator_v5 to 2023-03-28 00:00:00+00:00
[2023-03-27 15:08:55,715] {scheduler_job.py:190} INFO - Processing /opt/airflow/dags/create_dag_with_python_operator.py took 1.518 seconds
[2023-03-27 15:09:26,590] {scheduler_job.py:182} INFO - Started process (PID=289) to work on /opt/airflow/dags/create_dag_with_python_operator.py
[2023-03-27 15:09:26,628] {scheduler_job.py:629} INFO - Processing file /opt/airflow/dags/create_dag_with_python_operator.py for tasks to queue
[2023-03-27 15:09:26,640] {logging_mixin.py:104} INFO - [2023-03-27 15:09:26,639] {dagbag.py:451} INFO - Filling up the DagBag from /opt/airflow/dags/create_dag_with_python_operator.py
[2023-03-27 15:09:26,888] {scheduler_job.py:639} INFO - DAG(s) dict_keys(['dag_python_operator_v5']) retrieved from /opt/airflow/dags/create_dag_with_python_operator.py
[2023-03-27 15:09:27,121] {logging_mixin.py:104} INFO - [2023-03-27 15:09:27,120] {dag.py:1824} INFO - Sync 1 DAGs
[2023-03-27 15:09:27,194] {logging_mixin.py:104} INFO - [2023-03-27 15:09:27,193] {dag.py:2280} INFO - Setting next_dagrun for dag_python_operator_v5 to 2023-03-28 00:00:00+00:00
[2023-03-27 15:09:27,297] {scheduler_job.py:190} INFO - Processing /opt/airflow/dags/create_dag_with_python_operator.py took 0.738 seconds
[2023-03-27 15:09:57,630] {scheduler_job.py:182} INFO - Started process (PID=293) to work on /opt/airflow/dags/create_dag_with_python_operator.py
[2023-03-27 15:09:57,635] {scheduler_job.py:629} INFO - Processing file /opt/airflow/dags/create_dag_with_python_operator.py for tasks to queue
[2023-03-27 15:09:57,643] {logging_mixin.py:104} INFO - [2023-03-27 15:09:57,642] {dagbag.py:451} INFO - Filling up the DagBag from /opt/airflow/dags/create_dag_with_python_operator.py
[2023-03-27 15:09:57,740] {scheduler_job.py:639} INFO - DAG(s) dict_keys(['dag_python_operator_v5']) retrieved from /opt/airflow/dags/create_dag_with_python_operator.py
[2023-03-27 15:09:57,875] {logging_mixin.py:104} INFO - [2023-03-27 15:09:57,874] {dag.py:1824} INFO - Sync 1 DAGs
[2023-03-27 15:09:57,930] {logging_mixin.py:104} INFO - [2023-03-27 15:09:57,930] {dag.py:2280} INFO - Setting next_dagrun for dag_python_operator_v5 to 2023-03-28 00:00:00+00:00
[2023-03-27 15:09:57,951] {scheduler_job.py:190} INFO - Processing /opt/airflow/dags/create_dag_with_python_operator.py took 0.360 seconds
[2023-03-27 15:10:28,510] {scheduler_job.py:182} INFO - Started process (PID=297) to work on /opt/airflow/dags/create_dag_with_python_operator.py
[2023-03-27 15:10:28,515] {scheduler_job.py:629} INFO - Processing file /opt/airflow/dags/create_dag_with_python_operator.py for tasks to queue
[2023-03-27 15:10:28,519] {logging_mixin.py:104} INFO - [2023-03-27 15:10:28,519] {dagbag.py:451} INFO - Filling up the DagBag from /opt/airflow/dags/create_dag_with_python_operator.py
[2023-03-27 15:10:28,689] {scheduler_job.py:639} INFO - DAG(s) dict_keys(['dag_python_operator_v5']) retrieved from /opt/airflow/dags/create_dag_with_python_operator.py
[2023-03-27 15:10:28,763] {logging_mixin.py:104} INFO - [2023-03-27 15:10:28,763] {dag.py:1824} INFO - Sync 1 DAGs
[2023-03-27 15:10:28,890] {logging_mixin.py:104} INFO - [2023-03-27 15:10:28,889] {dag.py:2280} INFO - Setting next_dagrun for dag_python_operator_v5 to 2023-03-28 00:00:00+00:00
[2023-03-27 15:10:28,921] {scheduler_job.py:190} INFO - Processing /opt/airflow/dags/create_dag_with_python_operator.py took 0.422 seconds
[2023-03-27 15:10:59,158] {scheduler_job.py:182} INFO - Started process (PID=301) to work on /opt/airflow/dags/create_dag_with_python_operator.py
[2023-03-27 15:10:59,169] {scheduler_job.py:629} INFO - Processing file /opt/airflow/dags/create_dag_with_python_operator.py for tasks to queue
[2023-03-27 15:10:59,178] {logging_mixin.py:104} INFO - [2023-03-27 15:10:59,177] {dagbag.py:451} INFO - Filling up the DagBag from /opt/airflow/dags/create_dag_with_python_operator.py
[2023-03-27 15:10:59,412] {scheduler_job.py:639} INFO - DAG(s) dict_keys(['dag_python_operator_v5']) retrieved from /opt/airflow/dags/create_dag_with_python_operator.py
[2023-03-27 15:10:59,626] {logging_mixin.py:104} INFO - [2023-03-27 15:10:59,622] {dag.py:1824} INFO - Sync 1 DAGs
[2023-03-27 15:10:59,724] {logging_mixin.py:104} INFO - [2023-03-27 15:10:59,723] {dag.py:2280} INFO - Setting next_dagrun for dag_python_operator_v5 to 2023-03-28 00:00:00+00:00
[2023-03-27 15:10:59,770] {scheduler_job.py:190} INFO - Processing /opt/airflow/dags/create_dag_with_python_operator.py took 0.639 seconds
[2023-03-27 15:11:30,856] {scheduler_job.py:182} INFO - Started process (PID=305) to work on /opt/airflow/dags/create_dag_with_python_operator.py
[2023-03-27 15:11:30,860] {scheduler_job.py:629} INFO - Processing file /opt/airflow/dags/create_dag_with_python_operator.py for tasks to queue
[2023-03-27 15:11:30,863] {logging_mixin.py:104} INFO - [2023-03-27 15:11:30,862] {dagbag.py:451} INFO - Filling up the DagBag from /opt/airflow/dags/create_dag_with_python_operator.py
[2023-03-27 15:11:30,950] {scheduler_job.py:639} INFO - DAG(s) dict_keys(['dag_python_operator_v5']) retrieved from /opt/airflow/dags/create_dag_with_python_operator.py
[2023-03-27 15:11:31,237] {logging_mixin.py:104} INFO - [2023-03-27 15:11:31,237] {dag.py:1824} INFO - Sync 1 DAGs
[2023-03-27 15:11:31,335] {logging_mixin.py:104} INFO - [2023-03-27 15:11:31,335] {dag.py:2280} INFO - Setting next_dagrun for dag_python_operator_v5 to 2023-03-28 00:00:00+00:00
[2023-03-27 15:11:31,378] {scheduler_job.py:190} INFO - Processing /opt/airflow/dags/create_dag_with_python_operator.py took 0.530 seconds
[2023-03-27 15:12:02,455] {scheduler_job.py:182} INFO - Started process (PID=309) to work on /opt/airflow/dags/create_dag_with_python_operator.py
[2023-03-27 15:12:02,468] {scheduler_job.py:629} INFO - Processing file /opt/airflow/dags/create_dag_with_python_operator.py for tasks to queue
[2023-03-27 15:12:02,473] {logging_mixin.py:104} INFO - [2023-03-27 15:12:02,473] {dagbag.py:451} INFO - Filling up the DagBag from /opt/airflow/dags/create_dag_with_python_operator.py
[2023-03-27 15:12:02,563] {scheduler_job.py:639} INFO - DAG(s) dict_keys(['dag_python_operator_v5']) retrieved from /opt/airflow/dags/create_dag_with_python_operator.py
[2023-03-27 15:12:02,693] {logging_mixin.py:104} INFO - [2023-03-27 15:12:02,692] {dag.py:1824} INFO - Sync 1 DAGs
[2023-03-27 15:12:02,739] {logging_mixin.py:104} INFO - [2023-03-27 15:12:02,738] {dag.py:2280} INFO - Setting next_dagrun for dag_python_operator_v5 to 2023-03-28 00:00:00+00:00
[2023-03-27 15:12:02,778] {scheduler_job.py:190} INFO - Processing /opt/airflow/dags/create_dag_with_python_operator.py took 0.334 seconds
[2023-03-27 15:12:33,048] {scheduler_job.py:182} INFO - Started process (PID=313) to work on /opt/airflow/dags/create_dag_with_python_operator.py
[2023-03-27 15:12:33,053] {scheduler_job.py:629} INFO - Processing file /opt/airflow/dags/create_dag_with_python_operator.py for tasks to queue
[2023-03-27 15:12:33,058] {logging_mixin.py:104} INFO - [2023-03-27 15:12:33,057] {dagbag.py:451} INFO - Filling up the DagBag from /opt/airflow/dags/create_dag_with_python_operator.py
[2023-03-27 15:12:33,126] {scheduler_job.py:639} INFO - DAG(s) dict_keys(['dag_python_operator_v5']) retrieved from /opt/airflow/dags/create_dag_with_python_operator.py
[2023-03-27 15:12:33,285] {logging_mixin.py:104} INFO - [2023-03-27 15:12:33,285] {dag.py:1824} INFO - Sync 1 DAGs
[2023-03-27 15:12:33,350] {logging_mixin.py:104} INFO - [2023-03-27 15:12:33,350] {dag.py:2280} INFO - Setting next_dagrun for dag_python_operator_v5 to 2023-03-28 00:00:00+00:00
[2023-03-27 15:12:33,374] {scheduler_job.py:190} INFO - Processing /opt/airflow/dags/create_dag_with_python_operator.py took 0.357 seconds
[2023-03-27 15:13:03,932] {scheduler_job.py:182} INFO - Started process (PID=317) to work on /opt/airflow/dags/create_dag_with_python_operator.py
[2023-03-27 15:13:03,938] {scheduler_job.py:629} INFO - Processing file /opt/airflow/dags/create_dag_with_python_operator.py for tasks to queue
[2023-03-27 15:13:03,942] {logging_mixin.py:104} INFO - [2023-03-27 15:13:03,942] {dagbag.py:451} INFO - Filling up the DagBag from /opt/airflow/dags/create_dag_with_python_operator.py
[2023-03-27 15:13:04,114] {scheduler_job.py:639} INFO - DAG(s) dict_keys(['dag_python_operator_v5']) retrieved from /opt/airflow/dags/create_dag_with_python_operator.py
[2023-03-27 15:13:04,339] {logging_mixin.py:104} INFO - [2023-03-27 15:13:04,338] {dag.py:1824} INFO - Sync 1 DAGs
[2023-03-27 15:13:04,476] {logging_mixin.py:104} INFO - [2023-03-27 15:13:04,475] {dag.py:2280} INFO - Setting next_dagrun for dag_python_operator_v5 to 2023-03-28 00:00:00+00:00
[2023-03-27 15:13:04,507] {scheduler_job.py:190} INFO - Processing /opt/airflow/dags/create_dag_with_python_operator.py took 0.605 seconds
[2023-03-27 15:13:34,955] {scheduler_job.py:182} INFO - Started process (PID=321) to work on /opt/airflow/dags/create_dag_with_python_operator.py
[2023-03-27 15:13:34,961] {scheduler_job.py:629} INFO - Processing file /opt/airflow/dags/create_dag_with_python_operator.py for tasks to queue
[2023-03-27 15:13:35,002] {logging_mixin.py:104} INFO - [2023-03-27 15:13:35,000] {dagbag.py:451} INFO - Filling up the DagBag from /opt/airflow/dags/create_dag_with_python_operator.py
[2023-03-27 15:13:35,230] {scheduler_job.py:639} INFO - DAG(s) dict_keys(['dag_python_operator_v5']) retrieved from /opt/airflow/dags/create_dag_with_python_operator.py
[2023-03-27 15:13:35,391] {logging_mixin.py:104} INFO - [2023-03-27 15:13:35,390] {dag.py:1824} INFO - Sync 1 DAGs
[2023-03-27 15:13:35,514] {logging_mixin.py:104} INFO - [2023-03-27 15:13:35,513] {dag.py:2280} INFO - Setting next_dagrun for dag_python_operator_v5 to 2023-03-28 00:00:00+00:00
[2023-03-27 15:13:35,588] {scheduler_job.py:190} INFO - Processing /opt/airflow/dags/create_dag_with_python_operator.py took 0.665 seconds
[2023-03-27 15:14:06,775] {scheduler_job.py:182} INFO - Started process (PID=325) to work on /opt/airflow/dags/create_dag_with_python_operator.py
[2023-03-27 15:14:06,779] {scheduler_job.py:629} INFO - Processing file /opt/airflow/dags/create_dag_with_python_operator.py for tasks to queue
[2023-03-27 15:14:06,782] {logging_mixin.py:104} INFO - [2023-03-27 15:14:06,782] {dagbag.py:451} INFO - Filling up the DagBag from /opt/airflow/dags/create_dag_with_python_operator.py
[2023-03-27 15:14:06,863] {scheduler_job.py:639} INFO - DAG(s) dict_keys(['dag_python_operator_v5']) retrieved from /opt/airflow/dags/create_dag_with_python_operator.py
[2023-03-27 15:14:07,036] {logging_mixin.py:104} INFO - [2023-03-27 15:14:07,036] {dag.py:1824} INFO - Sync 1 DAGs
[2023-03-27 15:14:07,128] {logging_mixin.py:104} INFO - [2023-03-27 15:14:07,127] {dag.py:2280} INFO - Setting next_dagrun for dag_python_operator_v5 to 2023-03-28 00:00:00+00:00
[2023-03-27 15:14:07,243] {scheduler_job.py:190} INFO - Processing /opt/airflow/dags/create_dag_with_python_operator.py took 0.490 seconds
[2023-03-27 15:14:37,555] {scheduler_job.py:182} INFO - Started process (PID=329) to work on /opt/airflow/dags/create_dag_with_python_operator.py
[2023-03-27 15:14:37,560] {scheduler_job.py:629} INFO - Processing file /opt/airflow/dags/create_dag_with_python_operator.py for tasks to queue
[2023-03-27 15:14:37,565] {logging_mixin.py:104} INFO - [2023-03-27 15:14:37,565] {dagbag.py:451} INFO - Filling up the DagBag from /opt/airflow/dags/create_dag_with_python_operator.py
[2023-03-27 15:14:37,696] {scheduler_job.py:639} INFO - DAG(s) dict_keys(['dag_python_operator_v5']) retrieved from /opt/airflow/dags/create_dag_with_python_operator.py
[2023-03-27 15:14:37,932] {logging_mixin.py:104} INFO - [2023-03-27 15:14:37,931] {dag.py:1824} INFO - Sync 1 DAGs
[2023-03-27 15:14:38,077] {logging_mixin.py:104} INFO - [2023-03-27 15:14:38,076] {dag.py:2280} INFO - Setting next_dagrun for dag_python_operator_v5 to 2023-03-28 00:00:00+00:00
[2023-03-27 15:14:38,133] {scheduler_job.py:190} INFO - Processing /opt/airflow/dags/create_dag_with_python_operator.py took 0.603 seconds
[2023-03-27 15:15:08,918] {scheduler_job.py:182} INFO - Started process (PID=333) to work on /opt/airflow/dags/create_dag_with_python_operator.py
[2023-03-27 15:15:08,926] {scheduler_job.py:629} INFO - Processing file /opt/airflow/dags/create_dag_with_python_operator.py for tasks to queue
[2023-03-27 15:15:08,934] {logging_mixin.py:104} INFO - [2023-03-27 15:15:08,934] {dagbag.py:451} INFO - Filling up the DagBag from /opt/airflow/dags/create_dag_with_python_operator.py
[2023-03-27 15:15:09,021] {scheduler_job.py:639} INFO - DAG(s) dict_keys(['dag_python_operator_v5']) retrieved from /opt/airflow/dags/create_dag_with_python_operator.py
[2023-03-27 15:15:09,243] {logging_mixin.py:104} INFO - [2023-03-27 15:15:09,243] {dag.py:1824} INFO - Sync 1 DAGs
[2023-03-27 15:15:09,304] {logging_mixin.py:104} INFO - [2023-03-27 15:15:09,304] {dag.py:2280} INFO - Setting next_dagrun for dag_python_operator_v5 to 2023-03-28 00:00:00+00:00
[2023-03-27 15:15:09,326] {scheduler_job.py:190} INFO - Processing /opt/airflow/dags/create_dag_with_python_operator.py took 0.440 seconds
[2023-03-27 15:15:43,932] {scheduler_job.py:182} INFO - Started process (PID=337) to work on /opt/airflow/dags/create_dag_with_python_operator.py
[2023-03-27 15:15:43,951] {scheduler_job.py:629} INFO - Processing file /opt/airflow/dags/create_dag_with_python_operator.py for tasks to queue
[2023-03-27 15:15:43,989] {logging_mixin.py:104} INFO - [2023-03-27 15:15:43,988] {dagbag.py:451} INFO - Filling up the DagBag from /opt/airflow/dags/create_dag_with_python_operator.py
[2023-03-27 15:15:44,364] {scheduler_job.py:639} INFO - DAG(s) dict_keys(['dag_python_operator_v5']) retrieved from /opt/airflow/dags/create_dag_with_python_operator.py
[2023-03-27 15:15:44,795] {logging_mixin.py:104} INFO - [2023-03-27 15:15:44,793] {dag.py:1824} INFO - Sync 1 DAGs
[2023-03-27 15:15:45,134] {logging_mixin.py:104} INFO - [2023-03-27 15:15:45,133] {dag.py:2280} INFO - Setting next_dagrun for dag_python_operator_v5 to 2023-03-28 00:00:00+00:00
[2023-03-27 15:15:45,508] {scheduler_job.py:190} INFO - Processing /opt/airflow/dags/create_dag_with_python_operator.py took 1.594 seconds
[2023-03-27 15:16:22,321] {scheduler_job.py:182} INFO - Started process (PID=341) to work on /opt/airflow/dags/create_dag_with_python_operator.py
[2023-03-27 15:16:22,425] {scheduler_job.py:629} INFO - Processing file /opt/airflow/dags/create_dag_with_python_operator.py for tasks to queue
[2023-03-27 15:16:22,585] {logging_mixin.py:104} INFO - [2023-03-27 15:16:22,581] {dagbag.py:451} INFO - Filling up the DagBag from /opt/airflow/dags/create_dag_with_python_operator.py
[2023-03-27 15:16:23,959] {scheduler_job.py:639} INFO - DAG(s) dict_keys(['dag_python_operator_v5']) retrieved from /opt/airflow/dags/create_dag_with_python_operator.py
[2023-03-27 15:16:24,396] {logging_mixin.py:104} INFO - [2023-03-27 15:16:24,389] {dag.py:1824} INFO - Sync 1 DAGs
[2023-03-27 15:16:24,763] {logging_mixin.py:104} INFO - [2023-03-27 15:16:24,762] {dag.py:2280} INFO - Setting next_dagrun for dag_python_operator_v5 to 2023-03-28 00:00:00+00:00
[2023-03-27 15:16:24,902] {scheduler_job.py:190} INFO - Processing /opt/airflow/dags/create_dag_with_python_operator.py took 3.169 seconds
[2023-03-27 15:17:00,491] {scheduler_job.py:182} INFO - Started process (PID=345) to work on /opt/airflow/dags/create_dag_with_python_operator.py
[2023-03-27 15:17:00,559] {scheduler_job.py:629} INFO - Processing file /opt/airflow/dags/create_dag_with_python_operator.py for tasks to queue
[2023-03-27 15:17:00,682] {logging_mixin.py:104} INFO - [2023-03-27 15:17:00,673] {dagbag.py:451} INFO - Filling up the DagBag from /opt/airflow/dags/create_dag_with_python_operator.py
[2023-03-27 15:17:04,848] {scheduler_job.py:639} INFO - DAG(s) dict_keys(['dag_python_operator_v5']) retrieved from /opt/airflow/dags/create_dag_with_python_operator.py
[2023-03-27 15:17:12,050] {logging_mixin.py:104} INFO - [2023-03-27 15:17:12,018] {dag.py:1824} INFO - Sync 1 DAGs
[2023-03-27 15:17:15,361] {logging_mixin.py:104} INFO - [2023-03-27 15:17:15,354] {dag.py:2280} INFO - Setting next_dagrun for dag_python_operator_v5 to 2023-03-28 00:00:00+00:00
[2023-03-27 15:17:15,973] {scheduler_job.py:190} INFO - Processing /opt/airflow/dags/create_dag_with_python_operator.py took 15.557 seconds
[2023-03-27 15:17:50,445] {scheduler_job.py:182} INFO - Started process (PID=349) to work on /opt/airflow/dags/create_dag_with_python_operator.py
[2023-03-27 15:17:50,518] {scheduler_job.py:629} INFO - Processing file /opt/airflow/dags/create_dag_with_python_operator.py for tasks to queue
[2023-03-27 15:17:50,566] {logging_mixin.py:104} INFO - [2023-03-27 15:17:50,565] {dagbag.py:451} INFO - Filling up the DagBag from /opt/airflow/dags/create_dag_with_python_operator.py
[2023-03-27 15:17:51,335] {scheduler_job.py:639} INFO - DAG(s) dict_keys(['dag_python_operator_v5']) retrieved from /opt/airflow/dags/create_dag_with_python_operator.py
[2023-03-27 15:17:51,808] {logging_mixin.py:104} INFO - [2023-03-27 15:17:51,807] {dag.py:1824} INFO - Sync 1 DAGs
[2023-03-27 15:17:52,013] {logging_mixin.py:104} INFO - [2023-03-27 15:17:52,011] {dag.py:2280} INFO - Setting next_dagrun for dag_python_operator_v5 to 2023-03-28 00:00:00+00:00
[2023-03-27 15:17:52,095] {scheduler_job.py:190} INFO - Processing /opt/airflow/dags/create_dag_with_python_operator.py took 1.776 seconds
[2023-03-27 15:18:24,141] {scheduler_job.py:182} INFO - Started process (PID=353) to work on /opt/airflow/dags/create_dag_with_python_operator.py
[2023-03-27 15:18:24,205] {scheduler_job.py:629} INFO - Processing file /opt/airflow/dags/create_dag_with_python_operator.py for tasks to queue
[2023-03-27 15:18:24,238] {logging_mixin.py:104} INFO - [2023-03-27 15:18:24,237] {dagbag.py:451} INFO - Filling up the DagBag from /opt/airflow/dags/create_dag_with_python_operator.py
[2023-03-27 15:18:25,279] {scheduler_job.py:639} INFO - DAG(s) dict_keys(['dag_python_operator_v5']) retrieved from /opt/airflow/dags/create_dag_with_python_operator.py
[2023-03-27 15:18:26,160] {logging_mixin.py:104} INFO - [2023-03-27 15:18:26,157] {dag.py:1824} INFO - Sync 1 DAGs
[2023-03-27 15:18:26,429] {logging_mixin.py:104} INFO - [2023-03-27 15:18:26,427] {dag.py:2280} INFO - Setting next_dagrun for dag_python_operator_v5 to 2023-03-28 00:00:00+00:00
[2023-03-27 15:18:26,577] {scheduler_job.py:190} INFO - Processing /opt/airflow/dags/create_dag_with_python_operator.py took 2.595 seconds
[2023-03-27 15:18:57,250] {scheduler_job.py:182} INFO - Started process (PID=357) to work on /opt/airflow/dags/create_dag_with_python_operator.py
[2023-03-27 15:18:57,258] {scheduler_job.py:629} INFO - Processing file /opt/airflow/dags/create_dag_with_python_operator.py for tasks to queue
[2023-03-27 15:18:57,266] {logging_mixin.py:104} INFO - [2023-03-27 15:18:57,265] {dagbag.py:451} INFO - Filling up the DagBag from /opt/airflow/dags/create_dag_with_python_operator.py
[2023-03-27 15:18:57,519] {scheduler_job.py:639} INFO - DAG(s) dict_keys(['dag_python_operator_v5']) retrieved from /opt/airflow/dags/create_dag_with_python_operator.py
[2023-03-27 15:18:58,159] {logging_mixin.py:104} INFO - [2023-03-27 15:18:58,122] {dag.py:1824} INFO - Sync 1 DAGs
[2023-03-27 15:18:58,762] {logging_mixin.py:104} INFO - [2023-03-27 15:18:58,760] {dag.py:2280} INFO - Setting next_dagrun for dag_python_operator_v5 to 2023-03-28 00:00:00+00:00
[2023-03-27 15:18:59,102] {scheduler_job.py:190} INFO - Processing /opt/airflow/dags/create_dag_with_python_operator.py took 1.896 seconds
[2023-03-27 15:19:30,373] {scheduler_job.py:182} INFO - Started process (PID=361) to work on /opt/airflow/dags/create_dag_with_python_operator.py
[2023-03-27 15:19:30,401] {scheduler_job.py:629} INFO - Processing file /opt/airflow/dags/create_dag_with_python_operator.py for tasks to queue
[2023-03-27 15:19:30,413] {logging_mixin.py:104} INFO - [2023-03-27 15:19:30,412] {dagbag.py:451} INFO - Filling up the DagBag from /opt/airflow/dags/create_dag_with_python_operator.py
[2023-03-27 15:19:30,593] {scheduler_job.py:639} INFO - DAG(s) dict_keys(['dag_python_operator_v5']) retrieved from /opt/airflow/dags/create_dag_with_python_operator.py
[2023-03-27 15:19:30,736] {logging_mixin.py:104} INFO - [2023-03-27 15:19:30,735] {dag.py:1824} INFO - Sync 1 DAGs
[2023-03-27 15:19:30,865] {logging_mixin.py:104} INFO - [2023-03-27 15:19:30,864] {dag.py:2280} INFO - Setting next_dagrun for dag_python_operator_v5 to 2023-03-28 00:00:00+00:00
[2023-03-27 15:19:30,926] {scheduler_job.py:190} INFO - Processing /opt/airflow/dags/create_dag_with_python_operator.py took 0.574 seconds
[2023-03-27 15:20:01,943] {scheduler_job.py:182} INFO - Started process (PID=365) to work on /opt/airflow/dags/create_dag_with_python_operator.py
[2023-03-27 15:20:01,949] {scheduler_job.py:629} INFO - Processing file /opt/airflow/dags/create_dag_with_python_operator.py for tasks to queue
[2023-03-27 15:20:01,953] {logging_mixin.py:104} INFO - [2023-03-27 15:20:01,953] {dagbag.py:451} INFO - Filling up the DagBag from /opt/airflow/dags/create_dag_with_python_operator.py
[2023-03-27 15:20:02,068] {scheduler_job.py:639} INFO - DAG(s) dict_keys(['dag_python_operator_v5']) retrieved from /opt/airflow/dags/create_dag_with_python_operator.py
[2023-03-27 15:20:02,177] {logging_mixin.py:104} INFO - [2023-03-27 15:20:02,176] {dag.py:1824} INFO - Sync 1 DAGs
[2023-03-27 15:20:02,285] {logging_mixin.py:104} INFO - [2023-03-27 15:20:02,284] {dag.py:2280} INFO - Setting next_dagrun for dag_python_operator_v5 to 2023-03-28 00:00:00+00:00
[2023-03-27 15:20:02,306] {scheduler_job.py:190} INFO - Processing /opt/airflow/dags/create_dag_with_python_operator.py took 0.378 seconds
[2023-03-27 15:20:32,503] {scheduler_job.py:182} INFO - Started process (PID=369) to work on /opt/airflow/dags/create_dag_with_python_operator.py
[2023-03-27 15:20:32,509] {scheduler_job.py:629} INFO - Processing file /opt/airflow/dags/create_dag_with_python_operator.py for tasks to queue
[2023-03-27 15:20:32,513] {logging_mixin.py:104} INFO - [2023-03-27 15:20:32,513] {dagbag.py:451} INFO - Filling up the DagBag from /opt/airflow/dags/create_dag_with_python_operator.py
[2023-03-27 15:20:32,643] {scheduler_job.py:639} INFO - DAG(s) dict_keys(['dag_python_operator_v5']) retrieved from /opt/airflow/dags/create_dag_with_python_operator.py
[2023-03-27 15:20:32,775] {logging_mixin.py:104} INFO - [2023-03-27 15:20:32,775] {dag.py:1824} INFO - Sync 1 DAGs
[2023-03-27 15:20:32,828] {logging_mixin.py:104} INFO - [2023-03-27 15:20:32,827] {dag.py:2280} INFO - Setting next_dagrun for dag_python_operator_v5 to 2023-03-28 00:00:00+00:00
[2023-03-27 15:20:32,851] {scheduler_job.py:190} INFO - Processing /opt/airflow/dags/create_dag_with_python_operator.py took 0.362 seconds
[2023-03-27 15:21:03,736] {scheduler_job.py:182} INFO - Started process (PID=373) to work on /opt/airflow/dags/create_dag_with_python_operator.py
[2023-03-27 15:21:03,742] {scheduler_job.py:629} INFO - Processing file /opt/airflow/dags/create_dag_with_python_operator.py for tasks to queue
[2023-03-27 15:21:03,747] {logging_mixin.py:104} INFO - [2023-03-27 15:21:03,747] {dagbag.py:451} INFO - Filling up the DagBag from /opt/airflow/dags/create_dag_with_python_operator.py
[2023-03-27 15:21:03,829] {scheduler_job.py:639} INFO - DAG(s) dict_keys(['dag_python_operator_v5']) retrieved from /opt/airflow/dags/create_dag_with_python_operator.py
[2023-03-27 15:21:03,973] {logging_mixin.py:104} INFO - [2023-03-27 15:21:03,973] {dag.py:1824} INFO - Sync 1 DAGs
[2023-03-27 15:21:04,047] {logging_mixin.py:104} INFO - [2023-03-27 15:21:04,047] {dag.py:2280} INFO - Setting next_dagrun for dag_python_operator_v5 to 2023-03-28 00:00:00+00:00
[2023-03-27 15:21:04,068] {scheduler_job.py:190} INFO - Processing /opt/airflow/dags/create_dag_with_python_operator.py took 0.345 seconds
[2023-03-27 15:21:35,256] {scheduler_job.py:182} INFO - Started process (PID=377) to work on /opt/airflow/dags/create_dag_with_python_operator.py
[2023-03-27 15:21:35,266] {scheduler_job.py:629} INFO - Processing file /opt/airflow/dags/create_dag_with_python_operator.py for tasks to queue
[2023-03-27 15:21:35,276] {logging_mixin.py:104} INFO - [2023-03-27 15:21:35,275] {dagbag.py:451} INFO - Filling up the DagBag from /opt/airflow/dags/create_dag_with_python_operator.py
[2023-03-27 15:21:35,389] {scheduler_job.py:639} INFO - DAG(s) dict_keys(['dag_python_operator_v5']) retrieved from /opt/airflow/dags/create_dag_with_python_operator.py
[2023-03-27 15:21:35,570] {logging_mixin.py:104} INFO - [2023-03-27 15:21:35,570] {dag.py:1824} INFO - Sync 1 DAGs
[2023-03-27 15:21:35,683] {logging_mixin.py:104} INFO - [2023-03-27 15:21:35,682] {dag.py:2280} INFO - Setting next_dagrun for dag_python_operator_v5 to 2023-03-28 00:00:00+00:00
[2023-03-27 15:21:35,847] {scheduler_job.py:190} INFO - Processing /opt/airflow/dags/create_dag_with_python_operator.py took 0.623 seconds
[2023-03-27 15:22:06,187] {scheduler_job.py:182} INFO - Started process (PID=381) to work on /opt/airflow/dags/create_dag_with_python_operator.py
[2023-03-27 15:22:06,193] {scheduler_job.py:629} INFO - Processing file /opt/airflow/dags/create_dag_with_python_operator.py for tasks to queue
[2023-03-27 15:22:06,198] {logging_mixin.py:104} INFO - [2023-03-27 15:22:06,198] {dagbag.py:451} INFO - Filling up the DagBag from /opt/airflow/dags/create_dag_with_python_operator.py
[2023-03-27 15:22:06,315] {scheduler_job.py:639} INFO - DAG(s) dict_keys(['dag_python_operator_v5']) retrieved from /opt/airflow/dags/create_dag_with_python_operator.py
[2023-03-27 15:22:06,424] {logging_mixin.py:104} INFO - [2023-03-27 15:22:06,424] {dag.py:1824} INFO - Sync 1 DAGs
[2023-03-27 15:22:06,478] {logging_mixin.py:104} INFO - [2023-03-27 15:22:06,478] {dag.py:2280} INFO - Setting next_dagrun for dag_python_operator_v5 to 2023-03-28 00:00:00+00:00
[2023-03-27 15:22:06,505] {scheduler_job.py:190} INFO - Processing /opt/airflow/dags/create_dag_with_python_operator.py took 0.330 seconds
[2023-03-27 15:22:36,868] {scheduler_job.py:182} INFO - Started process (PID=385) to work on /opt/airflow/dags/create_dag_with_python_operator.py
[2023-03-27 15:22:36,872] {scheduler_job.py:629} INFO - Processing file /opt/airflow/dags/create_dag_with_python_operator.py for tasks to queue
[2023-03-27 15:22:36,876] {logging_mixin.py:104} INFO - [2023-03-27 15:22:36,876] {dagbag.py:451} INFO - Filling up the DagBag from /opt/airflow/dags/create_dag_with_python_operator.py
[2023-03-27 15:22:36,966] {scheduler_job.py:639} INFO - DAG(s) dict_keys(['dag_python_operator_v5']) retrieved from /opt/airflow/dags/create_dag_with_python_operator.py
[2023-03-27 15:22:37,064] {logging_mixin.py:104} INFO - [2023-03-27 15:22:37,063] {dag.py:1824} INFO - Sync 1 DAGs
[2023-03-27 15:22:37,129] {logging_mixin.py:104} INFO - [2023-03-27 15:22:37,129] {dag.py:2280} INFO - Setting next_dagrun for dag_python_operator_v5 to 2023-03-28 00:00:00+00:00
[2023-03-27 15:22:37,178] {scheduler_job.py:190} INFO - Processing /opt/airflow/dags/create_dag_with_python_operator.py took 0.326 seconds
[2023-03-27 15:23:08,546] {scheduler_job.py:182} INFO - Started process (PID=389) to work on /opt/airflow/dags/create_dag_with_python_operator.py
[2023-03-27 15:23:08,577] {scheduler_job.py:629} INFO - Processing file /opt/airflow/dags/create_dag_with_python_operator.py for tasks to queue
[2023-03-27 15:23:08,584] {logging_mixin.py:104} INFO - [2023-03-27 15:23:08,583] {dagbag.py:451} INFO - Filling up the DagBag from /opt/airflow/dags/create_dag_with_python_operator.py
[2023-03-27 15:23:08,682] {scheduler_job.py:639} INFO - DAG(s) dict_keys(['dag_python_operator_v5']) retrieved from /opt/airflow/dags/create_dag_with_python_operator.py
[2023-03-27 15:23:08,803] {logging_mixin.py:104} INFO - [2023-03-27 15:23:08,802] {dag.py:1824} INFO - Sync 1 DAGs
[2023-03-27 15:23:08,856] {logging_mixin.py:104} INFO - [2023-03-27 15:23:08,856] {dag.py:2280} INFO - Setting next_dagrun for dag_python_operator_v5 to 2023-03-28 00:00:00+00:00
[2023-03-27 15:23:08,892] {scheduler_job.py:190} INFO - Processing /opt/airflow/dags/create_dag_with_python_operator.py took 0.366 seconds
