[2023-03-27 14:36:41,579] {scheduler_job.py:182} INFO - Started process (PID=37) to work on /opt/airflow/dags/dag_with_taskflow_api.py
[2023-03-27 14:36:41,599] {scheduler_job.py:629} INFO - Processing file /opt/airflow/dags/dag_with_taskflow_api.py for tasks to queue
[2023-03-27 14:36:41,607] {logging_mixin.py:104} INFO - [2023-03-27 14:36:41,606] {dagbag.py:451} INFO - Filling up the DagBag from /opt/airflow/dags/dag_with_taskflow_api.py
[2023-03-27 14:36:41,983] {scheduler_job.py:639} INFO - DAG(s) dict_keys(['dag_with_taskflow_api_v02']) retrieved from /opt/airflow/dags/dag_with_taskflow_api.py
[2023-03-27 14:36:42,168] {logging_mixin.py:104} INFO - [2023-03-27 14:36:42,167] {dag.py:1824} INFO - Sync 1 DAGs
[2023-03-27 14:36:42,250] {logging_mixin.py:104} INFO - [2023-03-27 14:36:42,250] {dag.py:2280} INFO - Setting next_dagrun for dag_with_taskflow_api_v02 to 2023-03-26 00:00:00+00:00
[2023-03-27 14:36:42,336] {scheduler_job.py:190} INFO - Processing /opt/airflow/dags/dag_with_taskflow_api.py took 0.794 seconds
[2023-03-27 14:36:43,126] {scheduler_job.py:182} INFO - Started process (PID=38) to work on /opt/airflow/dags/dag_with_taskflow_api.py
[2023-03-27 14:36:43,130] {scheduler_job.py:629} INFO - Processing file /opt/airflow/dags/dag_with_taskflow_api.py for tasks to queue
[2023-03-27 14:36:43,135] {logging_mixin.py:104} INFO - [2023-03-27 14:36:43,135] {dagbag.py:451} INFO - Filling up the DagBag from /opt/airflow/dags/dag_with_taskflow_api.py
[2023-03-27 14:36:43,283] {scheduler_job.py:639} INFO - DAG(s) dict_keys(['dag_with_taskflow_api_v02']) retrieved from /opt/airflow/dags/dag_with_taskflow_api.py
[2023-03-27 14:36:43,394] {logging_mixin.py:104} INFO - [2023-03-27 14:36:43,394] {dag.py:1824} INFO - Sync 1 DAGs
[2023-03-27 14:36:43,524] {logging_mixin.py:104} INFO - [2023-03-27 14:36:43,521] {dag.py:2280} INFO - Setting next_dagrun for dag_with_taskflow_api_v02 to 2023-03-26 00:00:00+00:00
[2023-03-27 14:36:43,588] {scheduler_job.py:190} INFO - Processing /opt/airflow/dags/dag_with_taskflow_api.py took 0.479 seconds
[2023-03-27 14:37:15,554] {scheduler_job.py:182} INFO - Started process (PID=42) to work on /opt/airflow/dags/dag_with_taskflow_api.py
[2023-03-27 14:37:15,572] {scheduler_job.py:629} INFO - Processing file /opt/airflow/dags/dag_with_taskflow_api.py for tasks to queue
[2023-03-27 14:37:15,575] {logging_mixin.py:104} INFO - [2023-03-27 14:37:15,575] {dagbag.py:451} INFO - Filling up the DagBag from /opt/airflow/dags/dag_with_taskflow_api.py
[2023-03-27 14:37:15,817] {scheduler_job.py:639} INFO - DAG(s) dict_keys(['dag_with_taskflow_api_v02']) retrieved from /opt/airflow/dags/dag_with_taskflow_api.py
[2023-03-27 14:37:15,989] {logging_mixin.py:104} INFO - [2023-03-27 14:37:15,989] {dag.py:1824} INFO - Sync 1 DAGs
[2023-03-27 14:37:16,047] {logging_mixin.py:104} INFO - [2023-03-27 14:37:16,047] {dag.py:2280} INFO - Setting next_dagrun for dag_with_taskflow_api_v02 to 2023-03-26 00:00:00+00:00
[2023-03-27 14:37:16,133] {scheduler_job.py:190} INFO - Processing /opt/airflow/dags/dag_with_taskflow_api.py took 0.647 seconds
[2023-03-27 14:37:46,678] {scheduler_job.py:182} INFO - Started process (PID=46) to work on /opt/airflow/dags/dag_with_taskflow_api.py
[2023-03-27 14:37:46,681] {scheduler_job.py:629} INFO - Processing file /opt/airflow/dags/dag_with_taskflow_api.py for tasks to queue
[2023-03-27 14:37:46,685] {logging_mixin.py:104} INFO - [2023-03-27 14:37:46,684] {dagbag.py:451} INFO - Filling up the DagBag from /opt/airflow/dags/dag_with_taskflow_api.py
[2023-03-27 14:37:46,801] {scheduler_job.py:639} INFO - DAG(s) dict_keys(['dag_with_taskflow_api_v02']) retrieved from /opt/airflow/dags/dag_with_taskflow_api.py
[2023-03-27 14:37:47,041] {logging_mixin.py:104} INFO - [2023-03-27 14:37:47,041] {dag.py:1824} INFO - Sync 1 DAGs
[2023-03-27 14:37:47,141] {logging_mixin.py:104} INFO - [2023-03-27 14:37:47,140] {dag.py:2280} INFO - Setting next_dagrun for dag_with_taskflow_api_v02 to 2023-03-26 00:00:00+00:00
[2023-03-27 14:37:47,204] {scheduler_job.py:190} INFO - Processing /opt/airflow/dags/dag_with_taskflow_api.py took 0.543 seconds
[2023-03-27 14:38:17,585] {scheduler_job.py:182} INFO - Started process (PID=50) to work on /opt/airflow/dags/dag_with_taskflow_api.py
[2023-03-27 14:38:17,589] {scheduler_job.py:629} INFO - Processing file /opt/airflow/dags/dag_with_taskflow_api.py for tasks to queue
[2023-03-27 14:38:17,590] {logging_mixin.py:104} INFO - [2023-03-27 14:38:17,590] {dagbag.py:451} INFO - Filling up the DagBag from /opt/airflow/dags/dag_with_taskflow_api.py
[2023-03-27 14:38:17,640] {scheduler_job.py:639} INFO - DAG(s) dict_keys(['dag_with_taskflow_api_v02']) retrieved from /opt/airflow/dags/dag_with_taskflow_api.py
[2023-03-27 14:38:17,702] {logging_mixin.py:104} INFO - [2023-03-27 14:38:17,701] {dag.py:1824} INFO - Sync 1 DAGs
[2023-03-27 14:38:17,738] {logging_mixin.py:104} INFO - [2023-03-27 14:38:17,738] {dag.py:2280} INFO - Setting next_dagrun for dag_with_taskflow_api_v02 to 2023-03-26 00:00:00+00:00
[2023-03-27 14:38:17,753] {scheduler_job.py:190} INFO - Processing /opt/airflow/dags/dag_with_taskflow_api.py took 0.173 seconds
[2023-03-27 14:38:48,452] {scheduler_job.py:182} INFO - Started process (PID=54) to work on /opt/airflow/dags/dag_with_taskflow_api.py
[2023-03-27 14:38:48,456] {scheduler_job.py:629} INFO - Processing file /opt/airflow/dags/dag_with_taskflow_api.py for tasks to queue
[2023-03-27 14:38:48,457] {logging_mixin.py:104} INFO - [2023-03-27 14:38:48,457] {dagbag.py:451} INFO - Filling up the DagBag from /opt/airflow/dags/dag_with_taskflow_api.py
[2023-03-27 14:38:48,489] {scheduler_job.py:639} INFO - DAG(s) dict_keys(['dag_with_taskflow_api_v02']) retrieved from /opt/airflow/dags/dag_with_taskflow_api.py
[2023-03-27 14:38:48,544] {logging_mixin.py:104} INFO - [2023-03-27 14:38:48,544] {dag.py:1824} INFO - Sync 1 DAGs
[2023-03-27 14:38:48,576] {logging_mixin.py:104} INFO - [2023-03-27 14:38:48,576] {dag.py:2280} INFO - Setting next_dagrun for dag_with_taskflow_api_v02 to 2023-03-26 00:00:00+00:00
[2023-03-27 14:38:48,589] {scheduler_job.py:190} INFO - Processing /opt/airflow/dags/dag_with_taskflow_api.py took 0.144 seconds
[2023-03-27 14:39:20,092] {scheduler_job.py:182} INFO - Started process (PID=58) to work on /opt/airflow/dags/dag_with_taskflow_api.py
[2023-03-27 14:39:20,099] {scheduler_job.py:629} INFO - Processing file /opt/airflow/dags/dag_with_taskflow_api.py for tasks to queue
[2023-03-27 14:39:20,122] {logging_mixin.py:104} INFO - [2023-03-27 14:39:20,112] {dagbag.py:451} INFO - Filling up the DagBag from /opt/airflow/dags/dag_with_taskflow_api.py
[2023-03-27 14:39:20,292] {scheduler_job.py:639} INFO - DAG(s) dict_keys(['dag_with_taskflow_api_v02']) retrieved from /opt/airflow/dags/dag_with_taskflow_api.py
[2023-03-27 14:39:20,423] {logging_mixin.py:104} INFO - [2023-03-27 14:39:20,423] {dag.py:1824} INFO - Sync 1 DAGs
[2023-03-27 14:39:20,470] {logging_mixin.py:104} INFO - [2023-03-27 14:39:20,470] {dag.py:2280} INFO - Setting next_dagrun for dag_with_taskflow_api_v02 to 2023-03-26 00:00:00+00:00
[2023-03-27 14:39:20,507] {scheduler_job.py:190} INFO - Processing /opt/airflow/dags/dag_with_taskflow_api.py took 0.431 seconds
[2023-03-27 14:39:51,113] {scheduler_job.py:182} INFO - Started process (PID=62) to work on /opt/airflow/dags/dag_with_taskflow_api.py
[2023-03-27 14:39:51,116] {scheduler_job.py:629} INFO - Processing file /opt/airflow/dags/dag_with_taskflow_api.py for tasks to queue
[2023-03-27 14:39:51,118] {logging_mixin.py:104} INFO - [2023-03-27 14:39:51,117] {dagbag.py:451} INFO - Filling up the DagBag from /opt/airflow/dags/dag_with_taskflow_api.py
[2023-03-27 14:39:51,197] {scheduler_job.py:639} INFO - DAG(s) dict_keys(['dag_with_taskflow_api_v02']) retrieved from /opt/airflow/dags/dag_with_taskflow_api.py
[2023-03-27 14:39:51,273] {logging_mixin.py:104} INFO - [2023-03-27 14:39:51,273] {dag.py:1824} INFO - Sync 1 DAGs
[2023-03-27 14:39:51,302] {logging_mixin.py:104} INFO - [2023-03-27 14:39:51,301] {dag.py:2280} INFO - Setting next_dagrun for dag_with_taskflow_api_v02 to 2023-03-26 00:00:00+00:00
[2023-03-27 14:39:51,353] {scheduler_job.py:190} INFO - Processing /opt/airflow/dags/dag_with_taskflow_api.py took 0.251 seconds
[2023-03-27 14:40:21,804] {scheduler_job.py:182} INFO - Started process (PID=66) to work on /opt/airflow/dags/dag_with_taskflow_api.py
[2023-03-27 14:40:21,807] {scheduler_job.py:629} INFO - Processing file /opt/airflow/dags/dag_with_taskflow_api.py for tasks to queue
[2023-03-27 14:40:21,815] {logging_mixin.py:104} INFO - [2023-03-27 14:40:21,814] {dagbag.py:451} INFO - Filling up the DagBag from /opt/airflow/dags/dag_with_taskflow_api.py
[2023-03-27 14:40:21,872] {scheduler_job.py:639} INFO - DAG(s) dict_keys(['dag_with_taskflow_api_v02']) retrieved from /opt/airflow/dags/dag_with_taskflow_api.py
[2023-03-27 14:40:21,930] {logging_mixin.py:104} INFO - [2023-03-27 14:40:21,930] {dag.py:1824} INFO - Sync 1 DAGs
[2023-03-27 14:40:21,978] {logging_mixin.py:104} INFO - [2023-03-27 14:40:21,978] {dag.py:2280} INFO - Setting next_dagrun for dag_with_taskflow_api_v02 to 2023-03-26 00:00:00+00:00
[2023-03-27 14:40:21,997] {scheduler_job.py:190} INFO - Processing /opt/airflow/dags/dag_with_taskflow_api.py took 0.199 seconds
[2023-03-27 14:40:52,740] {scheduler_job.py:182} INFO - Started process (PID=70) to work on /opt/airflow/dags/dag_with_taskflow_api.py
[2023-03-27 14:40:52,742] {scheduler_job.py:629} INFO - Processing file /opt/airflow/dags/dag_with_taskflow_api.py for tasks to queue
[2023-03-27 14:40:52,743] {logging_mixin.py:104} INFO - [2023-03-27 14:40:52,743] {dagbag.py:451} INFO - Filling up the DagBag from /opt/airflow/dags/dag_with_taskflow_api.py
[2023-03-27 14:40:52,761] {scheduler_job.py:639} INFO - DAG(s) dict_keys(['dag_with_taskflow_api_v02']) retrieved from /opt/airflow/dags/dag_with_taskflow_api.py
[2023-03-27 14:40:52,791] {logging_mixin.py:104} INFO - [2023-03-27 14:40:52,791] {dag.py:1824} INFO - Sync 1 DAGs
[2023-03-27 14:40:52,824] {logging_mixin.py:104} INFO - [2023-03-27 14:40:52,824] {dag.py:2280} INFO - Setting next_dagrun for dag_with_taskflow_api_v02 to 2023-03-26 00:00:00+00:00
[2023-03-27 14:40:52,833] {scheduler_job.py:190} INFO - Processing /opt/airflow/dags/dag_with_taskflow_api.py took 0.096 seconds
[2023-03-27 14:41:23,677] {scheduler_job.py:182} INFO - Started process (PID=74) to work on /opt/airflow/dags/dag_with_taskflow_api.py
[2023-03-27 14:41:23,681] {scheduler_job.py:629} INFO - Processing file /opt/airflow/dags/dag_with_taskflow_api.py for tasks to queue
[2023-03-27 14:41:23,683] {logging_mixin.py:104} INFO - [2023-03-27 14:41:23,683] {dagbag.py:451} INFO - Filling up the DagBag from /opt/airflow/dags/dag_with_taskflow_api.py
[2023-03-27 14:41:23,720] {scheduler_job.py:639} INFO - DAG(s) dict_keys(['dag_with_taskflow_api_v02']) retrieved from /opt/airflow/dags/dag_with_taskflow_api.py
[2023-03-27 14:41:23,753] {logging_mixin.py:104} INFO - [2023-03-27 14:41:23,753] {dag.py:1824} INFO - Sync 1 DAGs
[2023-03-27 14:41:23,772] {logging_mixin.py:104} INFO - [2023-03-27 14:41:23,772] {dag.py:2280} INFO - Setting next_dagrun for dag_with_taskflow_api_v02 to 2023-03-26 00:00:00+00:00
[2023-03-27 14:41:23,780] {scheduler_job.py:190} INFO - Processing /opt/airflow/dags/dag_with_taskflow_api.py took 0.110 seconds
[2023-03-27 14:41:55,347] {scheduler_job.py:182} INFO - Started process (PID=78) to work on /opt/airflow/dags/dag_with_taskflow_api.py
[2023-03-27 14:41:55,351] {scheduler_job.py:629} INFO - Processing file /opt/airflow/dags/dag_with_taskflow_api.py for tasks to queue
[2023-03-27 14:41:55,353] {logging_mixin.py:104} INFO - [2023-03-27 14:41:55,353] {dagbag.py:451} INFO - Filling up the DagBag from /opt/airflow/dags/dag_with_taskflow_api.py
[2023-03-27 14:41:55,473] {scheduler_job.py:639} INFO - DAG(s) dict_keys(['dag_with_taskflow_api_v02']) retrieved from /opt/airflow/dags/dag_with_taskflow_api.py
[2023-03-27 14:41:55,617] {logging_mixin.py:104} INFO - [2023-03-27 14:41:55,616] {dag.py:1824} INFO - Sync 1 DAGs
[2023-03-27 14:41:55,668] {logging_mixin.py:104} INFO - [2023-03-27 14:41:55,668] {dag.py:2280} INFO - Setting next_dagrun for dag_with_taskflow_api_v02 to 2023-03-26 00:00:00+00:00
[2023-03-27 14:41:55,717] {scheduler_job.py:190} INFO - Processing /opt/airflow/dags/dag_with_taskflow_api.py took 0.391 seconds
[2023-03-27 14:42:27,345] {scheduler_job.py:182} INFO - Started process (PID=82) to work on /opt/airflow/dags/dag_with_taskflow_api.py
[2023-03-27 14:42:27,348] {scheduler_job.py:629} INFO - Processing file /opt/airflow/dags/dag_with_taskflow_api.py for tasks to queue
[2023-03-27 14:42:27,352] {logging_mixin.py:104} INFO - [2023-03-27 14:42:27,352] {dagbag.py:451} INFO - Filling up the DagBag from /opt/airflow/dags/dag_with_taskflow_api.py
[2023-03-27 14:42:27,390] {scheduler_job.py:639} INFO - DAG(s) dict_keys(['dag_with_taskflow_api_v02']) retrieved from /opt/airflow/dags/dag_with_taskflow_api.py
[2023-03-27 14:42:27,425] {logging_mixin.py:104} INFO - [2023-03-27 14:42:27,425] {dag.py:1824} INFO - Sync 1 DAGs
[2023-03-27 14:42:27,450] {logging_mixin.py:104} INFO - [2023-03-27 14:42:27,450] {dag.py:2280} INFO - Setting next_dagrun for dag_with_taskflow_api_v02 to 2023-03-26 00:00:00+00:00
[2023-03-27 14:42:27,470] {scheduler_job.py:190} INFO - Processing /opt/airflow/dags/dag_with_taskflow_api.py took 0.129 seconds
[2023-03-27 14:42:57,991] {scheduler_job.py:182} INFO - Started process (PID=86) to work on /opt/airflow/dags/dag_with_taskflow_api.py
[2023-03-27 14:42:57,992] {scheduler_job.py:629} INFO - Processing file /opt/airflow/dags/dag_with_taskflow_api.py for tasks to queue
[2023-03-27 14:42:57,993] {logging_mixin.py:104} INFO - [2023-03-27 14:42:57,993] {dagbag.py:451} INFO - Filling up the DagBag from /opt/airflow/dags/dag_with_taskflow_api.py
[2023-03-27 14:42:58,013] {scheduler_job.py:639} INFO - DAG(s) dict_keys(['dag_with_taskflow_api_v02']) retrieved from /opt/airflow/dags/dag_with_taskflow_api.py
[2023-03-27 14:42:58,034] {logging_mixin.py:104} INFO - [2023-03-27 14:42:58,034] {dag.py:1824} INFO - Sync 1 DAGs
[2023-03-27 14:42:58,047] {logging_mixin.py:104} INFO - [2023-03-27 14:42:58,047] {dag.py:2280} INFO - Setting next_dagrun for dag_with_taskflow_api_v02 to 2023-03-26 00:00:00+00:00
[2023-03-27 14:42:58,054] {scheduler_job.py:190} INFO - Processing /opt/airflow/dags/dag_with_taskflow_api.py took 0.065 seconds
[2023-03-27 14:43:28,674] {scheduler_job.py:182} INFO - Started process (PID=90) to work on /opt/airflow/dags/dag_with_taskflow_api.py
[2023-03-27 14:43:28,675] {scheduler_job.py:629} INFO - Processing file /opt/airflow/dags/dag_with_taskflow_api.py for tasks to queue
[2023-03-27 14:43:28,676] {logging_mixin.py:104} INFO - [2023-03-27 14:43:28,676] {dagbag.py:451} INFO - Filling up the DagBag from /opt/airflow/dags/dag_with_taskflow_api.py
[2023-03-27 14:43:28,695] {scheduler_job.py:639} INFO - DAG(s) dict_keys(['dag_with_taskflow_api_v02']) retrieved from /opt/airflow/dags/dag_with_taskflow_api.py
[2023-03-27 14:43:28,715] {logging_mixin.py:104} INFO - [2023-03-27 14:43:28,715] {dag.py:1824} INFO - Sync 1 DAGs
[2023-03-27 14:43:28,729] {logging_mixin.py:104} INFO - [2023-03-27 14:43:28,729] {dag.py:2280} INFO - Setting next_dagrun for dag_with_taskflow_api_v02 to 2023-03-26 00:00:00+00:00
[2023-03-27 14:43:28,738] {scheduler_job.py:190} INFO - Processing /opt/airflow/dags/dag_with_taskflow_api.py took 0.067 seconds
[2023-03-27 14:43:59,317] {scheduler_job.py:182} INFO - Started process (PID=94) to work on /opt/airflow/dags/dag_with_taskflow_api.py
[2023-03-27 14:43:59,318] {scheduler_job.py:629} INFO - Processing file /opt/airflow/dags/dag_with_taskflow_api.py for tasks to queue
[2023-03-27 14:43:59,320] {logging_mixin.py:104} INFO - [2023-03-27 14:43:59,320] {dagbag.py:451} INFO - Filling up the DagBag from /opt/airflow/dags/dag_with_taskflow_api.py
[2023-03-27 14:43:59,338] {scheduler_job.py:639} INFO - DAG(s) dict_keys(['dag_with_taskflow_api_v02']) retrieved from /opt/airflow/dags/dag_with_taskflow_api.py
[2023-03-27 14:43:59,359] {logging_mixin.py:104} INFO - [2023-03-27 14:43:59,359] {dag.py:1824} INFO - Sync 1 DAGs
[2023-03-27 14:43:59,371] {logging_mixin.py:104} INFO - [2023-03-27 14:43:59,371] {dag.py:2280} INFO - Setting next_dagrun for dag_with_taskflow_api_v02 to 2023-03-26 00:00:00+00:00
[2023-03-27 14:43:59,377] {scheduler_job.py:190} INFO - Processing /opt/airflow/dags/dag_with_taskflow_api.py took 0.063 seconds
[2023-03-27 14:44:30,006] {scheduler_job.py:182} INFO - Started process (PID=98) to work on /opt/airflow/dags/dag_with_taskflow_api.py
[2023-03-27 14:44:30,008] {scheduler_job.py:629} INFO - Processing file /opt/airflow/dags/dag_with_taskflow_api.py for tasks to queue
[2023-03-27 14:44:30,009] {logging_mixin.py:104} INFO - [2023-03-27 14:44:30,009] {dagbag.py:451} INFO - Filling up the DagBag from /opt/airflow/dags/dag_with_taskflow_api.py
[2023-03-27 14:44:30,028] {scheduler_job.py:639} INFO - DAG(s) dict_keys(['dag_with_taskflow_api_v02']) retrieved from /opt/airflow/dags/dag_with_taskflow_api.py
[2023-03-27 14:44:30,048] {logging_mixin.py:104} INFO - [2023-03-27 14:44:30,048] {dag.py:1824} INFO - Sync 1 DAGs
[2023-03-27 14:44:30,060] {logging_mixin.py:104} INFO - [2023-03-27 14:44:30,060] {dag.py:2280} INFO - Setting next_dagrun for dag_with_taskflow_api_v02 to 2023-03-26 00:00:00+00:00
[2023-03-27 14:44:30,067] {scheduler_job.py:190} INFO - Processing /opt/airflow/dags/dag_with_taskflow_api.py took 0.063 seconds
[2023-03-27 14:45:00,527] {scheduler_job.py:182} INFO - Started process (PID=102) to work on /opt/airflow/dags/dag_with_taskflow_api.py
[2023-03-27 14:45:00,528] {scheduler_job.py:629} INFO - Processing file /opt/airflow/dags/dag_with_taskflow_api.py for tasks to queue
[2023-03-27 14:45:00,529] {logging_mixin.py:104} INFO - [2023-03-27 14:45:00,529] {dagbag.py:451} INFO - Filling up the DagBag from /opt/airflow/dags/dag_with_taskflow_api.py
[2023-03-27 14:45:00,548] {scheduler_job.py:639} INFO - DAG(s) dict_keys(['dag_with_taskflow_api_v02']) retrieved from /opt/airflow/dags/dag_with_taskflow_api.py
[2023-03-27 14:45:00,571] {logging_mixin.py:104} INFO - [2023-03-27 14:45:00,571] {dag.py:1824} INFO - Sync 1 DAGs
[2023-03-27 14:45:00,584] {logging_mixin.py:104} INFO - [2023-03-27 14:45:00,584] {dag.py:2280} INFO - Setting next_dagrun for dag_with_taskflow_api_v02 to 2023-03-26 00:00:00+00:00
[2023-03-27 14:45:00,593] {scheduler_job.py:190} INFO - Processing /opt/airflow/dags/dag_with_taskflow_api.py took 0.069 seconds
[2023-03-27 14:45:31,196] {scheduler_job.py:182} INFO - Started process (PID=106) to work on /opt/airflow/dags/dag_with_taskflow_api.py
[2023-03-27 14:45:31,202] {scheduler_job.py:629} INFO - Processing file /opt/airflow/dags/dag_with_taskflow_api.py for tasks to queue
[2023-03-27 14:45:31,203] {logging_mixin.py:104} INFO - [2023-03-27 14:45:31,202] {dagbag.py:451} INFO - Filling up the DagBag from /opt/airflow/dags/dag_with_taskflow_api.py
[2023-03-27 14:45:31,219] {scheduler_job.py:639} INFO - DAG(s) dict_keys(['dag_with_taskflow_api_v02']) retrieved from /opt/airflow/dags/dag_with_taskflow_api.py
[2023-03-27 14:45:31,245] {logging_mixin.py:104} INFO - [2023-03-27 14:45:31,245] {dag.py:1824} INFO - Sync 1 DAGs
[2023-03-27 14:45:31,265] {logging_mixin.py:104} INFO - [2023-03-27 14:45:31,265] {dag.py:2280} INFO - Setting next_dagrun for dag_with_taskflow_api_v02 to 2023-03-26 00:00:00+00:00
[2023-03-27 14:45:31,274] {scheduler_job.py:190} INFO - Processing /opt/airflow/dags/dag_with_taskflow_api.py took 0.081 seconds
[2023-03-27 14:46:01,807] {scheduler_job.py:182} INFO - Started process (PID=110) to work on /opt/airflow/dags/dag_with_taskflow_api.py
[2023-03-27 14:46:01,808] {scheduler_job.py:629} INFO - Processing file /opt/airflow/dags/dag_with_taskflow_api.py for tasks to queue
[2023-03-27 14:46:01,809] {logging_mixin.py:104} INFO - [2023-03-27 14:46:01,809] {dagbag.py:451} INFO - Filling up the DagBag from /opt/airflow/dags/dag_with_taskflow_api.py
[2023-03-27 14:46:01,825] {scheduler_job.py:639} INFO - DAG(s) dict_keys(['dag_with_taskflow_api_v02']) retrieved from /opt/airflow/dags/dag_with_taskflow_api.py
[2023-03-27 14:46:01,846] {logging_mixin.py:104} INFO - [2023-03-27 14:46:01,845] {dag.py:1824} INFO - Sync 1 DAGs
[2023-03-27 14:46:01,864] {logging_mixin.py:104} INFO - [2023-03-27 14:46:01,864] {dag.py:2280} INFO - Setting next_dagrun for dag_with_taskflow_api_v02 to 2023-03-26 00:00:00+00:00
[2023-03-27 14:46:01,875] {scheduler_job.py:190} INFO - Processing /opt/airflow/dags/dag_with_taskflow_api.py took 0.071 seconds
[2023-03-27 14:46:32,460] {scheduler_job.py:182} INFO - Started process (PID=114) to work on /opt/airflow/dags/dag_with_taskflow_api.py
[2023-03-27 14:46:32,463] {scheduler_job.py:629} INFO - Processing file /opt/airflow/dags/dag_with_taskflow_api.py for tasks to queue
[2023-03-27 14:46:32,465] {logging_mixin.py:104} INFO - [2023-03-27 14:46:32,464] {dagbag.py:451} INFO - Filling up the DagBag from /opt/airflow/dags/dag_with_taskflow_api.py
[2023-03-27 14:46:32,491] {scheduler_job.py:639} INFO - DAG(s) dict_keys(['dag_with_taskflow_api_v02']) retrieved from /opt/airflow/dags/dag_with_taskflow_api.py
[2023-03-27 14:46:32,518] {logging_mixin.py:104} INFO - [2023-03-27 14:46:32,518] {dag.py:1824} INFO - Sync 1 DAGs
[2023-03-27 14:46:32,533] {logging_mixin.py:104} INFO - [2023-03-27 14:46:32,533] {dag.py:2280} INFO - Setting next_dagrun for dag_with_taskflow_api_v02 to 2023-03-26 00:00:00+00:00
[2023-03-27 14:46:32,541] {scheduler_job.py:190} INFO - Processing /opt/airflow/dags/dag_with_taskflow_api.py took 0.085 seconds
[2023-03-27 14:47:03,042] {scheduler_job.py:182} INFO - Started process (PID=118) to work on /opt/airflow/dags/dag_with_taskflow_api.py
[2023-03-27 14:47:03,044] {scheduler_job.py:629} INFO - Processing file /opt/airflow/dags/dag_with_taskflow_api.py for tasks to queue
[2023-03-27 14:47:03,045] {logging_mixin.py:104} INFO - [2023-03-27 14:47:03,045] {dagbag.py:451} INFO - Filling up the DagBag from /opt/airflow/dags/dag_with_taskflow_api.py
[2023-03-27 14:47:03,069] {scheduler_job.py:639} INFO - DAG(s) dict_keys(['dag_with_taskflow_api_v02']) retrieved from /opt/airflow/dags/dag_with_taskflow_api.py
[2023-03-27 14:47:03,092] {logging_mixin.py:104} INFO - [2023-03-27 14:47:03,091] {dag.py:1824} INFO - Sync 1 DAGs
[2023-03-27 14:47:03,105] {logging_mixin.py:104} INFO - [2023-03-27 14:47:03,105] {dag.py:2280} INFO - Setting next_dagrun for dag_with_taskflow_api_v02 to 2023-03-26 00:00:00+00:00
[2023-03-27 14:47:03,115] {scheduler_job.py:190} INFO - Processing /opt/airflow/dags/dag_with_taskflow_api.py took 0.077 seconds
[2023-03-27 14:47:33,760] {scheduler_job.py:182} INFO - Started process (PID=122) to work on /opt/airflow/dags/dag_with_taskflow_api.py
[2023-03-27 14:47:33,761] {scheduler_job.py:629} INFO - Processing file /opt/airflow/dags/dag_with_taskflow_api.py for tasks to queue
[2023-03-27 14:47:33,762] {logging_mixin.py:104} INFO - [2023-03-27 14:47:33,762] {dagbag.py:451} INFO - Filling up the DagBag from /opt/airflow/dags/dag_with_taskflow_api.py
[2023-03-27 14:47:33,778] {scheduler_job.py:639} INFO - DAG(s) dict_keys(['dag_with_taskflow_api_v02']) retrieved from /opt/airflow/dags/dag_with_taskflow_api.py
[2023-03-27 14:47:33,799] {logging_mixin.py:104} INFO - [2023-03-27 14:47:33,798] {dag.py:1824} INFO - Sync 1 DAGs
[2023-03-27 14:47:33,811] {logging_mixin.py:104} INFO - [2023-03-27 14:47:33,811] {dag.py:2280} INFO - Setting next_dagrun for dag_with_taskflow_api_v02 to 2023-03-26 00:00:00+00:00
[2023-03-27 14:47:33,818] {scheduler_job.py:190} INFO - Processing /opt/airflow/dags/dag_with_taskflow_api.py took 0.061 seconds
[2023-03-27 14:48:04,396] {scheduler_job.py:182} INFO - Started process (PID=126) to work on /opt/airflow/dags/dag_with_taskflow_api.py
[2023-03-27 14:48:04,399] {scheduler_job.py:629} INFO - Processing file /opt/airflow/dags/dag_with_taskflow_api.py for tasks to queue
[2023-03-27 14:48:04,400] {logging_mixin.py:104} INFO - [2023-03-27 14:48:04,400] {dagbag.py:451} INFO - Filling up the DagBag from /opt/airflow/dags/dag_with_taskflow_api.py
[2023-03-27 14:48:04,426] {scheduler_job.py:639} INFO - DAG(s) dict_keys(['dag_with_taskflow_api_v02']) retrieved from /opt/airflow/dags/dag_with_taskflow_api.py
[2023-03-27 14:48:04,451] {logging_mixin.py:104} INFO - [2023-03-27 14:48:04,451] {dag.py:1824} INFO - Sync 1 DAGs
[2023-03-27 14:48:04,463] {logging_mixin.py:104} INFO - [2023-03-27 14:48:04,463] {dag.py:2280} INFO - Setting next_dagrun for dag_with_taskflow_api_v02 to 2023-03-26 00:00:00+00:00
[2023-03-27 14:48:04,474] {scheduler_job.py:190} INFO - Processing /opt/airflow/dags/dag_with_taskflow_api.py took 0.082 seconds
[2023-03-27 14:48:35,164] {scheduler_job.py:182} INFO - Started process (PID=130) to work on /opt/airflow/dags/dag_with_taskflow_api.py
[2023-03-27 14:48:35,166] {scheduler_job.py:629} INFO - Processing file /opt/airflow/dags/dag_with_taskflow_api.py for tasks to queue
[2023-03-27 14:48:35,167] {logging_mixin.py:104} INFO - [2023-03-27 14:48:35,166] {dagbag.py:451} INFO - Filling up the DagBag from /opt/airflow/dags/dag_with_taskflow_api.py
[2023-03-27 14:48:35,187] {scheduler_job.py:639} INFO - DAG(s) dict_keys(['dag_with_taskflow_api_v02']) retrieved from /opt/airflow/dags/dag_with_taskflow_api.py
[2023-03-27 14:48:35,208] {logging_mixin.py:104} INFO - [2023-03-27 14:48:35,208] {dag.py:1824} INFO - Sync 1 DAGs
[2023-03-27 14:48:35,220] {logging_mixin.py:104} INFO - [2023-03-27 14:48:35,220] {dag.py:2280} INFO - Setting next_dagrun for dag_with_taskflow_api_v02 to 2023-03-26 00:00:00+00:00
[2023-03-27 14:48:35,228] {scheduler_job.py:190} INFO - Processing /opt/airflow/dags/dag_with_taskflow_api.py took 0.066 seconds
[2023-03-27 14:49:05,903] {scheduler_job.py:182} INFO - Started process (PID=134) to work on /opt/airflow/dags/dag_with_taskflow_api.py
[2023-03-27 14:49:05,904] {scheduler_job.py:629} INFO - Processing file /opt/airflow/dags/dag_with_taskflow_api.py for tasks to queue
[2023-03-27 14:49:05,905] {logging_mixin.py:104} INFO - [2023-03-27 14:49:05,905] {dagbag.py:451} INFO - Filling up the DagBag from /opt/airflow/dags/dag_with_taskflow_api.py
[2023-03-27 14:49:05,922] {scheduler_job.py:639} INFO - DAG(s) dict_keys(['dag_with_taskflow_api_v02']) retrieved from /opt/airflow/dags/dag_with_taskflow_api.py
[2023-03-27 14:49:05,944] {logging_mixin.py:104} INFO - [2023-03-27 14:49:05,944] {dag.py:1824} INFO - Sync 1 DAGs
[2023-03-27 14:49:05,973] {logging_mixin.py:104} INFO - [2023-03-27 14:49:05,973] {dag.py:2280} INFO - Setting next_dagrun for dag_with_taskflow_api_v02 to 2023-03-26 00:00:00+00:00
[2023-03-27 14:49:05,982] {scheduler_job.py:190} INFO - Processing /opt/airflow/dags/dag_with_taskflow_api.py took 0.082 seconds
[2023-03-27 14:49:36,689] {scheduler_job.py:182} INFO - Started process (PID=138) to work on /opt/airflow/dags/dag_with_taskflow_api.py
[2023-03-27 14:49:36,691] {scheduler_job.py:629} INFO - Processing file /opt/airflow/dags/dag_with_taskflow_api.py for tasks to queue
[2023-03-27 14:49:36,691] {logging_mixin.py:104} INFO - [2023-03-27 14:49:36,691] {dagbag.py:451} INFO - Filling up the DagBag from /opt/airflow/dags/dag_with_taskflow_api.py
[2023-03-27 14:49:36,714] {scheduler_job.py:639} INFO - DAG(s) dict_keys(['dag_with_taskflow_api_v02']) retrieved from /opt/airflow/dags/dag_with_taskflow_api.py
[2023-03-27 14:49:36,739] {logging_mixin.py:104} INFO - [2023-03-27 14:49:36,739] {dag.py:1824} INFO - Sync 1 DAGs
[2023-03-27 14:49:36,751] {logging_mixin.py:104} INFO - [2023-03-27 14:49:36,751] {dag.py:2280} INFO - Setting next_dagrun for dag_with_taskflow_api_v02 to 2023-03-26 00:00:00+00:00
[2023-03-27 14:49:36,758] {scheduler_job.py:190} INFO - Processing /opt/airflow/dags/dag_with_taskflow_api.py took 0.072 seconds
[2023-03-27 14:50:07,427] {scheduler_job.py:182} INFO - Started process (PID=142) to work on /opt/airflow/dags/dag_with_taskflow_api.py
[2023-03-27 14:50:07,429] {scheduler_job.py:629} INFO - Processing file /opt/airflow/dags/dag_with_taskflow_api.py for tasks to queue
[2023-03-27 14:50:07,429] {logging_mixin.py:104} INFO - [2023-03-27 14:50:07,429] {dagbag.py:451} INFO - Filling up the DagBag from /opt/airflow/dags/dag_with_taskflow_api.py
[2023-03-27 14:50:07,447] {scheduler_job.py:639} INFO - DAG(s) dict_keys(['dag_with_taskflow_api_v02']) retrieved from /opt/airflow/dags/dag_with_taskflow_api.py
[2023-03-27 14:50:07,470] {logging_mixin.py:104} INFO - [2023-03-27 14:50:07,470] {dag.py:1824} INFO - Sync 1 DAGs
[2023-03-27 14:50:07,483] {logging_mixin.py:104} INFO - [2023-03-27 14:50:07,483] {dag.py:2280} INFO - Setting next_dagrun for dag_with_taskflow_api_v02 to 2023-03-26 00:00:00+00:00
[2023-03-27 14:50:07,491] {scheduler_job.py:190} INFO - Processing /opt/airflow/dags/dag_with_taskflow_api.py took 0.068 seconds
[2023-03-27 14:50:38,077] {scheduler_job.py:182} INFO - Started process (PID=146) to work on /opt/airflow/dags/dag_with_taskflow_api.py
[2023-03-27 14:50:38,079] {scheduler_job.py:629} INFO - Processing file /opt/airflow/dags/dag_with_taskflow_api.py for tasks to queue
[2023-03-27 14:50:38,080] {logging_mixin.py:104} INFO - [2023-03-27 14:50:38,079] {dagbag.py:451} INFO - Filling up the DagBag from /opt/airflow/dags/dag_with_taskflow_api.py
[2023-03-27 14:50:38,096] {scheduler_job.py:639} INFO - DAG(s) dict_keys(['dag_with_taskflow_api_v02']) retrieved from /opt/airflow/dags/dag_with_taskflow_api.py
[2023-03-27 14:50:38,119] {logging_mixin.py:104} INFO - [2023-03-27 14:50:38,119] {dag.py:1824} INFO - Sync 1 DAGs
[2023-03-27 14:50:38,132] {logging_mixin.py:104} INFO - [2023-03-27 14:50:38,132] {dag.py:2280} INFO - Setting next_dagrun for dag_with_taskflow_api_v02 to 2023-03-26 00:00:00+00:00
[2023-03-27 14:50:38,139] {scheduler_job.py:190} INFO - Processing /opt/airflow/dags/dag_with_taskflow_api.py took 0.064 seconds
[2023-03-27 14:51:08,803] {scheduler_job.py:182} INFO - Started process (PID=150) to work on /opt/airflow/dags/dag_with_taskflow_api.py
[2023-03-27 14:51:08,804] {scheduler_job.py:629} INFO - Processing file /opt/airflow/dags/dag_with_taskflow_api.py for tasks to queue
[2023-03-27 14:51:08,805] {logging_mixin.py:104} INFO - [2023-03-27 14:51:08,805] {dagbag.py:451} INFO - Filling up the DagBag from /opt/airflow/dags/dag_with_taskflow_api.py
[2023-03-27 14:51:08,826] {scheduler_job.py:639} INFO - DAG(s) dict_keys(['dag_with_taskflow_api_v02']) retrieved from /opt/airflow/dags/dag_with_taskflow_api.py
[2023-03-27 14:51:08,847] {logging_mixin.py:104} INFO - [2023-03-27 14:51:08,847] {dag.py:1824} INFO - Sync 1 DAGs
[2023-03-27 14:51:08,860] {logging_mixin.py:104} INFO - [2023-03-27 14:51:08,860] {dag.py:2280} INFO - Setting next_dagrun for dag_with_taskflow_api_v02 to 2023-03-26 00:00:00+00:00
[2023-03-27 14:51:08,867] {scheduler_job.py:190} INFO - Processing /opt/airflow/dags/dag_with_taskflow_api.py took 0.066 seconds
[2023-03-27 14:51:39,411] {scheduler_job.py:182} INFO - Started process (PID=154) to work on /opt/airflow/dags/dag_with_taskflow_api.py
[2023-03-27 14:51:39,413] {scheduler_job.py:629} INFO - Processing file /opt/airflow/dags/dag_with_taskflow_api.py for tasks to queue
[2023-03-27 14:51:39,414] {logging_mixin.py:104} INFO - [2023-03-27 14:51:39,414] {dagbag.py:451} INFO - Filling up the DagBag from /opt/airflow/dags/dag_with_taskflow_api.py
[2023-03-27 14:51:39,430] {scheduler_job.py:639} INFO - DAG(s) dict_keys(['dag_with_taskflow_api_v02']) retrieved from /opt/airflow/dags/dag_with_taskflow_api.py
[2023-03-27 14:51:39,451] {logging_mixin.py:104} INFO - [2023-03-27 14:51:39,451] {dag.py:1824} INFO - Sync 1 DAGs
[2023-03-27 14:51:39,463] {logging_mixin.py:104} INFO - [2023-03-27 14:51:39,463] {dag.py:2280} INFO - Setting next_dagrun for dag_with_taskflow_api_v02 to 2023-03-26 00:00:00+00:00
[2023-03-27 14:51:39,470] {scheduler_job.py:190} INFO - Processing /opt/airflow/dags/dag_with_taskflow_api.py took 0.061 seconds
[2023-03-27 14:52:10,180] {scheduler_job.py:182} INFO - Started process (PID=158) to work on /opt/airflow/dags/dag_with_taskflow_api.py
[2023-03-27 14:52:10,181] {scheduler_job.py:629} INFO - Processing file /opt/airflow/dags/dag_with_taskflow_api.py for tasks to queue
[2023-03-27 14:52:10,182] {logging_mixin.py:104} INFO - [2023-03-27 14:52:10,182] {dagbag.py:451} INFO - Filling up the DagBag from /opt/airflow/dags/dag_with_taskflow_api.py
[2023-03-27 14:52:10,198] {scheduler_job.py:639} INFO - DAG(s) dict_keys(['dag_with_taskflow_api_v02']) retrieved from /opt/airflow/dags/dag_with_taskflow_api.py
[2023-03-27 14:52:10,219] {logging_mixin.py:104} INFO - [2023-03-27 14:52:10,219] {dag.py:1824} INFO - Sync 1 DAGs
[2023-03-27 14:52:10,231] {logging_mixin.py:104} INFO - [2023-03-27 14:52:10,231] {dag.py:2280} INFO - Setting next_dagrun for dag_with_taskflow_api_v02 to 2023-03-26 00:00:00+00:00
[2023-03-27 14:52:10,239] {scheduler_job.py:190} INFO - Processing /opt/airflow/dags/dag_with_taskflow_api.py took 0.061 seconds
[2023-03-27 14:52:40,915] {scheduler_job.py:182} INFO - Started process (PID=162) to work on /opt/airflow/dags/dag_with_taskflow_api.py
[2023-03-27 14:52:40,918] {scheduler_job.py:629} INFO - Processing file /opt/airflow/dags/dag_with_taskflow_api.py for tasks to queue
[2023-03-27 14:52:40,919] {logging_mixin.py:104} INFO - [2023-03-27 14:52:40,919] {dagbag.py:451} INFO - Filling up the DagBag from /opt/airflow/dags/dag_with_taskflow_api.py
[2023-03-27 14:52:40,937] {scheduler_job.py:639} INFO - DAG(s) dict_keys(['dag_with_taskflow_api_v02']) retrieved from /opt/airflow/dags/dag_with_taskflow_api.py
[2023-03-27 14:52:40,958] {logging_mixin.py:104} INFO - [2023-03-27 14:52:40,958] {dag.py:1824} INFO - Sync 1 DAGs
[2023-03-27 14:52:40,971] {logging_mixin.py:104} INFO - [2023-03-27 14:52:40,970] {dag.py:2280} INFO - Setting next_dagrun for dag_with_taskflow_api_v02 to 2023-03-26 00:00:00+00:00
[2023-03-27 14:52:40,977] {scheduler_job.py:190} INFO - Processing /opt/airflow/dags/dag_with_taskflow_api.py took 0.065 seconds
[2023-03-27 14:53:11,571] {scheduler_job.py:182} INFO - Started process (PID=166) to work on /opt/airflow/dags/dag_with_taskflow_api.py
[2023-03-27 14:53:11,572] {scheduler_job.py:629} INFO - Processing file /opt/airflow/dags/dag_with_taskflow_api.py for tasks to queue
[2023-03-27 14:53:11,573] {logging_mixin.py:104} INFO - [2023-03-27 14:53:11,573] {dagbag.py:451} INFO - Filling up the DagBag from /opt/airflow/dags/dag_with_taskflow_api.py
[2023-03-27 14:53:11,590] {scheduler_job.py:639} INFO - DAG(s) dict_keys(['dag_with_taskflow_api_v02']) retrieved from /opt/airflow/dags/dag_with_taskflow_api.py
[2023-03-27 14:53:11,616] {logging_mixin.py:104} INFO - [2023-03-27 14:53:11,616] {dag.py:1824} INFO - Sync 1 DAGs
[2023-03-27 14:53:11,630] {logging_mixin.py:104} INFO - [2023-03-27 14:53:11,629] {dag.py:2280} INFO - Setting next_dagrun for dag_with_taskflow_api_v02 to 2023-03-26 00:00:00+00:00
[2023-03-27 14:53:11,636] {scheduler_job.py:190} INFO - Processing /opt/airflow/dags/dag_with_taskflow_api.py took 0.069 seconds
[2023-03-27 14:53:42,085] {scheduler_job.py:182} INFO - Started process (PID=170) to work on /opt/airflow/dags/dag_with_taskflow_api.py
[2023-03-27 14:53:42,087] {scheduler_job.py:629} INFO - Processing file /opt/airflow/dags/dag_with_taskflow_api.py for tasks to queue
[2023-03-27 14:53:42,088] {logging_mixin.py:104} INFO - [2023-03-27 14:53:42,088] {dagbag.py:451} INFO - Filling up the DagBag from /opt/airflow/dags/dag_with_taskflow_api.py
[2023-03-27 14:53:42,108] {scheduler_job.py:639} INFO - DAG(s) dict_keys(['dag_with_taskflow_api_v02']) retrieved from /opt/airflow/dags/dag_with_taskflow_api.py
[2023-03-27 14:53:42,129] {logging_mixin.py:104} INFO - [2023-03-27 14:53:42,129] {dag.py:1824} INFO - Sync 1 DAGs
[2023-03-27 14:53:42,142] {logging_mixin.py:104} INFO - [2023-03-27 14:53:42,141] {dag.py:2280} INFO - Setting next_dagrun for dag_with_taskflow_api_v02 to 2023-03-26 00:00:00+00:00
[2023-03-27 14:53:42,149] {scheduler_job.py:190} INFO - Processing /opt/airflow/dags/dag_with_taskflow_api.py took 0.067 seconds
[2023-03-27 14:54:12,766] {scheduler_job.py:182} INFO - Started process (PID=174) to work on /opt/airflow/dags/dag_with_taskflow_api.py
[2023-03-27 14:54:12,768] {scheduler_job.py:629} INFO - Processing file /opt/airflow/dags/dag_with_taskflow_api.py for tasks to queue
[2023-03-27 14:54:12,769] {logging_mixin.py:104} INFO - [2023-03-27 14:54:12,769] {dagbag.py:451} INFO - Filling up the DagBag from /opt/airflow/dags/dag_with_taskflow_api.py
[2023-03-27 14:54:12,785] {scheduler_job.py:639} INFO - DAG(s) dict_keys(['dag_with_taskflow_api_v02']) retrieved from /opt/airflow/dags/dag_with_taskflow_api.py
[2023-03-27 14:54:12,805] {logging_mixin.py:104} INFO - [2023-03-27 14:54:12,805] {dag.py:1824} INFO - Sync 1 DAGs
[2023-03-27 14:54:12,818] {logging_mixin.py:104} INFO - [2023-03-27 14:54:12,818] {dag.py:2280} INFO - Setting next_dagrun for dag_with_taskflow_api_v02 to 2023-03-26 00:00:00+00:00
[2023-03-27 14:54:12,826] {scheduler_job.py:190} INFO - Processing /opt/airflow/dags/dag_with_taskflow_api.py took 0.062 seconds
[2023-03-27 14:54:43,331] {scheduler_job.py:182} INFO - Started process (PID=178) to work on /opt/airflow/dags/dag_with_taskflow_api.py
[2023-03-27 14:54:43,333] {scheduler_job.py:629} INFO - Processing file /opt/airflow/dags/dag_with_taskflow_api.py for tasks to queue
[2023-03-27 14:54:43,333] {logging_mixin.py:104} INFO - [2023-03-27 14:54:43,333] {dagbag.py:451} INFO - Filling up the DagBag from /opt/airflow/dags/dag_with_taskflow_api.py
[2023-03-27 14:54:43,350] {scheduler_job.py:639} INFO - DAG(s) dict_keys(['dag_with_taskflow_api_v02']) retrieved from /opt/airflow/dags/dag_with_taskflow_api.py
[2023-03-27 14:54:43,371] {logging_mixin.py:104} INFO - [2023-03-27 14:54:43,371] {dag.py:1824} INFO - Sync 1 DAGs
[2023-03-27 14:54:43,385] {logging_mixin.py:104} INFO - [2023-03-27 14:54:43,385] {dag.py:2280} INFO - Setting next_dagrun for dag_with_taskflow_api_v02 to 2023-03-26 00:00:00+00:00
[2023-03-27 14:54:43,392] {scheduler_job.py:190} INFO - Processing /opt/airflow/dags/dag_with_taskflow_api.py took 0.064 seconds
[2023-03-27 14:55:13,946] {scheduler_job.py:182} INFO - Started process (PID=182) to work on /opt/airflow/dags/dag_with_taskflow_api.py
[2023-03-27 14:55:13,948] {scheduler_job.py:629} INFO - Processing file /opt/airflow/dags/dag_with_taskflow_api.py for tasks to queue
[2023-03-27 14:55:13,948] {logging_mixin.py:104} INFO - [2023-03-27 14:55:13,948] {dagbag.py:451} INFO - Filling up the DagBag from /opt/airflow/dags/dag_with_taskflow_api.py
[2023-03-27 14:55:13,968] {scheduler_job.py:639} INFO - DAG(s) dict_keys(['dag_with_taskflow_api_v02']) retrieved from /opt/airflow/dags/dag_with_taskflow_api.py
[2023-03-27 14:55:13,992] {logging_mixin.py:104} INFO - [2023-03-27 14:55:13,992] {dag.py:1824} INFO - Sync 1 DAGs
[2023-03-27 14:55:14,013] {logging_mixin.py:104} INFO - [2023-03-27 14:55:14,013] {dag.py:2280} INFO - Setting next_dagrun for dag_with_taskflow_api_v02 to 2023-03-26 00:00:00+00:00
[2023-03-27 14:55:14,023] {scheduler_job.py:190} INFO - Processing /opt/airflow/dags/dag_with_taskflow_api.py took 0.082 seconds
[2023-03-27 14:55:44,545] {scheduler_job.py:182} INFO - Started process (PID=186) to work on /opt/airflow/dags/dag_with_taskflow_api.py
[2023-03-27 14:55:44,547] {scheduler_job.py:629} INFO - Processing file /opt/airflow/dags/dag_with_taskflow_api.py for tasks to queue
[2023-03-27 14:55:44,548] {logging_mixin.py:104} INFO - [2023-03-27 14:55:44,548] {dagbag.py:451} INFO - Filling up the DagBag from /opt/airflow/dags/dag_with_taskflow_api.py
[2023-03-27 14:55:44,564] {scheduler_job.py:639} INFO - DAG(s) dict_keys(['dag_with_taskflow_api_v02']) retrieved from /opt/airflow/dags/dag_with_taskflow_api.py
[2023-03-27 14:55:44,589] {logging_mixin.py:104} INFO - [2023-03-27 14:55:44,589] {dag.py:1824} INFO - Sync 1 DAGs
[2023-03-27 14:55:44,621] {logging_mixin.py:104} INFO - [2023-03-27 14:55:44,621] {dag.py:2280} INFO - Setting next_dagrun for dag_with_taskflow_api_v02 to 2023-03-26 00:00:00+00:00
[2023-03-27 14:55:44,629] {scheduler_job.py:190} INFO - Processing /opt/airflow/dags/dag_with_taskflow_api.py took 0.087 seconds
[2023-03-27 14:56:15,386] {scheduler_job.py:182} INFO - Started process (PID=190) to work on /opt/airflow/dags/dag_with_taskflow_api.py
[2023-03-27 14:56:15,390] {scheduler_job.py:629} INFO - Processing file /opt/airflow/dags/dag_with_taskflow_api.py for tasks to queue
[2023-03-27 14:56:15,393] {logging_mixin.py:104} INFO - [2023-03-27 14:56:15,393] {dagbag.py:451} INFO - Filling up the DagBag from /opt/airflow/dags/dag_with_taskflow_api.py
[2023-03-27 14:56:15,437] {scheduler_job.py:639} INFO - DAG(s) dict_keys(['dag_with_taskflow_api_v02']) retrieved from /opt/airflow/dags/dag_with_taskflow_api.py
[2023-03-27 14:56:15,485] {logging_mixin.py:104} INFO - [2023-03-27 14:56:15,485] {dag.py:1824} INFO - Sync 1 DAGs
[2023-03-27 14:56:15,511] {logging_mixin.py:104} INFO - [2023-03-27 14:56:15,511] {dag.py:2280} INFO - Setting next_dagrun for dag_with_taskflow_api_v02 to 2023-03-26 00:00:00+00:00
[2023-03-27 14:56:15,520] {scheduler_job.py:190} INFO - Processing /opt/airflow/dags/dag_with_taskflow_api.py took 0.141 seconds
[2023-03-27 14:56:45,905] {scheduler_job.py:182} INFO - Started process (PID=194) to work on /opt/airflow/dags/dag_with_taskflow_api.py
[2023-03-27 14:56:45,907] {scheduler_job.py:629} INFO - Processing file /opt/airflow/dags/dag_with_taskflow_api.py for tasks to queue
[2023-03-27 14:56:45,908] {logging_mixin.py:104} INFO - [2023-03-27 14:56:45,908] {dagbag.py:451} INFO - Filling up the DagBag from /opt/airflow/dags/dag_with_taskflow_api.py
[2023-03-27 14:56:45,926] {scheduler_job.py:639} INFO - DAG(s) dict_keys(['dag_with_taskflow_api_v02']) retrieved from /opt/airflow/dags/dag_with_taskflow_api.py
[2023-03-27 14:56:45,949] {logging_mixin.py:104} INFO - [2023-03-27 14:56:45,949] {dag.py:1824} INFO - Sync 1 DAGs
[2023-03-27 14:56:45,963] {logging_mixin.py:104} INFO - [2023-03-27 14:56:45,963] {dag.py:2280} INFO - Setting next_dagrun for dag_with_taskflow_api_v02 to 2023-03-26 00:00:00+00:00
[2023-03-27 14:56:45,972] {scheduler_job.py:190} INFO - Processing /opt/airflow/dags/dag_with_taskflow_api.py took 0.069 seconds
[2023-03-27 14:57:16,800] {scheduler_job.py:182} INFO - Started process (PID=198) to work on /opt/airflow/dags/dag_with_taskflow_api.py
[2023-03-27 14:57:16,805] {scheduler_job.py:629} INFO - Processing file /opt/airflow/dags/dag_with_taskflow_api.py for tasks to queue
[2023-03-27 14:57:16,807] {logging_mixin.py:104} INFO - [2023-03-27 14:57:16,806] {dagbag.py:451} INFO - Filling up the DagBag from /opt/airflow/dags/dag_with_taskflow_api.py
[2023-03-27 14:57:16,834] {scheduler_job.py:639} INFO - DAG(s) dict_keys(['dag_with_taskflow_api_v02']) retrieved from /opt/airflow/dags/dag_with_taskflow_api.py
[2023-03-27 14:57:16,920] {logging_mixin.py:104} INFO - [2023-03-27 14:57:16,919] {dag.py:1824} INFO - Sync 1 DAGs
[2023-03-27 14:57:16,961] {logging_mixin.py:104} INFO - [2023-03-27 14:57:16,960] {dag.py:2280} INFO - Setting next_dagrun for dag_with_taskflow_api_v02 to 2023-03-26 00:00:00+00:00
[2023-03-27 14:57:16,997] {scheduler_job.py:190} INFO - Processing /opt/airflow/dags/dag_with_taskflow_api.py took 0.201 seconds
[2023-03-27 14:57:47,923] {scheduler_job.py:182} INFO - Started process (PID=202) to work on /opt/airflow/dags/dag_with_taskflow_api.py
[2023-03-27 14:57:47,925] {scheduler_job.py:629} INFO - Processing file /opt/airflow/dags/dag_with_taskflow_api.py for tasks to queue
[2023-03-27 14:57:47,927] {logging_mixin.py:104} INFO - [2023-03-27 14:57:47,927] {dagbag.py:451} INFO - Filling up the DagBag from /opt/airflow/dags/dag_with_taskflow_api.py
[2023-03-27 14:57:47,949] {scheduler_job.py:639} INFO - DAG(s) dict_keys(['dag_with_taskflow_api_v02']) retrieved from /opt/airflow/dags/dag_with_taskflow_api.py
[2023-03-27 14:57:47,994] {logging_mixin.py:104} INFO - [2023-03-27 14:57:47,994] {dag.py:1824} INFO - Sync 1 DAGs
[2023-03-27 14:57:48,044] {logging_mixin.py:104} INFO - [2023-03-27 14:57:48,043] {dag.py:2280} INFO - Setting next_dagrun for dag_with_taskflow_api_v02 to 2023-03-26 00:00:00+00:00
[2023-03-27 14:57:48,126] {scheduler_job.py:190} INFO - Processing /opt/airflow/dags/dag_with_taskflow_api.py took 0.207 seconds
[2023-03-27 14:58:18,833] {scheduler_job.py:182} INFO - Started process (PID=206) to work on /opt/airflow/dags/dag_with_taskflow_api.py
[2023-03-27 14:58:18,838] {scheduler_job.py:629} INFO - Processing file /opt/airflow/dags/dag_with_taskflow_api.py for tasks to queue
[2023-03-27 14:58:18,844] {logging_mixin.py:104} INFO - [2023-03-27 14:58:18,844] {dagbag.py:451} INFO - Filling up the DagBag from /opt/airflow/dags/dag_with_taskflow_api.py
[2023-03-27 14:58:18,908] {scheduler_job.py:639} INFO - DAG(s) dict_keys(['dag_with_taskflow_api_v02']) retrieved from /opt/airflow/dags/dag_with_taskflow_api.py
[2023-03-27 14:58:18,948] {logging_mixin.py:104} INFO - [2023-03-27 14:58:18,948] {dag.py:1824} INFO - Sync 1 DAGs
[2023-03-27 14:58:18,966] {logging_mixin.py:104} INFO - [2023-03-27 14:58:18,966] {dag.py:2280} INFO - Setting next_dagrun for dag_with_taskflow_api_v02 to 2023-03-26 00:00:00+00:00
[2023-03-27 14:58:18,987] {scheduler_job.py:190} INFO - Processing /opt/airflow/dags/dag_with_taskflow_api.py took 0.158 seconds
[2023-03-27 14:58:49,673] {scheduler_job.py:182} INFO - Started process (PID=210) to work on /opt/airflow/dags/dag_with_taskflow_api.py
[2023-03-27 14:58:49,687] {scheduler_job.py:629} INFO - Processing file /opt/airflow/dags/dag_with_taskflow_api.py for tasks to queue
[2023-03-27 14:58:49,694] {logging_mixin.py:104} INFO - [2023-03-27 14:58:49,694] {dagbag.py:451} INFO - Filling up the DagBag from /opt/airflow/dags/dag_with_taskflow_api.py
[2023-03-27 14:58:49,763] {scheduler_job.py:639} INFO - DAG(s) dict_keys(['dag_with_taskflow_api_v02']) retrieved from /opt/airflow/dags/dag_with_taskflow_api.py
[2023-03-27 14:58:49,811] {logging_mixin.py:104} INFO - [2023-03-27 14:58:49,811] {dag.py:1824} INFO - Sync 1 DAGs
[2023-03-27 14:58:49,831] {logging_mixin.py:104} INFO - [2023-03-27 14:58:49,831] {dag.py:2280} INFO - Setting next_dagrun for dag_with_taskflow_api_v02 to 2023-03-26 00:00:00+00:00
[2023-03-27 14:58:49,844] {scheduler_job.py:190} INFO - Processing /opt/airflow/dags/dag_with_taskflow_api.py took 0.179 seconds
[2023-03-27 14:59:20,649] {scheduler_job.py:182} INFO - Started process (PID=214) to work on /opt/airflow/dags/dag_with_taskflow_api.py
[2023-03-27 14:59:20,655] {scheduler_job.py:629} INFO - Processing file /opt/airflow/dags/dag_with_taskflow_api.py for tasks to queue
[2023-03-27 14:59:20,657] {logging_mixin.py:104} INFO - [2023-03-27 14:59:20,657] {dagbag.py:451} INFO - Filling up the DagBag from /opt/airflow/dags/dag_with_taskflow_api.py
[2023-03-27 14:59:20,723] {scheduler_job.py:639} INFO - DAG(s) dict_keys(['dag_with_taskflow_api_v02']) retrieved from /opt/airflow/dags/dag_with_taskflow_api.py
[2023-03-27 14:59:20,809] {logging_mixin.py:104} INFO - [2023-03-27 14:59:20,808] {dag.py:1824} INFO - Sync 1 DAGs
[2023-03-27 14:59:20,839] {logging_mixin.py:104} INFO - [2023-03-27 14:59:20,839] {dag.py:2280} INFO - Setting next_dagrun for dag_with_taskflow_api_v02 to 2023-03-26 00:00:00+00:00
[2023-03-27 14:59:20,854] {scheduler_job.py:190} INFO - Processing /opt/airflow/dags/dag_with_taskflow_api.py took 0.209 seconds
[2023-03-27 14:59:51,570] {scheduler_job.py:182} INFO - Started process (PID=218) to work on /opt/airflow/dags/dag_with_taskflow_api.py
[2023-03-27 14:59:51,574] {scheduler_job.py:629} INFO - Processing file /opt/airflow/dags/dag_with_taskflow_api.py for tasks to queue
[2023-03-27 14:59:51,578] {logging_mixin.py:104} INFO - [2023-03-27 14:59:51,577] {dagbag.py:451} INFO - Filling up the DagBag from /opt/airflow/dags/dag_with_taskflow_api.py
[2023-03-27 14:59:51,604] {scheduler_job.py:639} INFO - DAG(s) dict_keys(['dag_with_taskflow_api_v02']) retrieved from /opt/airflow/dags/dag_with_taskflow_api.py
[2023-03-27 14:59:51,638] {logging_mixin.py:104} INFO - [2023-03-27 14:59:51,637] {dag.py:1824} INFO - Sync 1 DAGs
[2023-03-27 14:59:51,656] {logging_mixin.py:104} INFO - [2023-03-27 14:59:51,656] {dag.py:2280} INFO - Setting next_dagrun for dag_with_taskflow_api_v02 to 2023-03-26 00:00:00+00:00
[2023-03-27 14:59:51,670] {scheduler_job.py:190} INFO - Processing /opt/airflow/dags/dag_with_taskflow_api.py took 0.103 seconds
[2023-03-27 15:00:22,380] {scheduler_job.py:182} INFO - Started process (PID=222) to work on /opt/airflow/dags/dag_with_taskflow_api.py
[2023-03-27 15:00:22,386] {scheduler_job.py:629} INFO - Processing file /opt/airflow/dags/dag_with_taskflow_api.py for tasks to queue
[2023-03-27 15:00:22,389] {logging_mixin.py:104} INFO - [2023-03-27 15:00:22,389] {dagbag.py:451} INFO - Filling up the DagBag from /opt/airflow/dags/dag_with_taskflow_api.py
[2023-03-27 15:00:22,416] {scheduler_job.py:639} INFO - DAG(s) dict_keys(['dag_with_taskflow_api_v02']) retrieved from /opt/airflow/dags/dag_with_taskflow_api.py
[2023-03-27 15:00:22,476] {logging_mixin.py:104} INFO - [2023-03-27 15:00:22,476] {dag.py:1824} INFO - Sync 1 DAGs
[2023-03-27 15:00:22,527] {logging_mixin.py:104} INFO - [2023-03-27 15:00:22,527] {dag.py:2280} INFO - Setting next_dagrun for dag_with_taskflow_api_v02 to 2023-03-26 00:00:00+00:00
[2023-03-27 15:00:22,556] {scheduler_job.py:190} INFO - Processing /opt/airflow/dags/dag_with_taskflow_api.py took 0.211 seconds
[2023-03-27 15:00:53,917] {scheduler_job.py:182} INFO - Started process (PID=226) to work on /opt/airflow/dags/dag_with_taskflow_api.py
[2023-03-27 15:00:53,926] {scheduler_job.py:629} INFO - Processing file /opt/airflow/dags/dag_with_taskflow_api.py for tasks to queue
[2023-03-27 15:00:53,940] {logging_mixin.py:104} INFO - [2023-03-27 15:00:53,940] {dagbag.py:451} INFO - Filling up the DagBag from /opt/airflow/dags/dag_with_taskflow_api.py
[2023-03-27 15:00:53,987] {scheduler_job.py:639} INFO - DAG(s) dict_keys(['dag_with_taskflow_api_v02']) retrieved from /opt/airflow/dags/dag_with_taskflow_api.py
[2023-03-27 15:00:54,052] {logging_mixin.py:104} INFO - [2023-03-27 15:00:54,052] {dag.py:1824} INFO - Sync 1 DAGs
[2023-03-27 15:00:54,071] {logging_mixin.py:104} INFO - [2023-03-27 15:00:54,071] {dag.py:2280} INFO - Setting next_dagrun for dag_with_taskflow_api_v02 to 2023-03-26 00:00:00+00:00
[2023-03-27 15:00:54,108] {scheduler_job.py:190} INFO - Processing /opt/airflow/dags/dag_with_taskflow_api.py took 0.210 seconds
[2023-03-27 15:01:24,918] {scheduler_job.py:182} INFO - Started process (PID=230) to work on /opt/airflow/dags/dag_with_taskflow_api.py
[2023-03-27 15:01:24,920] {scheduler_job.py:629} INFO - Processing file /opt/airflow/dags/dag_with_taskflow_api.py for tasks to queue
[2023-03-27 15:01:24,922] {logging_mixin.py:104} INFO - [2023-03-27 15:01:24,922] {dagbag.py:451} INFO - Filling up the DagBag from /opt/airflow/dags/dag_with_taskflow_api.py
[2023-03-27 15:01:24,956] {scheduler_job.py:639} INFO - DAG(s) dict_keys(['dag_with_taskflow_api_v02']) retrieved from /opt/airflow/dags/dag_with_taskflow_api.py
[2023-03-27 15:01:25,043] {logging_mixin.py:104} INFO - [2023-03-27 15:01:25,043] {dag.py:1824} INFO - Sync 1 DAGs
[2023-03-27 15:01:25,085] {logging_mixin.py:104} INFO - [2023-03-27 15:01:25,084] {dag.py:2280} INFO - Setting next_dagrun for dag_with_taskflow_api_v02 to 2023-03-26 00:00:00+00:00
[2023-03-27 15:01:25,122] {scheduler_job.py:190} INFO - Processing /opt/airflow/dags/dag_with_taskflow_api.py took 0.215 seconds
[2023-03-27 15:01:55,652] {scheduler_job.py:182} INFO - Started process (PID=234) to work on /opt/airflow/dags/dag_with_taskflow_api.py
[2023-03-27 15:01:55,656] {scheduler_job.py:629} INFO - Processing file /opt/airflow/dags/dag_with_taskflow_api.py for tasks to queue
[2023-03-27 15:01:55,661] {logging_mixin.py:104} INFO - [2023-03-27 15:01:55,660] {dagbag.py:451} INFO - Filling up the DagBag from /opt/airflow/dags/dag_with_taskflow_api.py
[2023-03-27 15:01:55,704] {scheduler_job.py:639} INFO - DAG(s) dict_keys(['dag_with_taskflow_api_v02']) retrieved from /opt/airflow/dags/dag_with_taskflow_api.py
[2023-03-27 15:01:55,774] {logging_mixin.py:104} INFO - [2023-03-27 15:01:55,774] {dag.py:1824} INFO - Sync 1 DAGs
[2023-03-27 15:01:55,849] {logging_mixin.py:104} INFO - [2023-03-27 15:01:55,849] {dag.py:2280} INFO - Setting next_dagrun for dag_with_taskflow_api_v02 to 2023-03-26 00:00:00+00:00
[2023-03-27 15:01:55,870] {scheduler_job.py:190} INFO - Processing /opt/airflow/dags/dag_with_taskflow_api.py took 0.224 seconds
[2023-03-27 15:02:27,039] {scheduler_job.py:182} INFO - Started process (PID=238) to work on /opt/airflow/dags/dag_with_taskflow_api.py
[2023-03-27 15:02:27,042] {scheduler_job.py:629} INFO - Processing file /opt/airflow/dags/dag_with_taskflow_api.py for tasks to queue
[2023-03-27 15:02:27,044] {logging_mixin.py:104} INFO - [2023-03-27 15:02:27,044] {dagbag.py:451} INFO - Filling up the DagBag from /opt/airflow/dags/dag_with_taskflow_api.py
[2023-03-27 15:02:27,140] {scheduler_job.py:639} INFO - DAG(s) dict_keys(['dag_with_taskflow_api_v02']) retrieved from /opt/airflow/dags/dag_with_taskflow_api.py
[2023-03-27 15:02:27,195] {logging_mixin.py:104} INFO - [2023-03-27 15:02:27,194] {dag.py:1824} INFO - Sync 1 DAGs
[2023-03-27 15:02:27,233] {logging_mixin.py:104} INFO - [2023-03-27 15:02:27,233] {dag.py:2280} INFO - Setting next_dagrun for dag_with_taskflow_api_v02 to 2023-03-26 00:00:00+00:00
[2023-03-27 15:02:27,259] {scheduler_job.py:190} INFO - Processing /opt/airflow/dags/dag_with_taskflow_api.py took 0.224 seconds
[2023-03-27 15:02:57,840] {scheduler_job.py:182} INFO - Started process (PID=242) to work on /opt/airflow/dags/dag_with_taskflow_api.py
[2023-03-27 15:02:57,843] {scheduler_job.py:629} INFO - Processing file /opt/airflow/dags/dag_with_taskflow_api.py for tasks to queue
[2023-03-27 15:02:57,844] {logging_mixin.py:104} INFO - [2023-03-27 15:02:57,844] {dagbag.py:451} INFO - Filling up the DagBag from /opt/airflow/dags/dag_with_taskflow_api.py
[2023-03-27 15:02:57,902] {scheduler_job.py:639} INFO - DAG(s) dict_keys(['dag_with_taskflow_api_v02']) retrieved from /opt/airflow/dags/dag_with_taskflow_api.py
[2023-03-27 15:02:57,951] {logging_mixin.py:104} INFO - [2023-03-27 15:02:57,950] {dag.py:1824} INFO - Sync 1 DAGs
[2023-03-27 15:02:57,994] {logging_mixin.py:104} INFO - [2023-03-27 15:02:57,994] {dag.py:2280} INFO - Setting next_dagrun for dag_with_taskflow_api_v02 to 2023-03-26 00:00:00+00:00
[2023-03-27 15:02:58,018] {scheduler_job.py:190} INFO - Processing /opt/airflow/dags/dag_with_taskflow_api.py took 0.182 seconds
[2023-03-27 15:03:28,902] {scheduler_job.py:182} INFO - Started process (PID=246) to work on /opt/airflow/dags/dag_with_taskflow_api.py
[2023-03-27 15:03:28,904] {scheduler_job.py:629} INFO - Processing file /opt/airflow/dags/dag_with_taskflow_api.py for tasks to queue
[2023-03-27 15:03:28,906] {logging_mixin.py:104} INFO - [2023-03-27 15:03:28,905] {dagbag.py:451} INFO - Filling up the DagBag from /opt/airflow/dags/dag_with_taskflow_api.py
[2023-03-27 15:03:28,927] {scheduler_job.py:639} INFO - DAG(s) dict_keys(['dag_with_taskflow_api_v02']) retrieved from /opt/airflow/dags/dag_with_taskflow_api.py
[2023-03-27 15:03:28,974] {logging_mixin.py:104} INFO - [2023-03-27 15:03:28,974] {dag.py:1824} INFO - Sync 1 DAGs
[2023-03-27 15:03:29,002] {logging_mixin.py:104} INFO - [2023-03-27 15:03:29,002] {dag.py:2280} INFO - Setting next_dagrun for dag_with_taskflow_api_v02 to 2023-03-26 00:00:00+00:00
[2023-03-27 15:03:29,026] {scheduler_job.py:190} INFO - Processing /opt/airflow/dags/dag_with_taskflow_api.py took 0.129 seconds
[2023-03-27 15:03:59,815] {scheduler_job.py:182} INFO - Started process (PID=250) to work on /opt/airflow/dags/dag_with_taskflow_api.py
[2023-03-27 15:03:59,818] {scheduler_job.py:629} INFO - Processing file /opt/airflow/dags/dag_with_taskflow_api.py for tasks to queue
[2023-03-27 15:03:59,821] {logging_mixin.py:104} INFO - [2023-03-27 15:03:59,820] {dagbag.py:451} INFO - Filling up the DagBag from /opt/airflow/dags/dag_with_taskflow_api.py
[2023-03-27 15:03:59,844] {scheduler_job.py:639} INFO - DAG(s) dict_keys(['dag_with_taskflow_api_v02']) retrieved from /opt/airflow/dags/dag_with_taskflow_api.py
[2023-03-27 15:03:59,888] {logging_mixin.py:104} INFO - [2023-03-27 15:03:59,888] {dag.py:1824} INFO - Sync 1 DAGs
[2023-03-27 15:03:59,910] {logging_mixin.py:104} INFO - [2023-03-27 15:03:59,910] {dag.py:2280} INFO - Setting next_dagrun for dag_with_taskflow_api_v02 to 2023-03-26 00:00:00+00:00
[2023-03-27 15:03:59,921] {scheduler_job.py:190} INFO - Processing /opt/airflow/dags/dag_with_taskflow_api.py took 0.109 seconds
[2023-03-27 15:04:30,802] {scheduler_job.py:182} INFO - Started process (PID=254) to work on /opt/airflow/dags/dag_with_taskflow_api.py
[2023-03-27 15:04:30,805] {scheduler_job.py:629} INFO - Processing file /opt/airflow/dags/dag_with_taskflow_api.py for tasks to queue
[2023-03-27 15:04:30,806] {logging_mixin.py:104} INFO - [2023-03-27 15:04:30,806] {dagbag.py:451} INFO - Filling up the DagBag from /opt/airflow/dags/dag_with_taskflow_api.py
[2023-03-27 15:04:30,872] {scheduler_job.py:639} INFO - DAG(s) dict_keys(['dag_with_taskflow_api_v02']) retrieved from /opt/airflow/dags/dag_with_taskflow_api.py
[2023-03-27 15:04:30,976] {logging_mixin.py:104} INFO - [2023-03-27 15:04:30,976] {dag.py:1824} INFO - Sync 1 DAGs
[2023-03-27 15:04:31,011] {logging_mixin.py:104} INFO - [2023-03-27 15:04:31,011] {dag.py:2280} INFO - Setting next_dagrun for dag_with_taskflow_api_v02 to 2023-03-26 00:00:00+00:00
[2023-03-27 15:04:31,026] {scheduler_job.py:190} INFO - Processing /opt/airflow/dags/dag_with_taskflow_api.py took 0.229 seconds
[2023-03-27 15:05:01,679] {scheduler_job.py:182} INFO - Started process (PID=258) to work on /opt/airflow/dags/dag_with_taskflow_api.py
[2023-03-27 15:05:01,712] {scheduler_job.py:629} INFO - Processing file /opt/airflow/dags/dag_with_taskflow_api.py for tasks to queue
[2023-03-27 15:05:01,718] {logging_mixin.py:104} INFO - [2023-03-27 15:05:01,718] {dagbag.py:451} INFO - Filling up the DagBag from /opt/airflow/dags/dag_with_taskflow_api.py
[2023-03-27 15:05:01,921] {scheduler_job.py:639} INFO - DAG(s) dict_keys(['dag_with_taskflow_api_v02']) retrieved from /opt/airflow/dags/dag_with_taskflow_api.py
[2023-03-27 15:05:02,076] {logging_mixin.py:104} INFO - [2023-03-27 15:05:02,076] {dag.py:1824} INFO - Sync 1 DAGs
[2023-03-27 15:05:02,181] {logging_mixin.py:104} INFO - [2023-03-27 15:05:02,180] {dag.py:2280} INFO - Setting next_dagrun for dag_with_taskflow_api_v02 to 2023-03-26 00:00:00+00:00
[2023-03-27 15:05:02,234] {scheduler_job.py:190} INFO - Processing /opt/airflow/dags/dag_with_taskflow_api.py took 0.565 seconds
[2023-03-27 15:05:32,559] {scheduler_job.py:182} INFO - Started process (PID=262) to work on /opt/airflow/dags/dag_with_taskflow_api.py
[2023-03-27 15:05:32,572] {scheduler_job.py:629} INFO - Processing file /opt/airflow/dags/dag_with_taskflow_api.py for tasks to queue
[2023-03-27 15:05:32,591] {logging_mixin.py:104} INFO - [2023-03-27 15:05:32,590] {dagbag.py:451} INFO - Filling up the DagBag from /opt/airflow/dags/dag_with_taskflow_api.py
[2023-03-27 15:05:32,677] {scheduler_job.py:639} INFO - DAG(s) dict_keys(['dag_with_taskflow_api_v02']) retrieved from /opt/airflow/dags/dag_with_taskflow_api.py
[2023-03-27 15:05:32,762] {logging_mixin.py:104} INFO - [2023-03-27 15:05:32,762] {dag.py:1824} INFO - Sync 1 DAGs
[2023-03-27 15:05:32,795] {logging_mixin.py:104} INFO - [2023-03-27 15:05:32,795] {dag.py:2280} INFO - Setting next_dagrun for dag_with_taskflow_api_v02 to 2023-03-26 00:00:00+00:00
[2023-03-27 15:05:32,849] {scheduler_job.py:190} INFO - Processing /opt/airflow/dags/dag_with_taskflow_api.py took 0.306 seconds
[2023-03-27 15:06:04,586] {scheduler_job.py:182} INFO - Started process (PID=266) to work on /opt/airflow/dags/dag_with_taskflow_api.py
[2023-03-27 15:06:04,619] {scheduler_job.py:629} INFO - Processing file /opt/airflow/dags/dag_with_taskflow_api.py for tasks to queue
[2023-03-27 15:06:04,631] {logging_mixin.py:104} INFO - [2023-03-27 15:06:04,630] {dagbag.py:451} INFO - Filling up the DagBag from /opt/airflow/dags/dag_with_taskflow_api.py
[2023-03-27 15:06:04,893] {scheduler_job.py:639} INFO - DAG(s) dict_keys(['dag_with_taskflow_api_v02']) retrieved from /opt/airflow/dags/dag_with_taskflow_api.py
[2023-03-27 15:06:05,248] {logging_mixin.py:104} INFO - [2023-03-27 15:06:05,247] {dag.py:1824} INFO - Sync 1 DAGs
[2023-03-27 15:06:05,530] {logging_mixin.py:104} INFO - [2023-03-27 15:06:05,526] {dag.py:2280} INFO - Setting next_dagrun for dag_with_taskflow_api_v02 to 2023-03-26 00:00:00+00:00
[2023-03-27 15:06:05,680] {scheduler_job.py:190} INFO - Processing /opt/airflow/dags/dag_with_taskflow_api.py took 1.113 seconds
[2023-03-27 15:06:42,136] {scheduler_job.py:182} INFO - Started process (PID=270) to work on /opt/airflow/dags/dag_with_taskflow_api.py
[2023-03-27 15:06:42,175] {scheduler_job.py:629} INFO - Processing file /opt/airflow/dags/dag_with_taskflow_api.py for tasks to queue
[2023-03-27 15:06:42,243] {logging_mixin.py:104} INFO - [2023-03-27 15:06:42,242] {dagbag.py:451} INFO - Filling up the DagBag from /opt/airflow/dags/dag_with_taskflow_api.py
[2023-03-27 15:06:45,603] {scheduler_job.py:639} INFO - DAG(s) dict_keys(['dag_with_taskflow_api_v02']) retrieved from /opt/airflow/dags/dag_with_taskflow_api.py
[2023-03-27 15:06:46,618] {logging_mixin.py:104} INFO - [2023-03-27 15:06:46,614] {dag.py:1824} INFO - Sync 1 DAGs
[2023-03-27 15:06:46,853] {logging_mixin.py:104} INFO - [2023-03-27 15:06:46,852] {dag.py:2280} INFO - Setting next_dagrun for dag_with_taskflow_api_v02 to 2023-03-26 00:00:00+00:00
[2023-03-27 15:06:46,969] {scheduler_job.py:190} INFO - Processing /opt/airflow/dags/dag_with_taskflow_api.py took 4.934 seconds
[2023-03-27 15:07:17,895] {scheduler_job.py:182} INFO - Started process (PID=274) to work on /opt/airflow/dags/dag_with_taskflow_api.py
[2023-03-27 15:07:17,912] {scheduler_job.py:629} INFO - Processing file /opt/airflow/dags/dag_with_taskflow_api.py for tasks to queue
[2023-03-27 15:07:17,925] {logging_mixin.py:104} INFO - [2023-03-27 15:07:17,925] {dagbag.py:451} INFO - Filling up the DagBag from /opt/airflow/dags/dag_with_taskflow_api.py
[2023-03-27 15:07:18,232] {scheduler_job.py:639} INFO - DAG(s) dict_keys(['dag_with_taskflow_api_v02']) retrieved from /opt/airflow/dags/dag_with_taskflow_api.py
[2023-03-27 15:07:18,646] {logging_mixin.py:104} INFO - [2023-03-27 15:07:18,646] {dag.py:1824} INFO - Sync 1 DAGs
[2023-03-27 15:07:18,765] {logging_mixin.py:104} INFO - [2023-03-27 15:07:18,761] {dag.py:2280} INFO - Setting next_dagrun for dag_with_taskflow_api_v02 to 2023-03-26 00:00:00+00:00
[2023-03-27 15:07:18,884] {scheduler_job.py:190} INFO - Processing /opt/airflow/dags/dag_with_taskflow_api.py took 1.030 seconds
[2023-03-27 15:07:50,457] {scheduler_job.py:182} INFO - Started process (PID=278) to work on /opt/airflow/dags/dag_with_taskflow_api.py
[2023-03-27 15:07:50,464] {scheduler_job.py:629} INFO - Processing file /opt/airflow/dags/dag_with_taskflow_api.py for tasks to queue
[2023-03-27 15:07:50,470] {logging_mixin.py:104} INFO - [2023-03-27 15:07:50,469] {dagbag.py:451} INFO - Filling up the DagBag from /opt/airflow/dags/dag_with_taskflow_api.py
[2023-03-27 15:07:50,592] {scheduler_job.py:639} INFO - DAG(s) dict_keys(['dag_with_taskflow_api_v02']) retrieved from /opt/airflow/dags/dag_with_taskflow_api.py
[2023-03-27 15:07:50,735] {logging_mixin.py:104} INFO - [2023-03-27 15:07:50,734] {dag.py:1824} INFO - Sync 1 DAGs
[2023-03-27 15:07:50,790] {logging_mixin.py:104} INFO - [2023-03-27 15:07:50,790] {dag.py:2280} INFO - Setting next_dagrun for dag_with_taskflow_api_v02 to 2023-03-26 00:00:00+00:00
[2023-03-27 15:07:50,857] {scheduler_job.py:190} INFO - Processing /opt/airflow/dags/dag_with_taskflow_api.py took 0.434 seconds
[2023-03-27 15:08:21,623] {scheduler_job.py:182} INFO - Started process (PID=282) to work on /opt/airflow/dags/dag_with_taskflow_api.py
[2023-03-27 15:08:21,694] {scheduler_job.py:629} INFO - Processing file /opt/airflow/dags/dag_with_taskflow_api.py for tasks to queue
[2023-03-27 15:08:21,748] {logging_mixin.py:104} INFO - [2023-03-27 15:08:21,746] {dagbag.py:451} INFO - Filling up the DagBag from /opt/airflow/dags/dag_with_taskflow_api.py
[2023-03-27 15:08:22,379] {scheduler_job.py:639} INFO - DAG(s) dict_keys(['dag_with_taskflow_api_v02']) retrieved from /opt/airflow/dags/dag_with_taskflow_api.py
[2023-03-27 15:08:23,109] {logging_mixin.py:104} INFO - [2023-03-27 15:08:23,095] {dag.py:1824} INFO - Sync 1 DAGs
[2023-03-27 15:08:23,319] {logging_mixin.py:104} INFO - [2023-03-27 15:08:23,318] {dag.py:2280} INFO - Setting next_dagrun for dag_with_taskflow_api_v02 to 2023-03-26 00:00:00+00:00
[2023-03-27 15:08:23,397] {scheduler_job.py:190} INFO - Processing /opt/airflow/dags/dag_with_taskflow_api.py took 1.878 seconds
[2023-03-27 15:08:54,260] {scheduler_job.py:182} INFO - Started process (PID=286) to work on /opt/airflow/dags/dag_with_taskflow_api.py
[2023-03-27 15:08:54,306] {scheduler_job.py:629} INFO - Processing file /opt/airflow/dags/dag_with_taskflow_api.py for tasks to queue
[2023-03-27 15:08:54,308] {logging_mixin.py:104} INFO - [2023-03-27 15:08:54,307] {dagbag.py:451} INFO - Filling up the DagBag from /opt/airflow/dags/dag_with_taskflow_api.py
[2023-03-27 15:08:54,602] {scheduler_job.py:639} INFO - DAG(s) dict_keys(['dag_with_taskflow_api_v02']) retrieved from /opt/airflow/dags/dag_with_taskflow_api.py
[2023-03-27 15:08:55,018] {logging_mixin.py:104} INFO - [2023-03-27 15:08:55,016] {dag.py:1824} INFO - Sync 1 DAGs
[2023-03-27 15:08:55,278] {logging_mixin.py:104} INFO - [2023-03-27 15:08:55,268] {dag.py:2280} INFO - Setting next_dagrun for dag_with_taskflow_api_v02 to 2023-03-26 00:00:00+00:00
[2023-03-27 15:08:55,708] {scheduler_job.py:190} INFO - Processing /opt/airflow/dags/dag_with_taskflow_api.py took 1.510 seconds
[2023-03-27 15:09:26,590] {scheduler_job.py:182} INFO - Started process (PID=290) to work on /opt/airflow/dags/dag_with_taskflow_api.py
[2023-03-27 15:09:26,628] {scheduler_job.py:629} INFO - Processing file /opt/airflow/dags/dag_with_taskflow_api.py for tasks to queue
[2023-03-27 15:09:26,639] {logging_mixin.py:104} INFO - [2023-03-27 15:09:26,638] {dagbag.py:451} INFO - Filling up the DagBag from /opt/airflow/dags/dag_with_taskflow_api.py
[2023-03-27 15:09:26,888] {scheduler_job.py:639} INFO - DAG(s) dict_keys(['dag_with_taskflow_api_v02']) retrieved from /opt/airflow/dags/dag_with_taskflow_api.py
[2023-03-27 15:09:27,121] {logging_mixin.py:104} INFO - [2023-03-27 15:09:27,121] {dag.py:1824} INFO - Sync 1 DAGs
[2023-03-27 15:09:27,202] {logging_mixin.py:104} INFO - [2023-03-27 15:09:27,201] {dag.py:2280} INFO - Setting next_dagrun for dag_with_taskflow_api_v02 to 2023-03-26 00:00:00+00:00
[2023-03-27 15:09:27,297] {scheduler_job.py:190} INFO - Processing /opt/airflow/dags/dag_with_taskflow_api.py took 0.728 seconds
[2023-03-27 15:09:57,630] {scheduler_job.py:182} INFO - Started process (PID=294) to work on /opt/airflow/dags/dag_with_taskflow_api.py
[2023-03-27 15:09:57,635] {scheduler_job.py:629} INFO - Processing file /opt/airflow/dags/dag_with_taskflow_api.py for tasks to queue
[2023-03-27 15:09:57,643] {logging_mixin.py:104} INFO - [2023-03-27 15:09:57,642] {dagbag.py:451} INFO - Filling up the DagBag from /opt/airflow/dags/dag_with_taskflow_api.py
[2023-03-27 15:09:57,737] {scheduler_job.py:639} INFO - DAG(s) dict_keys(['dag_with_taskflow_api_v02']) retrieved from /opt/airflow/dags/dag_with_taskflow_api.py
[2023-03-27 15:09:57,873] {logging_mixin.py:104} INFO - [2023-03-27 15:09:57,873] {dag.py:1824} INFO - Sync 1 DAGs
[2023-03-27 15:09:57,932] {logging_mixin.py:104} INFO - [2023-03-27 15:09:57,932] {dag.py:2280} INFO - Setting next_dagrun for dag_with_taskflow_api_v02 to 2023-03-26 00:00:00+00:00
[2023-03-27 15:09:57,950] {scheduler_job.py:190} INFO - Processing /opt/airflow/dags/dag_with_taskflow_api.py took 0.356 seconds
[2023-03-27 15:10:28,510] {scheduler_job.py:182} INFO - Started process (PID=298) to work on /opt/airflow/dags/dag_with_taskflow_api.py
[2023-03-27 15:10:28,515] {scheduler_job.py:629} INFO - Processing file /opt/airflow/dags/dag_with_taskflow_api.py for tasks to queue
[2023-03-27 15:10:28,519] {logging_mixin.py:104} INFO - [2023-03-27 15:10:28,519] {dagbag.py:451} INFO - Filling up the DagBag from /opt/airflow/dags/dag_with_taskflow_api.py
[2023-03-27 15:10:28,689] {scheduler_job.py:639} INFO - DAG(s) dict_keys(['dag_with_taskflow_api_v02']) retrieved from /opt/airflow/dags/dag_with_taskflow_api.py
[2023-03-27 15:10:28,761] {logging_mixin.py:104} INFO - [2023-03-27 15:10:28,761] {dag.py:1824} INFO - Sync 1 DAGs
[2023-03-27 15:10:28,884] {logging_mixin.py:104} INFO - [2023-03-27 15:10:28,883] {dag.py:2280} INFO - Setting next_dagrun for dag_with_taskflow_api_v02 to 2023-03-26 00:00:00+00:00
[2023-03-27 15:10:28,920] {scheduler_job.py:190} INFO - Processing /opt/airflow/dags/dag_with_taskflow_api.py took 0.421 seconds
[2023-03-27 15:10:59,157] {scheduler_job.py:182} INFO - Started process (PID=302) to work on /opt/airflow/dags/dag_with_taskflow_api.py
[2023-03-27 15:10:59,169] {scheduler_job.py:629} INFO - Processing file /opt/airflow/dags/dag_with_taskflow_api.py for tasks to queue
[2023-03-27 15:10:59,178] {logging_mixin.py:104} INFO - [2023-03-27 15:10:59,177] {dagbag.py:451} INFO - Filling up the DagBag from /opt/airflow/dags/dag_with_taskflow_api.py
[2023-03-27 15:10:59,412] {scheduler_job.py:639} INFO - DAG(s) dict_keys(['dag_with_taskflow_api_v02']) retrieved from /opt/airflow/dags/dag_with_taskflow_api.py
[2023-03-27 15:10:59,622] {logging_mixin.py:104} INFO - [2023-03-27 15:10:59,620] {dag.py:1824} INFO - Sync 1 DAGs
[2023-03-27 15:10:59,719] {logging_mixin.py:104} INFO - [2023-03-27 15:10:59,718] {dag.py:2280} INFO - Setting next_dagrun for dag_with_taskflow_api_v02 to 2023-03-26 00:00:00+00:00
[2023-03-27 15:10:59,770] {scheduler_job.py:190} INFO - Processing /opt/airflow/dags/dag_with_taskflow_api.py took 0.637 seconds
[2023-03-27 15:11:30,856] {scheduler_job.py:182} INFO - Started process (PID=306) to work on /opt/airflow/dags/dag_with_taskflow_api.py
[2023-03-27 15:11:30,860] {scheduler_job.py:629} INFO - Processing file /opt/airflow/dags/dag_with_taskflow_api.py for tasks to queue
[2023-03-27 15:11:30,863] {logging_mixin.py:104} INFO - [2023-03-27 15:11:30,863] {dagbag.py:451} INFO - Filling up the DagBag from /opt/airflow/dags/dag_with_taskflow_api.py
[2023-03-27 15:11:30,949] {scheduler_job.py:639} INFO - DAG(s) dict_keys(['dag_with_taskflow_api_v02']) retrieved from /opt/airflow/dags/dag_with_taskflow_api.py
[2023-03-27 15:11:31,238] {logging_mixin.py:104} INFO - [2023-03-27 15:11:31,238] {dag.py:1824} INFO - Sync 1 DAGs
[2023-03-27 15:11:31,332] {logging_mixin.py:104} INFO - [2023-03-27 15:11:31,332] {dag.py:2280} INFO - Setting next_dagrun for dag_with_taskflow_api_v02 to 2023-03-26 00:00:00+00:00
[2023-03-27 15:11:31,376] {scheduler_job.py:190} INFO - Processing /opt/airflow/dags/dag_with_taskflow_api.py took 0.528 seconds
[2023-03-27 15:12:02,459] {scheduler_job.py:182} INFO - Started process (PID=310) to work on /opt/airflow/dags/dag_with_taskflow_api.py
[2023-03-27 15:12:02,471] {scheduler_job.py:629} INFO - Processing file /opt/airflow/dags/dag_with_taskflow_api.py for tasks to queue
[2023-03-27 15:12:02,477] {logging_mixin.py:104} INFO - [2023-03-27 15:12:02,476] {dagbag.py:451} INFO - Filling up the DagBag from /opt/airflow/dags/dag_with_taskflow_api.py
[2023-03-27 15:12:02,563] {scheduler_job.py:639} INFO - DAG(s) dict_keys(['dag_with_taskflow_api_v02']) retrieved from /opt/airflow/dags/dag_with_taskflow_api.py
[2023-03-27 15:12:02,692] {logging_mixin.py:104} INFO - [2023-03-27 15:12:02,692] {dag.py:1824} INFO - Sync 1 DAGs
[2023-03-27 15:12:02,734] {logging_mixin.py:104} INFO - [2023-03-27 15:12:02,734] {dag.py:2280} INFO - Setting next_dagrun for dag_with_taskflow_api_v02 to 2023-03-26 00:00:00+00:00
[2023-03-27 15:12:02,777] {scheduler_job.py:190} INFO - Processing /opt/airflow/dags/dag_with_taskflow_api.py took 0.328 seconds
[2023-03-27 15:12:33,053] {scheduler_job.py:182} INFO - Started process (PID=314) to work on /opt/airflow/dags/dag_with_taskflow_api.py
[2023-03-27 15:12:33,059] {scheduler_job.py:629} INFO - Processing file /opt/airflow/dags/dag_with_taskflow_api.py for tasks to queue
[2023-03-27 15:12:33,061] {logging_mixin.py:104} INFO - [2023-03-27 15:12:33,061] {dagbag.py:451} INFO - Filling up the DagBag from /opt/airflow/dags/dag_with_taskflow_api.py
[2023-03-27 15:12:33,125] {scheduler_job.py:639} INFO - DAG(s) dict_keys(['dag_with_taskflow_api_v02']) retrieved from /opt/airflow/dags/dag_with_taskflow_api.py
[2023-03-27 15:12:33,277] {logging_mixin.py:104} INFO - [2023-03-27 15:12:33,277] {dag.py:1824} INFO - Sync 1 DAGs
[2023-03-27 15:12:33,342] {logging_mixin.py:104} INFO - [2023-03-27 15:12:33,341] {dag.py:2280} INFO - Setting next_dagrun for dag_with_taskflow_api_v02 to 2023-03-26 00:00:00+00:00
[2023-03-27 15:12:33,370] {scheduler_job.py:190} INFO - Processing /opt/airflow/dags/dag_with_taskflow_api.py took 0.347 seconds
[2023-03-27 15:13:03,932] {scheduler_job.py:182} INFO - Started process (PID=318) to work on /opt/airflow/dags/dag_with_taskflow_api.py
[2023-03-27 15:13:03,938] {scheduler_job.py:629} INFO - Processing file /opt/airflow/dags/dag_with_taskflow_api.py for tasks to queue
[2023-03-27 15:13:03,942] {logging_mixin.py:104} INFO - [2023-03-27 15:13:03,942] {dagbag.py:451} INFO - Filling up the DagBag from /opt/airflow/dags/dag_with_taskflow_api.py
[2023-03-27 15:13:04,115] {scheduler_job.py:639} INFO - DAG(s) dict_keys(['dag_with_taskflow_api_v02']) retrieved from /opt/airflow/dags/dag_with_taskflow_api.py
[2023-03-27 15:13:04,339] {logging_mixin.py:104} INFO - [2023-03-27 15:13:04,338] {dag.py:1824} INFO - Sync 1 DAGs
[2023-03-27 15:13:04,474] {logging_mixin.py:104} INFO - [2023-03-27 15:13:04,472] {dag.py:2280} INFO - Setting next_dagrun for dag_with_taskflow_api_v02 to 2023-03-26 00:00:00+00:00
[2023-03-27 15:13:04,507] {scheduler_job.py:190} INFO - Processing /opt/airflow/dags/dag_with_taskflow_api.py took 0.605 seconds
[2023-03-27 15:13:34,957] {scheduler_job.py:182} INFO - Started process (PID=322) to work on /opt/airflow/dags/dag_with_taskflow_api.py
[2023-03-27 15:13:34,961] {scheduler_job.py:629} INFO - Processing file /opt/airflow/dags/dag_with_taskflow_api.py for tasks to queue
[2023-03-27 15:13:34,999] {logging_mixin.py:104} INFO - [2023-03-27 15:13:34,997] {dagbag.py:451} INFO - Filling up the DagBag from /opt/airflow/dags/dag_with_taskflow_api.py
[2023-03-27 15:13:35,223] {scheduler_job.py:639} INFO - DAG(s) dict_keys(['dag_with_taskflow_api_v02']) retrieved from /opt/airflow/dags/dag_with_taskflow_api.py
[2023-03-27 15:13:35,386] {logging_mixin.py:104} INFO - [2023-03-27 15:13:35,381] {dag.py:1824} INFO - Sync 1 DAGs
[2023-03-27 15:13:35,502] {logging_mixin.py:104} INFO - [2023-03-27 15:13:35,502] {dag.py:2280} INFO - Setting next_dagrun for dag_with_taskflow_api_v02 to 2023-03-26 00:00:00+00:00
[2023-03-27 15:13:35,589] {scheduler_job.py:190} INFO - Processing /opt/airflow/dags/dag_with_taskflow_api.py took 0.656 seconds
[2023-03-27 15:14:06,775] {scheduler_job.py:182} INFO - Started process (PID=326) to work on /opt/airflow/dags/dag_with_taskflow_api.py
[2023-03-27 15:14:06,779] {scheduler_job.py:629} INFO - Processing file /opt/airflow/dags/dag_with_taskflow_api.py for tasks to queue
[2023-03-27 15:14:06,782] {logging_mixin.py:104} INFO - [2023-03-27 15:14:06,782] {dagbag.py:451} INFO - Filling up the DagBag from /opt/airflow/dags/dag_with_taskflow_api.py
[2023-03-27 15:14:06,862] {scheduler_job.py:639} INFO - DAG(s) dict_keys(['dag_with_taskflow_api_v02']) retrieved from /opt/airflow/dags/dag_with_taskflow_api.py
[2023-03-27 15:14:07,033] {logging_mixin.py:104} INFO - [2023-03-27 15:14:07,033] {dag.py:1824} INFO - Sync 1 DAGs
[2023-03-27 15:14:07,123] {logging_mixin.py:104} INFO - [2023-03-27 15:14:07,122] {dag.py:2280} INFO - Setting next_dagrun for dag_with_taskflow_api_v02 to 2023-03-26 00:00:00+00:00
[2023-03-27 15:14:07,239] {scheduler_job.py:190} INFO - Processing /opt/airflow/dags/dag_with_taskflow_api.py took 0.480 seconds
[2023-03-27 15:14:37,555] {scheduler_job.py:182} INFO - Started process (PID=330) to work on /opt/airflow/dags/dag_with_taskflow_api.py
[2023-03-27 15:14:37,560] {scheduler_job.py:629} INFO - Processing file /opt/airflow/dags/dag_with_taskflow_api.py for tasks to queue
[2023-03-27 15:14:37,565] {logging_mixin.py:104} INFO - [2023-03-27 15:14:37,565] {dagbag.py:451} INFO - Filling up the DagBag from /opt/airflow/dags/dag_with_taskflow_api.py
[2023-03-27 15:14:37,695] {scheduler_job.py:639} INFO - DAG(s) dict_keys(['dag_with_taskflow_api_v02']) retrieved from /opt/airflow/dags/dag_with_taskflow_api.py
[2023-03-27 15:14:37,932] {logging_mixin.py:104} INFO - [2023-03-27 15:14:37,932] {dag.py:1824} INFO - Sync 1 DAGs
[2023-03-27 15:14:38,055] {logging_mixin.py:104} INFO - [2023-03-27 15:14:38,051] {dag.py:2280} INFO - Setting next_dagrun for dag_with_taskflow_api_v02 to 2023-03-26 00:00:00+00:00
[2023-03-27 15:14:38,128] {scheduler_job.py:190} INFO - Processing /opt/airflow/dags/dag_with_taskflow_api.py took 0.592 seconds
[2023-03-27 15:15:08,927] {scheduler_job.py:182} INFO - Started process (PID=334) to work on /opt/airflow/dags/dag_with_taskflow_api.py
[2023-03-27 15:15:08,937] {scheduler_job.py:629} INFO - Processing file /opt/airflow/dags/dag_with_taskflow_api.py for tasks to queue
[2023-03-27 15:15:08,941] {logging_mixin.py:104} INFO - [2023-03-27 15:15:08,941] {dagbag.py:451} INFO - Filling up the DagBag from /opt/airflow/dags/dag_with_taskflow_api.py
[2023-03-27 15:15:09,020] {scheduler_job.py:639} INFO - DAG(s) dict_keys(['dag_with_taskflow_api_v02']) retrieved from /opt/airflow/dags/dag_with_taskflow_api.py
[2023-03-27 15:15:09,237] {logging_mixin.py:104} INFO - [2023-03-27 15:15:09,237] {dag.py:1824} INFO - Sync 1 DAGs
[2023-03-27 15:15:09,301] {logging_mixin.py:104} INFO - [2023-03-27 15:15:09,300] {dag.py:2280} INFO - Setting next_dagrun for dag_with_taskflow_api_v02 to 2023-03-26 00:00:00+00:00
[2023-03-27 15:15:09,324] {scheduler_job.py:190} INFO - Processing /opt/airflow/dags/dag_with_taskflow_api.py took 0.413 seconds
[2023-03-27 15:15:44,000] {scheduler_job.py:182} INFO - Started process (PID=338) to work on /opt/airflow/dags/dag_with_taskflow_api.py
[2023-03-27 15:15:44,013] {scheduler_job.py:629} INFO - Processing file /opt/airflow/dags/dag_with_taskflow_api.py for tasks to queue
[2023-03-27 15:15:44,033] {logging_mixin.py:104} INFO - [2023-03-27 15:15:44,032] {dagbag.py:451} INFO - Filling up the DagBag from /opt/airflow/dags/dag_with_taskflow_api.py
[2023-03-27 15:15:44,363] {scheduler_job.py:639} INFO - DAG(s) dict_keys(['dag_with_taskflow_api_v02']) retrieved from /opt/airflow/dags/dag_with_taskflow_api.py
[2023-03-27 15:15:44,784] {logging_mixin.py:104} INFO - [2023-03-27 15:15:44,782] {dag.py:1824} INFO - Sync 1 DAGs
[2023-03-27 15:15:45,214] {logging_mixin.py:104} INFO - [2023-03-27 15:15:45,208] {dag.py:2280} INFO - Setting next_dagrun for dag_with_taskflow_api_v02 to 2023-03-26 00:00:00+00:00
[2023-03-27 15:15:45,599] {scheduler_job.py:190} INFO - Processing /opt/airflow/dags/dag_with_taskflow_api.py took 1.667 seconds
[2023-03-27 15:16:22,290] {scheduler_job.py:182} INFO - Started process (PID=342) to work on /opt/airflow/dags/dag_with_taskflow_api.py
[2023-03-27 15:16:22,390] {scheduler_job.py:629} INFO - Processing file /opt/airflow/dags/dag_with_taskflow_api.py for tasks to queue
[2023-03-27 15:16:22,464] {logging_mixin.py:104} INFO - [2023-03-27 15:16:22,434] {dagbag.py:451} INFO - Filling up the DagBag from /opt/airflow/dags/dag_with_taskflow_api.py
[2023-03-27 15:16:23,959] {scheduler_job.py:639} INFO - DAG(s) dict_keys(['dag_with_taskflow_api_v02']) retrieved from /opt/airflow/dags/dag_with_taskflow_api.py
[2023-03-27 15:16:24,390] {logging_mixin.py:104} INFO - [2023-03-27 15:16:24,389] {dag.py:1824} INFO - Sync 1 DAGs
[2023-03-27 15:16:24,807] {logging_mixin.py:104} INFO - [2023-03-27 15:16:24,805] {dag.py:2280} INFO - Setting next_dagrun for dag_with_taskflow_api_v02 to 2023-03-26 00:00:00+00:00
[2023-03-27 15:16:24,927] {scheduler_job.py:190} INFO - Processing /opt/airflow/dags/dag_with_taskflow_api.py took 3.165 seconds
[2023-03-27 15:17:00,492] {scheduler_job.py:182} INFO - Started process (PID=346) to work on /opt/airflow/dags/dag_with_taskflow_api.py
[2023-03-27 15:17:00,559] {scheduler_job.py:629} INFO - Processing file /opt/airflow/dags/dag_with_taskflow_api.py for tasks to queue
[2023-03-27 15:17:00,677] {logging_mixin.py:104} INFO - [2023-03-27 15:17:00,673] {dagbag.py:451} INFO - Filling up the DagBag from /opt/airflow/dags/dag_with_taskflow_api.py
[2023-03-27 15:17:06,798] {scheduler_job.py:639} INFO - DAG(s) dict_keys(['dag_with_taskflow_api_v02']) retrieved from /opt/airflow/dags/dag_with_taskflow_api.py
[2023-03-27 15:17:12,943] {logging_mixin.py:104} INFO - [2023-03-27 15:17:12,888] {dag.py:1824} INFO - Sync 1 DAGs
[2023-03-27 15:17:15,301] {logging_mixin.py:104} INFO - [2023-03-27 15:17:15,166] {dag.py:2280} INFO - Setting next_dagrun for dag_with_taskflow_api_v02 to 2023-03-26 00:00:00+00:00
[2023-03-27 15:17:15,976] {scheduler_job.py:190} INFO - Processing /opt/airflow/dags/dag_with_taskflow_api.py took 15.561 seconds
[2023-03-27 15:17:50,441] {scheduler_job.py:182} INFO - Started process (PID=350) to work on /opt/airflow/dags/dag_with_taskflow_api.py
[2023-03-27 15:17:50,525] {scheduler_job.py:629} INFO - Processing file /opt/airflow/dags/dag_with_taskflow_api.py for tasks to queue
[2023-03-27 15:17:50,564] {logging_mixin.py:104} INFO - [2023-03-27 15:17:50,562] {dagbag.py:451} INFO - Filling up the DagBag from /opt/airflow/dags/dag_with_taskflow_api.py
[2023-03-27 15:17:51,335] {scheduler_job.py:639} INFO - DAG(s) dict_keys(['dag_with_taskflow_api_v02']) retrieved from /opt/airflow/dags/dag_with_taskflow_api.py
[2023-03-27 15:17:51,802] {logging_mixin.py:104} INFO - [2023-03-27 15:17:51,801] {dag.py:1824} INFO - Sync 1 DAGs
[2023-03-27 15:17:52,002] {logging_mixin.py:104} INFO - [2023-03-27 15:17:51,999] {dag.py:2280} INFO - Setting next_dagrun for dag_with_taskflow_api_v02 to 2023-03-26 00:00:00+00:00
[2023-03-27 15:17:52,094] {scheduler_job.py:190} INFO - Processing /opt/airflow/dags/dag_with_taskflow_api.py took 1.776 seconds
[2023-03-27 15:18:24,164] {scheduler_job.py:182} INFO - Started process (PID=354) to work on /opt/airflow/dags/dag_with_taskflow_api.py
[2023-03-27 15:18:24,208] {scheduler_job.py:629} INFO - Processing file /opt/airflow/dags/dag_with_taskflow_api.py for tasks to queue
[2023-03-27 15:18:24,239] {logging_mixin.py:104} INFO - [2023-03-27 15:18:24,238] {dagbag.py:451} INFO - Filling up the DagBag from /opt/airflow/dags/dag_with_taskflow_api.py
[2023-03-27 15:18:25,277] {scheduler_job.py:639} INFO - DAG(s) dict_keys(['dag_with_taskflow_api_v02']) retrieved from /opt/airflow/dags/dag_with_taskflow_api.py
[2023-03-27 15:18:26,155] {logging_mixin.py:104} INFO - [2023-03-27 15:18:26,151] {dag.py:1824} INFO - Sync 1 DAGs
[2023-03-27 15:18:26,436] {logging_mixin.py:104} INFO - [2023-03-27 15:18:26,435] {dag.py:2280} INFO - Setting next_dagrun for dag_with_taskflow_api_v02 to 2023-03-26 00:00:00+00:00
[2023-03-27 15:18:26,580] {scheduler_job.py:190} INFO - Processing /opt/airflow/dags/dag_with_taskflow_api.py took 2.594 seconds
[2023-03-27 15:18:57,250] {scheduler_job.py:182} INFO - Started process (PID=358) to work on /opt/airflow/dags/dag_with_taskflow_api.py
[2023-03-27 15:18:57,258] {scheduler_job.py:629} INFO - Processing file /opt/airflow/dags/dag_with_taskflow_api.py for tasks to queue
[2023-03-27 15:18:57,266] {logging_mixin.py:104} INFO - [2023-03-27 15:18:57,265] {dagbag.py:451} INFO - Filling up the DagBag from /opt/airflow/dags/dag_with_taskflow_api.py
[2023-03-27 15:18:57,519] {scheduler_job.py:639} INFO - DAG(s) dict_keys(['dag_with_taskflow_api_v02']) retrieved from /opt/airflow/dags/dag_with_taskflow_api.py
[2023-03-27 15:18:58,123] {logging_mixin.py:104} INFO - [2023-03-27 15:18:58,122] {dag.py:1824} INFO - Sync 1 DAGs
[2023-03-27 15:18:58,756] {logging_mixin.py:104} INFO - [2023-03-27 15:18:58,754] {dag.py:2280} INFO - Setting next_dagrun for dag_with_taskflow_api_v02 to 2023-03-26 00:00:00+00:00
[2023-03-27 15:18:59,104] {scheduler_job.py:190} INFO - Processing /opt/airflow/dags/dag_with_taskflow_api.py took 1.896 seconds
[2023-03-27 15:19:30,377] {scheduler_job.py:182} INFO - Started process (PID=362) to work on /opt/airflow/dags/dag_with_taskflow_api.py
[2023-03-27 15:19:30,406] {scheduler_job.py:629} INFO - Processing file /opt/airflow/dags/dag_with_taskflow_api.py for tasks to queue
[2023-03-27 15:19:30,417] {logging_mixin.py:104} INFO - [2023-03-27 15:19:30,417] {dagbag.py:451} INFO - Filling up the DagBag from /opt/airflow/dags/dag_with_taskflow_api.py
[2023-03-27 15:19:30,593] {scheduler_job.py:639} INFO - DAG(s) dict_keys(['dag_with_taskflow_api_v02']) retrieved from /opt/airflow/dags/dag_with_taskflow_api.py
[2023-03-27 15:19:30,736] {logging_mixin.py:104} INFO - [2023-03-27 15:19:30,735] {dag.py:1824} INFO - Sync 1 DAGs
[2023-03-27 15:19:30,848] {logging_mixin.py:104} INFO - [2023-03-27 15:19:30,847] {dag.py:2280} INFO - Setting next_dagrun for dag_with_taskflow_api_v02 to 2023-03-26 00:00:00+00:00
[2023-03-27 15:19:30,922] {scheduler_job.py:190} INFO - Processing /opt/airflow/dags/dag_with_taskflow_api.py took 0.566 seconds
[2023-03-27 15:20:01,943] {scheduler_job.py:182} INFO - Started process (PID=366) to work on /opt/airflow/dags/dag_with_taskflow_api.py
[2023-03-27 15:20:01,950] {scheduler_job.py:629} INFO - Processing file /opt/airflow/dags/dag_with_taskflow_api.py for tasks to queue
[2023-03-27 15:20:01,954] {logging_mixin.py:104} INFO - [2023-03-27 15:20:01,954] {dagbag.py:451} INFO - Filling up the DagBag from /opt/airflow/dags/dag_with_taskflow_api.py
[2023-03-27 15:20:02,067] {scheduler_job.py:639} INFO - DAG(s) dict_keys(['dag_with_taskflow_api_v02']) retrieved from /opt/airflow/dags/dag_with_taskflow_api.py
[2023-03-27 15:20:02,180] {logging_mixin.py:104} INFO - [2023-03-27 15:20:02,180] {dag.py:1824} INFO - Sync 1 DAGs
[2023-03-27 15:20:02,279] {logging_mixin.py:104} INFO - [2023-03-27 15:20:02,279] {dag.py:2280} INFO - Setting next_dagrun for dag_with_taskflow_api_v02 to 2023-03-26 00:00:00+00:00
[2023-03-27 15:20:02,302] {scheduler_job.py:190} INFO - Processing /opt/airflow/dags/dag_with_taskflow_api.py took 0.373 seconds
[2023-03-27 15:20:32,501] {scheduler_job.py:182} INFO - Started process (PID=370) to work on /opt/airflow/dags/dag_with_taskflow_api.py
[2023-03-27 15:20:32,509] {scheduler_job.py:629} INFO - Processing file /opt/airflow/dags/dag_with_taskflow_api.py for tasks to queue
[2023-03-27 15:20:32,513] {logging_mixin.py:104} INFO - [2023-03-27 15:20:32,513] {dagbag.py:451} INFO - Filling up the DagBag from /opt/airflow/dags/dag_with_taskflow_api.py
[2023-03-27 15:20:32,645] {scheduler_job.py:639} INFO - DAG(s) dict_keys(['dag_with_taskflow_api_v02']) retrieved from /opt/airflow/dags/dag_with_taskflow_api.py
[2023-03-27 15:20:32,776] {logging_mixin.py:104} INFO - [2023-03-27 15:20:32,776] {dag.py:1824} INFO - Sync 1 DAGs
[2023-03-27 15:20:32,822] {logging_mixin.py:104} INFO - [2023-03-27 15:20:32,821] {dag.py:2280} INFO - Setting next_dagrun for dag_with_taskflow_api_v02 to 2023-03-26 00:00:00+00:00
[2023-03-27 15:20:32,845] {scheduler_job.py:190} INFO - Processing /opt/airflow/dags/dag_with_taskflow_api.py took 0.356 seconds
[2023-03-27 15:21:03,736] {scheduler_job.py:182} INFO - Started process (PID=374) to work on /opt/airflow/dags/dag_with_taskflow_api.py
[2023-03-27 15:21:03,744] {scheduler_job.py:629} INFO - Processing file /opt/airflow/dags/dag_with_taskflow_api.py for tasks to queue
[2023-03-27 15:21:03,747] {logging_mixin.py:104} INFO - [2023-03-27 15:21:03,747] {dagbag.py:451} INFO - Filling up the DagBag from /opt/airflow/dags/dag_with_taskflow_api.py
[2023-03-27 15:21:03,829] {scheduler_job.py:639} INFO - DAG(s) dict_keys(['dag_with_taskflow_api_v02']) retrieved from /opt/airflow/dags/dag_with_taskflow_api.py
[2023-03-27 15:21:03,974] {logging_mixin.py:104} INFO - [2023-03-27 15:21:03,973] {dag.py:1824} INFO - Sync 1 DAGs
[2023-03-27 15:21:04,042] {logging_mixin.py:104} INFO - [2023-03-27 15:21:04,042] {dag.py:2280} INFO - Setting next_dagrun for dag_with_taskflow_api_v02 to 2023-03-26 00:00:00+00:00
[2023-03-27 15:21:04,065] {scheduler_job.py:190} INFO - Processing /opt/airflow/dags/dag_with_taskflow_api.py took 0.342 seconds
[2023-03-27 15:21:35,232] {scheduler_job.py:182} INFO - Started process (PID=378) to work on /opt/airflow/dags/dag_with_taskflow_api.py
[2023-03-27 15:21:35,238] {scheduler_job.py:629} INFO - Processing file /opt/airflow/dags/dag_with_taskflow_api.py for tasks to queue
[2023-03-27 15:21:35,259] {logging_mixin.py:104} INFO - [2023-03-27 15:21:35,257] {dagbag.py:451} INFO - Filling up the DagBag from /opt/airflow/dags/dag_with_taskflow_api.py
[2023-03-27 15:21:35,389] {scheduler_job.py:639} INFO - DAG(s) dict_keys(['dag_with_taskflow_api_v02']) retrieved from /opt/airflow/dags/dag_with_taskflow_api.py
[2023-03-27 15:21:35,569] {logging_mixin.py:104} INFO - [2023-03-27 15:21:35,569] {dag.py:1824} INFO - Sync 1 DAGs
[2023-03-27 15:21:35,684] {logging_mixin.py:104} INFO - [2023-03-27 15:21:35,683] {dag.py:2280} INFO - Setting next_dagrun for dag_with_taskflow_api_v02 to 2023-03-26 00:00:00+00:00
[2023-03-27 15:21:35,850] {scheduler_job.py:190} INFO - Processing /opt/airflow/dags/dag_with_taskflow_api.py took 0.633 seconds
[2023-03-27 15:22:06,187] {scheduler_job.py:182} INFO - Started process (PID=382) to work on /opt/airflow/dags/dag_with_taskflow_api.py
[2023-03-27 15:22:06,194] {scheduler_job.py:629} INFO - Processing file /opt/airflow/dags/dag_with_taskflow_api.py for tasks to queue
[2023-03-27 15:22:06,200] {logging_mixin.py:104} INFO - [2023-03-27 15:22:06,200] {dagbag.py:451} INFO - Filling up the DagBag from /opt/airflow/dags/dag_with_taskflow_api.py
[2023-03-27 15:22:06,316] {scheduler_job.py:639} INFO - DAG(s) dict_keys(['dag_with_taskflow_api_v02']) retrieved from /opt/airflow/dags/dag_with_taskflow_api.py
[2023-03-27 15:22:06,423] {logging_mixin.py:104} INFO - [2023-03-27 15:22:06,423] {dag.py:1824} INFO - Sync 1 DAGs
[2023-03-27 15:22:06,469] {logging_mixin.py:104} INFO - [2023-03-27 15:22:06,469] {dag.py:2280} INFO - Setting next_dagrun for dag_with_taskflow_api_v02 to 2023-03-26 00:00:00+00:00
[2023-03-27 15:22:06,500] {scheduler_job.py:190} INFO - Processing /opt/airflow/dags/dag_with_taskflow_api.py took 0.325 seconds
[2023-03-27 15:22:36,875] {scheduler_job.py:182} INFO - Started process (PID=386) to work on /opt/airflow/dags/dag_with_taskflow_api.py
[2023-03-27 15:22:36,880] {scheduler_job.py:629} INFO - Processing file /opt/airflow/dags/dag_with_taskflow_api.py for tasks to queue
[2023-03-27 15:22:36,884] {logging_mixin.py:104} INFO - [2023-03-27 15:22:36,884] {dagbag.py:451} INFO - Filling up the DagBag from /opt/airflow/dags/dag_with_taskflow_api.py
[2023-03-27 15:22:36,967] {scheduler_job.py:639} INFO - DAG(s) dict_keys(['dag_with_taskflow_api_v02']) retrieved from /opt/airflow/dags/dag_with_taskflow_api.py
[2023-03-27 15:22:37,064] {logging_mixin.py:104} INFO - [2023-03-27 15:22:37,064] {dag.py:1824} INFO - Sync 1 DAGs
[2023-03-27 15:22:37,127] {logging_mixin.py:104} INFO - [2023-03-27 15:22:37,127] {dag.py:2280} INFO - Setting next_dagrun for dag_with_taskflow_api_v02 to 2023-03-26 00:00:00+00:00
[2023-03-27 15:22:37,177] {scheduler_job.py:190} INFO - Processing /opt/airflow/dags/dag_with_taskflow_api.py took 0.312 seconds
[2023-03-27 15:23:08,546] {scheduler_job.py:182} INFO - Started process (PID=390) to work on /opt/airflow/dags/dag_with_taskflow_api.py
[2023-03-27 15:23:08,577] {scheduler_job.py:629} INFO - Processing file /opt/airflow/dags/dag_with_taskflow_api.py for tasks to queue
[2023-03-27 15:23:08,584] {logging_mixin.py:104} INFO - [2023-03-27 15:23:08,584] {dagbag.py:451} INFO - Filling up the DagBag from /opt/airflow/dags/dag_with_taskflow_api.py
[2023-03-27 15:23:08,682] {scheduler_job.py:639} INFO - DAG(s) dict_keys(['dag_with_taskflow_api_v02']) retrieved from /opt/airflow/dags/dag_with_taskflow_api.py
[2023-03-27 15:23:08,803] {logging_mixin.py:104} INFO - [2023-03-27 15:23:08,803] {dag.py:1824} INFO - Sync 1 DAGs
[2023-03-27 15:23:08,855] {logging_mixin.py:104} INFO - [2023-03-27 15:23:08,855] {dag.py:2280} INFO - Setting next_dagrun for dag_with_taskflow_api_v02 to 2023-03-26 00:00:00+00:00
[2023-03-27 15:23:08,892] {scheduler_job.py:190} INFO - Processing /opt/airflow/dags/dag_with_taskflow_api.py took 0.365 seconds
