[2023-03-26 20:20:21,621] {taskinstance.py:877} INFO - Dependencies all met for <TaskInstance: dag_with_taskflow_api_v02.get_name 2023-03-25T00:00:00+00:00 [queued]>
[2023-03-26 20:20:21,686] {taskinstance.py:877} INFO - Dependencies all met for <TaskInstance: dag_with_taskflow_api_v02.get_name 2023-03-25T00:00:00+00:00 [queued]>
[2023-03-26 20:20:21,688] {taskinstance.py:1068} INFO - 
--------------------------------------------------------------------------------
[2023-03-26 20:20:21,689] {taskinstance.py:1069} INFO - Starting attempt 1 of 6
[2023-03-26 20:20:21,691] {taskinstance.py:1070} INFO - 
--------------------------------------------------------------------------------
[2023-03-26 20:20:21,710] {taskinstance.py:1089} INFO - Executing <Task(_PythonDecoratedOperator): get_name> on 2023-03-25T00:00:00+00:00
[2023-03-26 20:20:21,717] {standard_task_runner.py:52} INFO - Started process 59 to run task
[2023-03-26 20:20:21,747] {standard_task_runner.py:76} INFO - Running: ['airflow', 'tasks', 'run', 'dag_with_taskflow_api_v02', 'get_name', '2023-03-25T00:00:00+00:00', '--job-id', '36', '--pool', 'default_pool', '--raw', '--subdir', 'DAGS_FOLDER/dag_with_taskflow_api.py', '--cfg-path', '/tmp/tmp8_zykq0g', '--error-file', '/tmp/tmp1whu4yoc']
[2023-03-26 20:20:21,752] {standard_task_runner.py:77} INFO - Job 36: Subtask get_name
[2023-03-26 20:20:21,940] {logging_mixin.py:104} INFO - Running <TaskInstance: dag_with_taskflow_api_v02.get_name 2023-03-25T00:00:00+00:00 [running]> on host fded5fa0e87e
[2023-03-26 20:20:22,207] {taskinstance.py:1283} INFO - Exporting the following env vars:
AIRFLOW_CTX_DAG_OWNER=Mario
AIRFLOW_CTX_DAG_ID=dag_with_taskflow_api_v02
AIRFLOW_CTX_TASK_ID=get_name
AIRFLOW_CTX_EXECUTION_DATE=2023-03-25T00:00:00+00:00
AIRFLOW_CTX_DAG_RUN_ID=scheduled__2023-03-25T00:00:00+00:00
[2023-03-26 20:20:22,288] {taskinstance.py:1192} INFO - Marking task as SUCCESS. dag_id=dag_with_taskflow_api_v02, task_id=get_name, execution_date=20230325T000000, start_date=20230326T202021, end_date=20230326T202022
[2023-03-26 20:20:22,369] {taskinstance.py:1246} INFO - 1 downstream tasks scheduled from follow-on schedule check
[2023-03-26 20:20:22,408] {local_task_job.py:146} INFO - Task exited with return code 0
