[2023-03-21 11:32:24,639] {taskinstance.py:877} INFO - Dependencies all met for <TaskInstance: example_bash_operator.run_after_loop 2023-03-19T00:00:00+00:00 [queued]>
[2023-03-21 11:32:24,648] {taskinstance.py:877} INFO - Dependencies all met for <TaskInstance: example_bash_operator.run_after_loop 2023-03-19T00:00:00+00:00 [queued]>
[2023-03-21 11:32:24,649] {taskinstance.py:1068} INFO - 
--------------------------------------------------------------------------------
[2023-03-21 11:32:24,651] {taskinstance.py:1069} INFO - Starting attempt 1 of 1
[2023-03-21 11:32:24,651] {taskinstance.py:1070} INFO - 
--------------------------------------------------------------------------------
[2023-03-21 11:32:24,668] {taskinstance.py:1089} INFO - Executing <Task(BashOperator): run_after_loop> on 2023-03-19T00:00:00+00:00
[2023-03-21 11:32:24,674] {standard_task_runner.py:52} INFO - Started process 73 to run task
[2023-03-21 11:32:24,680] {standard_task_runner.py:76} INFO - Running: ['airflow', 'tasks', 'run', 'example_bash_operator', 'run_after_loop', '2023-03-19T00:00:00+00:00', '--job-id', '11', '--pool', 'default_pool', '--raw', '--subdir', '/home/airflow/.local/lib/python3.6/site-packages/airflow/example_dags/example_bash_operator.py', '--cfg-path', '/tmp/tmpo6xz7ti1', '--error-file', '/tmp/tmp86guwf_5']
[2023-03-21 11:32:24,681] {standard_task_runner.py:77} INFO - Job 11: Subtask run_after_loop
[2023-03-21 11:32:24,750] {logging_mixin.py:104} INFO - Running <TaskInstance: example_bash_operator.run_after_loop 2023-03-19T00:00:00+00:00 [running]> on host 48c95c678809
[2023-03-21 11:32:24,816] {taskinstance.py:1283} INFO - Exporting the following env vars:
AIRFLOW_CTX_DAG_OWNER=airflow
AIRFLOW_CTX_DAG_ID=example_bash_operator
AIRFLOW_CTX_TASK_ID=run_after_loop
AIRFLOW_CTX_EXECUTION_DATE=2023-03-19T00:00:00+00:00
AIRFLOW_CTX_DAG_RUN_ID=scheduled__2023-03-19T00:00:00+00:00
[2023-03-21 11:32:24,818] {bash.py:135} INFO - Tmp dir root location: 
 /tmp
[2023-03-21 11:32:24,820] {bash.py:158} INFO - Running command: echo 1
[2023-03-21 11:32:24,832] {bash.py:169} INFO - Output:
[2023-03-21 11:32:24,857] {bash.py:173} INFO - 1
[2023-03-21 11:32:24,858] {bash.py:177} INFO - Command exited with return code 0
[2023-03-21 11:32:24,895] {taskinstance.py:1192} INFO - Marking task as SUCCESS. dag_id=example_bash_operator, task_id=run_after_loop, execution_date=20230319T000000, start_date=20230321T113224, end_date=20230321T113224
[2023-03-21 11:32:24,927] {taskinstance.py:1246} INFO - 1 downstream tasks scheduled from follow-on schedule check
[2023-03-21 11:32:24,978] {local_task_job.py:146} INFO - Task exited with return code 0
