[2023-03-25 19:21:04,596] {taskinstance.py:877} INFO - Dependencies all met for <TaskInstance: dag_with_taskflow_api_v01.get_age 2023-03-25T19:19:30.902228+00:00 [queued]>
[2023-03-25 19:21:04,655] {taskinstance.py:877} INFO - Dependencies all met for <TaskInstance: dag_with_taskflow_api_v01.get_age 2023-03-25T19:19:30.902228+00:00 [queued]>
[2023-03-25 19:21:04,658] {taskinstance.py:1068} INFO - 
--------------------------------------------------------------------------------
[2023-03-25 19:21:04,659] {taskinstance.py:1069} INFO - Starting attempt 2 of 7
[2023-03-25 19:21:04,661] {taskinstance.py:1070} INFO - 
--------------------------------------------------------------------------------
[2023-03-25 19:21:04,682] {taskinstance.py:1089} INFO - Executing <Task(_PythonDecoratedOperator): get_age> on 2023-03-25T19:19:30.902228+00:00
[2023-03-25 19:21:04,700] {standard_task_runner.py:52} INFO - Started process 105 to run task
[2023-03-25 19:21:04,732] {standard_task_runner.py:76} INFO - Running: ['airflow', 'tasks', 'run', 'dag_with_taskflow_api_v01', 'get_age', '2023-03-25T19:19:30.902228+00:00', '--job-id', '30', '--pool', 'default_pool', '--raw', '--subdir', 'DAGS_FOLDER/dag_with_taskflow_api.py', '--cfg-path', '/tmp/tmpd9uh_rdd', '--error-file', '/tmp/tmp98xemvdy']
[2023-03-25 19:21:04,735] {standard_task_runner.py:77} INFO - Job 30: Subtask get_age
[2023-03-25 19:21:04,872] {logging_mixin.py:104} INFO - Running <TaskInstance: dag_with_taskflow_api_v01.get_age 2023-03-25T19:19:30.902228+00:00 [running]> on host 087d02d74a34
[2023-03-25 19:21:04,994] {taskinstance.py:1283} INFO - Exporting the following env vars:
AIRFLOW_CTX_DAG_OWNER=Mario
AIRFLOW_CTX_DAG_ID=dag_with_taskflow_api_v01
AIRFLOW_CTX_TASK_ID=get_age
AIRFLOW_CTX_EXECUTION_DATE=2023-03-25T19:19:30.902228+00:00
AIRFLOW_CTX_DAG_RUN_ID=manual__2023-03-25T19:19:30.902228+00:00
[2023-03-25 19:21:05,068] {taskinstance.py:1192} INFO - Marking task as SUCCESS. dag_id=dag_with_taskflow_api_v01, task_id=get_age, execution_date=20230325T191930, start_date=20230325T192104, end_date=20230325T192105
[2023-03-25 19:21:05,135] {taskinstance.py:1246} INFO - 1 downstream tasks scheduled from follow-on schedule check
[2023-03-25 19:21:05,157] {local_task_job.py:146} INFO - Task exited with return code 0
