[2023-03-26 20:35:54,994] {taskinstance.py:877} INFO - Dependencies all met for <TaskInstance: dag_with_catchup_and_backfill_v01.first_task 2023-03-05T00:00:00+00:00 [queued]>
[2023-03-26 20:35:55,064] {taskinstance.py:877} INFO - Dependencies all met for <TaskInstance: dag_with_catchup_and_backfill_v01.first_task 2023-03-05T00:00:00+00:00 [queued]>
[2023-03-26 20:35:55,066] {taskinstance.py:1068} INFO - 
--------------------------------------------------------------------------------
[2023-03-26 20:35:55,069] {taskinstance.py:1069} INFO - Starting attempt 1 of 6
[2023-03-26 20:35:55,071] {taskinstance.py:1070} INFO - 
--------------------------------------------------------------------------------
[2023-03-26 20:35:55,126] {taskinstance.py:1089} INFO - Executing <Task(BashOperator): first_task> on 2023-03-05T00:00:00+00:00
[2023-03-26 20:35:55,135] {standard_task_runner.py:52} INFO - Started process 100 to run task
[2023-03-26 20:35:55,178] {standard_task_runner.py:76} INFO - Running: ['airflow', 'tasks', 'run', 'dag_with_catchup_and_backfill_v01', 'first_task', '2023-03-05T00:00:00+00:00', '--job-id', '50', '--pool', 'default_pool', '--raw', '--subdir', 'DAGS_FOLDER/dag_with_cathcup_and_backfill.py', '--cfg-path', '/tmp/tmpr_aqyyo_', '--error-file', '/tmp/tmpacx14cer']
[2023-03-26 20:35:55,180] {standard_task_runner.py:77} INFO - Job 50: Subtask first_task
[2023-03-26 20:35:55,290] {logging_mixin.py:104} INFO - Running <TaskInstance: dag_with_catchup_and_backfill_v01.first_task 2023-03-05T00:00:00+00:00 [running]> on host fded5fa0e87e
[2023-03-26 20:35:55,576] {taskinstance.py:1283} INFO - Exporting the following env vars:
AIRFLOW_CTX_DAG_OWNER=Mario
AIRFLOW_CTX_DAG_ID=dag_with_catchup_and_backfill_v01
AIRFLOW_CTX_TASK_ID=first_task
AIRFLOW_CTX_EXECUTION_DATE=2023-03-05T00:00:00+00:00
AIRFLOW_CTX_DAG_RUN_ID=scheduled__2023-03-05T00:00:00+00:00
[2023-03-26 20:35:55,604] {bash.py:135} INFO - Tmp dir root location: 
 /tmp
[2023-03-26 20:35:55,612] {bash.py:158} INFO - Running command: echo catchup on Airflow!!!
[2023-03-26 20:35:55,680] {bash.py:169} INFO - Output:
[2023-03-26 20:35:55,717] {bash.py:173} INFO - catchup on Airflow!!!
[2023-03-26 20:35:55,721] {bash.py:177} INFO - Command exited with return code 0
[2023-03-26 20:35:55,854] {taskinstance.py:1192} INFO - Marking task as SUCCESS. dag_id=dag_with_catchup_and_backfill_v01, task_id=first_task, execution_date=20230305T000000, start_date=20230326T203555, end_date=20230326T203555
[2023-03-26 20:35:55,945] {taskinstance.py:1246} INFO - 0 downstream tasks scheduled from follow-on schedule check
[2023-03-26 20:35:56,009] {local_task_job.py:146} INFO - Task exited with return code 0
