[2023-03-25 19:03:37,689] {taskinstance.py:877} INFO - Dependencies all met for <TaskInstance: dag_python_operator_v5.get_name 2023-03-25T19:03:35.925389+00:00 [queued]>
[2023-03-25 19:03:37,711] {taskinstance.py:877} INFO - Dependencies all met for <TaskInstance: dag_python_operator_v5.get_name 2023-03-25T19:03:35.925389+00:00 [queued]>
[2023-03-25 19:03:37,712] {taskinstance.py:1068} INFO - 
--------------------------------------------------------------------------------
[2023-03-25 19:03:37,712] {taskinstance.py:1069} INFO - Starting attempt 1 of 6
[2023-03-25 19:03:37,713] {taskinstance.py:1070} INFO - 
--------------------------------------------------------------------------------
[2023-03-25 19:03:37,728] {taskinstance.py:1089} INFO - Executing <Task(PythonOperator): get_name> on 2023-03-25T19:03:35.925389+00:00
[2023-03-25 19:03:37,752] {standard_task_runner.py:52} INFO - Started process 74 to run task
[2023-03-25 19:03:37,764] {standard_task_runner.py:76} INFO - Running: ['airflow', 'tasks', 'run', 'dag_python_operator_v5', 'get_name', '2023-03-25T19:03:35.925389+00:00', '--job-id', '14', '--pool', 'default_pool', '--raw', '--subdir', 'DAGS_FOLDER/create_dag_with_python_operator.py', '--cfg-path', '/tmp/tmp45gxxhib', '--error-file', '/tmp/tmpm0m3hrdu']
[2023-03-25 19:03:37,767] {standard_task_runner.py:77} INFO - Job 14: Subtask get_name
[2023-03-25 19:03:37,838] {logging_mixin.py:104} INFO - Running <TaskInstance: dag_python_operator_v5.get_name 2023-03-25T19:03:35.925389+00:00 [running]> on host 087d02d74a34
[2023-03-25 19:03:37,896] {taskinstance.py:1283} INFO - Exporting the following env vars:
AIRFLOW_CTX_DAG_OWNER=Mario
AIRFLOW_CTX_DAG_ID=dag_python_operator_v5
AIRFLOW_CTX_TASK_ID=get_name
AIRFLOW_CTX_EXECUTION_DATE=2023-03-25T19:03:35.925389+00:00
AIRFLOW_CTX_DAG_RUN_ID=manual__2023-03-25T19:03:35.925389+00:00
[2023-03-25 19:03:37,935] {python.py:118} INFO - Done. Returned value was: None
[2023-03-25 19:03:37,948] {taskinstance.py:1192} INFO - Marking task as SUCCESS. dag_id=dag_python_operator_v5, task_id=get_name, execution_date=20230325T190335, start_date=20230325T190337, end_date=20230325T190337
[2023-03-25 19:03:37,994] {taskinstance.py:1246} INFO - 0 downstream tasks scheduled from follow-on schedule check
[2023-03-25 19:03:38,029] {local_task_job.py:146} INFO - Task exited with return code 0
