[2023-03-21 12:54:32,599] {taskinstance.py:877} INFO - Dependencies all met for <TaskInstance: dag_python_operator_v2.greet 2023-03-21T12:54:30.647091+00:00 [queued]>
[2023-03-21 12:54:32,647] {taskinstance.py:877} INFO - Dependencies all met for <TaskInstance: dag_python_operator_v2.greet 2023-03-21T12:54:30.647091+00:00 [queued]>
[2023-03-21 12:54:32,652] {taskinstance.py:1068} INFO - 
--------------------------------------------------------------------------------
[2023-03-21 12:54:32,655] {taskinstance.py:1069} INFO - Starting attempt 1 of 6
[2023-03-21 12:54:32,660] {taskinstance.py:1070} INFO - 
--------------------------------------------------------------------------------
[2023-03-21 12:54:32,710] {taskinstance.py:1089} INFO - Executing <Task(PythonOperator): greet> on 2023-03-21T12:54:30.647091+00:00
[2023-03-21 12:54:32,751] {standard_task_runner.py:52} INFO - Started process 77 to run task
[2023-03-21 12:54:32,788] {standard_task_runner.py:76} INFO - Running: ['airflow', 'tasks', 'run', 'dag_python_operator_v2', 'greet', '2023-03-21T12:54:30.647091+00:00', '--job-id', '12', '--pool', 'default_pool', '--raw', '--subdir', 'DAGS_FOLDER/create_dag_with_python_operator.py', '--cfg-path', '/tmp/tmp_milv2wx', '--error-file', '/tmp/tmpqsg1ec8k']
[2023-03-21 12:54:32,795] {standard_task_runner.py:77} INFO - Job 12: Subtask greet
[2023-03-21 12:54:32,964] {logging_mixin.py:104} INFO - Running <TaskInstance: dag_python_operator_v2.greet 2023-03-21T12:54:30.647091+00:00 [running]> on host 8c52af15d172
[2023-03-21 12:54:33,115] {taskinstance.py:1283} INFO - Exporting the following env vars:
AIRFLOW_CTX_DAG_OWNER=Mario
AIRFLOW_CTX_DAG_ID=dag_python_operator_v2
AIRFLOW_CTX_TASK_ID=greet
AIRFLOW_CTX_EXECUTION_DATE=2023-03-21T12:54:30.647091+00:00
AIRFLOW_CTX_DAG_RUN_ID=manual__2023-03-21T12:54:30.647091+00:00
[2023-03-21 12:54:33,128] {logging_mixin.py:104} INFO - Im Mario, and Im 21 years old.
[2023-03-21 12:54:33,132] {python.py:118} INFO - Done. Returned value was: None
[2023-03-21 12:54:33,167] {taskinstance.py:1192} INFO - Marking task as SUCCESS. dag_id=dag_python_operator_v2, task_id=greet, execution_date=20230321T125430, start_date=20230321T125432, end_date=20230321T125433
[2023-03-21 12:54:33,233] {taskinstance.py:1246} INFO - 0 downstream tasks scheduled from follow-on schedule check
[2023-03-21 12:54:33,292] {local_task_job.py:146} INFO - Task exited with return code 0
