[2023-03-25 18:54:38,352] {taskinstance.py:877} INFO - Dependencies all met for <TaskInstance: dag_python_operator_v4.get_name 2023-03-25T18:51:10.113695+00:00 [queued]>
[2023-03-25 18:54:38,365] {taskinstance.py:877} INFO - Dependencies all met for <TaskInstance: dag_python_operator_v4.get_name 2023-03-25T18:51:10.113695+00:00 [queued]>
[2023-03-25 18:54:38,366] {taskinstance.py:1068} INFO - 
--------------------------------------------------------------------------------
[2023-03-25 18:54:38,367] {taskinstance.py:1069} INFO - Starting attempt 2 of 7
[2023-03-25 18:54:38,367] {taskinstance.py:1070} INFO - 
--------------------------------------------------------------------------------
[2023-03-25 18:54:38,373] {taskinstance.py:1089} INFO - Executing <Task(PythonOperator): get_name> on 2023-03-25T18:51:10.113695+00:00
[2023-03-25 18:54:38,380] {standard_task_runner.py:52} INFO - Started process 61 to run task
[2023-03-25 18:54:38,386] {standard_task_runner.py:76} INFO - Running: ['airflow', 'tasks', 'run', 'dag_python_operator_v4', 'get_name', '2023-03-25T18:51:10.113695+00:00', '--job-id', '8', '--pool', 'default_pool', '--raw', '--subdir', 'DAGS_FOLDER/create_dag_with_python_operator.py', '--cfg-path', '/tmp/tmp6mdqv_lh', '--error-file', '/tmp/tmp5w9pw6ng']
[2023-03-25 18:54:38,387] {standard_task_runner.py:77} INFO - Job 8: Subtask get_name
[2023-03-25 18:54:38,438] {logging_mixin.py:104} INFO - Running <TaskInstance: dag_python_operator_v4.get_name 2023-03-25T18:51:10.113695+00:00 [running]> on host 087d02d74a34
[2023-03-25 18:54:38,477] {taskinstance.py:1283} INFO - Exporting the following env vars:
AIRFLOW_CTX_DAG_OWNER=Mario
AIRFLOW_CTX_DAG_ID=dag_python_operator_v4
AIRFLOW_CTX_TASK_ID=get_name
AIRFLOW_CTX_EXECUTION_DATE=2023-03-25T18:51:10.113695+00:00
AIRFLOW_CTX_DAG_RUN_ID=manual__2023-03-25T18:51:10.113695+00:00
[2023-03-25 18:54:38,513] {python.py:118} INFO - Done. Returned value was: None
[2023-03-25 18:54:38,529] {taskinstance.py:1192} INFO - Marking task as SUCCESS. dag_id=dag_python_operator_v4, task_id=get_name, execution_date=20230325T185110, start_date=20230325T185438, end_date=20230325T185438
[2023-03-25 18:54:38,555] {taskinstance.py:1246} INFO - 1 downstream tasks scheduled from follow-on schedule check
[2023-03-25 18:54:38,603] {local_task_job.py:146} INFO - Task exited with return code 0
