[2023-03-26 20:23:14,717] {taskinstance.py:877} INFO - Dependencies all met for <TaskInstance: dag_with_taskflow_api_v02.get_name 2023-03-26T20:23:13.983515+00:00 [queued]>
[2023-03-26 20:23:14,734] {taskinstance.py:877} INFO - Dependencies all met for <TaskInstance: dag_with_taskflow_api_v02.get_name 2023-03-26T20:23:13.983515+00:00 [queued]>
[2023-03-26 20:23:14,734] {taskinstance.py:1068} INFO - 
--------------------------------------------------------------------------------
[2023-03-26 20:23:14,735] {taskinstance.py:1069} INFO - Starting attempt 1 of 6
[2023-03-26 20:23:14,735] {taskinstance.py:1070} INFO - 
--------------------------------------------------------------------------------
[2023-03-26 20:23:14,744] {taskinstance.py:1089} INFO - Executing <Task(_PythonDecoratedOperator): get_name> on 2023-03-26T20:23:13.983515+00:00
[2023-03-26 20:23:14,765] {standard_task_runner.py:76} INFO - Running: ['airflow', 'tasks', 'run', 'dag_with_taskflow_api_v02', 'get_name', '2023-03-26T20:23:13.983515+00:00', '--job-id', '40', '--pool', 'default_pool', '--raw', '--subdir', 'DAGS_FOLDER/dag_with_taskflow_api.py', '--cfg-path', '/tmp/tmpmx8kd6zq', '--error-file', '/tmp/tmp_w5cjh5z']
[2023-03-26 20:23:14,769] {standard_task_runner.py:77} INFO - Job 40: Subtask get_name
[2023-03-26 20:23:14,753] {standard_task_runner.py:52} INFO - Started process 66 to run task
[2023-03-26 20:23:14,835] {logging_mixin.py:104} INFO - Running <TaskInstance: dag_with_taskflow_api_v02.get_name 2023-03-26T20:23:13.983515+00:00 [running]> on host fded5fa0e87e
[2023-03-26 20:23:14,878] {taskinstance.py:1283} INFO - Exporting the following env vars:
AIRFLOW_CTX_DAG_OWNER=Mario
AIRFLOW_CTX_DAG_ID=dag_with_taskflow_api_v02
AIRFLOW_CTX_TASK_ID=get_name
AIRFLOW_CTX_EXECUTION_DATE=2023-03-26T20:23:13.983515+00:00
AIRFLOW_CTX_DAG_RUN_ID=manual__2023-03-26T20:23:13.983515+00:00
[2023-03-26 20:23:14,935] {taskinstance.py:1192} INFO - Marking task as SUCCESS. dag_id=dag_with_taskflow_api_v02, task_id=get_name, execution_date=20230326T202313, start_date=20230326T202314, end_date=20230326T202314
[2023-03-26 20:23:14,962] {taskinstance.py:1246} INFO - 1 downstream tasks scheduled from follow-on schedule check
[2023-03-26 20:23:14,995] {local_task_job.py:146} INFO - Task exited with return code 0
