[2023-03-21 11:31:18,657] {scheduler_job.py:182} INFO - Started process (PID=33) to work on /home/airflow/.local/lib/python3.6/site-packages/airflow/example_dags/example_kubernetes_executor.py
[2023-03-21 11:31:18,660] {scheduler_job.py:629} INFO - Processing file /home/airflow/.local/lib/python3.6/site-packages/airflow/example_dags/example_kubernetes_executor.py for tasks to queue
[2023-03-21 11:31:18,664] {logging_mixin.py:104} INFO - [2023-03-21 11:31:18,663] {dagbag.py:451} INFO - Filling up the DagBag from /home/airflow/.local/lib/python3.6/site-packages/airflow/example_dags/example_kubernetes_executor.py
[2023-03-21 11:31:18,702] {scheduler_job.py:639} INFO - DAG(s) dict_keys(['example_kubernetes_executor']) retrieved from /home/airflow/.local/lib/python3.6/site-packages/airflow/example_dags/example_kubernetes_executor.py
[2023-03-21 11:31:18,747] {logging_mixin.py:104} INFO - [2023-03-21 11:31:18,747] {dag.py:1824} INFO - Sync 1 DAGs
[2023-03-21 11:31:18,778] {logging_mixin.py:104} INFO - [2023-03-21 11:31:18,778] {dag.py:2280} INFO - Setting next_dagrun for example_kubernetes_executor to None
[2023-03-21 11:31:18,812] {scheduler_job.py:190} INFO - Processing /home/airflow/.local/lib/python3.6/site-packages/airflow/example_dags/example_kubernetes_executor.py took 0.158 seconds
[2023-03-21 11:31:49,807] {scheduler_job.py:182} INFO - Started process (PID=59) to work on /home/airflow/.local/lib/python3.6/site-packages/airflow/example_dags/example_kubernetes_executor.py
[2023-03-21 11:31:49,809] {scheduler_job.py:629} INFO - Processing file /home/airflow/.local/lib/python3.6/site-packages/airflow/example_dags/example_kubernetes_executor.py for tasks to queue
[2023-03-21 11:31:49,811] {logging_mixin.py:104} INFO - [2023-03-21 11:31:49,811] {dagbag.py:451} INFO - Filling up the DagBag from /home/airflow/.local/lib/python3.6/site-packages/airflow/example_dags/example_kubernetes_executor.py
[2023-03-21 11:31:49,832] {scheduler_job.py:639} INFO - DAG(s) dict_keys(['example_kubernetes_executor']) retrieved from /home/airflow/.local/lib/python3.6/site-packages/airflow/example_dags/example_kubernetes_executor.py
[2023-03-21 11:31:49,866] {logging_mixin.py:104} INFO - [2023-03-21 11:31:49,866] {dag.py:1824} INFO - Sync 1 DAGs
[2023-03-21 11:31:49,901] {logging_mixin.py:104} INFO - [2023-03-21 11:31:49,901] {dag.py:2280} INFO - Setting next_dagrun for example_kubernetes_executor to None
[2023-03-21 11:31:49,923] {scheduler_job.py:190} INFO - Processing /home/airflow/.local/lib/python3.6/site-packages/airflow/example_dags/example_kubernetes_executor.py took 0.123 seconds
[2023-03-21 11:32:21,391] {scheduler_job.py:182} INFO - Started process (PID=101) to work on /home/airflow/.local/lib/python3.6/site-packages/airflow/example_dags/example_kubernetes_executor.py
[2023-03-21 11:32:21,410] {scheduler_job.py:629} INFO - Processing file /home/airflow/.local/lib/python3.6/site-packages/airflow/example_dags/example_kubernetes_executor.py for tasks to queue
[2023-03-21 11:32:21,450] {logging_mixin.py:104} INFO - [2023-03-21 11:32:21,449] {dagbag.py:451} INFO - Filling up the DagBag from /home/airflow/.local/lib/python3.6/site-packages/airflow/example_dags/example_kubernetes_executor.py
[2023-03-21 11:32:21,921] {scheduler_job.py:639} INFO - DAG(s) dict_keys(['example_kubernetes_executor']) retrieved from /home/airflow/.local/lib/python3.6/site-packages/airflow/example_dags/example_kubernetes_executor.py
[2023-03-21 11:32:22,069] {logging_mixin.py:104} INFO - [2023-03-21 11:32:22,068] {dag.py:1824} INFO - Sync 1 DAGs
[2023-03-21 11:32:22,174] {logging_mixin.py:104} INFO - [2023-03-21 11:32:22,174] {dag.py:2280} INFO - Setting next_dagrun for example_kubernetes_executor to None
[2023-03-21 11:32:22,324] {scheduler_job.py:190} INFO - Processing /home/airflow/.local/lib/python3.6/site-packages/airflow/example_dags/example_kubernetes_executor.py took 0.942 seconds
[2023-03-21 11:32:52,992] {scheduler_job.py:182} INFO - Started process (PID=127) to work on /home/airflow/.local/lib/python3.6/site-packages/airflow/example_dags/example_kubernetes_executor.py
[2023-03-21 11:32:52,995] {scheduler_job.py:629} INFO - Processing file /home/airflow/.local/lib/python3.6/site-packages/airflow/example_dags/example_kubernetes_executor.py for tasks to queue
[2023-03-21 11:32:52,997] {logging_mixin.py:104} INFO - [2023-03-21 11:32:52,997] {dagbag.py:451} INFO - Filling up the DagBag from /home/airflow/.local/lib/python3.6/site-packages/airflow/example_dags/example_kubernetes_executor.py
[2023-03-21 11:32:53,016] {scheduler_job.py:639} INFO - DAG(s) dict_keys(['example_kubernetes_executor']) retrieved from /home/airflow/.local/lib/python3.6/site-packages/airflow/example_dags/example_kubernetes_executor.py
[2023-03-21 11:32:53,087] {logging_mixin.py:104} INFO - [2023-03-21 11:32:53,087] {dag.py:1824} INFO - Sync 1 DAGs
[2023-03-21 11:32:53,140] {logging_mixin.py:104} INFO - [2023-03-21 11:32:53,140] {dag.py:2280} INFO - Setting next_dagrun for example_kubernetes_executor to None
[2023-03-21 11:32:53,158] {scheduler_job.py:190} INFO - Processing /home/airflow/.local/lib/python3.6/site-packages/airflow/example_dags/example_kubernetes_executor.py took 0.181 seconds
[2023-03-21 11:33:23,304] {scheduler_job.py:182} INFO - Started process (PID=153) to work on /home/airflow/.local/lib/python3.6/site-packages/airflow/example_dags/example_kubernetes_executor.py
[2023-03-21 11:33:23,306] {scheduler_job.py:629} INFO - Processing file /home/airflow/.local/lib/python3.6/site-packages/airflow/example_dags/example_kubernetes_executor.py for tasks to queue
[2023-03-21 11:33:23,308] {logging_mixin.py:104} INFO - [2023-03-21 11:33:23,308] {dagbag.py:451} INFO - Filling up the DagBag from /home/airflow/.local/lib/python3.6/site-packages/airflow/example_dags/example_kubernetes_executor.py
[2023-03-21 11:33:23,343] {scheduler_job.py:639} INFO - DAG(s) dict_keys(['example_kubernetes_executor']) retrieved from /home/airflow/.local/lib/python3.6/site-packages/airflow/example_dags/example_kubernetes_executor.py
[2023-03-21 11:33:23,378] {logging_mixin.py:104} INFO - [2023-03-21 11:33:23,378] {dag.py:1824} INFO - Sync 1 DAGs
[2023-03-21 11:33:23,400] {logging_mixin.py:104} INFO - [2023-03-21 11:33:23,400] {dag.py:2280} INFO - Setting next_dagrun for example_kubernetes_executor to None
[2023-03-21 11:33:23,412] {scheduler_job.py:190} INFO - Processing /home/airflow/.local/lib/python3.6/site-packages/airflow/example_dags/example_kubernetes_executor.py took 0.113 seconds
[2023-03-21 11:33:54,244] {scheduler_job.py:182} INFO - Started process (PID=180) to work on /home/airflow/.local/lib/python3.6/site-packages/airflow/example_dags/example_kubernetes_executor.py
[2023-03-21 11:33:54,258] {scheduler_job.py:629} INFO - Processing file /home/airflow/.local/lib/python3.6/site-packages/airflow/example_dags/example_kubernetes_executor.py for tasks to queue
[2023-03-21 11:33:54,262] {logging_mixin.py:104} INFO - [2023-03-21 11:33:54,262] {dagbag.py:451} INFO - Filling up the DagBag from /home/airflow/.local/lib/python3.6/site-packages/airflow/example_dags/example_kubernetes_executor.py
[2023-03-21 11:33:54,295] {scheduler_job.py:639} INFO - DAG(s) dict_keys(['example_kubernetes_executor']) retrieved from /home/airflow/.local/lib/python3.6/site-packages/airflow/example_dags/example_kubernetes_executor.py
[2023-03-21 11:33:54,424] {logging_mixin.py:104} INFO - [2023-03-21 11:33:54,424] {dag.py:1824} INFO - Sync 1 DAGs
[2023-03-21 11:33:54,488] {logging_mixin.py:104} INFO - [2023-03-21 11:33:54,488] {dag.py:2280} INFO - Setting next_dagrun for example_kubernetes_executor to None
[2023-03-21 11:33:54,533] {scheduler_job.py:190} INFO - Processing /home/airflow/.local/lib/python3.6/site-packages/airflow/example_dags/example_kubernetes_executor.py took 0.302 seconds
[2023-03-21 11:34:24,793] {scheduler_job.py:182} INFO - Started process (PID=205) to work on /home/airflow/.local/lib/python3.6/site-packages/airflow/example_dags/example_kubernetes_executor.py
[2023-03-21 11:34:24,796] {scheduler_job.py:629} INFO - Processing file /home/airflow/.local/lib/python3.6/site-packages/airflow/example_dags/example_kubernetes_executor.py for tasks to queue
[2023-03-21 11:34:24,798] {logging_mixin.py:104} INFO - [2023-03-21 11:34:24,798] {dagbag.py:451} INFO - Filling up the DagBag from /home/airflow/.local/lib/python3.6/site-packages/airflow/example_dags/example_kubernetes_executor.py
[2023-03-21 11:34:24,838] {scheduler_job.py:639} INFO - DAG(s) dict_keys(['example_kubernetes_executor']) retrieved from /home/airflow/.local/lib/python3.6/site-packages/airflow/example_dags/example_kubernetes_executor.py
[2023-03-21 11:34:24,877] {logging_mixin.py:104} INFO - [2023-03-21 11:34:24,877] {dag.py:1824} INFO - Sync 1 DAGs
[2023-03-21 11:34:24,910] {logging_mixin.py:104} INFO - [2023-03-21 11:34:24,910] {dag.py:2280} INFO - Setting next_dagrun for example_kubernetes_executor to None
[2023-03-21 11:34:24,924] {scheduler_job.py:190} INFO - Processing /home/airflow/.local/lib/python3.6/site-packages/airflow/example_dags/example_kubernetes_executor.py took 0.138 seconds
[2023-03-21 11:34:55,041] {scheduler_job.py:182} INFO - Started process (PID=231) to work on /home/airflow/.local/lib/python3.6/site-packages/airflow/example_dags/example_kubernetes_executor.py
[2023-03-21 11:34:55,044] {scheduler_job.py:629} INFO - Processing file /home/airflow/.local/lib/python3.6/site-packages/airflow/example_dags/example_kubernetes_executor.py for tasks to queue
[2023-03-21 11:34:55,046] {logging_mixin.py:104} INFO - [2023-03-21 11:34:55,046] {dagbag.py:451} INFO - Filling up the DagBag from /home/airflow/.local/lib/python3.6/site-packages/airflow/example_dags/example_kubernetes_executor.py
[2023-03-21 11:34:55,065] {scheduler_job.py:639} INFO - DAG(s) dict_keys(['example_kubernetes_executor']) retrieved from /home/airflow/.local/lib/python3.6/site-packages/airflow/example_dags/example_kubernetes_executor.py
[2023-03-21 11:34:55,133] {logging_mixin.py:104} INFO - [2023-03-21 11:34:55,133] {dag.py:1824} INFO - Sync 1 DAGs
[2023-03-21 11:34:55,154] {logging_mixin.py:104} INFO - [2023-03-21 11:34:55,154] {dag.py:2280} INFO - Setting next_dagrun for example_kubernetes_executor to None
[2023-03-21 11:34:55,172] {scheduler_job.py:190} INFO - Processing /home/airflow/.local/lib/python3.6/site-packages/airflow/example_dags/example_kubernetes_executor.py took 0.135 seconds
[2023-03-21 11:35:25,273] {scheduler_job.py:182} INFO - Started process (PID=257) to work on /home/airflow/.local/lib/python3.6/site-packages/airflow/example_dags/example_kubernetes_executor.py
[2023-03-21 11:35:25,274] {scheduler_job.py:629} INFO - Processing file /home/airflow/.local/lib/python3.6/site-packages/airflow/example_dags/example_kubernetes_executor.py for tasks to queue
[2023-03-21 11:35:25,275] {logging_mixin.py:104} INFO - [2023-03-21 11:35:25,275] {dagbag.py:451} INFO - Filling up the DagBag from /home/airflow/.local/lib/python3.6/site-packages/airflow/example_dags/example_kubernetes_executor.py
[2023-03-21 11:35:25,288] {scheduler_job.py:639} INFO - DAG(s) dict_keys(['example_kubernetes_executor']) retrieved from /home/airflow/.local/lib/python3.6/site-packages/airflow/example_dags/example_kubernetes_executor.py
[2023-03-21 11:35:25,313] {logging_mixin.py:104} INFO - [2023-03-21 11:35:25,313] {dag.py:1824} INFO - Sync 1 DAGs
[2023-03-21 11:35:25,323] {logging_mixin.py:104} INFO - [2023-03-21 11:35:25,323] {dag.py:2280} INFO - Setting next_dagrun for example_kubernetes_executor to None
[2023-03-21 11:35:25,331] {scheduler_job.py:190} INFO - Processing /home/airflow/.local/lib/python3.6/site-packages/airflow/example_dags/example_kubernetes_executor.py took 0.063 seconds
[2023-03-21 11:35:56,360] {scheduler_job.py:182} INFO - Started process (PID=283) to work on /home/airflow/.local/lib/python3.6/site-packages/airflow/example_dags/example_kubernetes_executor.py
[2023-03-21 11:35:56,363] {scheduler_job.py:629} INFO - Processing file /home/airflow/.local/lib/python3.6/site-packages/airflow/example_dags/example_kubernetes_executor.py for tasks to queue
[2023-03-21 11:35:56,364] {logging_mixin.py:104} INFO - [2023-03-21 11:35:56,364] {dagbag.py:451} INFO - Filling up the DagBag from /home/airflow/.local/lib/python3.6/site-packages/airflow/example_dags/example_kubernetes_executor.py
[2023-03-21 11:35:56,387] {scheduler_job.py:639} INFO - DAG(s) dict_keys(['example_kubernetes_executor']) retrieved from /home/airflow/.local/lib/python3.6/site-packages/airflow/example_dags/example_kubernetes_executor.py
[2023-03-21 11:35:56,414] {logging_mixin.py:104} INFO - [2023-03-21 11:35:56,414] {dag.py:1824} INFO - Sync 1 DAGs
[2023-03-21 11:35:56,425] {logging_mixin.py:104} INFO - [2023-03-21 11:35:56,425] {dag.py:2280} INFO - Setting next_dagrun for example_kubernetes_executor to None
[2023-03-21 11:35:56,432] {scheduler_job.py:190} INFO - Processing /home/airflow/.local/lib/python3.6/site-packages/airflow/example_dags/example_kubernetes_executor.py took 0.079 seconds
[2023-03-21 11:36:26,775] {scheduler_job.py:182} INFO - Started process (PID=309) to work on /home/airflow/.local/lib/python3.6/site-packages/airflow/example_dags/example_kubernetes_executor.py
[2023-03-21 11:36:26,779] {scheduler_job.py:629} INFO - Processing file /home/airflow/.local/lib/python3.6/site-packages/airflow/example_dags/example_kubernetes_executor.py for tasks to queue
[2023-03-21 11:36:26,781] {logging_mixin.py:104} INFO - [2023-03-21 11:36:26,780] {dagbag.py:451} INFO - Filling up the DagBag from /home/airflow/.local/lib/python3.6/site-packages/airflow/example_dags/example_kubernetes_executor.py
[2023-03-21 11:36:26,805] {scheduler_job.py:639} INFO - DAG(s) dict_keys(['example_kubernetes_executor']) retrieved from /home/airflow/.local/lib/python3.6/site-packages/airflow/example_dags/example_kubernetes_executor.py
[2023-03-21 11:36:26,828] {logging_mixin.py:104} INFO - [2023-03-21 11:36:26,828] {dag.py:1824} INFO - Sync 1 DAGs
[2023-03-21 11:36:26,839] {logging_mixin.py:104} INFO - [2023-03-21 11:36:26,839] {dag.py:2280} INFO - Setting next_dagrun for example_kubernetes_executor to None
[2023-03-21 11:36:26,848] {scheduler_job.py:190} INFO - Processing /home/airflow/.local/lib/python3.6/site-packages/airflow/example_dags/example_kubernetes_executor.py took 0.079 seconds
[2023-03-21 11:36:57,204] {scheduler_job.py:182} INFO - Started process (PID=335) to work on /home/airflow/.local/lib/python3.6/site-packages/airflow/example_dags/example_kubernetes_executor.py
[2023-03-21 11:36:57,207] {scheduler_job.py:629} INFO - Processing file /home/airflow/.local/lib/python3.6/site-packages/airflow/example_dags/example_kubernetes_executor.py for tasks to queue
[2023-03-21 11:36:57,210] {logging_mixin.py:104} INFO - [2023-03-21 11:36:57,209] {dagbag.py:451} INFO - Filling up the DagBag from /home/airflow/.local/lib/python3.6/site-packages/airflow/example_dags/example_kubernetes_executor.py
[2023-03-21 11:36:57,237] {scheduler_job.py:639} INFO - DAG(s) dict_keys(['example_kubernetes_executor']) retrieved from /home/airflow/.local/lib/python3.6/site-packages/airflow/example_dags/example_kubernetes_executor.py
[2023-03-21 11:36:57,261] {logging_mixin.py:104} INFO - [2023-03-21 11:36:57,260] {dag.py:1824} INFO - Sync 1 DAGs
[2023-03-21 11:36:57,272] {logging_mixin.py:104} INFO - [2023-03-21 11:36:57,271] {dag.py:2280} INFO - Setting next_dagrun for example_kubernetes_executor to None
[2023-03-21 11:36:57,279] {scheduler_job.py:190} INFO - Processing /home/airflow/.local/lib/python3.6/site-packages/airflow/example_dags/example_kubernetes_executor.py took 0.082 seconds
[2023-03-21 11:37:27,641] {scheduler_job.py:182} INFO - Started process (PID=361) to work on /home/airflow/.local/lib/python3.6/site-packages/airflow/example_dags/example_kubernetes_executor.py
[2023-03-21 11:37:27,644] {scheduler_job.py:629} INFO - Processing file /home/airflow/.local/lib/python3.6/site-packages/airflow/example_dags/example_kubernetes_executor.py for tasks to queue
[2023-03-21 11:37:27,646] {logging_mixin.py:104} INFO - [2023-03-21 11:37:27,645] {dagbag.py:451} INFO - Filling up the DagBag from /home/airflow/.local/lib/python3.6/site-packages/airflow/example_dags/example_kubernetes_executor.py
[2023-03-21 11:37:27,672] {scheduler_job.py:639} INFO - DAG(s) dict_keys(['example_kubernetes_executor']) retrieved from /home/airflow/.local/lib/python3.6/site-packages/airflow/example_dags/example_kubernetes_executor.py
[2023-03-21 11:37:27,695] {logging_mixin.py:104} INFO - [2023-03-21 11:37:27,695] {dag.py:1824} INFO - Sync 1 DAGs
[2023-03-21 11:37:27,706] {logging_mixin.py:104} INFO - [2023-03-21 11:37:27,706] {dag.py:2280} INFO - Setting next_dagrun for example_kubernetes_executor to None
[2023-03-21 11:37:27,713] {scheduler_job.py:190} INFO - Processing /home/airflow/.local/lib/python3.6/site-packages/airflow/example_dags/example_kubernetes_executor.py took 0.078 seconds
[2023-03-21 11:37:58,153] {scheduler_job.py:182} INFO - Started process (PID=387) to work on /home/airflow/.local/lib/python3.6/site-packages/airflow/example_dags/example_kubernetes_executor.py
[2023-03-21 11:37:58,157] {scheduler_job.py:629} INFO - Processing file /home/airflow/.local/lib/python3.6/site-packages/airflow/example_dags/example_kubernetes_executor.py for tasks to queue
[2023-03-21 11:37:58,159] {logging_mixin.py:104} INFO - [2023-03-21 11:37:58,159] {dagbag.py:451} INFO - Filling up the DagBag from /home/airflow/.local/lib/python3.6/site-packages/airflow/example_dags/example_kubernetes_executor.py
[2023-03-21 11:37:58,184] {scheduler_job.py:639} INFO - DAG(s) dict_keys(['example_kubernetes_executor']) retrieved from /home/airflow/.local/lib/python3.6/site-packages/airflow/example_dags/example_kubernetes_executor.py
[2023-03-21 11:37:58,208] {logging_mixin.py:104} INFO - [2023-03-21 11:37:58,208] {dag.py:1824} INFO - Sync 1 DAGs
[2023-03-21 11:37:58,220] {logging_mixin.py:104} INFO - [2023-03-21 11:37:58,219] {dag.py:2280} INFO - Setting next_dagrun for example_kubernetes_executor to None
[2023-03-21 11:37:58,227] {scheduler_job.py:190} INFO - Processing /home/airflow/.local/lib/python3.6/site-packages/airflow/example_dags/example_kubernetes_executor.py took 0.082 seconds
[2023-03-21 11:38:28,675] {scheduler_job.py:182} INFO - Started process (PID=413) to work on /home/airflow/.local/lib/python3.6/site-packages/airflow/example_dags/example_kubernetes_executor.py
[2023-03-21 11:38:28,679] {scheduler_job.py:629} INFO - Processing file /home/airflow/.local/lib/python3.6/site-packages/airflow/example_dags/example_kubernetes_executor.py for tasks to queue
[2023-03-21 11:38:28,681] {logging_mixin.py:104} INFO - [2023-03-21 11:38:28,681] {dagbag.py:451} INFO - Filling up the DagBag from /home/airflow/.local/lib/python3.6/site-packages/airflow/example_dags/example_kubernetes_executor.py
[2023-03-21 11:38:28,705] {scheduler_job.py:639} INFO - DAG(s) dict_keys(['example_kubernetes_executor']) retrieved from /home/airflow/.local/lib/python3.6/site-packages/airflow/example_dags/example_kubernetes_executor.py
[2023-03-21 11:38:28,727] {logging_mixin.py:104} INFO - [2023-03-21 11:38:28,727] {dag.py:1824} INFO - Sync 1 DAGs
[2023-03-21 11:38:28,741] {logging_mixin.py:104} INFO - [2023-03-21 11:38:28,741] {dag.py:2280} INFO - Setting next_dagrun for example_kubernetes_executor to None
[2023-03-21 11:38:28,752] {scheduler_job.py:190} INFO - Processing /home/airflow/.local/lib/python3.6/site-packages/airflow/example_dags/example_kubernetes_executor.py took 0.084 seconds
[2023-03-21 11:38:59,082] {scheduler_job.py:182} INFO - Started process (PID=439) to work on /home/airflow/.local/lib/python3.6/site-packages/airflow/example_dags/example_kubernetes_executor.py
[2023-03-21 11:38:59,086] {scheduler_job.py:629} INFO - Processing file /home/airflow/.local/lib/python3.6/site-packages/airflow/example_dags/example_kubernetes_executor.py for tasks to queue
[2023-03-21 11:38:59,088] {logging_mixin.py:104} INFO - [2023-03-21 11:38:59,087] {dagbag.py:451} INFO - Filling up the DagBag from /home/airflow/.local/lib/python3.6/site-packages/airflow/example_dags/example_kubernetes_executor.py
[2023-03-21 11:38:59,108] {scheduler_job.py:639} INFO - DAG(s) dict_keys(['example_kubernetes_executor']) retrieved from /home/airflow/.local/lib/python3.6/site-packages/airflow/example_dags/example_kubernetes_executor.py
[2023-03-21 11:38:59,134] {logging_mixin.py:104} INFO - [2023-03-21 11:38:59,134] {dag.py:1824} INFO - Sync 1 DAGs
[2023-03-21 11:38:59,150] {logging_mixin.py:104} INFO - [2023-03-21 11:38:59,150] {dag.py:2280} INFO - Setting next_dagrun for example_kubernetes_executor to None
[2023-03-21 11:38:59,177] {scheduler_job.py:190} INFO - Processing /home/airflow/.local/lib/python3.6/site-packages/airflow/example_dags/example_kubernetes_executor.py took 0.101 seconds
[2023-03-21 11:39:29,719] {scheduler_job.py:182} INFO - Started process (PID=465) to work on /home/airflow/.local/lib/python3.6/site-packages/airflow/example_dags/example_kubernetes_executor.py
[2023-03-21 11:39:29,723] {scheduler_job.py:629} INFO - Processing file /home/airflow/.local/lib/python3.6/site-packages/airflow/example_dags/example_kubernetes_executor.py for tasks to queue
[2023-03-21 11:39:29,725] {logging_mixin.py:104} INFO - [2023-03-21 11:39:29,725] {dagbag.py:451} INFO - Filling up the DagBag from /home/airflow/.local/lib/python3.6/site-packages/airflow/example_dags/example_kubernetes_executor.py
[2023-03-21 11:39:29,747] {scheduler_job.py:639} INFO - DAG(s) dict_keys(['example_kubernetes_executor']) retrieved from /home/airflow/.local/lib/python3.6/site-packages/airflow/example_dags/example_kubernetes_executor.py
[2023-03-21 11:39:29,773] {logging_mixin.py:104} INFO - [2023-03-21 11:39:29,773] {dag.py:1824} INFO - Sync 1 DAGs
[2023-03-21 11:39:29,787] {logging_mixin.py:104} INFO - [2023-03-21 11:39:29,787] {dag.py:2280} INFO - Setting next_dagrun for example_kubernetes_executor to None
[2023-03-21 11:39:29,798] {scheduler_job.py:190} INFO - Processing /home/airflow/.local/lib/python3.6/site-packages/airflow/example_dags/example_kubernetes_executor.py took 0.091 seconds
[2023-03-21 11:40:00,277] {scheduler_job.py:182} INFO - Started process (PID=491) to work on /home/airflow/.local/lib/python3.6/site-packages/airflow/example_dags/example_kubernetes_executor.py
[2023-03-21 11:40:00,280] {scheduler_job.py:629} INFO - Processing file /home/airflow/.local/lib/python3.6/site-packages/airflow/example_dags/example_kubernetes_executor.py for tasks to queue
[2023-03-21 11:40:00,282] {logging_mixin.py:104} INFO - [2023-03-21 11:40:00,282] {dagbag.py:451} INFO - Filling up the DagBag from /home/airflow/.local/lib/python3.6/site-packages/airflow/example_dags/example_kubernetes_executor.py
[2023-03-21 11:40:00,303] {scheduler_job.py:639} INFO - DAG(s) dict_keys(['example_kubernetes_executor']) retrieved from /home/airflow/.local/lib/python3.6/site-packages/airflow/example_dags/example_kubernetes_executor.py
[2023-03-21 11:40:00,328] {logging_mixin.py:104} INFO - [2023-03-21 11:40:00,328] {dag.py:1824} INFO - Sync 1 DAGs
[2023-03-21 11:40:00,340] {logging_mixin.py:104} INFO - [2023-03-21 11:40:00,339] {dag.py:2280} INFO - Setting next_dagrun for example_kubernetes_executor to None
[2023-03-21 11:40:00,349] {scheduler_job.py:190} INFO - Processing /home/airflow/.local/lib/python3.6/site-packages/airflow/example_dags/example_kubernetes_executor.py took 0.082 seconds
[2023-03-21 11:40:30,776] {scheduler_job.py:182} INFO - Started process (PID=517) to work on /home/airflow/.local/lib/python3.6/site-packages/airflow/example_dags/example_kubernetes_executor.py
[2023-03-21 11:40:30,780] {scheduler_job.py:629} INFO - Processing file /home/airflow/.local/lib/python3.6/site-packages/airflow/example_dags/example_kubernetes_executor.py for tasks to queue
[2023-03-21 11:40:30,782] {logging_mixin.py:104} INFO - [2023-03-21 11:40:30,782] {dagbag.py:451} INFO - Filling up the DagBag from /home/airflow/.local/lib/python3.6/site-packages/airflow/example_dags/example_kubernetes_executor.py
[2023-03-21 11:40:30,802] {scheduler_job.py:639} INFO - DAG(s) dict_keys(['example_kubernetes_executor']) retrieved from /home/airflow/.local/lib/python3.6/site-packages/airflow/example_dags/example_kubernetes_executor.py
[2023-03-21 11:40:30,830] {logging_mixin.py:104} INFO - [2023-03-21 11:40:30,830] {dag.py:1824} INFO - Sync 1 DAGs
[2023-03-21 11:40:30,841] {logging_mixin.py:104} INFO - [2023-03-21 11:40:30,841] {dag.py:2280} INFO - Setting next_dagrun for example_kubernetes_executor to None
[2023-03-21 11:40:30,849] {scheduler_job.py:190} INFO - Processing /home/airflow/.local/lib/python3.6/site-packages/airflow/example_dags/example_kubernetes_executor.py took 0.083 seconds
[2023-03-21 11:41:01,206] {scheduler_job.py:182} INFO - Started process (PID=543) to work on /home/airflow/.local/lib/python3.6/site-packages/airflow/example_dags/example_kubernetes_executor.py
[2023-03-21 11:41:01,210] {scheduler_job.py:629} INFO - Processing file /home/airflow/.local/lib/python3.6/site-packages/airflow/example_dags/example_kubernetes_executor.py for tasks to queue
[2023-03-21 11:41:01,212] {logging_mixin.py:104} INFO - [2023-03-21 11:41:01,211] {dagbag.py:451} INFO - Filling up the DagBag from /home/airflow/.local/lib/python3.6/site-packages/airflow/example_dags/example_kubernetes_executor.py
[2023-03-21 11:41:01,232] {scheduler_job.py:639} INFO - DAG(s) dict_keys(['example_kubernetes_executor']) retrieved from /home/airflow/.local/lib/python3.6/site-packages/airflow/example_dags/example_kubernetes_executor.py
[2023-03-21 11:41:01,256] {logging_mixin.py:104} INFO - [2023-03-21 11:41:01,256] {dag.py:1824} INFO - Sync 1 DAGs
[2023-03-21 11:41:01,272] {logging_mixin.py:104} INFO - [2023-03-21 11:41:01,271] {dag.py:2280} INFO - Setting next_dagrun for example_kubernetes_executor to None
[2023-03-21 11:41:01,282] {scheduler_job.py:190} INFO - Processing /home/airflow/.local/lib/python3.6/site-packages/airflow/example_dags/example_kubernetes_executor.py took 0.088 seconds
[2023-03-21 11:41:31,816] {scheduler_job.py:182} INFO - Started process (PID=569) to work on /home/airflow/.local/lib/python3.6/site-packages/airflow/example_dags/example_kubernetes_executor.py
[2023-03-21 11:41:31,819] {scheduler_job.py:629} INFO - Processing file /home/airflow/.local/lib/python3.6/site-packages/airflow/example_dags/example_kubernetes_executor.py for tasks to queue
[2023-03-21 11:41:31,821] {logging_mixin.py:104} INFO - [2023-03-21 11:41:31,821] {dagbag.py:451} INFO - Filling up the DagBag from /home/airflow/.local/lib/python3.6/site-packages/airflow/example_dags/example_kubernetes_executor.py
[2023-03-21 11:41:31,841] {scheduler_job.py:639} INFO - DAG(s) dict_keys(['example_kubernetes_executor']) retrieved from /home/airflow/.local/lib/python3.6/site-packages/airflow/example_dags/example_kubernetes_executor.py
[2023-03-21 11:41:31,867] {logging_mixin.py:104} INFO - [2023-03-21 11:41:31,867] {dag.py:1824} INFO - Sync 1 DAGs
[2023-03-21 11:41:31,879] {logging_mixin.py:104} INFO - [2023-03-21 11:41:31,879] {dag.py:2280} INFO - Setting next_dagrun for example_kubernetes_executor to None
[2023-03-21 11:41:31,886] {scheduler_job.py:190} INFO - Processing /home/airflow/.local/lib/python3.6/site-packages/airflow/example_dags/example_kubernetes_executor.py took 0.079 seconds
[2023-03-21 11:42:02,322] {scheduler_job.py:182} INFO - Started process (PID=595) to work on /home/airflow/.local/lib/python3.6/site-packages/airflow/example_dags/example_kubernetes_executor.py
[2023-03-21 11:42:02,326] {scheduler_job.py:629} INFO - Processing file /home/airflow/.local/lib/python3.6/site-packages/airflow/example_dags/example_kubernetes_executor.py for tasks to queue
[2023-03-21 11:42:02,328] {logging_mixin.py:104} INFO - [2023-03-21 11:42:02,328] {dagbag.py:451} INFO - Filling up the DagBag from /home/airflow/.local/lib/python3.6/site-packages/airflow/example_dags/example_kubernetes_executor.py
[2023-03-21 11:42:02,349] {scheduler_job.py:639} INFO - DAG(s) dict_keys(['example_kubernetes_executor']) retrieved from /home/airflow/.local/lib/python3.6/site-packages/airflow/example_dags/example_kubernetes_executor.py
[2023-03-21 11:42:02,375] {logging_mixin.py:104} INFO - [2023-03-21 11:42:02,375] {dag.py:1824} INFO - Sync 1 DAGs
[2023-03-21 11:42:02,386] {logging_mixin.py:104} INFO - [2023-03-21 11:42:02,386] {dag.py:2280} INFO - Setting next_dagrun for example_kubernetes_executor to None
[2023-03-21 11:42:02,394] {scheduler_job.py:190} INFO - Processing /home/airflow/.local/lib/python3.6/site-packages/airflow/example_dags/example_kubernetes_executor.py took 0.080 seconds
[2023-03-21 11:42:32,842] {scheduler_job.py:182} INFO - Started process (PID=621) to work on /home/airflow/.local/lib/python3.6/site-packages/airflow/example_dags/example_kubernetes_executor.py
[2023-03-21 11:42:32,846] {scheduler_job.py:629} INFO - Processing file /home/airflow/.local/lib/python3.6/site-packages/airflow/example_dags/example_kubernetes_executor.py for tasks to queue
[2023-03-21 11:42:32,849] {logging_mixin.py:104} INFO - [2023-03-21 11:42:32,849] {dagbag.py:451} INFO - Filling up the DagBag from /home/airflow/.local/lib/python3.6/site-packages/airflow/example_dags/example_kubernetes_executor.py
[2023-03-21 11:42:32,868] {scheduler_job.py:639} INFO - DAG(s) dict_keys(['example_kubernetes_executor']) retrieved from /home/airflow/.local/lib/python3.6/site-packages/airflow/example_dags/example_kubernetes_executor.py
[2023-03-21 11:42:32,892] {logging_mixin.py:104} INFO - [2023-03-21 11:42:32,892] {dag.py:1824} INFO - Sync 1 DAGs
[2023-03-21 11:42:32,904] {logging_mixin.py:104} INFO - [2023-03-21 11:42:32,903] {dag.py:2280} INFO - Setting next_dagrun for example_kubernetes_executor to None
[2023-03-21 11:42:32,911] {scheduler_job.py:190} INFO - Processing /home/airflow/.local/lib/python3.6/site-packages/airflow/example_dags/example_kubernetes_executor.py took 0.076 seconds
[2023-03-21 11:43:03,276] {scheduler_job.py:182} INFO - Started process (PID=647) to work on /home/airflow/.local/lib/python3.6/site-packages/airflow/example_dags/example_kubernetes_executor.py
[2023-03-21 11:43:03,278] {scheduler_job.py:629} INFO - Processing file /home/airflow/.local/lib/python3.6/site-packages/airflow/example_dags/example_kubernetes_executor.py for tasks to queue
[2023-03-21 11:43:03,280] {logging_mixin.py:104} INFO - [2023-03-21 11:43:03,280] {dagbag.py:451} INFO - Filling up the DagBag from /home/airflow/.local/lib/python3.6/site-packages/airflow/example_dags/example_kubernetes_executor.py
[2023-03-21 11:43:03,298] {scheduler_job.py:639} INFO - DAG(s) dict_keys(['example_kubernetes_executor']) retrieved from /home/airflow/.local/lib/python3.6/site-packages/airflow/example_dags/example_kubernetes_executor.py
[2023-03-21 11:43:03,321] {logging_mixin.py:104} INFO - [2023-03-21 11:43:03,321] {dag.py:1824} INFO - Sync 1 DAGs
[2023-03-21 11:43:03,332] {logging_mixin.py:104} INFO - [2023-03-21 11:43:03,332] {dag.py:2280} INFO - Setting next_dagrun for example_kubernetes_executor to None
[2023-03-21 11:43:03,340] {scheduler_job.py:190} INFO - Processing /home/airflow/.local/lib/python3.6/site-packages/airflow/example_dags/example_kubernetes_executor.py took 0.070 seconds
[2023-03-21 11:43:33,640] {scheduler_job.py:182} INFO - Started process (PID=673) to work on /home/airflow/.local/lib/python3.6/site-packages/airflow/example_dags/example_kubernetes_executor.py
[2023-03-21 11:43:33,643] {scheduler_job.py:629} INFO - Processing file /home/airflow/.local/lib/python3.6/site-packages/airflow/example_dags/example_kubernetes_executor.py for tasks to queue
[2023-03-21 11:43:33,645] {logging_mixin.py:104} INFO - [2023-03-21 11:43:33,645] {dagbag.py:451} INFO - Filling up the DagBag from /home/airflow/.local/lib/python3.6/site-packages/airflow/example_dags/example_kubernetes_executor.py
[2023-03-21 11:43:33,660] {scheduler_job.py:639} INFO - DAG(s) dict_keys(['example_kubernetes_executor']) retrieved from /home/airflow/.local/lib/python3.6/site-packages/airflow/example_dags/example_kubernetes_executor.py
[2023-03-21 11:43:33,682] {logging_mixin.py:104} INFO - [2023-03-21 11:43:33,682] {dag.py:1824} INFO - Sync 1 DAGs
[2023-03-21 11:43:33,693] {logging_mixin.py:104} INFO - [2023-03-21 11:43:33,693] {dag.py:2280} INFO - Setting next_dagrun for example_kubernetes_executor to None
[2023-03-21 11:43:33,700] {scheduler_job.py:190} INFO - Processing /home/airflow/.local/lib/python3.6/site-packages/airflow/example_dags/example_kubernetes_executor.py took 0.065 seconds
[2023-03-21 11:44:04,066] {scheduler_job.py:182} INFO - Started process (PID=699) to work on /home/airflow/.local/lib/python3.6/site-packages/airflow/example_dags/example_kubernetes_executor.py
[2023-03-21 11:44:04,069] {scheduler_job.py:629} INFO - Processing file /home/airflow/.local/lib/python3.6/site-packages/airflow/example_dags/example_kubernetes_executor.py for tasks to queue
[2023-03-21 11:44:04,071] {logging_mixin.py:104} INFO - [2023-03-21 11:44:04,071] {dagbag.py:451} INFO - Filling up the DagBag from /home/airflow/.local/lib/python3.6/site-packages/airflow/example_dags/example_kubernetes_executor.py
[2023-03-21 11:44:04,087] {scheduler_job.py:639} INFO - DAG(s) dict_keys(['example_kubernetes_executor']) retrieved from /home/airflow/.local/lib/python3.6/site-packages/airflow/example_dags/example_kubernetes_executor.py
[2023-03-21 11:44:04,111] {logging_mixin.py:104} INFO - [2023-03-21 11:44:04,110] {dag.py:1824} INFO - Sync 1 DAGs
[2023-03-21 11:44:04,121] {logging_mixin.py:104} INFO - [2023-03-21 11:44:04,121] {dag.py:2280} INFO - Setting next_dagrun for example_kubernetes_executor to None
[2023-03-21 11:44:04,129] {scheduler_job.py:190} INFO - Processing /home/airflow/.local/lib/python3.6/site-packages/airflow/example_dags/example_kubernetes_executor.py took 0.070 seconds
[2023-03-21 11:44:34,494] {scheduler_job.py:182} INFO - Started process (PID=725) to work on /home/airflow/.local/lib/python3.6/site-packages/airflow/example_dags/example_kubernetes_executor.py
[2023-03-21 11:44:34,497] {scheduler_job.py:629} INFO - Processing file /home/airflow/.local/lib/python3.6/site-packages/airflow/example_dags/example_kubernetes_executor.py for tasks to queue
[2023-03-21 11:44:34,498] {logging_mixin.py:104} INFO - [2023-03-21 11:44:34,498] {dagbag.py:451} INFO - Filling up the DagBag from /home/airflow/.local/lib/python3.6/site-packages/airflow/example_dags/example_kubernetes_executor.py
[2023-03-21 11:44:34,514] {scheduler_job.py:639} INFO - DAG(s) dict_keys(['example_kubernetes_executor']) retrieved from /home/airflow/.local/lib/python3.6/site-packages/airflow/example_dags/example_kubernetes_executor.py
[2023-03-21 11:44:34,538] {logging_mixin.py:104} INFO - [2023-03-21 11:44:34,537] {dag.py:1824} INFO - Sync 1 DAGs
[2023-03-21 11:44:34,549] {logging_mixin.py:104} INFO - [2023-03-21 11:44:34,549] {dag.py:2280} INFO - Setting next_dagrun for example_kubernetes_executor to None
[2023-03-21 11:44:34,558] {scheduler_job.py:190} INFO - Processing /home/airflow/.local/lib/python3.6/site-packages/airflow/example_dags/example_kubernetes_executor.py took 0.069 seconds
[2023-03-21 11:45:04,944] {scheduler_job.py:182} INFO - Started process (PID=751) to work on /home/airflow/.local/lib/python3.6/site-packages/airflow/example_dags/example_kubernetes_executor.py
[2023-03-21 11:45:04,947] {scheduler_job.py:629} INFO - Processing file /home/airflow/.local/lib/python3.6/site-packages/airflow/example_dags/example_kubernetes_executor.py for tasks to queue
[2023-03-21 11:45:04,949] {logging_mixin.py:104} INFO - [2023-03-21 11:45:04,949] {dagbag.py:451} INFO - Filling up the DagBag from /home/airflow/.local/lib/python3.6/site-packages/airflow/example_dags/example_kubernetes_executor.py
[2023-03-21 11:45:04,967] {scheduler_job.py:639} INFO - DAG(s) dict_keys(['example_kubernetes_executor']) retrieved from /home/airflow/.local/lib/python3.6/site-packages/airflow/example_dags/example_kubernetes_executor.py
[2023-03-21 11:45:04,992] {logging_mixin.py:104} INFO - [2023-03-21 11:45:04,992] {dag.py:1824} INFO - Sync 1 DAGs
[2023-03-21 11:45:05,003] {logging_mixin.py:104} INFO - [2023-03-21 11:45:05,003] {dag.py:2280} INFO - Setting next_dagrun for example_kubernetes_executor to None
[2023-03-21 11:45:05,012] {scheduler_job.py:190} INFO - Processing /home/airflow/.local/lib/python3.6/site-packages/airflow/example_dags/example_kubernetes_executor.py took 0.074 seconds
[2023-03-21 11:45:35,735] {scheduler_job.py:182} INFO - Started process (PID=777) to work on /home/airflow/.local/lib/python3.6/site-packages/airflow/example_dags/example_kubernetes_executor.py
[2023-03-21 11:45:35,739] {scheduler_job.py:629} INFO - Processing file /home/airflow/.local/lib/python3.6/site-packages/airflow/example_dags/example_kubernetes_executor.py for tasks to queue
[2023-03-21 11:45:35,743] {logging_mixin.py:104} INFO - [2023-03-21 11:45:35,743] {dagbag.py:451} INFO - Filling up the DagBag from /home/airflow/.local/lib/python3.6/site-packages/airflow/example_dags/example_kubernetes_executor.py
[2023-03-21 11:45:35,764] {scheduler_job.py:639} INFO - DAG(s) dict_keys(['example_kubernetes_executor']) retrieved from /home/airflow/.local/lib/python3.6/site-packages/airflow/example_dags/example_kubernetes_executor.py
[2023-03-21 11:45:35,790] {logging_mixin.py:104} INFO - [2023-03-21 11:45:35,790] {dag.py:1824} INFO - Sync 1 DAGs
[2023-03-21 11:45:35,801] {logging_mixin.py:104} INFO - [2023-03-21 11:45:35,801] {dag.py:2280} INFO - Setting next_dagrun for example_kubernetes_executor to None
[2023-03-21 11:45:35,810] {scheduler_job.py:190} INFO - Processing /home/airflow/.local/lib/python3.6/site-packages/airflow/example_dags/example_kubernetes_executor.py took 0.082 seconds
[2023-03-21 11:46:06,248] {scheduler_job.py:182} INFO - Started process (PID=803) to work on /home/airflow/.local/lib/python3.6/site-packages/airflow/example_dags/example_kubernetes_executor.py
[2023-03-21 11:46:06,252] {scheduler_job.py:629} INFO - Processing file /home/airflow/.local/lib/python3.6/site-packages/airflow/example_dags/example_kubernetes_executor.py for tasks to queue
[2023-03-21 11:46:06,254] {logging_mixin.py:104} INFO - [2023-03-21 11:46:06,254] {dagbag.py:451} INFO - Filling up the DagBag from /home/airflow/.local/lib/python3.6/site-packages/airflow/example_dags/example_kubernetes_executor.py
[2023-03-21 11:46:06,275] {scheduler_job.py:639} INFO - DAG(s) dict_keys(['example_kubernetes_executor']) retrieved from /home/airflow/.local/lib/python3.6/site-packages/airflow/example_dags/example_kubernetes_executor.py
[2023-03-21 11:46:06,300] {logging_mixin.py:104} INFO - [2023-03-21 11:46:06,300] {dag.py:1824} INFO - Sync 1 DAGs
[2023-03-21 11:46:06,312] {logging_mixin.py:104} INFO - [2023-03-21 11:46:06,312] {dag.py:2280} INFO - Setting next_dagrun for example_kubernetes_executor to None
[2023-03-21 11:46:06,320] {scheduler_job.py:190} INFO - Processing /home/airflow/.local/lib/python3.6/site-packages/airflow/example_dags/example_kubernetes_executor.py took 0.079 seconds
[2023-03-21 11:46:36,921] {scheduler_job.py:182} INFO - Started process (PID=829) to work on /home/airflow/.local/lib/python3.6/site-packages/airflow/example_dags/example_kubernetes_executor.py
[2023-03-21 11:46:36,924] {scheduler_job.py:629} INFO - Processing file /home/airflow/.local/lib/python3.6/site-packages/airflow/example_dags/example_kubernetes_executor.py for tasks to queue
[2023-03-21 11:46:36,926] {logging_mixin.py:104} INFO - [2023-03-21 11:46:36,926] {dagbag.py:451} INFO - Filling up the DagBag from /home/airflow/.local/lib/python3.6/site-packages/airflow/example_dags/example_kubernetes_executor.py
[2023-03-21 11:46:36,945] {scheduler_job.py:639} INFO - DAG(s) dict_keys(['example_kubernetes_executor']) retrieved from /home/airflow/.local/lib/python3.6/site-packages/airflow/example_dags/example_kubernetes_executor.py
[2023-03-21 11:46:36,971] {logging_mixin.py:104} INFO - [2023-03-21 11:46:36,970] {dag.py:1824} INFO - Sync 1 DAGs
[2023-03-21 11:46:36,981] {logging_mixin.py:104} INFO - [2023-03-21 11:46:36,981] {dag.py:2280} INFO - Setting next_dagrun for example_kubernetes_executor to None
[2023-03-21 11:46:36,989] {scheduler_job.py:190} INFO - Processing /home/airflow/.local/lib/python3.6/site-packages/airflow/example_dags/example_kubernetes_executor.py took 0.074 seconds
