[2023-03-21 11:31:19,259] {scheduler_job.py:182} INFO - Started process (PID=40) to work on /home/airflow/.local/lib/python3.6/site-packages/airflow/example_dags/example_xcomargs.py
[2023-03-21 11:31:19,263] {scheduler_job.py:629} INFO - Processing file /home/airflow/.local/lib/python3.6/site-packages/airflow/example_dags/example_xcomargs.py for tasks to queue
[2023-03-21 11:31:19,265] {logging_mixin.py:104} INFO - [2023-03-21 11:31:19,264] {dagbag.py:451} INFO - Filling up the DagBag from /home/airflow/.local/lib/python3.6/site-packages/airflow/example_dags/example_xcomargs.py
[2023-03-21 11:31:19,286] {scheduler_job.py:639} INFO - DAG(s) dict_keys(['example_xcom_args', 'example_xcom_args_with_operators']) retrieved from /home/airflow/.local/lib/python3.6/site-packages/airflow/example_dags/example_xcomargs.py
[2023-03-21 11:31:19,361] {logging_mixin.py:104} INFO - [2023-03-21 11:31:19,361] {dag.py:1824} INFO - Sync 2 DAGs
[2023-03-21 11:31:19,390] {logging_mixin.py:104} INFO - [2023-03-21 11:31:19,389] {dag.py:2280} INFO - Setting next_dagrun for example_xcom_args to None
[2023-03-21 11:31:19,393] {logging_mixin.py:104} INFO - [2023-03-21 11:31:19,393] {dag.py:2280} INFO - Setting next_dagrun for example_xcom_args_with_operators to None
[2023-03-21 11:31:19,422] {scheduler_job.py:190} INFO - Processing /home/airflow/.local/lib/python3.6/site-packages/airflow/example_dags/example_xcomargs.py took 0.167 seconds
[2023-03-21 11:31:50,276] {scheduler_job.py:182} INFO - Started process (PID=67) to work on /home/airflow/.local/lib/python3.6/site-packages/airflow/example_dags/example_xcomargs.py
[2023-03-21 11:31:50,278] {scheduler_job.py:629} INFO - Processing file /home/airflow/.local/lib/python3.6/site-packages/airflow/example_dags/example_xcomargs.py for tasks to queue
[2023-03-21 11:31:50,278] {logging_mixin.py:104} INFO - [2023-03-21 11:31:50,278] {dagbag.py:451} INFO - Filling up the DagBag from /home/airflow/.local/lib/python3.6/site-packages/airflow/example_dags/example_xcomargs.py
[2023-03-21 11:31:50,290] {scheduler_job.py:639} INFO - DAG(s) dict_keys(['example_xcom_args', 'example_xcom_args_with_operators']) retrieved from /home/airflow/.local/lib/python3.6/site-packages/airflow/example_dags/example_xcomargs.py
[2023-03-21 11:31:50,345] {logging_mixin.py:104} INFO - [2023-03-21 11:31:50,345] {dag.py:1824} INFO - Sync 2 DAGs
[2023-03-21 11:31:50,362] {logging_mixin.py:104} INFO - [2023-03-21 11:31:50,362] {dag.py:2280} INFO - Setting next_dagrun for example_xcom_args to None
[2023-03-21 11:31:50,364] {logging_mixin.py:104} INFO - [2023-03-21 11:31:50,364] {dag.py:2280} INFO - Setting next_dagrun for example_xcom_args_with_operators to None
[2023-03-21 11:31:50,380] {scheduler_job.py:190} INFO - Processing /home/airflow/.local/lib/python3.6/site-packages/airflow/example_dags/example_xcomargs.py took 0.106 seconds
[2023-03-21 11:32:23,782] {scheduler_job.py:182} INFO - Started process (PID=109) to work on /home/airflow/.local/lib/python3.6/site-packages/airflow/example_dags/example_xcomargs.py
[2023-03-21 11:32:23,788] {scheduler_job.py:629} INFO - Processing file /home/airflow/.local/lib/python3.6/site-packages/airflow/example_dags/example_xcomargs.py for tasks to queue
[2023-03-21 11:32:23,807] {logging_mixin.py:104} INFO - [2023-03-21 11:32:23,806] {dagbag.py:451} INFO - Filling up the DagBag from /home/airflow/.local/lib/python3.6/site-packages/airflow/example_dags/example_xcomargs.py
[2023-03-21 11:32:23,981] {scheduler_job.py:639} INFO - DAG(s) dict_keys(['example_xcom_args', 'example_xcom_args_with_operators']) retrieved from /home/airflow/.local/lib/python3.6/site-packages/airflow/example_dags/example_xcomargs.py
[2023-03-21 11:32:24,240] {logging_mixin.py:104} INFO - [2023-03-21 11:32:24,240] {dag.py:1824} INFO - Sync 2 DAGs
[2023-03-21 11:32:24,280] {logging_mixin.py:104} INFO - [2023-03-21 11:32:24,280] {dag.py:2280} INFO - Setting next_dagrun for example_xcom_args to None
[2023-03-21 11:32:24,285] {logging_mixin.py:104} INFO - [2023-03-21 11:32:24,285] {dag.py:2280} INFO - Setting next_dagrun for example_xcom_args_with_operators to None
[2023-03-21 11:32:24,331] {scheduler_job.py:190} INFO - Processing /home/airflow/.local/lib/python3.6/site-packages/airflow/example_dags/example_xcomargs.py took 0.601 seconds
[2023-03-21 11:32:54,733] {scheduler_job.py:182} INFO - Started process (PID=134) to work on /home/airflow/.local/lib/python3.6/site-packages/airflow/example_dags/example_xcomargs.py
[2023-03-21 11:32:54,735] {scheduler_job.py:629} INFO - Processing file /home/airflow/.local/lib/python3.6/site-packages/airflow/example_dags/example_xcomargs.py for tasks to queue
[2023-03-21 11:32:54,737] {logging_mixin.py:104} INFO - [2023-03-21 11:32:54,737] {dagbag.py:451} INFO - Filling up the DagBag from /home/airflow/.local/lib/python3.6/site-packages/airflow/example_dags/example_xcomargs.py
[2023-03-21 11:32:54,762] {scheduler_job.py:639} INFO - DAG(s) dict_keys(['example_xcom_args', 'example_xcom_args_with_operators']) retrieved from /home/airflow/.local/lib/python3.6/site-packages/airflow/example_dags/example_xcomargs.py
[2023-03-21 11:32:54,833] {logging_mixin.py:104} INFO - [2023-03-21 11:32:54,833] {dag.py:1824} INFO - Sync 2 DAGs
[2023-03-21 11:32:54,863] {logging_mixin.py:104} INFO - [2023-03-21 11:32:54,863] {dag.py:2280} INFO - Setting next_dagrun for example_xcom_args to None
[2023-03-21 11:32:54,867] {logging_mixin.py:104} INFO - [2023-03-21 11:32:54,867] {dag.py:2280} INFO - Setting next_dagrun for example_xcom_args_with_operators to None
[2023-03-21 11:32:54,884] {scheduler_job.py:190} INFO - Processing /home/airflow/.local/lib/python3.6/site-packages/airflow/example_dags/example_xcomargs.py took 0.156 seconds
[2023-03-21 11:33:26,059] {scheduler_job.py:182} INFO - Started process (PID=168) to work on /home/airflow/.local/lib/python3.6/site-packages/airflow/example_dags/example_xcomargs.py
[2023-03-21 11:33:26,060] {scheduler_job.py:629} INFO - Processing file /home/airflow/.local/lib/python3.6/site-packages/airflow/example_dags/example_xcomargs.py for tasks to queue
[2023-03-21 11:33:26,061] {logging_mixin.py:104} INFO - [2023-03-21 11:33:26,061] {dagbag.py:451} INFO - Filling up the DagBag from /home/airflow/.local/lib/python3.6/site-packages/airflow/example_dags/example_xcomargs.py
[2023-03-21 11:33:26,074] {scheduler_job.py:639} INFO - DAG(s) dict_keys(['example_xcom_args', 'example_xcom_args_with_operators']) retrieved from /home/airflow/.local/lib/python3.6/site-packages/airflow/example_dags/example_xcomargs.py
[2023-03-21 11:33:26,101] {logging_mixin.py:104} INFO - [2023-03-21 11:33:26,101] {dag.py:1824} INFO - Sync 2 DAGs
[2023-03-21 11:33:26,111] {logging_mixin.py:104} INFO - [2023-03-21 11:33:26,111] {dag.py:2280} INFO - Setting next_dagrun for example_xcom_args to None
[2023-03-21 11:33:26,113] {logging_mixin.py:104} INFO - [2023-03-21 11:33:26,113] {dag.py:2280} INFO - Setting next_dagrun for example_xcom_args_with_operators to None
[2023-03-21 11:33:26,121] {scheduler_job.py:190} INFO - Processing /home/airflow/.local/lib/python3.6/site-packages/airflow/example_dags/example_xcomargs.py took 0.065 seconds
[2023-03-21 11:33:56,481] {scheduler_job.py:182} INFO - Started process (PID=187) to work on /home/airflow/.local/lib/python3.6/site-packages/airflow/example_dags/example_xcomargs.py
[2023-03-21 11:33:56,487] {scheduler_job.py:629} INFO - Processing file /home/airflow/.local/lib/python3.6/site-packages/airflow/example_dags/example_xcomargs.py for tasks to queue
[2023-03-21 11:33:56,491] {logging_mixin.py:104} INFO - [2023-03-21 11:33:56,490] {dagbag.py:451} INFO - Filling up the DagBag from /home/airflow/.local/lib/python3.6/site-packages/airflow/example_dags/example_xcomargs.py
[2023-03-21 11:33:56,536] {scheduler_job.py:639} INFO - DAG(s) dict_keys(['example_xcom_args', 'example_xcom_args_with_operators']) retrieved from /home/airflow/.local/lib/python3.6/site-packages/airflow/example_dags/example_xcomargs.py
[2023-03-21 11:33:56,614] {logging_mixin.py:104} INFO - [2023-03-21 11:33:56,614] {dag.py:1824} INFO - Sync 2 DAGs
[2023-03-21 11:33:56,642] {logging_mixin.py:104} INFO - [2023-03-21 11:33:56,642] {dag.py:2280} INFO - Setting next_dagrun for example_xcom_args to None
[2023-03-21 11:33:56,654] {logging_mixin.py:104} INFO - [2023-03-21 11:33:56,653] {dag.py:2280} INFO - Setting next_dagrun for example_xcom_args_with_operators to None
[2023-03-21 11:33:56,692] {scheduler_job.py:190} INFO - Processing /home/airflow/.local/lib/python3.6/site-packages/airflow/example_dags/example_xcomargs.py took 0.232 seconds
[2023-03-21 11:34:26,763] {scheduler_job.py:182} INFO - Started process (PID=213) to work on /home/airflow/.local/lib/python3.6/site-packages/airflow/example_dags/example_xcomargs.py
[2023-03-21 11:34:26,766] {scheduler_job.py:629} INFO - Processing file /home/airflow/.local/lib/python3.6/site-packages/airflow/example_dags/example_xcomargs.py for tasks to queue
[2023-03-21 11:34:26,767] {logging_mixin.py:104} INFO - [2023-03-21 11:34:26,767] {dagbag.py:451} INFO - Filling up the DagBag from /home/airflow/.local/lib/python3.6/site-packages/airflow/example_dags/example_xcomargs.py
[2023-03-21 11:34:26,788] {scheduler_job.py:639} INFO - DAG(s) dict_keys(['example_xcom_args', 'example_xcom_args_with_operators']) retrieved from /home/airflow/.local/lib/python3.6/site-packages/airflow/example_dags/example_xcomargs.py
[2023-03-21 11:34:26,851] {logging_mixin.py:104} INFO - [2023-03-21 11:34:26,851] {dag.py:1824} INFO - Sync 2 DAGs
[2023-03-21 11:34:26,870] {logging_mixin.py:104} INFO - [2023-03-21 11:34:26,870] {dag.py:2280} INFO - Setting next_dagrun for example_xcom_args to None
[2023-03-21 11:34:26,873] {logging_mixin.py:104} INFO - [2023-03-21 11:34:26,872] {dag.py:2280} INFO - Setting next_dagrun for example_xcom_args_with_operators to None
[2023-03-21 11:34:26,896] {scheduler_job.py:190} INFO - Processing /home/airflow/.local/lib/python3.6/site-packages/airflow/example_dags/example_xcomargs.py took 0.137 seconds
[2023-03-21 11:34:57,249] {scheduler_job.py:182} INFO - Started process (PID=235) to work on /home/airflow/.local/lib/python3.6/site-packages/airflow/example_dags/example_xcomargs.py
[2023-03-21 11:34:57,252] {scheduler_job.py:629} INFO - Processing file /home/airflow/.local/lib/python3.6/site-packages/airflow/example_dags/example_xcomargs.py for tasks to queue
[2023-03-21 11:34:57,254] {logging_mixin.py:104} INFO - [2023-03-21 11:34:57,254] {dagbag.py:451} INFO - Filling up the DagBag from /home/airflow/.local/lib/python3.6/site-packages/airflow/example_dags/example_xcomargs.py
[2023-03-21 11:34:57,297] {scheduler_job.py:639} INFO - DAG(s) dict_keys(['example_xcom_args', 'example_xcom_args_with_operators']) retrieved from /home/airflow/.local/lib/python3.6/site-packages/airflow/example_dags/example_xcomargs.py
[2023-03-21 11:34:57,353] {logging_mixin.py:104} INFO - [2023-03-21 11:34:57,353] {dag.py:1824} INFO - Sync 2 DAGs
[2023-03-21 11:34:57,371] {logging_mixin.py:104} INFO - [2023-03-21 11:34:57,370] {dag.py:2280} INFO - Setting next_dagrun for example_xcom_args to None
[2023-03-21 11:34:57,373] {logging_mixin.py:104} INFO - [2023-03-21 11:34:57,373] {dag.py:2280} INFO - Setting next_dagrun for example_xcom_args_with_operators to None
[2023-03-21 11:34:57,388] {scheduler_job.py:190} INFO - Processing /home/airflow/.local/lib/python3.6/site-packages/airflow/example_dags/example_xcomargs.py took 0.144 seconds
[2023-03-21 11:35:27,467] {scheduler_job.py:182} INFO - Started process (PID=261) to work on /home/airflow/.local/lib/python3.6/site-packages/airflow/example_dags/example_xcomargs.py
[2023-03-21 11:35:27,470] {scheduler_job.py:629} INFO - Processing file /home/airflow/.local/lib/python3.6/site-packages/airflow/example_dags/example_xcomargs.py for tasks to queue
[2023-03-21 11:35:27,472] {logging_mixin.py:104} INFO - [2023-03-21 11:35:27,472] {dagbag.py:451} INFO - Filling up the DagBag from /home/airflow/.local/lib/python3.6/site-packages/airflow/example_dags/example_xcomargs.py
[2023-03-21 11:35:27,507] {scheduler_job.py:639} INFO - DAG(s) dict_keys(['example_xcom_args', 'example_xcom_args_with_operators']) retrieved from /home/airflow/.local/lib/python3.6/site-packages/airflow/example_dags/example_xcomargs.py
[2023-03-21 11:35:27,572] {logging_mixin.py:104} INFO - [2023-03-21 11:35:27,572] {dag.py:1824} INFO - Sync 2 DAGs
[2023-03-21 11:35:27,594] {logging_mixin.py:104} INFO - [2023-03-21 11:35:27,594] {dag.py:2280} INFO - Setting next_dagrun for example_xcom_args to None
[2023-03-21 11:35:27,596] {logging_mixin.py:104} INFO - [2023-03-21 11:35:27,596] {dag.py:2280} INFO - Setting next_dagrun for example_xcom_args_with_operators to None
[2023-03-21 11:35:27,615] {scheduler_job.py:190} INFO - Processing /home/airflow/.local/lib/python3.6/site-packages/airflow/example_dags/example_xcomargs.py took 0.158 seconds
[2023-03-21 11:35:58,523] {scheduler_job.py:182} INFO - Started process (PID=287) to work on /home/airflow/.local/lib/python3.6/site-packages/airflow/example_dags/example_xcomargs.py
[2023-03-21 11:35:58,525] {scheduler_job.py:629} INFO - Processing file /home/airflow/.local/lib/python3.6/site-packages/airflow/example_dags/example_xcomargs.py for tasks to queue
[2023-03-21 11:35:58,527] {logging_mixin.py:104} INFO - [2023-03-21 11:35:58,527] {dagbag.py:451} INFO - Filling up the DagBag from /home/airflow/.local/lib/python3.6/site-packages/airflow/example_dags/example_xcomargs.py
[2023-03-21 11:35:58,551] {scheduler_job.py:639} INFO - DAG(s) dict_keys(['example_xcom_args', 'example_xcom_args_with_operators']) retrieved from /home/airflow/.local/lib/python3.6/site-packages/airflow/example_dags/example_xcomargs.py
[2023-03-21 11:35:58,581] {logging_mixin.py:104} INFO - [2023-03-21 11:35:58,581] {dag.py:1824} INFO - Sync 2 DAGs
[2023-03-21 11:35:58,596] {logging_mixin.py:104} INFO - [2023-03-21 11:35:58,596] {dag.py:2280} INFO - Setting next_dagrun for example_xcom_args to None
[2023-03-21 11:35:58,598] {logging_mixin.py:104} INFO - [2023-03-21 11:35:58,598] {dag.py:2280} INFO - Setting next_dagrun for example_xcom_args_with_operators to None
[2023-03-21 11:35:58,608] {scheduler_job.py:190} INFO - Processing /home/airflow/.local/lib/python3.6/site-packages/airflow/example_dags/example_xcomargs.py took 0.091 seconds
[2023-03-21 11:36:28,918] {scheduler_job.py:182} INFO - Started process (PID=313) to work on /home/airflow/.local/lib/python3.6/site-packages/airflow/example_dags/example_xcomargs.py
[2023-03-21 11:36:28,920] {scheduler_job.py:629} INFO - Processing file /home/airflow/.local/lib/python3.6/site-packages/airflow/example_dags/example_xcomargs.py for tasks to queue
[2023-03-21 11:36:28,922] {logging_mixin.py:104} INFO - [2023-03-21 11:36:28,922] {dagbag.py:451} INFO - Filling up the DagBag from /home/airflow/.local/lib/python3.6/site-packages/airflow/example_dags/example_xcomargs.py
[2023-03-21 11:36:28,942] {scheduler_job.py:639} INFO - DAG(s) dict_keys(['example_xcom_args', 'example_xcom_args_with_operators']) retrieved from /home/airflow/.local/lib/python3.6/site-packages/airflow/example_dags/example_xcomargs.py
[2023-03-21 11:36:28,966] {logging_mixin.py:104} INFO - [2023-03-21 11:36:28,966] {dag.py:1824} INFO - Sync 2 DAGs
[2023-03-21 11:36:28,977] {logging_mixin.py:104} INFO - [2023-03-21 11:36:28,977] {dag.py:2280} INFO - Setting next_dagrun for example_xcom_args to None
[2023-03-21 11:36:28,978] {logging_mixin.py:104} INFO - [2023-03-21 11:36:28,978] {dag.py:2280} INFO - Setting next_dagrun for example_xcom_args_with_operators to None
[2023-03-21 11:36:28,986] {scheduler_job.py:190} INFO - Processing /home/airflow/.local/lib/python3.6/site-packages/airflow/example_dags/example_xcomargs.py took 0.072 seconds
[2023-03-21 11:36:59,353] {scheduler_job.py:182} INFO - Started process (PID=339) to work on /home/airflow/.local/lib/python3.6/site-packages/airflow/example_dags/example_xcomargs.py
[2023-03-21 11:36:59,356] {scheduler_job.py:629} INFO - Processing file /home/airflow/.local/lib/python3.6/site-packages/airflow/example_dags/example_xcomargs.py for tasks to queue
[2023-03-21 11:36:59,357] {logging_mixin.py:104} INFO - [2023-03-21 11:36:59,357] {dagbag.py:451} INFO - Filling up the DagBag from /home/airflow/.local/lib/python3.6/site-packages/airflow/example_dags/example_xcomargs.py
[2023-03-21 11:36:59,390] {scheduler_job.py:639} INFO - DAG(s) dict_keys(['example_xcom_args', 'example_xcom_args_with_operators']) retrieved from /home/airflow/.local/lib/python3.6/site-packages/airflow/example_dags/example_xcomargs.py
[2023-03-21 11:36:59,422] {logging_mixin.py:104} INFO - [2023-03-21 11:36:59,421] {dag.py:1824} INFO - Sync 2 DAGs
[2023-03-21 11:36:59,434] {logging_mixin.py:104} INFO - [2023-03-21 11:36:59,434] {dag.py:2280} INFO - Setting next_dagrun for example_xcom_args to None
[2023-03-21 11:36:59,435] {logging_mixin.py:104} INFO - [2023-03-21 11:36:59,435] {dag.py:2280} INFO - Setting next_dagrun for example_xcom_args_with_operators to None
[2023-03-21 11:36:59,456] {scheduler_job.py:190} INFO - Processing /home/airflow/.local/lib/python3.6/site-packages/airflow/example_dags/example_xcomargs.py took 0.110 seconds
[2023-03-21 11:37:29,769] {scheduler_job.py:182} INFO - Started process (PID=365) to work on /home/airflow/.local/lib/python3.6/site-packages/airflow/example_dags/example_xcomargs.py
[2023-03-21 11:37:29,771] {scheduler_job.py:629} INFO - Processing file /home/airflow/.local/lib/python3.6/site-packages/airflow/example_dags/example_xcomargs.py for tasks to queue
[2023-03-21 11:37:29,772] {logging_mixin.py:104} INFO - [2023-03-21 11:37:29,772] {dagbag.py:451} INFO - Filling up the DagBag from /home/airflow/.local/lib/python3.6/site-packages/airflow/example_dags/example_xcomargs.py
[2023-03-21 11:37:29,793] {scheduler_job.py:639} INFO - DAG(s) dict_keys(['example_xcom_args', 'example_xcom_args_with_operators']) retrieved from /home/airflow/.local/lib/python3.6/site-packages/airflow/example_dags/example_xcomargs.py
[2023-03-21 11:37:29,819] {logging_mixin.py:104} INFO - [2023-03-21 11:37:29,819] {dag.py:1824} INFO - Sync 2 DAGs
[2023-03-21 11:37:29,834] {logging_mixin.py:104} INFO - [2023-03-21 11:37:29,834] {dag.py:2280} INFO - Setting next_dagrun for example_xcom_args to None
[2023-03-21 11:37:29,836] {logging_mixin.py:104} INFO - [2023-03-21 11:37:29,836] {dag.py:2280} INFO - Setting next_dagrun for example_xcom_args_with_operators to None
[2023-03-21 11:37:29,846] {scheduler_job.py:190} INFO - Processing /home/airflow/.local/lib/python3.6/site-packages/airflow/example_dags/example_xcomargs.py took 0.082 seconds
[2023-03-21 11:38:00,296] {scheduler_job.py:182} INFO - Started process (PID=391) to work on /home/airflow/.local/lib/python3.6/site-packages/airflow/example_dags/example_xcomargs.py
[2023-03-21 11:38:00,299] {scheduler_job.py:629} INFO - Processing file /home/airflow/.local/lib/python3.6/site-packages/airflow/example_dags/example_xcomargs.py for tasks to queue
[2023-03-21 11:38:00,301] {logging_mixin.py:104} INFO - [2023-03-21 11:38:00,301] {dagbag.py:451} INFO - Filling up the DagBag from /home/airflow/.local/lib/python3.6/site-packages/airflow/example_dags/example_xcomargs.py
[2023-03-21 11:38:00,324] {scheduler_job.py:639} INFO - DAG(s) dict_keys(['example_xcom_args', 'example_xcom_args_with_operators']) retrieved from /home/airflow/.local/lib/python3.6/site-packages/airflow/example_dags/example_xcomargs.py
[2023-03-21 11:38:00,354] {logging_mixin.py:104} INFO - [2023-03-21 11:38:00,354] {dag.py:1824} INFO - Sync 2 DAGs
[2023-03-21 11:38:00,370] {logging_mixin.py:104} INFO - [2023-03-21 11:38:00,370] {dag.py:2280} INFO - Setting next_dagrun for example_xcom_args to None
[2023-03-21 11:38:00,371] {logging_mixin.py:104} INFO - [2023-03-21 11:38:00,371] {dag.py:2280} INFO - Setting next_dagrun for example_xcom_args_with_operators to None
[2023-03-21 11:38:00,382] {scheduler_job.py:190} INFO - Processing /home/airflow/.local/lib/python3.6/site-packages/airflow/example_dags/example_xcomargs.py took 0.092 seconds
[2023-03-21 11:38:30,824] {scheduler_job.py:182} INFO - Started process (PID=417) to work on /home/airflow/.local/lib/python3.6/site-packages/airflow/example_dags/example_xcomargs.py
[2023-03-21 11:38:30,826] {scheduler_job.py:629} INFO - Processing file /home/airflow/.local/lib/python3.6/site-packages/airflow/example_dags/example_xcomargs.py for tasks to queue
[2023-03-21 11:38:30,836] {logging_mixin.py:104} INFO - [2023-03-21 11:38:30,828] {dagbag.py:451} INFO - Filling up the DagBag from /home/airflow/.local/lib/python3.6/site-packages/airflow/example_dags/example_xcomargs.py
[2023-03-21 11:38:30,863] {scheduler_job.py:639} INFO - DAG(s) dict_keys(['example_xcom_args', 'example_xcom_args_with_operators']) retrieved from /home/airflow/.local/lib/python3.6/site-packages/airflow/example_dags/example_xcomargs.py
[2023-03-21 11:38:30,892] {logging_mixin.py:104} INFO - [2023-03-21 11:38:30,892] {dag.py:1824} INFO - Sync 2 DAGs
[2023-03-21 11:38:30,909] {logging_mixin.py:104} INFO - [2023-03-21 11:38:30,908] {dag.py:2280} INFO - Setting next_dagrun for example_xcom_args to None
[2023-03-21 11:38:30,910] {logging_mixin.py:104} INFO - [2023-03-21 11:38:30,910] {dag.py:2280} INFO - Setting next_dagrun for example_xcom_args_with_operators to None
[2023-03-21 11:38:30,921] {scheduler_job.py:190} INFO - Processing /home/airflow/.local/lib/python3.6/site-packages/airflow/example_dags/example_xcomargs.py took 0.103 seconds
[2023-03-21 11:39:01,262] {scheduler_job.py:182} INFO - Started process (PID=443) to work on /home/airflow/.local/lib/python3.6/site-packages/airflow/example_dags/example_xcomargs.py
[2023-03-21 11:39:01,265] {scheduler_job.py:629} INFO - Processing file /home/airflow/.local/lib/python3.6/site-packages/airflow/example_dags/example_xcomargs.py for tasks to queue
[2023-03-21 11:39:01,267] {logging_mixin.py:104} INFO - [2023-03-21 11:39:01,267] {dagbag.py:451} INFO - Filling up the DagBag from /home/airflow/.local/lib/python3.6/site-packages/airflow/example_dags/example_xcomargs.py
[2023-03-21 11:39:01,290] {scheduler_job.py:639} INFO - DAG(s) dict_keys(['example_xcom_args', 'example_xcom_args_with_operators']) retrieved from /home/airflow/.local/lib/python3.6/site-packages/airflow/example_dags/example_xcomargs.py
[2023-03-21 11:39:01,320] {logging_mixin.py:104} INFO - [2023-03-21 11:39:01,320] {dag.py:1824} INFO - Sync 2 DAGs
[2023-03-21 11:39:01,331] {logging_mixin.py:104} INFO - [2023-03-21 11:39:01,331] {dag.py:2280} INFO - Setting next_dagrun for example_xcom_args to None
[2023-03-21 11:39:01,333] {logging_mixin.py:104} INFO - [2023-03-21 11:39:01,333] {dag.py:2280} INFO - Setting next_dagrun for example_xcom_args_with_operators to None
[2023-03-21 11:39:01,343] {scheduler_job.py:190} INFO - Processing /home/airflow/.local/lib/python3.6/site-packages/airflow/example_dags/example_xcomargs.py took 0.088 seconds
[2023-03-21 11:39:31,867] {scheduler_job.py:182} INFO - Started process (PID=469) to work on /home/airflow/.local/lib/python3.6/site-packages/airflow/example_dags/example_xcomargs.py
[2023-03-21 11:39:31,870] {scheduler_job.py:629} INFO - Processing file /home/airflow/.local/lib/python3.6/site-packages/airflow/example_dags/example_xcomargs.py for tasks to queue
[2023-03-21 11:39:31,872] {logging_mixin.py:104} INFO - [2023-03-21 11:39:31,872] {dagbag.py:451} INFO - Filling up the DagBag from /home/airflow/.local/lib/python3.6/site-packages/airflow/example_dags/example_xcomargs.py
[2023-03-21 11:39:31,893] {scheduler_job.py:639} INFO - DAG(s) dict_keys(['example_xcom_args', 'example_xcom_args_with_operators']) retrieved from /home/airflow/.local/lib/python3.6/site-packages/airflow/example_dags/example_xcomargs.py
[2023-03-21 11:39:31,922] {logging_mixin.py:104} INFO - [2023-03-21 11:39:31,922] {dag.py:1824} INFO - Sync 2 DAGs
[2023-03-21 11:39:31,935] {logging_mixin.py:104} INFO - [2023-03-21 11:39:31,935] {dag.py:2280} INFO - Setting next_dagrun for example_xcom_args to None
[2023-03-21 11:39:31,936] {logging_mixin.py:104} INFO - [2023-03-21 11:39:31,936] {dag.py:2280} INFO - Setting next_dagrun for example_xcom_args_with_operators to None
[2023-03-21 11:39:31,944] {scheduler_job.py:190} INFO - Processing /home/airflow/.local/lib/python3.6/site-packages/airflow/example_dags/example_xcomargs.py took 0.083 seconds
[2023-03-21 11:40:02,425] {scheduler_job.py:182} INFO - Started process (PID=495) to work on /home/airflow/.local/lib/python3.6/site-packages/airflow/example_dags/example_xcomargs.py
[2023-03-21 11:40:02,428] {scheduler_job.py:629} INFO - Processing file /home/airflow/.local/lib/python3.6/site-packages/airflow/example_dags/example_xcomargs.py for tasks to queue
[2023-03-21 11:40:02,430] {logging_mixin.py:104} INFO - [2023-03-21 11:40:02,430] {dagbag.py:451} INFO - Filling up the DagBag from /home/airflow/.local/lib/python3.6/site-packages/airflow/example_dags/example_xcomargs.py
[2023-03-21 11:40:02,452] {scheduler_job.py:639} INFO - DAG(s) dict_keys(['example_xcom_args', 'example_xcom_args_with_operators']) retrieved from /home/airflow/.local/lib/python3.6/site-packages/airflow/example_dags/example_xcomargs.py
[2023-03-21 11:40:02,481] {logging_mixin.py:104} INFO - [2023-03-21 11:40:02,481] {dag.py:1824} INFO - Sync 2 DAGs
[2023-03-21 11:40:02,496] {logging_mixin.py:104} INFO - [2023-03-21 11:40:02,496] {dag.py:2280} INFO - Setting next_dagrun for example_xcom_args to None
[2023-03-21 11:40:02,498] {logging_mixin.py:104} INFO - [2023-03-21 11:40:02,498] {dag.py:2280} INFO - Setting next_dagrun for example_xcom_args_with_operators to None
[2023-03-21 11:40:02,506] {scheduler_job.py:190} INFO - Processing /home/airflow/.local/lib/python3.6/site-packages/airflow/example_dags/example_xcomargs.py took 0.088 seconds
[2023-03-21 11:40:32,929] {scheduler_job.py:182} INFO - Started process (PID=521) to work on /home/airflow/.local/lib/python3.6/site-packages/airflow/example_dags/example_xcomargs.py
[2023-03-21 11:40:32,932] {scheduler_job.py:629} INFO - Processing file /home/airflow/.local/lib/python3.6/site-packages/airflow/example_dags/example_xcomargs.py for tasks to queue
[2023-03-21 11:40:32,933] {logging_mixin.py:104} INFO - [2023-03-21 11:40:32,933] {dagbag.py:451} INFO - Filling up the DagBag from /home/airflow/.local/lib/python3.6/site-packages/airflow/example_dags/example_xcomargs.py
[2023-03-21 11:40:32,954] {scheduler_job.py:639} INFO - DAG(s) dict_keys(['example_xcom_args', 'example_xcom_args_with_operators']) retrieved from /home/airflow/.local/lib/python3.6/site-packages/airflow/example_dags/example_xcomargs.py
[2023-03-21 11:40:32,983] {logging_mixin.py:104} INFO - [2023-03-21 11:40:32,983] {dag.py:1824} INFO - Sync 2 DAGs
[2023-03-21 11:40:32,994] {logging_mixin.py:104} INFO - [2023-03-21 11:40:32,994] {dag.py:2280} INFO - Setting next_dagrun for example_xcom_args to None
[2023-03-21 11:40:32,996] {logging_mixin.py:104} INFO - [2023-03-21 11:40:32,996] {dag.py:2280} INFO - Setting next_dagrun for example_xcom_args_with_operators to None
[2023-03-21 11:40:33,004] {scheduler_job.py:190} INFO - Processing /home/airflow/.local/lib/python3.6/site-packages/airflow/example_dags/example_xcomargs.py took 0.081 seconds
[2023-03-21 11:41:03,353] {scheduler_job.py:182} INFO - Started process (PID=547) to work on /home/airflow/.local/lib/python3.6/site-packages/airflow/example_dags/example_xcomargs.py
[2023-03-21 11:41:03,355] {scheduler_job.py:629} INFO - Processing file /home/airflow/.local/lib/python3.6/site-packages/airflow/example_dags/example_xcomargs.py for tasks to queue
[2023-03-21 11:41:03,357] {logging_mixin.py:104} INFO - [2023-03-21 11:41:03,357] {dagbag.py:451} INFO - Filling up the DagBag from /home/airflow/.local/lib/python3.6/site-packages/airflow/example_dags/example_xcomargs.py
[2023-03-21 11:41:03,378] {scheduler_job.py:639} INFO - DAG(s) dict_keys(['example_xcom_args', 'example_xcom_args_with_operators']) retrieved from /home/airflow/.local/lib/python3.6/site-packages/airflow/example_dags/example_xcomargs.py
[2023-03-21 11:41:03,408] {logging_mixin.py:104} INFO - [2023-03-21 11:41:03,407] {dag.py:1824} INFO - Sync 2 DAGs
[2023-03-21 11:41:03,418] {logging_mixin.py:104} INFO - [2023-03-21 11:41:03,418] {dag.py:2280} INFO - Setting next_dagrun for example_xcom_args to None
[2023-03-21 11:41:03,420] {logging_mixin.py:104} INFO - [2023-03-21 11:41:03,420] {dag.py:2280} INFO - Setting next_dagrun for example_xcom_args_with_operators to None
[2023-03-21 11:41:03,429] {scheduler_job.py:190} INFO - Processing /home/airflow/.local/lib/python3.6/site-packages/airflow/example_dags/example_xcomargs.py took 0.083 seconds
[2023-03-21 11:41:33,964] {scheduler_job.py:182} INFO - Started process (PID=573) to work on /home/airflow/.local/lib/python3.6/site-packages/airflow/example_dags/example_xcomargs.py
[2023-03-21 11:41:33,967] {scheduler_job.py:629} INFO - Processing file /home/airflow/.local/lib/python3.6/site-packages/airflow/example_dags/example_xcomargs.py for tasks to queue
[2023-03-21 11:41:33,969] {logging_mixin.py:104} INFO - [2023-03-21 11:41:33,969] {dagbag.py:451} INFO - Filling up the DagBag from /home/airflow/.local/lib/python3.6/site-packages/airflow/example_dags/example_xcomargs.py
[2023-03-21 11:41:33,991] {scheduler_job.py:639} INFO - DAG(s) dict_keys(['example_xcom_args', 'example_xcom_args_with_operators']) retrieved from /home/airflow/.local/lib/python3.6/site-packages/airflow/example_dags/example_xcomargs.py
[2023-03-21 11:41:34,021] {logging_mixin.py:104} INFO - [2023-03-21 11:41:34,021] {dag.py:1824} INFO - Sync 2 DAGs
[2023-03-21 11:41:34,033] {logging_mixin.py:104} INFO - [2023-03-21 11:41:34,033] {dag.py:2280} INFO - Setting next_dagrun for example_xcom_args to None
[2023-03-21 11:41:34,034] {logging_mixin.py:104} INFO - [2023-03-21 11:41:34,034] {dag.py:2280} INFO - Setting next_dagrun for example_xcom_args_with_operators to None
[2023-03-21 11:41:34,045] {scheduler_job.py:190} INFO - Processing /home/airflow/.local/lib/python3.6/site-packages/airflow/example_dags/example_xcomargs.py took 0.089 seconds
[2023-03-21 11:42:04,466] {scheduler_job.py:182} INFO - Started process (PID=599) to work on /home/airflow/.local/lib/python3.6/site-packages/airflow/example_dags/example_xcomargs.py
[2023-03-21 11:42:04,470] {scheduler_job.py:629} INFO - Processing file /home/airflow/.local/lib/python3.6/site-packages/airflow/example_dags/example_xcomargs.py for tasks to queue
[2023-03-21 11:42:04,472] {logging_mixin.py:104} INFO - [2023-03-21 11:42:04,472] {dagbag.py:451} INFO - Filling up the DagBag from /home/airflow/.local/lib/python3.6/site-packages/airflow/example_dags/example_xcomargs.py
[2023-03-21 11:42:04,493] {scheduler_job.py:639} INFO - DAG(s) dict_keys(['example_xcom_args', 'example_xcom_args_with_operators']) retrieved from /home/airflow/.local/lib/python3.6/site-packages/airflow/example_dags/example_xcomargs.py
[2023-03-21 11:42:04,523] {logging_mixin.py:104} INFO - [2023-03-21 11:42:04,523] {dag.py:1824} INFO - Sync 2 DAGs
[2023-03-21 11:42:04,542] {logging_mixin.py:104} INFO - [2023-03-21 11:42:04,542] {dag.py:2280} INFO - Setting next_dagrun for example_xcom_args to None
[2023-03-21 11:42:04,543] {logging_mixin.py:104} INFO - [2023-03-21 11:42:04,543] {dag.py:2280} INFO - Setting next_dagrun for example_xcom_args_with_operators to None
[2023-03-21 11:42:04,552] {scheduler_job.py:190} INFO - Processing /home/airflow/.local/lib/python3.6/site-packages/airflow/example_dags/example_xcomargs.py took 0.094 seconds
[2023-03-21 11:42:34,958] {scheduler_job.py:182} INFO - Started process (PID=625) to work on /home/airflow/.local/lib/python3.6/site-packages/airflow/example_dags/example_xcomargs.py
[2023-03-21 11:42:34,960] {scheduler_job.py:629} INFO - Processing file /home/airflow/.local/lib/python3.6/site-packages/airflow/example_dags/example_xcomargs.py for tasks to queue
[2023-03-21 11:42:34,961] {logging_mixin.py:104} INFO - [2023-03-21 11:42:34,961] {dagbag.py:451} INFO - Filling up the DagBag from /home/airflow/.local/lib/python3.6/site-packages/airflow/example_dags/example_xcomargs.py
[2023-03-21 11:42:34,979] {scheduler_job.py:639} INFO - DAG(s) dict_keys(['example_xcom_args', 'example_xcom_args_with_operators']) retrieved from /home/airflow/.local/lib/python3.6/site-packages/airflow/example_dags/example_xcomargs.py
[2023-03-21 11:42:35,006] {logging_mixin.py:104} INFO - [2023-03-21 11:42:35,006] {dag.py:1824} INFO - Sync 2 DAGs
[2023-03-21 11:42:35,018] {logging_mixin.py:104} INFO - [2023-03-21 11:42:35,018] {dag.py:2280} INFO - Setting next_dagrun for example_xcom_args to None
[2023-03-21 11:42:35,020] {logging_mixin.py:104} INFO - [2023-03-21 11:42:35,020] {dag.py:2280} INFO - Setting next_dagrun for example_xcom_args_with_operators to None
[2023-03-21 11:42:35,031] {scheduler_job.py:190} INFO - Processing /home/airflow/.local/lib/python3.6/site-packages/airflow/example_dags/example_xcomargs.py took 0.078 seconds
[2023-03-21 11:43:05,410] {scheduler_job.py:182} INFO - Started process (PID=651) to work on /home/airflow/.local/lib/python3.6/site-packages/airflow/example_dags/example_xcomargs.py
[2023-03-21 11:43:05,413] {scheduler_job.py:629} INFO - Processing file /home/airflow/.local/lib/python3.6/site-packages/airflow/example_dags/example_xcomargs.py for tasks to queue
[2023-03-21 11:43:05,415] {logging_mixin.py:104} INFO - [2023-03-21 11:43:05,415] {dagbag.py:451} INFO - Filling up the DagBag from /home/airflow/.local/lib/python3.6/site-packages/airflow/example_dags/example_xcomargs.py
[2023-03-21 11:43:05,437] {scheduler_job.py:639} INFO - DAG(s) dict_keys(['example_xcom_args', 'example_xcom_args_with_operators']) retrieved from /home/airflow/.local/lib/python3.6/site-packages/airflow/example_dags/example_xcomargs.py
[2023-03-21 11:43:05,467] {logging_mixin.py:104} INFO - [2023-03-21 11:43:05,467] {dag.py:1824} INFO - Sync 2 DAGs
[2023-03-21 11:43:05,485] {logging_mixin.py:104} INFO - [2023-03-21 11:43:05,485] {dag.py:2280} INFO - Setting next_dagrun for example_xcom_args to None
[2023-03-21 11:43:05,486] {logging_mixin.py:104} INFO - [2023-03-21 11:43:05,486] {dag.py:2280} INFO - Setting next_dagrun for example_xcom_args_with_operators to None
[2023-03-21 11:43:05,496] {scheduler_job.py:190} INFO - Processing /home/airflow/.local/lib/python3.6/site-packages/airflow/example_dags/example_xcomargs.py took 0.093 seconds
[2023-03-21 11:43:35,777] {scheduler_job.py:182} INFO - Started process (PID=677) to work on /home/airflow/.local/lib/python3.6/site-packages/airflow/example_dags/example_xcomargs.py
[2023-03-21 11:43:35,780] {scheduler_job.py:629} INFO - Processing file /home/airflow/.local/lib/python3.6/site-packages/airflow/example_dags/example_xcomargs.py for tasks to queue
[2023-03-21 11:43:35,782] {logging_mixin.py:104} INFO - [2023-03-21 11:43:35,781] {dagbag.py:451} INFO - Filling up the DagBag from /home/airflow/.local/lib/python3.6/site-packages/airflow/example_dags/example_xcomargs.py
[2023-03-21 11:43:35,803] {scheduler_job.py:639} INFO - DAG(s) dict_keys(['example_xcom_args', 'example_xcom_args_with_operators']) retrieved from /home/airflow/.local/lib/python3.6/site-packages/airflow/example_dags/example_xcomargs.py
[2023-03-21 11:43:35,833] {logging_mixin.py:104} INFO - [2023-03-21 11:43:35,833] {dag.py:1824} INFO - Sync 2 DAGs
[2023-03-21 11:43:35,846] {logging_mixin.py:104} INFO - [2023-03-21 11:43:35,846] {dag.py:2280} INFO - Setting next_dagrun for example_xcom_args to None
[2023-03-21 11:43:35,847] {logging_mixin.py:104} INFO - [2023-03-21 11:43:35,847] {dag.py:2280} INFO - Setting next_dagrun for example_xcom_args_with_operators to None
[2023-03-21 11:43:35,856] {scheduler_job.py:190} INFO - Processing /home/airflow/.local/lib/python3.6/site-packages/airflow/example_dags/example_xcomargs.py took 0.087 seconds
[2023-03-21 11:44:06,208] {scheduler_job.py:182} INFO - Started process (PID=703) to work on /home/airflow/.local/lib/python3.6/site-packages/airflow/example_dags/example_xcomargs.py
[2023-03-21 11:44:06,211] {scheduler_job.py:629} INFO - Processing file /home/airflow/.local/lib/python3.6/site-packages/airflow/example_dags/example_xcomargs.py for tasks to queue
[2023-03-21 11:44:06,213] {logging_mixin.py:104} INFO - [2023-03-21 11:44:06,212] {dagbag.py:451} INFO - Filling up the DagBag from /home/airflow/.local/lib/python3.6/site-packages/airflow/example_dags/example_xcomargs.py
[2023-03-21 11:44:06,233] {scheduler_job.py:639} INFO - DAG(s) dict_keys(['example_xcom_args', 'example_xcom_args_with_operators']) retrieved from /home/airflow/.local/lib/python3.6/site-packages/airflow/example_dags/example_xcomargs.py
[2023-03-21 11:44:06,262] {logging_mixin.py:104} INFO - [2023-03-21 11:44:06,262] {dag.py:1824} INFO - Sync 2 DAGs
[2023-03-21 11:44:06,277] {logging_mixin.py:104} INFO - [2023-03-21 11:44:06,277] {dag.py:2280} INFO - Setting next_dagrun for example_xcom_args to None
[2023-03-21 11:44:06,279] {logging_mixin.py:104} INFO - [2023-03-21 11:44:06,279] {dag.py:2280} INFO - Setting next_dagrun for example_xcom_args_with_operators to None
[2023-03-21 11:44:06,291] {scheduler_job.py:190} INFO - Processing /home/airflow/.local/lib/python3.6/site-packages/airflow/example_dags/example_xcomargs.py took 0.088 seconds
[2023-03-21 11:44:36,595] {scheduler_job.py:182} INFO - Started process (PID=729) to work on /home/airflow/.local/lib/python3.6/site-packages/airflow/example_dags/example_xcomargs.py
[2023-03-21 11:44:36,596] {scheduler_job.py:629} INFO - Processing file /home/airflow/.local/lib/python3.6/site-packages/airflow/example_dags/example_xcomargs.py for tasks to queue
[2023-03-21 11:44:36,597] {logging_mixin.py:104} INFO - [2023-03-21 11:44:36,597] {dagbag.py:451} INFO - Filling up the DagBag from /home/airflow/.local/lib/python3.6/site-packages/airflow/example_dags/example_xcomargs.py
[2023-03-21 11:44:36,609] {scheduler_job.py:639} INFO - DAG(s) dict_keys(['example_xcom_args', 'example_xcom_args_with_operators']) retrieved from /home/airflow/.local/lib/python3.6/site-packages/airflow/example_dags/example_xcomargs.py
[2023-03-21 11:44:36,637] {logging_mixin.py:104} INFO - [2023-03-21 11:44:36,637] {dag.py:1824} INFO - Sync 2 DAGs
[2023-03-21 11:44:36,650] {logging_mixin.py:104} INFO - [2023-03-21 11:44:36,650] {dag.py:2280} INFO - Setting next_dagrun for example_xcom_args to None
[2023-03-21 11:44:36,651] {logging_mixin.py:104} INFO - [2023-03-21 11:44:36,651] {dag.py:2280} INFO - Setting next_dagrun for example_xcom_args_with_operators to None
[2023-03-21 11:44:36,661] {scheduler_job.py:190} INFO - Processing /home/airflow/.local/lib/python3.6/site-packages/airflow/example_dags/example_xcomargs.py took 0.070 seconds
[2023-03-21 11:45:07,058] {scheduler_job.py:182} INFO - Started process (PID=755) to work on /home/airflow/.local/lib/python3.6/site-packages/airflow/example_dags/example_xcomargs.py
[2023-03-21 11:45:07,060] {scheduler_job.py:629} INFO - Processing file /home/airflow/.local/lib/python3.6/site-packages/airflow/example_dags/example_xcomargs.py for tasks to queue
[2023-03-21 11:45:07,061] {logging_mixin.py:104} INFO - [2023-03-21 11:45:07,061] {dagbag.py:451} INFO - Filling up the DagBag from /home/airflow/.local/lib/python3.6/site-packages/airflow/example_dags/example_xcomargs.py
[2023-03-21 11:45:07,075] {scheduler_job.py:639} INFO - DAG(s) dict_keys(['example_xcom_args', 'example_xcom_args_with_operators']) retrieved from /home/airflow/.local/lib/python3.6/site-packages/airflow/example_dags/example_xcomargs.py
[2023-03-21 11:45:07,098] {logging_mixin.py:104} INFO - [2023-03-21 11:45:07,098] {dag.py:1824} INFO - Sync 2 DAGs
[2023-03-21 11:45:07,113] {logging_mixin.py:104} INFO - [2023-03-21 11:45:07,113] {dag.py:2280} INFO - Setting next_dagrun for example_xcom_args to None
[2023-03-21 11:45:07,115] {logging_mixin.py:104} INFO - [2023-03-21 11:45:07,115] {dag.py:2280} INFO - Setting next_dagrun for example_xcom_args_with_operators to None
[2023-03-21 11:45:07,127] {scheduler_job.py:190} INFO - Processing /home/airflow/.local/lib/python3.6/site-packages/airflow/example_dags/example_xcomargs.py took 0.073 seconds
[2023-03-21 11:45:37,899] {scheduler_job.py:182} INFO - Started process (PID=781) to work on /home/airflow/.local/lib/python3.6/site-packages/airflow/example_dags/example_xcomargs.py
[2023-03-21 11:45:37,901] {scheduler_job.py:629} INFO - Processing file /home/airflow/.local/lib/python3.6/site-packages/airflow/example_dags/example_xcomargs.py for tasks to queue
[2023-03-21 11:45:37,903] {logging_mixin.py:104} INFO - [2023-03-21 11:45:37,903] {dagbag.py:451} INFO - Filling up the DagBag from /home/airflow/.local/lib/python3.6/site-packages/airflow/example_dags/example_xcomargs.py
[2023-03-21 11:45:37,924] {scheduler_job.py:639} INFO - DAG(s) dict_keys(['example_xcom_args', 'example_xcom_args_with_operators']) retrieved from /home/airflow/.local/lib/python3.6/site-packages/airflow/example_dags/example_xcomargs.py
[2023-03-21 11:45:37,964] {logging_mixin.py:104} INFO - [2023-03-21 11:45:37,964] {dag.py:1824} INFO - Sync 2 DAGs
[2023-03-21 11:45:37,977] {logging_mixin.py:104} INFO - [2023-03-21 11:45:37,977] {dag.py:2280} INFO - Setting next_dagrun for example_xcom_args to None
[2023-03-21 11:45:37,978] {logging_mixin.py:104} INFO - [2023-03-21 11:45:37,978] {dag.py:2280} INFO - Setting next_dagrun for example_xcom_args_with_operators to None
[2023-03-21 11:45:37,993] {scheduler_job.py:190} INFO - Processing /home/airflow/.local/lib/python3.6/site-packages/airflow/example_dags/example_xcomargs.py took 0.101 seconds
[2023-03-21 11:46:08,393] {scheduler_job.py:182} INFO - Started process (PID=807) to work on /home/airflow/.local/lib/python3.6/site-packages/airflow/example_dags/example_xcomargs.py
[2023-03-21 11:46:08,396] {scheduler_job.py:629} INFO - Processing file /home/airflow/.local/lib/python3.6/site-packages/airflow/example_dags/example_xcomargs.py for tasks to queue
[2023-03-21 11:46:08,398] {logging_mixin.py:104} INFO - [2023-03-21 11:46:08,397] {dagbag.py:451} INFO - Filling up the DagBag from /home/airflow/.local/lib/python3.6/site-packages/airflow/example_dags/example_xcomargs.py
[2023-03-21 11:46:08,419] {scheduler_job.py:639} INFO - DAG(s) dict_keys(['example_xcom_args', 'example_xcom_args_with_operators']) retrieved from /home/airflow/.local/lib/python3.6/site-packages/airflow/example_dags/example_xcomargs.py
[2023-03-21 11:46:08,449] {logging_mixin.py:104} INFO - [2023-03-21 11:46:08,449] {dag.py:1824} INFO - Sync 2 DAGs
[2023-03-21 11:46:08,460] {logging_mixin.py:104} INFO - [2023-03-21 11:46:08,460] {dag.py:2280} INFO - Setting next_dagrun for example_xcom_args to None
[2023-03-21 11:46:08,461] {logging_mixin.py:104} INFO - [2023-03-21 11:46:08,461] {dag.py:2280} INFO - Setting next_dagrun for example_xcom_args_with_operators to None
[2023-03-21 11:46:08,469] {scheduler_job.py:190} INFO - Processing /home/airflow/.local/lib/python3.6/site-packages/airflow/example_dags/example_xcomargs.py took 0.084 seconds
[2023-03-21 11:46:39,078] {scheduler_job.py:182} INFO - Started process (PID=833) to work on /home/airflow/.local/lib/python3.6/site-packages/airflow/example_dags/example_xcomargs.py
[2023-03-21 11:46:39,094] {scheduler_job.py:629} INFO - Processing file /home/airflow/.local/lib/python3.6/site-packages/airflow/example_dags/example_xcomargs.py for tasks to queue
[2023-03-21 11:46:39,099] {logging_mixin.py:104} INFO - [2023-03-21 11:46:39,098] {dagbag.py:451} INFO - Filling up the DagBag from /home/airflow/.local/lib/python3.6/site-packages/airflow/example_dags/example_xcomargs.py
[2023-03-21 11:46:42,354] {logging_mixin.py:104} INFO - [2023-03-21 11:46:42,354] {process_utils.py:206} INFO - Waiting up to 5 seconds for processes to exit...
