[2023-03-21 11:31:20,375] {scheduler_job.py:182} INFO - Started process (PID=50) to work on /home/airflow/.local/lib/python3.6/site-packages/airflow/example_dags/example_skip_dag.py
[2023-03-21 11:31:20,378] {scheduler_job.py:629} INFO - Processing file /home/airflow/.local/lib/python3.6/site-packages/airflow/example_dags/example_skip_dag.py for tasks to queue
[2023-03-21 11:31:20,380] {logging_mixin.py:104} INFO - [2023-03-21 11:31:20,380] {dagbag.py:451} INFO - Filling up the DagBag from /home/airflow/.local/lib/python3.6/site-packages/airflow/example_dags/example_skip_dag.py
[2023-03-21 11:31:20,404] {scheduler_job.py:639} INFO - DAG(s) dict_keys(['example_skip_dag']) retrieved from /home/airflow/.local/lib/python3.6/site-packages/airflow/example_dags/example_skip_dag.py
[2023-03-21 11:31:20,477] {logging_mixin.py:104} INFO - [2023-03-21 11:31:20,476] {dag.py:1824} INFO - Sync 1 DAGs
[2023-03-21 11:31:20,513] {logging_mixin.py:104} INFO - [2023-03-21 11:31:20,511] {dag.py:2280} INFO - Setting next_dagrun for example_skip_dag to 2023-03-19 00:00:00+00:00
[2023-03-21 11:31:20,539] {scheduler_job.py:190} INFO - Processing /home/airflow/.local/lib/python3.6/site-packages/airflow/example_dags/example_skip_dag.py took 0.170 seconds
[2023-03-21 11:31:50,741] {scheduler_job.py:182} INFO - Started process (PID=76) to work on /home/airflow/.local/lib/python3.6/site-packages/airflow/example_dags/example_skip_dag.py
[2023-03-21 11:31:50,742] {scheduler_job.py:629} INFO - Processing file /home/airflow/.local/lib/python3.6/site-packages/airflow/example_dags/example_skip_dag.py for tasks to queue
[2023-03-21 11:31:50,743] {logging_mixin.py:104} INFO - [2023-03-21 11:31:50,743] {dagbag.py:451} INFO - Filling up the DagBag from /home/airflow/.local/lib/python3.6/site-packages/airflow/example_dags/example_skip_dag.py
[2023-03-21 11:31:50,752] {scheduler_job.py:639} INFO - DAG(s) dict_keys(['example_skip_dag']) retrieved from /home/airflow/.local/lib/python3.6/site-packages/airflow/example_dags/example_skip_dag.py
[2023-03-21 11:31:50,772] {logging_mixin.py:104} INFO - [2023-03-21 11:31:50,772] {dag.py:1824} INFO - Sync 1 DAGs
[2023-03-21 11:31:50,785] {logging_mixin.py:104} INFO - [2023-03-21 11:31:50,785] {dag.py:2280} INFO - Setting next_dagrun for example_skip_dag to 2023-03-19 00:00:00+00:00
[2023-03-21 11:31:50,792] {scheduler_job.py:190} INFO - Processing /home/airflow/.local/lib/python3.6/site-packages/airflow/example_dags/example_skip_dag.py took 0.053 seconds
[2023-03-21 11:32:24,565] {scheduler_job.py:182} INFO - Started process (PID=113) to work on /home/airflow/.local/lib/python3.6/site-packages/airflow/example_dags/example_skip_dag.py
[2023-03-21 11:32:24,567] {scheduler_job.py:629} INFO - Processing file /home/airflow/.local/lib/python3.6/site-packages/airflow/example_dags/example_skip_dag.py for tasks to queue
[2023-03-21 11:32:24,568] {logging_mixin.py:104} INFO - [2023-03-21 11:32:24,568] {dagbag.py:451} INFO - Filling up the DagBag from /home/airflow/.local/lib/python3.6/site-packages/airflow/example_dags/example_skip_dag.py
[2023-03-21 11:32:24,592] {scheduler_job.py:639} INFO - DAG(s) dict_keys(['example_skip_dag']) retrieved from /home/airflow/.local/lib/python3.6/site-packages/airflow/example_dags/example_skip_dag.py
[2023-03-21 11:32:24,621] {logging_mixin.py:104} INFO - [2023-03-21 11:32:24,620] {dag.py:1824} INFO - Sync 1 DAGs
[2023-03-21 11:32:24,637] {logging_mixin.py:104} INFO - [2023-03-21 11:32:24,637] {dag.py:2280} INFO - Setting next_dagrun for example_skip_dag to 2023-03-19 00:00:00+00:00
[2023-03-21 11:32:24,646] {scheduler_job.py:190} INFO - Processing /home/airflow/.local/lib/python3.6/site-packages/airflow/example_dags/example_skip_dag.py took 0.084 seconds
[2023-03-21 11:32:54,915] {scheduler_job.py:182} INFO - Started process (PID=136) to work on /home/airflow/.local/lib/python3.6/site-packages/airflow/example_dags/example_skip_dag.py
[2023-03-21 11:32:54,917] {scheduler_job.py:629} INFO - Processing file /home/airflow/.local/lib/python3.6/site-packages/airflow/example_dags/example_skip_dag.py for tasks to queue
[2023-03-21 11:32:54,919] {logging_mixin.py:104} INFO - [2023-03-21 11:32:54,919] {dagbag.py:451} INFO - Filling up the DagBag from /home/airflow/.local/lib/python3.6/site-packages/airflow/example_dags/example_skip_dag.py
[2023-03-21 11:32:54,943] {scheduler_job.py:639} INFO - DAG(s) dict_keys(['example_skip_dag']) retrieved from /home/airflow/.local/lib/python3.6/site-packages/airflow/example_dags/example_skip_dag.py
[2023-03-21 11:32:54,969] {logging_mixin.py:104} INFO - [2023-03-21 11:32:54,969] {dag.py:1824} INFO - Sync 1 DAGs
[2023-03-21 11:32:54,986] {logging_mixin.py:104} INFO - [2023-03-21 11:32:54,986] {dag.py:2280} INFO - Setting next_dagrun for example_skip_dag to 2023-03-19 00:00:00+00:00
[2023-03-21 11:32:54,994] {scheduler_job.py:190} INFO - Processing /home/airflow/.local/lib/python3.6/site-packages/airflow/example_dags/example_skip_dag.py took 0.083 seconds
[2023-03-21 11:33:25,711] {scheduler_job.py:182} INFO - Started process (PID=160) to work on /home/airflow/.local/lib/python3.6/site-packages/airflow/example_dags/example_skip_dag.py
[2023-03-21 11:33:25,715] {scheduler_job.py:629} INFO - Processing file /home/airflow/.local/lib/python3.6/site-packages/airflow/example_dags/example_skip_dag.py for tasks to queue
[2023-03-21 11:33:25,717] {logging_mixin.py:104} INFO - [2023-03-21 11:33:25,716] {dagbag.py:451} INFO - Filling up the DagBag from /home/airflow/.local/lib/python3.6/site-packages/airflow/example_dags/example_skip_dag.py
[2023-03-21 11:33:25,736] {scheduler_job.py:639} INFO - DAG(s) dict_keys(['example_skip_dag']) retrieved from /home/airflow/.local/lib/python3.6/site-packages/airflow/example_dags/example_skip_dag.py
[2023-03-21 11:33:25,764] {logging_mixin.py:104} INFO - [2023-03-21 11:33:25,763] {dag.py:1824} INFO - Sync 1 DAGs
[2023-03-21 11:33:25,784] {logging_mixin.py:104} INFO - [2023-03-21 11:33:25,784] {dag.py:2280} INFO - Setting next_dagrun for example_skip_dag to 2023-03-19 00:00:00+00:00
[2023-03-21 11:33:25,793] {scheduler_job.py:190} INFO - Processing /home/airflow/.local/lib/python3.6/site-packages/airflow/example_dags/example_skip_dag.py took 0.091 seconds
[2023-03-21 11:33:57,390] {scheduler_job.py:182} INFO - Started process (PID=194) to work on /home/airflow/.local/lib/python3.6/site-packages/airflow/example_dags/example_skip_dag.py
[2023-03-21 11:33:57,393] {scheduler_job.py:629} INFO - Processing file /home/airflow/.local/lib/python3.6/site-packages/airflow/example_dags/example_skip_dag.py for tasks to queue
[2023-03-21 11:33:57,396] {logging_mixin.py:104} INFO - [2023-03-21 11:33:57,395] {dagbag.py:451} INFO - Filling up the DagBag from /home/airflow/.local/lib/python3.6/site-packages/airflow/example_dags/example_skip_dag.py
[2023-03-21 11:33:57,437] {scheduler_job.py:639} INFO - DAG(s) dict_keys(['example_skip_dag']) retrieved from /home/airflow/.local/lib/python3.6/site-packages/airflow/example_dags/example_skip_dag.py
[2023-03-21 11:33:57,480] {logging_mixin.py:104} INFO - [2023-03-21 11:33:57,480] {dag.py:1824} INFO - Sync 1 DAGs
[2023-03-21 11:33:57,515] {logging_mixin.py:104} INFO - [2023-03-21 11:33:57,514] {dag.py:2280} INFO - Setting next_dagrun for example_skip_dag to 2023-03-19 00:00:00+00:00
[2023-03-21 11:33:57,530] {scheduler_job.py:190} INFO - Processing /home/airflow/.local/lib/python3.6/site-packages/airflow/example_dags/example_skip_dag.py took 0.147 seconds
[2023-03-21 11:34:28,006] {scheduler_job.py:182} INFO - Started process (PID=216) to work on /home/airflow/.local/lib/python3.6/site-packages/airflow/example_dags/example_skip_dag.py
[2023-03-21 11:34:28,009] {scheduler_job.py:629} INFO - Processing file /home/airflow/.local/lib/python3.6/site-packages/airflow/example_dags/example_skip_dag.py for tasks to queue
[2023-03-21 11:34:28,012] {logging_mixin.py:104} INFO - [2023-03-21 11:34:28,012] {dagbag.py:451} INFO - Filling up the DagBag from /home/airflow/.local/lib/python3.6/site-packages/airflow/example_dags/example_skip_dag.py
[2023-03-21 11:34:28,062] {scheduler_job.py:639} INFO - DAG(s) dict_keys(['example_skip_dag']) retrieved from /home/airflow/.local/lib/python3.6/site-packages/airflow/example_dags/example_skip_dag.py
[2023-03-21 11:34:28,173] {logging_mixin.py:104} INFO - [2023-03-21 11:34:28,172] {dag.py:1824} INFO - Sync 1 DAGs
[2023-03-21 11:34:28,193] {logging_mixin.py:104} INFO - [2023-03-21 11:34:28,193] {dag.py:2280} INFO - Setting next_dagrun for example_skip_dag to 2023-03-19 00:00:00+00:00
[2023-03-21 11:34:28,804] {scheduler_job.py:190} INFO - Processing /home/airflow/.local/lib/python3.6/site-packages/airflow/example_dags/example_skip_dag.py took 0.817 seconds
[2023-03-21 11:34:59,774] {scheduler_job.py:182} INFO - Started process (PID=242) to work on /home/airflow/.local/lib/python3.6/site-packages/airflow/example_dags/example_skip_dag.py
[2023-03-21 11:34:59,776] {scheduler_job.py:629} INFO - Processing file /home/airflow/.local/lib/python3.6/site-packages/airflow/example_dags/example_skip_dag.py for tasks to queue
[2023-03-21 11:34:59,778] {logging_mixin.py:104} INFO - [2023-03-21 11:34:59,778] {dagbag.py:451} INFO - Filling up the DagBag from /home/airflow/.local/lib/python3.6/site-packages/airflow/example_dags/example_skip_dag.py
[2023-03-21 11:34:59,822] {scheduler_job.py:639} INFO - DAG(s) dict_keys(['example_skip_dag']) retrieved from /home/airflow/.local/lib/python3.6/site-packages/airflow/example_dags/example_skip_dag.py
[2023-03-21 11:34:59,879] {logging_mixin.py:104} INFO - [2023-03-21 11:34:59,878] {dag.py:1824} INFO - Sync 1 DAGs
[2023-03-21 11:34:59,898] {logging_mixin.py:104} INFO - [2023-03-21 11:34:59,898] {dag.py:2280} INFO - Setting next_dagrun for example_skip_dag to 2023-03-19 00:00:00+00:00
[2023-03-21 11:34:59,952] {scheduler_job.py:190} INFO - Processing /home/airflow/.local/lib/python3.6/site-packages/airflow/example_dags/example_skip_dag.py took 0.185 seconds
[2023-03-21 11:35:30,068] {scheduler_job.py:182} INFO - Started process (PID=268) to work on /home/airflow/.local/lib/python3.6/site-packages/airflow/example_dags/example_skip_dag.py
[2023-03-21 11:35:30,071] {scheduler_job.py:629} INFO - Processing file /home/airflow/.local/lib/python3.6/site-packages/airflow/example_dags/example_skip_dag.py for tasks to queue
[2023-03-21 11:35:30,074] {logging_mixin.py:104} INFO - [2023-03-21 11:35:30,073] {dagbag.py:451} INFO - Filling up the DagBag from /home/airflow/.local/lib/python3.6/site-packages/airflow/example_dags/example_skip_dag.py
[2023-03-21 11:35:30,106] {scheduler_job.py:639} INFO - DAG(s) dict_keys(['example_skip_dag']) retrieved from /home/airflow/.local/lib/python3.6/site-packages/airflow/example_dags/example_skip_dag.py
[2023-03-21 11:35:30,142] {logging_mixin.py:104} INFO - [2023-03-21 11:35:30,142] {dag.py:1824} INFO - Sync 1 DAGs
[2023-03-21 11:35:30,165] {logging_mixin.py:104} INFO - [2023-03-21 11:35:30,165] {dag.py:2280} INFO - Setting next_dagrun for example_skip_dag to 2023-03-19 00:00:00+00:00
[2023-03-21 11:35:30,237] {scheduler_job.py:190} INFO - Processing /home/airflow/.local/lib/python3.6/site-packages/airflow/example_dags/example_skip_dag.py took 0.175 seconds
[2023-03-21 11:36:00,855] {scheduler_job.py:182} INFO - Started process (PID=294) to work on /home/airflow/.local/lib/python3.6/site-packages/airflow/example_dags/example_skip_dag.py
[2023-03-21 11:36:00,857] {scheduler_job.py:629} INFO - Processing file /home/airflow/.local/lib/python3.6/site-packages/airflow/example_dags/example_skip_dag.py for tasks to queue
[2023-03-21 11:36:00,859] {logging_mixin.py:104} INFO - [2023-03-21 11:36:00,859] {dagbag.py:451} INFO - Filling up the DagBag from /home/airflow/.local/lib/python3.6/site-packages/airflow/example_dags/example_skip_dag.py
[2023-03-21 11:36:00,875] {scheduler_job.py:639} INFO - DAG(s) dict_keys(['example_skip_dag']) retrieved from /home/airflow/.local/lib/python3.6/site-packages/airflow/example_dags/example_skip_dag.py
[2023-03-21 11:36:00,901] {logging_mixin.py:104} INFO - [2023-03-21 11:36:00,901] {dag.py:1824} INFO - Sync 1 DAGs
[2023-03-21 11:36:00,911] {logging_mixin.py:104} INFO - [2023-03-21 11:36:00,910] {dag.py:2280} INFO - Setting next_dagrun for example_skip_dag to 2023-03-19 00:00:00+00:00
[2023-03-21 11:36:00,918] {scheduler_job.py:190} INFO - Processing /home/airflow/.local/lib/python3.6/site-packages/airflow/example_dags/example_skip_dag.py took 0.069 seconds
[2023-03-21 11:36:31,410] {scheduler_job.py:182} INFO - Started process (PID=323) to work on /home/airflow/.local/lib/python3.6/site-packages/airflow/example_dags/example_skip_dag.py
[2023-03-21 11:36:31,411] {scheduler_job.py:629} INFO - Processing file /home/airflow/.local/lib/python3.6/site-packages/airflow/example_dags/example_skip_dag.py for tasks to queue
[2023-03-21 11:36:31,412] {logging_mixin.py:104} INFO - [2023-03-21 11:36:31,412] {dagbag.py:451} INFO - Filling up the DagBag from /home/airflow/.local/lib/python3.6/site-packages/airflow/example_dags/example_skip_dag.py
[2023-03-21 11:36:31,424] {scheduler_job.py:639} INFO - DAG(s) dict_keys(['example_skip_dag']) retrieved from /home/airflow/.local/lib/python3.6/site-packages/airflow/example_dags/example_skip_dag.py
[2023-03-21 11:36:31,442] {logging_mixin.py:104} INFO - [2023-03-21 11:36:31,442] {dag.py:1824} INFO - Sync 1 DAGs
[2023-03-21 11:36:31,452] {logging_mixin.py:104} INFO - [2023-03-21 11:36:31,452] {dag.py:2280} INFO - Setting next_dagrun for example_skip_dag to 2023-03-19 00:00:00+00:00
[2023-03-21 11:36:31,458] {scheduler_job.py:190} INFO - Processing /home/airflow/.local/lib/python3.6/site-packages/airflow/example_dags/example_skip_dag.py took 0.051 seconds
[2023-03-21 11:37:01,734] {scheduler_job.py:182} INFO - Started process (PID=346) to work on /home/airflow/.local/lib/python3.6/site-packages/airflow/example_dags/example_skip_dag.py
[2023-03-21 11:37:01,736] {scheduler_job.py:629} INFO - Processing file /home/airflow/.local/lib/python3.6/site-packages/airflow/example_dags/example_skip_dag.py for tasks to queue
[2023-03-21 11:37:01,738] {logging_mixin.py:104} INFO - [2023-03-21 11:37:01,738] {dagbag.py:451} INFO - Filling up the DagBag from /home/airflow/.local/lib/python3.6/site-packages/airflow/example_dags/example_skip_dag.py
[2023-03-21 11:37:01,760] {scheduler_job.py:639} INFO - DAG(s) dict_keys(['example_skip_dag']) retrieved from /home/airflow/.local/lib/python3.6/site-packages/airflow/example_dags/example_skip_dag.py
[2023-03-21 11:37:01,783] {logging_mixin.py:104} INFO - [2023-03-21 11:37:01,783] {dag.py:1824} INFO - Sync 1 DAGs
[2023-03-21 11:37:01,795] {logging_mixin.py:104} INFO - [2023-03-21 11:37:01,795] {dag.py:2280} INFO - Setting next_dagrun for example_skip_dag to 2023-03-19 00:00:00+00:00
[2023-03-21 11:37:01,803] {scheduler_job.py:190} INFO - Processing /home/airflow/.local/lib/python3.6/site-packages/airflow/example_dags/example_skip_dag.py took 0.076 seconds
[2023-03-21 11:37:32,304] {scheduler_job.py:182} INFO - Started process (PID=375) to work on /home/airflow/.local/lib/python3.6/site-packages/airflow/example_dags/example_skip_dag.py
[2023-03-21 11:37:32,305] {scheduler_job.py:629} INFO - Processing file /home/airflow/.local/lib/python3.6/site-packages/airflow/example_dags/example_skip_dag.py for tasks to queue
[2023-03-21 11:37:32,306] {logging_mixin.py:104} INFO - [2023-03-21 11:37:32,306] {dagbag.py:451} INFO - Filling up the DagBag from /home/airflow/.local/lib/python3.6/site-packages/airflow/example_dags/example_skip_dag.py
[2023-03-21 11:37:32,318] {scheduler_job.py:639} INFO - DAG(s) dict_keys(['example_skip_dag']) retrieved from /home/airflow/.local/lib/python3.6/site-packages/airflow/example_dags/example_skip_dag.py
[2023-03-21 11:37:32,337] {logging_mixin.py:104} INFO - [2023-03-21 11:37:32,337] {dag.py:1824} INFO - Sync 1 DAGs
[2023-03-21 11:37:32,348] {logging_mixin.py:104} INFO - [2023-03-21 11:37:32,348] {dag.py:2280} INFO - Setting next_dagrun for example_skip_dag to 2023-03-19 00:00:00+00:00
[2023-03-21 11:37:32,354] {scheduler_job.py:190} INFO - Processing /home/airflow/.local/lib/python3.6/site-packages/airflow/example_dags/example_skip_dag.py took 0.053 seconds
[2023-03-21 11:38:02,618] {scheduler_job.py:182} INFO - Started process (PID=398) to work on /home/airflow/.local/lib/python3.6/site-packages/airflow/example_dags/example_skip_dag.py
[2023-03-21 11:38:02,622] {scheduler_job.py:629} INFO - Processing file /home/airflow/.local/lib/python3.6/site-packages/airflow/example_dags/example_skip_dag.py for tasks to queue
[2023-03-21 11:38:02,623] {logging_mixin.py:104} INFO - [2023-03-21 11:38:02,623] {dagbag.py:451} INFO - Filling up the DagBag from /home/airflow/.local/lib/python3.6/site-packages/airflow/example_dags/example_skip_dag.py
[2023-03-21 11:38:02,644] {scheduler_job.py:639} INFO - DAG(s) dict_keys(['example_skip_dag']) retrieved from /home/airflow/.local/lib/python3.6/site-packages/airflow/example_dags/example_skip_dag.py
[2023-03-21 11:38:02,666] {logging_mixin.py:104} INFO - [2023-03-21 11:38:02,666] {dag.py:1824} INFO - Sync 1 DAGs
[2023-03-21 11:38:02,676] {logging_mixin.py:104} INFO - [2023-03-21 11:38:02,676] {dag.py:2280} INFO - Setting next_dagrun for example_skip_dag to 2023-03-19 00:00:00+00:00
[2023-03-21 11:38:02,683] {scheduler_job.py:190} INFO - Processing /home/airflow/.local/lib/python3.6/site-packages/airflow/example_dags/example_skip_dag.py took 0.071 seconds
[2023-03-21 11:38:33,158] {scheduler_job.py:182} INFO - Started process (PID=424) to work on /home/airflow/.local/lib/python3.6/site-packages/airflow/example_dags/example_skip_dag.py
[2023-03-21 11:38:33,161] {scheduler_job.py:629} INFO - Processing file /home/airflow/.local/lib/python3.6/site-packages/airflow/example_dags/example_skip_dag.py for tasks to queue
[2023-03-21 11:38:33,171] {logging_mixin.py:104} INFO - [2023-03-21 11:38:33,163] {dagbag.py:451} INFO - Filling up the DagBag from /home/airflow/.local/lib/python3.6/site-packages/airflow/example_dags/example_skip_dag.py
[2023-03-21 11:38:33,184] {scheduler_job.py:639} INFO - DAG(s) dict_keys(['example_skip_dag']) retrieved from /home/airflow/.local/lib/python3.6/site-packages/airflow/example_dags/example_skip_dag.py
[2023-03-21 11:38:33,206] {logging_mixin.py:104} INFO - [2023-03-21 11:38:33,206] {dag.py:1824} INFO - Sync 1 DAGs
[2023-03-21 11:38:33,215] {logging_mixin.py:104} INFO - [2023-03-21 11:38:33,215] {dag.py:2280} INFO - Setting next_dagrun for example_skip_dag to 2023-03-19 00:00:00+00:00
[2023-03-21 11:38:33,222] {scheduler_job.py:190} INFO - Processing /home/airflow/.local/lib/python3.6/site-packages/airflow/example_dags/example_skip_dag.py took 0.070 seconds
[2023-03-21 11:39:03,606] {scheduler_job.py:182} INFO - Started process (PID=450) to work on /home/airflow/.local/lib/python3.6/site-packages/airflow/example_dags/example_skip_dag.py
[2023-03-21 11:39:03,609] {scheduler_job.py:629} INFO - Processing file /home/airflow/.local/lib/python3.6/site-packages/airflow/example_dags/example_skip_dag.py for tasks to queue
[2023-03-21 11:39:03,611] {logging_mixin.py:104} INFO - [2023-03-21 11:39:03,611] {dagbag.py:451} INFO - Filling up the DagBag from /home/airflow/.local/lib/python3.6/site-packages/airflow/example_dags/example_skip_dag.py
[2023-03-21 11:39:03,629] {scheduler_job.py:639} INFO - DAG(s) dict_keys(['example_skip_dag']) retrieved from /home/airflow/.local/lib/python3.6/site-packages/airflow/example_dags/example_skip_dag.py
[2023-03-21 11:39:03,656] {logging_mixin.py:104} INFO - [2023-03-21 11:39:03,656] {dag.py:1824} INFO - Sync 1 DAGs
[2023-03-21 11:39:03,669] {logging_mixin.py:104} INFO - [2023-03-21 11:39:03,669] {dag.py:2280} INFO - Setting next_dagrun for example_skip_dag to 2023-03-19 00:00:00+00:00
[2023-03-21 11:39:03,677] {scheduler_job.py:190} INFO - Processing /home/airflow/.local/lib/python3.6/site-packages/airflow/example_dags/example_skip_dag.py took 0.078 seconds
[2023-03-21 11:39:34,194] {scheduler_job.py:182} INFO - Started process (PID=476) to work on /home/airflow/.local/lib/python3.6/site-packages/airflow/example_dags/example_skip_dag.py
[2023-03-21 11:39:34,197] {scheduler_job.py:629} INFO - Processing file /home/airflow/.local/lib/python3.6/site-packages/airflow/example_dags/example_skip_dag.py for tasks to queue
[2023-03-21 11:39:34,198] {logging_mixin.py:104} INFO - [2023-03-21 11:39:34,198] {dagbag.py:451} INFO - Filling up the DagBag from /home/airflow/.local/lib/python3.6/site-packages/airflow/example_dags/example_skip_dag.py
[2023-03-21 11:39:34,214] {scheduler_job.py:639} INFO - DAG(s) dict_keys(['example_skip_dag']) retrieved from /home/airflow/.local/lib/python3.6/site-packages/airflow/example_dags/example_skip_dag.py
[2023-03-21 11:39:34,238] {logging_mixin.py:104} INFO - [2023-03-21 11:39:34,238] {dag.py:1824} INFO - Sync 1 DAGs
[2023-03-21 11:39:34,249] {logging_mixin.py:104} INFO - [2023-03-21 11:39:34,249] {dag.py:2280} INFO - Setting next_dagrun for example_skip_dag to 2023-03-19 00:00:00+00:00
[2023-03-21 11:39:34,257] {scheduler_job.py:190} INFO - Processing /home/airflow/.local/lib/python3.6/site-packages/airflow/example_dags/example_skip_dag.py took 0.069 seconds
[2023-03-21 11:40:04,754] {scheduler_job.py:182} INFO - Started process (PID=502) to work on /home/airflow/.local/lib/python3.6/site-packages/airflow/example_dags/example_skip_dag.py
[2023-03-21 11:40:04,757] {scheduler_job.py:629} INFO - Processing file /home/airflow/.local/lib/python3.6/site-packages/airflow/example_dags/example_skip_dag.py for tasks to queue
[2023-03-21 11:40:04,758] {logging_mixin.py:104} INFO - [2023-03-21 11:40:04,758] {dagbag.py:451} INFO - Filling up the DagBag from /home/airflow/.local/lib/python3.6/site-packages/airflow/example_dags/example_skip_dag.py
[2023-03-21 11:40:04,777] {scheduler_job.py:639} INFO - DAG(s) dict_keys(['example_skip_dag']) retrieved from /home/airflow/.local/lib/python3.6/site-packages/airflow/example_dags/example_skip_dag.py
[2023-03-21 11:40:04,801] {logging_mixin.py:104} INFO - [2023-03-21 11:40:04,801] {dag.py:1824} INFO - Sync 1 DAGs
[2023-03-21 11:40:04,814] {logging_mixin.py:104} INFO - [2023-03-21 11:40:04,814] {dag.py:2280} INFO - Setting next_dagrun for example_skip_dag to 2023-03-19 00:00:00+00:00
[2023-03-21 11:40:04,824] {scheduler_job.py:190} INFO - Processing /home/airflow/.local/lib/python3.6/site-packages/airflow/example_dags/example_skip_dag.py took 0.077 seconds
[2023-03-21 11:40:35,247] {scheduler_job.py:182} INFO - Started process (PID=528) to work on /home/airflow/.local/lib/python3.6/site-packages/airflow/example_dags/example_skip_dag.py
[2023-03-21 11:40:35,250] {scheduler_job.py:629} INFO - Processing file /home/airflow/.local/lib/python3.6/site-packages/airflow/example_dags/example_skip_dag.py for tasks to queue
[2023-03-21 11:40:35,251] {logging_mixin.py:104} INFO - [2023-03-21 11:40:35,251] {dagbag.py:451} INFO - Filling up the DagBag from /home/airflow/.local/lib/python3.6/site-packages/airflow/example_dags/example_skip_dag.py
[2023-03-21 11:40:35,268] {scheduler_job.py:639} INFO - DAG(s) dict_keys(['example_skip_dag']) retrieved from /home/airflow/.local/lib/python3.6/site-packages/airflow/example_dags/example_skip_dag.py
[2023-03-21 11:40:35,294] {logging_mixin.py:104} INFO - [2023-03-21 11:40:35,294] {dag.py:1824} INFO - Sync 1 DAGs
[2023-03-21 11:40:35,307] {logging_mixin.py:104} INFO - [2023-03-21 11:40:35,307] {dag.py:2280} INFO - Setting next_dagrun for example_skip_dag to 2023-03-19 00:00:00+00:00
[2023-03-21 11:40:35,314] {scheduler_job.py:190} INFO - Processing /home/airflow/.local/lib/python3.6/site-packages/airflow/example_dags/example_skip_dag.py took 0.074 seconds
[2023-03-21 11:41:05,822] {scheduler_job.py:182} INFO - Started process (PID=557) to work on /home/airflow/.local/lib/python3.6/site-packages/airflow/example_dags/example_skip_dag.py
[2023-03-21 11:41:05,824] {scheduler_job.py:629} INFO - Processing file /home/airflow/.local/lib/python3.6/site-packages/airflow/example_dags/example_skip_dag.py for tasks to queue
[2023-03-21 11:41:05,825] {logging_mixin.py:104} INFO - [2023-03-21 11:41:05,824] {dagbag.py:451} INFO - Filling up the DagBag from /home/airflow/.local/lib/python3.6/site-packages/airflow/example_dags/example_skip_dag.py
[2023-03-21 11:41:05,833] {scheduler_job.py:639} INFO - DAG(s) dict_keys(['example_skip_dag']) retrieved from /home/airflow/.local/lib/python3.6/site-packages/airflow/example_dags/example_skip_dag.py
[2023-03-21 11:41:05,852] {logging_mixin.py:104} INFO - [2023-03-21 11:41:05,851] {dag.py:1824} INFO - Sync 1 DAGs
[2023-03-21 11:41:05,863] {logging_mixin.py:104} INFO - [2023-03-21 11:41:05,862] {dag.py:2280} INFO - Setting next_dagrun for example_skip_dag to 2023-03-19 00:00:00+00:00
[2023-03-21 11:41:05,870] {scheduler_job.py:190} INFO - Processing /home/airflow/.local/lib/python3.6/site-packages/airflow/example_dags/example_skip_dag.py took 0.050 seconds
[2023-03-21 11:41:36,282] {scheduler_job.py:182} INFO - Started process (PID=580) to work on /home/airflow/.local/lib/python3.6/site-packages/airflow/example_dags/example_skip_dag.py
[2023-03-21 11:41:36,285] {scheduler_job.py:629} INFO - Processing file /home/airflow/.local/lib/python3.6/site-packages/airflow/example_dags/example_skip_dag.py for tasks to queue
[2023-03-21 11:41:36,286] {logging_mixin.py:104} INFO - [2023-03-21 11:41:36,286] {dagbag.py:451} INFO - Filling up the DagBag from /home/airflow/.local/lib/python3.6/site-packages/airflow/example_dags/example_skip_dag.py
[2023-03-21 11:41:36,301] {scheduler_job.py:639} INFO - DAG(s) dict_keys(['example_skip_dag']) retrieved from /home/airflow/.local/lib/python3.6/site-packages/airflow/example_dags/example_skip_dag.py
[2023-03-21 11:41:36,324] {logging_mixin.py:104} INFO - [2023-03-21 11:41:36,324] {dag.py:1824} INFO - Sync 1 DAGs
[2023-03-21 11:41:36,340] {logging_mixin.py:104} INFO - [2023-03-21 11:41:36,340] {dag.py:2280} INFO - Setting next_dagrun for example_skip_dag to 2023-03-19 00:00:00+00:00
[2023-03-21 11:41:36,349] {scheduler_job.py:190} INFO - Processing /home/airflow/.local/lib/python3.6/site-packages/airflow/example_dags/example_skip_dag.py took 0.073 seconds
[2023-03-21 11:42:06,799] {scheduler_job.py:182} INFO - Started process (PID=606) to work on /home/airflow/.local/lib/python3.6/site-packages/airflow/example_dags/example_skip_dag.py
[2023-03-21 11:42:06,801] {scheduler_job.py:629} INFO - Processing file /home/airflow/.local/lib/python3.6/site-packages/airflow/example_dags/example_skip_dag.py for tasks to queue
[2023-03-21 11:42:06,803] {logging_mixin.py:104} INFO - [2023-03-21 11:42:06,803] {dagbag.py:451} INFO - Filling up the DagBag from /home/airflow/.local/lib/python3.6/site-packages/airflow/example_dags/example_skip_dag.py
[2023-03-21 11:42:06,818] {scheduler_job.py:639} INFO - DAG(s) dict_keys(['example_skip_dag']) retrieved from /home/airflow/.local/lib/python3.6/site-packages/airflow/example_dags/example_skip_dag.py
[2023-03-21 11:42:06,842] {logging_mixin.py:104} INFO - [2023-03-21 11:42:06,842] {dag.py:1824} INFO - Sync 1 DAGs
[2023-03-21 11:42:06,853] {logging_mixin.py:104} INFO - [2023-03-21 11:42:06,853] {dag.py:2280} INFO - Setting next_dagrun for example_skip_dag to 2023-03-19 00:00:00+00:00
[2023-03-21 11:42:06,860] {scheduler_job.py:190} INFO - Processing /home/airflow/.local/lib/python3.6/site-packages/airflow/example_dags/example_skip_dag.py took 0.067 seconds
[2023-03-21 11:42:37,277] {scheduler_job.py:182} INFO - Started process (PID=632) to work on /home/airflow/.local/lib/python3.6/site-packages/airflow/example_dags/example_skip_dag.py
[2023-03-21 11:42:37,281] {scheduler_job.py:629} INFO - Processing file /home/airflow/.local/lib/python3.6/site-packages/airflow/example_dags/example_skip_dag.py for tasks to queue
[2023-03-21 11:42:37,283] {logging_mixin.py:104} INFO - [2023-03-21 11:42:37,283] {dagbag.py:451} INFO - Filling up the DagBag from /home/airflow/.local/lib/python3.6/site-packages/airflow/example_dags/example_skip_dag.py
[2023-03-21 11:42:37,303] {scheduler_job.py:639} INFO - DAG(s) dict_keys(['example_skip_dag']) retrieved from /home/airflow/.local/lib/python3.6/site-packages/airflow/example_dags/example_skip_dag.py
[2023-03-21 11:42:37,333] {logging_mixin.py:104} INFO - [2023-03-21 11:42:37,333] {dag.py:1824} INFO - Sync 1 DAGs
[2023-03-21 11:42:37,346] {logging_mixin.py:104} INFO - [2023-03-21 11:42:37,346] {dag.py:2280} INFO - Setting next_dagrun for example_skip_dag to 2023-03-19 00:00:00+00:00
[2023-03-21 11:42:37,355] {scheduler_job.py:190} INFO - Processing /home/airflow/.local/lib/python3.6/site-packages/airflow/example_dags/example_skip_dag.py took 0.087 seconds
[2023-03-21 11:43:07,739] {scheduler_job.py:182} INFO - Started process (PID=658) to work on /home/airflow/.local/lib/python3.6/site-packages/airflow/example_dags/example_skip_dag.py
[2023-03-21 11:43:07,741] {scheduler_job.py:629} INFO - Processing file /home/airflow/.local/lib/python3.6/site-packages/airflow/example_dags/example_skip_dag.py for tasks to queue
[2023-03-21 11:43:07,743] {logging_mixin.py:104} INFO - [2023-03-21 11:43:07,743] {dagbag.py:451} INFO - Filling up the DagBag from /home/airflow/.local/lib/python3.6/site-packages/airflow/example_dags/example_skip_dag.py
[2023-03-21 11:43:07,759] {scheduler_job.py:639} INFO - DAG(s) dict_keys(['example_skip_dag']) retrieved from /home/airflow/.local/lib/python3.6/site-packages/airflow/example_dags/example_skip_dag.py
[2023-03-21 11:43:07,782] {logging_mixin.py:104} INFO - [2023-03-21 11:43:07,782] {dag.py:1824} INFO - Sync 1 DAGs
[2023-03-21 11:43:07,792] {logging_mixin.py:104} INFO - [2023-03-21 11:43:07,792] {dag.py:2280} INFO - Setting next_dagrun for example_skip_dag to 2023-03-19 00:00:00+00:00
[2023-03-21 11:43:07,799] {scheduler_job.py:190} INFO - Processing /home/airflow/.local/lib/python3.6/site-packages/airflow/example_dags/example_skip_dag.py took 0.066 seconds
[2023-03-21 11:43:38,227] {scheduler_job.py:182} INFO - Started process (PID=687) to work on /home/airflow/.local/lib/python3.6/site-packages/airflow/example_dags/example_skip_dag.py
[2023-03-21 11:43:38,229] {scheduler_job.py:629} INFO - Processing file /home/airflow/.local/lib/python3.6/site-packages/airflow/example_dags/example_skip_dag.py for tasks to queue
[2023-03-21 11:43:38,229] {logging_mixin.py:104} INFO - [2023-03-21 11:43:38,229] {dagbag.py:451} INFO - Filling up the DagBag from /home/airflow/.local/lib/python3.6/site-packages/airflow/example_dags/example_skip_dag.py
[2023-03-21 11:43:38,237] {scheduler_job.py:639} INFO - DAG(s) dict_keys(['example_skip_dag']) retrieved from /home/airflow/.local/lib/python3.6/site-packages/airflow/example_dags/example_skip_dag.py
[2023-03-21 11:43:38,256] {logging_mixin.py:104} INFO - [2023-03-21 11:43:38,256] {dag.py:1824} INFO - Sync 1 DAGs
[2023-03-21 11:43:38,267] {logging_mixin.py:104} INFO - [2023-03-21 11:43:38,267] {dag.py:2280} INFO - Setting next_dagrun for example_skip_dag to 2023-03-19 00:00:00+00:00
[2023-03-21 11:43:38,274] {scheduler_job.py:190} INFO - Processing /home/airflow/.local/lib/python3.6/site-packages/airflow/example_dags/example_skip_dag.py took 0.050 seconds
[2023-03-21 11:44:08,539] {scheduler_job.py:182} INFO - Started process (PID=710) to work on /home/airflow/.local/lib/python3.6/site-packages/airflow/example_dags/example_skip_dag.py
[2023-03-21 11:44:08,541] {scheduler_job.py:629} INFO - Processing file /home/airflow/.local/lib/python3.6/site-packages/airflow/example_dags/example_skip_dag.py for tasks to queue
[2023-03-21 11:44:08,543] {logging_mixin.py:104} INFO - [2023-03-21 11:44:08,543] {dagbag.py:451} INFO - Filling up the DagBag from /home/airflow/.local/lib/python3.6/site-packages/airflow/example_dags/example_skip_dag.py
[2023-03-21 11:44:08,561] {scheduler_job.py:639} INFO - DAG(s) dict_keys(['example_skip_dag']) retrieved from /home/airflow/.local/lib/python3.6/site-packages/airflow/example_dags/example_skip_dag.py
[2023-03-21 11:44:08,585] {logging_mixin.py:104} INFO - [2023-03-21 11:44:08,585] {dag.py:1824} INFO - Sync 1 DAGs
[2023-03-21 11:44:08,598] {logging_mixin.py:104} INFO - [2023-03-21 11:44:08,598] {dag.py:2280} INFO - Setting next_dagrun for example_skip_dag to 2023-03-19 00:00:00+00:00
[2023-03-21 11:44:08,606] {scheduler_job.py:190} INFO - Processing /home/airflow/.local/lib/python3.6/site-packages/airflow/example_dags/example_skip_dag.py took 0.074 seconds
[2023-03-21 11:44:39,066] {scheduler_job.py:182} INFO - Started process (PID=739) to work on /home/airflow/.local/lib/python3.6/site-packages/airflow/example_dags/example_skip_dag.py
[2023-03-21 11:44:39,067] {scheduler_job.py:629} INFO - Processing file /home/airflow/.local/lib/python3.6/site-packages/airflow/example_dags/example_skip_dag.py for tasks to queue
[2023-03-21 11:44:39,069] {logging_mixin.py:104} INFO - [2023-03-21 11:44:39,069] {dagbag.py:451} INFO - Filling up the DagBag from /home/airflow/.local/lib/python3.6/site-packages/airflow/example_dags/example_skip_dag.py
[2023-03-21 11:44:39,077] {scheduler_job.py:639} INFO - DAG(s) dict_keys(['example_skip_dag']) retrieved from /home/airflow/.local/lib/python3.6/site-packages/airflow/example_dags/example_skip_dag.py
[2023-03-21 11:44:39,097] {logging_mixin.py:104} INFO - [2023-03-21 11:44:39,097] {dag.py:1824} INFO - Sync 1 DAGs
[2023-03-21 11:44:39,108] {logging_mixin.py:104} INFO - [2023-03-21 11:44:39,107] {dag.py:2280} INFO - Setting next_dagrun for example_skip_dag to 2023-03-19 00:00:00+00:00
[2023-03-21 11:44:39,114] {scheduler_job.py:190} INFO - Processing /home/airflow/.local/lib/python3.6/site-packages/airflow/example_dags/example_skip_dag.py took 0.050 seconds
[2023-03-21 11:45:09,411] {scheduler_job.py:182} INFO - Started process (PID=762) to work on /home/airflow/.local/lib/python3.6/site-packages/airflow/example_dags/example_skip_dag.py
[2023-03-21 11:45:09,414] {scheduler_job.py:629} INFO - Processing file /home/airflow/.local/lib/python3.6/site-packages/airflow/example_dags/example_skip_dag.py for tasks to queue
[2023-03-21 11:45:09,417] {logging_mixin.py:104} INFO - [2023-03-21 11:45:09,417] {dagbag.py:451} INFO - Filling up the DagBag from /home/airflow/.local/lib/python3.6/site-packages/airflow/example_dags/example_skip_dag.py
[2023-03-21 11:45:09,450] {scheduler_job.py:639} INFO - DAG(s) dict_keys(['example_skip_dag']) retrieved from /home/airflow/.local/lib/python3.6/site-packages/airflow/example_dags/example_skip_dag.py
[2023-03-21 11:45:09,529] {logging_mixin.py:104} INFO - [2023-03-21 11:45:09,529] {dag.py:1824} INFO - Sync 1 DAGs
[2023-03-21 11:45:09,585] {logging_mixin.py:104} INFO - [2023-03-21 11:45:09,585] {dag.py:2280} INFO - Setting next_dagrun for example_skip_dag to 2023-03-19 00:00:00+00:00
[2023-03-21 11:45:09,603] {scheduler_job.py:190} INFO - Processing /home/airflow/.local/lib/python3.6/site-packages/airflow/example_dags/example_skip_dag.py took 0.208 seconds
[2023-03-21 11:45:40,258] {scheduler_job.py:182} INFO - Started process (PID=788) to work on /home/airflow/.local/lib/python3.6/site-packages/airflow/example_dags/example_skip_dag.py
[2023-03-21 11:45:40,260] {scheduler_job.py:629} INFO - Processing file /home/airflow/.local/lib/python3.6/site-packages/airflow/example_dags/example_skip_dag.py for tasks to queue
[2023-03-21 11:45:40,262] {logging_mixin.py:104} INFO - [2023-03-21 11:45:40,262] {dagbag.py:451} INFO - Filling up the DagBag from /home/airflow/.local/lib/python3.6/site-packages/airflow/example_dags/example_skip_dag.py
[2023-03-21 11:45:40,277] {scheduler_job.py:639} INFO - DAG(s) dict_keys(['example_skip_dag']) retrieved from /home/airflow/.local/lib/python3.6/site-packages/airflow/example_dags/example_skip_dag.py
[2023-03-21 11:45:40,300] {logging_mixin.py:104} INFO - [2023-03-21 11:45:40,300] {dag.py:1824} INFO - Sync 1 DAGs
[2023-03-21 11:45:40,311] {logging_mixin.py:104} INFO - [2023-03-21 11:45:40,311] {dag.py:2280} INFO - Setting next_dagrun for example_skip_dag to 2023-03-19 00:00:00+00:00
[2023-03-21 11:45:40,318] {scheduler_job.py:190} INFO - Processing /home/airflow/.local/lib/python3.6/site-packages/airflow/example_dags/example_skip_dag.py took 0.068 seconds
[2023-03-21 11:46:10,724] {scheduler_job.py:182} INFO - Started process (PID=814) to work on /home/airflow/.local/lib/python3.6/site-packages/airflow/example_dags/example_skip_dag.py
[2023-03-21 11:46:10,727] {scheduler_job.py:629} INFO - Processing file /home/airflow/.local/lib/python3.6/site-packages/airflow/example_dags/example_skip_dag.py for tasks to queue
[2023-03-21 11:46:10,729] {logging_mixin.py:104} INFO - [2023-03-21 11:46:10,728] {dagbag.py:451} INFO - Filling up the DagBag from /home/airflow/.local/lib/python3.6/site-packages/airflow/example_dags/example_skip_dag.py
[2023-03-21 11:46:10,745] {scheduler_job.py:639} INFO - DAG(s) dict_keys(['example_skip_dag']) retrieved from /home/airflow/.local/lib/python3.6/site-packages/airflow/example_dags/example_skip_dag.py
[2023-03-21 11:46:10,769] {logging_mixin.py:104} INFO - [2023-03-21 11:46:10,769] {dag.py:1824} INFO - Sync 1 DAGs
[2023-03-21 11:46:10,781] {logging_mixin.py:104} INFO - [2023-03-21 11:46:10,781] {dag.py:2280} INFO - Setting next_dagrun for example_skip_dag to 2023-03-19 00:00:00+00:00
[2023-03-21 11:46:10,788] {scheduler_job.py:190} INFO - Processing /home/airflow/.local/lib/python3.6/site-packages/airflow/example_dags/example_skip_dag.py took 0.073 seconds
