[2023-03-21 11:31:21,189] {scheduler_job.py:182} INFO - Started process (PID=56) to work on /home/airflow/.local/lib/python3.6/site-packages/airflow/example_dags/example_nested_branch_dag.py
[2023-03-21 11:31:21,195] {scheduler_job.py:629} INFO - Processing file /home/airflow/.local/lib/python3.6/site-packages/airflow/example_dags/example_nested_branch_dag.py for tasks to queue
[2023-03-21 11:31:21,200] {logging_mixin.py:104} INFO - [2023-03-21 11:31:21,199] {dagbag.py:451} INFO - Filling up the DagBag from /home/airflow/.local/lib/python3.6/site-packages/airflow/example_dags/example_nested_branch_dag.py
[2023-03-21 11:31:21,225] {scheduler_job.py:639} INFO - DAG(s) dict_keys(['example_nested_branch_dag']) retrieved from /home/airflow/.local/lib/python3.6/site-packages/airflow/example_dags/example_nested_branch_dag.py
[2023-03-21 11:31:21,314] {logging_mixin.py:104} INFO - [2023-03-21 11:31:21,313] {dag.py:1824} INFO - Sync 1 DAGs
[2023-03-21 11:31:21,350] {logging_mixin.py:104} INFO - [2023-03-21 11:31:21,350] {dag.py:2280} INFO - Setting next_dagrun for example_nested_branch_dag to 2023-03-19 00:00:00+00:00
[2023-03-21 11:31:21,373] {scheduler_job.py:190} INFO - Processing /home/airflow/.local/lib/python3.6/site-packages/airflow/example_dags/example_nested_branch_dag.py took 0.198 seconds
[2023-03-21 11:31:52,011] {scheduler_job.py:182} INFO - Started process (PID=80) to work on /home/airflow/.local/lib/python3.6/site-packages/airflow/example_dags/example_nested_branch_dag.py
[2023-03-21 11:31:52,013] {scheduler_job.py:629} INFO - Processing file /home/airflow/.local/lib/python3.6/site-packages/airflow/example_dags/example_nested_branch_dag.py for tasks to queue
[2023-03-21 11:31:52,014] {logging_mixin.py:104} INFO - [2023-03-21 11:31:52,014] {dagbag.py:451} INFO - Filling up the DagBag from /home/airflow/.local/lib/python3.6/site-packages/airflow/example_dags/example_nested_branch_dag.py
[2023-03-21 11:31:52,040] {scheduler_job.py:639} INFO - DAG(s) dict_keys(['example_nested_branch_dag']) retrieved from /home/airflow/.local/lib/python3.6/site-packages/airflow/example_dags/example_nested_branch_dag.py
[2023-03-21 11:31:52,072] {logging_mixin.py:104} INFO - [2023-03-21 11:31:52,072] {dag.py:1824} INFO - Sync 1 DAGs
[2023-03-21 11:31:52,101] {logging_mixin.py:104} INFO - [2023-03-21 11:31:52,100] {dag.py:2280} INFO - Setting next_dagrun for example_nested_branch_dag to 2023-03-19 00:00:00+00:00
[2023-03-21 11:31:52,112] {scheduler_job.py:190} INFO - Processing /home/airflow/.local/lib/python3.6/site-packages/airflow/example_dags/example_nested_branch_dag.py took 0.107 seconds
[2023-03-21 11:32:24,900] {scheduler_job.py:182} INFO - Started process (PID=119) to work on /home/airflow/.local/lib/python3.6/site-packages/airflow/example_dags/example_nested_branch_dag.py
[2023-03-21 11:32:24,902] {scheduler_job.py:629} INFO - Processing file /home/airflow/.local/lib/python3.6/site-packages/airflow/example_dags/example_nested_branch_dag.py for tasks to queue
[2023-03-21 11:32:24,904] {logging_mixin.py:104} INFO - [2023-03-21 11:32:24,903] {dagbag.py:451} INFO - Filling up the DagBag from /home/airflow/.local/lib/python3.6/site-packages/airflow/example_dags/example_nested_branch_dag.py
[2023-03-21 11:32:24,919] {scheduler_job.py:639} INFO - DAG(s) dict_keys(['example_nested_branch_dag']) retrieved from /home/airflow/.local/lib/python3.6/site-packages/airflow/example_dags/example_nested_branch_dag.py
[2023-03-21 11:32:24,951] {logging_mixin.py:104} INFO - [2023-03-21 11:32:24,951] {dag.py:1824} INFO - Sync 1 DAGs
[2023-03-21 11:32:24,974] {logging_mixin.py:104} INFO - [2023-03-21 11:32:24,974] {dag.py:2280} INFO - Setting next_dagrun for example_nested_branch_dag to 2023-03-19 00:00:00+00:00
[2023-03-21 11:32:24,986] {scheduler_job.py:190} INFO - Processing /home/airflow/.local/lib/python3.6/site-packages/airflow/example_dags/example_nested_branch_dag.py took 0.088 seconds
[2023-03-21 11:32:55,485] {scheduler_job.py:182} INFO - Started process (PID=145) to work on /home/airflow/.local/lib/python3.6/site-packages/airflow/example_dags/example_nested_branch_dag.py
[2023-03-21 11:32:55,487] {scheduler_job.py:629} INFO - Processing file /home/airflow/.local/lib/python3.6/site-packages/airflow/example_dags/example_nested_branch_dag.py for tasks to queue
[2023-03-21 11:32:55,489] {logging_mixin.py:104} INFO - [2023-03-21 11:32:55,489] {dagbag.py:451} INFO - Filling up the DagBag from /home/airflow/.local/lib/python3.6/site-packages/airflow/example_dags/example_nested_branch_dag.py
[2023-03-21 11:32:55,506] {scheduler_job.py:639} INFO - DAG(s) dict_keys(['example_nested_branch_dag']) retrieved from /home/airflow/.local/lib/python3.6/site-packages/airflow/example_dags/example_nested_branch_dag.py
[2023-03-21 11:32:55,543] {logging_mixin.py:104} INFO - [2023-03-21 11:32:55,543] {dag.py:1824} INFO - Sync 1 DAGs
[2023-03-21 11:32:55,563] {logging_mixin.py:104} INFO - [2023-03-21 11:32:55,563] {dag.py:2280} INFO - Setting next_dagrun for example_nested_branch_dag to 2023-03-19 00:00:00+00:00
[2023-03-21 11:32:55,574] {scheduler_job.py:190} INFO - Processing /home/airflow/.local/lib/python3.6/site-packages/airflow/example_dags/example_nested_branch_dag.py took 0.092 seconds
[2023-03-21 11:33:26,087] {scheduler_job.py:182} INFO - Started process (PID=169) to work on /home/airflow/.local/lib/python3.6/site-packages/airflow/example_dags/example_nested_branch_dag.py
[2023-03-21 11:33:26,089] {scheduler_job.py:629} INFO - Processing file /home/airflow/.local/lib/python3.6/site-packages/airflow/example_dags/example_nested_branch_dag.py for tasks to queue
[2023-03-21 11:33:26,089] {logging_mixin.py:104} INFO - [2023-03-21 11:33:26,089] {dagbag.py:451} INFO - Filling up the DagBag from /home/airflow/.local/lib/python3.6/site-packages/airflow/example_dags/example_nested_branch_dag.py
[2023-03-21 11:33:26,103] {scheduler_job.py:639} INFO - DAG(s) dict_keys(['example_nested_branch_dag']) retrieved from /home/airflow/.local/lib/python3.6/site-packages/airflow/example_dags/example_nested_branch_dag.py
[2023-03-21 11:33:26,130] {logging_mixin.py:104} INFO - [2023-03-21 11:33:26,130] {dag.py:1824} INFO - Sync 1 DAGs
[2023-03-21 11:33:26,146] {logging_mixin.py:104} INFO - [2023-03-21 11:33:26,146] {dag.py:2280} INFO - Setting next_dagrun for example_nested_branch_dag to 2023-03-19 00:00:00+00:00
[2023-03-21 11:33:26,153] {scheduler_job.py:190} INFO - Processing /home/airflow/.local/lib/python3.6/site-packages/airflow/example_dags/example_nested_branch_dag.py took 0.068 seconds
[2023-03-21 11:33:58,035] {scheduler_job.py:182} INFO - Started process (PID=200) to work on /home/airflow/.local/lib/python3.6/site-packages/airflow/example_dags/example_nested_branch_dag.py
[2023-03-21 11:33:58,039] {scheduler_job.py:629} INFO - Processing file /home/airflow/.local/lib/python3.6/site-packages/airflow/example_dags/example_nested_branch_dag.py for tasks to queue
[2023-03-21 11:33:58,041] {logging_mixin.py:104} INFO - [2023-03-21 11:33:58,041] {dagbag.py:451} INFO - Filling up the DagBag from /home/airflow/.local/lib/python3.6/site-packages/airflow/example_dags/example_nested_branch_dag.py
[2023-03-21 11:33:58,066] {scheduler_job.py:639} INFO - DAG(s) dict_keys(['example_nested_branch_dag']) retrieved from /home/airflow/.local/lib/python3.6/site-packages/airflow/example_dags/example_nested_branch_dag.py
[2023-03-21 11:33:58,126] {logging_mixin.py:104} INFO - [2023-03-21 11:33:58,126] {dag.py:1824} INFO - Sync 1 DAGs
[2023-03-21 11:33:58,188] {logging_mixin.py:104} INFO - [2023-03-21 11:33:58,187] {dag.py:2280} INFO - Setting next_dagrun for example_nested_branch_dag to 2023-03-19 00:00:00+00:00
[2023-03-21 11:33:58,205] {scheduler_job.py:190} INFO - Processing /home/airflow/.local/lib/python3.6/site-packages/airflow/example_dags/example_nested_branch_dag.py took 0.172 seconds
[2023-03-21 11:34:29,251] {scheduler_job.py:182} INFO - Started process (PID=225) to work on /home/airflow/.local/lib/python3.6/site-packages/airflow/example_dags/example_nested_branch_dag.py
[2023-03-21 11:34:29,253] {scheduler_job.py:629} INFO - Processing file /home/airflow/.local/lib/python3.6/site-packages/airflow/example_dags/example_nested_branch_dag.py for tasks to queue
[2023-03-21 11:34:29,255] {logging_mixin.py:104} INFO - [2023-03-21 11:34:29,254] {dagbag.py:451} INFO - Filling up the DagBag from /home/airflow/.local/lib/python3.6/site-packages/airflow/example_dags/example_nested_branch_dag.py
[2023-03-21 11:34:29,270] {scheduler_job.py:639} INFO - DAG(s) dict_keys(['example_nested_branch_dag']) retrieved from /home/airflow/.local/lib/python3.6/site-packages/airflow/example_dags/example_nested_branch_dag.py
[2023-03-21 11:34:29,294] {logging_mixin.py:104} INFO - [2023-03-21 11:34:29,294] {dag.py:1824} INFO - Sync 1 DAGs
[2023-03-21 11:34:29,313] {logging_mixin.py:104} INFO - [2023-03-21 11:34:29,312] {dag.py:2280} INFO - Setting next_dagrun for example_nested_branch_dag to 2023-03-19 00:00:00+00:00
[2023-03-21 11:34:29,320] {scheduler_job.py:190} INFO - Processing /home/airflow/.local/lib/python3.6/site-packages/airflow/example_dags/example_nested_branch_dag.py took 0.072 seconds
[2023-03-21 11:35:00,362] {scheduler_job.py:182} INFO - Started process (PID=249) to work on /home/airflow/.local/lib/python3.6/site-packages/airflow/example_dags/example_nested_branch_dag.py
[2023-03-21 11:35:00,364] {scheduler_job.py:629} INFO - Processing file /home/airflow/.local/lib/python3.6/site-packages/airflow/example_dags/example_nested_branch_dag.py for tasks to queue
[2023-03-21 11:35:00,365] {logging_mixin.py:104} INFO - [2023-03-21 11:35:00,365] {dagbag.py:451} INFO - Filling up the DagBag from /home/airflow/.local/lib/python3.6/site-packages/airflow/example_dags/example_nested_branch_dag.py
[2023-03-21 11:35:00,381] {scheduler_job.py:639} INFO - DAG(s) dict_keys(['example_nested_branch_dag']) retrieved from /home/airflow/.local/lib/python3.6/site-packages/airflow/example_dags/example_nested_branch_dag.py
[2023-03-21 11:35:00,406] {logging_mixin.py:104} INFO - [2023-03-21 11:35:00,406] {dag.py:1824} INFO - Sync 1 DAGs
[2023-03-21 11:35:00,424] {logging_mixin.py:104} INFO - [2023-03-21 11:35:00,424] {dag.py:2280} INFO - Setting next_dagrun for example_nested_branch_dag to 2023-03-19 00:00:00+00:00
[2023-03-21 11:35:00,431] {scheduler_job.py:190} INFO - Processing /home/airflow/.local/lib/python3.6/site-packages/airflow/example_dags/example_nested_branch_dag.py took 0.072 seconds
[2023-03-21 11:35:30,566] {scheduler_job.py:182} INFO - Started process (PID=275) to work on /home/airflow/.local/lib/python3.6/site-packages/airflow/example_dags/example_nested_branch_dag.py
[2023-03-21 11:35:30,567] {scheduler_job.py:629} INFO - Processing file /home/airflow/.local/lib/python3.6/site-packages/airflow/example_dags/example_nested_branch_dag.py for tasks to queue
[2023-03-21 11:35:30,568] {logging_mixin.py:104} INFO - [2023-03-21 11:35:30,568] {dagbag.py:451} INFO - Filling up the DagBag from /home/airflow/.local/lib/python3.6/site-packages/airflow/example_dags/example_nested_branch_dag.py
[2023-03-21 11:35:30,595] {scheduler_job.py:639} INFO - DAG(s) dict_keys(['example_nested_branch_dag']) retrieved from /home/airflow/.local/lib/python3.6/site-packages/airflow/example_dags/example_nested_branch_dag.py
[2023-03-21 11:35:30,620] {logging_mixin.py:104} INFO - [2023-03-21 11:35:30,620] {dag.py:1824} INFO - Sync 1 DAGs
[2023-03-21 11:35:30,641] {logging_mixin.py:104} INFO - [2023-03-21 11:35:30,640] {dag.py:2280} INFO - Setting next_dagrun for example_nested_branch_dag to 2023-03-19 00:00:00+00:00
[2023-03-21 11:35:30,648] {scheduler_job.py:190} INFO - Processing /home/airflow/.local/lib/python3.6/site-packages/airflow/example_dags/example_nested_branch_dag.py took 0.085 seconds
[2023-03-21 11:36:01,159] {scheduler_job.py:182} INFO - Started process (PID=300) to work on /home/airflow/.local/lib/python3.6/site-packages/airflow/example_dags/example_nested_branch_dag.py
[2023-03-21 11:36:01,160] {scheduler_job.py:629} INFO - Processing file /home/airflow/.local/lib/python3.6/site-packages/airflow/example_dags/example_nested_branch_dag.py for tasks to queue
[2023-03-21 11:36:01,161] {logging_mixin.py:104} INFO - [2023-03-21 11:36:01,161] {dagbag.py:451} INFO - Filling up the DagBag from /home/airflow/.local/lib/python3.6/site-packages/airflow/example_dags/example_nested_branch_dag.py
[2023-03-21 11:36:01,178] {scheduler_job.py:639} INFO - DAG(s) dict_keys(['example_nested_branch_dag']) retrieved from /home/airflow/.local/lib/python3.6/site-packages/airflow/example_dags/example_nested_branch_dag.py
[2023-03-21 11:36:01,195] {logging_mixin.py:104} INFO - [2023-03-21 11:36:01,195] {dag.py:1824} INFO - Sync 1 DAGs
[2023-03-21 11:36:01,210] {logging_mixin.py:104} INFO - [2023-03-21 11:36:01,210] {dag.py:2280} INFO - Setting next_dagrun for example_nested_branch_dag to 2023-03-19 00:00:00+00:00
[2023-03-21 11:36:01,217] {scheduler_job.py:190} INFO - Processing /home/airflow/.local/lib/python3.6/site-packages/airflow/example_dags/example_nested_branch_dag.py took 0.061 seconds
[2023-03-21 11:36:31,553] {scheduler_job.py:182} INFO - Started process (PID=326) to work on /home/airflow/.local/lib/python3.6/site-packages/airflow/example_dags/example_nested_branch_dag.py
[2023-03-21 11:36:31,554] {scheduler_job.py:629} INFO - Processing file /home/airflow/.local/lib/python3.6/site-packages/airflow/example_dags/example_nested_branch_dag.py for tasks to queue
[2023-03-21 11:36:31,555] {logging_mixin.py:104} INFO - [2023-03-21 11:36:31,555] {dagbag.py:451} INFO - Filling up the DagBag from /home/airflow/.local/lib/python3.6/site-packages/airflow/example_dags/example_nested_branch_dag.py
[2023-03-21 11:36:31,572] {scheduler_job.py:639} INFO - DAG(s) dict_keys(['example_nested_branch_dag']) retrieved from /home/airflow/.local/lib/python3.6/site-packages/airflow/example_dags/example_nested_branch_dag.py
[2023-03-21 11:36:31,591] {logging_mixin.py:104} INFO - [2023-03-21 11:36:31,591] {dag.py:1824} INFO - Sync 1 DAGs
[2023-03-21 11:36:31,606] {logging_mixin.py:104} INFO - [2023-03-21 11:36:31,606] {dag.py:2280} INFO - Setting next_dagrun for example_nested_branch_dag to 2023-03-19 00:00:00+00:00
[2023-03-21 11:36:31,613] {scheduler_job.py:190} INFO - Processing /home/airflow/.local/lib/python3.6/site-packages/airflow/example_dags/example_nested_branch_dag.py took 0.063 seconds
[2023-03-21 11:37:01,976] {scheduler_job.py:182} INFO - Started process (PID=351) to work on /home/airflow/.local/lib/python3.6/site-packages/airflow/example_dags/example_nested_branch_dag.py
[2023-03-21 11:37:01,977] {scheduler_job.py:629} INFO - Processing file /home/airflow/.local/lib/python3.6/site-packages/airflow/example_dags/example_nested_branch_dag.py for tasks to queue
[2023-03-21 11:37:01,978] {logging_mixin.py:104} INFO - [2023-03-21 11:37:01,978] {dagbag.py:451} INFO - Filling up the DagBag from /home/airflow/.local/lib/python3.6/site-packages/airflow/example_dags/example_nested_branch_dag.py
[2023-03-21 11:37:01,993] {scheduler_job.py:639} INFO - DAG(s) dict_keys(['example_nested_branch_dag']) retrieved from /home/airflow/.local/lib/python3.6/site-packages/airflow/example_dags/example_nested_branch_dag.py
[2023-03-21 11:37:02,011] {logging_mixin.py:104} INFO - [2023-03-21 11:37:02,011] {dag.py:1824} INFO - Sync 1 DAGs
[2023-03-21 11:37:02,025] {logging_mixin.py:104} INFO - [2023-03-21 11:37:02,025] {dag.py:2280} INFO - Setting next_dagrun for example_nested_branch_dag to 2023-03-19 00:00:00+00:00
[2023-03-21 11:37:02,032] {scheduler_job.py:190} INFO - Processing /home/airflow/.local/lib/python3.6/site-packages/airflow/example_dags/example_nested_branch_dag.py took 0.059 seconds
[2023-03-21 11:37:32,377] {scheduler_job.py:182} INFO - Started process (PID=377) to work on /home/airflow/.local/lib/python3.6/site-packages/airflow/example_dags/example_nested_branch_dag.py
[2023-03-21 11:37:32,379] {scheduler_job.py:629} INFO - Processing file /home/airflow/.local/lib/python3.6/site-packages/airflow/example_dags/example_nested_branch_dag.py for tasks to queue
[2023-03-21 11:37:32,380] {logging_mixin.py:104} INFO - [2023-03-21 11:37:32,379] {dagbag.py:451} INFO - Filling up the DagBag from /home/airflow/.local/lib/python3.6/site-packages/airflow/example_dags/example_nested_branch_dag.py
[2023-03-21 11:37:32,395] {scheduler_job.py:639} INFO - DAG(s) dict_keys(['example_nested_branch_dag']) retrieved from /home/airflow/.local/lib/python3.6/site-packages/airflow/example_dags/example_nested_branch_dag.py
[2023-03-21 11:37:32,414] {logging_mixin.py:104} INFO - [2023-03-21 11:37:32,414] {dag.py:1824} INFO - Sync 1 DAGs
[2023-03-21 11:37:32,428] {logging_mixin.py:104} INFO - [2023-03-21 11:37:32,428] {dag.py:2280} INFO - Setting next_dagrun for example_nested_branch_dag to 2023-03-19 00:00:00+00:00
[2023-03-21 11:37:32,435] {scheduler_job.py:190} INFO - Processing /home/airflow/.local/lib/python3.6/site-packages/airflow/example_dags/example_nested_branch_dag.py took 0.060 seconds
[2023-03-21 11:38:02,852] {scheduler_job.py:182} INFO - Started process (PID=403) to work on /home/airflow/.local/lib/python3.6/site-packages/airflow/example_dags/example_nested_branch_dag.py
[2023-03-21 11:38:02,854] {scheduler_job.py:629} INFO - Processing file /home/airflow/.local/lib/python3.6/site-packages/airflow/example_dags/example_nested_branch_dag.py for tasks to queue
[2023-03-21 11:38:02,855] {logging_mixin.py:104} INFO - [2023-03-21 11:38:02,855] {dagbag.py:451} INFO - Filling up the DagBag from /home/airflow/.local/lib/python3.6/site-packages/airflow/example_dags/example_nested_branch_dag.py
[2023-03-21 11:38:02,870] {scheduler_job.py:639} INFO - DAG(s) dict_keys(['example_nested_branch_dag']) retrieved from /home/airflow/.local/lib/python3.6/site-packages/airflow/example_dags/example_nested_branch_dag.py
[2023-03-21 11:38:02,888] {logging_mixin.py:104} INFO - [2023-03-21 11:38:02,888] {dag.py:1824} INFO - Sync 1 DAGs
[2023-03-21 11:38:02,902] {logging_mixin.py:104} INFO - [2023-03-21 11:38:02,902] {dag.py:2280} INFO - Setting next_dagrun for example_nested_branch_dag to 2023-03-19 00:00:00+00:00
[2023-03-21 11:38:02,910] {scheduler_job.py:190} INFO - Processing /home/airflow/.local/lib/python3.6/site-packages/airflow/example_dags/example_nested_branch_dag.py took 0.060 seconds
[2023-03-21 11:38:33,395] {scheduler_job.py:182} INFO - Started process (PID=429) to work on /home/airflow/.local/lib/python3.6/site-packages/airflow/example_dags/example_nested_branch_dag.py
[2023-03-21 11:38:33,397] {scheduler_job.py:629} INFO - Processing file /home/airflow/.local/lib/python3.6/site-packages/airflow/example_dags/example_nested_branch_dag.py for tasks to queue
[2023-03-21 11:38:33,401] {logging_mixin.py:104} INFO - [2023-03-21 11:38:33,397] {dagbag.py:451} INFO - Filling up the DagBag from /home/airflow/.local/lib/python3.6/site-packages/airflow/example_dags/example_nested_branch_dag.py
[2023-03-21 11:38:33,413] {scheduler_job.py:639} INFO - DAG(s) dict_keys(['example_nested_branch_dag']) retrieved from /home/airflow/.local/lib/python3.6/site-packages/airflow/example_dags/example_nested_branch_dag.py
[2023-03-21 11:38:33,431] {logging_mixin.py:104} INFO - [2023-03-21 11:38:33,431] {dag.py:1824} INFO - Sync 1 DAGs
[2023-03-21 11:38:33,445] {logging_mixin.py:104} INFO - [2023-03-21 11:38:33,445] {dag.py:2280} INFO - Setting next_dagrun for example_nested_branch_dag to 2023-03-19 00:00:00+00:00
[2023-03-21 11:38:33,451] {scheduler_job.py:190} INFO - Processing /home/airflow/.local/lib/python3.6/site-packages/airflow/example_dags/example_nested_branch_dag.py took 0.059 seconds
[2023-03-21 11:39:03,853] {scheduler_job.py:182} INFO - Started process (PID=455) to work on /home/airflow/.local/lib/python3.6/site-packages/airflow/example_dags/example_nested_branch_dag.py
[2023-03-21 11:39:03,855] {scheduler_job.py:629} INFO - Processing file /home/airflow/.local/lib/python3.6/site-packages/airflow/example_dags/example_nested_branch_dag.py for tasks to queue
[2023-03-21 11:39:03,856] {logging_mixin.py:104} INFO - [2023-03-21 11:39:03,855] {dagbag.py:451} INFO - Filling up the DagBag from /home/airflow/.local/lib/python3.6/site-packages/airflow/example_dags/example_nested_branch_dag.py
[2023-03-21 11:39:03,869] {scheduler_job.py:639} INFO - DAG(s) dict_keys(['example_nested_branch_dag']) retrieved from /home/airflow/.local/lib/python3.6/site-packages/airflow/example_dags/example_nested_branch_dag.py
[2023-03-21 11:39:03,888] {logging_mixin.py:104} INFO - [2023-03-21 11:39:03,888] {dag.py:1824} INFO - Sync 1 DAGs
[2023-03-21 11:39:03,904] {logging_mixin.py:104} INFO - [2023-03-21 11:39:03,904] {dag.py:2280} INFO - Setting next_dagrun for example_nested_branch_dag to 2023-03-19 00:00:00+00:00
[2023-03-21 11:39:03,912] {scheduler_job.py:190} INFO - Processing /home/airflow/.local/lib/python3.6/site-packages/airflow/example_dags/example_nested_branch_dag.py took 0.062 seconds
[2023-03-21 11:39:34,429] {scheduler_job.py:182} INFO - Started process (PID=481) to work on /home/airflow/.local/lib/python3.6/site-packages/airflow/example_dags/example_nested_branch_dag.py
[2023-03-21 11:39:34,430] {scheduler_job.py:629} INFO - Processing file /home/airflow/.local/lib/python3.6/site-packages/airflow/example_dags/example_nested_branch_dag.py for tasks to queue
[2023-03-21 11:39:34,431] {logging_mixin.py:104} INFO - [2023-03-21 11:39:34,431] {dagbag.py:451} INFO - Filling up the DagBag from /home/airflow/.local/lib/python3.6/site-packages/airflow/example_dags/example_nested_branch_dag.py
[2023-03-21 11:39:34,443] {scheduler_job.py:639} INFO - DAG(s) dict_keys(['example_nested_branch_dag']) retrieved from /home/airflow/.local/lib/python3.6/site-packages/airflow/example_dags/example_nested_branch_dag.py
[2023-03-21 11:39:34,463] {logging_mixin.py:104} INFO - [2023-03-21 11:39:34,462] {dag.py:1824} INFO - Sync 1 DAGs
[2023-03-21 11:39:34,478] {logging_mixin.py:104} INFO - [2023-03-21 11:39:34,478] {dag.py:2280} INFO - Setting next_dagrun for example_nested_branch_dag to 2023-03-19 00:00:00+00:00
[2023-03-21 11:39:34,486] {scheduler_job.py:190} INFO - Processing /home/airflow/.local/lib/python3.6/site-packages/airflow/example_dags/example_nested_branch_dag.py took 0.059 seconds
[2023-03-21 11:40:05,006] {scheduler_job.py:182} INFO - Started process (PID=507) to work on /home/airflow/.local/lib/python3.6/site-packages/airflow/example_dags/example_nested_branch_dag.py
[2023-03-21 11:40:05,008] {scheduler_job.py:629} INFO - Processing file /home/airflow/.local/lib/python3.6/site-packages/airflow/example_dags/example_nested_branch_dag.py for tasks to queue
[2023-03-21 11:40:05,008] {logging_mixin.py:104} INFO - [2023-03-21 11:40:05,008] {dagbag.py:451} INFO - Filling up the DagBag from /home/airflow/.local/lib/python3.6/site-packages/airflow/example_dags/example_nested_branch_dag.py
[2023-03-21 11:40:05,021] {scheduler_job.py:639} INFO - DAG(s) dict_keys(['example_nested_branch_dag']) retrieved from /home/airflow/.local/lib/python3.6/site-packages/airflow/example_dags/example_nested_branch_dag.py
[2023-03-21 11:40:05,039] {logging_mixin.py:104} INFO - [2023-03-21 11:40:05,039] {dag.py:1824} INFO - Sync 1 DAGs
[2023-03-21 11:40:05,054] {logging_mixin.py:104} INFO - [2023-03-21 11:40:05,054] {dag.py:2280} INFO - Setting next_dagrun for example_nested_branch_dag to 2023-03-19 00:00:00+00:00
[2023-03-21 11:40:05,062] {scheduler_job.py:190} INFO - Processing /home/airflow/.local/lib/python3.6/site-packages/airflow/example_dags/example_nested_branch_dag.py took 0.058 seconds
[2023-03-21 11:40:35,489] {scheduler_job.py:182} INFO - Started process (PID=533) to work on /home/airflow/.local/lib/python3.6/site-packages/airflow/example_dags/example_nested_branch_dag.py
[2023-03-21 11:40:35,490] {scheduler_job.py:629} INFO - Processing file /home/airflow/.local/lib/python3.6/site-packages/airflow/example_dags/example_nested_branch_dag.py for tasks to queue
[2023-03-21 11:40:35,491] {logging_mixin.py:104} INFO - [2023-03-21 11:40:35,491] {dagbag.py:451} INFO - Filling up the DagBag from /home/airflow/.local/lib/python3.6/site-packages/airflow/example_dags/example_nested_branch_dag.py
[2023-03-21 11:40:35,504] {scheduler_job.py:639} INFO - DAG(s) dict_keys(['example_nested_branch_dag']) retrieved from /home/airflow/.local/lib/python3.6/site-packages/airflow/example_dags/example_nested_branch_dag.py
[2023-03-21 11:40:35,523] {logging_mixin.py:104} INFO - [2023-03-21 11:40:35,523] {dag.py:1824} INFO - Sync 1 DAGs
[2023-03-21 11:40:35,538] {logging_mixin.py:104} INFO - [2023-03-21 11:40:35,538] {dag.py:2280} INFO - Setting next_dagrun for example_nested_branch_dag to 2023-03-19 00:00:00+00:00
[2023-03-21 11:40:35,547] {scheduler_job.py:190} INFO - Processing /home/airflow/.local/lib/python3.6/site-packages/airflow/example_dags/example_nested_branch_dag.py took 0.061 seconds
[2023-03-21 11:41:05,966] {scheduler_job.py:182} INFO - Started process (PID=559) to work on /home/airflow/.local/lib/python3.6/site-packages/airflow/example_dags/example_nested_branch_dag.py
[2023-03-21 11:41:05,967] {scheduler_job.py:629} INFO - Processing file /home/airflow/.local/lib/python3.6/site-packages/airflow/example_dags/example_nested_branch_dag.py for tasks to queue
[2023-03-21 11:41:05,968] {logging_mixin.py:104} INFO - [2023-03-21 11:41:05,968] {dagbag.py:451} INFO - Filling up the DagBag from /home/airflow/.local/lib/python3.6/site-packages/airflow/example_dags/example_nested_branch_dag.py
[2023-03-21 11:41:05,981] {scheduler_job.py:639} INFO - DAG(s) dict_keys(['example_nested_branch_dag']) retrieved from /home/airflow/.local/lib/python3.6/site-packages/airflow/example_dags/example_nested_branch_dag.py
[2023-03-21 11:41:06,000] {logging_mixin.py:104} INFO - [2023-03-21 11:41:06,000] {dag.py:1824} INFO - Sync 1 DAGs
[2023-03-21 11:41:06,014] {logging_mixin.py:104} INFO - [2023-03-21 11:41:06,014] {dag.py:2280} INFO - Setting next_dagrun for example_nested_branch_dag to 2023-03-19 00:00:00+00:00
[2023-03-21 11:41:06,021] {scheduler_job.py:190} INFO - Processing /home/airflow/.local/lib/python3.6/site-packages/airflow/example_dags/example_nested_branch_dag.py took 0.057 seconds
[2023-03-21 11:41:36,595] {scheduler_job.py:182} INFO - Started process (PID=586) to work on /home/airflow/.local/lib/python3.6/site-packages/airflow/example_dags/example_nested_branch_dag.py
[2023-03-21 11:41:36,596] {scheduler_job.py:629} INFO - Processing file /home/airflow/.local/lib/python3.6/site-packages/airflow/example_dags/example_nested_branch_dag.py for tasks to queue
[2023-03-21 11:41:36,597] {logging_mixin.py:104} INFO - [2023-03-21 11:41:36,597] {dagbag.py:451} INFO - Filling up the DagBag from /home/airflow/.local/lib/python3.6/site-packages/airflow/example_dags/example_nested_branch_dag.py
[2023-03-21 11:41:36,610] {scheduler_job.py:639} INFO - DAG(s) dict_keys(['example_nested_branch_dag']) retrieved from /home/airflow/.local/lib/python3.6/site-packages/airflow/example_dags/example_nested_branch_dag.py
[2023-03-21 11:41:36,629] {logging_mixin.py:104} INFO - [2023-03-21 11:41:36,629] {dag.py:1824} INFO - Sync 1 DAGs
[2023-03-21 11:41:36,644] {logging_mixin.py:104} INFO - [2023-03-21 11:41:36,644] {dag.py:2280} INFO - Setting next_dagrun for example_nested_branch_dag to 2023-03-19 00:00:00+00:00
[2023-03-21 11:41:36,651] {scheduler_job.py:190} INFO - Processing /home/airflow/.local/lib/python3.6/site-packages/airflow/example_dags/example_nested_branch_dag.py took 0.059 seconds
[2023-03-21 11:42:07,026] {scheduler_job.py:182} INFO - Started process (PID=611) to work on /home/airflow/.local/lib/python3.6/site-packages/airflow/example_dags/example_nested_branch_dag.py
[2023-03-21 11:42:07,027] {scheduler_job.py:629} INFO - Processing file /home/airflow/.local/lib/python3.6/site-packages/airflow/example_dags/example_nested_branch_dag.py for tasks to queue
[2023-03-21 11:42:07,028] {logging_mixin.py:104} INFO - [2023-03-21 11:42:07,028] {dagbag.py:451} INFO - Filling up the DagBag from /home/airflow/.local/lib/python3.6/site-packages/airflow/example_dags/example_nested_branch_dag.py
[2023-03-21 11:42:07,040] {scheduler_job.py:639} INFO - DAG(s) dict_keys(['example_nested_branch_dag']) retrieved from /home/airflow/.local/lib/python3.6/site-packages/airflow/example_dags/example_nested_branch_dag.py
[2023-03-21 11:42:07,059] {logging_mixin.py:104} INFO - [2023-03-21 11:42:07,059] {dag.py:1824} INFO - Sync 1 DAGs
[2023-03-21 11:42:07,074] {logging_mixin.py:104} INFO - [2023-03-21 11:42:07,074] {dag.py:2280} INFO - Setting next_dagrun for example_nested_branch_dag to 2023-03-19 00:00:00+00:00
[2023-03-21 11:42:07,080] {scheduler_job.py:190} INFO - Processing /home/airflow/.local/lib/python3.6/site-packages/airflow/example_dags/example_nested_branch_dag.py took 0.057 seconds
[2023-03-21 11:42:37,596] {scheduler_job.py:182} INFO - Started process (PID=637) to work on /home/airflow/.local/lib/python3.6/site-packages/airflow/example_dags/example_nested_branch_dag.py
[2023-03-21 11:42:37,598] {scheduler_job.py:629} INFO - Processing file /home/airflow/.local/lib/python3.6/site-packages/airflow/example_dags/example_nested_branch_dag.py for tasks to queue
[2023-03-21 11:42:37,598] {logging_mixin.py:104} INFO - [2023-03-21 11:42:37,598] {dagbag.py:451} INFO - Filling up the DagBag from /home/airflow/.local/lib/python3.6/site-packages/airflow/example_dags/example_nested_branch_dag.py
[2023-03-21 11:42:37,612] {scheduler_job.py:639} INFO - DAG(s) dict_keys(['example_nested_branch_dag']) retrieved from /home/airflow/.local/lib/python3.6/site-packages/airflow/example_dags/example_nested_branch_dag.py
[2023-03-21 11:42:37,630] {logging_mixin.py:104} INFO - [2023-03-21 11:42:37,630] {dag.py:1824} INFO - Sync 1 DAGs
[2023-03-21 11:42:37,646] {logging_mixin.py:104} INFO - [2023-03-21 11:42:37,646] {dag.py:2280} INFO - Setting next_dagrun for example_nested_branch_dag to 2023-03-19 00:00:00+00:00
[2023-03-21 11:42:37,654] {scheduler_job.py:190} INFO - Processing /home/airflow/.local/lib/python3.6/site-packages/airflow/example_dags/example_nested_branch_dag.py took 0.060 seconds
[2023-03-21 11:43:07,972] {scheduler_job.py:182} INFO - Started process (PID=663) to work on /home/airflow/.local/lib/python3.6/site-packages/airflow/example_dags/example_nested_branch_dag.py
[2023-03-21 11:43:07,973] {scheduler_job.py:629} INFO - Processing file /home/airflow/.local/lib/python3.6/site-packages/airflow/example_dags/example_nested_branch_dag.py for tasks to queue
[2023-03-21 11:43:07,974] {logging_mixin.py:104} INFO - [2023-03-21 11:43:07,974] {dagbag.py:451} INFO - Filling up the DagBag from /home/airflow/.local/lib/python3.6/site-packages/airflow/example_dags/example_nested_branch_dag.py
[2023-03-21 11:43:07,988] {scheduler_job.py:639} INFO - DAG(s) dict_keys(['example_nested_branch_dag']) retrieved from /home/airflow/.local/lib/python3.6/site-packages/airflow/example_dags/example_nested_branch_dag.py
[2023-03-21 11:43:08,008] {logging_mixin.py:104} INFO - [2023-03-21 11:43:08,007] {dag.py:1824} INFO - Sync 1 DAGs
[2023-03-21 11:43:08,023] {logging_mixin.py:104} INFO - [2023-03-21 11:43:08,023] {dag.py:2280} INFO - Setting next_dagrun for example_nested_branch_dag to 2023-03-19 00:00:00+00:00
[2023-03-21 11:43:08,031] {scheduler_job.py:190} INFO - Processing /home/airflow/.local/lib/python3.6/site-packages/airflow/example_dags/example_nested_branch_dag.py took 0.063 seconds
[2023-03-21 11:43:38,368] {scheduler_job.py:182} INFO - Started process (PID=690) to work on /home/airflow/.local/lib/python3.6/site-packages/airflow/example_dags/example_nested_branch_dag.py
[2023-03-21 11:43:38,369] {scheduler_job.py:629} INFO - Processing file /home/airflow/.local/lib/python3.6/site-packages/airflow/example_dags/example_nested_branch_dag.py for tasks to queue
[2023-03-21 11:43:38,370] {logging_mixin.py:104} INFO - [2023-03-21 11:43:38,370] {dagbag.py:451} INFO - Filling up the DagBag from /home/airflow/.local/lib/python3.6/site-packages/airflow/example_dags/example_nested_branch_dag.py
[2023-03-21 11:43:38,382] {scheduler_job.py:639} INFO - DAG(s) dict_keys(['example_nested_branch_dag']) retrieved from /home/airflow/.local/lib/python3.6/site-packages/airflow/example_dags/example_nested_branch_dag.py
[2023-03-21 11:43:38,401] {logging_mixin.py:104} INFO - [2023-03-21 11:43:38,401] {dag.py:1824} INFO - Sync 1 DAGs
[2023-03-21 11:43:38,416] {logging_mixin.py:104} INFO - [2023-03-21 11:43:38,416] {dag.py:2280} INFO - Setting next_dagrun for example_nested_branch_dag to 2023-03-19 00:00:00+00:00
[2023-03-21 11:43:38,425] {scheduler_job.py:190} INFO - Processing /home/airflow/.local/lib/python3.6/site-packages/airflow/example_dags/example_nested_branch_dag.py took 0.060 seconds
[2023-03-21 11:44:08,773] {scheduler_job.py:182} INFO - Started process (PID=715) to work on /home/airflow/.local/lib/python3.6/site-packages/airflow/example_dags/example_nested_branch_dag.py
[2023-03-21 11:44:08,775] {scheduler_job.py:629} INFO - Processing file /home/airflow/.local/lib/python3.6/site-packages/airflow/example_dags/example_nested_branch_dag.py for tasks to queue
[2023-03-21 11:44:08,775] {logging_mixin.py:104} INFO - [2023-03-21 11:44:08,775] {dagbag.py:451} INFO - Filling up the DagBag from /home/airflow/.local/lib/python3.6/site-packages/airflow/example_dags/example_nested_branch_dag.py
[2023-03-21 11:44:08,788] {scheduler_job.py:639} INFO - DAG(s) dict_keys(['example_nested_branch_dag']) retrieved from /home/airflow/.local/lib/python3.6/site-packages/airflow/example_dags/example_nested_branch_dag.py
[2023-03-21 11:44:08,807] {logging_mixin.py:104} INFO - [2023-03-21 11:44:08,807] {dag.py:1824} INFO - Sync 1 DAGs
[2023-03-21 11:44:08,822] {logging_mixin.py:104} INFO - [2023-03-21 11:44:08,821] {dag.py:2280} INFO - Setting next_dagrun for example_nested_branch_dag to 2023-03-19 00:00:00+00:00
[2023-03-21 11:44:08,829] {scheduler_job.py:190} INFO - Processing /home/airflow/.local/lib/python3.6/site-packages/airflow/example_dags/example_nested_branch_dag.py took 0.058 seconds
[2023-03-21 11:44:39,137] {scheduler_job.py:182} INFO - Started process (PID=741) to work on /home/airflow/.local/lib/python3.6/site-packages/airflow/example_dags/example_nested_branch_dag.py
[2023-03-21 11:44:39,138] {scheduler_job.py:629} INFO - Processing file /home/airflow/.local/lib/python3.6/site-packages/airflow/example_dags/example_nested_branch_dag.py for tasks to queue
[2023-03-21 11:44:39,139] {logging_mixin.py:104} INFO - [2023-03-21 11:44:39,139] {dagbag.py:451} INFO - Filling up the DagBag from /home/airflow/.local/lib/python3.6/site-packages/airflow/example_dags/example_nested_branch_dag.py
[2023-03-21 11:44:39,151] {scheduler_job.py:639} INFO - DAG(s) dict_keys(['example_nested_branch_dag']) retrieved from /home/airflow/.local/lib/python3.6/site-packages/airflow/example_dags/example_nested_branch_dag.py
[2023-03-21 11:44:39,170] {logging_mixin.py:104} INFO - [2023-03-21 11:44:39,170] {dag.py:1824} INFO - Sync 1 DAGs
[2023-03-21 11:44:39,186] {logging_mixin.py:104} INFO - [2023-03-21 11:44:39,186] {dag.py:2280} INFO - Setting next_dagrun for example_nested_branch_dag to 2023-03-19 00:00:00+00:00
[2023-03-21 11:44:39,196] {scheduler_job.py:190} INFO - Processing /home/airflow/.local/lib/python3.6/site-packages/airflow/example_dags/example_nested_branch_dag.py took 0.062 seconds
[2023-03-21 11:45:09,972] {scheduler_job.py:182} INFO - Started process (PID=767) to work on /home/airflow/.local/lib/python3.6/site-packages/airflow/example_dags/example_nested_branch_dag.py
[2023-03-21 11:45:09,974] {scheduler_job.py:629} INFO - Processing file /home/airflow/.local/lib/python3.6/site-packages/airflow/example_dags/example_nested_branch_dag.py for tasks to queue
[2023-03-21 11:45:09,974] {logging_mixin.py:104} INFO - [2023-03-21 11:45:09,974] {dagbag.py:451} INFO - Filling up the DagBag from /home/airflow/.local/lib/python3.6/site-packages/airflow/example_dags/example_nested_branch_dag.py
[2023-03-21 11:45:09,988] {scheduler_job.py:639} INFO - DAG(s) dict_keys(['example_nested_branch_dag']) retrieved from /home/airflow/.local/lib/python3.6/site-packages/airflow/example_dags/example_nested_branch_dag.py
[2023-03-21 11:45:10,009] {logging_mixin.py:104} INFO - [2023-03-21 11:45:10,009] {dag.py:1824} INFO - Sync 1 DAGs
[2023-03-21 11:45:10,028] {logging_mixin.py:104} INFO - [2023-03-21 11:45:10,028] {dag.py:2280} INFO - Setting next_dagrun for example_nested_branch_dag to 2023-03-19 00:00:00+00:00
[2023-03-21 11:45:10,039] {scheduler_job.py:190} INFO - Processing /home/airflow/.local/lib/python3.6/site-packages/airflow/example_dags/example_nested_branch_dag.py took 0.070 seconds
[2023-03-21 11:45:40,493] {scheduler_job.py:182} INFO - Started process (PID=793) to work on /home/airflow/.local/lib/python3.6/site-packages/airflow/example_dags/example_nested_branch_dag.py
[2023-03-21 11:45:40,495] {scheduler_job.py:629} INFO - Processing file /home/airflow/.local/lib/python3.6/site-packages/airflow/example_dags/example_nested_branch_dag.py for tasks to queue
[2023-03-21 11:45:40,495] {logging_mixin.py:104} INFO - [2023-03-21 11:45:40,495] {dagbag.py:451} INFO - Filling up the DagBag from /home/airflow/.local/lib/python3.6/site-packages/airflow/example_dags/example_nested_branch_dag.py
[2023-03-21 11:45:40,508] {scheduler_job.py:639} INFO - DAG(s) dict_keys(['example_nested_branch_dag']) retrieved from /home/airflow/.local/lib/python3.6/site-packages/airflow/example_dags/example_nested_branch_dag.py
[2023-03-21 11:45:40,527] {logging_mixin.py:104} INFO - [2023-03-21 11:45:40,527] {dag.py:1824} INFO - Sync 1 DAGs
[2023-03-21 11:45:40,542] {logging_mixin.py:104} INFO - [2023-03-21 11:45:40,542] {dag.py:2280} INFO - Setting next_dagrun for example_nested_branch_dag to 2023-03-19 00:00:00+00:00
[2023-03-21 11:45:40,550] {scheduler_job.py:190} INFO - Processing /home/airflow/.local/lib/python3.6/site-packages/airflow/example_dags/example_nested_branch_dag.py took 0.060 seconds
[2023-03-21 11:46:10,955] {scheduler_job.py:182} INFO - Started process (PID=819) to work on /home/airflow/.local/lib/python3.6/site-packages/airflow/example_dags/example_nested_branch_dag.py
[2023-03-21 11:46:10,956] {scheduler_job.py:629} INFO - Processing file /home/airflow/.local/lib/python3.6/site-packages/airflow/example_dags/example_nested_branch_dag.py for tasks to queue
[2023-03-21 11:46:10,957] {logging_mixin.py:104} INFO - [2023-03-21 11:46:10,957] {dagbag.py:451} INFO - Filling up the DagBag from /home/airflow/.local/lib/python3.6/site-packages/airflow/example_dags/example_nested_branch_dag.py
[2023-03-21 11:46:10,970] {scheduler_job.py:639} INFO - DAG(s) dict_keys(['example_nested_branch_dag']) retrieved from /home/airflow/.local/lib/python3.6/site-packages/airflow/example_dags/example_nested_branch_dag.py
[2023-03-21 11:46:10,989] {logging_mixin.py:104} INFO - [2023-03-21 11:46:10,989] {dag.py:1824} INFO - Sync 1 DAGs
[2023-03-21 11:46:11,005] {logging_mixin.py:104} INFO - [2023-03-21 11:46:11,005] {dag.py:2280} INFO - Setting next_dagrun for example_nested_branch_dag to 2023-03-19 00:00:00+00:00
[2023-03-21 11:46:11,013] {scheduler_job.py:190} INFO - Processing /home/airflow/.local/lib/python3.6/site-packages/airflow/example_dags/example_nested_branch_dag.py took 0.061 seconds
