[2023-03-21 11:31:18,928] {scheduler_job.py:182} INFO - Started process (PID=36) to work on /home/airflow/.local/lib/python3.6/site-packages/airflow/example_dags/example_branch_python_dop_operator_3.py
[2023-03-21 11:31:18,931] {scheduler_job.py:629} INFO - Processing file /home/airflow/.local/lib/python3.6/site-packages/airflow/example_dags/example_branch_python_dop_operator_3.py for tasks to queue
[2023-03-21 11:31:18,933] {logging_mixin.py:104} INFO - [2023-03-21 11:31:18,933] {dagbag.py:451} INFO - Filling up the DagBag from /home/airflow/.local/lib/python3.6/site-packages/airflow/example_dags/example_branch_python_dop_operator_3.py
[2023-03-21 11:31:18,951] {scheduler_job.py:639} INFO - DAG(s) dict_keys(['example_branch_dop_operator_v3']) retrieved from /home/airflow/.local/lib/python3.6/site-packages/airflow/example_dags/example_branch_python_dop_operator_3.py
[2023-03-21 11:31:18,991] {logging_mixin.py:104} INFO - [2023-03-21 11:31:18,991] {dag.py:1824} INFO - Sync 1 DAGs
[2023-03-21 11:31:19,035] {logging_mixin.py:104} INFO - [2023-03-21 11:31:19,035] {dag.py:2280} INFO - Setting next_dagrun for example_branch_dop_operator_v3 to 2023-03-19 00:00:00+00:00
[2023-03-21 11:31:19,054] {scheduler_job.py:190} INFO - Processing /home/airflow/.local/lib/python3.6/site-packages/airflow/example_dags/example_branch_python_dop_operator_3.py took 0.131 seconds
[2023-03-21 11:31:50,071] {scheduler_job.py:182} INFO - Started process (PID=63) to work on /home/airflow/.local/lib/python3.6/site-packages/airflow/example_dags/example_branch_python_dop_operator_3.py
[2023-03-21 11:31:50,073] {scheduler_job.py:629} INFO - Processing file /home/airflow/.local/lib/python3.6/site-packages/airflow/example_dags/example_branch_python_dop_operator_3.py for tasks to queue
[2023-03-21 11:31:50,075] {logging_mixin.py:104} INFO - [2023-03-21 11:31:50,075] {dagbag.py:451} INFO - Filling up the DagBag from /home/airflow/.local/lib/python3.6/site-packages/airflow/example_dags/example_branch_python_dop_operator_3.py
[2023-03-21 11:31:50,100] {scheduler_job.py:639} INFO - DAG(s) dict_keys(['example_branch_dop_operator_v3']) retrieved from /home/airflow/.local/lib/python3.6/site-packages/airflow/example_dags/example_branch_python_dop_operator_3.py
[2023-03-21 11:31:50,124] {logging_mixin.py:104} INFO - [2023-03-21 11:31:50,124] {dag.py:1824} INFO - Sync 1 DAGs
[2023-03-21 11:31:50,162] {logging_mixin.py:104} INFO - [2023-03-21 11:31:50,162] {dag.py:2280} INFO - Setting next_dagrun for example_branch_dop_operator_v3 to 2023-03-19 00:00:00+00:00
[2023-03-21 11:31:50,173] {scheduler_job.py:190} INFO - Processing /home/airflow/.local/lib/python3.6/site-packages/airflow/example_dags/example_branch_python_dop_operator_3.py took 0.106 seconds
[2023-03-21 11:32:22,966] {scheduler_job.py:182} INFO - Started process (PID=105) to work on /home/airflow/.local/lib/python3.6/site-packages/airflow/example_dags/example_branch_python_dop_operator_3.py
[2023-03-21 11:32:22,971] {scheduler_job.py:629} INFO - Processing file /home/airflow/.local/lib/python3.6/site-packages/airflow/example_dags/example_branch_python_dop_operator_3.py for tasks to queue
[2023-03-21 11:32:22,977] {logging_mixin.py:104} INFO - [2023-03-21 11:32:22,977] {dagbag.py:451} INFO - Filling up the DagBag from /home/airflow/.local/lib/python3.6/site-packages/airflow/example_dags/example_branch_python_dop_operator_3.py
[2023-03-21 11:32:23,030] {scheduler_job.py:639} INFO - DAG(s) dict_keys(['example_branch_dop_operator_v3']) retrieved from /home/airflow/.local/lib/python3.6/site-packages/airflow/example_dags/example_branch_python_dop_operator_3.py
[2023-03-21 11:32:23,087] {logging_mixin.py:104} INFO - [2023-03-21 11:32:23,087] {dag.py:1824} INFO - Sync 1 DAGs
[2023-03-21 11:32:23,146] {logging_mixin.py:104} INFO - [2023-03-21 11:32:23,146] {dag.py:2280} INFO - Setting next_dagrun for example_branch_dop_operator_v3 to 2023-03-19 00:00:00+00:00
[2023-03-21 11:32:23,168] {scheduler_job.py:190} INFO - Processing /home/airflow/.local/lib/python3.6/site-packages/airflow/example_dags/example_branch_python_dop_operator_3.py took 0.211 seconds
[2023-03-21 11:32:53,316] {scheduler_job.py:182} INFO - Started process (PID=131) to work on /home/airflow/.local/lib/python3.6/site-packages/airflow/example_dags/example_branch_python_dop_operator_3.py
[2023-03-21 11:32:53,318] {scheduler_job.py:629} INFO - Processing file /home/airflow/.local/lib/python3.6/site-packages/airflow/example_dags/example_branch_python_dop_operator_3.py for tasks to queue
[2023-03-21 11:32:53,319] {logging_mixin.py:104} INFO - [2023-03-21 11:32:53,319] {dagbag.py:451} INFO - Filling up the DagBag from /home/airflow/.local/lib/python3.6/site-packages/airflow/example_dags/example_branch_python_dop_operator_3.py
[2023-03-21 11:32:53,337] {scheduler_job.py:639} INFO - DAG(s) dict_keys(['example_branch_dop_operator_v3']) retrieved from /home/airflow/.local/lib/python3.6/site-packages/airflow/example_dags/example_branch_python_dop_operator_3.py
[2023-03-21 11:32:53,387] {logging_mixin.py:104} INFO - [2023-03-21 11:32:53,387] {dag.py:1824} INFO - Sync 1 DAGs
[2023-03-21 11:32:53,440] {logging_mixin.py:104} INFO - [2023-03-21 11:32:53,440] {dag.py:2280} INFO - Setting next_dagrun for example_branch_dop_operator_v3 to 2023-03-19 00:00:00+00:00
[2023-03-21 11:32:53,457] {scheduler_job.py:190} INFO - Processing /home/airflow/.local/lib/python3.6/site-packages/airflow/example_dags/example_branch_python_dop_operator_3.py took 0.144 seconds
[2023-03-21 11:33:23,555] {scheduler_job.py:182} INFO - Started process (PID=157) to work on /home/airflow/.local/lib/python3.6/site-packages/airflow/example_dags/example_branch_python_dop_operator_3.py
[2023-03-21 11:33:23,557] {scheduler_job.py:629} INFO - Processing file /home/airflow/.local/lib/python3.6/site-packages/airflow/example_dags/example_branch_python_dop_operator_3.py for tasks to queue
[2023-03-21 11:33:23,558] {logging_mixin.py:104} INFO - [2023-03-21 11:33:23,558] {dagbag.py:451} INFO - Filling up the DagBag from /home/airflow/.local/lib/python3.6/site-packages/airflow/example_dags/example_branch_python_dop_operator_3.py
[2023-03-21 11:33:23,574] {scheduler_job.py:639} INFO - DAG(s) dict_keys(['example_branch_dop_operator_v3']) retrieved from /home/airflow/.local/lib/python3.6/site-packages/airflow/example_dags/example_branch_python_dop_operator_3.py
[2023-03-21 11:33:23,599] {logging_mixin.py:104} INFO - [2023-03-21 11:33:23,599] {dag.py:1824} INFO - Sync 1 DAGs
[2023-03-21 11:33:23,631] {logging_mixin.py:104} INFO - [2023-03-21 11:33:23,631] {dag.py:2280} INFO - Setting next_dagrun for example_branch_dop_operator_v3 to 2023-03-19 00:00:00+00:00
[2023-03-21 11:33:23,644] {scheduler_job.py:190} INFO - Processing /home/airflow/.local/lib/python3.6/site-packages/airflow/example_dags/example_branch_python_dop_operator_3.py took 0.092 seconds
[2023-03-21 11:33:54,846] {scheduler_job.py:182} INFO - Started process (PID=183) to work on /home/airflow/.local/lib/python3.6/site-packages/airflow/example_dags/example_branch_python_dop_operator_3.py
[2023-03-21 11:33:54,850] {scheduler_job.py:629} INFO - Processing file /home/airflow/.local/lib/python3.6/site-packages/airflow/example_dags/example_branch_python_dop_operator_3.py for tasks to queue
[2023-03-21 11:33:54,852] {logging_mixin.py:104} INFO - [2023-03-21 11:33:54,851] {dagbag.py:451} INFO - Filling up the DagBag from /home/airflow/.local/lib/python3.6/site-packages/airflow/example_dags/example_branch_python_dop_operator_3.py
[2023-03-21 11:33:54,914] {scheduler_job.py:639} INFO - DAG(s) dict_keys(['example_branch_dop_operator_v3']) retrieved from /home/airflow/.local/lib/python3.6/site-packages/airflow/example_dags/example_branch_python_dop_operator_3.py
[2023-03-21 11:33:55,075] {logging_mixin.py:104} INFO - [2023-03-21 11:33:55,075] {dag.py:1824} INFO - Sync 1 DAGs
[2023-03-21 11:33:55,169] {logging_mixin.py:104} INFO - [2023-03-21 11:33:55,166] {dag.py:2280} INFO - Setting next_dagrun for example_branch_dop_operator_v3 to 2023-03-19 00:00:00+00:00
[2023-03-21 11:33:55,183] {scheduler_job.py:190} INFO - Processing /home/airflow/.local/lib/python3.6/site-packages/airflow/example_dags/example_branch_python_dop_operator_3.py took 0.341 seconds
[2023-03-21 11:34:26,043] {scheduler_job.py:182} INFO - Started process (PID=209) to work on /home/airflow/.local/lib/python3.6/site-packages/airflow/example_dags/example_branch_python_dop_operator_3.py
[2023-03-21 11:34:26,047] {scheduler_job.py:629} INFO - Processing file /home/airflow/.local/lib/python3.6/site-packages/airflow/example_dags/example_branch_python_dop_operator_3.py for tasks to queue
[2023-03-21 11:34:26,050] {logging_mixin.py:104} INFO - [2023-03-21 11:34:26,050] {dagbag.py:451} INFO - Filling up the DagBag from /home/airflow/.local/lib/python3.6/site-packages/airflow/example_dags/example_branch_python_dop_operator_3.py
[2023-03-21 11:34:26,091] {scheduler_job.py:639} INFO - DAG(s) dict_keys(['example_branch_dop_operator_v3']) retrieved from /home/airflow/.local/lib/python3.6/site-packages/airflow/example_dags/example_branch_python_dop_operator_3.py
[2023-03-21 11:34:26,234] {logging_mixin.py:104} INFO - [2023-03-21 11:34:26,234] {dag.py:1824} INFO - Sync 1 DAGs
[2023-03-21 11:34:26,351] {logging_mixin.py:104} INFO - [2023-03-21 11:34:26,350] {dag.py:2280} INFO - Setting next_dagrun for example_branch_dop_operator_v3 to 2023-03-19 00:00:00+00:00
[2023-03-21 11:34:26,417] {scheduler_job.py:190} INFO - Processing /home/airflow/.local/lib/python3.6/site-packages/airflow/example_dags/example_branch_python_dop_operator_3.py took 0.398 seconds
[2023-03-21 11:34:57,562] {scheduler_job.py:182} INFO - Started process (PID=238) to work on /home/airflow/.local/lib/python3.6/site-packages/airflow/example_dags/example_branch_python_dop_operator_3.py
[2023-03-21 11:34:57,567] {scheduler_job.py:629} INFO - Processing file /home/airflow/.local/lib/python3.6/site-packages/airflow/example_dags/example_branch_python_dop_operator_3.py for tasks to queue
[2023-03-21 11:34:57,568] {logging_mixin.py:104} INFO - [2023-03-21 11:34:57,568] {dagbag.py:451} INFO - Filling up the DagBag from /home/airflow/.local/lib/python3.6/site-packages/airflow/example_dags/example_branch_python_dop_operator_3.py
[2023-03-21 11:34:57,586] {scheduler_job.py:639} INFO - DAG(s) dict_keys(['example_branch_dop_operator_v3']) retrieved from /home/airflow/.local/lib/python3.6/site-packages/airflow/example_dags/example_branch_python_dop_operator_3.py
[2023-03-21 11:34:57,629] {logging_mixin.py:104} INFO - [2023-03-21 11:34:57,629] {dag.py:1824} INFO - Sync 1 DAGs
[2023-03-21 11:34:57,665] {logging_mixin.py:104} INFO - [2023-03-21 11:34:57,665] {dag.py:2280} INFO - Setting next_dagrun for example_branch_dop_operator_v3 to 2023-03-19 00:00:00+00:00
[2023-03-21 11:34:57,675] {scheduler_job.py:190} INFO - Processing /home/airflow/.local/lib/python3.6/site-packages/airflow/example_dags/example_branch_python_dop_operator_3.py took 0.118 seconds
[2023-03-21 11:35:27,765] {scheduler_job.py:182} INFO - Started process (PID=264) to work on /home/airflow/.local/lib/python3.6/site-packages/airflow/example_dags/example_branch_python_dop_operator_3.py
[2023-03-21 11:35:27,766] {scheduler_job.py:629} INFO - Processing file /home/airflow/.local/lib/python3.6/site-packages/airflow/example_dags/example_branch_python_dop_operator_3.py for tasks to queue
[2023-03-21 11:35:27,768] {logging_mixin.py:104} INFO - [2023-03-21 11:35:27,768] {dagbag.py:451} INFO - Filling up the DagBag from /home/airflow/.local/lib/python3.6/site-packages/airflow/example_dags/example_branch_python_dop_operator_3.py
[2023-03-21 11:35:27,786] {scheduler_job.py:639} INFO - DAG(s) dict_keys(['example_branch_dop_operator_v3']) retrieved from /home/airflow/.local/lib/python3.6/site-packages/airflow/example_dags/example_branch_python_dop_operator_3.py
[2023-03-21 11:35:27,838] {logging_mixin.py:104} INFO - [2023-03-21 11:35:27,837] {dag.py:1824} INFO - Sync 1 DAGs
[2023-03-21 11:35:27,904] {logging_mixin.py:104} INFO - [2023-03-21 11:35:27,903] {dag.py:2280} INFO - Setting next_dagrun for example_branch_dop_operator_v3 to 2023-03-19 00:00:00+00:00
[2023-03-21 11:35:27,920] {scheduler_job.py:190} INFO - Processing /home/airflow/.local/lib/python3.6/site-packages/airflow/example_dags/example_branch_python_dop_operator_3.py took 0.159 seconds
[2023-03-21 11:35:58,703] {scheduler_job.py:182} INFO - Started process (PID=290) to work on /home/airflow/.local/lib/python3.6/site-packages/airflow/example_dags/example_branch_python_dop_operator_3.py
[2023-03-21 11:35:58,705] {scheduler_job.py:629} INFO - Processing file /home/airflow/.local/lib/python3.6/site-packages/airflow/example_dags/example_branch_python_dop_operator_3.py for tasks to queue
[2023-03-21 11:35:58,706] {logging_mixin.py:104} INFO - [2023-03-21 11:35:58,706] {dagbag.py:451} INFO - Filling up the DagBag from /home/airflow/.local/lib/python3.6/site-packages/airflow/example_dags/example_branch_python_dop_operator_3.py
[2023-03-21 11:35:58,723] {scheduler_job.py:639} INFO - DAG(s) dict_keys(['example_branch_dop_operator_v3']) retrieved from /home/airflow/.local/lib/python3.6/site-packages/airflow/example_dags/example_branch_python_dop_operator_3.py
[2023-03-21 11:35:58,741] {logging_mixin.py:104} INFO - [2023-03-21 11:35:58,741] {dag.py:1824} INFO - Sync 1 DAGs
[2023-03-21 11:35:58,762] {logging_mixin.py:104} INFO - [2023-03-21 11:35:58,762] {dag.py:2280} INFO - Setting next_dagrun for example_branch_dop_operator_v3 to 2023-03-19 00:00:00+00:00
[2023-03-21 11:35:58,769] {scheduler_job.py:190} INFO - Processing /home/airflow/.local/lib/python3.6/site-packages/airflow/example_dags/example_branch_python_dop_operator_3.py took 0.068 seconds
[2023-03-21 11:36:29,088] {scheduler_job.py:182} INFO - Started process (PID=316) to work on /home/airflow/.local/lib/python3.6/site-packages/airflow/example_dags/example_branch_python_dop_operator_3.py
[2023-03-21 11:36:29,090] {scheduler_job.py:629} INFO - Processing file /home/airflow/.local/lib/python3.6/site-packages/airflow/example_dags/example_branch_python_dop_operator_3.py for tasks to queue
[2023-03-21 11:36:29,091] {logging_mixin.py:104} INFO - [2023-03-21 11:36:29,091] {dagbag.py:451} INFO - Filling up the DagBag from /home/airflow/.local/lib/python3.6/site-packages/airflow/example_dags/example_branch_python_dop_operator_3.py
[2023-03-21 11:36:29,108] {scheduler_job.py:639} INFO - DAG(s) dict_keys(['example_branch_dop_operator_v3']) retrieved from /home/airflow/.local/lib/python3.6/site-packages/airflow/example_dags/example_branch_python_dop_operator_3.py
[2023-03-21 11:36:29,127] {logging_mixin.py:104} INFO - [2023-03-21 11:36:29,126] {dag.py:1824} INFO - Sync 1 DAGs
[2023-03-21 11:36:29,147] {logging_mixin.py:104} INFO - [2023-03-21 11:36:29,147] {dag.py:2280} INFO - Setting next_dagrun for example_branch_dop_operator_v3 to 2023-03-19 00:00:00+00:00
[2023-03-21 11:36:29,154] {scheduler_job.py:190} INFO - Processing /home/airflow/.local/lib/python3.6/site-packages/airflow/example_dags/example_branch_python_dop_operator_3.py took 0.069 seconds
[2023-03-21 11:36:59,561] {scheduler_job.py:182} INFO - Started process (PID=342) to work on /home/airflow/.local/lib/python3.6/site-packages/airflow/example_dags/example_branch_python_dop_operator_3.py
[2023-03-21 11:36:59,563] {scheduler_job.py:629} INFO - Processing file /home/airflow/.local/lib/python3.6/site-packages/airflow/example_dags/example_branch_python_dop_operator_3.py for tasks to queue
[2023-03-21 11:36:59,563] {logging_mixin.py:104} INFO - [2023-03-21 11:36:59,563] {dagbag.py:451} INFO - Filling up the DagBag from /home/airflow/.local/lib/python3.6/site-packages/airflow/example_dags/example_branch_python_dop_operator_3.py
[2023-03-21 11:36:59,578] {scheduler_job.py:639} INFO - DAG(s) dict_keys(['example_branch_dop_operator_v3']) retrieved from /home/airflow/.local/lib/python3.6/site-packages/airflow/example_dags/example_branch_python_dop_operator_3.py
[2023-03-21 11:36:59,597] {logging_mixin.py:104} INFO - [2023-03-21 11:36:59,597] {dag.py:1824} INFO - Sync 1 DAGs
[2023-03-21 11:36:59,620] {logging_mixin.py:104} INFO - [2023-03-21 11:36:59,619] {dag.py:2280} INFO - Setting next_dagrun for example_branch_dop_operator_v3 to 2023-03-19 00:00:00+00:00
[2023-03-21 11:36:59,627] {scheduler_job.py:190} INFO - Processing /home/airflow/.local/lib/python3.6/site-packages/airflow/example_dags/example_branch_python_dop_operator_3.py took 0.068 seconds
[2023-03-21 11:37:29,942] {scheduler_job.py:182} INFO - Started process (PID=368) to work on /home/airflow/.local/lib/python3.6/site-packages/airflow/example_dags/example_branch_python_dop_operator_3.py
[2023-03-21 11:37:29,944] {scheduler_job.py:629} INFO - Processing file /home/airflow/.local/lib/python3.6/site-packages/airflow/example_dags/example_branch_python_dop_operator_3.py for tasks to queue
[2023-03-21 11:37:29,945] {logging_mixin.py:104} INFO - [2023-03-21 11:37:29,945] {dagbag.py:451} INFO - Filling up the DagBag from /home/airflow/.local/lib/python3.6/site-packages/airflow/example_dags/example_branch_python_dop_operator_3.py
[2023-03-21 11:37:29,962] {scheduler_job.py:639} INFO - DAG(s) dict_keys(['example_branch_dop_operator_v3']) retrieved from /home/airflow/.local/lib/python3.6/site-packages/airflow/example_dags/example_branch_python_dop_operator_3.py
[2023-03-21 11:37:29,982] {logging_mixin.py:104} INFO - [2023-03-21 11:37:29,981] {dag.py:1824} INFO - Sync 1 DAGs
[2023-03-21 11:37:30,003] {logging_mixin.py:104} INFO - [2023-03-21 11:37:30,003] {dag.py:2280} INFO - Setting next_dagrun for example_branch_dop_operator_v3 to 2023-03-19 00:00:00+00:00
[2023-03-21 11:37:30,009] {scheduler_job.py:190} INFO - Processing /home/airflow/.local/lib/python3.6/site-packages/airflow/example_dags/example_branch_python_dop_operator_3.py took 0.070 seconds
[2023-03-21 11:38:00,476] {scheduler_job.py:182} INFO - Started process (PID=394) to work on /home/airflow/.local/lib/python3.6/site-packages/airflow/example_dags/example_branch_python_dop_operator_3.py
[2023-03-21 11:38:00,478] {scheduler_job.py:629} INFO - Processing file /home/airflow/.local/lib/python3.6/site-packages/airflow/example_dags/example_branch_python_dop_operator_3.py for tasks to queue
[2023-03-21 11:38:00,479] {logging_mixin.py:104} INFO - [2023-03-21 11:38:00,478] {dagbag.py:451} INFO - Filling up the DagBag from /home/airflow/.local/lib/python3.6/site-packages/airflow/example_dags/example_branch_python_dop_operator_3.py
[2023-03-21 11:38:00,496] {scheduler_job.py:639} INFO - DAG(s) dict_keys(['example_branch_dop_operator_v3']) retrieved from /home/airflow/.local/lib/python3.6/site-packages/airflow/example_dags/example_branch_python_dop_operator_3.py
[2023-03-21 11:38:00,514] {logging_mixin.py:104} INFO - [2023-03-21 11:38:00,514] {dag.py:1824} INFO - Sync 1 DAGs
[2023-03-21 11:38:00,535] {logging_mixin.py:104} INFO - [2023-03-21 11:38:00,534] {dag.py:2280} INFO - Setting next_dagrun for example_branch_dop_operator_v3 to 2023-03-19 00:00:00+00:00
[2023-03-21 11:38:00,541] {scheduler_job.py:190} INFO - Processing /home/airflow/.local/lib/python3.6/site-packages/airflow/example_dags/example_branch_python_dop_operator_3.py took 0.068 seconds
[2023-03-21 11:38:31,020] {scheduler_job.py:182} INFO - Started process (PID=420) to work on /home/airflow/.local/lib/python3.6/site-packages/airflow/example_dags/example_branch_python_dop_operator_3.py
[2023-03-21 11:38:31,021] {scheduler_job.py:629} INFO - Processing file /home/airflow/.local/lib/python3.6/site-packages/airflow/example_dags/example_branch_python_dop_operator_3.py for tasks to queue
[2023-03-21 11:38:31,027] {logging_mixin.py:104} INFO - [2023-03-21 11:38:31,027] {dagbag.py:451} INFO - Filling up the DagBag from /home/airflow/.local/lib/python3.6/site-packages/airflow/example_dags/example_branch_python_dop_operator_3.py
[2023-03-21 11:38:31,040] {scheduler_job.py:639} INFO - DAG(s) dict_keys(['example_branch_dop_operator_v3']) retrieved from /home/airflow/.local/lib/python3.6/site-packages/airflow/example_dags/example_branch_python_dop_operator_3.py
[2023-03-21 11:38:31,060] {logging_mixin.py:104} INFO - [2023-03-21 11:38:31,060] {dag.py:1824} INFO - Sync 1 DAGs
[2023-03-21 11:38:31,081] {logging_mixin.py:104} INFO - [2023-03-21 11:38:31,080] {dag.py:2280} INFO - Setting next_dagrun for example_branch_dop_operator_v3 to 2023-03-19 00:00:00+00:00
[2023-03-21 11:38:31,087] {scheduler_job.py:190} INFO - Processing /home/airflow/.local/lib/python3.6/site-packages/airflow/example_dags/example_branch_python_dop_operator_3.py took 0.070 seconds
[2023-03-21 11:39:01,452] {scheduler_job.py:182} INFO - Started process (PID=446) to work on /home/airflow/.local/lib/python3.6/site-packages/airflow/example_dags/example_branch_python_dop_operator_3.py
[2023-03-21 11:39:01,453] {scheduler_job.py:629} INFO - Processing file /home/airflow/.local/lib/python3.6/site-packages/airflow/example_dags/example_branch_python_dop_operator_3.py for tasks to queue
[2023-03-21 11:39:01,454] {logging_mixin.py:104} INFO - [2023-03-21 11:39:01,454] {dagbag.py:451} INFO - Filling up the DagBag from /home/airflow/.local/lib/python3.6/site-packages/airflow/example_dags/example_branch_python_dop_operator_3.py
[2023-03-21 11:39:01,468] {scheduler_job.py:639} INFO - DAG(s) dict_keys(['example_branch_dop_operator_v3']) retrieved from /home/airflow/.local/lib/python3.6/site-packages/airflow/example_dags/example_branch_python_dop_operator_3.py
[2023-03-21 11:39:01,488] {logging_mixin.py:104} INFO - [2023-03-21 11:39:01,488] {dag.py:1824} INFO - Sync 1 DAGs
[2023-03-21 11:39:01,509] {logging_mixin.py:104} INFO - [2023-03-21 11:39:01,509] {dag.py:2280} INFO - Setting next_dagrun for example_branch_dop_operator_v3 to 2023-03-19 00:00:00+00:00
[2023-03-21 11:39:01,519] {scheduler_job.py:190} INFO - Processing /home/airflow/.local/lib/python3.6/site-packages/airflow/example_dags/example_branch_python_dop_operator_3.py took 0.070 seconds
[2023-03-21 11:39:32,038] {scheduler_job.py:182} INFO - Started process (PID=472) to work on /home/airflow/.local/lib/python3.6/site-packages/airflow/example_dags/example_branch_python_dop_operator_3.py
[2023-03-21 11:39:32,040] {scheduler_job.py:629} INFO - Processing file /home/airflow/.local/lib/python3.6/site-packages/airflow/example_dags/example_branch_python_dop_operator_3.py for tasks to queue
[2023-03-21 11:39:32,041] {logging_mixin.py:104} INFO - [2023-03-21 11:39:32,041] {dagbag.py:451} INFO - Filling up the DagBag from /home/airflow/.local/lib/python3.6/site-packages/airflow/example_dags/example_branch_python_dop_operator_3.py
[2023-03-21 11:39:32,055] {scheduler_job.py:639} INFO - DAG(s) dict_keys(['example_branch_dop_operator_v3']) retrieved from /home/airflow/.local/lib/python3.6/site-packages/airflow/example_dags/example_branch_python_dop_operator_3.py
[2023-03-21 11:39:32,080] {logging_mixin.py:104} INFO - [2023-03-21 11:39:32,080] {dag.py:1824} INFO - Sync 1 DAGs
[2023-03-21 11:39:32,102] {logging_mixin.py:104} INFO - [2023-03-21 11:39:32,102] {dag.py:2280} INFO - Setting next_dagrun for example_branch_dop_operator_v3 to 2023-03-19 00:00:00+00:00
[2023-03-21 11:39:32,110] {scheduler_job.py:190} INFO - Processing /home/airflow/.local/lib/python3.6/site-packages/airflow/example_dags/example_branch_python_dop_operator_3.py took 0.075 seconds
[2023-03-21 11:40:02,604] {scheduler_job.py:182} INFO - Started process (PID=498) to work on /home/airflow/.local/lib/python3.6/site-packages/airflow/example_dags/example_branch_python_dop_operator_3.py
[2023-03-21 11:40:02,606] {scheduler_job.py:629} INFO - Processing file /home/airflow/.local/lib/python3.6/site-packages/airflow/example_dags/example_branch_python_dop_operator_3.py for tasks to queue
[2023-03-21 11:40:02,607] {logging_mixin.py:104} INFO - [2023-03-21 11:40:02,606] {dagbag.py:451} INFO - Filling up the DagBag from /home/airflow/.local/lib/python3.6/site-packages/airflow/example_dags/example_branch_python_dop_operator_3.py
[2023-03-21 11:40:02,620] {scheduler_job.py:639} INFO - DAG(s) dict_keys(['example_branch_dop_operator_v3']) retrieved from /home/airflow/.local/lib/python3.6/site-packages/airflow/example_dags/example_branch_python_dop_operator_3.py
[2023-03-21 11:40:02,640] {logging_mixin.py:104} INFO - [2023-03-21 11:40:02,640] {dag.py:1824} INFO - Sync 1 DAGs
[2023-03-21 11:40:02,661] {logging_mixin.py:104} INFO - [2023-03-21 11:40:02,661] {dag.py:2280} INFO - Setting next_dagrun for example_branch_dop_operator_v3 to 2023-03-19 00:00:00+00:00
[2023-03-21 11:40:02,670] {scheduler_job.py:190} INFO - Processing /home/airflow/.local/lib/python3.6/site-packages/airflow/example_dags/example_branch_python_dop_operator_3.py took 0.069 seconds
[2023-03-21 11:40:33,096] {scheduler_job.py:182} INFO - Started process (PID=524) to work on /home/airflow/.local/lib/python3.6/site-packages/airflow/example_dags/example_branch_python_dop_operator_3.py
[2023-03-21 11:40:33,098] {scheduler_job.py:629} INFO - Processing file /home/airflow/.local/lib/python3.6/site-packages/airflow/example_dags/example_branch_python_dop_operator_3.py for tasks to queue
[2023-03-21 11:40:33,099] {logging_mixin.py:104} INFO - [2023-03-21 11:40:33,098] {dagbag.py:451} INFO - Filling up the DagBag from /home/airflow/.local/lib/python3.6/site-packages/airflow/example_dags/example_branch_python_dop_operator_3.py
[2023-03-21 11:40:33,113] {scheduler_job.py:639} INFO - DAG(s) dict_keys(['example_branch_dop_operator_v3']) retrieved from /home/airflow/.local/lib/python3.6/site-packages/airflow/example_dags/example_branch_python_dop_operator_3.py
[2023-03-21 11:40:33,133] {logging_mixin.py:104} INFO - [2023-03-21 11:40:33,132] {dag.py:1824} INFO - Sync 1 DAGs
[2023-03-21 11:40:33,155] {logging_mixin.py:104} INFO - [2023-03-21 11:40:33,155] {dag.py:2280} INFO - Setting next_dagrun for example_branch_dop_operator_v3 to 2023-03-19 00:00:00+00:00
[2023-03-21 11:40:33,165] {scheduler_job.py:190} INFO - Processing /home/airflow/.local/lib/python3.6/site-packages/airflow/example_dags/example_branch_python_dop_operator_3.py took 0.071 seconds
[2023-03-21 11:41:03,523] {scheduler_job.py:182} INFO - Started process (PID=550) to work on /home/airflow/.local/lib/python3.6/site-packages/airflow/example_dags/example_branch_python_dop_operator_3.py
[2023-03-21 11:41:03,525] {scheduler_job.py:629} INFO - Processing file /home/airflow/.local/lib/python3.6/site-packages/airflow/example_dags/example_branch_python_dop_operator_3.py for tasks to queue
[2023-03-21 11:41:03,526] {logging_mixin.py:104} INFO - [2023-03-21 11:41:03,526] {dagbag.py:451} INFO - Filling up the DagBag from /home/airflow/.local/lib/python3.6/site-packages/airflow/example_dags/example_branch_python_dop_operator_3.py
[2023-03-21 11:41:03,540] {scheduler_job.py:639} INFO - DAG(s) dict_keys(['example_branch_dop_operator_v3']) retrieved from /home/airflow/.local/lib/python3.6/site-packages/airflow/example_dags/example_branch_python_dop_operator_3.py
[2023-03-21 11:41:03,559] {logging_mixin.py:104} INFO - [2023-03-21 11:41:03,559] {dag.py:1824} INFO - Sync 1 DAGs
[2023-03-21 11:41:03,581] {logging_mixin.py:104} INFO - [2023-03-21 11:41:03,580] {dag.py:2280} INFO - Setting next_dagrun for example_branch_dop_operator_v3 to 2023-03-19 00:00:00+00:00
[2023-03-21 11:41:03,587] {scheduler_job.py:190} INFO - Processing /home/airflow/.local/lib/python3.6/site-packages/airflow/example_dags/example_branch_python_dop_operator_3.py took 0.067 seconds
[2023-03-21 11:41:34,143] {scheduler_job.py:182} INFO - Started process (PID=576) to work on /home/airflow/.local/lib/python3.6/site-packages/airflow/example_dags/example_branch_python_dop_operator_3.py
[2023-03-21 11:41:34,145] {scheduler_job.py:629} INFO - Processing file /home/airflow/.local/lib/python3.6/site-packages/airflow/example_dags/example_branch_python_dop_operator_3.py for tasks to queue
[2023-03-21 11:41:34,145] {logging_mixin.py:104} INFO - [2023-03-21 11:41:34,145] {dagbag.py:451} INFO - Filling up the DagBag from /home/airflow/.local/lib/python3.6/site-packages/airflow/example_dags/example_branch_python_dop_operator_3.py
[2023-03-21 11:41:34,160] {scheduler_job.py:639} INFO - DAG(s) dict_keys(['example_branch_dop_operator_v3']) retrieved from /home/airflow/.local/lib/python3.6/site-packages/airflow/example_dags/example_branch_python_dop_operator_3.py
[2023-03-21 11:41:34,179] {logging_mixin.py:104} INFO - [2023-03-21 11:41:34,179] {dag.py:1824} INFO - Sync 1 DAGs
[2023-03-21 11:41:34,201] {logging_mixin.py:104} INFO - [2023-03-21 11:41:34,201] {dag.py:2280} INFO - Setting next_dagrun for example_branch_dop_operator_v3 to 2023-03-19 00:00:00+00:00
[2023-03-21 11:41:34,208] {scheduler_job.py:190} INFO - Processing /home/airflow/.local/lib/python3.6/site-packages/airflow/example_dags/example_branch_python_dop_operator_3.py took 0.068 seconds
[2023-03-21 11:42:04,653] {scheduler_job.py:182} INFO - Started process (PID=602) to work on /home/airflow/.local/lib/python3.6/site-packages/airflow/example_dags/example_branch_python_dop_operator_3.py
[2023-03-21 11:42:04,654] {scheduler_job.py:629} INFO - Processing file /home/airflow/.local/lib/python3.6/site-packages/airflow/example_dags/example_branch_python_dop_operator_3.py for tasks to queue
[2023-03-21 11:42:04,655] {logging_mixin.py:104} INFO - [2023-03-21 11:42:04,655] {dagbag.py:451} INFO - Filling up the DagBag from /home/airflow/.local/lib/python3.6/site-packages/airflow/example_dags/example_branch_python_dop_operator_3.py
[2023-03-21 11:42:04,670] {scheduler_job.py:639} INFO - DAG(s) dict_keys(['example_branch_dop_operator_v3']) retrieved from /home/airflow/.local/lib/python3.6/site-packages/airflow/example_dags/example_branch_python_dop_operator_3.py
[2023-03-21 11:42:04,690] {logging_mixin.py:104} INFO - [2023-03-21 11:42:04,690] {dag.py:1824} INFO - Sync 1 DAGs
[2023-03-21 11:42:04,712] {logging_mixin.py:104} INFO - [2023-03-21 11:42:04,712] {dag.py:2280} INFO - Setting next_dagrun for example_branch_dop_operator_v3 to 2023-03-19 00:00:00+00:00
[2023-03-21 11:42:04,719] {scheduler_job.py:190} INFO - Processing /home/airflow/.local/lib/python3.6/site-packages/airflow/example_dags/example_branch_python_dop_operator_3.py took 0.069 seconds
[2023-03-21 11:42:35,125] {scheduler_job.py:182} INFO - Started process (PID=628) to work on /home/airflow/.local/lib/python3.6/site-packages/airflow/example_dags/example_branch_python_dop_operator_3.py
[2023-03-21 11:42:35,127] {scheduler_job.py:629} INFO - Processing file /home/airflow/.local/lib/python3.6/site-packages/airflow/example_dags/example_branch_python_dop_operator_3.py for tasks to queue
[2023-03-21 11:42:35,128] {logging_mixin.py:104} INFO - [2023-03-21 11:42:35,128] {dagbag.py:451} INFO - Filling up the DagBag from /home/airflow/.local/lib/python3.6/site-packages/airflow/example_dags/example_branch_python_dop_operator_3.py
[2023-03-21 11:42:35,142] {scheduler_job.py:639} INFO - DAG(s) dict_keys(['example_branch_dop_operator_v3']) retrieved from /home/airflow/.local/lib/python3.6/site-packages/airflow/example_dags/example_branch_python_dop_operator_3.py
[2023-03-21 11:42:35,161] {logging_mixin.py:104} INFO - [2023-03-21 11:42:35,161] {dag.py:1824} INFO - Sync 1 DAGs
[2023-03-21 11:42:35,182] {logging_mixin.py:104} INFO - [2023-03-21 11:42:35,182] {dag.py:2280} INFO - Setting next_dagrun for example_branch_dop_operator_v3 to 2023-03-19 00:00:00+00:00
[2023-03-21 11:42:35,189] {scheduler_job.py:190} INFO - Processing /home/airflow/.local/lib/python3.6/site-packages/airflow/example_dags/example_branch_python_dop_operator_3.py took 0.067 seconds
[2023-03-21 11:43:05,593] {scheduler_job.py:182} INFO - Started process (PID=654) to work on /home/airflow/.local/lib/python3.6/site-packages/airflow/example_dags/example_branch_python_dop_operator_3.py
[2023-03-21 11:43:05,595] {scheduler_job.py:629} INFO - Processing file /home/airflow/.local/lib/python3.6/site-packages/airflow/example_dags/example_branch_python_dop_operator_3.py for tasks to queue
[2023-03-21 11:43:05,596] {logging_mixin.py:104} INFO - [2023-03-21 11:43:05,596] {dagbag.py:451} INFO - Filling up the DagBag from /home/airflow/.local/lib/python3.6/site-packages/airflow/example_dags/example_branch_python_dop_operator_3.py
[2023-03-21 11:43:05,610] {scheduler_job.py:639} INFO - DAG(s) dict_keys(['example_branch_dop_operator_v3']) retrieved from /home/airflow/.local/lib/python3.6/site-packages/airflow/example_dags/example_branch_python_dop_operator_3.py
[2023-03-21 11:43:05,630] {logging_mixin.py:104} INFO - [2023-03-21 11:43:05,630] {dag.py:1824} INFO - Sync 1 DAGs
[2023-03-21 11:43:05,651] {logging_mixin.py:104} INFO - [2023-03-21 11:43:05,651] {dag.py:2280} INFO - Setting next_dagrun for example_branch_dop_operator_v3 to 2023-03-19 00:00:00+00:00
[2023-03-21 11:43:05,659] {scheduler_job.py:190} INFO - Processing /home/airflow/.local/lib/python3.6/site-packages/airflow/example_dags/example_branch_python_dop_operator_3.py took 0.069 seconds
[2023-03-21 11:43:35,949] {scheduler_job.py:182} INFO - Started process (PID=680) to work on /home/airflow/.local/lib/python3.6/site-packages/airflow/example_dags/example_branch_python_dop_operator_3.py
[2023-03-21 11:43:35,951] {scheduler_job.py:629} INFO - Processing file /home/airflow/.local/lib/python3.6/site-packages/airflow/example_dags/example_branch_python_dop_operator_3.py for tasks to queue
[2023-03-21 11:43:35,952] {logging_mixin.py:104} INFO - [2023-03-21 11:43:35,952] {dagbag.py:451} INFO - Filling up the DagBag from /home/airflow/.local/lib/python3.6/site-packages/airflow/example_dags/example_branch_python_dop_operator_3.py
[2023-03-21 11:43:35,965] {scheduler_job.py:639} INFO - DAG(s) dict_keys(['example_branch_dop_operator_v3']) retrieved from /home/airflow/.local/lib/python3.6/site-packages/airflow/example_dags/example_branch_python_dop_operator_3.py
[2023-03-21 11:43:35,985] {logging_mixin.py:104} INFO - [2023-03-21 11:43:35,985] {dag.py:1824} INFO - Sync 1 DAGs
[2023-03-21 11:43:36,006] {logging_mixin.py:104} INFO - [2023-03-21 11:43:36,006] {dag.py:2280} INFO - Setting next_dagrun for example_branch_dop_operator_v3 to 2023-03-19 00:00:00+00:00
[2023-03-21 11:43:36,013] {scheduler_job.py:190} INFO - Processing /home/airflow/.local/lib/python3.6/site-packages/airflow/example_dags/example_branch_python_dop_operator_3.py took 0.067 seconds
[2023-03-21 11:44:06,385] {scheduler_job.py:182} INFO - Started process (PID=706) to work on /home/airflow/.local/lib/python3.6/site-packages/airflow/example_dags/example_branch_python_dop_operator_3.py
[2023-03-21 11:44:06,387] {scheduler_job.py:629} INFO - Processing file /home/airflow/.local/lib/python3.6/site-packages/airflow/example_dags/example_branch_python_dop_operator_3.py for tasks to queue
[2023-03-21 11:44:06,388] {logging_mixin.py:104} INFO - [2023-03-21 11:44:06,387] {dagbag.py:451} INFO - Filling up the DagBag from /home/airflow/.local/lib/python3.6/site-packages/airflow/example_dags/example_branch_python_dop_operator_3.py
[2023-03-21 11:44:06,401] {scheduler_job.py:639} INFO - DAG(s) dict_keys(['example_branch_dop_operator_v3']) retrieved from /home/airflow/.local/lib/python3.6/site-packages/airflow/example_dags/example_branch_python_dop_operator_3.py
[2023-03-21 11:44:06,421] {logging_mixin.py:104} INFO - [2023-03-21 11:44:06,421] {dag.py:1824} INFO - Sync 1 DAGs
[2023-03-21 11:44:06,442] {logging_mixin.py:104} INFO - [2023-03-21 11:44:06,442] {dag.py:2280} INFO - Setting next_dagrun for example_branch_dop_operator_v3 to 2023-03-19 00:00:00+00:00
[2023-03-21 11:44:06,449] {scheduler_job.py:190} INFO - Processing /home/airflow/.local/lib/python3.6/site-packages/airflow/example_dags/example_branch_python_dop_operator_3.py took 0.067 seconds
[2023-03-21 11:44:36,772] {scheduler_job.py:182} INFO - Started process (PID=732) to work on /home/airflow/.local/lib/python3.6/site-packages/airflow/example_dags/example_branch_python_dop_operator_3.py
[2023-03-21 11:44:36,774] {scheduler_job.py:629} INFO - Processing file /home/airflow/.local/lib/python3.6/site-packages/airflow/example_dags/example_branch_python_dop_operator_3.py for tasks to queue
[2023-03-21 11:44:36,775] {logging_mixin.py:104} INFO - [2023-03-21 11:44:36,775] {dagbag.py:451} INFO - Filling up the DagBag from /home/airflow/.local/lib/python3.6/site-packages/airflow/example_dags/example_branch_python_dop_operator_3.py
[2023-03-21 11:44:36,789] {scheduler_job.py:639} INFO - DAG(s) dict_keys(['example_branch_dop_operator_v3']) retrieved from /home/airflow/.local/lib/python3.6/site-packages/airflow/example_dags/example_branch_python_dop_operator_3.py
[2023-03-21 11:44:36,808] {logging_mixin.py:104} INFO - [2023-03-21 11:44:36,808] {dag.py:1824} INFO - Sync 1 DAGs
[2023-03-21 11:44:36,830] {logging_mixin.py:104} INFO - [2023-03-21 11:44:36,830] {dag.py:2280} INFO - Setting next_dagrun for example_branch_dop_operator_v3 to 2023-03-19 00:00:00+00:00
[2023-03-21 11:44:36,837] {scheduler_job.py:190} INFO - Processing /home/airflow/.local/lib/python3.6/site-packages/airflow/example_dags/example_branch_python_dop_operator_3.py took 0.068 seconds
[2023-03-21 11:45:07,232] {scheduler_job.py:182} INFO - Started process (PID=758) to work on /home/airflow/.local/lib/python3.6/site-packages/airflow/example_dags/example_branch_python_dop_operator_3.py
[2023-03-21 11:45:07,234] {scheduler_job.py:629} INFO - Processing file /home/airflow/.local/lib/python3.6/site-packages/airflow/example_dags/example_branch_python_dop_operator_3.py for tasks to queue
[2023-03-21 11:45:07,235] {logging_mixin.py:104} INFO - [2023-03-21 11:45:07,235] {dagbag.py:451} INFO - Filling up the DagBag from /home/airflow/.local/lib/python3.6/site-packages/airflow/example_dags/example_branch_python_dop_operator_3.py
[2023-03-21 11:45:07,250] {scheduler_job.py:639} INFO - DAG(s) dict_keys(['example_branch_dop_operator_v3']) retrieved from /home/airflow/.local/lib/python3.6/site-packages/airflow/example_dags/example_branch_python_dop_operator_3.py
[2023-03-21 11:45:07,270] {logging_mixin.py:104} INFO - [2023-03-21 11:45:07,270] {dag.py:1824} INFO - Sync 1 DAGs
[2023-03-21 11:45:07,293] {logging_mixin.py:104} INFO - [2023-03-21 11:45:07,293] {dag.py:2280} INFO - Setting next_dagrun for example_branch_dop_operator_v3 to 2023-03-19 00:00:00+00:00
[2023-03-21 11:45:07,300] {scheduler_job.py:190} INFO - Processing /home/airflow/.local/lib/python3.6/site-packages/airflow/example_dags/example_branch_python_dop_operator_3.py took 0.072 seconds
[2023-03-21 11:45:38,109] {scheduler_job.py:182} INFO - Started process (PID=784) to work on /home/airflow/.local/lib/python3.6/site-packages/airflow/example_dags/example_branch_python_dop_operator_3.py
[2023-03-21 11:45:38,111] {scheduler_job.py:629} INFO - Processing file /home/airflow/.local/lib/python3.6/site-packages/airflow/example_dags/example_branch_python_dop_operator_3.py for tasks to queue
[2023-03-21 11:45:38,112] {logging_mixin.py:104} INFO - [2023-03-21 11:45:38,112] {dagbag.py:451} INFO - Filling up the DagBag from /home/airflow/.local/lib/python3.6/site-packages/airflow/example_dags/example_branch_python_dop_operator_3.py
[2023-03-21 11:45:38,127] {scheduler_job.py:639} INFO - DAG(s) dict_keys(['example_branch_dop_operator_v3']) retrieved from /home/airflow/.local/lib/python3.6/site-packages/airflow/example_dags/example_branch_python_dop_operator_3.py
[2023-03-21 11:45:38,147] {logging_mixin.py:104} INFO - [2023-03-21 11:45:38,147] {dag.py:1824} INFO - Sync 1 DAGs
[2023-03-21 11:45:38,169] {logging_mixin.py:104} INFO - [2023-03-21 11:45:38,169] {dag.py:2280} INFO - Setting next_dagrun for example_branch_dop_operator_v3 to 2023-03-19 00:00:00+00:00
[2023-03-21 11:45:38,177] {scheduler_job.py:190} INFO - Processing /home/airflow/.local/lib/python3.6/site-packages/airflow/example_dags/example_branch_python_dop_operator_3.py took 0.071 seconds
[2023-03-21 11:46:08,565] {scheduler_job.py:182} INFO - Started process (PID=810) to work on /home/airflow/.local/lib/python3.6/site-packages/airflow/example_dags/example_branch_python_dop_operator_3.py
[2023-03-21 11:46:08,566] {scheduler_job.py:629} INFO - Processing file /home/airflow/.local/lib/python3.6/site-packages/airflow/example_dags/example_branch_python_dop_operator_3.py for tasks to queue
[2023-03-21 11:46:08,567] {logging_mixin.py:104} INFO - [2023-03-21 11:46:08,567] {dagbag.py:451} INFO - Filling up the DagBag from /home/airflow/.local/lib/python3.6/site-packages/airflow/example_dags/example_branch_python_dop_operator_3.py
[2023-03-21 11:46:08,583] {scheduler_job.py:639} INFO - DAG(s) dict_keys(['example_branch_dop_operator_v3']) retrieved from /home/airflow/.local/lib/python3.6/site-packages/airflow/example_dags/example_branch_python_dop_operator_3.py
[2023-03-21 11:46:08,607] {logging_mixin.py:104} INFO - [2023-03-21 11:46:08,607] {dag.py:1824} INFO - Sync 1 DAGs
[2023-03-21 11:46:08,630] {logging_mixin.py:104} INFO - [2023-03-21 11:46:08,630] {dag.py:2280} INFO - Setting next_dagrun for example_branch_dop_operator_v3 to 2023-03-19 00:00:00+00:00
[2023-03-21 11:46:08,638] {scheduler_job.py:190} INFO - Processing /home/airflow/.local/lib/python3.6/site-packages/airflow/example_dags/example_branch_python_dop_operator_3.py took 0.076 seconds
