[2023-03-21 11:31:20,176] {scheduler_job.py:182} INFO - Started process (PID=48) to work on /home/airflow/.local/lib/python3.6/site-packages/airflow/example_dags/example_xcom.py
[2023-03-21 11:31:20,178] {scheduler_job.py:629} INFO - Processing file /home/airflow/.local/lib/python3.6/site-packages/airflow/example_dags/example_xcom.py for tasks to queue
[2023-03-21 11:31:20,181] {logging_mixin.py:104} INFO - [2023-03-21 11:31:20,181] {dagbag.py:451} INFO - Filling up the DagBag from /home/airflow/.local/lib/python3.6/site-packages/airflow/example_dags/example_xcom.py
[2023-03-21 11:31:20,216] {scheduler_job.py:639} INFO - DAG(s) dict_keys(['example_xcom']) retrieved from /home/airflow/.local/lib/python3.6/site-packages/airflow/example_dags/example_xcom.py
[2023-03-21 11:31:20,279] {logging_mixin.py:104} INFO - [2023-03-21 11:31:20,279] {dag.py:1824} INFO - Sync 1 DAGs
[2023-03-21 11:31:20,302] {logging_mixin.py:104} INFO - [2023-03-21 11:31:20,302] {dag.py:2280} INFO - Setting next_dagrun for example_xcom to 2023-03-19 00:00:00+00:00
[2023-03-21 11:31:20,331] {scheduler_job.py:190} INFO - Processing /home/airflow/.local/lib/python3.6/site-packages/airflow/example_dags/example_xcom.py took 0.167 seconds
[2023-03-21 11:31:50,518] {scheduler_job.py:182} INFO - Started process (PID=70) to work on /home/airflow/.local/lib/python3.6/site-packages/airflow/example_dags/example_xcom.py
[2023-03-21 11:31:50,520] {scheduler_job.py:629} INFO - Processing file /home/airflow/.local/lib/python3.6/site-packages/airflow/example_dags/example_xcom.py for tasks to queue
[2023-03-21 11:31:50,521] {logging_mixin.py:104} INFO - [2023-03-21 11:31:50,521] {dagbag.py:451} INFO - Filling up the DagBag from /home/airflow/.local/lib/python3.6/site-packages/airflow/example_dags/example_xcom.py
[2023-03-21 11:31:50,539] {scheduler_job.py:639} INFO - DAG(s) dict_keys(['example_xcom']) retrieved from /home/airflow/.local/lib/python3.6/site-packages/airflow/example_dags/example_xcom.py
[2023-03-21 11:31:50,561] {logging_mixin.py:104} INFO - [2023-03-21 11:31:50,561] {dag.py:1824} INFO - Sync 1 DAGs
[2023-03-21 11:31:50,574] {logging_mixin.py:104} INFO - [2023-03-21 11:31:50,574] {dag.py:2280} INFO - Setting next_dagrun for example_xcom to 2023-03-19 00:00:00+00:00
[2023-03-21 11:31:50,581] {scheduler_job.py:190} INFO - Processing /home/airflow/.local/lib/python3.6/site-packages/airflow/example_dags/example_xcom.py took 0.066 seconds
[2023-03-21 11:32:20,775] {scheduler_job.py:182} INFO - Started process (PID=99) to work on /home/airflow/.local/lib/python3.6/site-packages/airflow/example_dags/example_xcom.py
[2023-03-21 11:32:20,779] {scheduler_job.py:629} INFO - Processing file /home/airflow/.local/lib/python3.6/site-packages/airflow/example_dags/example_xcom.py for tasks to queue
[2023-03-21 11:32:20,783] {logging_mixin.py:104} INFO - [2023-03-21 11:32:20,782] {dagbag.py:451} INFO - Filling up the DagBag from /home/airflow/.local/lib/python3.6/site-packages/airflow/example_dags/example_xcom.py
[2023-03-21 11:32:20,844] {scheduler_job.py:639} INFO - DAG(s) dict_keys(['example_xcom']) retrieved from /home/airflow/.local/lib/python3.6/site-packages/airflow/example_dags/example_xcom.py
[2023-03-21 11:32:21,001] {logging_mixin.py:104} INFO - [2023-03-21 11:32:21,001] {dag.py:1824} INFO - Sync 1 DAGs
[2023-03-21 11:32:21,173] {logging_mixin.py:104} INFO - [2023-03-21 11:32:21,172] {dag.py:2280} INFO - Setting next_dagrun for example_xcom to 2023-03-19 00:00:00+00:00
[2023-03-21 11:32:21,333] {scheduler_job.py:190} INFO - Processing /home/airflow/.local/lib/python3.6/site-packages/airflow/example_dags/example_xcom.py took 0.569 seconds
[2023-03-21 11:32:51,789] {scheduler_job.py:182} INFO - Started process (PID=125) to work on /home/airflow/.local/lib/python3.6/site-packages/airflow/example_dags/example_xcom.py
[2023-03-21 11:32:51,791] {scheduler_job.py:629} INFO - Processing file /home/airflow/.local/lib/python3.6/site-packages/airflow/example_dags/example_xcom.py for tasks to queue
[2023-03-21 11:32:51,793] {logging_mixin.py:104} INFO - [2023-03-21 11:32:51,792] {dagbag.py:451} INFO - Filling up the DagBag from /home/airflow/.local/lib/python3.6/site-packages/airflow/example_dags/example_xcom.py
[2023-03-21 11:32:51,825] {scheduler_job.py:639} INFO - DAG(s) dict_keys(['example_xcom']) retrieved from /home/airflow/.local/lib/python3.6/site-packages/airflow/example_dags/example_xcom.py
[2023-03-21 11:32:51,891] {logging_mixin.py:104} INFO - [2023-03-21 11:32:51,891] {dag.py:1824} INFO - Sync 1 DAGs
[2023-03-21 11:32:51,919] {logging_mixin.py:104} INFO - [2023-03-21 11:32:51,919] {dag.py:2280} INFO - Setting next_dagrun for example_xcom to 2023-03-19 00:00:00+00:00
[2023-03-21 11:32:51,936] {scheduler_job.py:190} INFO - Processing /home/airflow/.local/lib/python3.6/site-packages/airflow/example_dags/example_xcom.py took 0.164 seconds
[2023-03-21 11:33:22,100] {scheduler_job.py:182} INFO - Started process (PID=151) to work on /home/airflow/.local/lib/python3.6/site-packages/airflow/example_dags/example_xcom.py
[2023-03-21 11:33:22,102] {scheduler_job.py:629} INFO - Processing file /home/airflow/.local/lib/python3.6/site-packages/airflow/example_dags/example_xcom.py for tasks to queue
[2023-03-21 11:33:22,103] {logging_mixin.py:104} INFO - [2023-03-21 11:33:22,103] {dagbag.py:451} INFO - Filling up the DagBag from /home/airflow/.local/lib/python3.6/site-packages/airflow/example_dags/example_xcom.py
[2023-03-21 11:33:22,147] {scheduler_job.py:639} INFO - DAG(s) dict_keys(['example_xcom']) retrieved from /home/airflow/.local/lib/python3.6/site-packages/airflow/example_dags/example_xcom.py
[2023-03-21 11:33:22,232] {logging_mixin.py:104} INFO - [2023-03-21 11:33:22,232] {dag.py:1824} INFO - Sync 1 DAGs
[2023-03-21 11:33:22,258] {logging_mixin.py:104} INFO - [2023-03-21 11:33:22,257] {dag.py:2280} INFO - Setting next_dagrun for example_xcom to 2023-03-19 00:00:00+00:00
[2023-03-21 11:33:22,268] {scheduler_job.py:190} INFO - Processing /home/airflow/.local/lib/python3.6/site-packages/airflow/example_dags/example_xcom.py took 0.172 seconds
[2023-03-21 11:33:52,803] {scheduler_job.py:182} INFO - Started process (PID=177) to work on /home/airflow/.local/lib/python3.6/site-packages/airflow/example_dags/example_xcom.py
[2023-03-21 11:33:52,809] {scheduler_job.py:629} INFO - Processing file /home/airflow/.local/lib/python3.6/site-packages/airflow/example_dags/example_xcom.py for tasks to queue
[2023-03-21 11:33:52,813] {logging_mixin.py:104} INFO - [2023-03-21 11:33:52,812] {dagbag.py:451} INFO - Filling up the DagBag from /home/airflow/.local/lib/python3.6/site-packages/airflow/example_dags/example_xcom.py
[2023-03-21 11:33:52,958] {scheduler_job.py:639} INFO - DAG(s) dict_keys(['example_xcom']) retrieved from /home/airflow/.local/lib/python3.6/site-packages/airflow/example_dags/example_xcom.py
[2023-03-21 11:33:53,052] {logging_mixin.py:104} INFO - [2023-03-21 11:33:53,051] {dag.py:1824} INFO - Sync 1 DAGs
[2023-03-21 11:33:53,095] {logging_mixin.py:104} INFO - [2023-03-21 11:33:53,095] {dag.py:2280} INFO - Setting next_dagrun for example_xcom to 2023-03-19 00:00:00+00:00
[2023-03-21 11:33:53,120] {scheduler_job.py:190} INFO - Processing /home/airflow/.local/lib/python3.6/site-packages/airflow/example_dags/example_xcom.py took 0.341 seconds
[2023-03-21 11:34:23,615] {scheduler_job.py:182} INFO - Started process (PID=203) to work on /home/airflow/.local/lib/python3.6/site-packages/airflow/example_dags/example_xcom.py
[2023-03-21 11:34:23,617] {scheduler_job.py:629} INFO - Processing file /home/airflow/.local/lib/python3.6/site-packages/airflow/example_dags/example_xcom.py for tasks to queue
[2023-03-21 11:34:23,621] {logging_mixin.py:104} INFO - [2023-03-21 11:34:23,621] {dagbag.py:451} INFO - Filling up the DagBag from /home/airflow/.local/lib/python3.6/site-packages/airflow/example_dags/example_xcom.py
[2023-03-21 11:34:23,648] {scheduler_job.py:639} INFO - DAG(s) dict_keys(['example_xcom']) retrieved from /home/airflow/.local/lib/python3.6/site-packages/airflow/example_dags/example_xcom.py
[2023-03-21 11:34:23,690] {logging_mixin.py:104} INFO - [2023-03-21 11:34:23,690] {dag.py:1824} INFO - Sync 1 DAGs
[2023-03-21 11:34:23,718] {logging_mixin.py:104} INFO - [2023-03-21 11:34:23,718] {dag.py:2280} INFO - Setting next_dagrun for example_xcom to 2023-03-19 00:00:00+00:00
[2023-03-21 11:34:23,727] {scheduler_job.py:190} INFO - Processing /home/airflow/.local/lib/python3.6/site-packages/airflow/example_dags/example_xcom.py took 0.117 seconds
[2023-03-21 11:34:53,865] {scheduler_job.py:182} INFO - Started process (PID=229) to work on /home/airflow/.local/lib/python3.6/site-packages/airflow/example_dags/example_xcom.py
[2023-03-21 11:34:53,868] {scheduler_job.py:629} INFO - Processing file /home/airflow/.local/lib/python3.6/site-packages/airflow/example_dags/example_xcom.py for tasks to queue
[2023-03-21 11:34:53,871] {logging_mixin.py:104} INFO - [2023-03-21 11:34:53,871] {dagbag.py:451} INFO - Filling up the DagBag from /home/airflow/.local/lib/python3.6/site-packages/airflow/example_dags/example_xcom.py
[2023-03-21 11:34:53,894] {scheduler_job.py:639} INFO - DAG(s) dict_keys(['example_xcom']) retrieved from /home/airflow/.local/lib/python3.6/site-packages/airflow/example_dags/example_xcom.py
[2023-03-21 11:34:53,938] {logging_mixin.py:104} INFO - [2023-03-21 11:34:53,938] {dag.py:1824} INFO - Sync 1 DAGs
[2023-03-21 11:34:53,960] {logging_mixin.py:104} INFO - [2023-03-21 11:34:53,959] {dag.py:2280} INFO - Setting next_dagrun for example_xcom to 2023-03-19 00:00:00+00:00
[2023-03-21 11:34:53,973] {scheduler_job.py:190} INFO - Processing /home/airflow/.local/lib/python3.6/site-packages/airflow/example_dags/example_xcom.py took 0.116 seconds
[2023-03-21 11:35:24,080] {scheduler_job.py:182} INFO - Started process (PID=255) to work on /home/airflow/.local/lib/python3.6/site-packages/airflow/example_dags/example_xcom.py
[2023-03-21 11:35:24,084] {scheduler_job.py:629} INFO - Processing file /home/airflow/.local/lib/python3.6/site-packages/airflow/example_dags/example_xcom.py for tasks to queue
[2023-03-21 11:35:24,086] {logging_mixin.py:104} INFO - [2023-03-21 11:35:24,086] {dagbag.py:451} INFO - Filling up the DagBag from /home/airflow/.local/lib/python3.6/site-packages/airflow/example_dags/example_xcom.py
[2023-03-21 11:35:24,111] {scheduler_job.py:639} INFO - DAG(s) dict_keys(['example_xcom']) retrieved from /home/airflow/.local/lib/python3.6/site-packages/airflow/example_dags/example_xcom.py
[2023-03-21 11:35:24,175] {logging_mixin.py:104} INFO - [2023-03-21 11:35:24,175] {dag.py:1824} INFO - Sync 1 DAGs
[2023-03-21 11:35:24,212] {logging_mixin.py:104} INFO - [2023-03-21 11:35:24,212] {dag.py:2280} INFO - Setting next_dagrun for example_xcom to 2023-03-19 00:00:00+00:00
[2023-03-21 11:35:24,227] {scheduler_job.py:190} INFO - Processing /home/airflow/.local/lib/python3.6/site-packages/airflow/example_dags/example_xcom.py took 0.158 seconds
[2023-03-21 11:35:55,169] {scheduler_job.py:182} INFO - Started process (PID=281) to work on /home/airflow/.local/lib/python3.6/site-packages/airflow/example_dags/example_xcom.py
[2023-03-21 11:35:55,172] {scheduler_job.py:629} INFO - Processing file /home/airflow/.local/lib/python3.6/site-packages/airflow/example_dags/example_xcom.py for tasks to queue
[2023-03-21 11:35:55,174] {logging_mixin.py:104} INFO - [2023-03-21 11:35:55,173] {dagbag.py:451} INFO - Filling up the DagBag from /home/airflow/.local/lib/python3.6/site-packages/airflow/example_dags/example_xcom.py
[2023-03-21 11:35:55,205] {scheduler_job.py:639} INFO - DAG(s) dict_keys(['example_xcom']) retrieved from /home/airflow/.local/lib/python3.6/site-packages/airflow/example_dags/example_xcom.py
[2023-03-21 11:35:55,265] {logging_mixin.py:104} INFO - [2023-03-21 11:35:55,264] {dag.py:1824} INFO - Sync 1 DAGs
[2023-03-21 11:35:55,285] {logging_mixin.py:104} INFO - [2023-03-21 11:35:55,285] {dag.py:2280} INFO - Setting next_dagrun for example_xcom to 2023-03-19 00:00:00+00:00
[2023-03-21 11:35:55,297] {scheduler_job.py:190} INFO - Processing /home/airflow/.local/lib/python3.6/site-packages/airflow/example_dags/example_xcom.py took 0.135 seconds
[2023-03-21 11:36:25,631] {scheduler_job.py:182} INFO - Started process (PID=307) to work on /home/airflow/.local/lib/python3.6/site-packages/airflow/example_dags/example_xcom.py
[2023-03-21 11:36:25,636] {scheduler_job.py:629} INFO - Processing file /home/airflow/.local/lib/python3.6/site-packages/airflow/example_dags/example_xcom.py for tasks to queue
[2023-03-21 11:36:25,638] {logging_mixin.py:104} INFO - [2023-03-21 11:36:25,637] {dagbag.py:451} INFO - Filling up the DagBag from /home/airflow/.local/lib/python3.6/site-packages/airflow/example_dags/example_xcom.py
[2023-03-21 11:36:25,670] {scheduler_job.py:639} INFO - DAG(s) dict_keys(['example_xcom']) retrieved from /home/airflow/.local/lib/python3.6/site-packages/airflow/example_dags/example_xcom.py
[2023-03-21 11:36:25,696] {logging_mixin.py:104} INFO - [2023-03-21 11:36:25,696] {dag.py:1824} INFO - Sync 1 DAGs
[2023-03-21 11:36:25,712] {logging_mixin.py:104} INFO - [2023-03-21 11:36:25,711] {dag.py:2280} INFO - Setting next_dagrun for example_xcom to 2023-03-19 00:00:00+00:00
[2023-03-21 11:36:25,720] {scheduler_job.py:190} INFO - Processing /home/airflow/.local/lib/python3.6/site-packages/airflow/example_dags/example_xcom.py took 0.098 seconds
[2023-03-21 11:36:56,065] {scheduler_job.py:182} INFO - Started process (PID=333) to work on /home/airflow/.local/lib/python3.6/site-packages/airflow/example_dags/example_xcom.py
[2023-03-21 11:36:56,068] {scheduler_job.py:629} INFO - Processing file /home/airflow/.local/lib/python3.6/site-packages/airflow/example_dags/example_xcom.py for tasks to queue
[2023-03-21 11:36:56,070] {logging_mixin.py:104} INFO - [2023-03-21 11:36:56,070] {dagbag.py:451} INFO - Filling up the DagBag from /home/airflow/.local/lib/python3.6/site-packages/airflow/example_dags/example_xcom.py
[2023-03-21 11:36:56,095] {scheduler_job.py:639} INFO - DAG(s) dict_keys(['example_xcom']) retrieved from /home/airflow/.local/lib/python3.6/site-packages/airflow/example_dags/example_xcom.py
[2023-03-21 11:36:56,118] {logging_mixin.py:104} INFO - [2023-03-21 11:36:56,118] {dag.py:1824} INFO - Sync 1 DAGs
[2023-03-21 11:36:56,128] {logging_mixin.py:104} INFO - [2023-03-21 11:36:56,128] {dag.py:2280} INFO - Setting next_dagrun for example_xcom to 2023-03-19 00:00:00+00:00
[2023-03-21 11:36:56,135] {scheduler_job.py:190} INFO - Processing /home/airflow/.local/lib/python3.6/site-packages/airflow/example_dags/example_xcom.py took 0.078 seconds
[2023-03-21 11:37:26,520] {scheduler_job.py:182} INFO - Started process (PID=359) to work on /home/airflow/.local/lib/python3.6/site-packages/airflow/example_dags/example_xcom.py
[2023-03-21 11:37:26,523] {scheduler_job.py:629} INFO - Processing file /home/airflow/.local/lib/python3.6/site-packages/airflow/example_dags/example_xcom.py for tasks to queue
[2023-03-21 11:37:26,525] {logging_mixin.py:104} INFO - [2023-03-21 11:37:26,525] {dagbag.py:451} INFO - Filling up the DagBag from /home/airflow/.local/lib/python3.6/site-packages/airflow/example_dags/example_xcom.py
[2023-03-21 11:37:26,549] {scheduler_job.py:639} INFO - DAG(s) dict_keys(['example_xcom']) retrieved from /home/airflow/.local/lib/python3.6/site-packages/airflow/example_dags/example_xcom.py
[2023-03-21 11:37:26,572] {logging_mixin.py:104} INFO - [2023-03-21 11:37:26,571] {dag.py:1824} INFO - Sync 1 DAGs
[2023-03-21 11:37:26,582] {logging_mixin.py:104} INFO - [2023-03-21 11:37:26,582] {dag.py:2280} INFO - Setting next_dagrun for example_xcom to 2023-03-19 00:00:00+00:00
[2023-03-21 11:37:26,591] {scheduler_job.py:190} INFO - Processing /home/airflow/.local/lib/python3.6/site-packages/airflow/example_dags/example_xcom.py took 0.080 seconds
[2023-03-21 11:37:56,960] {scheduler_job.py:182} INFO - Started process (PID=385) to work on /home/airflow/.local/lib/python3.6/site-packages/airflow/example_dags/example_xcom.py
[2023-03-21 11:37:56,966] {scheduler_job.py:629} INFO - Processing file /home/airflow/.local/lib/python3.6/site-packages/airflow/example_dags/example_xcom.py for tasks to queue
[2023-03-21 11:37:56,971] {logging_mixin.py:104} INFO - [2023-03-21 11:37:56,971] {dagbag.py:451} INFO - Filling up the DagBag from /home/airflow/.local/lib/python3.6/site-packages/airflow/example_dags/example_xcom.py
[2023-03-21 11:37:57,012] {scheduler_job.py:639} INFO - DAG(s) dict_keys(['example_xcom']) retrieved from /home/airflow/.local/lib/python3.6/site-packages/airflow/example_dags/example_xcom.py
[2023-03-21 11:37:57,048] {logging_mixin.py:104} INFO - [2023-03-21 11:37:57,047] {dag.py:1824} INFO - Sync 1 DAGs
[2023-03-21 11:37:57,069] {logging_mixin.py:104} INFO - [2023-03-21 11:37:57,069] {dag.py:2280} INFO - Setting next_dagrun for example_xcom to 2023-03-19 00:00:00+00:00
[2023-03-21 11:37:57,081] {scheduler_job.py:190} INFO - Processing /home/airflow/.local/lib/python3.6/site-packages/airflow/example_dags/example_xcom.py took 0.132 seconds
[2023-03-21 11:38:27,462] {scheduler_job.py:182} INFO - Started process (PID=411) to work on /home/airflow/.local/lib/python3.6/site-packages/airflow/example_dags/example_xcom.py
[2023-03-21 11:38:27,472] {scheduler_job.py:629} INFO - Processing file /home/airflow/.local/lib/python3.6/site-packages/airflow/example_dags/example_xcom.py for tasks to queue
[2023-03-21 11:38:27,474] {logging_mixin.py:104} INFO - [2023-03-21 11:38:27,474] {dagbag.py:451} INFO - Filling up the DagBag from /home/airflow/.local/lib/python3.6/site-packages/airflow/example_dags/example_xcom.py
[2023-03-21 11:38:27,523] {scheduler_job.py:639} INFO - DAG(s) dict_keys(['example_xcom']) retrieved from /home/airflow/.local/lib/python3.6/site-packages/airflow/example_dags/example_xcom.py
[2023-03-21 11:38:27,563] {logging_mixin.py:104} INFO - [2023-03-21 11:38:27,562] {dag.py:1824} INFO - Sync 1 DAGs
[2023-03-21 11:38:27,587] {logging_mixin.py:104} INFO - [2023-03-21 11:38:27,587] {dag.py:2280} INFO - Setting next_dagrun for example_xcom to 2023-03-19 00:00:00+00:00
[2023-03-21 11:38:27,605] {scheduler_job.py:190} INFO - Processing /home/airflow/.local/lib/python3.6/site-packages/airflow/example_dags/example_xcom.py took 0.149 seconds
[2023-03-21 11:38:57,929] {scheduler_job.py:182} INFO - Started process (PID=437) to work on /home/airflow/.local/lib/python3.6/site-packages/airflow/example_dags/example_xcom.py
[2023-03-21 11:38:57,931] {scheduler_job.py:629} INFO - Processing file /home/airflow/.local/lib/python3.6/site-packages/airflow/example_dags/example_xcom.py for tasks to queue
[2023-03-21 11:38:57,932] {logging_mixin.py:104} INFO - [2023-03-21 11:38:57,932] {dagbag.py:451} INFO - Filling up the DagBag from /home/airflow/.local/lib/python3.6/site-packages/airflow/example_dags/example_xcom.py
[2023-03-21 11:38:57,957] {scheduler_job.py:639} INFO - DAG(s) dict_keys(['example_xcom']) retrieved from /home/airflow/.local/lib/python3.6/site-packages/airflow/example_dags/example_xcom.py
[2023-03-21 11:38:57,995] {logging_mixin.py:104} INFO - [2023-03-21 11:38:57,995] {dag.py:1824} INFO - Sync 1 DAGs
[2023-03-21 11:38:58,018] {logging_mixin.py:104} INFO - [2023-03-21 11:38:58,017] {dag.py:2280} INFO - Setting next_dagrun for example_xcom to 2023-03-19 00:00:00+00:00
[2023-03-21 11:38:58,030] {scheduler_job.py:190} INFO - Processing /home/airflow/.local/lib/python3.6/site-packages/airflow/example_dags/example_xcom.py took 0.106 seconds
[2023-03-21 11:39:28,565] {scheduler_job.py:182} INFO - Started process (PID=463) to work on /home/airflow/.local/lib/python3.6/site-packages/airflow/example_dags/example_xcom.py
[2023-03-21 11:39:28,570] {scheduler_job.py:629} INFO - Processing file /home/airflow/.local/lib/python3.6/site-packages/airflow/example_dags/example_xcom.py for tasks to queue
[2023-03-21 11:39:28,572] {logging_mixin.py:104} INFO - [2023-03-21 11:39:28,572] {dagbag.py:451} INFO - Filling up the DagBag from /home/airflow/.local/lib/python3.6/site-packages/airflow/example_dags/example_xcom.py
[2023-03-21 11:39:28,595] {scheduler_job.py:639} INFO - DAG(s) dict_keys(['example_xcom']) retrieved from /home/airflow/.local/lib/python3.6/site-packages/airflow/example_dags/example_xcom.py
[2023-03-21 11:39:28,626] {logging_mixin.py:104} INFO - [2023-03-21 11:39:28,626] {dag.py:1824} INFO - Sync 1 DAGs
[2023-03-21 11:39:28,645] {logging_mixin.py:104} INFO - [2023-03-21 11:39:28,644] {dag.py:2280} INFO - Setting next_dagrun for example_xcom to 2023-03-19 00:00:00+00:00
[2023-03-21 11:39:28,655] {scheduler_job.py:190} INFO - Processing /home/airflow/.local/lib/python3.6/site-packages/airflow/example_dags/example_xcom.py took 0.099 seconds
[2023-03-21 11:39:59,089] {scheduler_job.py:182} INFO - Started process (PID=489) to work on /home/airflow/.local/lib/python3.6/site-packages/airflow/example_dags/example_xcom.py
[2023-03-21 11:39:59,093] {scheduler_job.py:629} INFO - Processing file /home/airflow/.local/lib/python3.6/site-packages/airflow/example_dags/example_xcom.py for tasks to queue
[2023-03-21 11:39:59,095] {logging_mixin.py:104} INFO - [2023-03-21 11:39:59,094] {dagbag.py:451} INFO - Filling up the DagBag from /home/airflow/.local/lib/python3.6/site-packages/airflow/example_dags/example_xcom.py
[2023-03-21 11:39:59,119] {scheduler_job.py:639} INFO - DAG(s) dict_keys(['example_xcom']) retrieved from /home/airflow/.local/lib/python3.6/site-packages/airflow/example_dags/example_xcom.py
[2023-03-21 11:39:59,167] {logging_mixin.py:104} INFO - [2023-03-21 11:39:59,167] {dag.py:1824} INFO - Sync 1 DAGs
[2023-03-21 11:39:59,202] {logging_mixin.py:104} INFO - [2023-03-21 11:39:59,201] {dag.py:2280} INFO - Setting next_dagrun for example_xcom to 2023-03-19 00:00:00+00:00
[2023-03-21 11:39:59,213] {scheduler_job.py:190} INFO - Processing /home/airflow/.local/lib/python3.6/site-packages/airflow/example_dags/example_xcom.py took 0.133 seconds
[2023-03-21 11:40:29,590] {scheduler_job.py:182} INFO - Started process (PID=515) to work on /home/airflow/.local/lib/python3.6/site-packages/airflow/example_dags/example_xcom.py
[2023-03-21 11:40:29,595] {scheduler_job.py:629} INFO - Processing file /home/airflow/.local/lib/python3.6/site-packages/airflow/example_dags/example_xcom.py for tasks to queue
[2023-03-21 11:40:29,597] {logging_mixin.py:104} INFO - [2023-03-21 11:40:29,596] {dagbag.py:451} INFO - Filling up the DagBag from /home/airflow/.local/lib/python3.6/site-packages/airflow/example_dags/example_xcom.py
[2023-03-21 11:40:29,630] {scheduler_job.py:639} INFO - DAG(s) dict_keys(['example_xcom']) retrieved from /home/airflow/.local/lib/python3.6/site-packages/airflow/example_dags/example_xcom.py
[2023-03-21 11:40:29,682] {logging_mixin.py:104} INFO - [2023-03-21 11:40:29,682] {dag.py:1824} INFO - Sync 1 DAGs
[2023-03-21 11:40:29,706] {logging_mixin.py:104} INFO - [2023-03-21 11:40:29,706] {dag.py:2280} INFO - Setting next_dagrun for example_xcom to 2023-03-19 00:00:00+00:00
[2023-03-21 11:40:29,718] {scheduler_job.py:190} INFO - Processing /home/airflow/.local/lib/python3.6/site-packages/airflow/example_dags/example_xcom.py took 0.138 seconds
[2023-03-21 11:41:00,031] {scheduler_job.py:182} INFO - Started process (PID=541) to work on /home/airflow/.local/lib/python3.6/site-packages/airflow/example_dags/example_xcom.py
[2023-03-21 11:41:00,034] {scheduler_job.py:629} INFO - Processing file /home/airflow/.local/lib/python3.6/site-packages/airflow/example_dags/example_xcom.py for tasks to queue
[2023-03-21 11:41:00,036] {logging_mixin.py:104} INFO - [2023-03-21 11:41:00,036] {dagbag.py:451} INFO - Filling up the DagBag from /home/airflow/.local/lib/python3.6/site-packages/airflow/example_dags/example_xcom.py
[2023-03-21 11:41:00,068] {scheduler_job.py:639} INFO - DAG(s) dict_keys(['example_xcom']) retrieved from /home/airflow/.local/lib/python3.6/site-packages/airflow/example_dags/example_xcom.py
[2023-03-21 11:41:00,107] {logging_mixin.py:104} INFO - [2023-03-21 11:41:00,107] {dag.py:1824} INFO - Sync 1 DAGs
[2023-03-21 11:41:00,131] {logging_mixin.py:104} INFO - [2023-03-21 11:41:00,130] {dag.py:2280} INFO - Setting next_dagrun for example_xcom to 2023-03-19 00:00:00+00:00
[2023-03-21 11:41:00,142] {scheduler_job.py:190} INFO - Processing /home/airflow/.local/lib/python3.6/site-packages/airflow/example_dags/example_xcom.py took 0.120 seconds
[2023-03-21 11:41:30,614] {scheduler_job.py:182} INFO - Started process (PID=567) to work on /home/airflow/.local/lib/python3.6/site-packages/airflow/example_dags/example_xcom.py
[2023-03-21 11:41:30,619] {scheduler_job.py:629} INFO - Processing file /home/airflow/.local/lib/python3.6/site-packages/airflow/example_dags/example_xcom.py for tasks to queue
[2023-03-21 11:41:30,621] {logging_mixin.py:104} INFO - [2023-03-21 11:41:30,621] {dagbag.py:451} INFO - Filling up the DagBag from /home/airflow/.local/lib/python3.6/site-packages/airflow/example_dags/example_xcom.py
[2023-03-21 11:41:30,672] {scheduler_job.py:639} INFO - DAG(s) dict_keys(['example_xcom']) retrieved from /home/airflow/.local/lib/python3.6/site-packages/airflow/example_dags/example_xcom.py
[2023-03-21 11:41:30,712] {logging_mixin.py:104} INFO - [2023-03-21 11:41:30,711] {dag.py:1824} INFO - Sync 1 DAGs
[2023-03-21 11:41:30,735] {logging_mixin.py:104} INFO - [2023-03-21 11:41:30,735] {dag.py:2280} INFO - Setting next_dagrun for example_xcom to 2023-03-19 00:00:00+00:00
[2023-03-21 11:41:30,747] {scheduler_job.py:190} INFO - Processing /home/airflow/.local/lib/python3.6/site-packages/airflow/example_dags/example_xcom.py took 0.141 seconds
[2023-03-21 11:42:01,133] {scheduler_job.py:182} INFO - Started process (PID=593) to work on /home/airflow/.local/lib/python3.6/site-packages/airflow/example_dags/example_xcom.py
[2023-03-21 11:42:01,137] {scheduler_job.py:629} INFO - Processing file /home/airflow/.local/lib/python3.6/site-packages/airflow/example_dags/example_xcom.py for tasks to queue
[2023-03-21 11:42:01,138] {logging_mixin.py:104} INFO - [2023-03-21 11:42:01,138] {dagbag.py:451} INFO - Filling up the DagBag from /home/airflow/.local/lib/python3.6/site-packages/airflow/example_dags/example_xcom.py
[2023-03-21 11:42:01,193] {scheduler_job.py:639} INFO - DAG(s) dict_keys(['example_xcom']) retrieved from /home/airflow/.local/lib/python3.6/site-packages/airflow/example_dags/example_xcom.py
[2023-03-21 11:42:01,226] {logging_mixin.py:104} INFO - [2023-03-21 11:42:01,226] {dag.py:1824} INFO - Sync 1 DAGs
[2023-03-21 11:42:01,250] {logging_mixin.py:104} INFO - [2023-03-21 11:42:01,250] {dag.py:2280} INFO - Setting next_dagrun for example_xcom to 2023-03-19 00:00:00+00:00
[2023-03-21 11:42:01,262] {scheduler_job.py:190} INFO - Processing /home/airflow/.local/lib/python3.6/site-packages/airflow/example_dags/example_xcom.py took 0.136 seconds
[2023-03-21 11:42:31,660] {scheduler_job.py:182} INFO - Started process (PID=619) to work on /home/airflow/.local/lib/python3.6/site-packages/airflow/example_dags/example_xcom.py
[2023-03-21 11:42:31,664] {scheduler_job.py:629} INFO - Processing file /home/airflow/.local/lib/python3.6/site-packages/airflow/example_dags/example_xcom.py for tasks to queue
[2023-03-21 11:42:31,666] {logging_mixin.py:104} INFO - [2023-03-21 11:42:31,666] {dagbag.py:451} INFO - Filling up the DagBag from /home/airflow/.local/lib/python3.6/site-packages/airflow/example_dags/example_xcom.py
[2023-03-21 11:42:31,692] {scheduler_job.py:639} INFO - DAG(s) dict_keys(['example_xcom']) retrieved from /home/airflow/.local/lib/python3.6/site-packages/airflow/example_dags/example_xcom.py
[2023-03-21 11:42:31,732] {logging_mixin.py:104} INFO - [2023-03-21 11:42:31,732] {dag.py:1824} INFO - Sync 1 DAGs
[2023-03-21 11:42:31,777] {logging_mixin.py:104} INFO - [2023-03-21 11:42:31,777] {dag.py:2280} INFO - Setting next_dagrun for example_xcom to 2023-03-19 00:00:00+00:00
[2023-03-21 11:42:31,789] {scheduler_job.py:190} INFO - Processing /home/airflow/.local/lib/python3.6/site-packages/airflow/example_dags/example_xcom.py took 0.138 seconds
[2023-03-21 11:43:02,122] {scheduler_job.py:182} INFO - Started process (PID=645) to work on /home/airflow/.local/lib/python3.6/site-packages/airflow/example_dags/example_xcom.py
[2023-03-21 11:43:02,126] {scheduler_job.py:629} INFO - Processing file /home/airflow/.local/lib/python3.6/site-packages/airflow/example_dags/example_xcom.py for tasks to queue
[2023-03-21 11:43:02,127] {logging_mixin.py:104} INFO - [2023-03-21 11:43:02,127] {dagbag.py:451} INFO - Filling up the DagBag from /home/airflow/.local/lib/python3.6/site-packages/airflow/example_dags/example_xcom.py
[2023-03-21 11:43:02,151] {scheduler_job.py:639} INFO - DAG(s) dict_keys(['example_xcom']) retrieved from /home/airflow/.local/lib/python3.6/site-packages/airflow/example_dags/example_xcom.py
[2023-03-21 11:43:02,192] {logging_mixin.py:104} INFO - [2023-03-21 11:43:02,192] {dag.py:1824} INFO - Sync 1 DAGs
[2023-03-21 11:43:02,214] {logging_mixin.py:104} INFO - [2023-03-21 11:43:02,214] {dag.py:2280} INFO - Setting next_dagrun for example_xcom to 2023-03-19 00:00:00+00:00
[2023-03-21 11:43:02,225] {scheduler_job.py:190} INFO - Processing /home/airflow/.local/lib/python3.6/site-packages/airflow/example_dags/example_xcom.py took 0.110 seconds
[2023-03-21 11:43:32,521] {scheduler_job.py:182} INFO - Started process (PID=671) to work on /home/airflow/.local/lib/python3.6/site-packages/airflow/example_dags/example_xcom.py
[2023-03-21 11:43:32,526] {scheduler_job.py:629} INFO - Processing file /home/airflow/.local/lib/python3.6/site-packages/airflow/example_dags/example_xcom.py for tasks to queue
[2023-03-21 11:43:32,528] {logging_mixin.py:104} INFO - [2023-03-21 11:43:32,528] {dagbag.py:451} INFO - Filling up the DagBag from /home/airflow/.local/lib/python3.6/site-packages/airflow/example_dags/example_xcom.py
[2023-03-21 11:43:32,553] {scheduler_job.py:639} INFO - DAG(s) dict_keys(['example_xcom']) retrieved from /home/airflow/.local/lib/python3.6/site-packages/airflow/example_dags/example_xcom.py
[2023-03-21 11:43:32,578] {logging_mixin.py:104} INFO - [2023-03-21 11:43:32,578] {dag.py:1824} INFO - Sync 1 DAGs
[2023-03-21 11:43:32,592] {logging_mixin.py:104} INFO - [2023-03-21 11:43:32,592] {dag.py:2280} INFO - Setting next_dagrun for example_xcom to 2023-03-19 00:00:00+00:00
[2023-03-21 11:43:32,600] {scheduler_job.py:190} INFO - Processing /home/airflow/.local/lib/python3.6/site-packages/airflow/example_dags/example_xcom.py took 0.089 seconds
[2023-03-21 11:44:02,888] {scheduler_job.py:182} INFO - Started process (PID=697) to work on /home/airflow/.local/lib/python3.6/site-packages/airflow/example_dags/example_xcom.py
[2023-03-21 11:44:02,891] {scheduler_job.py:629} INFO - Processing file /home/airflow/.local/lib/python3.6/site-packages/airflow/example_dags/example_xcom.py for tasks to queue
[2023-03-21 11:44:02,893] {logging_mixin.py:104} INFO - [2023-03-21 11:44:02,893] {dagbag.py:451} INFO - Filling up the DagBag from /home/airflow/.local/lib/python3.6/site-packages/airflow/example_dags/example_xcom.py
[2023-03-21 11:44:02,920] {scheduler_job.py:639} INFO - DAG(s) dict_keys(['example_xcom']) retrieved from /home/airflow/.local/lib/python3.6/site-packages/airflow/example_dags/example_xcom.py
[2023-03-21 11:44:02,976] {logging_mixin.py:104} INFO - [2023-03-21 11:44:02,975] {dag.py:1824} INFO - Sync 1 DAGs
[2023-03-21 11:44:02,998] {logging_mixin.py:104} INFO - [2023-03-21 11:44:02,997] {dag.py:2280} INFO - Setting next_dagrun for example_xcom to 2023-03-19 00:00:00+00:00
[2023-03-21 11:44:03,009] {scheduler_job.py:190} INFO - Processing /home/airflow/.local/lib/python3.6/site-packages/airflow/example_dags/example_xcom.py took 0.128 seconds
[2023-03-21 11:44:33,370] {scheduler_job.py:182} INFO - Started process (PID=723) to work on /home/airflow/.local/lib/python3.6/site-packages/airflow/example_dags/example_xcom.py
[2023-03-21 11:44:33,374] {scheduler_job.py:629} INFO - Processing file /home/airflow/.local/lib/python3.6/site-packages/airflow/example_dags/example_xcom.py for tasks to queue
[2023-03-21 11:44:33,376] {logging_mixin.py:104} INFO - [2023-03-21 11:44:33,376] {dagbag.py:451} INFO - Filling up the DagBag from /home/airflow/.local/lib/python3.6/site-packages/airflow/example_dags/example_xcom.py
[2023-03-21 11:44:33,399] {scheduler_job.py:639} INFO - DAG(s) dict_keys(['example_xcom']) retrieved from /home/airflow/.local/lib/python3.6/site-packages/airflow/example_dags/example_xcom.py
[2023-03-21 11:44:33,425] {logging_mixin.py:104} INFO - [2023-03-21 11:44:33,425] {dag.py:1824} INFO - Sync 1 DAGs
[2023-03-21 11:44:33,440] {logging_mixin.py:104} INFO - [2023-03-21 11:44:33,440] {dag.py:2280} INFO - Setting next_dagrun for example_xcom to 2023-03-19 00:00:00+00:00
[2023-03-21 11:44:33,449] {scheduler_job.py:190} INFO - Processing /home/airflow/.local/lib/python3.6/site-packages/airflow/example_dags/example_xcom.py took 0.086 seconds
[2023-03-21 11:45:03,777] {scheduler_job.py:182} INFO - Started process (PID=749) to work on /home/airflow/.local/lib/python3.6/site-packages/airflow/example_dags/example_xcom.py
[2023-03-21 11:45:03,781] {scheduler_job.py:629} INFO - Processing file /home/airflow/.local/lib/python3.6/site-packages/airflow/example_dags/example_xcom.py for tasks to queue
[2023-03-21 11:45:03,783] {logging_mixin.py:104} INFO - [2023-03-21 11:45:03,783] {dagbag.py:451} INFO - Filling up the DagBag from /home/airflow/.local/lib/python3.6/site-packages/airflow/example_dags/example_xcom.py
[2023-03-21 11:45:03,809] {scheduler_job.py:639} INFO - DAG(s) dict_keys(['example_xcom']) retrieved from /home/airflow/.local/lib/python3.6/site-packages/airflow/example_dags/example_xcom.py
[2023-03-21 11:45:03,846] {logging_mixin.py:104} INFO - [2023-03-21 11:45:03,846] {dag.py:1824} INFO - Sync 1 DAGs
[2023-03-21 11:45:03,868] {logging_mixin.py:104} INFO - [2023-03-21 11:45:03,868] {dag.py:2280} INFO - Setting next_dagrun for example_xcom to 2023-03-19 00:00:00+00:00
[2023-03-21 11:45:03,878] {scheduler_job.py:190} INFO - Processing /home/airflow/.local/lib/python3.6/site-packages/airflow/example_dags/example_xcom.py took 0.110 seconds
[2023-03-21 11:45:34,546] {scheduler_job.py:182} INFO - Started process (PID=775) to work on /home/airflow/.local/lib/python3.6/site-packages/airflow/example_dags/example_xcom.py
[2023-03-21 11:45:34,548] {scheduler_job.py:629} INFO - Processing file /home/airflow/.local/lib/python3.6/site-packages/airflow/example_dags/example_xcom.py for tasks to queue
[2023-03-21 11:45:34,550] {logging_mixin.py:104} INFO - [2023-03-21 11:45:34,550] {dagbag.py:451} INFO - Filling up the DagBag from /home/airflow/.local/lib/python3.6/site-packages/airflow/example_dags/example_xcom.py
[2023-03-21 11:45:34,583] {scheduler_job.py:639} INFO - DAG(s) dict_keys(['example_xcom']) retrieved from /home/airflow/.local/lib/python3.6/site-packages/airflow/example_dags/example_xcom.py
[2023-03-21 11:45:34,636] {logging_mixin.py:104} INFO - [2023-03-21 11:45:34,636] {dag.py:1824} INFO - Sync 1 DAGs
[2023-03-21 11:45:34,663] {logging_mixin.py:104} INFO - [2023-03-21 11:45:34,662] {dag.py:2280} INFO - Setting next_dagrun for example_xcom to 2023-03-19 00:00:00+00:00
[2023-03-21 11:45:34,677] {scheduler_job.py:190} INFO - Processing /home/airflow/.local/lib/python3.6/site-packages/airflow/example_dags/example_xcom.py took 0.137 seconds
[2023-03-21 11:46:05,075] {scheduler_job.py:182} INFO - Started process (PID=801) to work on /home/airflow/.local/lib/python3.6/site-packages/airflow/example_dags/example_xcom.py
[2023-03-21 11:46:05,080] {scheduler_job.py:629} INFO - Processing file /home/airflow/.local/lib/python3.6/site-packages/airflow/example_dags/example_xcom.py for tasks to queue
[2023-03-21 11:46:05,083] {logging_mixin.py:104} INFO - [2023-03-21 11:46:05,082] {dagbag.py:451} INFO - Filling up the DagBag from /home/airflow/.local/lib/python3.6/site-packages/airflow/example_dags/example_xcom.py
[2023-03-21 11:46:05,120] {scheduler_job.py:639} INFO - DAG(s) dict_keys(['example_xcom']) retrieved from /home/airflow/.local/lib/python3.6/site-packages/airflow/example_dags/example_xcom.py
[2023-03-21 11:46:05,155] {logging_mixin.py:104} INFO - [2023-03-21 11:46:05,155] {dag.py:1824} INFO - Sync 1 DAGs
[2023-03-21 11:46:05,177] {logging_mixin.py:104} INFO - [2023-03-21 11:46:05,177] {dag.py:2280} INFO - Setting next_dagrun for example_xcom to 2023-03-19 00:00:00+00:00
[2023-03-21 11:46:05,188] {scheduler_job.py:190} INFO - Processing /home/airflow/.local/lib/python3.6/site-packages/airflow/example_dags/example_xcom.py took 0.121 seconds
[2023-03-21 11:46:35,731] {scheduler_job.py:182} INFO - Started process (PID=827) to work on /home/airflow/.local/lib/python3.6/site-packages/airflow/example_dags/example_xcom.py
[2023-03-21 11:46:35,734] {scheduler_job.py:629} INFO - Processing file /home/airflow/.local/lib/python3.6/site-packages/airflow/example_dags/example_xcom.py for tasks to queue
[2023-03-21 11:46:35,737] {logging_mixin.py:104} INFO - [2023-03-21 11:46:35,736] {dagbag.py:451} INFO - Filling up the DagBag from /home/airflow/.local/lib/python3.6/site-packages/airflow/example_dags/example_xcom.py
[2023-03-21 11:46:35,774] {scheduler_job.py:639} INFO - DAG(s) dict_keys(['example_xcom']) retrieved from /home/airflow/.local/lib/python3.6/site-packages/airflow/example_dags/example_xcom.py
[2023-03-21 11:46:35,816] {logging_mixin.py:104} INFO - [2023-03-21 11:46:35,816] {dag.py:1824} INFO - Sync 1 DAGs
[2023-03-21 11:46:35,850] {logging_mixin.py:104} INFO - [2023-03-21 11:46:35,849] {dag.py:2280} INFO - Setting next_dagrun for example_xcom to 2023-03-19 00:00:00+00:00
[2023-03-21 11:46:35,863] {scheduler_job.py:190} INFO - Processing /home/airflow/.local/lib/python3.6/site-packages/airflow/example_dags/example_xcom.py took 0.139 seconds
