[2023-03-21 11:31:19,342] {scheduler_job.py:182} INFO - Started process (PID=41) to work on /home/airflow/.local/lib/python3.6/site-packages/airflow/example_dags/example_latest_only_with_trigger.py
[2023-03-21 11:31:19,347] {scheduler_job.py:629} INFO - Processing file /home/airflow/.local/lib/python3.6/site-packages/airflow/example_dags/example_latest_only_with_trigger.py for tasks to queue
[2023-03-21 11:31:19,349] {logging_mixin.py:104} INFO - [2023-03-21 11:31:19,349] {dagbag.py:451} INFO - Filling up the DagBag from /home/airflow/.local/lib/python3.6/site-packages/airflow/example_dags/example_latest_only_with_trigger.py
[2023-03-21 11:31:19,379] {scheduler_job.py:639} INFO - DAG(s) dict_keys(['latest_only_with_trigger']) retrieved from /home/airflow/.local/lib/python3.6/site-packages/airflow/example_dags/example_latest_only_with_trigger.py
[2023-03-21 11:31:19,446] {logging_mixin.py:104} INFO - [2023-03-21 11:31:19,445] {dag.py:1824} INFO - Sync 1 DAGs
[2023-03-21 11:31:19,465] {logging_mixin.py:104} INFO - [2023-03-21 11:31:19,465] {dag.py:2280} INFO - Setting next_dagrun for latest_only_with_trigger to 2023-03-19 00:00:00+00:00
[2023-03-21 11:31:19,480] {scheduler_job.py:190} INFO - Processing /home/airflow/.local/lib/python3.6/site-packages/airflow/example_dags/example_latest_only_with_trigger.py took 0.147 seconds
[2023-03-21 11:31:49,970] {scheduler_job.py:182} INFO - Started process (PID=62) to work on /home/airflow/.local/lib/python3.6/site-packages/airflow/example_dags/example_latest_only_with_trigger.py
[2023-03-21 11:31:49,972] {scheduler_job.py:629} INFO - Processing file /home/airflow/.local/lib/python3.6/site-packages/airflow/example_dags/example_latest_only_with_trigger.py for tasks to queue
[2023-03-21 11:31:49,974] {logging_mixin.py:104} INFO - [2023-03-21 11:31:49,974] {dagbag.py:451} INFO - Filling up the DagBag from /home/airflow/.local/lib/python3.6/site-packages/airflow/example_dags/example_latest_only_with_trigger.py
[2023-03-21 11:31:49,989] {scheduler_job.py:639} INFO - DAG(s) dict_keys(['latest_only_with_trigger']) retrieved from /home/airflow/.local/lib/python3.6/site-packages/airflow/example_dags/example_latest_only_with_trigger.py
[2023-03-21 11:31:50,013] {logging_mixin.py:104} INFO - [2023-03-21 11:31:50,012] {dag.py:1824} INFO - Sync 1 DAGs
[2023-03-21 11:31:50,029] {logging_mixin.py:104} INFO - [2023-03-21 11:31:50,029] {dag.py:2280} INFO - Setting next_dagrun for latest_only_with_trigger to 2023-03-19 00:00:00+00:00
[2023-03-21 11:31:50,041] {scheduler_job.py:190} INFO - Processing /home/airflow/.local/lib/python3.6/site-packages/airflow/example_dags/example_latest_only_with_trigger.py took 0.075 seconds
[2023-03-21 11:32:22,577] {scheduler_job.py:182} INFO - Started process (PID=104) to work on /home/airflow/.local/lib/python3.6/site-packages/airflow/example_dags/example_latest_only_with_trigger.py
[2023-03-21 11:32:22,585] {scheduler_job.py:629} INFO - Processing file /home/airflow/.local/lib/python3.6/site-packages/airflow/example_dags/example_latest_only_with_trigger.py for tasks to queue
[2023-03-21 11:32:22,601] {logging_mixin.py:104} INFO - [2023-03-21 11:32:22,600] {dagbag.py:451} INFO - Filling up the DagBag from /home/airflow/.local/lib/python3.6/site-packages/airflow/example_dags/example_latest_only_with_trigger.py
[2023-03-21 11:32:22,633] {scheduler_job.py:639} INFO - DAG(s) dict_keys(['latest_only_with_trigger']) retrieved from /home/airflow/.local/lib/python3.6/site-packages/airflow/example_dags/example_latest_only_with_trigger.py
[2023-03-21 11:32:22,713] {logging_mixin.py:104} INFO - [2023-03-21 11:32:22,713] {dag.py:1824} INFO - Sync 1 DAGs
[2023-03-21 11:32:22,788] {logging_mixin.py:104} INFO - [2023-03-21 11:32:22,787] {dag.py:2280} INFO - Setting next_dagrun for latest_only_with_trigger to 2023-03-19 00:00:00+00:00
[2023-03-21 11:32:22,825] {scheduler_job.py:190} INFO - Processing /home/airflow/.local/lib/python3.6/site-packages/airflow/example_dags/example_latest_only_with_trigger.py took 0.258 seconds
[2023-03-21 11:32:53,198] {scheduler_job.py:182} INFO - Started process (PID=129) to work on /home/airflow/.local/lib/python3.6/site-packages/airflow/example_dags/example_latest_only_with_trigger.py
[2023-03-21 11:32:53,201] {scheduler_job.py:629} INFO - Processing file /home/airflow/.local/lib/python3.6/site-packages/airflow/example_dags/example_latest_only_with_trigger.py for tasks to queue
[2023-03-21 11:32:53,202] {logging_mixin.py:104} INFO - [2023-03-21 11:32:53,202] {dagbag.py:451} INFO - Filling up the DagBag from /home/airflow/.local/lib/python3.6/site-packages/airflow/example_dags/example_latest_only_with_trigger.py
[2023-03-21 11:32:53,215] {scheduler_job.py:639} INFO - DAG(s) dict_keys(['latest_only_with_trigger']) retrieved from /home/airflow/.local/lib/python3.6/site-packages/airflow/example_dags/example_latest_only_with_trigger.py
[2023-03-21 11:32:53,240] {logging_mixin.py:104} INFO - [2023-03-21 11:32:53,240] {dag.py:1824} INFO - Sync 1 DAGs
[2023-03-21 11:32:53,267] {logging_mixin.py:104} INFO - [2023-03-21 11:32:53,267] {dag.py:2280} INFO - Setting next_dagrun for latest_only_with_trigger to 2023-03-19 00:00:00+00:00
[2023-03-21 11:32:53,278] {scheduler_job.py:190} INFO - Processing /home/airflow/.local/lib/python3.6/site-packages/airflow/example_dags/example_latest_only_with_trigger.py took 0.084 seconds
[2023-03-21 11:33:23,441] {scheduler_job.py:182} INFO - Started process (PID=155) to work on /home/airflow/.local/lib/python3.6/site-packages/airflow/example_dags/example_latest_only_with_trigger.py
[2023-03-21 11:33:23,443] {scheduler_job.py:629} INFO - Processing file /home/airflow/.local/lib/python3.6/site-packages/airflow/example_dags/example_latest_only_with_trigger.py for tasks to queue
[2023-03-21 11:33:23,445] {logging_mixin.py:104} INFO - [2023-03-21 11:33:23,445] {dagbag.py:451} INFO - Filling up the DagBag from /home/airflow/.local/lib/python3.6/site-packages/airflow/example_dags/example_latest_only_with_trigger.py
[2023-03-21 11:33:23,463] {scheduler_job.py:639} INFO - DAG(s) dict_keys(['latest_only_with_trigger']) retrieved from /home/airflow/.local/lib/python3.6/site-packages/airflow/example_dags/example_latest_only_with_trigger.py
[2023-03-21 11:33:23,497] {logging_mixin.py:104} INFO - [2023-03-21 11:33:23,497] {dag.py:1824} INFO - Sync 1 DAGs
[2023-03-21 11:33:23,516] {logging_mixin.py:104} INFO - [2023-03-21 11:33:23,515] {dag.py:2280} INFO - Setting next_dagrun for latest_only_with_trigger to 2023-03-19 00:00:00+00:00
[2023-03-21 11:33:23,525] {scheduler_job.py:190} INFO - Processing /home/airflow/.local/lib/python3.6/site-packages/airflow/example_dags/example_latest_only_with_trigger.py took 0.089 seconds
[2023-03-21 11:33:54,245] {scheduler_job.py:182} INFO - Started process (PID=179) to work on /home/airflow/.local/lib/python3.6/site-packages/airflow/example_dags/example_latest_only_with_trigger.py
[2023-03-21 11:33:54,258] {scheduler_job.py:629} INFO - Processing file /home/airflow/.local/lib/python3.6/site-packages/airflow/example_dags/example_latest_only_with_trigger.py for tasks to queue
[2023-03-21 11:33:54,262] {logging_mixin.py:104} INFO - [2023-03-21 11:33:54,262] {dagbag.py:451} INFO - Filling up the DagBag from /home/airflow/.local/lib/python3.6/site-packages/airflow/example_dags/example_latest_only_with_trigger.py
[2023-03-21 11:33:54,295] {scheduler_job.py:639} INFO - DAG(s) dict_keys(['latest_only_with_trigger']) retrieved from /home/airflow/.local/lib/python3.6/site-packages/airflow/example_dags/example_latest_only_with_trigger.py
[2023-03-21 11:33:54,412] {logging_mixin.py:104} INFO - [2023-03-21 11:33:54,412] {dag.py:1824} INFO - Sync 1 DAGs
[2023-03-21 11:33:54,496] {logging_mixin.py:104} INFO - [2023-03-21 11:33:54,496] {dag.py:2280} INFO - Setting next_dagrun for latest_only_with_trigger to 2023-03-19 00:00:00+00:00
[2023-03-21 11:33:54,542] {scheduler_job.py:190} INFO - Processing /home/airflow/.local/lib/python3.6/site-packages/airflow/example_dags/example_latest_only_with_trigger.py took 0.311 seconds
[2023-03-21 11:34:24,793] {scheduler_job.py:182} INFO - Started process (PID=206) to work on /home/airflow/.local/lib/python3.6/site-packages/airflow/example_dags/example_latest_only_with_trigger.py
[2023-03-21 11:34:24,796] {scheduler_job.py:629} INFO - Processing file /home/airflow/.local/lib/python3.6/site-packages/airflow/example_dags/example_latest_only_with_trigger.py for tasks to queue
[2023-03-21 11:34:24,797] {logging_mixin.py:104} INFO - [2023-03-21 11:34:24,797] {dagbag.py:451} INFO - Filling up the DagBag from /home/airflow/.local/lib/python3.6/site-packages/airflow/example_dags/example_latest_only_with_trigger.py
[2023-03-21 11:34:24,837] {scheduler_job.py:639} INFO - DAG(s) dict_keys(['latest_only_with_trigger']) retrieved from /home/airflow/.local/lib/python3.6/site-packages/airflow/example_dags/example_latest_only_with_trigger.py
[2023-03-21 11:34:24,877] {logging_mixin.py:104} INFO - [2023-03-21 11:34:24,877] {dag.py:1824} INFO - Sync 1 DAGs
[2023-03-21 11:34:24,910] {logging_mixin.py:104} INFO - [2023-03-21 11:34:24,910] {dag.py:2280} INFO - Setting next_dagrun for latest_only_with_trigger to 2023-03-19 00:00:00+00:00
[2023-03-21 11:34:24,925] {scheduler_job.py:190} INFO - Processing /home/airflow/.local/lib/python3.6/site-packages/airflow/example_dags/example_latest_only_with_trigger.py took 0.138 seconds
[2023-03-21 11:34:55,045] {scheduler_job.py:182} INFO - Started process (PID=232) to work on /home/airflow/.local/lib/python3.6/site-packages/airflow/example_dags/example_latest_only_with_trigger.py
[2023-03-21 11:34:55,048] {scheduler_job.py:629} INFO - Processing file /home/airflow/.local/lib/python3.6/site-packages/airflow/example_dags/example_latest_only_with_trigger.py for tasks to queue
[2023-03-21 11:34:55,050] {logging_mixin.py:104} INFO - [2023-03-21 11:34:55,050] {dagbag.py:451} INFO - Filling up the DagBag from /home/airflow/.local/lib/python3.6/site-packages/airflow/example_dags/example_latest_only_with_trigger.py
[2023-03-21 11:34:55,066] {scheduler_job.py:639} INFO - DAG(s) dict_keys(['latest_only_with_trigger']) retrieved from /home/airflow/.local/lib/python3.6/site-packages/airflow/example_dags/example_latest_only_with_trigger.py
[2023-03-21 11:34:55,141] {logging_mixin.py:104} INFO - [2023-03-21 11:34:55,141] {dag.py:1824} INFO - Sync 1 DAGs
[2023-03-21 11:34:55,163] {logging_mixin.py:104} INFO - [2023-03-21 11:34:55,162] {dag.py:2280} INFO - Setting next_dagrun for latest_only_with_trigger to 2023-03-19 00:00:00+00:00
[2023-03-21 11:34:55,176] {scheduler_job.py:190} INFO - Processing /home/airflow/.local/lib/python3.6/site-packages/airflow/example_dags/example_latest_only_with_trigger.py took 0.135 seconds
[2023-03-21 11:35:25,273] {scheduler_job.py:182} INFO - Started process (PID=258) to work on /home/airflow/.local/lib/python3.6/site-packages/airflow/example_dags/example_latest_only_with_trigger.py
[2023-03-21 11:35:25,274] {scheduler_job.py:629} INFO - Processing file /home/airflow/.local/lib/python3.6/site-packages/airflow/example_dags/example_latest_only_with_trigger.py for tasks to queue
[2023-03-21 11:35:25,275] {logging_mixin.py:104} INFO - [2023-03-21 11:35:25,275] {dagbag.py:451} INFO - Filling up the DagBag from /home/airflow/.local/lib/python3.6/site-packages/airflow/example_dags/example_latest_only_with_trigger.py
[2023-03-21 11:35:25,286] {scheduler_job.py:639} INFO - DAG(s) dict_keys(['latest_only_with_trigger']) retrieved from /home/airflow/.local/lib/python3.6/site-packages/airflow/example_dags/example_latest_only_with_trigger.py
[2023-03-21 11:35:25,312] {logging_mixin.py:104} INFO - [2023-03-21 11:35:25,312] {dag.py:1824} INFO - Sync 1 DAGs
[2023-03-21 11:35:25,323] {logging_mixin.py:104} INFO - [2023-03-21 11:35:25,323] {dag.py:2280} INFO - Setting next_dagrun for latest_only_with_trigger to 2023-03-19 00:00:00+00:00
[2023-03-21 11:35:25,331] {scheduler_job.py:190} INFO - Processing /home/airflow/.local/lib/python3.6/site-packages/airflow/example_dags/example_latest_only_with_trigger.py took 0.063 seconds
[2023-03-21 11:35:56,452] {scheduler_job.py:182} INFO - Started process (PID=285) to work on /home/airflow/.local/lib/python3.6/site-packages/airflow/example_dags/example_latest_only_with_trigger.py
[2023-03-21 11:35:56,454] {scheduler_job.py:629} INFO - Processing file /home/airflow/.local/lib/python3.6/site-packages/airflow/example_dags/example_latest_only_with_trigger.py for tasks to queue
[2023-03-21 11:35:56,455] {logging_mixin.py:104} INFO - [2023-03-21 11:35:56,455] {dagbag.py:451} INFO - Filling up the DagBag from /home/airflow/.local/lib/python3.6/site-packages/airflow/example_dags/example_latest_only_with_trigger.py
[2023-03-21 11:35:56,464] {scheduler_job.py:639} INFO - DAG(s) dict_keys(['latest_only_with_trigger']) retrieved from /home/airflow/.local/lib/python3.6/site-packages/airflow/example_dags/example_latest_only_with_trigger.py
[2023-03-21 11:35:56,486] {logging_mixin.py:104} INFO - [2023-03-21 11:35:56,486] {dag.py:1824} INFO - Sync 1 DAGs
[2023-03-21 11:35:56,495] {logging_mixin.py:104} INFO - [2023-03-21 11:35:56,495] {dag.py:2280} INFO - Setting next_dagrun for latest_only_with_trigger to 2023-03-19 00:00:00+00:00
[2023-03-21 11:35:56,502] {scheduler_job.py:190} INFO - Processing /home/airflow/.local/lib/python3.6/site-packages/airflow/example_dags/example_latest_only_with_trigger.py took 0.052 seconds
[2023-03-21 11:36:26,869] {scheduler_job.py:182} INFO - Started process (PID=311) to work on /home/airflow/.local/lib/python3.6/site-packages/airflow/example_dags/example_latest_only_with_trigger.py
[2023-03-21 11:36:26,871] {scheduler_job.py:629} INFO - Processing file /home/airflow/.local/lib/python3.6/site-packages/airflow/example_dags/example_latest_only_with_trigger.py for tasks to queue
[2023-03-21 11:36:26,872] {logging_mixin.py:104} INFO - [2023-03-21 11:36:26,872] {dagbag.py:451} INFO - Filling up the DagBag from /home/airflow/.local/lib/python3.6/site-packages/airflow/example_dags/example_latest_only_with_trigger.py
[2023-03-21 11:36:26,884] {scheduler_job.py:639} INFO - DAG(s) dict_keys(['latest_only_with_trigger']) retrieved from /home/airflow/.local/lib/python3.6/site-packages/airflow/example_dags/example_latest_only_with_trigger.py
[2023-03-21 11:36:26,902] {logging_mixin.py:104} INFO - [2023-03-21 11:36:26,902] {dag.py:1824} INFO - Sync 1 DAGs
[2023-03-21 11:36:26,912] {logging_mixin.py:104} INFO - [2023-03-21 11:36:26,912] {dag.py:2280} INFO - Setting next_dagrun for latest_only_with_trigger to 2023-03-19 00:00:00+00:00
[2023-03-21 11:36:26,918] {scheduler_job.py:190} INFO - Processing /home/airflow/.local/lib/python3.6/site-packages/airflow/example_dags/example_latest_only_with_trigger.py took 0.051 seconds
[2023-03-21 11:36:57,299] {scheduler_job.py:182} INFO - Started process (PID=337) to work on /home/airflow/.local/lib/python3.6/site-packages/airflow/example_dags/example_latest_only_with_trigger.py
[2023-03-21 11:36:57,301] {scheduler_job.py:629} INFO - Processing file /home/airflow/.local/lib/python3.6/site-packages/airflow/example_dags/example_latest_only_with_trigger.py for tasks to queue
[2023-03-21 11:36:57,302] {logging_mixin.py:104} INFO - [2023-03-21 11:36:57,302] {dagbag.py:451} INFO - Filling up the DagBag from /home/airflow/.local/lib/python3.6/site-packages/airflow/example_dags/example_latest_only_with_trigger.py
[2023-03-21 11:36:57,314] {scheduler_job.py:639} INFO - DAG(s) dict_keys(['latest_only_with_trigger']) retrieved from /home/airflow/.local/lib/python3.6/site-packages/airflow/example_dags/example_latest_only_with_trigger.py
[2023-03-21 11:36:57,332] {logging_mixin.py:104} INFO - [2023-03-21 11:36:57,332] {dag.py:1824} INFO - Sync 1 DAGs
[2023-03-21 11:36:57,344] {logging_mixin.py:104} INFO - [2023-03-21 11:36:57,344] {dag.py:2280} INFO - Setting next_dagrun for latest_only_with_trigger to 2023-03-19 00:00:00+00:00
[2023-03-21 11:36:57,350] {scheduler_job.py:190} INFO - Processing /home/airflow/.local/lib/python3.6/site-packages/airflow/example_dags/example_latest_only_with_trigger.py took 0.053 seconds
[2023-03-21 11:37:27,733] {scheduler_job.py:182} INFO - Started process (PID=363) to work on /home/airflow/.local/lib/python3.6/site-packages/airflow/example_dags/example_latest_only_with_trigger.py
[2023-03-21 11:37:27,734] {scheduler_job.py:629} INFO - Processing file /home/airflow/.local/lib/python3.6/site-packages/airflow/example_dags/example_latest_only_with_trigger.py for tasks to queue
[2023-03-21 11:37:27,735] {logging_mixin.py:104} INFO - [2023-03-21 11:37:27,735] {dagbag.py:451} INFO - Filling up the DagBag from /home/airflow/.local/lib/python3.6/site-packages/airflow/example_dags/example_latest_only_with_trigger.py
[2023-03-21 11:37:27,747] {scheduler_job.py:639} INFO - DAG(s) dict_keys(['latest_only_with_trigger']) retrieved from /home/airflow/.local/lib/python3.6/site-packages/airflow/example_dags/example_latest_only_with_trigger.py
[2023-03-21 11:37:27,766] {logging_mixin.py:104} INFO - [2023-03-21 11:37:27,766] {dag.py:1824} INFO - Sync 1 DAGs
[2023-03-21 11:37:27,776] {logging_mixin.py:104} INFO - [2023-03-21 11:37:27,775] {dag.py:2280} INFO - Setting next_dagrun for latest_only_with_trigger to 2023-03-19 00:00:00+00:00
[2023-03-21 11:37:27,782] {scheduler_job.py:190} INFO - Processing /home/airflow/.local/lib/python3.6/site-packages/airflow/example_dags/example_latest_only_with_trigger.py took 0.052 seconds
[2023-03-21 11:37:58,249] {scheduler_job.py:182} INFO - Started process (PID=389) to work on /home/airflow/.local/lib/python3.6/site-packages/airflow/example_dags/example_latest_only_with_trigger.py
[2023-03-21 11:37:58,250] {scheduler_job.py:629} INFO - Processing file /home/airflow/.local/lib/python3.6/site-packages/airflow/example_dags/example_latest_only_with_trigger.py for tasks to queue
[2023-03-21 11:37:58,251] {logging_mixin.py:104} INFO - [2023-03-21 11:37:58,251] {dagbag.py:451} INFO - Filling up the DagBag from /home/airflow/.local/lib/python3.6/site-packages/airflow/example_dags/example_latest_only_with_trigger.py
[2023-03-21 11:37:58,263] {scheduler_job.py:639} INFO - DAG(s) dict_keys(['latest_only_with_trigger']) retrieved from /home/airflow/.local/lib/python3.6/site-packages/airflow/example_dags/example_latest_only_with_trigger.py
[2023-03-21 11:37:58,282] {logging_mixin.py:104} INFO - [2023-03-21 11:37:58,282] {dag.py:1824} INFO - Sync 1 DAGs
[2023-03-21 11:37:58,292] {logging_mixin.py:104} INFO - [2023-03-21 11:37:58,292] {dag.py:2280} INFO - Setting next_dagrun for latest_only_with_trigger to 2023-03-19 00:00:00+00:00
[2023-03-21 11:37:58,298] {scheduler_job.py:190} INFO - Processing /home/airflow/.local/lib/python3.6/site-packages/airflow/example_dags/example_latest_only_with_trigger.py took 0.052 seconds
[2023-03-21 11:38:28,773] {scheduler_job.py:182} INFO - Started process (PID=415) to work on /home/airflow/.local/lib/python3.6/site-packages/airflow/example_dags/example_latest_only_with_trigger.py
[2023-03-21 11:38:28,774] {scheduler_job.py:629} INFO - Processing file /home/airflow/.local/lib/python3.6/site-packages/airflow/example_dags/example_latest_only_with_trigger.py for tasks to queue
[2023-03-21 11:38:28,775] {logging_mixin.py:104} INFO - [2023-03-21 11:38:28,775] {dagbag.py:451} INFO - Filling up the DagBag from /home/airflow/.local/lib/python3.6/site-packages/airflow/example_dags/example_latest_only_with_trigger.py
[2023-03-21 11:38:28,787] {scheduler_job.py:639} INFO - DAG(s) dict_keys(['latest_only_with_trigger']) retrieved from /home/airflow/.local/lib/python3.6/site-packages/airflow/example_dags/example_latest_only_with_trigger.py
[2023-03-21 11:38:28,806] {logging_mixin.py:104} INFO - [2023-03-21 11:38:28,806] {dag.py:1824} INFO - Sync 1 DAGs
[2023-03-21 11:38:28,820] {logging_mixin.py:104} INFO - [2023-03-21 11:38:28,820] {dag.py:2280} INFO - Setting next_dagrun for latest_only_with_trigger to 2023-03-19 00:00:00+00:00
[2023-03-21 11:38:28,829] {scheduler_job.py:190} INFO - Processing /home/airflow/.local/lib/python3.6/site-packages/airflow/example_dags/example_latest_only_with_trigger.py took 0.058 seconds
[2023-03-21 11:38:59,213] {scheduler_job.py:182} INFO - Started process (PID=441) to work on /home/airflow/.local/lib/python3.6/site-packages/airflow/example_dags/example_latest_only_with_trigger.py
[2023-03-21 11:38:59,215] {scheduler_job.py:629} INFO - Processing file /home/airflow/.local/lib/python3.6/site-packages/airflow/example_dags/example_latest_only_with_trigger.py for tasks to queue
[2023-03-21 11:38:59,216] {logging_mixin.py:104} INFO - [2023-03-21 11:38:59,216] {dagbag.py:451} INFO - Filling up the DagBag from /home/airflow/.local/lib/python3.6/site-packages/airflow/example_dags/example_latest_only_with_trigger.py
[2023-03-21 11:38:59,227] {scheduler_job.py:639} INFO - DAG(s) dict_keys(['latest_only_with_trigger']) retrieved from /home/airflow/.local/lib/python3.6/site-packages/airflow/example_dags/example_latest_only_with_trigger.py
[2023-03-21 11:38:59,248] {logging_mixin.py:104} INFO - [2023-03-21 11:38:59,248] {dag.py:1824} INFO - Sync 1 DAGs
[2023-03-21 11:38:59,262] {logging_mixin.py:104} INFO - [2023-03-21 11:38:59,261] {dag.py:2280} INFO - Setting next_dagrun for latest_only_with_trigger to 2023-03-19 00:00:00+00:00
[2023-03-21 11:38:59,269] {scheduler_job.py:190} INFO - Processing /home/airflow/.local/lib/python3.6/site-packages/airflow/example_dags/example_latest_only_with_trigger.py took 0.059 seconds
[2023-03-21 11:39:29,819] {scheduler_job.py:182} INFO - Started process (PID=467) to work on /home/airflow/.local/lib/python3.6/site-packages/airflow/example_dags/example_latest_only_with_trigger.py
[2023-03-21 11:39:29,821] {scheduler_job.py:629} INFO - Processing file /home/airflow/.local/lib/python3.6/site-packages/airflow/example_dags/example_latest_only_with_trigger.py for tasks to queue
[2023-03-21 11:39:29,822] {logging_mixin.py:104} INFO - [2023-03-21 11:39:29,822] {dagbag.py:451} INFO - Filling up the DagBag from /home/airflow/.local/lib/python3.6/site-packages/airflow/example_dags/example_latest_only_with_trigger.py
[2023-03-21 11:39:29,831] {scheduler_job.py:639} INFO - DAG(s) dict_keys(['latest_only_with_trigger']) retrieved from /home/airflow/.local/lib/python3.6/site-packages/airflow/example_dags/example_latest_only_with_trigger.py
[2023-03-21 11:39:29,850] {logging_mixin.py:104} INFO - [2023-03-21 11:39:29,850] {dag.py:1824} INFO - Sync 1 DAGs
[2023-03-21 11:39:29,860] {logging_mixin.py:104} INFO - [2023-03-21 11:39:29,860] {dag.py:2280} INFO - Setting next_dagrun for latest_only_with_trigger to 2023-03-19 00:00:00+00:00
[2023-03-21 11:39:29,866] {scheduler_job.py:190} INFO - Processing /home/airflow/.local/lib/python3.6/site-packages/airflow/example_dags/example_latest_only_with_trigger.py took 0.049 seconds
[2023-03-21 11:40:00,371] {scheduler_job.py:182} INFO - Started process (PID=493) to work on /home/airflow/.local/lib/python3.6/site-packages/airflow/example_dags/example_latest_only_with_trigger.py
[2023-03-21 11:40:00,373] {scheduler_job.py:629} INFO - Processing file /home/airflow/.local/lib/python3.6/site-packages/airflow/example_dags/example_latest_only_with_trigger.py for tasks to queue
[2023-03-21 11:40:00,373] {logging_mixin.py:104} INFO - [2023-03-21 11:40:00,373] {dagbag.py:451} INFO - Filling up the DagBag from /home/airflow/.local/lib/python3.6/site-packages/airflow/example_dags/example_latest_only_with_trigger.py
[2023-03-21 11:40:00,383] {scheduler_job.py:639} INFO - DAG(s) dict_keys(['latest_only_with_trigger']) retrieved from /home/airflow/.local/lib/python3.6/site-packages/airflow/example_dags/example_latest_only_with_trigger.py
[2023-03-21 11:40:00,402] {logging_mixin.py:104} INFO - [2023-03-21 11:40:00,402] {dag.py:1824} INFO - Sync 1 DAGs
[2023-03-21 11:40:00,413] {logging_mixin.py:104} INFO - [2023-03-21 11:40:00,413] {dag.py:2280} INFO - Setting next_dagrun for latest_only_with_trigger to 2023-03-19 00:00:00+00:00
[2023-03-21 11:40:00,419] {scheduler_job.py:190} INFO - Processing /home/airflow/.local/lib/python3.6/site-packages/airflow/example_dags/example_latest_only_with_trigger.py took 0.050 seconds
[2023-03-21 11:40:30,870] {scheduler_job.py:182} INFO - Started process (PID=519) to work on /home/airflow/.local/lib/python3.6/site-packages/airflow/example_dags/example_latest_only_with_trigger.py
[2023-03-21 11:40:30,871] {scheduler_job.py:629} INFO - Processing file /home/airflow/.local/lib/python3.6/site-packages/airflow/example_dags/example_latest_only_with_trigger.py for tasks to queue
[2023-03-21 11:40:30,872] {logging_mixin.py:104} INFO - [2023-03-21 11:40:30,872] {dagbag.py:451} INFO - Filling up the DagBag from /home/airflow/.local/lib/python3.6/site-packages/airflow/example_dags/example_latest_only_with_trigger.py
[2023-03-21 11:40:30,881] {scheduler_job.py:639} INFO - DAG(s) dict_keys(['latest_only_with_trigger']) retrieved from /home/airflow/.local/lib/python3.6/site-packages/airflow/example_dags/example_latest_only_with_trigger.py
[2023-03-21 11:40:30,900] {logging_mixin.py:104} INFO - [2023-03-21 11:40:30,900] {dag.py:1824} INFO - Sync 1 DAGs
[2023-03-21 11:40:30,911] {logging_mixin.py:104} INFO - [2023-03-21 11:40:30,911] {dag.py:2280} INFO - Setting next_dagrun for latest_only_with_trigger to 2023-03-19 00:00:00+00:00
[2023-03-21 11:40:30,917] {scheduler_job.py:190} INFO - Processing /home/airflow/.local/lib/python3.6/site-packages/airflow/example_dags/example_latest_only_with_trigger.py took 0.050 seconds
[2023-03-21 11:41:01,304] {scheduler_job.py:182} INFO - Started process (PID=545) to work on /home/airflow/.local/lib/python3.6/site-packages/airflow/example_dags/example_latest_only_with_trigger.py
[2023-03-21 11:41:01,306] {scheduler_job.py:629} INFO - Processing file /home/airflow/.local/lib/python3.6/site-packages/airflow/example_dags/example_latest_only_with_trigger.py for tasks to queue
[2023-03-21 11:41:01,307] {logging_mixin.py:104} INFO - [2023-03-21 11:41:01,307] {dagbag.py:451} INFO - Filling up the DagBag from /home/airflow/.local/lib/python3.6/site-packages/airflow/example_dags/example_latest_only_with_trigger.py
[2023-03-21 11:41:01,321] {scheduler_job.py:639} INFO - DAG(s) dict_keys(['latest_only_with_trigger']) retrieved from /home/airflow/.local/lib/python3.6/site-packages/airflow/example_dags/example_latest_only_with_trigger.py
[2023-03-21 11:41:01,345] {logging_mixin.py:104} INFO - [2023-03-21 11:41:01,344] {dag.py:1824} INFO - Sync 1 DAGs
[2023-03-21 11:41:01,355] {logging_mixin.py:104} INFO - [2023-03-21 11:41:01,355] {dag.py:2280} INFO - Setting next_dagrun for latest_only_with_trigger to 2023-03-19 00:00:00+00:00
[2023-03-21 11:41:01,362] {scheduler_job.py:190} INFO - Processing /home/airflow/.local/lib/python3.6/site-packages/airflow/example_dags/example_latest_only_with_trigger.py took 0.060 seconds
[2023-03-21 11:41:31,906] {scheduler_job.py:182} INFO - Started process (PID=571) to work on /home/airflow/.local/lib/python3.6/site-packages/airflow/example_dags/example_latest_only_with_trigger.py
[2023-03-21 11:41:31,908] {scheduler_job.py:629} INFO - Processing file /home/airflow/.local/lib/python3.6/site-packages/airflow/example_dags/example_latest_only_with_trigger.py for tasks to queue
[2023-03-21 11:41:31,909] {logging_mixin.py:104} INFO - [2023-03-21 11:41:31,909] {dagbag.py:451} INFO - Filling up the DagBag from /home/airflow/.local/lib/python3.6/site-packages/airflow/example_dags/example_latest_only_with_trigger.py
[2023-03-21 11:41:31,918] {scheduler_job.py:639} INFO - DAG(s) dict_keys(['latest_only_with_trigger']) retrieved from /home/airflow/.local/lib/python3.6/site-packages/airflow/example_dags/example_latest_only_with_trigger.py
[2023-03-21 11:41:31,937] {logging_mixin.py:104} INFO - [2023-03-21 11:41:31,937] {dag.py:1824} INFO - Sync 1 DAGs
[2023-03-21 11:41:31,947] {logging_mixin.py:104} INFO - [2023-03-21 11:41:31,947] {dag.py:2280} INFO - Setting next_dagrun for latest_only_with_trigger to 2023-03-19 00:00:00+00:00
[2023-03-21 11:41:31,953] {scheduler_job.py:190} INFO - Processing /home/airflow/.local/lib/python3.6/site-packages/airflow/example_dags/example_latest_only_with_trigger.py took 0.049 seconds
[2023-03-21 11:42:02,415] {scheduler_job.py:182} INFO - Started process (PID=597) to work on /home/airflow/.local/lib/python3.6/site-packages/airflow/example_dags/example_latest_only_with_trigger.py
[2023-03-21 11:42:02,416] {scheduler_job.py:629} INFO - Processing file /home/airflow/.local/lib/python3.6/site-packages/airflow/example_dags/example_latest_only_with_trigger.py for tasks to queue
[2023-03-21 11:42:02,417] {logging_mixin.py:104} INFO - [2023-03-21 11:42:02,417] {dagbag.py:451} INFO - Filling up the DagBag from /home/airflow/.local/lib/python3.6/site-packages/airflow/example_dags/example_latest_only_with_trigger.py
[2023-03-21 11:42:02,427] {scheduler_job.py:639} INFO - DAG(s) dict_keys(['latest_only_with_trigger']) retrieved from /home/airflow/.local/lib/python3.6/site-packages/airflow/example_dags/example_latest_only_with_trigger.py
[2023-03-21 11:42:02,446] {logging_mixin.py:104} INFO - [2023-03-21 11:42:02,446] {dag.py:1824} INFO - Sync 1 DAGs
[2023-03-21 11:42:02,456] {logging_mixin.py:104} INFO - [2023-03-21 11:42:02,456] {dag.py:2280} INFO - Setting next_dagrun for latest_only_with_trigger to 2023-03-19 00:00:00+00:00
[2023-03-21 11:42:02,462] {scheduler_job.py:190} INFO - Processing /home/airflow/.local/lib/python3.6/site-packages/airflow/example_dags/example_latest_only_with_trigger.py took 0.050 seconds
[2023-03-21 11:42:32,931] {scheduler_job.py:182} INFO - Started process (PID=623) to work on /home/airflow/.local/lib/python3.6/site-packages/airflow/example_dags/example_latest_only_with_trigger.py
[2023-03-21 11:42:32,933] {scheduler_job.py:629} INFO - Processing file /home/airflow/.local/lib/python3.6/site-packages/airflow/example_dags/example_latest_only_with_trigger.py for tasks to queue
[2023-03-21 11:42:32,934] {logging_mixin.py:104} INFO - [2023-03-21 11:42:32,934] {dagbag.py:451} INFO - Filling up the DagBag from /home/airflow/.local/lib/python3.6/site-packages/airflow/example_dags/example_latest_only_with_trigger.py
[2023-03-21 11:42:32,943] {scheduler_job.py:639} INFO - DAG(s) dict_keys(['latest_only_with_trigger']) retrieved from /home/airflow/.local/lib/python3.6/site-packages/airflow/example_dags/example_latest_only_with_trigger.py
[2023-03-21 11:42:32,964] {logging_mixin.py:104} INFO - [2023-03-21 11:42:32,964] {dag.py:1824} INFO - Sync 1 DAGs
[2023-03-21 11:42:32,975] {logging_mixin.py:104} INFO - [2023-03-21 11:42:32,975] {dag.py:2280} INFO - Setting next_dagrun for latest_only_with_trigger to 2023-03-19 00:00:00+00:00
[2023-03-21 11:42:32,982] {scheduler_job.py:190} INFO - Processing /home/airflow/.local/lib/python3.6/site-packages/airflow/example_dags/example_latest_only_with_trigger.py took 0.053 seconds
[2023-03-21 11:43:03,361] {scheduler_job.py:182} INFO - Started process (PID=649) to work on /home/airflow/.local/lib/python3.6/site-packages/airflow/example_dags/example_latest_only_with_trigger.py
[2023-03-21 11:43:03,363] {scheduler_job.py:629} INFO - Processing file /home/airflow/.local/lib/python3.6/site-packages/airflow/example_dags/example_latest_only_with_trigger.py for tasks to queue
[2023-03-21 11:43:03,364] {logging_mixin.py:104} INFO - [2023-03-21 11:43:03,364] {dagbag.py:451} INFO - Filling up the DagBag from /home/airflow/.local/lib/python3.6/site-packages/airflow/example_dags/example_latest_only_with_trigger.py
[2023-03-21 11:43:03,373] {scheduler_job.py:639} INFO - DAG(s) dict_keys(['latest_only_with_trigger']) retrieved from /home/airflow/.local/lib/python3.6/site-packages/airflow/example_dags/example_latest_only_with_trigger.py
[2023-03-21 11:43:03,392] {logging_mixin.py:104} INFO - [2023-03-21 11:43:03,392] {dag.py:1824} INFO - Sync 1 DAGs
[2023-03-21 11:43:03,402] {logging_mixin.py:104} INFO - [2023-03-21 11:43:03,402] {dag.py:2280} INFO - Setting next_dagrun for latest_only_with_trigger to 2023-03-19 00:00:00+00:00
[2023-03-21 11:43:03,408] {scheduler_job.py:190} INFO - Processing /home/airflow/.local/lib/python3.6/site-packages/airflow/example_dags/example_latest_only_with_trigger.py took 0.050 seconds
[2023-03-21 11:43:33,720] {scheduler_job.py:182} INFO - Started process (PID=675) to work on /home/airflow/.local/lib/python3.6/site-packages/airflow/example_dags/example_latest_only_with_trigger.py
[2023-03-21 11:43:33,721] {scheduler_job.py:629} INFO - Processing file /home/airflow/.local/lib/python3.6/site-packages/airflow/example_dags/example_latest_only_with_trigger.py for tasks to queue
[2023-03-21 11:43:33,722] {logging_mixin.py:104} INFO - [2023-03-21 11:43:33,722] {dagbag.py:451} INFO - Filling up the DagBag from /home/airflow/.local/lib/python3.6/site-packages/airflow/example_dags/example_latest_only_with_trigger.py
[2023-03-21 11:43:33,731] {scheduler_job.py:639} INFO - DAG(s) dict_keys(['latest_only_with_trigger']) retrieved from /home/airflow/.local/lib/python3.6/site-packages/airflow/example_dags/example_latest_only_with_trigger.py
[2023-03-21 11:43:33,757] {logging_mixin.py:104} INFO - [2023-03-21 11:43:33,756] {dag.py:1824} INFO - Sync 1 DAGs
[2023-03-21 11:43:33,771] {logging_mixin.py:104} INFO - [2023-03-21 11:43:33,771] {dag.py:2280} INFO - Setting next_dagrun for latest_only_with_trigger to 2023-03-19 00:00:00+00:00
[2023-03-21 11:43:33,779] {scheduler_job.py:190} INFO - Processing /home/airflow/.local/lib/python3.6/site-packages/airflow/example_dags/example_latest_only_with_trigger.py took 0.061 seconds
[2023-03-21 11:44:04,149] {scheduler_job.py:182} INFO - Started process (PID=701) to work on /home/airflow/.local/lib/python3.6/site-packages/airflow/example_dags/example_latest_only_with_trigger.py
[2023-03-21 11:44:04,151] {scheduler_job.py:629} INFO - Processing file /home/airflow/.local/lib/python3.6/site-packages/airflow/example_dags/example_latest_only_with_trigger.py for tasks to queue
[2023-03-21 11:44:04,152] {logging_mixin.py:104} INFO - [2023-03-21 11:44:04,152] {dagbag.py:451} INFO - Filling up the DagBag from /home/airflow/.local/lib/python3.6/site-packages/airflow/example_dags/example_latest_only_with_trigger.py
[2023-03-21 11:44:04,161] {scheduler_job.py:639} INFO - DAG(s) dict_keys(['latest_only_with_trigger']) retrieved from /home/airflow/.local/lib/python3.6/site-packages/airflow/example_dags/example_latest_only_with_trigger.py
[2023-03-21 11:44:04,181] {logging_mixin.py:104} INFO - [2023-03-21 11:44:04,181] {dag.py:1824} INFO - Sync 1 DAGs
[2023-03-21 11:44:04,191] {logging_mixin.py:104} INFO - [2023-03-21 11:44:04,191] {dag.py:2280} INFO - Setting next_dagrun for latest_only_with_trigger to 2023-03-19 00:00:00+00:00
[2023-03-21 11:44:04,197] {scheduler_job.py:190} INFO - Processing /home/airflow/.local/lib/python3.6/site-packages/airflow/example_dags/example_latest_only_with_trigger.py took 0.051 seconds
[2023-03-21 11:44:34,578] {scheduler_job.py:182} INFO - Started process (PID=727) to work on /home/airflow/.local/lib/python3.6/site-packages/airflow/example_dags/example_latest_only_with_trigger.py
[2023-03-21 11:44:34,580] {scheduler_job.py:629} INFO - Processing file /home/airflow/.local/lib/python3.6/site-packages/airflow/example_dags/example_latest_only_with_trigger.py for tasks to queue
[2023-03-21 11:44:34,581] {logging_mixin.py:104} INFO - [2023-03-21 11:44:34,580] {dagbag.py:451} INFO - Filling up the DagBag from /home/airflow/.local/lib/python3.6/site-packages/airflow/example_dags/example_latest_only_with_trigger.py
[2023-03-21 11:44:34,589] {scheduler_job.py:639} INFO - DAG(s) dict_keys(['latest_only_with_trigger']) retrieved from /home/airflow/.local/lib/python3.6/site-packages/airflow/example_dags/example_latest_only_with_trigger.py
[2023-03-21 11:44:34,610] {logging_mixin.py:104} INFO - [2023-03-21 11:44:34,610] {dag.py:1824} INFO - Sync 1 DAGs
[2023-03-21 11:44:34,627] {logging_mixin.py:104} INFO - [2023-03-21 11:44:34,627] {dag.py:2280} INFO - Setting next_dagrun for latest_only_with_trigger to 2023-03-19 00:00:00+00:00
[2023-03-21 11:44:34,636] {scheduler_job.py:190} INFO - Processing /home/airflow/.local/lib/python3.6/site-packages/airflow/example_dags/example_latest_only_with_trigger.py took 0.060 seconds
[2023-03-21 11:45:05,033] {scheduler_job.py:182} INFO - Started process (PID=753) to work on /home/airflow/.local/lib/python3.6/site-packages/airflow/example_dags/example_latest_only_with_trigger.py
[2023-03-21 11:45:05,035] {scheduler_job.py:629} INFO - Processing file /home/airflow/.local/lib/python3.6/site-packages/airflow/example_dags/example_latest_only_with_trigger.py for tasks to queue
[2023-03-21 11:45:05,035] {logging_mixin.py:104} INFO - [2023-03-21 11:45:05,035] {dagbag.py:451} INFO - Filling up the DagBag from /home/airflow/.local/lib/python3.6/site-packages/airflow/example_dags/example_latest_only_with_trigger.py
[2023-03-21 11:45:05,045] {scheduler_job.py:639} INFO - DAG(s) dict_keys(['latest_only_with_trigger']) retrieved from /home/airflow/.local/lib/python3.6/site-packages/airflow/example_dags/example_latest_only_with_trigger.py
[2023-03-21 11:45:05,064] {logging_mixin.py:104} INFO - [2023-03-21 11:45:05,063] {dag.py:1824} INFO - Sync 1 DAGs
[2023-03-21 11:45:05,074] {logging_mixin.py:104} INFO - [2023-03-21 11:45:05,074] {dag.py:2280} INFO - Setting next_dagrun for latest_only_with_trigger to 2023-03-19 00:00:00+00:00
[2023-03-21 11:45:05,080] {scheduler_job.py:190} INFO - Processing /home/airflow/.local/lib/python3.6/site-packages/airflow/example_dags/example_latest_only_with_trigger.py took 0.050 seconds
[2023-03-21 11:45:35,836] {scheduler_job.py:182} INFO - Started process (PID=779) to work on /home/airflow/.local/lib/python3.6/site-packages/airflow/example_dags/example_latest_only_with_trigger.py
[2023-03-21 11:45:35,837] {scheduler_job.py:629} INFO - Processing file /home/airflow/.local/lib/python3.6/site-packages/airflow/example_dags/example_latest_only_with_trigger.py for tasks to queue
[2023-03-21 11:45:35,838] {logging_mixin.py:104} INFO - [2023-03-21 11:45:35,838] {dagbag.py:451} INFO - Filling up the DagBag from /home/airflow/.local/lib/python3.6/site-packages/airflow/example_dags/example_latest_only_with_trigger.py
[2023-03-21 11:45:35,848] {scheduler_job.py:639} INFO - DAG(s) dict_keys(['latest_only_with_trigger']) retrieved from /home/airflow/.local/lib/python3.6/site-packages/airflow/example_dags/example_latest_only_with_trigger.py
[2023-03-21 11:45:35,869] {logging_mixin.py:104} INFO - [2023-03-21 11:45:35,869] {dag.py:1824} INFO - Sync 1 DAGs
[2023-03-21 11:45:35,879] {logging_mixin.py:104} INFO - [2023-03-21 11:45:35,879] {dag.py:2280} INFO - Setting next_dagrun for latest_only_with_trigger to 2023-03-19 00:00:00+00:00
[2023-03-21 11:45:35,886] {scheduler_job.py:190} INFO - Processing /home/airflow/.local/lib/python3.6/site-packages/airflow/example_dags/example_latest_only_with_trigger.py took 0.054 seconds
[2023-03-21 11:46:06,340] {scheduler_job.py:182} INFO - Started process (PID=805) to work on /home/airflow/.local/lib/python3.6/site-packages/airflow/example_dags/example_latest_only_with_trigger.py
[2023-03-21 11:46:06,341] {scheduler_job.py:629} INFO - Processing file /home/airflow/.local/lib/python3.6/site-packages/airflow/example_dags/example_latest_only_with_trigger.py for tasks to queue
[2023-03-21 11:46:06,342] {logging_mixin.py:104} INFO - [2023-03-21 11:46:06,342] {dagbag.py:451} INFO - Filling up the DagBag from /home/airflow/.local/lib/python3.6/site-packages/airflow/example_dags/example_latest_only_with_trigger.py
[2023-03-21 11:46:06,351] {scheduler_job.py:639} INFO - DAG(s) dict_keys(['latest_only_with_trigger']) retrieved from /home/airflow/.local/lib/python3.6/site-packages/airflow/example_dags/example_latest_only_with_trigger.py
[2023-03-21 11:46:06,370] {logging_mixin.py:104} INFO - [2023-03-21 11:46:06,370] {dag.py:1824} INFO - Sync 1 DAGs
[2023-03-21 11:46:06,381] {logging_mixin.py:104} INFO - [2023-03-21 11:46:06,381] {dag.py:2280} INFO - Setting next_dagrun for latest_only_with_trigger to 2023-03-19 00:00:00+00:00
[2023-03-21 11:46:06,388] {scheduler_job.py:190} INFO - Processing /home/airflow/.local/lib/python3.6/site-packages/airflow/example_dags/example_latest_only_with_trigger.py took 0.051 seconds
[2023-03-21 11:46:37,009] {scheduler_job.py:182} INFO - Started process (PID=831) to work on /home/airflow/.local/lib/python3.6/site-packages/airflow/example_dags/example_latest_only_with_trigger.py
[2023-03-21 11:46:37,012] {scheduler_job.py:629} INFO - Processing file /home/airflow/.local/lib/python3.6/site-packages/airflow/example_dags/example_latest_only_with_trigger.py for tasks to queue
[2023-03-21 11:46:37,012] {logging_mixin.py:104} INFO - [2023-03-21 11:46:37,012] {dagbag.py:451} INFO - Filling up the DagBag from /home/airflow/.local/lib/python3.6/site-packages/airflow/example_dags/example_latest_only_with_trigger.py
[2023-03-21 11:46:37,022] {scheduler_job.py:639} INFO - DAG(s) dict_keys(['latest_only_with_trigger']) retrieved from /home/airflow/.local/lib/python3.6/site-packages/airflow/example_dags/example_latest_only_with_trigger.py
[2023-03-21 11:46:37,041] {logging_mixin.py:104} INFO - [2023-03-21 11:46:37,041] {dag.py:1824} INFO - Sync 1 DAGs
[2023-03-21 11:46:37,051] {logging_mixin.py:104} INFO - [2023-03-21 11:46:37,051] {dag.py:2280} INFO - Setting next_dagrun for latest_only_with_trigger to 2023-03-19 00:00:00+00:00
[2023-03-21 11:46:37,058] {scheduler_job.py:190} INFO - Processing /home/airflow/.local/lib/python3.6/site-packages/airflow/example_dags/example_latest_only_with_trigger.py took 0.051 seconds
