[2023-03-21 11:31:18,754] {scheduler_job.py:182} INFO - Started process (PID=34) to work on /home/airflow/.local/lib/python3.6/site-packages/airflow/example_dags/example_trigger_target_dag.py
[2023-03-21 11:31:18,757] {scheduler_job.py:629} INFO - Processing file /home/airflow/.local/lib/python3.6/site-packages/airflow/example_dags/example_trigger_target_dag.py for tasks to queue
[2023-03-21 11:31:18,759] {logging_mixin.py:104} INFO - [2023-03-21 11:31:18,759] {dagbag.py:451} INFO - Filling up the DagBag from /home/airflow/.local/lib/python3.6/site-packages/airflow/example_dags/example_trigger_target_dag.py
[2023-03-21 11:31:18,778] {scheduler_job.py:639} INFO - DAG(s) dict_keys(['example_trigger_target_dag']) retrieved from /home/airflow/.local/lib/python3.6/site-packages/airflow/example_dags/example_trigger_target_dag.py
[2023-03-21 11:31:18,826] {logging_mixin.py:104} INFO - [2023-03-21 11:31:18,826] {dag.py:1824} INFO - Sync 1 DAGs
[2023-03-21 11:31:18,855] {logging_mixin.py:104} INFO - [2023-03-21 11:31:18,855] {dag.py:2280} INFO - Setting next_dagrun for example_trigger_target_dag to None
[2023-03-21 11:31:18,886] {scheduler_job.py:190} INFO - Processing /home/airflow/.local/lib/python3.6/site-packages/airflow/example_dags/example_trigger_target_dag.py took 0.137 seconds
[2023-03-21 11:31:49,810] {scheduler_job.py:182} INFO - Started process (PID=60) to work on /home/airflow/.local/lib/python3.6/site-packages/airflow/example_dags/example_trigger_target_dag.py
[2023-03-21 11:31:49,812] {scheduler_job.py:629} INFO - Processing file /home/airflow/.local/lib/python3.6/site-packages/airflow/example_dags/example_trigger_target_dag.py for tasks to queue
[2023-03-21 11:31:49,813] {logging_mixin.py:104} INFO - [2023-03-21 11:31:49,813] {dagbag.py:451} INFO - Filling up the DagBag from /home/airflow/.local/lib/python3.6/site-packages/airflow/example_dags/example_trigger_target_dag.py
[2023-03-21 11:31:49,832] {scheduler_job.py:639} INFO - DAG(s) dict_keys(['example_trigger_target_dag']) retrieved from /home/airflow/.local/lib/python3.6/site-packages/airflow/example_dags/example_trigger_target_dag.py
[2023-03-21 11:31:49,866] {logging_mixin.py:104} INFO - [2023-03-21 11:31:49,866] {dag.py:1824} INFO - Sync 1 DAGs
[2023-03-21 11:31:49,901] {logging_mixin.py:104} INFO - [2023-03-21 11:31:49,901] {dag.py:2280} INFO - Setting next_dagrun for example_trigger_target_dag to None
[2023-03-21 11:31:49,923] {scheduler_job.py:190} INFO - Processing /home/airflow/.local/lib/python3.6/site-packages/airflow/example_dags/example_trigger_target_dag.py took 0.118 seconds
[2023-03-21 11:32:21,921] {scheduler_job.py:182} INFO - Started process (PID=102) to work on /home/airflow/.local/lib/python3.6/site-packages/airflow/example_dags/example_trigger_target_dag.py
[2023-03-21 11:32:21,941] {scheduler_job.py:629} INFO - Processing file /home/airflow/.local/lib/python3.6/site-packages/airflow/example_dags/example_trigger_target_dag.py for tasks to queue
[2023-03-21 11:32:21,944] {logging_mixin.py:104} INFO - [2023-03-21 11:32:21,944] {dagbag.py:451} INFO - Filling up the DagBag from /home/airflow/.local/lib/python3.6/site-packages/airflow/example_dags/example_trigger_target_dag.py
[2023-03-21 11:32:22,025] {scheduler_job.py:639} INFO - DAG(s) dict_keys(['example_trigger_target_dag']) retrieved from /home/airflow/.local/lib/python3.6/site-packages/airflow/example_dags/example_trigger_target_dag.py
[2023-03-21 11:32:22,320] {logging_mixin.py:104} INFO - [2023-03-21 11:32:22,319] {dag.py:1824} INFO - Sync 1 DAGs
[2023-03-21 11:32:22,406] {logging_mixin.py:104} INFO - [2023-03-21 11:32:22,405] {dag.py:2280} INFO - Setting next_dagrun for example_trigger_target_dag to None
[2023-03-21 11:32:22,470] {scheduler_job.py:190} INFO - Processing /home/airflow/.local/lib/python3.6/site-packages/airflow/example_dags/example_trigger_target_dag.py took 0.577 seconds
[2023-03-21 11:32:52,992] {scheduler_job.py:182} INFO - Started process (PID=128) to work on /home/airflow/.local/lib/python3.6/site-packages/airflow/example_dags/example_trigger_target_dag.py
[2023-03-21 11:32:52,995] {scheduler_job.py:629} INFO - Processing file /home/airflow/.local/lib/python3.6/site-packages/airflow/example_dags/example_trigger_target_dag.py for tasks to queue
[2023-03-21 11:32:52,998] {logging_mixin.py:104} INFO - [2023-03-21 11:32:52,998] {dagbag.py:451} INFO - Filling up the DagBag from /home/airflow/.local/lib/python3.6/site-packages/airflow/example_dags/example_trigger_target_dag.py
[2023-03-21 11:32:53,016] {scheduler_job.py:639} INFO - DAG(s) dict_keys(['example_trigger_target_dag']) retrieved from /home/airflow/.local/lib/python3.6/site-packages/airflow/example_dags/example_trigger_target_dag.py
[2023-03-21 11:32:53,087] {logging_mixin.py:104} INFO - [2023-03-21 11:32:53,087] {dag.py:1824} INFO - Sync 1 DAGs
[2023-03-21 11:32:53,140] {logging_mixin.py:104} INFO - [2023-03-21 11:32:53,140] {dag.py:2280} INFO - Setting next_dagrun for example_trigger_target_dag to None
[2023-03-21 11:32:53,158] {scheduler_job.py:190} INFO - Processing /home/airflow/.local/lib/python3.6/site-packages/airflow/example_dags/example_trigger_target_dag.py took 0.181 seconds
[2023-03-21 11:33:23,304] {scheduler_job.py:182} INFO - Started process (PID=154) to work on /home/airflow/.local/lib/python3.6/site-packages/airflow/example_dags/example_trigger_target_dag.py
[2023-03-21 11:33:23,306] {scheduler_job.py:629} INFO - Processing file /home/airflow/.local/lib/python3.6/site-packages/airflow/example_dags/example_trigger_target_dag.py for tasks to queue
[2023-03-21 11:33:23,308] {logging_mixin.py:104} INFO - [2023-03-21 11:33:23,308] {dagbag.py:451} INFO - Filling up the DagBag from /home/airflow/.local/lib/python3.6/site-packages/airflow/example_dags/example_trigger_target_dag.py
[2023-03-21 11:33:23,343] {scheduler_job.py:639} INFO - DAG(s) dict_keys(['example_trigger_target_dag']) retrieved from /home/airflow/.local/lib/python3.6/site-packages/airflow/example_dags/example_trigger_target_dag.py
[2023-03-21 11:33:23,378] {logging_mixin.py:104} INFO - [2023-03-21 11:33:23,378] {dag.py:1824} INFO - Sync 1 DAGs
[2023-03-21 11:33:23,400] {logging_mixin.py:104} INFO - [2023-03-21 11:33:23,400] {dag.py:2280} INFO - Setting next_dagrun for example_trigger_target_dag to None
[2023-03-21 11:33:23,411] {scheduler_job.py:190} INFO - Processing /home/airflow/.local/lib/python3.6/site-packages/airflow/example_dags/example_trigger_target_dag.py took 0.112 seconds
[2023-03-21 11:33:54,579] {scheduler_job.py:182} INFO - Started process (PID=181) to work on /home/airflow/.local/lib/python3.6/site-packages/airflow/example_dags/example_trigger_target_dag.py
[2023-03-21 11:33:54,582] {scheduler_job.py:629} INFO - Processing file /home/airflow/.local/lib/python3.6/site-packages/airflow/example_dags/example_trigger_target_dag.py for tasks to queue
[2023-03-21 11:33:54,584] {logging_mixin.py:104} INFO - [2023-03-21 11:33:54,584] {dagbag.py:451} INFO - Filling up the DagBag from /home/airflow/.local/lib/python3.6/site-packages/airflow/example_dags/example_trigger_target_dag.py
[2023-03-21 11:33:54,625] {scheduler_job.py:639} INFO - DAG(s) dict_keys(['example_trigger_target_dag']) retrieved from /home/airflow/.local/lib/python3.6/site-packages/airflow/example_dags/example_trigger_target_dag.py
[2023-03-21 11:33:54,684] {logging_mixin.py:104} INFO - [2023-03-21 11:33:54,683] {dag.py:1824} INFO - Sync 1 DAGs
[2023-03-21 11:33:54,753] {logging_mixin.py:104} INFO - [2023-03-21 11:33:54,753] {dag.py:2280} INFO - Setting next_dagrun for example_trigger_target_dag to None
[2023-03-21 11:33:54,779] {scheduler_job.py:190} INFO - Processing /home/airflow/.local/lib/python3.6/site-packages/airflow/example_dags/example_trigger_target_dag.py took 0.203 seconds
[2023-03-21 11:34:24,999] {scheduler_job.py:182} INFO - Started process (PID=207) to work on /home/airflow/.local/lib/python3.6/site-packages/airflow/example_dags/example_trigger_target_dag.py
[2023-03-21 11:34:25,003] {scheduler_job.py:629} INFO - Processing file /home/airflow/.local/lib/python3.6/site-packages/airflow/example_dags/example_trigger_target_dag.py for tasks to queue
[2023-03-21 11:34:25,006] {logging_mixin.py:104} INFO - [2023-03-21 11:34:25,005] {dagbag.py:451} INFO - Filling up the DagBag from /home/airflow/.local/lib/python3.6/site-packages/airflow/example_dags/example_trigger_target_dag.py
[2023-03-21 11:34:25,030] {scheduler_job.py:639} INFO - DAG(s) dict_keys(['example_trigger_target_dag']) retrieved from /home/airflow/.local/lib/python3.6/site-packages/airflow/example_dags/example_trigger_target_dag.py
[2023-03-21 11:34:25,097] {logging_mixin.py:104} INFO - [2023-03-21 11:34:25,096] {dag.py:1824} INFO - Sync 1 DAGs
[2023-03-21 11:34:25,130] {logging_mixin.py:104} INFO - [2023-03-21 11:34:25,130] {dag.py:2280} INFO - Setting next_dagrun for example_trigger_target_dag to None
[2023-03-21 11:34:25,144] {scheduler_job.py:190} INFO - Processing /home/airflow/.local/lib/python3.6/site-packages/airflow/example_dags/example_trigger_target_dag.py took 0.159 seconds
[2023-03-21 11:34:55,205] {scheduler_job.py:182} INFO - Started process (PID=233) to work on /home/airflow/.local/lib/python3.6/site-packages/airflow/example_dags/example_trigger_target_dag.py
[2023-03-21 11:34:55,207] {scheduler_job.py:629} INFO - Processing file /home/airflow/.local/lib/python3.6/site-packages/airflow/example_dags/example_trigger_target_dag.py for tasks to queue
[2023-03-21 11:34:55,208] {logging_mixin.py:104} INFO - [2023-03-21 11:34:55,208] {dagbag.py:451} INFO - Filling up the DagBag from /home/airflow/.local/lib/python3.6/site-packages/airflow/example_dags/example_trigger_target_dag.py
[2023-03-21 11:34:55,230] {scheduler_job.py:639} INFO - DAG(s) dict_keys(['example_trigger_target_dag']) retrieved from /home/airflow/.local/lib/python3.6/site-packages/airflow/example_dags/example_trigger_target_dag.py
[2023-03-21 11:34:55,266] {logging_mixin.py:104} INFO - [2023-03-21 11:34:55,266] {dag.py:1824} INFO - Sync 1 DAGs
[2023-03-21 11:34:55,277] {logging_mixin.py:104} INFO - [2023-03-21 11:34:55,277] {dag.py:2280} INFO - Setting next_dagrun for example_trigger_target_dag to None
[2023-03-21 11:34:55,284] {scheduler_job.py:190} INFO - Processing /home/airflow/.local/lib/python3.6/site-packages/airflow/example_dags/example_trigger_target_dag.py took 0.083 seconds
[2023-03-21 11:35:25,352] {scheduler_job.py:182} INFO - Started process (PID=259) to work on /home/airflow/.local/lib/python3.6/site-packages/airflow/example_dags/example_trigger_target_dag.py
[2023-03-21 11:35:25,353] {scheduler_job.py:629} INFO - Processing file /home/airflow/.local/lib/python3.6/site-packages/airflow/example_dags/example_trigger_target_dag.py for tasks to queue
[2023-03-21 11:35:25,354] {logging_mixin.py:104} INFO - [2023-03-21 11:35:25,354] {dagbag.py:451} INFO - Filling up the DagBag from /home/airflow/.local/lib/python3.6/site-packages/airflow/example_dags/example_trigger_target_dag.py
[2023-03-21 11:35:25,364] {scheduler_job.py:639} INFO - DAG(s) dict_keys(['example_trigger_target_dag']) retrieved from /home/airflow/.local/lib/python3.6/site-packages/airflow/example_dags/example_trigger_target_dag.py
[2023-03-21 11:35:25,390] {logging_mixin.py:104} INFO - [2023-03-21 11:35:25,390] {dag.py:1824} INFO - Sync 1 DAGs
[2023-03-21 11:35:25,400] {logging_mixin.py:104} INFO - [2023-03-21 11:35:25,400] {dag.py:2280} INFO - Setting next_dagrun for example_trigger_target_dag to None
[2023-03-21 11:35:25,407] {scheduler_job.py:190} INFO - Processing /home/airflow/.local/lib/python3.6/site-packages/airflow/example_dags/example_trigger_target_dag.py took 0.057 seconds
[2023-03-21 11:35:56,368] {scheduler_job.py:182} INFO - Started process (PID=284) to work on /home/airflow/.local/lib/python3.6/site-packages/airflow/example_dags/example_trigger_target_dag.py
[2023-03-21 11:35:56,370] {scheduler_job.py:629} INFO - Processing file /home/airflow/.local/lib/python3.6/site-packages/airflow/example_dags/example_trigger_target_dag.py for tasks to queue
[2023-03-21 11:35:56,372] {logging_mixin.py:104} INFO - [2023-03-21 11:35:56,372] {dagbag.py:451} INFO - Filling up the DagBag from /home/airflow/.local/lib/python3.6/site-packages/airflow/example_dags/example_trigger_target_dag.py
[2023-03-21 11:35:56,390] {scheduler_job.py:639} INFO - DAG(s) dict_keys(['example_trigger_target_dag']) retrieved from /home/airflow/.local/lib/python3.6/site-packages/airflow/example_dags/example_trigger_target_dag.py
[2023-03-21 11:35:56,415] {logging_mixin.py:104} INFO - [2023-03-21 11:35:56,414] {dag.py:1824} INFO - Sync 1 DAGs
[2023-03-21 11:35:56,425] {logging_mixin.py:104} INFO - [2023-03-21 11:35:56,425] {dag.py:2280} INFO - Setting next_dagrun for example_trigger_target_dag to None
[2023-03-21 11:35:56,432] {scheduler_job.py:190} INFO - Processing /home/airflow/.local/lib/python3.6/site-packages/airflow/example_dags/example_trigger_target_dag.py took 0.071 seconds
[2023-03-21 11:36:26,781] {scheduler_job.py:182} INFO - Started process (PID=310) to work on /home/airflow/.local/lib/python3.6/site-packages/airflow/example_dags/example_trigger_target_dag.py
[2023-03-21 11:36:26,783] {scheduler_job.py:629} INFO - Processing file /home/airflow/.local/lib/python3.6/site-packages/airflow/example_dags/example_trigger_target_dag.py for tasks to queue
[2023-03-21 11:36:26,784] {logging_mixin.py:104} INFO - [2023-03-21 11:36:26,784] {dagbag.py:451} INFO - Filling up the DagBag from /home/airflow/.local/lib/python3.6/site-packages/airflow/example_dags/example_trigger_target_dag.py
[2023-03-21 11:36:26,805] {scheduler_job.py:639} INFO - DAG(s) dict_keys(['example_trigger_target_dag']) retrieved from /home/airflow/.local/lib/python3.6/site-packages/airflow/example_dags/example_trigger_target_dag.py
[2023-03-21 11:36:26,828] {logging_mixin.py:104} INFO - [2023-03-21 11:36:26,828] {dag.py:1824} INFO - Sync 1 DAGs
[2023-03-21 11:36:26,839] {logging_mixin.py:104} INFO - [2023-03-21 11:36:26,839] {dag.py:2280} INFO - Setting next_dagrun for example_trigger_target_dag to None
[2023-03-21 11:36:26,848] {scheduler_job.py:190} INFO - Processing /home/airflow/.local/lib/python3.6/site-packages/airflow/example_dags/example_trigger_target_dag.py took 0.073 seconds
[2023-03-21 11:36:57,212] {scheduler_job.py:182} INFO - Started process (PID=336) to work on /home/airflow/.local/lib/python3.6/site-packages/airflow/example_dags/example_trigger_target_dag.py
[2023-03-21 11:36:57,215] {scheduler_job.py:629} INFO - Processing file /home/airflow/.local/lib/python3.6/site-packages/airflow/example_dags/example_trigger_target_dag.py for tasks to queue
[2023-03-21 11:36:57,217] {logging_mixin.py:104} INFO - [2023-03-21 11:36:57,216] {dagbag.py:451} INFO - Filling up the DagBag from /home/airflow/.local/lib/python3.6/site-packages/airflow/example_dags/example_trigger_target_dag.py
[2023-03-21 11:36:57,239] {scheduler_job.py:639} INFO - DAG(s) dict_keys(['example_trigger_target_dag']) retrieved from /home/airflow/.local/lib/python3.6/site-packages/airflow/example_dags/example_trigger_target_dag.py
[2023-03-21 11:36:57,261] {logging_mixin.py:104} INFO - [2023-03-21 11:36:57,260] {dag.py:1824} INFO - Sync 1 DAGs
[2023-03-21 11:36:57,272] {logging_mixin.py:104} INFO - [2023-03-21 11:36:57,271] {dag.py:2280} INFO - Setting next_dagrun for example_trigger_target_dag to None
[2023-03-21 11:36:57,279] {scheduler_job.py:190} INFO - Processing /home/airflow/.local/lib/python3.6/site-packages/airflow/example_dags/example_trigger_target_dag.py took 0.074 seconds
[2023-03-21 11:37:27,649] {scheduler_job.py:182} INFO - Started process (PID=362) to work on /home/airflow/.local/lib/python3.6/site-packages/airflow/example_dags/example_trigger_target_dag.py
[2023-03-21 11:37:27,652] {scheduler_job.py:629} INFO - Processing file /home/airflow/.local/lib/python3.6/site-packages/airflow/example_dags/example_trigger_target_dag.py for tasks to queue
[2023-03-21 11:37:27,654] {logging_mixin.py:104} INFO - [2023-03-21 11:37:27,653] {dagbag.py:451} INFO - Filling up the DagBag from /home/airflow/.local/lib/python3.6/site-packages/airflow/example_dags/example_trigger_target_dag.py
[2023-03-21 11:37:27,675] {scheduler_job.py:639} INFO - DAG(s) dict_keys(['example_trigger_target_dag']) retrieved from /home/airflow/.local/lib/python3.6/site-packages/airflow/example_dags/example_trigger_target_dag.py
[2023-03-21 11:37:27,697] {logging_mixin.py:104} INFO - [2023-03-21 11:37:27,697] {dag.py:1824} INFO - Sync 1 DAGs
[2023-03-21 11:37:27,707] {logging_mixin.py:104} INFO - [2023-03-21 11:37:27,707] {dag.py:2280} INFO - Setting next_dagrun for example_trigger_target_dag to None
[2023-03-21 11:37:27,713] {scheduler_job.py:190} INFO - Processing /home/airflow/.local/lib/python3.6/site-packages/airflow/example_dags/example_trigger_target_dag.py took 0.070 seconds
[2023-03-21 11:37:58,157] {scheduler_job.py:182} INFO - Started process (PID=388) to work on /home/airflow/.local/lib/python3.6/site-packages/airflow/example_dags/example_trigger_target_dag.py
[2023-03-21 11:37:58,159] {scheduler_job.py:629} INFO - Processing file /home/airflow/.local/lib/python3.6/site-packages/airflow/example_dags/example_trigger_target_dag.py for tasks to queue
[2023-03-21 11:37:58,161] {logging_mixin.py:104} INFO - [2023-03-21 11:37:58,161] {dagbag.py:451} INFO - Filling up the DagBag from /home/airflow/.local/lib/python3.6/site-packages/airflow/example_dags/example_trigger_target_dag.py
[2023-03-21 11:37:58,184] {scheduler_job.py:639} INFO - DAG(s) dict_keys(['example_trigger_target_dag']) retrieved from /home/airflow/.local/lib/python3.6/site-packages/airflow/example_dags/example_trigger_target_dag.py
[2023-03-21 11:37:58,208] {logging_mixin.py:104} INFO - [2023-03-21 11:37:58,208] {dag.py:1824} INFO - Sync 1 DAGs
[2023-03-21 11:37:58,220] {logging_mixin.py:104} INFO - [2023-03-21 11:37:58,219] {dag.py:2280} INFO - Setting next_dagrun for example_trigger_target_dag to None
[2023-03-21 11:37:58,227] {scheduler_job.py:190} INFO - Processing /home/airflow/.local/lib/python3.6/site-packages/airflow/example_dags/example_trigger_target_dag.py took 0.076 seconds
[2023-03-21 11:38:28,680] {scheduler_job.py:182} INFO - Started process (PID=414) to work on /home/airflow/.local/lib/python3.6/site-packages/airflow/example_dags/example_trigger_target_dag.py
[2023-03-21 11:38:28,682] {scheduler_job.py:629} INFO - Processing file /home/airflow/.local/lib/python3.6/site-packages/airflow/example_dags/example_trigger_target_dag.py for tasks to queue
[2023-03-21 11:38:28,691] {logging_mixin.py:104} INFO - [2023-03-21 11:38:28,683] {dagbag.py:451} INFO - Filling up the DagBag from /home/airflow/.local/lib/python3.6/site-packages/airflow/example_dags/example_trigger_target_dag.py
[2023-03-21 11:38:28,705] {scheduler_job.py:639} INFO - DAG(s) dict_keys(['example_trigger_target_dag']) retrieved from /home/airflow/.local/lib/python3.6/site-packages/airflow/example_dags/example_trigger_target_dag.py
[2023-03-21 11:38:28,727] {logging_mixin.py:104} INFO - [2023-03-21 11:38:28,727] {dag.py:1824} INFO - Sync 1 DAGs
[2023-03-21 11:38:28,741] {logging_mixin.py:104} INFO - [2023-03-21 11:38:28,741] {dag.py:2280} INFO - Setting next_dagrun for example_trigger_target_dag to None
[2023-03-21 11:38:28,751] {scheduler_job.py:190} INFO - Processing /home/airflow/.local/lib/python3.6/site-packages/airflow/example_dags/example_trigger_target_dag.py took 0.078 seconds
[2023-03-21 11:38:59,089] {scheduler_job.py:182} INFO - Started process (PID=440) to work on /home/airflow/.local/lib/python3.6/site-packages/airflow/example_dags/example_trigger_target_dag.py
[2023-03-21 11:38:59,092] {scheduler_job.py:629} INFO - Processing file /home/airflow/.local/lib/python3.6/site-packages/airflow/example_dags/example_trigger_target_dag.py for tasks to queue
[2023-03-21 11:38:59,093] {logging_mixin.py:104} INFO - [2023-03-21 11:38:59,093] {dagbag.py:451} INFO - Filling up the DagBag from /home/airflow/.local/lib/python3.6/site-packages/airflow/example_dags/example_trigger_target_dag.py
[2023-03-21 11:38:59,110] {scheduler_job.py:639} INFO - DAG(s) dict_keys(['example_trigger_target_dag']) retrieved from /home/airflow/.local/lib/python3.6/site-packages/airflow/example_dags/example_trigger_target_dag.py
[2023-03-21 11:38:59,134] {logging_mixin.py:104} INFO - [2023-03-21 11:38:59,134] {dag.py:1824} INFO - Sync 1 DAGs
[2023-03-21 11:38:59,150] {logging_mixin.py:104} INFO - [2023-03-21 11:38:59,150] {dag.py:2280} INFO - Setting next_dagrun for example_trigger_target_dag to None
[2023-03-21 11:38:59,177] {scheduler_job.py:190} INFO - Processing /home/airflow/.local/lib/python3.6/site-packages/airflow/example_dags/example_trigger_target_dag.py took 0.094 seconds
[2023-03-21 11:39:29,723] {scheduler_job.py:182} INFO - Started process (PID=466) to work on /home/airflow/.local/lib/python3.6/site-packages/airflow/example_dags/example_trigger_target_dag.py
[2023-03-21 11:39:29,726] {scheduler_job.py:629} INFO - Processing file /home/airflow/.local/lib/python3.6/site-packages/airflow/example_dags/example_trigger_target_dag.py for tasks to queue
[2023-03-21 11:39:29,728] {logging_mixin.py:104} INFO - [2023-03-21 11:39:29,727] {dagbag.py:451} INFO - Filling up the DagBag from /home/airflow/.local/lib/python3.6/site-packages/airflow/example_dags/example_trigger_target_dag.py
[2023-03-21 11:39:29,746] {scheduler_job.py:639} INFO - DAG(s) dict_keys(['example_trigger_target_dag']) retrieved from /home/airflow/.local/lib/python3.6/site-packages/airflow/example_dags/example_trigger_target_dag.py
[2023-03-21 11:39:29,773] {logging_mixin.py:104} INFO - [2023-03-21 11:39:29,773] {dag.py:1824} INFO - Sync 1 DAGs
[2023-03-21 11:39:29,787] {logging_mixin.py:104} INFO - [2023-03-21 11:39:29,787] {dag.py:2280} INFO - Setting next_dagrun for example_trigger_target_dag to None
[2023-03-21 11:39:29,798] {scheduler_job.py:190} INFO - Processing /home/airflow/.local/lib/python3.6/site-packages/airflow/example_dags/example_trigger_target_dag.py took 0.082 seconds
[2023-03-21 11:40:00,285] {scheduler_job.py:182} INFO - Started process (PID=492) to work on /home/airflow/.local/lib/python3.6/site-packages/airflow/example_dags/example_trigger_target_dag.py
[2023-03-21 11:40:00,287] {scheduler_job.py:629} INFO - Processing file /home/airflow/.local/lib/python3.6/site-packages/airflow/example_dags/example_trigger_target_dag.py for tasks to queue
[2023-03-21 11:40:00,289] {logging_mixin.py:104} INFO - [2023-03-21 11:40:00,289] {dagbag.py:451} INFO - Filling up the DagBag from /home/airflow/.local/lib/python3.6/site-packages/airflow/example_dags/example_trigger_target_dag.py
[2023-03-21 11:40:00,305] {scheduler_job.py:639} INFO - DAG(s) dict_keys(['example_trigger_target_dag']) retrieved from /home/airflow/.local/lib/python3.6/site-packages/airflow/example_dags/example_trigger_target_dag.py
[2023-03-21 11:40:00,328] {logging_mixin.py:104} INFO - [2023-03-21 11:40:00,328] {dag.py:1824} INFO - Sync 1 DAGs
[2023-03-21 11:40:00,340] {logging_mixin.py:104} INFO - [2023-03-21 11:40:00,339] {dag.py:2280} INFO - Setting next_dagrun for example_trigger_target_dag to None
[2023-03-21 11:40:00,349] {scheduler_job.py:190} INFO - Processing /home/airflow/.local/lib/python3.6/site-packages/airflow/example_dags/example_trigger_target_dag.py took 0.071 seconds
[2023-03-21 11:40:30,780] {scheduler_job.py:182} INFO - Started process (PID=518) to work on /home/airflow/.local/lib/python3.6/site-packages/airflow/example_dags/example_trigger_target_dag.py
[2023-03-21 11:40:30,782] {scheduler_job.py:629} INFO - Processing file /home/airflow/.local/lib/python3.6/site-packages/airflow/example_dags/example_trigger_target_dag.py for tasks to queue
[2023-03-21 11:40:30,784] {logging_mixin.py:104} INFO - [2023-03-21 11:40:30,784] {dagbag.py:451} INFO - Filling up the DagBag from /home/airflow/.local/lib/python3.6/site-packages/airflow/example_dags/example_trigger_target_dag.py
[2023-03-21 11:40:30,802] {scheduler_job.py:639} INFO - DAG(s) dict_keys(['example_trigger_target_dag']) retrieved from /home/airflow/.local/lib/python3.6/site-packages/airflow/example_dags/example_trigger_target_dag.py
[2023-03-21 11:40:30,830] {logging_mixin.py:104} INFO - [2023-03-21 11:40:30,830] {dag.py:1824} INFO - Sync 1 DAGs
[2023-03-21 11:40:30,841] {logging_mixin.py:104} INFO - [2023-03-21 11:40:30,841] {dag.py:2280} INFO - Setting next_dagrun for example_trigger_target_dag to None
[2023-03-21 11:40:30,849] {scheduler_job.py:190} INFO - Processing /home/airflow/.local/lib/python3.6/site-packages/airflow/example_dags/example_trigger_target_dag.py took 0.077 seconds
[2023-03-21 11:41:01,209] {scheduler_job.py:182} INFO - Started process (PID=544) to work on /home/airflow/.local/lib/python3.6/site-packages/airflow/example_dags/example_trigger_target_dag.py
[2023-03-21 11:41:01,211] {scheduler_job.py:629} INFO - Processing file /home/airflow/.local/lib/python3.6/site-packages/airflow/example_dags/example_trigger_target_dag.py for tasks to queue
[2023-03-21 11:41:01,213] {logging_mixin.py:104} INFO - [2023-03-21 11:41:01,213] {dagbag.py:451} INFO - Filling up the DagBag from /home/airflow/.local/lib/python3.6/site-packages/airflow/example_dags/example_trigger_target_dag.py
[2023-03-21 11:41:01,231] {scheduler_job.py:639} INFO - DAG(s) dict_keys(['example_trigger_target_dag']) retrieved from /home/airflow/.local/lib/python3.6/site-packages/airflow/example_dags/example_trigger_target_dag.py
[2023-03-21 11:41:01,256] {logging_mixin.py:104} INFO - [2023-03-21 11:41:01,256] {dag.py:1824} INFO - Sync 1 DAGs
[2023-03-21 11:41:01,272] {logging_mixin.py:104} INFO - [2023-03-21 11:41:01,271] {dag.py:2280} INFO - Setting next_dagrun for example_trigger_target_dag to None
[2023-03-21 11:41:01,282] {scheduler_job.py:190} INFO - Processing /home/airflow/.local/lib/python3.6/site-packages/airflow/example_dags/example_trigger_target_dag.py took 0.081 seconds
[2023-03-21 11:41:31,820] {scheduler_job.py:182} INFO - Started process (PID=570) to work on /home/airflow/.local/lib/python3.6/site-packages/airflow/example_dags/example_trigger_target_dag.py
[2023-03-21 11:41:31,823] {scheduler_job.py:629} INFO - Processing file /home/airflow/.local/lib/python3.6/site-packages/airflow/example_dags/example_trigger_target_dag.py for tasks to queue
[2023-03-21 11:41:31,824] {logging_mixin.py:104} INFO - [2023-03-21 11:41:31,824] {dagbag.py:451} INFO - Filling up the DagBag from /home/airflow/.local/lib/python3.6/site-packages/airflow/example_dags/example_trigger_target_dag.py
[2023-03-21 11:41:31,841] {scheduler_job.py:639} INFO - DAG(s) dict_keys(['example_trigger_target_dag']) retrieved from /home/airflow/.local/lib/python3.6/site-packages/airflow/example_dags/example_trigger_target_dag.py
[2023-03-21 11:41:31,867] {logging_mixin.py:104} INFO - [2023-03-21 11:41:31,867] {dag.py:1824} INFO - Sync 1 DAGs
[2023-03-21 11:41:31,879] {logging_mixin.py:104} INFO - [2023-03-21 11:41:31,879] {dag.py:2280} INFO - Setting next_dagrun for example_trigger_target_dag to None
[2023-03-21 11:41:31,886] {scheduler_job.py:190} INFO - Processing /home/airflow/.local/lib/python3.6/site-packages/airflow/example_dags/example_trigger_target_dag.py took 0.072 seconds
[2023-03-21 11:42:02,331] {scheduler_job.py:182} INFO - Started process (PID=596) to work on /home/airflow/.local/lib/python3.6/site-packages/airflow/example_dags/example_trigger_target_dag.py
[2023-03-21 11:42:02,334] {scheduler_job.py:629} INFO - Processing file /home/airflow/.local/lib/python3.6/site-packages/airflow/example_dags/example_trigger_target_dag.py for tasks to queue
[2023-03-21 11:42:02,335] {logging_mixin.py:104} INFO - [2023-03-21 11:42:02,335] {dagbag.py:451} INFO - Filling up the DagBag from /home/airflow/.local/lib/python3.6/site-packages/airflow/example_dags/example_trigger_target_dag.py
[2023-03-21 11:42:02,352] {scheduler_job.py:639} INFO - DAG(s) dict_keys(['example_trigger_target_dag']) retrieved from /home/airflow/.local/lib/python3.6/site-packages/airflow/example_dags/example_trigger_target_dag.py
[2023-03-21 11:42:02,375] {logging_mixin.py:104} INFO - [2023-03-21 11:42:02,375] {dag.py:1824} INFO - Sync 1 DAGs
[2023-03-21 11:42:02,386] {logging_mixin.py:104} INFO - [2023-03-21 11:42:02,386] {dag.py:2280} INFO - Setting next_dagrun for example_trigger_target_dag to None
[2023-03-21 11:42:02,394] {scheduler_job.py:190} INFO - Processing /home/airflow/.local/lib/python3.6/site-packages/airflow/example_dags/example_trigger_target_dag.py took 0.070 seconds
[2023-03-21 11:42:32,854] {scheduler_job.py:182} INFO - Started process (PID=622) to work on /home/airflow/.local/lib/python3.6/site-packages/airflow/example_dags/example_trigger_target_dag.py
[2023-03-21 11:42:32,857] {scheduler_job.py:629} INFO - Processing file /home/airflow/.local/lib/python3.6/site-packages/airflow/example_dags/example_trigger_target_dag.py for tasks to queue
[2023-03-21 11:42:32,858] {logging_mixin.py:104} INFO - [2023-03-21 11:42:32,858] {dagbag.py:451} INFO - Filling up the DagBag from /home/airflow/.local/lib/python3.6/site-packages/airflow/example_dags/example_trigger_target_dag.py
[2023-03-21 11:42:32,874] {scheduler_job.py:639} INFO - DAG(s) dict_keys(['example_trigger_target_dag']) retrieved from /home/airflow/.local/lib/python3.6/site-packages/airflow/example_dags/example_trigger_target_dag.py
[2023-03-21 11:42:32,895] {logging_mixin.py:104} INFO - [2023-03-21 11:42:32,895] {dag.py:1824} INFO - Sync 1 DAGs
[2023-03-21 11:42:32,906] {logging_mixin.py:104} INFO - [2023-03-21 11:42:32,906] {dag.py:2280} INFO - Setting next_dagrun for example_trigger_target_dag to None
[2023-03-21 11:42:32,912] {scheduler_job.py:190} INFO - Processing /home/airflow/.local/lib/python3.6/site-packages/airflow/example_dags/example_trigger_target_dag.py took 0.064 seconds
[2023-03-21 11:43:03,281] {scheduler_job.py:182} INFO - Started process (PID=648) to work on /home/airflow/.local/lib/python3.6/site-packages/airflow/example_dags/example_trigger_target_dag.py
[2023-03-21 11:43:03,283] {scheduler_job.py:629} INFO - Processing file /home/airflow/.local/lib/python3.6/site-packages/airflow/example_dags/example_trigger_target_dag.py for tasks to queue
[2023-03-21 11:43:03,284] {logging_mixin.py:104} INFO - [2023-03-21 11:43:03,284] {dagbag.py:451} INFO - Filling up the DagBag from /home/airflow/.local/lib/python3.6/site-packages/airflow/example_dags/example_trigger_target_dag.py
[2023-03-21 11:43:03,299] {scheduler_job.py:639} INFO - DAG(s) dict_keys(['example_trigger_target_dag']) retrieved from /home/airflow/.local/lib/python3.6/site-packages/airflow/example_dags/example_trigger_target_dag.py
[2023-03-21 11:43:03,321] {logging_mixin.py:104} INFO - [2023-03-21 11:43:03,321] {dag.py:1824} INFO - Sync 1 DAGs
[2023-03-21 11:43:03,332] {logging_mixin.py:104} INFO - [2023-03-21 11:43:03,332] {dag.py:2280} INFO - Setting next_dagrun for example_trigger_target_dag to None
[2023-03-21 11:43:03,340] {scheduler_job.py:190} INFO - Processing /home/airflow/.local/lib/python3.6/site-packages/airflow/example_dags/example_trigger_target_dag.py took 0.064 seconds
[2023-03-21 11:43:33,643] {scheduler_job.py:182} INFO - Started process (PID=674) to work on /home/airflow/.local/lib/python3.6/site-packages/airflow/example_dags/example_trigger_target_dag.py
[2023-03-21 11:43:33,646] {scheduler_job.py:629} INFO - Processing file /home/airflow/.local/lib/python3.6/site-packages/airflow/example_dags/example_trigger_target_dag.py for tasks to queue
[2023-03-21 11:43:33,647] {logging_mixin.py:104} INFO - [2023-03-21 11:43:33,647] {dagbag.py:451} INFO - Filling up the DagBag from /home/airflow/.local/lib/python3.6/site-packages/airflow/example_dags/example_trigger_target_dag.py
[2023-03-21 11:43:33,660] {scheduler_job.py:639} INFO - DAG(s) dict_keys(['example_trigger_target_dag']) retrieved from /home/airflow/.local/lib/python3.6/site-packages/airflow/example_dags/example_trigger_target_dag.py
[2023-03-21 11:43:33,682] {logging_mixin.py:104} INFO - [2023-03-21 11:43:33,682] {dag.py:1824} INFO - Sync 1 DAGs
[2023-03-21 11:43:33,693] {logging_mixin.py:104} INFO - [2023-03-21 11:43:33,693] {dag.py:2280} INFO - Setting next_dagrun for example_trigger_target_dag to None
[2023-03-21 11:43:33,700] {scheduler_job.py:190} INFO - Processing /home/airflow/.local/lib/python3.6/site-packages/airflow/example_dags/example_trigger_target_dag.py took 0.062 seconds
[2023-03-21 11:44:04,068] {scheduler_job.py:182} INFO - Started process (PID=700) to work on /home/airflow/.local/lib/python3.6/site-packages/airflow/example_dags/example_trigger_target_dag.py
[2023-03-21 11:44:04,070] {scheduler_job.py:629} INFO - Processing file /home/airflow/.local/lib/python3.6/site-packages/airflow/example_dags/example_trigger_target_dag.py for tasks to queue
[2023-03-21 11:44:04,072] {logging_mixin.py:104} INFO - [2023-03-21 11:44:04,072] {dagbag.py:451} INFO - Filling up the DagBag from /home/airflow/.local/lib/python3.6/site-packages/airflow/example_dags/example_trigger_target_dag.py
[2023-03-21 11:44:04,087] {scheduler_job.py:639} INFO - DAG(s) dict_keys(['example_trigger_target_dag']) retrieved from /home/airflow/.local/lib/python3.6/site-packages/airflow/example_dags/example_trigger_target_dag.py
[2023-03-21 11:44:04,110] {logging_mixin.py:104} INFO - [2023-03-21 11:44:04,110] {dag.py:1824} INFO - Sync 1 DAGs
[2023-03-21 11:44:04,121] {logging_mixin.py:104} INFO - [2023-03-21 11:44:04,121] {dag.py:2280} INFO - Setting next_dagrun for example_trigger_target_dag to None
[2023-03-21 11:44:04,129] {scheduler_job.py:190} INFO - Processing /home/airflow/.local/lib/python3.6/site-packages/airflow/example_dags/example_trigger_target_dag.py took 0.065 seconds
[2023-03-21 11:44:34,496] {scheduler_job.py:182} INFO - Started process (PID=726) to work on /home/airflow/.local/lib/python3.6/site-packages/airflow/example_dags/example_trigger_target_dag.py
[2023-03-21 11:44:34,499] {scheduler_job.py:629} INFO - Processing file /home/airflow/.local/lib/python3.6/site-packages/airflow/example_dags/example_trigger_target_dag.py for tasks to queue
[2023-03-21 11:44:34,501] {logging_mixin.py:104} INFO - [2023-03-21 11:44:34,501] {dagbag.py:451} INFO - Filling up the DagBag from /home/airflow/.local/lib/python3.6/site-packages/airflow/example_dags/example_trigger_target_dag.py
[2023-03-21 11:44:34,515] {scheduler_job.py:639} INFO - DAG(s) dict_keys(['example_trigger_target_dag']) retrieved from /home/airflow/.local/lib/python3.6/site-packages/airflow/example_dags/example_trigger_target_dag.py
[2023-03-21 11:44:34,538] {logging_mixin.py:104} INFO - [2023-03-21 11:44:34,537] {dag.py:1824} INFO - Sync 1 DAGs
[2023-03-21 11:44:34,549] {logging_mixin.py:104} INFO - [2023-03-21 11:44:34,549] {dag.py:2280} INFO - Setting next_dagrun for example_trigger_target_dag to None
[2023-03-21 11:44:34,558] {scheduler_job.py:190} INFO - Processing /home/airflow/.local/lib/python3.6/site-packages/airflow/example_dags/example_trigger_target_dag.py took 0.066 seconds
[2023-03-21 11:45:04,950] {scheduler_job.py:182} INFO - Started process (PID=752) to work on /home/airflow/.local/lib/python3.6/site-packages/airflow/example_dags/example_trigger_target_dag.py
[2023-03-21 11:45:04,952] {scheduler_job.py:629} INFO - Processing file /home/airflow/.local/lib/python3.6/site-packages/airflow/example_dags/example_trigger_target_dag.py for tasks to queue
[2023-03-21 11:45:04,954] {logging_mixin.py:104} INFO - [2023-03-21 11:45:04,954] {dagbag.py:451} INFO - Filling up the DagBag from /home/airflow/.local/lib/python3.6/site-packages/airflow/example_dags/example_trigger_target_dag.py
[2023-03-21 11:45:04,969] {scheduler_job.py:639} INFO - DAG(s) dict_keys(['example_trigger_target_dag']) retrieved from /home/airflow/.local/lib/python3.6/site-packages/airflow/example_dags/example_trigger_target_dag.py
[2023-03-21 11:45:04,992] {logging_mixin.py:104} INFO - [2023-03-21 11:45:04,992] {dag.py:1824} INFO - Sync 1 DAGs
[2023-03-21 11:45:05,003] {logging_mixin.py:104} INFO - [2023-03-21 11:45:05,003] {dag.py:2280} INFO - Setting next_dagrun for example_trigger_target_dag to None
[2023-03-21 11:45:05,011] {scheduler_job.py:190} INFO - Processing /home/airflow/.local/lib/python3.6/site-packages/airflow/example_dags/example_trigger_target_dag.py took 0.067 seconds
[2023-03-21 11:45:35,741] {scheduler_job.py:182} INFO - Started process (PID=778) to work on /home/airflow/.local/lib/python3.6/site-packages/airflow/example_dags/example_trigger_target_dag.py
[2023-03-21 11:45:35,744] {scheduler_job.py:629} INFO - Processing file /home/airflow/.local/lib/python3.6/site-packages/airflow/example_dags/example_trigger_target_dag.py for tasks to queue
[2023-03-21 11:45:35,746] {logging_mixin.py:104} INFO - [2023-03-21 11:45:35,745] {dagbag.py:451} INFO - Filling up the DagBag from /home/airflow/.local/lib/python3.6/site-packages/airflow/example_dags/example_trigger_target_dag.py
[2023-03-21 11:45:35,764] {scheduler_job.py:639} INFO - DAG(s) dict_keys(['example_trigger_target_dag']) retrieved from /home/airflow/.local/lib/python3.6/site-packages/airflow/example_dags/example_trigger_target_dag.py
[2023-03-21 11:45:35,790] {logging_mixin.py:104} INFO - [2023-03-21 11:45:35,790] {dag.py:1824} INFO - Sync 1 DAGs
[2023-03-21 11:45:35,801] {logging_mixin.py:104} INFO - [2023-03-21 11:45:35,801] {dag.py:2280} INFO - Setting next_dagrun for example_trigger_target_dag to None
[2023-03-21 11:45:35,810] {scheduler_job.py:190} INFO - Processing /home/airflow/.local/lib/python3.6/site-packages/airflow/example_dags/example_trigger_target_dag.py took 0.077 seconds
[2023-03-21 11:46:06,255] {scheduler_job.py:182} INFO - Started process (PID=804) to work on /home/airflow/.local/lib/python3.6/site-packages/airflow/example_dags/example_trigger_target_dag.py
[2023-03-21 11:46:06,257] {scheduler_job.py:629} INFO - Processing file /home/airflow/.local/lib/python3.6/site-packages/airflow/example_dags/example_trigger_target_dag.py for tasks to queue
[2023-03-21 11:46:06,259] {logging_mixin.py:104} INFO - [2023-03-21 11:46:06,259] {dagbag.py:451} INFO - Filling up the DagBag from /home/airflow/.local/lib/python3.6/site-packages/airflow/example_dags/example_trigger_target_dag.py
[2023-03-21 11:46:06,277] {scheduler_job.py:639} INFO - DAG(s) dict_keys(['example_trigger_target_dag']) retrieved from /home/airflow/.local/lib/python3.6/site-packages/airflow/example_dags/example_trigger_target_dag.py
[2023-03-21 11:46:06,300] {logging_mixin.py:104} INFO - [2023-03-21 11:46:06,300] {dag.py:1824} INFO - Sync 1 DAGs
[2023-03-21 11:46:06,312] {logging_mixin.py:104} INFO - [2023-03-21 11:46:06,312] {dag.py:2280} INFO - Setting next_dagrun for example_trigger_target_dag to None
[2023-03-21 11:46:06,320] {scheduler_job.py:190} INFO - Processing /home/airflow/.local/lib/python3.6/site-packages/airflow/example_dags/example_trigger_target_dag.py took 0.072 seconds
[2023-03-21 11:46:36,927] {scheduler_job.py:182} INFO - Started process (PID=830) to work on /home/airflow/.local/lib/python3.6/site-packages/airflow/example_dags/example_trigger_target_dag.py
[2023-03-21 11:46:36,929] {scheduler_job.py:629} INFO - Processing file /home/airflow/.local/lib/python3.6/site-packages/airflow/example_dags/example_trigger_target_dag.py for tasks to queue
[2023-03-21 11:46:36,931] {logging_mixin.py:104} INFO - [2023-03-21 11:46:36,931] {dagbag.py:451} INFO - Filling up the DagBag from /home/airflow/.local/lib/python3.6/site-packages/airflow/example_dags/example_trigger_target_dag.py
[2023-03-21 11:46:36,946] {scheduler_job.py:639} INFO - DAG(s) dict_keys(['example_trigger_target_dag']) retrieved from /home/airflow/.local/lib/python3.6/site-packages/airflow/example_dags/example_trigger_target_dag.py
[2023-03-21 11:46:36,971] {logging_mixin.py:104} INFO - [2023-03-21 11:46:36,970] {dag.py:1824} INFO - Sync 1 DAGs
[2023-03-21 11:46:36,981] {logging_mixin.py:104} INFO - [2023-03-21 11:46:36,981] {dag.py:2280} INFO - Setting next_dagrun for example_trigger_target_dag to None
[2023-03-21 11:46:36,989] {scheduler_job.py:190} INFO - Processing /home/airflow/.local/lib/python3.6/site-packages/airflow/example_dags/example_trigger_target_dag.py took 0.067 seconds
