[2023-03-21 11:31:19,516] {scheduler_job.py:182} INFO - Started process (PID=43) to work on /home/airflow/.local/lib/python3.6/site-packages/airflow/example_dags/example_complex.py
[2023-03-21 11:31:19,519] {scheduler_job.py:629} INFO - Processing file /home/airflow/.local/lib/python3.6/site-packages/airflow/example_dags/example_complex.py for tasks to queue
[2023-03-21 11:31:19,522] {logging_mixin.py:104} INFO - [2023-03-21 11:31:19,521] {dagbag.py:451} INFO - Filling up the DagBag from /home/airflow/.local/lib/python3.6/site-packages/airflow/example_dags/example_complex.py
[2023-03-21 11:31:19,546] {scheduler_job.py:639} INFO - DAG(s) dict_keys(['example_complex']) retrieved from /home/airflow/.local/lib/python3.6/site-packages/airflow/example_dags/example_complex.py
[2023-03-21 11:31:19,636] {logging_mixin.py:104} INFO - [2023-03-21 11:31:19,636] {dag.py:1824} INFO - Sync 1 DAGs
[2023-03-21 11:31:19,656] {logging_mixin.py:104} INFO - [2023-03-21 11:31:19,655] {dag.py:2280} INFO - Setting next_dagrun for example_complex to None
[2023-03-21 11:31:19,677] {scheduler_job.py:190} INFO - Processing /home/airflow/.local/lib/python3.6/site-packages/airflow/example_dags/example_complex.py took 0.165 seconds
[2023-03-21 11:31:50,439] {scheduler_job.py:182} INFO - Started process (PID=69) to work on /home/airflow/.local/lib/python3.6/site-packages/airflow/example_dags/example_complex.py
[2023-03-21 11:31:50,443] {scheduler_job.py:629} INFO - Processing file /home/airflow/.local/lib/python3.6/site-packages/airflow/example_dags/example_complex.py for tasks to queue
[2023-03-21 11:31:50,444] {logging_mixin.py:104} INFO - [2023-03-21 11:31:50,444] {dagbag.py:451} INFO - Filling up the DagBag from /home/airflow/.local/lib/python3.6/site-packages/airflow/example_dags/example_complex.py
[2023-03-21 11:31:50,467] {scheduler_job.py:639} INFO - DAG(s) dict_keys(['example_complex']) retrieved from /home/airflow/.local/lib/python3.6/site-packages/airflow/example_dags/example_complex.py
[2023-03-21 11:31:50,493] {logging_mixin.py:104} INFO - [2023-03-21 11:31:50,493] {dag.py:1824} INFO - Sync 1 DAGs
[2023-03-21 11:31:50,504] {logging_mixin.py:104} INFO - [2023-03-21 11:31:50,504] {dag.py:2280} INFO - Setting next_dagrun for example_complex to None
[2023-03-21 11:31:50,512] {scheduler_job.py:190} INFO - Processing /home/airflow/.local/lib/python3.6/site-packages/airflow/example_dags/example_complex.py took 0.080 seconds
[2023-03-21 11:32:24,387] {scheduler_job.py:182} INFO - Started process (PID=111) to work on /home/airflow/.local/lib/python3.6/site-packages/airflow/example_dags/example_complex.py
[2023-03-21 11:32:24,391] {scheduler_job.py:629} INFO - Processing file /home/airflow/.local/lib/python3.6/site-packages/airflow/example_dags/example_complex.py for tasks to queue
[2023-03-21 11:32:24,393] {logging_mixin.py:104} INFO - [2023-03-21 11:32:24,393] {dagbag.py:451} INFO - Filling up the DagBag from /home/airflow/.local/lib/python3.6/site-packages/airflow/example_dags/example_complex.py
[2023-03-21 11:32:24,415] {scheduler_job.py:639} INFO - DAG(s) dict_keys(['example_complex']) retrieved from /home/airflow/.local/lib/python3.6/site-packages/airflow/example_dags/example_complex.py
[2023-03-21 11:32:24,478] {logging_mixin.py:104} INFO - [2023-03-21 11:32:24,478] {dag.py:1824} INFO - Sync 1 DAGs
[2023-03-21 11:32:24,507] {logging_mixin.py:104} INFO - [2023-03-21 11:32:24,507] {dag.py:2280} INFO - Setting next_dagrun for example_complex to None
[2023-03-21 11:32:24,528] {scheduler_job.py:190} INFO - Processing /home/airflow/.local/lib/python3.6/site-packages/airflow/example_dags/example_complex.py took 0.146 seconds
[2023-03-21 11:32:55,149] {scheduler_job.py:182} INFO - Started process (PID=139) to work on /home/airflow/.local/lib/python3.6/site-packages/airflow/example_dags/example_complex.py
[2023-03-21 11:32:55,156] {scheduler_job.py:629} INFO - Processing file /home/airflow/.local/lib/python3.6/site-packages/airflow/example_dags/example_complex.py for tasks to queue
[2023-03-21 11:32:55,160] {logging_mixin.py:104} INFO - [2023-03-21 11:32:55,160] {dagbag.py:451} INFO - Filling up the DagBag from /home/airflow/.local/lib/python3.6/site-packages/airflow/example_dags/example_complex.py
[2023-03-21 11:32:55,184] {scheduler_job.py:639} INFO - DAG(s) dict_keys(['example_complex']) retrieved from /home/airflow/.local/lib/python3.6/site-packages/airflow/example_dags/example_complex.py
[2023-03-21 11:32:55,217] {logging_mixin.py:104} INFO - [2023-03-21 11:32:55,217] {dag.py:1824} INFO - Sync 1 DAGs
[2023-03-21 11:32:55,229] {logging_mixin.py:104} INFO - [2023-03-21 11:32:55,229] {dag.py:2280} INFO - Setting next_dagrun for example_complex to None
[2023-03-21 11:32:55,239] {scheduler_job.py:190} INFO - Processing /home/airflow/.local/lib/python3.6/site-packages/airflow/example_dags/example_complex.py took 0.102 seconds
[2023-03-21 11:33:26,174] {scheduler_job.py:182} INFO - Started process (PID=171) to work on /home/airflow/.local/lib/python3.6/site-packages/airflow/example_dags/example_complex.py
[2023-03-21 11:33:26,175] {scheduler_job.py:629} INFO - Processing file /home/airflow/.local/lib/python3.6/site-packages/airflow/example_dags/example_complex.py for tasks to queue
[2023-03-21 11:33:26,176] {logging_mixin.py:104} INFO - [2023-03-21 11:33:26,176] {dagbag.py:451} INFO - Filling up the DagBag from /home/airflow/.local/lib/python3.6/site-packages/airflow/example_dags/example_complex.py
[2023-03-21 11:33:26,190] {scheduler_job.py:639} INFO - DAG(s) dict_keys(['example_complex']) retrieved from /home/airflow/.local/lib/python3.6/site-packages/airflow/example_dags/example_complex.py
[2023-03-21 11:33:26,217] {logging_mixin.py:104} INFO - [2023-03-21 11:33:26,217] {dag.py:1824} INFO - Sync 1 DAGs
[2023-03-21 11:33:26,227] {logging_mixin.py:104} INFO - [2023-03-21 11:33:26,227] {dag.py:2280} INFO - Setting next_dagrun for example_complex to None
[2023-03-21 11:33:26,235] {scheduler_job.py:190} INFO - Processing /home/airflow/.local/lib/python3.6/site-packages/airflow/example_dags/example_complex.py took 0.064 seconds
[2023-03-21 11:33:57,096] {scheduler_job.py:182} INFO - Started process (PID=191) to work on /home/airflow/.local/lib/python3.6/site-packages/airflow/example_dags/example_complex.py
[2023-03-21 11:33:57,100] {scheduler_job.py:629} INFO - Processing file /home/airflow/.local/lib/python3.6/site-packages/airflow/example_dags/example_complex.py for tasks to queue
[2023-03-21 11:33:57,104] {logging_mixin.py:104} INFO - [2023-03-21 11:33:57,104] {dagbag.py:451} INFO - Filling up the DagBag from /home/airflow/.local/lib/python3.6/site-packages/airflow/example_dags/example_complex.py
[2023-03-21 11:33:57,157] {scheduler_job.py:639} INFO - DAG(s) dict_keys(['example_complex']) retrieved from /home/airflow/.local/lib/python3.6/site-packages/airflow/example_dags/example_complex.py
[2023-03-21 11:33:57,283] {logging_mixin.py:104} INFO - [2023-03-21 11:33:57,282] {dag.py:1824} INFO - Sync 1 DAGs
[2023-03-21 11:33:57,312] {logging_mixin.py:104} INFO - [2023-03-21 11:33:57,311] {dag.py:2280} INFO - Setting next_dagrun for example_complex to None
[2023-03-21 11:33:57,340] {scheduler_job.py:190} INFO - Processing /home/airflow/.local/lib/python3.6/site-packages/airflow/example_dags/example_complex.py took 0.248 seconds
[2023-03-21 11:34:29,028] {scheduler_job.py:182} INFO - Started process (PID=220) to work on /home/airflow/.local/lib/python3.6/site-packages/airflow/example_dags/example_complex.py
[2023-03-21 11:34:29,030] {scheduler_job.py:629} INFO - Processing file /home/airflow/.local/lib/python3.6/site-packages/airflow/example_dags/example_complex.py for tasks to queue
[2023-03-21 11:34:29,031] {logging_mixin.py:104} INFO - [2023-03-21 11:34:29,031] {dagbag.py:451} INFO - Filling up the DagBag from /home/airflow/.local/lib/python3.6/site-packages/airflow/example_dags/example_complex.py
[2023-03-21 11:34:29,067] {scheduler_job.py:639} INFO - DAG(s) dict_keys(['example_complex']) retrieved from /home/airflow/.local/lib/python3.6/site-packages/airflow/example_dags/example_complex.py
[2023-03-21 11:34:29,095] {logging_mixin.py:104} INFO - [2023-03-21 11:34:29,094] {dag.py:1824} INFO - Sync 1 DAGs
[2023-03-21 11:34:29,108] {logging_mixin.py:104} INFO - [2023-03-21 11:34:29,108] {dag.py:2280} INFO - Setting next_dagrun for example_complex to None
[2023-03-21 11:34:29,118] {scheduler_job.py:190} INFO - Processing /home/airflow/.local/lib/python3.6/site-packages/airflow/example_dags/example_complex.py took 0.093 seconds
[2023-03-21 11:35:00,465] {scheduler_job.py:182} INFO - Started process (PID=251) to work on /home/airflow/.local/lib/python3.6/site-packages/airflow/example_dags/example_complex.py
[2023-03-21 11:35:00,467] {scheduler_job.py:629} INFO - Processing file /home/airflow/.local/lib/python3.6/site-packages/airflow/example_dags/example_complex.py for tasks to queue
[2023-03-21 11:35:00,469] {logging_mixin.py:104} INFO - [2023-03-21 11:35:00,469] {dagbag.py:451} INFO - Filling up the DagBag from /home/airflow/.local/lib/python3.6/site-packages/airflow/example_dags/example_complex.py
[2023-03-21 11:35:00,490] {scheduler_job.py:639} INFO - DAG(s) dict_keys(['example_complex']) retrieved from /home/airflow/.local/lib/python3.6/site-packages/airflow/example_dags/example_complex.py
[2023-03-21 11:35:00,515] {logging_mixin.py:104} INFO - [2023-03-21 11:35:00,515] {dag.py:1824} INFO - Sync 1 DAGs
[2023-03-21 11:35:00,526] {logging_mixin.py:104} INFO - [2023-03-21 11:35:00,526] {dag.py:2280} INFO - Setting next_dagrun for example_complex to None
[2023-03-21 11:35:00,534] {scheduler_job.py:190} INFO - Processing /home/airflow/.local/lib/python3.6/site-packages/airflow/example_dags/example_complex.py took 0.072 seconds
[2023-03-21 11:35:30,670] {scheduler_job.py:182} INFO - Started process (PID=277) to work on /home/airflow/.local/lib/python3.6/site-packages/airflow/example_dags/example_complex.py
[2023-03-21 11:35:30,672] {scheduler_job.py:629} INFO - Processing file /home/airflow/.local/lib/python3.6/site-packages/airflow/example_dags/example_complex.py for tasks to queue
[2023-03-21 11:35:30,673] {logging_mixin.py:104} INFO - [2023-03-21 11:35:30,673] {dagbag.py:451} INFO - Filling up the DagBag from /home/airflow/.local/lib/python3.6/site-packages/airflow/example_dags/example_complex.py
[2023-03-21 11:35:30,706] {scheduler_job.py:639} INFO - DAG(s) dict_keys(['example_complex']) retrieved from /home/airflow/.local/lib/python3.6/site-packages/airflow/example_dags/example_complex.py
[2023-03-21 11:35:30,738] {logging_mixin.py:104} INFO - [2023-03-21 11:35:30,738] {dag.py:1824} INFO - Sync 1 DAGs
[2023-03-21 11:35:30,751] {logging_mixin.py:104} INFO - [2023-03-21 11:35:30,751] {dag.py:2280} INFO - Setting next_dagrun for example_complex to None
[2023-03-21 11:35:30,760] {scheduler_job.py:190} INFO - Processing /home/airflow/.local/lib/python3.6/site-packages/airflow/example_dags/example_complex.py took 0.092 seconds
[2023-03-21 11:36:01,232] {scheduler_job.py:182} INFO - Started process (PID=302) to work on /home/airflow/.local/lib/python3.6/site-packages/airflow/example_dags/example_complex.py
[2023-03-21 11:36:01,233] {scheduler_job.py:629} INFO - Processing file /home/airflow/.local/lib/python3.6/site-packages/airflow/example_dags/example_complex.py for tasks to queue
[2023-03-21 11:36:01,234] {logging_mixin.py:104} INFO - [2023-03-21 11:36:01,234] {dagbag.py:451} INFO - Filling up the DagBag from /home/airflow/.local/lib/python3.6/site-packages/airflow/example_dags/example_complex.py
[2023-03-21 11:36:01,251] {scheduler_job.py:639} INFO - DAG(s) dict_keys(['example_complex']) retrieved from /home/airflow/.local/lib/python3.6/site-packages/airflow/example_dags/example_complex.py
[2023-03-21 11:36:01,273] {logging_mixin.py:104} INFO - [2023-03-21 11:36:01,273] {dag.py:1824} INFO - Sync 1 DAGs
[2023-03-21 11:36:01,284] {logging_mixin.py:104} INFO - [2023-03-21 11:36:01,283] {dag.py:2280} INFO - Setting next_dagrun for example_complex to None
[2023-03-21 11:36:01,290] {scheduler_job.py:190} INFO - Processing /home/airflow/.local/lib/python3.6/site-packages/airflow/example_dags/example_complex.py took 0.061 seconds
[2023-03-21 11:36:31,632] {scheduler_job.py:182} INFO - Started process (PID=328) to work on /home/airflow/.local/lib/python3.6/site-packages/airflow/example_dags/example_complex.py
[2023-03-21 11:36:31,634] {scheduler_job.py:629} INFO - Processing file /home/airflow/.local/lib/python3.6/site-packages/airflow/example_dags/example_complex.py for tasks to queue
[2023-03-21 11:36:31,634] {logging_mixin.py:104} INFO - [2023-03-21 11:36:31,634] {dagbag.py:451} INFO - Filling up the DagBag from /home/airflow/.local/lib/python3.6/site-packages/airflow/example_dags/example_complex.py
[2023-03-21 11:36:31,650] {scheduler_job.py:639} INFO - DAG(s) dict_keys(['example_complex']) retrieved from /home/airflow/.local/lib/python3.6/site-packages/airflow/example_dags/example_complex.py
[2023-03-21 11:36:31,671] {logging_mixin.py:104} INFO - [2023-03-21 11:36:31,671] {dag.py:1824} INFO - Sync 1 DAGs
[2023-03-21 11:36:31,680] {logging_mixin.py:104} INFO - [2023-03-21 11:36:31,680] {dag.py:2280} INFO - Setting next_dagrun for example_complex to None
[2023-03-21 11:36:31,687] {scheduler_job.py:190} INFO - Processing /home/airflow/.local/lib/python3.6/site-packages/airflow/example_dags/example_complex.py took 0.057 seconds
[2023-03-21 11:37:02,125] {scheduler_job.py:182} INFO - Started process (PID=355) to work on /home/airflow/.local/lib/python3.6/site-packages/airflow/example_dags/example_complex.py
[2023-03-21 11:37:02,126] {scheduler_job.py:629} INFO - Processing file /home/airflow/.local/lib/python3.6/site-packages/airflow/example_dags/example_complex.py for tasks to queue
[2023-03-21 11:37:02,127] {logging_mixin.py:104} INFO - [2023-03-21 11:37:02,127] {dagbag.py:451} INFO - Filling up the DagBag from /home/airflow/.local/lib/python3.6/site-packages/airflow/example_dags/example_complex.py
[2023-03-21 11:37:02,144] {scheduler_job.py:639} INFO - DAG(s) dict_keys(['example_complex']) retrieved from /home/airflow/.local/lib/python3.6/site-packages/airflow/example_dags/example_complex.py
[2023-03-21 11:37:02,165] {logging_mixin.py:104} INFO - [2023-03-21 11:37:02,165] {dag.py:1824} INFO - Sync 1 DAGs
[2023-03-21 11:37:02,175] {logging_mixin.py:104} INFO - [2023-03-21 11:37:02,175] {dag.py:2280} INFO - Setting next_dagrun for example_complex to None
[2023-03-21 11:37:02,183] {scheduler_job.py:190} INFO - Processing /home/airflow/.local/lib/python3.6/site-packages/airflow/example_dags/example_complex.py took 0.061 seconds
[2023-03-21 11:37:32,670] {scheduler_job.py:182} INFO - Started process (PID=383) to work on /home/airflow/.local/lib/python3.6/site-packages/airflow/example_dags/example_complex.py
[2023-03-21 11:37:32,671] {scheduler_job.py:629} INFO - Processing file /home/airflow/.local/lib/python3.6/site-packages/airflow/example_dags/example_complex.py for tasks to queue
[2023-03-21 11:37:32,672] {logging_mixin.py:104} INFO - [2023-03-21 11:37:32,672] {dagbag.py:451} INFO - Filling up the DagBag from /home/airflow/.local/lib/python3.6/site-packages/airflow/example_dags/example_complex.py
[2023-03-21 11:37:32,689] {scheduler_job.py:639} INFO - DAG(s) dict_keys(['example_complex']) retrieved from /home/airflow/.local/lib/python3.6/site-packages/airflow/example_dags/example_complex.py
[2023-03-21 11:37:32,710] {logging_mixin.py:104} INFO - [2023-03-21 11:37:32,710] {dag.py:1824} INFO - Sync 1 DAGs
[2023-03-21 11:37:32,719] {logging_mixin.py:104} INFO - [2023-03-21 11:37:32,719] {dag.py:2280} INFO - Setting next_dagrun for example_complex to None
[2023-03-21 11:37:32,726] {scheduler_job.py:190} INFO - Processing /home/airflow/.local/lib/python3.6/site-packages/airflow/example_dags/example_complex.py took 0.058 seconds
[2023-03-21 11:38:03,065] {scheduler_job.py:182} INFO - Started process (PID=406) to work on /home/airflow/.local/lib/python3.6/site-packages/airflow/example_dags/example_complex.py
[2023-03-21 11:38:03,067] {scheduler_job.py:629} INFO - Processing file /home/airflow/.local/lib/python3.6/site-packages/airflow/example_dags/example_complex.py for tasks to queue
[2023-03-21 11:38:03,069] {logging_mixin.py:104} INFO - [2023-03-21 11:38:03,068] {dagbag.py:451} INFO - Filling up the DagBag from /home/airflow/.local/lib/python3.6/site-packages/airflow/example_dags/example_complex.py
[2023-03-21 11:38:03,091] {scheduler_job.py:639} INFO - DAG(s) dict_keys(['example_complex']) retrieved from /home/airflow/.local/lib/python3.6/site-packages/airflow/example_dags/example_complex.py
[2023-03-21 11:38:03,113] {logging_mixin.py:104} INFO - [2023-03-21 11:38:03,113] {dag.py:1824} INFO - Sync 1 DAGs
[2023-03-21 11:38:03,123] {logging_mixin.py:104} INFO - [2023-03-21 11:38:03,123] {dag.py:2280} INFO - Setting next_dagrun for example_complex to None
[2023-03-21 11:38:03,131] {scheduler_job.py:190} INFO - Processing /home/airflow/.local/lib/python3.6/site-packages/airflow/example_dags/example_complex.py took 0.070 seconds
[2023-03-21 11:38:33,552] {scheduler_job.py:182} INFO - Started process (PID=432) to work on /home/airflow/.local/lib/python3.6/site-packages/airflow/example_dags/example_complex.py
[2023-03-21 11:38:33,558] {scheduler_job.py:629} INFO - Processing file /home/airflow/.local/lib/python3.6/site-packages/airflow/example_dags/example_complex.py for tasks to queue
[2023-03-21 11:38:33,559] {logging_mixin.py:104} INFO - [2023-03-21 11:38:33,559] {dagbag.py:451} INFO - Filling up the DagBag from /home/airflow/.local/lib/python3.6/site-packages/airflow/example_dags/example_complex.py
[2023-03-21 11:38:33,572] {scheduler_job.py:639} INFO - DAG(s) dict_keys(['example_complex']) retrieved from /home/airflow/.local/lib/python3.6/site-packages/airflow/example_dags/example_complex.py
[2023-03-21 11:38:33,594] {logging_mixin.py:104} INFO - [2023-03-21 11:38:33,594] {dag.py:1824} INFO - Sync 1 DAGs
[2023-03-21 11:38:33,604] {logging_mixin.py:104} INFO - [2023-03-21 11:38:33,604] {dag.py:2280} INFO - Setting next_dagrun for example_complex to None
[2023-03-21 11:38:33,613] {scheduler_job.py:190} INFO - Processing /home/airflow/.local/lib/python3.6/site-packages/airflow/example_dags/example_complex.py took 0.063 seconds
[2023-03-21 11:39:04,119] {scheduler_job.py:182} INFO - Started process (PID=458) to work on /home/airflow/.local/lib/python3.6/site-packages/airflow/example_dags/example_complex.py
[2023-03-21 11:39:04,120] {scheduler_job.py:629} INFO - Processing file /home/airflow/.local/lib/python3.6/site-packages/airflow/example_dags/example_complex.py for tasks to queue
[2023-03-21 11:39:04,121] {logging_mixin.py:104} INFO - [2023-03-21 11:39:04,121] {dagbag.py:451} INFO - Filling up the DagBag from /home/airflow/.local/lib/python3.6/site-packages/airflow/example_dags/example_complex.py
[2023-03-21 11:39:04,138] {scheduler_job.py:639} INFO - DAG(s) dict_keys(['example_complex']) retrieved from /home/airflow/.local/lib/python3.6/site-packages/airflow/example_dags/example_complex.py
[2023-03-21 11:39:04,167] {logging_mixin.py:104} INFO - [2023-03-21 11:39:04,166] {dag.py:1824} INFO - Sync 1 DAGs
[2023-03-21 11:39:04,181] {logging_mixin.py:104} INFO - [2023-03-21 11:39:04,181] {dag.py:2280} INFO - Setting next_dagrun for example_complex to None
[2023-03-21 11:39:04,191] {scheduler_job.py:190} INFO - Processing /home/airflow/.local/lib/python3.6/site-packages/airflow/example_dags/example_complex.py took 0.075 seconds
[2023-03-21 11:39:34,636] {scheduler_job.py:182} INFO - Started process (PID=484) to work on /home/airflow/.local/lib/python3.6/site-packages/airflow/example_dags/example_complex.py
[2023-03-21 11:39:34,637] {scheduler_job.py:629} INFO - Processing file /home/airflow/.local/lib/python3.6/site-packages/airflow/example_dags/example_complex.py for tasks to queue
[2023-03-21 11:39:34,638] {logging_mixin.py:104} INFO - [2023-03-21 11:39:34,638] {dagbag.py:451} INFO - Filling up the DagBag from /home/airflow/.local/lib/python3.6/site-packages/airflow/example_dags/example_complex.py
[2023-03-21 11:39:34,652] {scheduler_job.py:639} INFO - DAG(s) dict_keys(['example_complex']) retrieved from /home/airflow/.local/lib/python3.6/site-packages/airflow/example_dags/example_complex.py
[2023-03-21 11:39:34,674] {logging_mixin.py:104} INFO - [2023-03-21 11:39:34,674] {dag.py:1824} INFO - Sync 1 DAGs
[2023-03-21 11:39:34,685] {logging_mixin.py:104} INFO - [2023-03-21 11:39:34,685] {dag.py:2280} INFO - Setting next_dagrun for example_complex to None
[2023-03-21 11:39:34,693] {scheduler_job.py:190} INFO - Processing /home/airflow/.local/lib/python3.6/site-packages/airflow/example_dags/example_complex.py took 0.060 seconds
[2023-03-21 11:40:05,212] {scheduler_job.py:182} INFO - Started process (PID=511) to work on /home/airflow/.local/lib/python3.6/site-packages/airflow/example_dags/example_complex.py
[2023-03-21 11:40:05,214] {scheduler_job.py:629} INFO - Processing file /home/airflow/.local/lib/python3.6/site-packages/airflow/example_dags/example_complex.py for tasks to queue
[2023-03-21 11:40:05,214] {logging_mixin.py:104} INFO - [2023-03-21 11:40:05,214] {dagbag.py:451} INFO - Filling up the DagBag from /home/airflow/.local/lib/python3.6/site-packages/airflow/example_dags/example_complex.py
[2023-03-21 11:40:05,229] {scheduler_job.py:639} INFO - DAG(s) dict_keys(['example_complex']) retrieved from /home/airflow/.local/lib/python3.6/site-packages/airflow/example_dags/example_complex.py
[2023-03-21 11:40:05,250] {logging_mixin.py:104} INFO - [2023-03-21 11:40:05,250] {dag.py:1824} INFO - Sync 1 DAGs
[2023-03-21 11:40:05,260] {logging_mixin.py:104} INFO - [2023-03-21 11:40:05,260] {dag.py:2280} INFO - Setting next_dagrun for example_complex to None
[2023-03-21 11:40:05,267] {scheduler_job.py:190} INFO - Processing /home/airflow/.local/lib/python3.6/site-packages/airflow/example_dags/example_complex.py took 0.058 seconds
[2023-03-21 11:40:35,631] {scheduler_job.py:182} INFO - Started process (PID=536) to work on /home/airflow/.local/lib/python3.6/site-packages/airflow/example_dags/example_complex.py
[2023-03-21 11:40:35,632] {scheduler_job.py:629} INFO - Processing file /home/airflow/.local/lib/python3.6/site-packages/airflow/example_dags/example_complex.py for tasks to queue
[2023-03-21 11:40:35,633] {logging_mixin.py:104} INFO - [2023-03-21 11:40:35,633] {dagbag.py:451} INFO - Filling up the DagBag from /home/airflow/.local/lib/python3.6/site-packages/airflow/example_dags/example_complex.py
[2023-03-21 11:40:35,647] {scheduler_job.py:639} INFO - DAG(s) dict_keys(['example_complex']) retrieved from /home/airflow/.local/lib/python3.6/site-packages/airflow/example_dags/example_complex.py
[2023-03-21 11:40:35,670] {logging_mixin.py:104} INFO - [2023-03-21 11:40:35,670] {dag.py:1824} INFO - Sync 1 DAGs
[2023-03-21 11:40:35,680] {logging_mixin.py:104} INFO - [2023-03-21 11:40:35,680] {dag.py:2280} INFO - Setting next_dagrun for example_complex to None
[2023-03-21 11:40:35,687] {scheduler_job.py:190} INFO - Processing /home/airflow/.local/lib/python3.6/site-packages/airflow/example_dags/example_complex.py took 0.059 seconds
[2023-03-21 11:41:06,243] {scheduler_job.py:182} INFO - Started process (PID=565) to work on /home/airflow/.local/lib/python3.6/site-packages/airflow/example_dags/example_complex.py
[2023-03-21 11:41:06,245] {scheduler_job.py:629} INFO - Processing file /home/airflow/.local/lib/python3.6/site-packages/airflow/example_dags/example_complex.py for tasks to queue
[2023-03-21 11:41:06,245] {logging_mixin.py:104} INFO - [2023-03-21 11:41:06,245] {dagbag.py:451} INFO - Filling up the DagBag from /home/airflow/.local/lib/python3.6/site-packages/airflow/example_dags/example_complex.py
[2023-03-21 11:41:06,259] {scheduler_job.py:639} INFO - DAG(s) dict_keys(['example_complex']) retrieved from /home/airflow/.local/lib/python3.6/site-packages/airflow/example_dags/example_complex.py
[2023-03-21 11:41:06,281] {logging_mixin.py:104} INFO - [2023-03-21 11:41:06,281] {dag.py:1824} INFO - Sync 1 DAGs
[2023-03-21 11:41:06,291] {logging_mixin.py:104} INFO - [2023-03-21 11:41:06,291] {dag.py:2280} INFO - Setting next_dagrun for example_complex to None
[2023-03-21 11:41:06,298] {scheduler_job.py:190} INFO - Processing /home/airflow/.local/lib/python3.6/site-packages/airflow/example_dags/example_complex.py took 0.057 seconds
[2023-03-21 11:41:36,803] {scheduler_job.py:182} INFO - Started process (PID=591) to work on /home/airflow/.local/lib/python3.6/site-packages/airflow/example_dags/example_complex.py
[2023-03-21 11:41:36,805] {scheduler_job.py:629} INFO - Processing file /home/airflow/.local/lib/python3.6/site-packages/airflow/example_dags/example_complex.py for tasks to queue
[2023-03-21 11:41:36,806] {logging_mixin.py:104} INFO - [2023-03-21 11:41:36,806] {dagbag.py:451} INFO - Filling up the DagBag from /home/airflow/.local/lib/python3.6/site-packages/airflow/example_dags/example_complex.py
[2023-03-21 11:41:36,819] {scheduler_job.py:639} INFO - DAG(s) dict_keys(['example_complex']) retrieved from /home/airflow/.local/lib/python3.6/site-packages/airflow/example_dags/example_complex.py
[2023-03-21 11:41:36,840] {logging_mixin.py:104} INFO - [2023-03-21 11:41:36,840] {dag.py:1824} INFO - Sync 1 DAGs
[2023-03-21 11:41:36,850] {logging_mixin.py:104} INFO - [2023-03-21 11:41:36,850] {dag.py:2280} INFO - Setting next_dagrun for example_complex to None
[2023-03-21 11:41:36,857] {scheduler_job.py:190} INFO - Processing /home/airflow/.local/lib/python3.6/site-packages/airflow/example_dags/example_complex.py took 0.056 seconds
[2023-03-21 11:42:07,254] {scheduler_job.py:182} INFO - Started process (PID=615) to work on /home/airflow/.local/lib/python3.6/site-packages/airflow/example_dags/example_complex.py
[2023-03-21 11:42:07,255] {scheduler_job.py:629} INFO - Processing file /home/airflow/.local/lib/python3.6/site-packages/airflow/example_dags/example_complex.py for tasks to queue
[2023-03-21 11:42:07,256] {logging_mixin.py:104} INFO - [2023-03-21 11:42:07,256] {dagbag.py:451} INFO - Filling up the DagBag from /home/airflow/.local/lib/python3.6/site-packages/airflow/example_dags/example_complex.py
[2023-03-21 11:42:07,271] {scheduler_job.py:639} INFO - DAG(s) dict_keys(['example_complex']) retrieved from /home/airflow/.local/lib/python3.6/site-packages/airflow/example_dags/example_complex.py
[2023-03-21 11:42:07,294] {logging_mixin.py:104} INFO - [2023-03-21 11:42:07,294] {dag.py:1824} INFO - Sync 1 DAGs
[2023-03-21 11:42:07,305] {logging_mixin.py:104} INFO - [2023-03-21 11:42:07,305] {dag.py:2280} INFO - Setting next_dagrun for example_complex to None
[2023-03-21 11:42:07,313] {scheduler_job.py:190} INFO - Processing /home/airflow/.local/lib/python3.6/site-packages/airflow/example_dags/example_complex.py took 0.062 seconds
[2023-03-21 11:42:37,740] {scheduler_job.py:182} INFO - Started process (PID=641) to work on /home/airflow/.local/lib/python3.6/site-packages/airflow/example_dags/example_complex.py
[2023-03-21 11:42:37,741] {scheduler_job.py:629} INFO - Processing file /home/airflow/.local/lib/python3.6/site-packages/airflow/example_dags/example_complex.py for tasks to queue
[2023-03-21 11:42:37,743] {logging_mixin.py:104} INFO - [2023-03-21 11:42:37,743] {dagbag.py:451} INFO - Filling up the DagBag from /home/airflow/.local/lib/python3.6/site-packages/airflow/example_dags/example_complex.py
[2023-03-21 11:42:37,760] {scheduler_job.py:639} INFO - DAG(s) dict_keys(['example_complex']) retrieved from /home/airflow/.local/lib/python3.6/site-packages/airflow/example_dags/example_complex.py
[2023-03-21 11:42:37,788] {logging_mixin.py:104} INFO - [2023-03-21 11:42:37,787] {dag.py:1824} INFO - Sync 1 DAGs
[2023-03-21 11:42:37,799] {logging_mixin.py:104} INFO - [2023-03-21 11:42:37,799] {dag.py:2280} INFO - Setting next_dagrun for example_complex to None
[2023-03-21 11:42:37,806] {scheduler_job.py:190} INFO - Processing /home/airflow/.local/lib/python3.6/site-packages/airflow/example_dags/example_complex.py took 0.070 seconds
[2023-03-21 11:43:08,256] {scheduler_job.py:182} INFO - Started process (PID=669) to work on /home/airflow/.local/lib/python3.6/site-packages/airflow/example_dags/example_complex.py
[2023-03-21 11:43:08,258] {scheduler_job.py:629} INFO - Processing file /home/airflow/.local/lib/python3.6/site-packages/airflow/example_dags/example_complex.py for tasks to queue
[2023-03-21 11:43:08,258] {logging_mixin.py:104} INFO - [2023-03-21 11:43:08,258] {dagbag.py:451} INFO - Filling up the DagBag from /home/airflow/.local/lib/python3.6/site-packages/airflow/example_dags/example_complex.py
[2023-03-21 11:43:08,272] {scheduler_job.py:639} INFO - DAG(s) dict_keys(['example_complex']) retrieved from /home/airflow/.local/lib/python3.6/site-packages/airflow/example_dags/example_complex.py
[2023-03-21 11:43:08,294] {logging_mixin.py:104} INFO - [2023-03-21 11:43:08,294] {dag.py:1824} INFO - Sync 1 DAGs
[2023-03-21 11:43:08,304] {logging_mixin.py:104} INFO - [2023-03-21 11:43:08,304] {dag.py:2280} INFO - Setting next_dagrun for example_complex to None
[2023-03-21 11:43:08,310] {scheduler_job.py:190} INFO - Processing /home/airflow/.local/lib/python3.6/site-packages/airflow/example_dags/example_complex.py took 0.057 seconds
[2023-03-21 11:43:38,588] {scheduler_job.py:182} INFO - Started process (PID=695) to work on /home/airflow/.local/lib/python3.6/site-packages/airflow/example_dags/example_complex.py
[2023-03-21 11:43:38,590] {scheduler_job.py:629} INFO - Processing file /home/airflow/.local/lib/python3.6/site-packages/airflow/example_dags/example_complex.py for tasks to queue
[2023-03-21 11:43:38,591] {logging_mixin.py:104} INFO - [2023-03-21 11:43:38,590] {dagbag.py:451} INFO - Filling up the DagBag from /home/airflow/.local/lib/python3.6/site-packages/airflow/example_dags/example_complex.py
[2023-03-21 11:43:38,604] {scheduler_job.py:639} INFO - DAG(s) dict_keys(['example_complex']) retrieved from /home/airflow/.local/lib/python3.6/site-packages/airflow/example_dags/example_complex.py
[2023-03-21 11:43:38,625] {logging_mixin.py:104} INFO - [2023-03-21 11:43:38,625] {dag.py:1824} INFO - Sync 1 DAGs
[2023-03-21 11:43:38,635] {logging_mixin.py:104} INFO - [2023-03-21 11:43:38,635] {dag.py:2280} INFO - Setting next_dagrun for example_complex to None
[2023-03-21 11:43:38,642] {scheduler_job.py:190} INFO - Processing /home/airflow/.local/lib/python3.6/site-packages/airflow/example_dags/example_complex.py took 0.056 seconds
[2023-03-21 11:44:09,066] {scheduler_job.py:182} INFO - Started process (PID=721) to work on /home/airflow/.local/lib/python3.6/site-packages/airflow/example_dags/example_complex.py
[2023-03-21 11:44:09,068] {scheduler_job.py:629} INFO - Processing file /home/airflow/.local/lib/python3.6/site-packages/airflow/example_dags/example_complex.py for tasks to queue
[2023-03-21 11:44:09,068] {logging_mixin.py:104} INFO - [2023-03-21 11:44:09,068] {dagbag.py:451} INFO - Filling up the DagBag from /home/airflow/.local/lib/python3.6/site-packages/airflow/example_dags/example_complex.py
[2023-03-21 11:44:09,082] {scheduler_job.py:639} INFO - DAG(s) dict_keys(['example_complex']) retrieved from /home/airflow/.local/lib/python3.6/site-packages/airflow/example_dags/example_complex.py
[2023-03-21 11:44:09,104] {logging_mixin.py:104} INFO - [2023-03-21 11:44:09,104] {dag.py:1824} INFO - Sync 1 DAGs
[2023-03-21 11:44:09,114] {logging_mixin.py:104} INFO - [2023-03-21 11:44:09,114] {dag.py:2280} INFO - Setting next_dagrun for example_complex to None
[2023-03-21 11:44:09,121] {scheduler_job.py:190} INFO - Processing /home/airflow/.local/lib/python3.6/site-packages/airflow/example_dags/example_complex.py took 0.057 seconds
[2023-03-21 11:44:39,431] {scheduler_job.py:182} INFO - Started process (PID=747) to work on /home/airflow/.local/lib/python3.6/site-packages/airflow/example_dags/example_complex.py
[2023-03-21 11:44:39,432] {scheduler_job.py:629} INFO - Processing file /home/airflow/.local/lib/python3.6/site-packages/airflow/example_dags/example_complex.py for tasks to queue
[2023-03-21 11:44:39,433] {logging_mixin.py:104} INFO - [2023-03-21 11:44:39,433] {dagbag.py:451} INFO - Filling up the DagBag from /home/airflow/.local/lib/python3.6/site-packages/airflow/example_dags/example_complex.py
[2023-03-21 11:44:39,447] {scheduler_job.py:639} INFO - DAG(s) dict_keys(['example_complex']) retrieved from /home/airflow/.local/lib/python3.6/site-packages/airflow/example_dags/example_complex.py
[2023-03-21 11:44:39,469] {logging_mixin.py:104} INFO - [2023-03-21 11:44:39,469] {dag.py:1824} INFO - Sync 1 DAGs
[2023-03-21 11:44:39,479] {logging_mixin.py:104} INFO - [2023-03-21 11:44:39,479] {dag.py:2280} INFO - Setting next_dagrun for example_complex to None
[2023-03-21 11:44:39,486] {scheduler_job.py:190} INFO - Processing /home/airflow/.local/lib/python3.6/site-packages/airflow/example_dags/example_complex.py took 0.058 seconds
[2023-03-21 11:45:10,061] {scheduler_job.py:182} INFO - Started process (PID=770) to work on /home/airflow/.local/lib/python3.6/site-packages/airflow/example_dags/example_complex.py
[2023-03-21 11:45:10,063] {scheduler_job.py:629} INFO - Processing file /home/airflow/.local/lib/python3.6/site-packages/airflow/example_dags/example_complex.py for tasks to queue
[2023-03-21 11:45:10,063] {logging_mixin.py:104} INFO - [2023-03-21 11:45:10,063] {dagbag.py:451} INFO - Filling up the DagBag from /home/airflow/.local/lib/python3.6/site-packages/airflow/example_dags/example_complex.py
[2023-03-21 11:45:10,081] {scheduler_job.py:639} INFO - DAG(s) dict_keys(['example_complex']) retrieved from /home/airflow/.local/lib/python3.6/site-packages/airflow/example_dags/example_complex.py
[2023-03-21 11:45:10,107] {logging_mixin.py:104} INFO - [2023-03-21 11:45:10,106] {dag.py:1824} INFO - Sync 1 DAGs
[2023-03-21 11:45:10,119] {logging_mixin.py:104} INFO - [2023-03-21 11:45:10,118] {dag.py:2280} INFO - Setting next_dagrun for example_complex to None
[2023-03-21 11:45:10,127] {scheduler_job.py:190} INFO - Processing /home/airflow/.local/lib/python3.6/site-packages/airflow/example_dags/example_complex.py took 0.069 seconds
[2023-03-21 11:45:40,573] {scheduler_job.py:182} INFO - Started process (PID=795) to work on /home/airflow/.local/lib/python3.6/site-packages/airflow/example_dags/example_complex.py
[2023-03-21 11:45:40,575] {scheduler_job.py:629} INFO - Processing file /home/airflow/.local/lib/python3.6/site-packages/airflow/example_dags/example_complex.py for tasks to queue
[2023-03-21 11:45:40,576] {logging_mixin.py:104} INFO - [2023-03-21 11:45:40,576] {dagbag.py:451} INFO - Filling up the DagBag from /home/airflow/.local/lib/python3.6/site-packages/airflow/example_dags/example_complex.py
[2023-03-21 11:45:40,590] {scheduler_job.py:639} INFO - DAG(s) dict_keys(['example_complex']) retrieved from /home/airflow/.local/lib/python3.6/site-packages/airflow/example_dags/example_complex.py
[2023-03-21 11:45:40,614] {logging_mixin.py:104} INFO - [2023-03-21 11:45:40,614] {dag.py:1824} INFO - Sync 1 DAGs
[2023-03-21 11:45:40,626] {logging_mixin.py:104} INFO - [2023-03-21 11:45:40,626] {dag.py:2280} INFO - Setting next_dagrun for example_complex to None
[2023-03-21 11:45:40,634] {scheduler_job.py:190} INFO - Processing /home/airflow/.local/lib/python3.6/site-packages/airflow/example_dags/example_complex.py took 0.063 seconds
[2023-03-21 11:46:11,095] {scheduler_job.py:182} INFO - Started process (PID=821) to work on /home/airflow/.local/lib/python3.6/site-packages/airflow/example_dags/example_complex.py
[2023-03-21 11:46:11,097] {scheduler_job.py:629} INFO - Processing file /home/airflow/.local/lib/python3.6/site-packages/airflow/example_dags/example_complex.py for tasks to queue
[2023-03-21 11:46:11,097] {logging_mixin.py:104} INFO - [2023-03-21 11:46:11,097] {dagbag.py:451} INFO - Filling up the DagBag from /home/airflow/.local/lib/python3.6/site-packages/airflow/example_dags/example_complex.py
[2023-03-21 11:46:11,111] {scheduler_job.py:639} INFO - DAG(s) dict_keys(['example_complex']) retrieved from /home/airflow/.local/lib/python3.6/site-packages/airflow/example_dags/example_complex.py
[2023-03-21 11:46:11,132] {logging_mixin.py:104} INFO - [2023-03-21 11:46:11,132] {dag.py:1824} INFO - Sync 1 DAGs
[2023-03-21 11:46:11,142] {logging_mixin.py:104} INFO - [2023-03-21 11:46:11,142] {dag.py:2280} INFO - Setting next_dagrun for example_complex to None
[2023-03-21 11:46:11,149] {scheduler_job.py:190} INFO - Processing /home/airflow/.local/lib/python3.6/site-packages/airflow/example_dags/example_complex.py took 0.056 seconds
