[2023-03-21 11:31:19,476] {scheduler_job.py:182} INFO - Started process (PID=42) to work on /home/airflow/.local/lib/python3.6/site-packages/airflow/example_dags/example_python_operator.py
[2023-03-21 11:31:19,478] {scheduler_job.py:629} INFO - Processing file /home/airflow/.local/lib/python3.6/site-packages/airflow/example_dags/example_python_operator.py for tasks to queue
[2023-03-21 11:31:19,481] {logging_mixin.py:104} INFO - [2023-03-21 11:31:19,481] {dagbag.py:451} INFO - Filling up the DagBag from /home/airflow/.local/lib/python3.6/site-packages/airflow/example_dags/example_python_operator.py
[2023-03-21 11:31:19,502] {scheduler_job.py:639} INFO - DAG(s) dict_keys(['example_python_operator']) retrieved from /home/airflow/.local/lib/python3.6/site-packages/airflow/example_dags/example_python_operator.py
[2023-03-21 11:31:19,545] {logging_mixin.py:104} INFO - [2023-03-21 11:31:19,545] {dag.py:1824} INFO - Sync 1 DAGs
[2023-03-21 11:31:19,568] {logging_mixin.py:104} INFO - [2023-03-21 11:31:19,567] {dag.py:2280} INFO - Setting next_dagrun for example_python_operator to None
[2023-03-21 11:31:19,594] {scheduler_job.py:190} INFO - Processing /home/airflow/.local/lib/python3.6/site-packages/airflow/example_dags/example_python_operator.py took 0.125 seconds
[2023-03-21 11:31:50,427] {scheduler_job.py:182} INFO - Started process (PID=68) to work on /home/airflow/.local/lib/python3.6/site-packages/airflow/example_dags/example_python_operator.py
[2023-03-21 11:31:50,429] {scheduler_job.py:629} INFO - Processing file /home/airflow/.local/lib/python3.6/site-packages/airflow/example_dags/example_python_operator.py for tasks to queue
[2023-03-21 11:31:50,431] {logging_mixin.py:104} INFO - [2023-03-21 11:31:50,431] {dagbag.py:451} INFO - Filling up the DagBag from /home/airflow/.local/lib/python3.6/site-packages/airflow/example_dags/example_python_operator.py
[2023-03-21 11:31:50,452] {scheduler_job.py:639} INFO - DAG(s) dict_keys(['example_python_operator']) retrieved from /home/airflow/.local/lib/python3.6/site-packages/airflow/example_dags/example_python_operator.py
[2023-03-21 11:31:50,477] {logging_mixin.py:104} INFO - [2023-03-21 11:31:50,477] {dag.py:1824} INFO - Sync 1 DAGs
[2023-03-21 11:31:50,490] {logging_mixin.py:104} INFO - [2023-03-21 11:31:50,490] {dag.py:2280} INFO - Setting next_dagrun for example_python_operator to None
[2023-03-21 11:31:50,497] {scheduler_job.py:190} INFO - Processing /home/airflow/.local/lib/python3.6/site-packages/airflow/example_dags/example_python_operator.py took 0.074 seconds
[2023-03-21 11:32:24,095] {scheduler_job.py:182} INFO - Started process (PID=110) to work on /home/airflow/.local/lib/python3.6/site-packages/airflow/example_dags/example_python_operator.py
[2023-03-21 11:32:24,111] {scheduler_job.py:629} INFO - Processing file /home/airflow/.local/lib/python3.6/site-packages/airflow/example_dags/example_python_operator.py for tasks to queue
[2023-03-21 11:32:24,121] {logging_mixin.py:104} INFO - [2023-03-21 11:32:24,119] {dagbag.py:451} INFO - Filling up the DagBag from /home/airflow/.local/lib/python3.6/site-packages/airflow/example_dags/example_python_operator.py
[2023-03-21 11:32:24,237] {scheduler_job.py:639} INFO - DAG(s) dict_keys(['example_python_operator']) retrieved from /home/airflow/.local/lib/python3.6/site-packages/airflow/example_dags/example_python_operator.py
[2023-03-21 11:32:24,320] {logging_mixin.py:104} INFO - [2023-03-21 11:32:24,320] {dag.py:1824} INFO - Sync 1 DAGs
[2023-03-21 11:32:24,353] {logging_mixin.py:104} INFO - [2023-03-21 11:32:24,353] {dag.py:2280} INFO - Setting next_dagrun for example_python_operator to None
[2023-03-21 11:32:24,380] {scheduler_job.py:190} INFO - Processing /home/airflow/.local/lib/python3.6/site-packages/airflow/example_dags/example_python_operator.py took 0.314 seconds
[2023-03-21 11:32:55,036] {scheduler_job.py:182} INFO - Started process (PID=138) to work on /home/airflow/.local/lib/python3.6/site-packages/airflow/example_dags/example_python_operator.py
[2023-03-21 11:32:55,038] {scheduler_job.py:629} INFO - Processing file /home/airflow/.local/lib/python3.6/site-packages/airflow/example_dags/example_python_operator.py for tasks to queue
[2023-03-21 11:32:55,040] {logging_mixin.py:104} INFO - [2023-03-21 11:32:55,039] {dagbag.py:451} INFO - Filling up the DagBag from /home/airflow/.local/lib/python3.6/site-packages/airflow/example_dags/example_python_operator.py
[2023-03-21 11:32:55,054] {scheduler_job.py:639} INFO - DAG(s) dict_keys(['example_python_operator']) retrieved from /home/airflow/.local/lib/python3.6/site-packages/airflow/example_dags/example_python_operator.py
[2023-03-21 11:32:55,080] {logging_mixin.py:104} INFO - [2023-03-21 11:32:55,079] {dag.py:1824} INFO - Sync 1 DAGs
[2023-03-21 11:32:55,096] {logging_mixin.py:104} INFO - [2023-03-21 11:32:55,096] {dag.py:2280} INFO - Setting next_dagrun for example_python_operator to None
[2023-03-21 11:32:55,106] {scheduler_job.py:190} INFO - Processing /home/airflow/.local/lib/python3.6/site-packages/airflow/example_dags/example_python_operator.py took 0.074 seconds
[2023-03-21 11:33:26,143] {scheduler_job.py:182} INFO - Started process (PID=170) to work on /home/airflow/.local/lib/python3.6/site-packages/airflow/example_dags/example_python_operator.py
[2023-03-21 11:33:26,144] {scheduler_job.py:629} INFO - Processing file /home/airflow/.local/lib/python3.6/site-packages/airflow/example_dags/example_python_operator.py for tasks to queue
[2023-03-21 11:33:26,145] {logging_mixin.py:104} INFO - [2023-03-21 11:33:26,145] {dagbag.py:451} INFO - Filling up the DagBag from /home/airflow/.local/lib/python3.6/site-packages/airflow/example_dags/example_python_operator.py
[2023-03-21 11:33:26,156] {scheduler_job.py:639} INFO - DAG(s) dict_keys(['example_python_operator']) retrieved from /home/airflow/.local/lib/python3.6/site-packages/airflow/example_dags/example_python_operator.py
[2023-03-21 11:33:26,178] {logging_mixin.py:104} INFO - [2023-03-21 11:33:26,178] {dag.py:1824} INFO - Sync 1 DAGs
[2023-03-21 11:33:26,191] {logging_mixin.py:104} INFO - [2023-03-21 11:33:26,191] {dag.py:2280} INFO - Setting next_dagrun for example_python_operator to None
[2023-03-21 11:33:26,198] {scheduler_job.py:190} INFO - Processing /home/airflow/.local/lib/python3.6/site-packages/airflow/example_dags/example_python_operator.py took 0.058 seconds
[2023-03-21 11:33:56,734] {scheduler_job.py:182} INFO - Started process (PID=188) to work on /home/airflow/.local/lib/python3.6/site-packages/airflow/example_dags/example_python_operator.py
[2023-03-21 11:33:56,738] {scheduler_job.py:629} INFO - Processing file /home/airflow/.local/lib/python3.6/site-packages/airflow/example_dags/example_python_operator.py for tasks to queue
[2023-03-21 11:33:56,740] {logging_mixin.py:104} INFO - [2023-03-21 11:33:56,739] {dagbag.py:451} INFO - Filling up the DagBag from /home/airflow/.local/lib/python3.6/site-packages/airflow/example_dags/example_python_operator.py
[2023-03-21 11:33:56,754] {scheduler_job.py:639} INFO - DAG(s) dict_keys(['example_python_operator']) retrieved from /home/airflow/.local/lib/python3.6/site-packages/airflow/example_dags/example_python_operator.py
[2023-03-21 11:33:56,799] {logging_mixin.py:104} INFO - [2023-03-21 11:33:56,799] {dag.py:1824} INFO - Sync 1 DAGs
[2023-03-21 11:33:56,820] {logging_mixin.py:104} INFO - [2023-03-21 11:33:56,820] {dag.py:2280} INFO - Setting next_dagrun for example_python_operator to None
[2023-03-21 11:33:56,842] {scheduler_job.py:190} INFO - Processing /home/airflow/.local/lib/python3.6/site-packages/airflow/example_dags/example_python_operator.py took 0.113 seconds
[2023-03-21 11:34:26,933] {scheduler_job.py:182} INFO - Started process (PID=214) to work on /home/airflow/.local/lib/python3.6/site-packages/airflow/example_dags/example_python_operator.py
[2023-03-21 11:34:26,935] {scheduler_job.py:629} INFO - Processing file /home/airflow/.local/lib/python3.6/site-packages/airflow/example_dags/example_python_operator.py for tasks to queue
[2023-03-21 11:34:26,936] {logging_mixin.py:104} INFO - [2023-03-21 11:34:26,936] {dagbag.py:451} INFO - Filling up the DagBag from /home/airflow/.local/lib/python3.6/site-packages/airflow/example_dags/example_python_operator.py
[2023-03-21 11:34:26,951] {scheduler_job.py:639} INFO - DAG(s) dict_keys(['example_python_operator']) retrieved from /home/airflow/.local/lib/python3.6/site-packages/airflow/example_dags/example_python_operator.py
[2023-03-21 11:34:26,995] {logging_mixin.py:104} INFO - [2023-03-21 11:34:26,994] {dag.py:1824} INFO - Sync 1 DAGs
[2023-03-21 11:34:27,011] {logging_mixin.py:104} INFO - [2023-03-21 11:34:27,011] {dag.py:2280} INFO - Setting next_dagrun for example_python_operator to None
[2023-03-21 11:34:27,021] {scheduler_job.py:190} INFO - Processing /home/airflow/.local/lib/python3.6/site-packages/airflow/example_dags/example_python_operator.py took 0.092 seconds
[2023-03-21 11:34:57,433] {scheduler_job.py:182} INFO - Started process (PID=236) to work on /home/airflow/.local/lib/python3.6/site-packages/airflow/example_dags/example_python_operator.py
[2023-03-21 11:34:57,435] {scheduler_job.py:629} INFO - Processing file /home/airflow/.local/lib/python3.6/site-packages/airflow/example_dags/example_python_operator.py for tasks to queue
[2023-03-21 11:34:57,436] {logging_mixin.py:104} INFO - [2023-03-21 11:34:57,436] {dagbag.py:451} INFO - Filling up the DagBag from /home/airflow/.local/lib/python3.6/site-packages/airflow/example_dags/example_python_operator.py
[2023-03-21 11:34:57,453] {scheduler_job.py:639} INFO - DAG(s) dict_keys(['example_python_operator']) retrieved from /home/airflow/.local/lib/python3.6/site-packages/airflow/example_dags/example_python_operator.py
[2023-03-21 11:34:57,488] {logging_mixin.py:104} INFO - [2023-03-21 11:34:57,487] {dag.py:1824} INFO - Sync 1 DAGs
[2023-03-21 11:34:57,504] {logging_mixin.py:104} INFO - [2023-03-21 11:34:57,504] {dag.py:2280} INFO - Setting next_dagrun for example_python_operator to None
[2023-03-21 11:34:57,525] {scheduler_job.py:190} INFO - Processing /home/airflow/.local/lib/python3.6/site-packages/airflow/example_dags/example_python_operator.py took 0.099 seconds
[2023-03-21 11:35:27,646] {scheduler_job.py:182} INFO - Started process (PID=262) to work on /home/airflow/.local/lib/python3.6/site-packages/airflow/example_dags/example_python_operator.py
[2023-03-21 11:35:27,648] {scheduler_job.py:629} INFO - Processing file /home/airflow/.local/lib/python3.6/site-packages/airflow/example_dags/example_python_operator.py for tasks to queue
[2023-03-21 11:35:27,649] {logging_mixin.py:104} INFO - [2023-03-21 11:35:27,649] {dagbag.py:451} INFO - Filling up the DagBag from /home/airflow/.local/lib/python3.6/site-packages/airflow/example_dags/example_python_operator.py
[2023-03-21 11:35:27,663] {scheduler_job.py:639} INFO - DAG(s) dict_keys(['example_python_operator']) retrieved from /home/airflow/.local/lib/python3.6/site-packages/airflow/example_dags/example_python_operator.py
[2023-03-21 11:35:27,699] {logging_mixin.py:104} INFO - [2023-03-21 11:35:27,699] {dag.py:1824} INFO - Sync 1 DAGs
[2023-03-21 11:35:27,729] {logging_mixin.py:104} INFO - [2023-03-21 11:35:27,729] {dag.py:2280} INFO - Setting next_dagrun for example_python_operator to None
[2023-03-21 11:35:27,740] {scheduler_job.py:190} INFO - Processing /home/airflow/.local/lib/python3.6/site-packages/airflow/example_dags/example_python_operator.py took 0.098 seconds
[2023-03-21 11:35:58,629] {scheduler_job.py:182} INFO - Started process (PID=288) to work on /home/airflow/.local/lib/python3.6/site-packages/airflow/example_dags/example_python_operator.py
[2023-03-21 11:35:58,631] {scheduler_job.py:629} INFO - Processing file /home/airflow/.local/lib/python3.6/site-packages/airflow/example_dags/example_python_operator.py for tasks to queue
[2023-03-21 11:35:58,632] {logging_mixin.py:104} INFO - [2023-03-21 11:35:58,632] {dagbag.py:451} INFO - Filling up the DagBag from /home/airflow/.local/lib/python3.6/site-packages/airflow/example_dags/example_python_operator.py
[2023-03-21 11:35:58,646] {scheduler_job.py:639} INFO - DAG(s) dict_keys(['example_python_operator']) retrieved from /home/airflow/.local/lib/python3.6/site-packages/airflow/example_dags/example_python_operator.py
[2023-03-21 11:35:58,666] {logging_mixin.py:104} INFO - [2023-03-21 11:35:58,666] {dag.py:1824} INFO - Sync 1 DAGs
[2023-03-21 11:35:58,676] {logging_mixin.py:104} INFO - [2023-03-21 11:35:58,676] {dag.py:2280} INFO - Setting next_dagrun for example_python_operator to None
[2023-03-21 11:35:58,682] {scheduler_job.py:190} INFO - Processing /home/airflow/.local/lib/python3.6/site-packages/airflow/example_dags/example_python_operator.py took 0.056 seconds
[2023-03-21 11:36:29,007] {scheduler_job.py:182} INFO - Started process (PID=314) to work on /home/airflow/.local/lib/python3.6/site-packages/airflow/example_dags/example_python_operator.py
[2023-03-21 11:36:29,009] {scheduler_job.py:629} INFO - Processing file /home/airflow/.local/lib/python3.6/site-packages/airflow/example_dags/example_python_operator.py for tasks to queue
[2023-03-21 11:36:29,010] {logging_mixin.py:104} INFO - [2023-03-21 11:36:29,010] {dagbag.py:451} INFO - Filling up the DagBag from /home/airflow/.local/lib/python3.6/site-packages/airflow/example_dags/example_python_operator.py
[2023-03-21 11:36:29,029] {scheduler_job.py:639} INFO - DAG(s) dict_keys(['example_python_operator']) retrieved from /home/airflow/.local/lib/python3.6/site-packages/airflow/example_dags/example_python_operator.py
[2023-03-21 11:36:29,050] {logging_mixin.py:104} INFO - [2023-03-21 11:36:29,050] {dag.py:1824} INFO - Sync 1 DAGs
[2023-03-21 11:36:29,060] {logging_mixin.py:104} INFO - [2023-03-21 11:36:29,060] {dag.py:2280} INFO - Setting next_dagrun for example_python_operator to None
[2023-03-21 11:36:29,067] {scheduler_job.py:190} INFO - Processing /home/airflow/.local/lib/python3.6/site-packages/airflow/example_dags/example_python_operator.py took 0.063 seconds
[2023-03-21 11:36:59,486] {scheduler_job.py:182} INFO - Started process (PID=340) to work on /home/airflow/.local/lib/python3.6/site-packages/airflow/example_dags/example_python_operator.py
[2023-03-21 11:36:59,487] {scheduler_job.py:629} INFO - Processing file /home/airflow/.local/lib/python3.6/site-packages/airflow/example_dags/example_python_operator.py for tasks to queue
[2023-03-21 11:36:59,488] {logging_mixin.py:104} INFO - [2023-03-21 11:36:59,488] {dagbag.py:451} INFO - Filling up the DagBag from /home/airflow/.local/lib/python3.6/site-packages/airflow/example_dags/example_python_operator.py
[2023-03-21 11:36:59,502] {scheduler_job.py:639} INFO - DAG(s) dict_keys(['example_python_operator']) retrieved from /home/airflow/.local/lib/python3.6/site-packages/airflow/example_dags/example_python_operator.py
[2023-03-21 11:36:59,522] {logging_mixin.py:104} INFO - [2023-03-21 11:36:59,522] {dag.py:1824} INFO - Sync 1 DAGs
[2023-03-21 11:36:59,533] {logging_mixin.py:104} INFO - [2023-03-21 11:36:59,533] {dag.py:2280} INFO - Setting next_dagrun for example_python_operator to None
[2023-03-21 11:36:59,539] {scheduler_job.py:190} INFO - Processing /home/airflow/.local/lib/python3.6/site-packages/airflow/example_dags/example_python_operator.py took 0.057 seconds
[2023-03-21 11:37:29,868] {scheduler_job.py:182} INFO - Started process (PID=366) to work on /home/airflow/.local/lib/python3.6/site-packages/airflow/example_dags/example_python_operator.py
[2023-03-21 11:37:29,869] {scheduler_job.py:629} INFO - Processing file /home/airflow/.local/lib/python3.6/site-packages/airflow/example_dags/example_python_operator.py for tasks to queue
[2023-03-21 11:37:29,870] {logging_mixin.py:104} INFO - [2023-03-21 11:37:29,870] {dagbag.py:451} INFO - Filling up the DagBag from /home/airflow/.local/lib/python3.6/site-packages/airflow/example_dags/example_python_operator.py
[2023-03-21 11:37:29,884] {scheduler_job.py:639} INFO - DAG(s) dict_keys(['example_python_operator']) retrieved from /home/airflow/.local/lib/python3.6/site-packages/airflow/example_dags/example_python_operator.py
[2023-03-21 11:37:29,904] {logging_mixin.py:104} INFO - [2023-03-21 11:37:29,904] {dag.py:1824} INFO - Sync 1 DAGs
[2023-03-21 11:37:29,914] {logging_mixin.py:104} INFO - [2023-03-21 11:37:29,914] {dag.py:2280} INFO - Setting next_dagrun for example_python_operator to None
[2023-03-21 11:37:29,921] {scheduler_job.py:190} INFO - Processing /home/airflow/.local/lib/python3.6/site-packages/airflow/example_dags/example_python_operator.py took 0.056 seconds
[2023-03-21 11:38:00,403] {scheduler_job.py:182} INFO - Started process (PID=392) to work on /home/airflow/.local/lib/python3.6/site-packages/airflow/example_dags/example_python_operator.py
[2023-03-21 11:38:00,405] {scheduler_job.py:629} INFO - Processing file /home/airflow/.local/lib/python3.6/site-packages/airflow/example_dags/example_python_operator.py for tasks to queue
[2023-03-21 11:38:00,405] {logging_mixin.py:104} INFO - [2023-03-21 11:38:00,405] {dagbag.py:451} INFO - Filling up the DagBag from /home/airflow/.local/lib/python3.6/site-packages/airflow/example_dags/example_python_operator.py
[2023-03-21 11:38:00,420] {scheduler_job.py:639} INFO - DAG(s) dict_keys(['example_python_operator']) retrieved from /home/airflow/.local/lib/python3.6/site-packages/airflow/example_dags/example_python_operator.py
[2023-03-21 11:38:00,439] {logging_mixin.py:104} INFO - [2023-03-21 11:38:00,439] {dag.py:1824} INFO - Sync 1 DAGs
[2023-03-21 11:38:00,450] {logging_mixin.py:104} INFO - [2023-03-21 11:38:00,449] {dag.py:2280} INFO - Setting next_dagrun for example_python_operator to None
[2023-03-21 11:38:00,456] {scheduler_job.py:190} INFO - Processing /home/airflow/.local/lib/python3.6/site-packages/airflow/example_dags/example_python_operator.py took 0.056 seconds
[2023-03-21 11:38:30,943] {scheduler_job.py:182} INFO - Started process (PID=418) to work on /home/airflow/.local/lib/python3.6/site-packages/airflow/example_dags/example_python_operator.py
[2023-03-21 11:38:30,945] {scheduler_job.py:629} INFO - Processing file /home/airflow/.local/lib/python3.6/site-packages/airflow/example_dags/example_python_operator.py for tasks to queue
[2023-03-21 11:38:30,950] {logging_mixin.py:104} INFO - [2023-03-21 11:38:30,946] {dagbag.py:451} INFO - Filling up the DagBag from /home/airflow/.local/lib/python3.6/site-packages/airflow/example_dags/example_python_operator.py
[2023-03-21 11:38:30,961] {scheduler_job.py:639} INFO - DAG(s) dict_keys(['example_python_operator']) retrieved from /home/airflow/.local/lib/python3.6/site-packages/airflow/example_dags/example_python_operator.py
[2023-03-21 11:38:30,982] {logging_mixin.py:104} INFO - [2023-03-21 11:38:30,981] {dag.py:1824} INFO - Sync 1 DAGs
[2023-03-21 11:38:30,992] {logging_mixin.py:104} INFO - [2023-03-21 11:38:30,992] {dag.py:2280} INFO - Setting next_dagrun for example_python_operator to None
[2023-03-21 11:38:30,999] {scheduler_job.py:190} INFO - Processing /home/airflow/.local/lib/python3.6/site-packages/airflow/example_dags/example_python_operator.py took 0.058 seconds
[2023-03-21 11:39:01,367] {scheduler_job.py:182} INFO - Started process (PID=444) to work on /home/airflow/.local/lib/python3.6/site-packages/airflow/example_dags/example_python_operator.py
[2023-03-21 11:39:01,369] {scheduler_job.py:629} INFO - Processing file /home/airflow/.local/lib/python3.6/site-packages/airflow/example_dags/example_python_operator.py for tasks to queue
[2023-03-21 11:39:01,370] {logging_mixin.py:104} INFO - [2023-03-21 11:39:01,370] {dagbag.py:451} INFO - Filling up the DagBag from /home/airflow/.local/lib/python3.6/site-packages/airflow/example_dags/example_python_operator.py
[2023-03-21 11:39:01,385] {scheduler_job.py:639} INFO - DAG(s) dict_keys(['example_python_operator']) retrieved from /home/airflow/.local/lib/python3.6/site-packages/airflow/example_dags/example_python_operator.py
[2023-03-21 11:39:01,410] {logging_mixin.py:104} INFO - [2023-03-21 11:39:01,410] {dag.py:1824} INFO - Sync 1 DAGs
[2023-03-21 11:39:01,422] {logging_mixin.py:104} INFO - [2023-03-21 11:39:01,422] {dag.py:2280} INFO - Setting next_dagrun for example_python_operator to None
[2023-03-21 11:39:01,430] {scheduler_job.py:190} INFO - Processing /home/airflow/.local/lib/python3.6/site-packages/airflow/example_dags/example_python_operator.py took 0.066 seconds
[2023-03-21 11:39:31,965] {scheduler_job.py:182} INFO - Started process (PID=470) to work on /home/airflow/.local/lib/python3.6/site-packages/airflow/example_dags/example_python_operator.py
[2023-03-21 11:39:31,967] {scheduler_job.py:629} INFO - Processing file /home/airflow/.local/lib/python3.6/site-packages/airflow/example_dags/example_python_operator.py for tasks to queue
[2023-03-21 11:39:31,968] {logging_mixin.py:104} INFO - [2023-03-21 11:39:31,968] {dagbag.py:451} INFO - Filling up the DagBag from /home/airflow/.local/lib/python3.6/site-packages/airflow/example_dags/example_python_operator.py
[2023-03-21 11:39:31,979] {scheduler_job.py:639} INFO - DAG(s) dict_keys(['example_python_operator']) retrieved from /home/airflow/.local/lib/python3.6/site-packages/airflow/example_dags/example_python_operator.py
[2023-03-21 11:39:32,000] {logging_mixin.py:104} INFO - [2023-03-21 11:39:32,000] {dag.py:1824} INFO - Sync 1 DAGs
[2023-03-21 11:39:32,011] {logging_mixin.py:104} INFO - [2023-03-21 11:39:32,010] {dag.py:2280} INFO - Setting next_dagrun for example_python_operator to None
[2023-03-21 11:39:32,017] {scheduler_job.py:190} INFO - Processing /home/airflow/.local/lib/python3.6/site-packages/airflow/example_dags/example_python_operator.py took 0.055 seconds
[2023-03-21 11:40:02,531] {scheduler_job.py:182} INFO - Started process (PID=496) to work on /home/airflow/.local/lib/python3.6/site-packages/airflow/example_dags/example_python_operator.py
[2023-03-21 11:40:02,533] {scheduler_job.py:629} INFO - Processing file /home/airflow/.local/lib/python3.6/site-packages/airflow/example_dags/example_python_operator.py for tasks to queue
[2023-03-21 11:40:02,534] {logging_mixin.py:104} INFO - [2023-03-21 11:40:02,533] {dagbag.py:451} INFO - Filling up the DagBag from /home/airflow/.local/lib/python3.6/site-packages/airflow/example_dags/example_python_operator.py
[2023-03-21 11:40:02,545] {scheduler_job.py:639} INFO - DAG(s) dict_keys(['example_python_operator']) retrieved from /home/airflow/.local/lib/python3.6/site-packages/airflow/example_dags/example_python_operator.py
[2023-03-21 11:40:02,566] {logging_mixin.py:104} INFO - [2023-03-21 11:40:02,566] {dag.py:1824} INFO - Sync 1 DAGs
[2023-03-21 11:40:02,577] {logging_mixin.py:104} INFO - [2023-03-21 11:40:02,577] {dag.py:2280} INFO - Setting next_dagrun for example_python_operator to None
[2023-03-21 11:40:02,584] {scheduler_job.py:190} INFO - Processing /home/airflow/.local/lib/python3.6/site-packages/airflow/example_dags/example_python_operator.py took 0.055 seconds
[2023-03-21 11:40:33,025] {scheduler_job.py:182} INFO - Started process (PID=522) to work on /home/airflow/.local/lib/python3.6/site-packages/airflow/example_dags/example_python_operator.py
[2023-03-21 11:40:33,026] {scheduler_job.py:629} INFO - Processing file /home/airflow/.local/lib/python3.6/site-packages/airflow/example_dags/example_python_operator.py for tasks to queue
[2023-03-21 11:40:33,027] {logging_mixin.py:104} INFO - [2023-03-21 11:40:33,027] {dagbag.py:451} INFO - Filling up the DagBag from /home/airflow/.local/lib/python3.6/site-packages/airflow/example_dags/example_python_operator.py
[2023-03-21 11:40:33,038] {scheduler_job.py:639} INFO - DAG(s) dict_keys(['example_python_operator']) retrieved from /home/airflow/.local/lib/python3.6/site-packages/airflow/example_dags/example_python_operator.py
[2023-03-21 11:40:33,058] {logging_mixin.py:104} INFO - [2023-03-21 11:40:33,058] {dag.py:1824} INFO - Sync 1 DAGs
[2023-03-21 11:40:33,069] {logging_mixin.py:104} INFO - [2023-03-21 11:40:33,069] {dag.py:2280} INFO - Setting next_dagrun for example_python_operator to None
[2023-03-21 11:40:33,076] {scheduler_job.py:190} INFO - Processing /home/airflow/.local/lib/python3.6/site-packages/airflow/example_dags/example_python_operator.py took 0.054 seconds
[2023-03-21 11:41:03,450] {scheduler_job.py:182} INFO - Started process (PID=548) to work on /home/airflow/.local/lib/python3.6/site-packages/airflow/example_dags/example_python_operator.py
[2023-03-21 11:41:03,452] {scheduler_job.py:629} INFO - Processing file /home/airflow/.local/lib/python3.6/site-packages/airflow/example_dags/example_python_operator.py for tasks to queue
[2023-03-21 11:41:03,453] {logging_mixin.py:104} INFO - [2023-03-21 11:41:03,453] {dagbag.py:451} INFO - Filling up the DagBag from /home/airflow/.local/lib/python3.6/site-packages/airflow/example_dags/example_python_operator.py
[2023-03-21 11:41:03,465] {scheduler_job.py:639} INFO - DAG(s) dict_keys(['example_python_operator']) retrieved from /home/airflow/.local/lib/python3.6/site-packages/airflow/example_dags/example_python_operator.py
[2023-03-21 11:41:03,485] {logging_mixin.py:104} INFO - [2023-03-21 11:41:03,485] {dag.py:1824} INFO - Sync 1 DAGs
[2023-03-21 11:41:03,496] {logging_mixin.py:104} INFO - [2023-03-21 11:41:03,496] {dag.py:2280} INFO - Setting next_dagrun for example_python_operator to None
[2023-03-21 11:41:03,502] {scheduler_job.py:190} INFO - Processing /home/airflow/.local/lib/python3.6/site-packages/airflow/example_dags/example_python_operator.py took 0.054 seconds
[2023-03-21 11:41:34,068] {scheduler_job.py:182} INFO - Started process (PID=574) to work on /home/airflow/.local/lib/python3.6/site-packages/airflow/example_dags/example_python_operator.py
[2023-03-21 11:41:34,070] {scheduler_job.py:629} INFO - Processing file /home/airflow/.local/lib/python3.6/site-packages/airflow/example_dags/example_python_operator.py for tasks to queue
[2023-03-21 11:41:34,071] {logging_mixin.py:104} INFO - [2023-03-21 11:41:34,071] {dagbag.py:451} INFO - Filling up the DagBag from /home/airflow/.local/lib/python3.6/site-packages/airflow/example_dags/example_python_operator.py
[2023-03-21 11:41:34,082] {scheduler_job.py:639} INFO - DAG(s) dict_keys(['example_python_operator']) retrieved from /home/airflow/.local/lib/python3.6/site-packages/airflow/example_dags/example_python_operator.py
[2023-03-21 11:41:34,103] {logging_mixin.py:104} INFO - [2023-03-21 11:41:34,103] {dag.py:1824} INFO - Sync 1 DAGs
[2023-03-21 11:41:34,114] {logging_mixin.py:104} INFO - [2023-03-21 11:41:34,114] {dag.py:2280} INFO - Setting next_dagrun for example_python_operator to None
[2023-03-21 11:41:34,120] {scheduler_job.py:190} INFO - Processing /home/airflow/.local/lib/python3.6/site-packages/airflow/example_dags/example_python_operator.py took 0.055 seconds
[2023-03-21 11:42:04,573] {scheduler_job.py:182} INFO - Started process (PID=600) to work on /home/airflow/.local/lib/python3.6/site-packages/airflow/example_dags/example_python_operator.py
[2023-03-21 11:42:04,575] {scheduler_job.py:629} INFO - Processing file /home/airflow/.local/lib/python3.6/site-packages/airflow/example_dags/example_python_operator.py for tasks to queue
[2023-03-21 11:42:04,577] {logging_mixin.py:104} INFO - [2023-03-21 11:42:04,576] {dagbag.py:451} INFO - Filling up the DagBag from /home/airflow/.local/lib/python3.6/site-packages/airflow/example_dags/example_python_operator.py
[2023-03-21 11:42:04,591] {scheduler_job.py:639} INFO - DAG(s) dict_keys(['example_python_operator']) retrieved from /home/airflow/.local/lib/python3.6/site-packages/airflow/example_dags/example_python_operator.py
[2023-03-21 11:42:04,613] {logging_mixin.py:104} INFO - [2023-03-21 11:42:04,613] {dag.py:1824} INFO - Sync 1 DAGs
[2023-03-21 11:42:04,624] {logging_mixin.py:104} INFO - [2023-03-21 11:42:04,624] {dag.py:2280} INFO - Setting next_dagrun for example_python_operator to None
[2023-03-21 11:42:04,632] {scheduler_job.py:190} INFO - Processing /home/airflow/.local/lib/python3.6/site-packages/airflow/example_dags/example_python_operator.py took 0.061 seconds
[2023-03-21 11:42:35,053] {scheduler_job.py:182} INFO - Started process (PID=626) to work on /home/airflow/.local/lib/python3.6/site-packages/airflow/example_dags/example_python_operator.py
[2023-03-21 11:42:35,055] {scheduler_job.py:629} INFO - Processing file /home/airflow/.local/lib/python3.6/site-packages/airflow/example_dags/example_python_operator.py for tasks to queue
[2023-03-21 11:42:35,056] {logging_mixin.py:104} INFO - [2023-03-21 11:42:35,056] {dagbag.py:451} INFO - Filling up the DagBag from /home/airflow/.local/lib/python3.6/site-packages/airflow/example_dags/example_python_operator.py
[2023-03-21 11:42:35,067] {scheduler_job.py:639} INFO - DAG(s) dict_keys(['example_python_operator']) retrieved from /home/airflow/.local/lib/python3.6/site-packages/airflow/example_dags/example_python_operator.py
[2023-03-21 11:42:35,087] {logging_mixin.py:104} INFO - [2023-03-21 11:42:35,087] {dag.py:1824} INFO - Sync 1 DAGs
[2023-03-21 11:42:35,098] {logging_mixin.py:104} INFO - [2023-03-21 11:42:35,098] {dag.py:2280} INFO - Setting next_dagrun for example_python_operator to None
[2023-03-21 11:42:35,104] {scheduler_job.py:190} INFO - Processing /home/airflow/.local/lib/python3.6/site-packages/airflow/example_dags/example_python_operator.py took 0.054 seconds
[2023-03-21 11:43:05,518] {scheduler_job.py:182} INFO - Started process (PID=652) to work on /home/airflow/.local/lib/python3.6/site-packages/airflow/example_dags/example_python_operator.py
[2023-03-21 11:43:05,519] {scheduler_job.py:629} INFO - Processing file /home/airflow/.local/lib/python3.6/site-packages/airflow/example_dags/example_python_operator.py for tasks to queue
[2023-03-21 11:43:05,520] {logging_mixin.py:104} INFO - [2023-03-21 11:43:05,520] {dagbag.py:451} INFO - Filling up the DagBag from /home/airflow/.local/lib/python3.6/site-packages/airflow/example_dags/example_python_operator.py
[2023-03-21 11:43:05,531] {scheduler_job.py:639} INFO - DAG(s) dict_keys(['example_python_operator']) retrieved from /home/airflow/.local/lib/python3.6/site-packages/airflow/example_dags/example_python_operator.py
[2023-03-21 11:43:05,552] {logging_mixin.py:104} INFO - [2023-03-21 11:43:05,552] {dag.py:1824} INFO - Sync 1 DAGs
[2023-03-21 11:43:05,563] {logging_mixin.py:104} INFO - [2023-03-21 11:43:05,563] {dag.py:2280} INFO - Setting next_dagrun for example_python_operator to None
[2023-03-21 11:43:05,570] {scheduler_job.py:190} INFO - Processing /home/airflow/.local/lib/python3.6/site-packages/airflow/example_dags/example_python_operator.py took 0.055 seconds
[2023-03-21 11:43:35,877] {scheduler_job.py:182} INFO - Started process (PID=678) to work on /home/airflow/.local/lib/python3.6/site-packages/airflow/example_dags/example_python_operator.py
[2023-03-21 11:43:35,879] {scheduler_job.py:629} INFO - Processing file /home/airflow/.local/lib/python3.6/site-packages/airflow/example_dags/example_python_operator.py for tasks to queue
[2023-03-21 11:43:35,880] {logging_mixin.py:104} INFO - [2023-03-21 11:43:35,880] {dagbag.py:451} INFO - Filling up the DagBag from /home/airflow/.local/lib/python3.6/site-packages/airflow/example_dags/example_python_operator.py
[2023-03-21 11:43:35,891] {scheduler_job.py:639} INFO - DAG(s) dict_keys(['example_python_operator']) retrieved from /home/airflow/.local/lib/python3.6/site-packages/airflow/example_dags/example_python_operator.py
[2023-03-21 11:43:35,911] {logging_mixin.py:104} INFO - [2023-03-21 11:43:35,911] {dag.py:1824} INFO - Sync 1 DAGs
[2023-03-21 11:43:35,922] {logging_mixin.py:104} INFO - [2023-03-21 11:43:35,922] {dag.py:2280} INFO - Setting next_dagrun for example_python_operator to None
[2023-03-21 11:43:35,929] {scheduler_job.py:190} INFO - Processing /home/airflow/.local/lib/python3.6/site-packages/airflow/example_dags/example_python_operator.py took 0.054 seconds
[2023-03-21 11:44:06,313] {scheduler_job.py:182} INFO - Started process (PID=704) to work on /home/airflow/.local/lib/python3.6/site-packages/airflow/example_dags/example_python_operator.py
[2023-03-21 11:44:06,314] {scheduler_job.py:629} INFO - Processing file /home/airflow/.local/lib/python3.6/site-packages/airflow/example_dags/example_python_operator.py for tasks to queue
[2023-03-21 11:44:06,315] {logging_mixin.py:104} INFO - [2023-03-21 11:44:06,315] {dagbag.py:451} INFO - Filling up the DagBag from /home/airflow/.local/lib/python3.6/site-packages/airflow/example_dags/example_python_operator.py
[2023-03-21 11:44:06,326] {scheduler_job.py:639} INFO - DAG(s) dict_keys(['example_python_operator']) retrieved from /home/airflow/.local/lib/python3.6/site-packages/airflow/example_dags/example_python_operator.py
[2023-03-21 11:44:06,346] {logging_mixin.py:104} INFO - [2023-03-21 11:44:06,346] {dag.py:1824} INFO - Sync 1 DAGs
[2023-03-21 11:44:06,357] {logging_mixin.py:104} INFO - [2023-03-21 11:44:06,357] {dag.py:2280} INFO - Setting next_dagrun for example_python_operator to None
[2023-03-21 11:44:06,363] {scheduler_job.py:190} INFO - Processing /home/airflow/.local/lib/python3.6/site-packages/airflow/example_dags/example_python_operator.py took 0.053 seconds
[2023-03-21 11:44:36,683] {scheduler_job.py:182} INFO - Started process (PID=730) to work on /home/airflow/.local/lib/python3.6/site-packages/airflow/example_dags/example_python_operator.py
[2023-03-21 11:44:36,684] {scheduler_job.py:629} INFO - Processing file /home/airflow/.local/lib/python3.6/site-packages/airflow/example_dags/example_python_operator.py for tasks to queue
[2023-03-21 11:44:36,694] {logging_mixin.py:104} INFO - [2023-03-21 11:44:36,694] {dagbag.py:451} INFO - Filling up the DagBag from /home/airflow/.local/lib/python3.6/site-packages/airflow/example_dags/example_python_operator.py
[2023-03-21 11:44:36,708] {scheduler_job.py:639} INFO - DAG(s) dict_keys(['example_python_operator']) retrieved from /home/airflow/.local/lib/python3.6/site-packages/airflow/example_dags/example_python_operator.py
[2023-03-21 11:44:36,732] {logging_mixin.py:104} INFO - [2023-03-21 11:44:36,732] {dag.py:1824} INFO - Sync 1 DAGs
[2023-03-21 11:44:36,743] {logging_mixin.py:104} INFO - [2023-03-21 11:44:36,743] {dag.py:2280} INFO - Setting next_dagrun for example_python_operator to None
[2023-03-21 11:44:36,751] {scheduler_job.py:190} INFO - Processing /home/airflow/.local/lib/python3.6/site-packages/airflow/example_dags/example_python_operator.py took 0.071 seconds
[2023-03-21 11:45:07,149] {scheduler_job.py:182} INFO - Started process (PID=756) to work on /home/airflow/.local/lib/python3.6/site-packages/airflow/example_dags/example_python_operator.py
[2023-03-21 11:45:07,150] {scheduler_job.py:629} INFO - Processing file /home/airflow/.local/lib/python3.6/site-packages/airflow/example_dags/example_python_operator.py for tasks to queue
[2023-03-21 11:45:07,151] {logging_mixin.py:104} INFO - [2023-03-21 11:45:07,151] {dagbag.py:451} INFO - Filling up the DagBag from /home/airflow/.local/lib/python3.6/site-packages/airflow/example_dags/example_python_operator.py
[2023-03-21 11:45:07,162] {scheduler_job.py:639} INFO - DAG(s) dict_keys(['example_python_operator']) retrieved from /home/airflow/.local/lib/python3.6/site-packages/airflow/example_dags/example_python_operator.py
[2023-03-21 11:45:07,184] {logging_mixin.py:104} INFO - [2023-03-21 11:45:07,184] {dag.py:1824} INFO - Sync 1 DAGs
[2023-03-21 11:45:07,196] {logging_mixin.py:104} INFO - [2023-03-21 11:45:07,195] {dag.py:2280} INFO - Setting next_dagrun for example_python_operator to None
[2023-03-21 11:45:07,206] {scheduler_job.py:190} INFO - Processing /home/airflow/.local/lib/python3.6/site-packages/airflow/example_dags/example_python_operator.py took 0.060 seconds
[2023-03-21 11:45:38,023] {scheduler_job.py:182} INFO - Started process (PID=782) to work on /home/airflow/.local/lib/python3.6/site-packages/airflow/example_dags/example_python_operator.py
[2023-03-21 11:45:38,024] {scheduler_job.py:629} INFO - Processing file /home/airflow/.local/lib/python3.6/site-packages/airflow/example_dags/example_python_operator.py for tasks to queue
[2023-03-21 11:45:38,025] {logging_mixin.py:104} INFO - [2023-03-21 11:45:38,025] {dagbag.py:451} INFO - Filling up the DagBag from /home/airflow/.local/lib/python3.6/site-packages/airflow/example_dags/example_python_operator.py
[2023-03-21 11:45:38,040] {scheduler_job.py:639} INFO - DAG(s) dict_keys(['example_python_operator']) retrieved from /home/airflow/.local/lib/python3.6/site-packages/airflow/example_dags/example_python_operator.py
[2023-03-21 11:45:38,062] {logging_mixin.py:104} INFO - [2023-03-21 11:45:38,062] {dag.py:1824} INFO - Sync 1 DAGs
[2023-03-21 11:45:38,076] {logging_mixin.py:104} INFO - [2023-03-21 11:45:38,075] {dag.py:2280} INFO - Setting next_dagrun for example_python_operator to None
[2023-03-21 11:45:38,087] {scheduler_job.py:190} INFO - Processing /home/airflow/.local/lib/python3.6/site-packages/airflow/example_dags/example_python_operator.py took 0.067 seconds
[2023-03-21 11:46:08,490] {scheduler_job.py:182} INFO - Started process (PID=808) to work on /home/airflow/.local/lib/python3.6/site-packages/airflow/example_dags/example_python_operator.py
[2023-03-21 11:46:08,491] {scheduler_job.py:629} INFO - Processing file /home/airflow/.local/lib/python3.6/site-packages/airflow/example_dags/example_python_operator.py for tasks to queue
[2023-03-21 11:46:08,492] {logging_mixin.py:104} INFO - [2023-03-21 11:46:08,492] {dagbag.py:451} INFO - Filling up the DagBag from /home/airflow/.local/lib/python3.6/site-packages/airflow/example_dags/example_python_operator.py
[2023-03-21 11:46:08,504] {scheduler_job.py:639} INFO - DAG(s) dict_keys(['example_python_operator']) retrieved from /home/airflow/.local/lib/python3.6/site-packages/airflow/example_dags/example_python_operator.py
[2023-03-21 11:46:08,523] {logging_mixin.py:104} INFO - [2023-03-21 11:46:08,523] {dag.py:1824} INFO - Sync 1 DAGs
[2023-03-21 11:46:08,534] {logging_mixin.py:104} INFO - [2023-03-21 11:46:08,534] {dag.py:2280} INFO - Setting next_dagrun for example_python_operator to None
[2023-03-21 11:46:08,543] {scheduler_job.py:190} INFO - Processing /home/airflow/.local/lib/python3.6/site-packages/airflow/example_dags/example_python_operator.py took 0.055 seconds
