[2023-03-21 11:31:18,850] {scheduler_job.py:182} INFO - Started process (PID=35) to work on /home/airflow/.local/lib/python3.6/site-packages/airflow/example_dags/example_branch_operator.py
[2023-03-21 11:31:18,853] {scheduler_job.py:629} INFO - Processing file /home/airflow/.local/lib/python3.6/site-packages/airflow/example_dags/example_branch_operator.py for tasks to queue
[2023-03-21 11:31:18,857] {logging_mixin.py:104} INFO - [2023-03-21 11:31:18,857] {dagbag.py:451} INFO - Filling up the DagBag from /home/airflow/.local/lib/python3.6/site-packages/airflow/example_dags/example_branch_operator.py
[2023-03-21 11:31:18,876] {scheduler_job.py:639} INFO - DAG(s) dict_keys(['example_branch_operator']) retrieved from /home/airflow/.local/lib/python3.6/site-packages/airflow/example_dags/example_branch_operator.py
[2023-03-21 11:31:18,924] {logging_mixin.py:104} INFO - [2023-03-21 11:31:18,924] {dag.py:1824} INFO - Sync 1 DAGs
[2023-03-21 11:31:18,948] {logging_mixin.py:104} INFO - [2023-03-21 11:31:18,947] {dag.py:2280} INFO - Setting next_dagrun for example_branch_operator to 2023-03-19 00:00:00+00:00
[2023-03-21 11:31:18,965] {scheduler_job.py:190} INFO - Processing /home/airflow/.local/lib/python3.6/site-packages/airflow/example_dags/example_branch_operator.py took 0.120 seconds
[2023-03-21 11:31:49,967] {scheduler_job.py:182} INFO - Started process (PID=61) to work on /home/airflow/.local/lib/python3.6/site-packages/airflow/example_dags/example_branch_operator.py
[2023-03-21 11:31:49,970] {scheduler_job.py:629} INFO - Processing file /home/airflow/.local/lib/python3.6/site-packages/airflow/example_dags/example_branch_operator.py for tasks to queue
[2023-03-21 11:31:49,972] {logging_mixin.py:104} INFO - [2023-03-21 11:31:49,971] {dagbag.py:451} INFO - Filling up the DagBag from /home/airflow/.local/lib/python3.6/site-packages/airflow/example_dags/example_branch_operator.py
[2023-03-21 11:31:49,994] {scheduler_job.py:639} INFO - DAG(s) dict_keys(['example_branch_operator']) retrieved from /home/airflow/.local/lib/python3.6/site-packages/airflow/example_dags/example_branch_operator.py
[2023-03-21 11:31:50,016] {logging_mixin.py:104} INFO - [2023-03-21 11:31:50,016] {dag.py:1824} INFO - Sync 1 DAGs
[2023-03-21 11:31:50,041] {logging_mixin.py:104} INFO - [2023-03-21 11:31:50,040] {dag.py:2280} INFO - Setting next_dagrun for example_branch_operator to 2023-03-19 00:00:00+00:00
[2023-03-21 11:31:50,058] {scheduler_job.py:190} INFO - Processing /home/airflow/.local/lib/python3.6/site-packages/airflow/example_dags/example_branch_operator.py took 0.098 seconds
[2023-03-21 11:32:22,466] {scheduler_job.py:182} INFO - Started process (PID=103) to work on /home/airflow/.local/lib/python3.6/site-packages/airflow/example_dags/example_branch_operator.py
[2023-03-21 11:32:22,483] {scheduler_job.py:629} INFO - Processing file /home/airflow/.local/lib/python3.6/site-packages/airflow/example_dags/example_branch_operator.py for tasks to queue
[2023-03-21 11:32:22,501] {logging_mixin.py:104} INFO - [2023-03-21 11:32:22,500] {dagbag.py:451} INFO - Filling up the DagBag from /home/airflow/.local/lib/python3.6/site-packages/airflow/example_dags/example_branch_operator.py
[2023-03-21 11:32:22,565] {scheduler_job.py:639} INFO - DAG(s) dict_keys(['example_branch_operator']) retrieved from /home/airflow/.local/lib/python3.6/site-packages/airflow/example_dags/example_branch_operator.py
[2023-03-21 11:32:22,720] {logging_mixin.py:104} INFO - [2023-03-21 11:32:22,719] {dag.py:1824} INFO - Sync 1 DAGs
[2023-03-21 11:32:22,822] {logging_mixin.py:104} INFO - [2023-03-21 11:32:22,822] {dag.py:2280} INFO - Setting next_dagrun for example_branch_operator to 2023-03-19 00:00:00+00:00
[2023-03-21 11:32:22,878] {scheduler_job.py:190} INFO - Processing /home/airflow/.local/lib/python3.6/site-packages/airflow/example_dags/example_branch_operator.py took 0.428 seconds
[2023-03-21 11:32:53,313] {scheduler_job.py:182} INFO - Started process (PID=130) to work on /home/airflow/.local/lib/python3.6/site-packages/airflow/example_dags/example_branch_operator.py
[2023-03-21 11:32:53,317] {scheduler_job.py:629} INFO - Processing file /home/airflow/.local/lib/python3.6/site-packages/airflow/example_dags/example_branch_operator.py for tasks to queue
[2023-03-21 11:32:53,318] {logging_mixin.py:104} INFO - [2023-03-21 11:32:53,318] {dagbag.py:451} INFO - Filling up the DagBag from /home/airflow/.local/lib/python3.6/site-packages/airflow/example_dags/example_branch_operator.py
[2023-03-21 11:32:53,337] {scheduler_job.py:639} INFO - DAG(s) dict_keys(['example_branch_operator']) retrieved from /home/airflow/.local/lib/python3.6/site-packages/airflow/example_dags/example_branch_operator.py
[2023-03-21 11:32:53,389] {logging_mixin.py:104} INFO - [2023-03-21 11:32:53,388] {dag.py:1824} INFO - Sync 1 DAGs
[2023-03-21 11:32:53,432] {logging_mixin.py:104} INFO - [2023-03-21 11:32:53,432] {dag.py:2280} INFO - Setting next_dagrun for example_branch_operator to 2023-03-19 00:00:00+00:00
[2023-03-21 11:32:53,450] {scheduler_job.py:190} INFO - Processing /home/airflow/.local/lib/python3.6/site-packages/airflow/example_dags/example_branch_operator.py took 0.140 seconds
[2023-03-21 11:33:23,548] {scheduler_job.py:182} INFO - Started process (PID=156) to work on /home/airflow/.local/lib/python3.6/site-packages/airflow/example_dags/example_branch_operator.py
[2023-03-21 11:33:23,550] {scheduler_job.py:629} INFO - Processing file /home/airflow/.local/lib/python3.6/site-packages/airflow/example_dags/example_branch_operator.py for tasks to queue
[2023-03-21 11:33:23,551] {logging_mixin.py:104} INFO - [2023-03-21 11:33:23,551] {dagbag.py:451} INFO - Filling up the DagBag from /home/airflow/.local/lib/python3.6/site-packages/airflow/example_dags/example_branch_operator.py
[2023-03-21 11:33:23,570] {scheduler_job.py:639} INFO - DAG(s) dict_keys(['example_branch_operator']) retrieved from /home/airflow/.local/lib/python3.6/site-packages/airflow/example_dags/example_branch_operator.py
[2023-03-21 11:33:23,600] {logging_mixin.py:104} INFO - [2023-03-21 11:33:23,600] {dag.py:1824} INFO - Sync 1 DAGs
[2023-03-21 11:33:23,621] {logging_mixin.py:104} INFO - [2023-03-21 11:33:23,621] {dag.py:2280} INFO - Setting next_dagrun for example_branch_operator to 2023-03-19 00:00:00+00:00
[2023-03-21 11:33:23,631] {scheduler_job.py:190} INFO - Processing /home/airflow/.local/lib/python3.6/site-packages/airflow/example_dags/example_branch_operator.py took 0.086 seconds
[2023-03-21 11:33:54,840] {scheduler_job.py:182} INFO - Started process (PID=182) to work on /home/airflow/.local/lib/python3.6/site-packages/airflow/example_dags/example_branch_operator.py
[2023-03-21 11:33:54,846] {scheduler_job.py:629} INFO - Processing file /home/airflow/.local/lib/python3.6/site-packages/airflow/example_dags/example_branch_operator.py for tasks to queue
[2023-03-21 11:33:54,848] {logging_mixin.py:104} INFO - [2023-03-21 11:33:54,848] {dagbag.py:451} INFO - Filling up the DagBag from /home/airflow/.local/lib/python3.6/site-packages/airflow/example_dags/example_branch_operator.py
[2023-03-21 11:33:54,916] {scheduler_job.py:639} INFO - DAG(s) dict_keys(['example_branch_operator']) retrieved from /home/airflow/.local/lib/python3.6/site-packages/airflow/example_dags/example_branch_operator.py
[2023-03-21 11:33:55,104] {logging_mixin.py:104} INFO - [2023-03-21 11:33:55,104] {dag.py:1824} INFO - Sync 1 DAGs
[2023-03-21 11:33:55,161] {logging_mixin.py:104} INFO - [2023-03-21 11:33:55,161] {dag.py:2280} INFO - Setting next_dagrun for example_branch_operator to 2023-03-19 00:00:00+00:00
[2023-03-21 11:33:55,182] {scheduler_job.py:190} INFO - Processing /home/airflow/.local/lib/python3.6/site-packages/airflow/example_dags/example_branch_operator.py took 0.357 seconds
[2023-03-21 11:34:26,043] {scheduler_job.py:182} INFO - Started process (PID=208) to work on /home/airflow/.local/lib/python3.6/site-packages/airflow/example_dags/example_branch_operator.py
[2023-03-21 11:34:26,046] {scheduler_job.py:629} INFO - Processing file /home/airflow/.local/lib/python3.6/site-packages/airflow/example_dags/example_branch_operator.py for tasks to queue
[2023-03-21 11:34:26,050] {logging_mixin.py:104} INFO - [2023-03-21 11:34:26,048] {dagbag.py:451} INFO - Filling up the DagBag from /home/airflow/.local/lib/python3.6/site-packages/airflow/example_dags/example_branch_operator.py
[2023-03-21 11:34:26,091] {scheduler_job.py:639} INFO - DAG(s) dict_keys(['example_branch_operator']) retrieved from /home/airflow/.local/lib/python3.6/site-packages/airflow/example_dags/example_branch_operator.py
[2023-03-21 11:34:26,224] {logging_mixin.py:104} INFO - [2023-03-21 11:34:26,223] {dag.py:1824} INFO - Sync 1 DAGs
[2023-03-21 11:34:26,318] {logging_mixin.py:104} INFO - [2023-03-21 11:34:26,317] {dag.py:2280} INFO - Setting next_dagrun for example_branch_operator to 2023-03-19 00:00:00+00:00
[2023-03-21 11:34:26,416] {scheduler_job.py:190} INFO - Processing /home/airflow/.local/lib/python3.6/site-packages/airflow/example_dags/example_branch_operator.py took 0.397 seconds
[2023-03-21 11:34:57,438] {scheduler_job.py:182} INFO - Started process (PID=237) to work on /home/airflow/.local/lib/python3.6/site-packages/airflow/example_dags/example_branch_operator.py
[2023-03-21 11:34:57,441] {scheduler_job.py:629} INFO - Processing file /home/airflow/.local/lib/python3.6/site-packages/airflow/example_dags/example_branch_operator.py for tasks to queue
[2023-03-21 11:34:57,442] {logging_mixin.py:104} INFO - [2023-03-21 11:34:57,442] {dagbag.py:451} INFO - Filling up the DagBag from /home/airflow/.local/lib/python3.6/site-packages/airflow/example_dags/example_branch_operator.py
[2023-03-21 11:34:57,465] {scheduler_job.py:639} INFO - DAG(s) dict_keys(['example_branch_operator']) retrieved from /home/airflow/.local/lib/python3.6/site-packages/airflow/example_dags/example_branch_operator.py
[2023-03-21 11:34:57,500] {logging_mixin.py:104} INFO - [2023-03-21 11:34:57,500] {dag.py:1824} INFO - Sync 1 DAGs
[2023-03-21 11:34:57,536] {logging_mixin.py:104} INFO - [2023-03-21 11:34:57,535] {dag.py:2280} INFO - Setting next_dagrun for example_branch_operator to 2023-03-19 00:00:00+00:00
[2023-03-21 11:34:57,550] {scheduler_job.py:190} INFO - Processing /home/airflow/.local/lib/python3.6/site-packages/airflow/example_dags/example_branch_operator.py took 0.115 seconds
[2023-03-21 11:35:27,648] {scheduler_job.py:182} INFO - Started process (PID=263) to work on /home/airflow/.local/lib/python3.6/site-packages/airflow/example_dags/example_branch_operator.py
[2023-03-21 11:35:27,649] {scheduler_job.py:629} INFO - Processing file /home/airflow/.local/lib/python3.6/site-packages/airflow/example_dags/example_branch_operator.py for tasks to queue
[2023-03-21 11:35:27,650] {logging_mixin.py:104} INFO - [2023-03-21 11:35:27,650] {dagbag.py:451} INFO - Filling up the DagBag from /home/airflow/.local/lib/python3.6/site-packages/airflow/example_dags/example_branch_operator.py
[2023-03-21 11:35:27,670] {scheduler_job.py:639} INFO - DAG(s) dict_keys(['example_branch_operator']) retrieved from /home/airflow/.local/lib/python3.6/site-packages/airflow/example_dags/example_branch_operator.py
[2023-03-21 11:35:27,700] {logging_mixin.py:104} INFO - [2023-03-21 11:35:27,700] {dag.py:1824} INFO - Sync 1 DAGs
[2023-03-21 11:35:27,738] {logging_mixin.py:104} INFO - [2023-03-21 11:35:27,737] {dag.py:2280} INFO - Setting next_dagrun for example_branch_operator to 2023-03-19 00:00:00+00:00
[2023-03-21 11:35:27,748] {scheduler_job.py:190} INFO - Processing /home/airflow/.local/lib/python3.6/site-packages/airflow/example_dags/example_branch_operator.py took 0.104 seconds
[2023-03-21 11:35:58,636] {scheduler_job.py:182} INFO - Started process (PID=289) to work on /home/airflow/.local/lib/python3.6/site-packages/airflow/example_dags/example_branch_operator.py
[2023-03-21 11:35:58,637] {scheduler_job.py:629} INFO - Processing file /home/airflow/.local/lib/python3.6/site-packages/airflow/example_dags/example_branch_operator.py for tasks to queue
[2023-03-21 11:35:58,638] {logging_mixin.py:104} INFO - [2023-03-21 11:35:58,638] {dagbag.py:451} INFO - Filling up the DagBag from /home/airflow/.local/lib/python3.6/site-packages/airflow/example_dags/example_branch_operator.py
[2023-03-21 11:35:58,655] {scheduler_job.py:639} INFO - DAG(s) dict_keys(['example_branch_operator']) retrieved from /home/airflow/.local/lib/python3.6/site-packages/airflow/example_dags/example_branch_operator.py
[2023-03-21 11:35:58,675] {logging_mixin.py:104} INFO - [2023-03-21 11:35:58,675] {dag.py:1824} INFO - Sync 1 DAGs
[2023-03-21 11:35:58,690] {logging_mixin.py:104} INFO - [2023-03-21 11:35:58,690] {dag.py:2280} INFO - Setting next_dagrun for example_branch_operator to 2023-03-19 00:00:00+00:00
[2023-03-21 11:35:58,698] {scheduler_job.py:190} INFO - Processing /home/airflow/.local/lib/python3.6/site-packages/airflow/example_dags/example_branch_operator.py took 0.064 seconds
[2023-03-21 11:36:29,016] {scheduler_job.py:182} INFO - Started process (PID=315) to work on /home/airflow/.local/lib/python3.6/site-packages/airflow/example_dags/example_branch_operator.py
[2023-03-21 11:36:29,018] {scheduler_job.py:629} INFO - Processing file /home/airflow/.local/lib/python3.6/site-packages/airflow/example_dags/example_branch_operator.py for tasks to queue
[2023-03-21 11:36:29,019] {logging_mixin.py:104} INFO - [2023-03-21 11:36:29,019] {dagbag.py:451} INFO - Filling up the DagBag from /home/airflow/.local/lib/python3.6/site-packages/airflow/example_dags/example_branch_operator.py
[2023-03-21 11:36:29,038] {scheduler_job.py:639} INFO - DAG(s) dict_keys(['example_branch_operator']) retrieved from /home/airflow/.local/lib/python3.6/site-packages/airflow/example_dags/example_branch_operator.py
[2023-03-21 11:36:29,058] {logging_mixin.py:104} INFO - [2023-03-21 11:36:29,058] {dag.py:1824} INFO - Sync 1 DAGs
[2023-03-21 11:36:29,073] {logging_mixin.py:104} INFO - [2023-03-21 11:36:29,073] {dag.py:2280} INFO - Setting next_dagrun for example_branch_operator to 2023-03-19 00:00:00+00:00
[2023-03-21 11:36:29,081] {scheduler_job.py:190} INFO - Processing /home/airflow/.local/lib/python3.6/site-packages/airflow/example_dags/example_branch_operator.py took 0.070 seconds
[2023-03-21 11:36:59,559] {scheduler_job.py:182} INFO - Started process (PID=341) to work on /home/airflow/.local/lib/python3.6/site-packages/airflow/example_dags/example_branch_operator.py
[2023-03-21 11:36:59,561] {scheduler_job.py:629} INFO - Processing file /home/airflow/.local/lib/python3.6/site-packages/airflow/example_dags/example_branch_operator.py for tasks to queue
[2023-03-21 11:36:59,562] {logging_mixin.py:104} INFO - [2023-03-21 11:36:59,561] {dagbag.py:451} INFO - Filling up the DagBag from /home/airflow/.local/lib/python3.6/site-packages/airflow/example_dags/example_branch_operator.py
[2023-03-21 11:36:59,578] {scheduler_job.py:639} INFO - DAG(s) dict_keys(['example_branch_operator']) retrieved from /home/airflow/.local/lib/python3.6/site-packages/airflow/example_dags/example_branch_operator.py
[2023-03-21 11:36:59,597] {logging_mixin.py:104} INFO - [2023-03-21 11:36:59,597] {dag.py:1824} INFO - Sync 1 DAGs
[2023-03-21 11:36:59,613] {logging_mixin.py:104} INFO - [2023-03-21 11:36:59,613] {dag.py:2280} INFO - Setting next_dagrun for example_branch_operator to 2023-03-19 00:00:00+00:00
[2023-03-21 11:36:59,620] {scheduler_job.py:190} INFO - Processing /home/airflow/.local/lib/python3.6/site-packages/airflow/example_dags/example_branch_operator.py took 0.064 seconds
[2023-03-21 11:37:29,874] {scheduler_job.py:182} INFO - Started process (PID=367) to work on /home/airflow/.local/lib/python3.6/site-packages/airflow/example_dags/example_branch_operator.py
[2023-03-21 11:37:29,875] {scheduler_job.py:629} INFO - Processing file /home/airflow/.local/lib/python3.6/site-packages/airflow/example_dags/example_branch_operator.py for tasks to queue
[2023-03-21 11:37:29,876] {logging_mixin.py:104} INFO - [2023-03-21 11:37:29,876] {dagbag.py:451} INFO - Filling up the DagBag from /home/airflow/.local/lib/python3.6/site-packages/airflow/example_dags/example_branch_operator.py
[2023-03-21 11:37:29,893] {scheduler_job.py:639} INFO - DAG(s) dict_keys(['example_branch_operator']) retrieved from /home/airflow/.local/lib/python3.6/site-packages/airflow/example_dags/example_branch_operator.py
[2023-03-21 11:37:29,913] {logging_mixin.py:104} INFO - [2023-03-21 11:37:29,913] {dag.py:1824} INFO - Sync 1 DAGs
[2023-03-21 11:37:29,928] {logging_mixin.py:104} INFO - [2023-03-21 11:37:29,928] {dag.py:2280} INFO - Setting next_dagrun for example_branch_operator to 2023-03-19 00:00:00+00:00
[2023-03-21 11:37:29,936] {scheduler_job.py:190} INFO - Processing /home/airflow/.local/lib/python3.6/site-packages/airflow/example_dags/example_branch_operator.py took 0.064 seconds
[2023-03-21 11:38:00,411] {scheduler_job.py:182} INFO - Started process (PID=393) to work on /home/airflow/.local/lib/python3.6/site-packages/airflow/example_dags/example_branch_operator.py
[2023-03-21 11:38:00,412] {scheduler_job.py:629} INFO - Processing file /home/airflow/.local/lib/python3.6/site-packages/airflow/example_dags/example_branch_operator.py for tasks to queue
[2023-03-21 11:38:00,413] {logging_mixin.py:104} INFO - [2023-03-21 11:38:00,413] {dagbag.py:451} INFO - Filling up the DagBag from /home/airflow/.local/lib/python3.6/site-packages/airflow/example_dags/example_branch_operator.py
[2023-03-21 11:38:00,430] {scheduler_job.py:639} INFO - DAG(s) dict_keys(['example_branch_operator']) retrieved from /home/airflow/.local/lib/python3.6/site-packages/airflow/example_dags/example_branch_operator.py
[2023-03-21 11:38:00,450] {logging_mixin.py:104} INFO - [2023-03-21 11:38:00,450] {dag.py:1824} INFO - Sync 1 DAGs
[2023-03-21 11:38:00,466] {logging_mixin.py:104} INFO - [2023-03-21 11:38:00,465] {dag.py:2280} INFO - Setting next_dagrun for example_branch_operator to 2023-03-19 00:00:00+00:00
[2023-03-21 11:38:00,473] {scheduler_job.py:190} INFO - Processing /home/airflow/.local/lib/python3.6/site-packages/airflow/example_dags/example_branch_operator.py took 0.065 seconds
[2023-03-21 11:38:30,950] {scheduler_job.py:182} INFO - Started process (PID=419) to work on /home/airflow/.local/lib/python3.6/site-packages/airflow/example_dags/example_branch_operator.py
[2023-03-21 11:38:30,952] {scheduler_job.py:629} INFO - Processing file /home/airflow/.local/lib/python3.6/site-packages/airflow/example_dags/example_branch_operator.py for tasks to queue
[2023-03-21 11:38:30,957] {logging_mixin.py:104} INFO - [2023-03-21 11:38:30,957] {dagbag.py:451} INFO - Filling up the DagBag from /home/airflow/.local/lib/python3.6/site-packages/airflow/example_dags/example_branch_operator.py
[2023-03-21 11:38:30,970] {scheduler_job.py:639} INFO - DAG(s) dict_keys(['example_branch_operator']) retrieved from /home/airflow/.local/lib/python3.6/site-packages/airflow/example_dags/example_branch_operator.py
[2023-03-21 11:38:30,990] {logging_mixin.py:104} INFO - [2023-03-21 11:38:30,990] {dag.py:1824} INFO - Sync 1 DAGs
[2023-03-21 11:38:31,006] {logging_mixin.py:104} INFO - [2023-03-21 11:38:31,005] {dag.py:2280} INFO - Setting next_dagrun for example_branch_operator to 2023-03-19 00:00:00+00:00
[2023-03-21 11:38:31,014] {scheduler_job.py:190} INFO - Processing /home/airflow/.local/lib/python3.6/site-packages/airflow/example_dags/example_branch_operator.py took 0.066 seconds
[2023-03-21 11:39:01,375] {scheduler_job.py:182} INFO - Started process (PID=445) to work on /home/airflow/.local/lib/python3.6/site-packages/airflow/example_dags/example_branch_operator.py
[2023-03-21 11:39:01,378] {scheduler_job.py:629} INFO - Processing file /home/airflow/.local/lib/python3.6/site-packages/airflow/example_dags/example_branch_operator.py for tasks to queue
[2023-03-21 11:39:01,379] {logging_mixin.py:104} INFO - [2023-03-21 11:39:01,379] {dagbag.py:451} INFO - Filling up the DagBag from /home/airflow/.local/lib/python3.6/site-packages/airflow/example_dags/example_branch_operator.py
[2023-03-21 11:39:01,396] {scheduler_job.py:639} INFO - DAG(s) dict_keys(['example_branch_operator']) retrieved from /home/airflow/.local/lib/python3.6/site-packages/airflow/example_dags/example_branch_operator.py
[2023-03-21 11:39:01,419] {logging_mixin.py:104} INFO - [2023-03-21 11:39:01,419] {dag.py:1824} INFO - Sync 1 DAGs
[2023-03-21 11:39:01,437] {logging_mixin.py:104} INFO - [2023-03-21 11:39:01,437] {dag.py:2280} INFO - Setting next_dagrun for example_branch_operator to 2023-03-19 00:00:00+00:00
[2023-03-21 11:39:01,446] {scheduler_job.py:190} INFO - Processing /home/airflow/.local/lib/python3.6/site-packages/airflow/example_dags/example_branch_operator.py took 0.075 seconds
[2023-03-21 11:39:31,972] {scheduler_job.py:182} INFO - Started process (PID=471) to work on /home/airflow/.local/lib/python3.6/site-packages/airflow/example_dags/example_branch_operator.py
[2023-03-21 11:39:31,974] {scheduler_job.py:629} INFO - Processing file /home/airflow/.local/lib/python3.6/site-packages/airflow/example_dags/example_branch_operator.py for tasks to queue
[2023-03-21 11:39:31,974] {logging_mixin.py:104} INFO - [2023-03-21 11:39:31,974] {dagbag.py:451} INFO - Filling up the DagBag from /home/airflow/.local/lib/python3.6/site-packages/airflow/example_dags/example_branch_operator.py
[2023-03-21 11:39:31,988] {scheduler_job.py:639} INFO - DAG(s) dict_keys(['example_branch_operator']) retrieved from /home/airflow/.local/lib/python3.6/site-packages/airflow/example_dags/example_branch_operator.py
[2023-03-21 11:39:32,008] {logging_mixin.py:104} INFO - [2023-03-21 11:39:32,008] {dag.py:1824} INFO - Sync 1 DAGs
[2023-03-21 11:39:32,024] {logging_mixin.py:104} INFO - [2023-03-21 11:39:32,024] {dag.py:2280} INFO - Setting next_dagrun for example_branch_operator to 2023-03-19 00:00:00+00:00
[2023-03-21 11:39:32,032] {scheduler_job.py:190} INFO - Processing /home/airflow/.local/lib/python3.6/site-packages/airflow/example_dags/example_branch_operator.py took 0.063 seconds
[2023-03-21 11:40:02,538] {scheduler_job.py:182} INFO - Started process (PID=497) to work on /home/airflow/.local/lib/python3.6/site-packages/airflow/example_dags/example_branch_operator.py
[2023-03-21 11:40:02,540] {scheduler_job.py:629} INFO - Processing file /home/airflow/.local/lib/python3.6/site-packages/airflow/example_dags/example_branch_operator.py for tasks to queue
[2023-03-21 11:40:02,541] {logging_mixin.py:104} INFO - [2023-03-21 11:40:02,540] {dagbag.py:451} INFO - Filling up the DagBag from /home/airflow/.local/lib/python3.6/site-packages/airflow/example_dags/example_branch_operator.py
[2023-03-21 11:40:02,555] {scheduler_job.py:639} INFO - DAG(s) dict_keys(['example_branch_operator']) retrieved from /home/airflow/.local/lib/python3.6/site-packages/airflow/example_dags/example_branch_operator.py
[2023-03-21 11:40:02,575] {logging_mixin.py:104} INFO - [2023-03-21 11:40:02,575] {dag.py:1824} INFO - Sync 1 DAGs
[2023-03-21 11:40:02,591] {logging_mixin.py:104} INFO - [2023-03-21 11:40:02,591] {dag.py:2280} INFO - Setting next_dagrun for example_branch_operator to 2023-03-19 00:00:00+00:00
[2023-03-21 11:40:02,600] {scheduler_job.py:190} INFO - Processing /home/airflow/.local/lib/python3.6/site-packages/airflow/example_dags/example_branch_operator.py took 0.064 seconds
[2023-03-21 11:40:33,031] {scheduler_job.py:182} INFO - Started process (PID=523) to work on /home/airflow/.local/lib/python3.6/site-packages/airflow/example_dags/example_branch_operator.py
[2023-03-21 11:40:33,032] {scheduler_job.py:629} INFO - Processing file /home/airflow/.local/lib/python3.6/site-packages/airflow/example_dags/example_branch_operator.py for tasks to queue
[2023-03-21 11:40:33,033] {logging_mixin.py:104} INFO - [2023-03-21 11:40:33,033] {dagbag.py:451} INFO - Filling up the DagBag from /home/airflow/.local/lib/python3.6/site-packages/airflow/example_dags/example_branch_operator.py
[2023-03-21 11:40:33,047] {scheduler_job.py:639} INFO - DAG(s) dict_keys(['example_branch_operator']) retrieved from /home/airflow/.local/lib/python3.6/site-packages/airflow/example_dags/example_branch_operator.py
[2023-03-21 11:40:33,067] {logging_mixin.py:104} INFO - [2023-03-21 11:40:33,067] {dag.py:1824} INFO - Sync 1 DAGs
[2023-03-21 11:40:33,082] {logging_mixin.py:104} INFO - [2023-03-21 11:40:33,082] {dag.py:2280} INFO - Setting next_dagrun for example_branch_operator to 2023-03-19 00:00:00+00:00
[2023-03-21 11:40:33,090] {scheduler_job.py:190} INFO - Processing /home/airflow/.local/lib/python3.6/site-packages/airflow/example_dags/example_branch_operator.py took 0.062 seconds
[2023-03-21 11:41:03,456] {scheduler_job.py:182} INFO - Started process (PID=549) to work on /home/airflow/.local/lib/python3.6/site-packages/airflow/example_dags/example_branch_operator.py
[2023-03-21 11:41:03,458] {scheduler_job.py:629} INFO - Processing file /home/airflow/.local/lib/python3.6/site-packages/airflow/example_dags/example_branch_operator.py for tasks to queue
[2023-03-21 11:41:03,459] {logging_mixin.py:104} INFO - [2023-03-21 11:41:03,459] {dagbag.py:451} INFO - Filling up the DagBag from /home/airflow/.local/lib/python3.6/site-packages/airflow/example_dags/example_branch_operator.py
[2023-03-21 11:41:03,472] {scheduler_job.py:639} INFO - DAG(s) dict_keys(['example_branch_operator']) retrieved from /home/airflow/.local/lib/python3.6/site-packages/airflow/example_dags/example_branch_operator.py
[2023-03-21 11:41:03,492] {logging_mixin.py:104} INFO - [2023-03-21 11:41:03,492] {dag.py:1824} INFO - Sync 1 DAGs
[2023-03-21 11:41:03,508] {logging_mixin.py:104} INFO - [2023-03-21 11:41:03,508] {dag.py:2280} INFO - Setting next_dagrun for example_branch_operator to 2023-03-19 00:00:00+00:00
[2023-03-21 11:41:03,516] {scheduler_job.py:190} INFO - Processing /home/airflow/.local/lib/python3.6/site-packages/airflow/example_dags/example_branch_operator.py took 0.063 seconds
[2023-03-21 11:41:34,074] {scheduler_job.py:182} INFO - Started process (PID=575) to work on /home/airflow/.local/lib/python3.6/site-packages/airflow/example_dags/example_branch_operator.py
[2023-03-21 11:41:34,076] {scheduler_job.py:629} INFO - Processing file /home/airflow/.local/lib/python3.6/site-packages/airflow/example_dags/example_branch_operator.py for tasks to queue
[2023-03-21 11:41:34,077] {logging_mixin.py:104} INFO - [2023-03-21 11:41:34,077] {dagbag.py:451} INFO - Filling up the DagBag from /home/airflow/.local/lib/python3.6/site-packages/airflow/example_dags/example_branch_operator.py
[2023-03-21 11:41:34,090] {scheduler_job.py:639} INFO - DAG(s) dict_keys(['example_branch_operator']) retrieved from /home/airflow/.local/lib/python3.6/site-packages/airflow/example_dags/example_branch_operator.py
[2023-03-21 11:41:34,111] {logging_mixin.py:104} INFO - [2023-03-21 11:41:34,111] {dag.py:1824} INFO - Sync 1 DAGs
[2023-03-21 11:41:34,126] {logging_mixin.py:104} INFO - [2023-03-21 11:41:34,126] {dag.py:2280} INFO - Setting next_dagrun for example_branch_operator to 2023-03-19 00:00:00+00:00
[2023-03-21 11:41:34,134] {scheduler_job.py:190} INFO - Processing /home/airflow/.local/lib/python3.6/site-packages/airflow/example_dags/example_branch_operator.py took 0.063 seconds
[2023-03-21 11:42:04,585] {scheduler_job.py:182} INFO - Started process (PID=601) to work on /home/airflow/.local/lib/python3.6/site-packages/airflow/example_dags/example_branch_operator.py
[2023-03-21 11:42:04,586] {scheduler_job.py:629} INFO - Processing file /home/airflow/.local/lib/python3.6/site-packages/airflow/example_dags/example_branch_operator.py for tasks to queue
[2023-03-21 11:42:04,587] {logging_mixin.py:104} INFO - [2023-03-21 11:42:04,587] {dagbag.py:451} INFO - Filling up the DagBag from /home/airflow/.local/lib/python3.6/site-packages/airflow/example_dags/example_branch_operator.py
[2023-03-21 11:42:04,603] {scheduler_job.py:639} INFO - DAG(s) dict_keys(['example_branch_operator']) retrieved from /home/airflow/.local/lib/python3.6/site-packages/airflow/example_dags/example_branch_operator.py
[2023-03-21 11:42:04,624] {logging_mixin.py:104} INFO - [2023-03-21 11:42:04,624] {dag.py:1824} INFO - Sync 1 DAGs
[2023-03-21 11:42:04,642] {logging_mixin.py:104} INFO - [2023-03-21 11:42:04,642] {dag.py:2280} INFO - Setting next_dagrun for example_branch_operator to 2023-03-19 00:00:00+00:00
[2023-03-21 11:42:04,651] {scheduler_job.py:190} INFO - Processing /home/airflow/.local/lib/python3.6/site-packages/airflow/example_dags/example_branch_operator.py took 0.070 seconds
[2023-03-21 11:42:35,060] {scheduler_job.py:182} INFO - Started process (PID=627) to work on /home/airflow/.local/lib/python3.6/site-packages/airflow/example_dags/example_branch_operator.py
[2023-03-21 11:42:35,062] {scheduler_job.py:629} INFO - Processing file /home/airflow/.local/lib/python3.6/site-packages/airflow/example_dags/example_branch_operator.py for tasks to queue
[2023-03-21 11:42:35,063] {logging_mixin.py:104} INFO - [2023-03-21 11:42:35,063] {dagbag.py:451} INFO - Filling up the DagBag from /home/airflow/.local/lib/python3.6/site-packages/airflow/example_dags/example_branch_operator.py
[2023-03-21 11:42:35,077] {scheduler_job.py:639} INFO - DAG(s) dict_keys(['example_branch_operator']) retrieved from /home/airflow/.local/lib/python3.6/site-packages/airflow/example_dags/example_branch_operator.py
[2023-03-21 11:42:35,097] {logging_mixin.py:104} INFO - [2023-03-21 11:42:35,097] {dag.py:1824} INFO - Sync 1 DAGs
[2023-03-21 11:42:35,114] {logging_mixin.py:104} INFO - [2023-03-21 11:42:35,113] {dag.py:2280} INFO - Setting next_dagrun for example_branch_operator to 2023-03-19 00:00:00+00:00
[2023-03-21 11:42:35,121] {scheduler_job.py:190} INFO - Processing /home/airflow/.local/lib/python3.6/site-packages/airflow/example_dags/example_branch_operator.py took 0.064 seconds
[2023-03-21 11:43:05,524] {scheduler_job.py:182} INFO - Started process (PID=653) to work on /home/airflow/.local/lib/python3.6/site-packages/airflow/example_dags/example_branch_operator.py
[2023-03-21 11:43:05,525] {scheduler_job.py:629} INFO - Processing file /home/airflow/.local/lib/python3.6/site-packages/airflow/example_dags/example_branch_operator.py for tasks to queue
[2023-03-21 11:43:05,526] {logging_mixin.py:104} INFO - [2023-03-21 11:43:05,526] {dagbag.py:451} INFO - Filling up the DagBag from /home/airflow/.local/lib/python3.6/site-packages/airflow/example_dags/example_branch_operator.py
[2023-03-21 11:43:05,540] {scheduler_job.py:639} INFO - DAG(s) dict_keys(['example_branch_operator']) retrieved from /home/airflow/.local/lib/python3.6/site-packages/airflow/example_dags/example_branch_operator.py
[2023-03-21 11:43:05,561] {logging_mixin.py:104} INFO - [2023-03-21 11:43:05,561] {dag.py:1824} INFO - Sync 1 DAGs
[2023-03-21 11:43:05,577] {logging_mixin.py:104} INFO - [2023-03-21 11:43:05,577] {dag.py:2280} INFO - Setting next_dagrun for example_branch_operator to 2023-03-19 00:00:00+00:00
[2023-03-21 11:43:05,585] {scheduler_job.py:190} INFO - Processing /home/airflow/.local/lib/python3.6/site-packages/airflow/example_dags/example_branch_operator.py took 0.064 seconds
[2023-03-21 11:43:35,884] {scheduler_job.py:182} INFO - Started process (PID=679) to work on /home/airflow/.local/lib/python3.6/site-packages/airflow/example_dags/example_branch_operator.py
[2023-03-21 11:43:35,886] {scheduler_job.py:629} INFO - Processing file /home/airflow/.local/lib/python3.6/site-packages/airflow/example_dags/example_branch_operator.py for tasks to queue
[2023-03-21 11:43:35,887] {logging_mixin.py:104} INFO - [2023-03-21 11:43:35,887] {dagbag.py:451} INFO - Filling up the DagBag from /home/airflow/.local/lib/python3.6/site-packages/airflow/example_dags/example_branch_operator.py
[2023-03-21 11:43:35,900] {scheduler_job.py:639} INFO - DAG(s) dict_keys(['example_branch_operator']) retrieved from /home/airflow/.local/lib/python3.6/site-packages/airflow/example_dags/example_branch_operator.py
[2023-03-21 11:43:35,920] {logging_mixin.py:104} INFO - [2023-03-21 11:43:35,920] {dag.py:1824} INFO - Sync 1 DAGs
[2023-03-21 11:43:35,937] {logging_mixin.py:104} INFO - [2023-03-21 11:43:35,937] {dag.py:2280} INFO - Setting next_dagrun for example_branch_operator to 2023-03-19 00:00:00+00:00
[2023-03-21 11:43:35,945] {scheduler_job.py:190} INFO - Processing /home/airflow/.local/lib/python3.6/site-packages/airflow/example_dags/example_branch_operator.py took 0.063 seconds
[2023-03-21 11:44:06,317] {scheduler_job.py:182} INFO - Started process (PID=705) to work on /home/airflow/.local/lib/python3.6/site-packages/airflow/example_dags/example_branch_operator.py
[2023-03-21 11:44:06,318] {scheduler_job.py:629} INFO - Processing file /home/airflow/.local/lib/python3.6/site-packages/airflow/example_dags/example_branch_operator.py for tasks to queue
[2023-03-21 11:44:06,319] {logging_mixin.py:104} INFO - [2023-03-21 11:44:06,319] {dagbag.py:451} INFO - Filling up the DagBag from /home/airflow/.local/lib/python3.6/site-packages/airflow/example_dags/example_branch_operator.py
[2023-03-21 11:44:06,333] {scheduler_job.py:639} INFO - DAG(s) dict_keys(['example_branch_operator']) retrieved from /home/airflow/.local/lib/python3.6/site-packages/airflow/example_dags/example_branch_operator.py
[2023-03-21 11:44:06,353] {logging_mixin.py:104} INFO - [2023-03-21 11:44:06,353] {dag.py:1824} INFO - Sync 1 DAGs
[2023-03-21 11:44:06,369] {logging_mixin.py:104} INFO - [2023-03-21 11:44:06,368] {dag.py:2280} INFO - Setting next_dagrun for example_branch_operator to 2023-03-19 00:00:00+00:00
[2023-03-21 11:44:06,377] {scheduler_job.py:190} INFO - Processing /home/airflow/.local/lib/python3.6/site-packages/airflow/example_dags/example_branch_operator.py took 0.063 seconds
[2023-03-21 11:44:36,698] {scheduler_job.py:182} INFO - Started process (PID=731) to work on /home/airflow/.local/lib/python3.6/site-packages/airflow/example_dags/example_branch_operator.py
[2023-03-21 11:44:36,699] {scheduler_job.py:629} INFO - Processing file /home/airflow/.local/lib/python3.6/site-packages/airflow/example_dags/example_branch_operator.py for tasks to queue
[2023-03-21 11:44:36,701] {logging_mixin.py:104} INFO - [2023-03-21 11:44:36,700] {dagbag.py:451} INFO - Filling up the DagBag from /home/airflow/.local/lib/python3.6/site-packages/airflow/example_dags/example_branch_operator.py
[2023-03-21 11:44:36,718] {scheduler_job.py:639} INFO - DAG(s) dict_keys(['example_branch_operator']) retrieved from /home/airflow/.local/lib/python3.6/site-packages/airflow/example_dags/example_branch_operator.py
[2023-03-21 11:44:36,740] {logging_mixin.py:104} INFO - [2023-03-21 11:44:36,740] {dag.py:1824} INFO - Sync 1 DAGs
[2023-03-21 11:44:36,758] {logging_mixin.py:104} INFO - [2023-03-21 11:44:36,757] {dag.py:2280} INFO - Setting next_dagrun for example_branch_operator to 2023-03-19 00:00:00+00:00
[2023-03-21 11:44:36,766] {scheduler_job.py:190} INFO - Processing /home/airflow/.local/lib/python3.6/site-packages/airflow/example_dags/example_branch_operator.py took 0.072 seconds
[2023-03-21 11:45:07,155] {scheduler_job.py:182} INFO - Started process (PID=757) to work on /home/airflow/.local/lib/python3.6/site-packages/airflow/example_dags/example_branch_operator.py
[2023-03-21 11:45:07,156] {scheduler_job.py:629} INFO - Processing file /home/airflow/.local/lib/python3.6/site-packages/airflow/example_dags/example_branch_operator.py for tasks to queue
[2023-03-21 11:45:07,157] {logging_mixin.py:104} INFO - [2023-03-21 11:45:07,157] {dagbag.py:451} INFO - Filling up the DagBag from /home/airflow/.local/lib/python3.6/site-packages/airflow/example_dags/example_branch_operator.py
[2023-03-21 11:45:07,171] {scheduler_job.py:639} INFO - DAG(s) dict_keys(['example_branch_operator']) retrieved from /home/airflow/.local/lib/python3.6/site-packages/airflow/example_dags/example_branch_operator.py
[2023-03-21 11:45:07,191] {logging_mixin.py:104} INFO - [2023-03-21 11:45:07,191] {dag.py:1824} INFO - Sync 1 DAGs
[2023-03-21 11:45:07,213] {logging_mixin.py:104} INFO - [2023-03-21 11:45:07,213] {dag.py:2280} INFO - Setting next_dagrun for example_branch_operator to 2023-03-19 00:00:00+00:00
[2023-03-21 11:45:07,224] {scheduler_job.py:190} INFO - Processing /home/airflow/.local/lib/python3.6/site-packages/airflow/example_dags/example_branch_operator.py took 0.072 seconds
[2023-03-21 11:45:38,029] {scheduler_job.py:182} INFO - Started process (PID=783) to work on /home/airflow/.local/lib/python3.6/site-packages/airflow/example_dags/example_branch_operator.py
[2023-03-21 11:45:38,031] {scheduler_job.py:629} INFO - Processing file /home/airflow/.local/lib/python3.6/site-packages/airflow/example_dags/example_branch_operator.py for tasks to queue
[2023-03-21 11:45:38,032] {logging_mixin.py:104} INFO - [2023-03-21 11:45:38,032] {dagbag.py:451} INFO - Filling up the DagBag from /home/airflow/.local/lib/python3.6/site-packages/airflow/example_dags/example_branch_operator.py
[2023-03-21 11:45:38,049] {scheduler_job.py:639} INFO - DAG(s) dict_keys(['example_branch_operator']) retrieved from /home/airflow/.local/lib/python3.6/site-packages/airflow/example_dags/example_branch_operator.py
[2023-03-21 11:45:38,072] {logging_mixin.py:104} INFO - [2023-03-21 11:45:38,072] {dag.py:1824} INFO - Sync 1 DAGs
[2023-03-21 11:45:38,096] {logging_mixin.py:104} INFO - [2023-03-21 11:45:38,096] {dag.py:2280} INFO - Setting next_dagrun for example_branch_operator to 2023-03-19 00:00:00+00:00
[2023-03-21 11:45:38,105] {scheduler_job.py:190} INFO - Processing /home/airflow/.local/lib/python3.6/site-packages/airflow/example_dags/example_branch_operator.py took 0.079 seconds
[2023-03-21 11:46:08,498] {scheduler_job.py:182} INFO - Started process (PID=809) to work on /home/airflow/.local/lib/python3.6/site-packages/airflow/example_dags/example_branch_operator.py
[2023-03-21 11:46:08,500] {scheduler_job.py:629} INFO - Processing file /home/airflow/.local/lib/python3.6/site-packages/airflow/example_dags/example_branch_operator.py for tasks to queue
[2023-03-21 11:46:08,501] {logging_mixin.py:104} INFO - [2023-03-21 11:46:08,501] {dagbag.py:451} INFO - Filling up the DagBag from /home/airflow/.local/lib/python3.6/site-packages/airflow/example_dags/example_branch_operator.py
[2023-03-21 11:46:08,514] {scheduler_job.py:639} INFO - DAG(s) dict_keys(['example_branch_operator']) retrieved from /home/airflow/.local/lib/python3.6/site-packages/airflow/example_dags/example_branch_operator.py
[2023-03-21 11:46:08,534] {logging_mixin.py:104} INFO - [2023-03-21 11:46:08,534] {dag.py:1824} INFO - Sync 1 DAGs
[2023-03-21 11:46:08,554] {logging_mixin.py:104} INFO - [2023-03-21 11:46:08,553] {dag.py:2280} INFO - Setting next_dagrun for example_branch_operator to 2023-03-19 00:00:00+00:00
[2023-03-21 11:46:08,562] {scheduler_job.py:190} INFO - Processing /home/airflow/.local/lib/python3.6/site-packages/airflow/example_dags/example_branch_operator.py took 0.066 seconds
