[2023-03-21 11:31:20,450] {scheduler_job.py:182} INFO - Started process (PID=51) to work on /home/airflow/.local/lib/python3.6/site-packages/airflow/example_dags/example_latest_only.py
[2023-03-21 11:31:20,455] {scheduler_job.py:629} INFO - Processing file /home/airflow/.local/lib/python3.6/site-packages/airflow/example_dags/example_latest_only.py for tasks to queue
[2023-03-21 11:31:20,460] {logging_mixin.py:104} INFO - [2023-03-21 11:31:20,459] {dagbag.py:451} INFO - Filling up the DagBag from /home/airflow/.local/lib/python3.6/site-packages/airflow/example_dags/example_latest_only.py
[2023-03-21 11:31:20,486] {scheduler_job.py:639} INFO - DAG(s) dict_keys(['latest_only']) retrieved from /home/airflow/.local/lib/python3.6/site-packages/airflow/example_dags/example_latest_only.py
[2023-03-21 11:31:20,553] {logging_mixin.py:104} INFO - [2023-03-21 11:31:20,553] {dag.py:1824} INFO - Sync 1 DAGs
[2023-03-21 11:31:20,589] {logging_mixin.py:104} INFO - [2023-03-21 11:31:20,589] {dag.py:2280} INFO - Setting next_dagrun for latest_only to 2023-03-19 00:00:00+00:00
[2023-03-21 11:31:20,623] {scheduler_job.py:190} INFO - Processing /home/airflow/.local/lib/python3.6/site-packages/airflow/example_dags/example_latest_only.py took 0.186 seconds
[2023-03-21 11:31:50,775] {scheduler_job.py:182} INFO - Started process (PID=77) to work on /home/airflow/.local/lib/python3.6/site-packages/airflow/example_dags/example_latest_only.py
[2023-03-21 11:31:50,776] {scheduler_job.py:629} INFO - Processing file /home/airflow/.local/lib/python3.6/site-packages/airflow/example_dags/example_latest_only.py for tasks to queue
[2023-03-21 11:31:50,777] {logging_mixin.py:104} INFO - [2023-03-21 11:31:50,777] {dagbag.py:451} INFO - Filling up the DagBag from /home/airflow/.local/lib/python3.6/site-packages/airflow/example_dags/example_latest_only.py
[2023-03-21 11:31:50,785] {scheduler_job.py:639} INFO - DAG(s) dict_keys(['latest_only']) retrieved from /home/airflow/.local/lib/python3.6/site-packages/airflow/example_dags/example_latest_only.py
[2023-03-21 11:31:50,804] {logging_mixin.py:104} INFO - [2023-03-21 11:31:50,804] {dag.py:1824} INFO - Sync 1 DAGs
[2023-03-21 11:31:50,821] {logging_mixin.py:104} INFO - [2023-03-21 11:31:50,821] {dag.py:2280} INFO - Setting next_dagrun for latest_only to 2023-03-19 00:00:00+00:00
[2023-03-21 11:31:50,828] {scheduler_job.py:190} INFO - Processing /home/airflow/.local/lib/python3.6/site-packages/airflow/example_dags/example_latest_only.py took 0.056 seconds
[2023-03-21 11:32:24,581] {scheduler_job.py:182} INFO - Started process (PID=114) to work on /home/airflow/.local/lib/python3.6/site-packages/airflow/example_dags/example_latest_only.py
[2023-03-21 11:32:24,584] {scheduler_job.py:629} INFO - Processing file /home/airflow/.local/lib/python3.6/site-packages/airflow/example_dags/example_latest_only.py for tasks to queue
[2023-03-21 11:32:24,586] {logging_mixin.py:104} INFO - [2023-03-21 11:32:24,586] {dagbag.py:451} INFO - Filling up the DagBag from /home/airflow/.local/lib/python3.6/site-packages/airflow/example_dags/example_latest_only.py
[2023-03-21 11:32:24,602] {scheduler_job.py:639} INFO - DAG(s) dict_keys(['latest_only']) retrieved from /home/airflow/.local/lib/python3.6/site-packages/airflow/example_dags/example_latest_only.py
[2023-03-21 11:32:24,628] {logging_mixin.py:104} INFO - [2023-03-21 11:32:24,628] {dag.py:1824} INFO - Sync 1 DAGs
[2023-03-21 11:32:24,645] {logging_mixin.py:104} INFO - [2023-03-21 11:32:24,645] {dag.py:2280} INFO - Setting next_dagrun for latest_only to 2023-03-19 00:00:00+00:00
[2023-03-21 11:32:24,656] {scheduler_job.py:190} INFO - Processing /home/airflow/.local/lib/python3.6/site-packages/airflow/example_dags/example_latest_only.py took 0.081 seconds
[2023-03-21 11:32:55,036] {scheduler_job.py:182} INFO - Started process (PID=137) to work on /home/airflow/.local/lib/python3.6/site-packages/airflow/example_dags/example_latest_only.py
[2023-03-21 11:32:55,038] {scheduler_job.py:629} INFO - Processing file /home/airflow/.local/lib/python3.6/site-packages/airflow/example_dags/example_latest_only.py for tasks to queue
[2023-03-21 11:32:55,040] {logging_mixin.py:104} INFO - [2023-03-21 11:32:55,039] {dagbag.py:451} INFO - Filling up the DagBag from /home/airflow/.local/lib/python3.6/site-packages/airflow/example_dags/example_latest_only.py
[2023-03-21 11:32:55,052] {scheduler_job.py:639} INFO - DAG(s) dict_keys(['latest_only']) retrieved from /home/airflow/.local/lib/python3.6/site-packages/airflow/example_dags/example_latest_only.py
[2023-03-21 11:32:55,079] {logging_mixin.py:104} INFO - [2023-03-21 11:32:55,079] {dag.py:1824} INFO - Sync 1 DAGs
[2023-03-21 11:32:55,096] {logging_mixin.py:104} INFO - [2023-03-21 11:32:55,096] {dag.py:2280} INFO - Setting next_dagrun for latest_only to 2023-03-19 00:00:00+00:00
[2023-03-21 11:32:55,106] {scheduler_job.py:190} INFO - Processing /home/airflow/.local/lib/python3.6/site-packages/airflow/example_dags/example_latest_only.py took 0.074 seconds
[2023-03-21 11:33:25,713] {scheduler_job.py:182} INFO - Started process (PID=161) to work on /home/airflow/.local/lib/python3.6/site-packages/airflow/example_dags/example_latest_only.py
[2023-03-21 11:33:25,715] {scheduler_job.py:629} INFO - Processing file /home/airflow/.local/lib/python3.6/site-packages/airflow/example_dags/example_latest_only.py for tasks to queue
[2023-03-21 11:33:25,717] {logging_mixin.py:104} INFO - [2023-03-21 11:33:25,717] {dagbag.py:451} INFO - Filling up the DagBag from /home/airflow/.local/lib/python3.6/site-packages/airflow/example_dags/example_latest_only.py
[2023-03-21 11:33:25,736] {scheduler_job.py:639} INFO - DAG(s) dict_keys(['latest_only']) retrieved from /home/airflow/.local/lib/python3.6/site-packages/airflow/example_dags/example_latest_only.py
[2023-03-21 11:33:25,764] {logging_mixin.py:104} INFO - [2023-03-21 11:33:25,764] {dag.py:1824} INFO - Sync 1 DAGs
[2023-03-21 11:33:25,784] {logging_mixin.py:104} INFO - [2023-03-21 11:33:25,784] {dag.py:2280} INFO - Setting next_dagrun for latest_only to 2023-03-19 00:00:00+00:00
[2023-03-21 11:33:25,793] {scheduler_job.py:190} INFO - Processing /home/airflow/.local/lib/python3.6/site-packages/airflow/example_dags/example_latest_only.py took 0.087 seconds
[2023-03-21 11:33:57,573] {scheduler_job.py:182} INFO - Started process (PID=195) to work on /home/airflow/.local/lib/python3.6/site-packages/airflow/example_dags/example_latest_only.py
[2023-03-21 11:33:57,575] {scheduler_job.py:629} INFO - Processing file /home/airflow/.local/lib/python3.6/site-packages/airflow/example_dags/example_latest_only.py for tasks to queue
[2023-03-21 11:33:57,578] {logging_mixin.py:104} INFO - [2023-03-21 11:33:57,578] {dagbag.py:451} INFO - Filling up the DagBag from /home/airflow/.local/lib/python3.6/site-packages/airflow/example_dags/example_latest_only.py
[2023-03-21 11:33:57,603] {scheduler_job.py:639} INFO - DAG(s) dict_keys(['latest_only']) retrieved from /home/airflow/.local/lib/python3.6/site-packages/airflow/example_dags/example_latest_only.py
[2023-03-21 11:33:57,644] {logging_mixin.py:104} INFO - [2023-03-21 11:33:57,644] {dag.py:1824} INFO - Sync 1 DAGs
[2023-03-21 11:33:57,701] {logging_mixin.py:104} INFO - [2023-03-21 11:33:57,701] {dag.py:2280} INFO - Setting next_dagrun for latest_only to 2023-03-19 00:00:00+00:00
[2023-03-21 11:33:57,723] {scheduler_job.py:190} INFO - Processing /home/airflow/.local/lib/python3.6/site-packages/airflow/example_dags/example_latest_only.py took 0.154 seconds
[2023-03-21 11:34:28,833] {scheduler_job.py:182} INFO - Started process (PID=217) to work on /home/airflow/.local/lib/python3.6/site-packages/airflow/example_dags/example_latest_only.py
[2023-03-21 11:34:28,836] {scheduler_job.py:629} INFO - Processing file /home/airflow/.local/lib/python3.6/site-packages/airflow/example_dags/example_latest_only.py for tasks to queue
[2023-03-21 11:34:28,839] {logging_mixin.py:104} INFO - [2023-03-21 11:34:28,838] {dagbag.py:451} INFO - Filling up the DagBag from /home/airflow/.local/lib/python3.6/site-packages/airflow/example_dags/example_latest_only.py
[2023-03-21 11:34:28,854] {scheduler_job.py:639} INFO - DAG(s) dict_keys(['latest_only']) retrieved from /home/airflow/.local/lib/python3.6/site-packages/airflow/example_dags/example_latest_only.py
[2023-03-21 11:34:28,884] {logging_mixin.py:104} INFO - [2023-03-21 11:34:28,884] {dag.py:1824} INFO - Sync 1 DAGs
[2023-03-21 11:34:28,900] {logging_mixin.py:104} INFO - [2023-03-21 11:34:28,900] {dag.py:2280} INFO - Setting next_dagrun for latest_only to 2023-03-19 00:00:00+00:00
[2023-03-21 11:34:28,913] {scheduler_job.py:190} INFO - Processing /home/airflow/.local/lib/python3.6/site-packages/airflow/example_dags/example_latest_only.py took 0.083 seconds
[2023-03-21 11:35:00,004] {scheduler_job.py:182} INFO - Started process (PID=243) to work on /home/airflow/.local/lib/python3.6/site-packages/airflow/example_dags/example_latest_only.py
[2023-03-21 11:35:00,008] {scheduler_job.py:629} INFO - Processing file /home/airflow/.local/lib/python3.6/site-packages/airflow/example_dags/example_latest_only.py for tasks to queue
[2023-03-21 11:35:00,014] {logging_mixin.py:104} INFO - [2023-03-21 11:35:00,014] {dagbag.py:451} INFO - Filling up the DagBag from /home/airflow/.local/lib/python3.6/site-packages/airflow/example_dags/example_latest_only.py
[2023-03-21 11:35:00,044] {scheduler_job.py:639} INFO - DAG(s) dict_keys(['latest_only']) retrieved from /home/airflow/.local/lib/python3.6/site-packages/airflow/example_dags/example_latest_only.py
[2023-03-21 11:35:00,103] {logging_mixin.py:104} INFO - [2023-03-21 11:35:00,103] {dag.py:1824} INFO - Sync 1 DAGs
[2023-03-21 11:35:00,117] {logging_mixin.py:104} INFO - [2023-03-21 11:35:00,117] {dag.py:2280} INFO - Setting next_dagrun for latest_only to 2023-03-19 00:00:00+00:00
[2023-03-21 11:35:00,125] {scheduler_job.py:190} INFO - Processing /home/airflow/.local/lib/python3.6/site-packages/airflow/example_dags/example_latest_only.py took 0.126 seconds
[2023-03-21 11:35:30,347] {scheduler_job.py:182} INFO - Started process (PID=271) to work on /home/airflow/.local/lib/python3.6/site-packages/airflow/example_dags/example_latest_only.py
[2023-03-21 11:35:30,349] {scheduler_job.py:629} INFO - Processing file /home/airflow/.local/lib/python3.6/site-packages/airflow/example_dags/example_latest_only.py for tasks to queue
[2023-03-21 11:35:30,350] {logging_mixin.py:104} INFO - [2023-03-21 11:35:30,349] {dagbag.py:451} INFO - Filling up the DagBag from /home/airflow/.local/lib/python3.6/site-packages/airflow/example_dags/example_latest_only.py
[2023-03-21 11:35:30,360] {scheduler_job.py:639} INFO - DAG(s) dict_keys(['latest_only']) retrieved from /home/airflow/.local/lib/python3.6/site-packages/airflow/example_dags/example_latest_only.py
[2023-03-21 11:35:30,403] {logging_mixin.py:104} INFO - [2023-03-21 11:35:30,403] {dag.py:1824} INFO - Sync 1 DAGs
[2023-03-21 11:35:30,420] {logging_mixin.py:104} INFO - [2023-03-21 11:35:30,420] {dag.py:2280} INFO - Setting next_dagrun for latest_only to 2023-03-19 00:00:00+00:00
[2023-03-21 11:35:30,429] {scheduler_job.py:190} INFO - Processing /home/airflow/.local/lib/python3.6/site-packages/airflow/example_dags/example_latest_only.py took 0.085 seconds
[2023-03-21 11:36:00,848] {scheduler_job.py:182} INFO - Started process (PID=293) to work on /home/airflow/.local/lib/python3.6/site-packages/airflow/example_dags/example_latest_only.py
[2023-03-21 11:36:00,851] {scheduler_job.py:629} INFO - Processing file /home/airflow/.local/lib/python3.6/site-packages/airflow/example_dags/example_latest_only.py for tasks to queue
[2023-03-21 11:36:00,853] {logging_mixin.py:104} INFO - [2023-03-21 11:36:00,853] {dagbag.py:451} INFO - Filling up the DagBag from /home/airflow/.local/lib/python3.6/site-packages/airflow/example_dags/example_latest_only.py
[2023-03-21 11:36:00,871] {scheduler_job.py:639} INFO - DAG(s) dict_keys(['latest_only']) retrieved from /home/airflow/.local/lib/python3.6/site-packages/airflow/example_dags/example_latest_only.py
[2023-03-21 11:36:00,899] {logging_mixin.py:104} INFO - [2023-03-21 11:36:00,899] {dag.py:1824} INFO - Sync 1 DAGs
[2023-03-21 11:36:00,910] {logging_mixin.py:104} INFO - [2023-03-21 11:36:00,910] {dag.py:2280} INFO - Setting next_dagrun for latest_only to 2023-03-19 00:00:00+00:00
[2023-03-21 11:36:00,917] {scheduler_job.py:190} INFO - Processing /home/airflow/.local/lib/python3.6/site-packages/airflow/example_dags/example_latest_only.py took 0.075 seconds
[2023-03-21 11:36:31,408] {scheduler_job.py:182} INFO - Started process (PID=322) to work on /home/airflow/.local/lib/python3.6/site-packages/airflow/example_dags/example_latest_only.py
[2023-03-21 11:36:31,409] {scheduler_job.py:629} INFO - Processing file /home/airflow/.local/lib/python3.6/site-packages/airflow/example_dags/example_latest_only.py for tasks to queue
[2023-03-21 11:36:31,410] {logging_mixin.py:104} INFO - [2023-03-21 11:36:31,410] {dagbag.py:451} INFO - Filling up the DagBag from /home/airflow/.local/lib/python3.6/site-packages/airflow/example_dags/example_latest_only.py
[2023-03-21 11:36:31,423] {scheduler_job.py:639} INFO - DAG(s) dict_keys(['latest_only']) retrieved from /home/airflow/.local/lib/python3.6/site-packages/airflow/example_dags/example_latest_only.py
[2023-03-21 11:36:31,442] {logging_mixin.py:104} INFO - [2023-03-21 11:36:31,442] {dag.py:1824} INFO - Sync 1 DAGs
[2023-03-21 11:36:31,452] {logging_mixin.py:104} INFO - [2023-03-21 11:36:31,452] {dag.py:2280} INFO - Setting next_dagrun for latest_only to 2023-03-19 00:00:00+00:00
[2023-03-21 11:36:31,458] {scheduler_job.py:190} INFO - Processing /home/airflow/.local/lib/python3.6/site-packages/airflow/example_dags/example_latest_only.py took 0.053 seconds
[2023-03-21 11:37:01,729] {scheduler_job.py:182} INFO - Started process (PID=345) to work on /home/airflow/.local/lib/python3.6/site-packages/airflow/example_dags/example_latest_only.py
[2023-03-21 11:37:01,733] {scheduler_job.py:629} INFO - Processing file /home/airflow/.local/lib/python3.6/site-packages/airflow/example_dags/example_latest_only.py for tasks to queue
[2023-03-21 11:37:01,735] {logging_mixin.py:104} INFO - [2023-03-21 11:37:01,735] {dagbag.py:451} INFO - Filling up the DagBag from /home/airflow/.local/lib/python3.6/site-packages/airflow/example_dags/example_latest_only.py
[2023-03-21 11:37:01,760] {scheduler_job.py:639} INFO - DAG(s) dict_keys(['latest_only']) retrieved from /home/airflow/.local/lib/python3.6/site-packages/airflow/example_dags/example_latest_only.py
[2023-03-21 11:37:01,783] {logging_mixin.py:104} INFO - [2023-03-21 11:37:01,783] {dag.py:1824} INFO - Sync 1 DAGs
[2023-03-21 11:37:01,795] {logging_mixin.py:104} INFO - [2023-03-21 11:37:01,795] {dag.py:2280} INFO - Setting next_dagrun for latest_only to 2023-03-19 00:00:00+00:00
[2023-03-21 11:37:01,803] {scheduler_job.py:190} INFO - Processing /home/airflow/.local/lib/python3.6/site-packages/airflow/example_dags/example_latest_only.py took 0.082 seconds
[2023-03-21 11:37:32,303] {scheduler_job.py:182} INFO - Started process (PID=374) to work on /home/airflow/.local/lib/python3.6/site-packages/airflow/example_dags/example_latest_only.py
[2023-03-21 11:37:32,304] {scheduler_job.py:629} INFO - Processing file /home/airflow/.local/lib/python3.6/site-packages/airflow/example_dags/example_latest_only.py for tasks to queue
[2023-03-21 11:37:32,305] {logging_mixin.py:104} INFO - [2023-03-21 11:37:32,305] {dagbag.py:451} INFO - Filling up the DagBag from /home/airflow/.local/lib/python3.6/site-packages/airflow/example_dags/example_latest_only.py
[2023-03-21 11:37:32,318] {scheduler_job.py:639} INFO - DAG(s) dict_keys(['latest_only']) retrieved from /home/airflow/.local/lib/python3.6/site-packages/airflow/example_dags/example_latest_only.py
[2023-03-21 11:37:32,337] {logging_mixin.py:104} INFO - [2023-03-21 11:37:32,337] {dag.py:1824} INFO - Sync 1 DAGs
[2023-03-21 11:37:32,348] {logging_mixin.py:104} INFO - [2023-03-21 11:37:32,348] {dag.py:2280} INFO - Setting next_dagrun for latest_only to 2023-03-19 00:00:00+00:00
[2023-03-21 11:37:32,355] {scheduler_job.py:190} INFO - Processing /home/airflow/.local/lib/python3.6/site-packages/airflow/example_dags/example_latest_only.py took 0.055 seconds
[2023-03-21 11:38:02,614] {scheduler_job.py:182} INFO - Started process (PID=397) to work on /home/airflow/.local/lib/python3.6/site-packages/airflow/example_dags/example_latest_only.py
[2023-03-21 11:38:02,618] {scheduler_job.py:629} INFO - Processing file /home/airflow/.local/lib/python3.6/site-packages/airflow/example_dags/example_latest_only.py for tasks to queue
[2023-03-21 11:38:02,621] {logging_mixin.py:104} INFO - [2023-03-21 11:38:02,620] {dagbag.py:451} INFO - Filling up the DagBag from /home/airflow/.local/lib/python3.6/site-packages/airflow/example_dags/example_latest_only.py
[2023-03-21 11:38:02,643] {scheduler_job.py:639} INFO - DAG(s) dict_keys(['latest_only']) retrieved from /home/airflow/.local/lib/python3.6/site-packages/airflow/example_dags/example_latest_only.py
[2023-03-21 11:38:02,666] {logging_mixin.py:104} INFO - [2023-03-21 11:38:02,666] {dag.py:1824} INFO - Sync 1 DAGs
[2023-03-21 11:38:02,676] {logging_mixin.py:104} INFO - [2023-03-21 11:38:02,676] {dag.py:2280} INFO - Setting next_dagrun for latest_only to 2023-03-19 00:00:00+00:00
[2023-03-21 11:38:02,683] {scheduler_job.py:190} INFO - Processing /home/airflow/.local/lib/python3.6/site-packages/airflow/example_dags/example_latest_only.py took 0.077 seconds
[2023-03-21 11:38:33,153] {scheduler_job.py:182} INFO - Started process (PID=423) to work on /home/airflow/.local/lib/python3.6/site-packages/airflow/example_dags/example_latest_only.py
[2023-03-21 11:38:33,155] {scheduler_job.py:629} INFO - Processing file /home/airflow/.local/lib/python3.6/site-packages/airflow/example_dags/example_latest_only.py for tasks to queue
[2023-03-21 11:38:33,157] {logging_mixin.py:104} INFO - [2023-03-21 11:38:33,157] {dagbag.py:451} INFO - Filling up the DagBag from /home/airflow/.local/lib/python3.6/site-packages/airflow/example_dags/example_latest_only.py
[2023-03-21 11:38:33,181] {scheduler_job.py:639} INFO - DAG(s) dict_keys(['latest_only']) retrieved from /home/airflow/.local/lib/python3.6/site-packages/airflow/example_dags/example_latest_only.py
[2023-03-21 11:38:33,205] {logging_mixin.py:104} INFO - [2023-03-21 11:38:33,204] {dag.py:1824} INFO - Sync 1 DAGs
[2023-03-21 11:38:33,215] {logging_mixin.py:104} INFO - [2023-03-21 11:38:33,215] {dag.py:2280} INFO - Setting next_dagrun for latest_only to 2023-03-19 00:00:00+00:00
[2023-03-21 11:38:33,222] {scheduler_job.py:190} INFO - Processing /home/airflow/.local/lib/python3.6/site-packages/airflow/example_dags/example_latest_only.py took 0.077 seconds
[2023-03-21 11:39:03,601] {scheduler_job.py:182} INFO - Started process (PID=449) to work on /home/airflow/.local/lib/python3.6/site-packages/airflow/example_dags/example_latest_only.py
[2023-03-21 11:39:03,605] {scheduler_job.py:629} INFO - Processing file /home/airflow/.local/lib/python3.6/site-packages/airflow/example_dags/example_latest_only.py for tasks to queue
[2023-03-21 11:39:03,607] {logging_mixin.py:104} INFO - [2023-03-21 11:39:03,607] {dagbag.py:451} INFO - Filling up the DagBag from /home/airflow/.local/lib/python3.6/site-packages/airflow/example_dags/example_latest_only.py
[2023-03-21 11:39:03,629] {scheduler_job.py:639} INFO - DAG(s) dict_keys(['latest_only']) retrieved from /home/airflow/.local/lib/python3.6/site-packages/airflow/example_dags/example_latest_only.py
[2023-03-21 11:39:03,656] {logging_mixin.py:104} INFO - [2023-03-21 11:39:03,656] {dag.py:1824} INFO - Sync 1 DAGs
[2023-03-21 11:39:03,669] {logging_mixin.py:104} INFO - [2023-03-21 11:39:03,669] {dag.py:2280} INFO - Setting next_dagrun for latest_only to 2023-03-19 00:00:00+00:00
[2023-03-21 11:39:03,677] {scheduler_job.py:190} INFO - Processing /home/airflow/.local/lib/python3.6/site-packages/airflow/example_dags/example_latest_only.py took 0.085 seconds
[2023-03-21 11:39:34,188] {scheduler_job.py:182} INFO - Started process (PID=475) to work on /home/airflow/.local/lib/python3.6/site-packages/airflow/example_dags/example_latest_only.py
[2023-03-21 11:39:34,191] {scheduler_job.py:629} INFO - Processing file /home/airflow/.local/lib/python3.6/site-packages/airflow/example_dags/example_latest_only.py for tasks to queue
[2023-03-21 11:39:34,193] {logging_mixin.py:104} INFO - [2023-03-21 11:39:34,193] {dagbag.py:451} INFO - Filling up the DagBag from /home/airflow/.local/lib/python3.6/site-packages/airflow/example_dags/example_latest_only.py
[2023-03-21 11:39:34,210] {scheduler_job.py:639} INFO - DAG(s) dict_keys(['latest_only']) retrieved from /home/airflow/.local/lib/python3.6/site-packages/airflow/example_dags/example_latest_only.py
[2023-03-21 11:39:34,236] {logging_mixin.py:104} INFO - [2023-03-21 11:39:34,236] {dag.py:1824} INFO - Sync 1 DAGs
[2023-03-21 11:39:34,248] {logging_mixin.py:104} INFO - [2023-03-21 11:39:34,248] {dag.py:2280} INFO - Setting next_dagrun for latest_only to 2023-03-19 00:00:00+00:00
[2023-03-21 11:39:34,257] {scheduler_job.py:190} INFO - Processing /home/airflow/.local/lib/python3.6/site-packages/airflow/example_dags/example_latest_only.py took 0.076 seconds
[2023-03-21 11:40:04,753] {scheduler_job.py:182} INFO - Started process (PID=501) to work on /home/airflow/.local/lib/python3.6/site-packages/airflow/example_dags/example_latest_only.py
[2023-03-21 11:40:04,756] {scheduler_job.py:629} INFO - Processing file /home/airflow/.local/lib/python3.6/site-packages/airflow/example_dags/example_latest_only.py for tasks to queue
[2023-03-21 11:40:04,758] {logging_mixin.py:104} INFO - [2023-03-21 11:40:04,758] {dagbag.py:451} INFO - Filling up the DagBag from /home/airflow/.local/lib/python3.6/site-packages/airflow/example_dags/example_latest_only.py
[2023-03-21 11:40:04,776] {scheduler_job.py:639} INFO - DAG(s) dict_keys(['latest_only']) retrieved from /home/airflow/.local/lib/python3.6/site-packages/airflow/example_dags/example_latest_only.py
[2023-03-21 11:40:04,801] {logging_mixin.py:104} INFO - [2023-03-21 11:40:04,801] {dag.py:1824} INFO - Sync 1 DAGs
[2023-03-21 11:40:04,814] {logging_mixin.py:104} INFO - [2023-03-21 11:40:04,814] {dag.py:2280} INFO - Setting next_dagrun for latest_only to 2023-03-19 00:00:00+00:00
[2023-03-21 11:40:04,824] {scheduler_job.py:190} INFO - Processing /home/airflow/.local/lib/python3.6/site-packages/airflow/example_dags/example_latest_only.py took 0.080 seconds
[2023-03-21 11:40:35,242] {scheduler_job.py:182} INFO - Started process (PID=527) to work on /home/airflow/.local/lib/python3.6/site-packages/airflow/example_dags/example_latest_only.py
[2023-03-21 11:40:35,245] {scheduler_job.py:629} INFO - Processing file /home/airflow/.local/lib/python3.6/site-packages/airflow/example_dags/example_latest_only.py for tasks to queue
[2023-03-21 11:40:35,248] {logging_mixin.py:104} INFO - [2023-03-21 11:40:35,247] {dagbag.py:451} INFO - Filling up the DagBag from /home/airflow/.local/lib/python3.6/site-packages/airflow/example_dags/example_latest_only.py
[2023-03-21 11:40:35,267] {scheduler_job.py:639} INFO - DAG(s) dict_keys(['latest_only']) retrieved from /home/airflow/.local/lib/python3.6/site-packages/airflow/example_dags/example_latest_only.py
[2023-03-21 11:40:35,294] {logging_mixin.py:104} INFO - [2023-03-21 11:40:35,294] {dag.py:1824} INFO - Sync 1 DAGs
[2023-03-21 11:40:35,307] {logging_mixin.py:104} INFO - [2023-03-21 11:40:35,307] {dag.py:2280} INFO - Setting next_dagrun for latest_only to 2023-03-19 00:00:00+00:00
[2023-03-21 11:40:35,314] {scheduler_job.py:190} INFO - Processing /home/airflow/.local/lib/python3.6/site-packages/airflow/example_dags/example_latest_only.py took 0.080 seconds
[2023-03-21 11:41:05,820] {scheduler_job.py:182} INFO - Started process (PID=556) to work on /home/airflow/.local/lib/python3.6/site-packages/airflow/example_dags/example_latest_only.py
[2023-03-21 11:41:05,822] {scheduler_job.py:629} INFO - Processing file /home/airflow/.local/lib/python3.6/site-packages/airflow/example_dags/example_latest_only.py for tasks to queue
[2023-03-21 11:41:05,823] {logging_mixin.py:104} INFO - [2023-03-21 11:41:05,823] {dagbag.py:451} INFO - Filling up the DagBag from /home/airflow/.local/lib/python3.6/site-packages/airflow/example_dags/example_latest_only.py
[2023-03-21 11:41:05,832] {scheduler_job.py:639} INFO - DAG(s) dict_keys(['latest_only']) retrieved from /home/airflow/.local/lib/python3.6/site-packages/airflow/example_dags/example_latest_only.py
[2023-03-21 11:41:05,852] {logging_mixin.py:104} INFO - [2023-03-21 11:41:05,851] {dag.py:1824} INFO - Sync 1 DAGs
[2023-03-21 11:41:05,863] {logging_mixin.py:104} INFO - [2023-03-21 11:41:05,862] {dag.py:2280} INFO - Setting next_dagrun for latest_only to 2023-03-19 00:00:00+00:00
[2023-03-21 11:41:05,870] {scheduler_job.py:190} INFO - Processing /home/airflow/.local/lib/python3.6/site-packages/airflow/example_dags/example_latest_only.py took 0.052 seconds
[2023-03-21 11:41:36,373] {scheduler_job.py:182} INFO - Started process (PID=581) to work on /home/airflow/.local/lib/python3.6/site-packages/airflow/example_dags/example_latest_only.py
[2023-03-21 11:41:36,375] {scheduler_job.py:629} INFO - Processing file /home/airflow/.local/lib/python3.6/site-packages/airflow/example_dags/example_latest_only.py for tasks to queue
[2023-03-21 11:41:36,375] {logging_mixin.py:104} INFO - [2023-03-21 11:41:36,375] {dagbag.py:451} INFO - Filling up the DagBag from /home/airflow/.local/lib/python3.6/site-packages/airflow/example_dags/example_latest_only.py
[2023-03-21 11:41:36,385] {scheduler_job.py:639} INFO - DAG(s) dict_keys(['latest_only']) retrieved from /home/airflow/.local/lib/python3.6/site-packages/airflow/example_dags/example_latest_only.py
[2023-03-21 11:41:36,404] {logging_mixin.py:104} INFO - [2023-03-21 11:41:36,404] {dag.py:1824} INFO - Sync 1 DAGs
[2023-03-21 11:41:36,414] {logging_mixin.py:104} INFO - [2023-03-21 11:41:36,414] {dag.py:2280} INFO - Setting next_dagrun for latest_only to 2023-03-19 00:00:00+00:00
[2023-03-21 11:41:36,420] {scheduler_job.py:190} INFO - Processing /home/airflow/.local/lib/python3.6/site-packages/airflow/example_dags/example_latest_only.py took 0.050 seconds
[2023-03-21 11:42:06,793] {scheduler_job.py:182} INFO - Started process (PID=605) to work on /home/airflow/.local/lib/python3.6/site-packages/airflow/example_dags/example_latest_only.py
[2023-03-21 11:42:06,796] {scheduler_job.py:629} INFO - Processing file /home/airflow/.local/lib/python3.6/site-packages/airflow/example_dags/example_latest_only.py for tasks to queue
[2023-03-21 11:42:06,798] {logging_mixin.py:104} INFO - [2023-03-21 11:42:06,797] {dagbag.py:451} INFO - Filling up the DagBag from /home/airflow/.local/lib/python3.6/site-packages/airflow/example_dags/example_latest_only.py
[2023-03-21 11:42:06,815] {scheduler_job.py:639} INFO - DAG(s) dict_keys(['latest_only']) retrieved from /home/airflow/.local/lib/python3.6/site-packages/airflow/example_dags/example_latest_only.py
[2023-03-21 11:42:06,840] {logging_mixin.py:104} INFO - [2023-03-21 11:42:06,840] {dag.py:1824} INFO - Sync 1 DAGs
[2023-03-21 11:42:06,853] {logging_mixin.py:104} INFO - [2023-03-21 11:42:06,852] {dag.py:2280} INFO - Setting next_dagrun for latest_only to 2023-03-19 00:00:00+00:00
[2023-03-21 11:42:06,860] {scheduler_job.py:190} INFO - Processing /home/airflow/.local/lib/python3.6/site-packages/airflow/example_dags/example_latest_only.py took 0.074 seconds
[2023-03-21 11:42:37,277] {scheduler_job.py:182} INFO - Started process (PID=631) to work on /home/airflow/.local/lib/python3.6/site-packages/airflow/example_dags/example_latest_only.py
[2023-03-21 11:42:37,281] {scheduler_job.py:629} INFO - Processing file /home/airflow/.local/lib/python3.6/site-packages/airflow/example_dags/example_latest_only.py for tasks to queue
[2023-03-21 11:42:37,283] {logging_mixin.py:104} INFO - [2023-03-21 11:42:37,283] {dagbag.py:451} INFO - Filling up the DagBag from /home/airflow/.local/lib/python3.6/site-packages/airflow/example_dags/example_latest_only.py
[2023-03-21 11:42:37,303] {scheduler_job.py:639} INFO - DAG(s) dict_keys(['latest_only']) retrieved from /home/airflow/.local/lib/python3.6/site-packages/airflow/example_dags/example_latest_only.py
[2023-03-21 11:42:37,333] {logging_mixin.py:104} INFO - [2023-03-21 11:42:37,333] {dag.py:1824} INFO - Sync 1 DAGs
[2023-03-21 11:42:37,346] {logging_mixin.py:104} INFO - [2023-03-21 11:42:37,346] {dag.py:2280} INFO - Setting next_dagrun for latest_only to 2023-03-19 00:00:00+00:00
[2023-03-21 11:42:37,355] {scheduler_job.py:190} INFO - Processing /home/airflow/.local/lib/python3.6/site-packages/airflow/example_dags/example_latest_only.py took 0.088 seconds
[2023-03-21 11:43:07,733] {scheduler_job.py:182} INFO - Started process (PID=657) to work on /home/airflow/.local/lib/python3.6/site-packages/airflow/example_dags/example_latest_only.py
[2023-03-21 11:43:07,735] {scheduler_job.py:629} INFO - Processing file /home/airflow/.local/lib/python3.6/site-packages/airflow/example_dags/example_latest_only.py for tasks to queue
[2023-03-21 11:43:07,737] {logging_mixin.py:104} INFO - [2023-03-21 11:43:07,737] {dagbag.py:451} INFO - Filling up the DagBag from /home/airflow/.local/lib/python3.6/site-packages/airflow/example_dags/example_latest_only.py
[2023-03-21 11:43:07,755] {scheduler_job.py:639} INFO - DAG(s) dict_keys(['latest_only']) retrieved from /home/airflow/.local/lib/python3.6/site-packages/airflow/example_dags/example_latest_only.py
[2023-03-21 11:43:07,780] {logging_mixin.py:104} INFO - [2023-03-21 11:43:07,780] {dag.py:1824} INFO - Sync 1 DAGs
[2023-03-21 11:43:07,791] {logging_mixin.py:104} INFO - [2023-03-21 11:43:07,791] {dag.py:2280} INFO - Setting next_dagrun for latest_only to 2023-03-19 00:00:00+00:00
[2023-03-21 11:43:07,799] {scheduler_job.py:190} INFO - Processing /home/airflow/.local/lib/python3.6/site-packages/airflow/example_dags/example_latest_only.py took 0.072 seconds
[2023-03-21 11:43:38,225] {scheduler_job.py:182} INFO - Started process (PID=686) to work on /home/airflow/.local/lib/python3.6/site-packages/airflow/example_dags/example_latest_only.py
[2023-03-21 11:43:38,227] {scheduler_job.py:629} INFO - Processing file /home/airflow/.local/lib/python3.6/site-packages/airflow/example_dags/example_latest_only.py for tasks to queue
[2023-03-21 11:43:38,228] {logging_mixin.py:104} INFO - [2023-03-21 11:43:38,228] {dagbag.py:451} INFO - Filling up the DagBag from /home/airflow/.local/lib/python3.6/site-packages/airflow/example_dags/example_latest_only.py
[2023-03-21 11:43:38,237] {scheduler_job.py:639} INFO - DAG(s) dict_keys(['latest_only']) retrieved from /home/airflow/.local/lib/python3.6/site-packages/airflow/example_dags/example_latest_only.py
[2023-03-21 11:43:38,256] {logging_mixin.py:104} INFO - [2023-03-21 11:43:38,256] {dag.py:1824} INFO - Sync 1 DAGs
[2023-03-21 11:43:38,267] {logging_mixin.py:104} INFO - [2023-03-21 11:43:38,267] {dag.py:2280} INFO - Setting next_dagrun for latest_only to 2023-03-19 00:00:00+00:00
[2023-03-21 11:43:38,274] {scheduler_job.py:190} INFO - Processing /home/airflow/.local/lib/python3.6/site-packages/airflow/example_dags/example_latest_only.py took 0.052 seconds
[2023-03-21 11:44:08,531] {scheduler_job.py:182} INFO - Started process (PID=709) to work on /home/airflow/.local/lib/python3.6/site-packages/airflow/example_dags/example_latest_only.py
[2023-03-21 11:44:08,535] {scheduler_job.py:629} INFO - Processing file /home/airflow/.local/lib/python3.6/site-packages/airflow/example_dags/example_latest_only.py for tasks to queue
[2023-03-21 11:44:08,537] {logging_mixin.py:104} INFO - [2023-03-21 11:44:08,537] {dagbag.py:451} INFO - Filling up the DagBag from /home/airflow/.local/lib/python3.6/site-packages/airflow/example_dags/example_latest_only.py
[2023-03-21 11:44:08,558] {scheduler_job.py:639} INFO - DAG(s) dict_keys(['latest_only']) retrieved from /home/airflow/.local/lib/python3.6/site-packages/airflow/example_dags/example_latest_only.py
[2023-03-21 11:44:08,585] {logging_mixin.py:104} INFO - [2023-03-21 11:44:08,585] {dag.py:1824} INFO - Sync 1 DAGs
[2023-03-21 11:44:08,598] {logging_mixin.py:104} INFO - [2023-03-21 11:44:08,598] {dag.py:2280} INFO - Setting next_dagrun for latest_only to 2023-03-19 00:00:00+00:00
[2023-03-21 11:44:08,606] {scheduler_job.py:190} INFO - Processing /home/airflow/.local/lib/python3.6/site-packages/airflow/example_dags/example_latest_only.py took 0.084 seconds
[2023-03-21 11:44:39,065] {scheduler_job.py:182} INFO - Started process (PID=738) to work on /home/airflow/.local/lib/python3.6/site-packages/airflow/example_dags/example_latest_only.py
[2023-03-21 11:44:39,067] {scheduler_job.py:629} INFO - Processing file /home/airflow/.local/lib/python3.6/site-packages/airflow/example_dags/example_latest_only.py for tasks to queue
[2023-03-21 11:44:39,068] {logging_mixin.py:104} INFO - [2023-03-21 11:44:39,068] {dagbag.py:451} INFO - Filling up the DagBag from /home/airflow/.local/lib/python3.6/site-packages/airflow/example_dags/example_latest_only.py
[2023-03-21 11:44:39,077] {scheduler_job.py:639} INFO - DAG(s) dict_keys(['latest_only']) retrieved from /home/airflow/.local/lib/python3.6/site-packages/airflow/example_dags/example_latest_only.py
[2023-03-21 11:44:39,097] {logging_mixin.py:104} INFO - [2023-03-21 11:44:39,097] {dag.py:1824} INFO - Sync 1 DAGs
[2023-03-21 11:44:39,108] {logging_mixin.py:104} INFO - [2023-03-21 11:44:39,107] {dag.py:2280} INFO - Setting next_dagrun for latest_only to 2023-03-19 00:00:00+00:00
[2023-03-21 11:44:39,114] {scheduler_job.py:190} INFO - Processing /home/airflow/.local/lib/python3.6/site-packages/airflow/example_dags/example_latest_only.py took 0.052 seconds
[2023-03-21 11:45:09,411] {scheduler_job.py:182} INFO - Started process (PID=761) to work on /home/airflow/.local/lib/python3.6/site-packages/airflow/example_dags/example_latest_only.py
[2023-03-21 11:45:09,414] {scheduler_job.py:629} INFO - Processing file /home/airflow/.local/lib/python3.6/site-packages/airflow/example_dags/example_latest_only.py for tasks to queue
[2023-03-21 11:45:09,417] {logging_mixin.py:104} INFO - [2023-03-21 11:45:09,417] {dagbag.py:451} INFO - Filling up the DagBag from /home/airflow/.local/lib/python3.6/site-packages/airflow/example_dags/example_latest_only.py
[2023-03-21 11:45:09,450] {scheduler_job.py:639} INFO - DAG(s) dict_keys(['latest_only']) retrieved from /home/airflow/.local/lib/python3.6/site-packages/airflow/example_dags/example_latest_only.py
[2023-03-21 11:45:09,530] {logging_mixin.py:104} INFO - [2023-03-21 11:45:09,529] {dag.py:1824} INFO - Sync 1 DAGs
[2023-03-21 11:45:09,583] {logging_mixin.py:104} INFO - [2023-03-21 11:45:09,582] {dag.py:2280} INFO - Setting next_dagrun for latest_only to 2023-03-19 00:00:00+00:00
[2023-03-21 11:45:09,603] {scheduler_job.py:190} INFO - Processing /home/airflow/.local/lib/python3.6/site-packages/airflow/example_dags/example_latest_only.py took 0.209 seconds
[2023-03-21 11:45:40,252] {scheduler_job.py:182} INFO - Started process (PID=787) to work on /home/airflow/.local/lib/python3.6/site-packages/airflow/example_dags/example_latest_only.py
[2023-03-21 11:45:40,255] {scheduler_job.py:629} INFO - Processing file /home/airflow/.local/lib/python3.6/site-packages/airflow/example_dags/example_latest_only.py for tasks to queue
[2023-03-21 11:45:40,257] {logging_mixin.py:104} INFO - [2023-03-21 11:45:40,257] {dagbag.py:451} INFO - Filling up the DagBag from /home/airflow/.local/lib/python3.6/site-packages/airflow/example_dags/example_latest_only.py
[2023-03-21 11:45:40,275] {scheduler_job.py:639} INFO - DAG(s) dict_keys(['latest_only']) retrieved from /home/airflow/.local/lib/python3.6/site-packages/airflow/example_dags/example_latest_only.py
[2023-03-21 11:45:40,300] {logging_mixin.py:104} INFO - [2023-03-21 11:45:40,300] {dag.py:1824} INFO - Sync 1 DAGs
[2023-03-21 11:45:40,311] {logging_mixin.py:104} INFO - [2023-03-21 11:45:40,311] {dag.py:2280} INFO - Setting next_dagrun for latest_only to 2023-03-19 00:00:00+00:00
[2023-03-21 11:45:40,318] {scheduler_job.py:190} INFO - Processing /home/airflow/.local/lib/python3.6/site-packages/airflow/example_dags/example_latest_only.py took 0.075 seconds
[2023-03-21 11:46:10,717] {scheduler_job.py:182} INFO - Started process (PID=813) to work on /home/airflow/.local/lib/python3.6/site-packages/airflow/example_dags/example_latest_only.py
[2023-03-21 11:46:10,723] {scheduler_job.py:629} INFO - Processing file /home/airflow/.local/lib/python3.6/site-packages/airflow/example_dags/example_latest_only.py for tasks to queue
[2023-03-21 11:46:10,725] {logging_mixin.py:104} INFO - [2023-03-21 11:46:10,725] {dagbag.py:451} INFO - Filling up the DagBag from /home/airflow/.local/lib/python3.6/site-packages/airflow/example_dags/example_latest_only.py
[2023-03-21 11:46:10,744] {scheduler_job.py:639} INFO - DAG(s) dict_keys(['latest_only']) retrieved from /home/airflow/.local/lib/python3.6/site-packages/airflow/example_dags/example_latest_only.py
[2023-03-21 11:46:10,769] {logging_mixin.py:104} INFO - [2023-03-21 11:46:10,769] {dag.py:1824} INFO - Sync 1 DAGs
[2023-03-21 11:46:10,781] {logging_mixin.py:104} INFO - [2023-03-21 11:46:10,781] {dag.py:2280} INFO - Setting next_dagrun for latest_only to 2023-03-19 00:00:00+00:00
[2023-03-21 11:46:10,788] {scheduler_job.py:190} INFO - Processing /home/airflow/.local/lib/python3.6/site-packages/airflow/example_dags/example_latest_only.py took 0.079 seconds
