[2023-03-21 11:31:19,951] {scheduler_job.py:182} INFO - Started process (PID=47) to work on /home/airflow/.local/lib/python3.6/site-packages/airflow/example_dags/example_task_group.py
[2023-03-21 11:31:19,956] {scheduler_job.py:629} INFO - Processing file /home/airflow/.local/lib/python3.6/site-packages/airflow/example_dags/example_task_group.py for tasks to queue
[2023-03-21 11:31:19,959] {logging_mixin.py:104} INFO - [2023-03-21 11:31:19,958] {dagbag.py:451} INFO - Filling up the DagBag from /home/airflow/.local/lib/python3.6/site-packages/airflow/example_dags/example_task_group.py
[2023-03-21 11:31:19,985] {scheduler_job.py:639} INFO - DAG(s) dict_keys(['example_task_group']) retrieved from /home/airflow/.local/lib/python3.6/site-packages/airflow/example_dags/example_task_group.py
[2023-03-21 11:31:20,073] {logging_mixin.py:104} INFO - [2023-03-21 11:31:20,072] {dag.py:1824} INFO - Sync 1 DAGs
[2023-03-21 11:31:20,105] {logging_mixin.py:104} INFO - [2023-03-21 11:31:20,104] {dag.py:2280} INFO - Setting next_dagrun for example_task_group to 2023-03-19 00:00:00+00:00
[2023-03-21 11:31:20,125] {scheduler_job.py:190} INFO - Processing /home/airflow/.local/lib/python3.6/site-packages/airflow/example_dags/example_task_group.py took 0.178 seconds
[2023-03-21 11:31:50,704] {scheduler_job.py:182} INFO - Started process (PID=75) to work on /home/airflow/.local/lib/python3.6/site-packages/airflow/example_dags/example_task_group.py
[2023-03-21 11:31:50,706] {scheduler_job.py:629} INFO - Processing file /home/airflow/.local/lib/python3.6/site-packages/airflow/example_dags/example_task_group.py for tasks to queue
[2023-03-21 11:31:50,707] {logging_mixin.py:104} INFO - [2023-03-21 11:31:50,706] {dagbag.py:451} INFO - Filling up the DagBag from /home/airflow/.local/lib/python3.6/site-packages/airflow/example_dags/example_task_group.py
[2023-03-21 11:31:50,716] {scheduler_job.py:639} INFO - DAG(s) dict_keys(['example_task_group']) retrieved from /home/airflow/.local/lib/python3.6/site-packages/airflow/example_dags/example_task_group.py
[2023-03-21 11:31:50,736] {logging_mixin.py:104} INFO - [2023-03-21 11:31:50,736] {dag.py:1824} INFO - Sync 1 DAGs
[2023-03-21 11:31:50,749] {logging_mixin.py:104} INFO - [2023-03-21 11:31:50,749] {dag.py:2280} INFO - Setting next_dagrun for example_task_group to 2023-03-19 00:00:00+00:00
[2023-03-21 11:31:50,756] {scheduler_job.py:190} INFO - Processing /home/airflow/.local/lib/python3.6/site-packages/airflow/example_dags/example_task_group.py took 0.054 seconds
[2023-03-21 11:32:25,116] {scheduler_job.py:182} INFO - Started process (PID=123) to work on /home/airflow/.local/lib/python3.6/site-packages/airflow/example_dags/example_task_group.py
[2023-03-21 11:32:25,118] {scheduler_job.py:629} INFO - Processing file /home/airflow/.local/lib/python3.6/site-packages/airflow/example_dags/example_task_group.py for tasks to queue
[2023-03-21 11:32:25,119] {logging_mixin.py:104} INFO - [2023-03-21 11:32:25,119] {dagbag.py:451} INFO - Filling up the DagBag from /home/airflow/.local/lib/python3.6/site-packages/airflow/example_dags/example_task_group.py
[2023-03-21 11:32:25,131] {scheduler_job.py:639} INFO - DAG(s) dict_keys(['example_task_group']) retrieved from /home/airflow/.local/lib/python3.6/site-packages/airflow/example_dags/example_task_group.py
[2023-03-21 11:32:25,160] {logging_mixin.py:104} INFO - [2023-03-21 11:32:25,160] {dag.py:1824} INFO - Sync 1 DAGs
[2023-03-21 11:32:25,177] {logging_mixin.py:104} INFO - [2023-03-21 11:32:25,177] {dag.py:2280} INFO - Setting next_dagrun for example_task_group to 2023-03-19 00:00:00+00:00
[2023-03-21 11:32:25,187] {scheduler_job.py:190} INFO - Processing /home/airflow/.local/lib/python3.6/site-packages/airflow/example_dags/example_task_group.py took 0.074 seconds
[2023-03-21 11:32:55,712] {scheduler_job.py:182} INFO - Started process (PID=149) to work on /home/airflow/.local/lib/python3.6/site-packages/airflow/example_dags/example_task_group.py
[2023-03-21 11:32:55,715] {scheduler_job.py:629} INFO - Processing file /home/airflow/.local/lib/python3.6/site-packages/airflow/example_dags/example_task_group.py for tasks to queue
[2023-03-21 11:32:55,720] {logging_mixin.py:104} INFO - [2023-03-21 11:32:55,719] {dagbag.py:451} INFO - Filling up the DagBag from /home/airflow/.local/lib/python3.6/site-packages/airflow/example_dags/example_task_group.py
[2023-03-21 11:32:55,744] {scheduler_job.py:639} INFO - DAG(s) dict_keys(['example_task_group']) retrieved from /home/airflow/.local/lib/python3.6/site-packages/airflow/example_dags/example_task_group.py
[2023-03-21 11:32:55,771] {logging_mixin.py:104} INFO - [2023-03-21 11:32:55,771] {dag.py:1824} INFO - Sync 1 DAGs
[2023-03-21 11:32:55,784] {logging_mixin.py:104} INFO - [2023-03-21 11:32:55,784] {dag.py:2280} INFO - Setting next_dagrun for example_task_group to 2023-03-19 00:00:00+00:00
[2023-03-21 11:32:55,792] {scheduler_job.py:190} INFO - Processing /home/airflow/.local/lib/python3.6/site-packages/airflow/example_dags/example_task_group.py took 0.087 seconds
[2023-03-21 11:33:26,330] {scheduler_job.py:182} INFO - Started process (PID=175) to work on /home/airflow/.local/lib/python3.6/site-packages/airflow/example_dags/example_task_group.py
[2023-03-21 11:33:26,331] {scheduler_job.py:629} INFO - Processing file /home/airflow/.local/lib/python3.6/site-packages/airflow/example_dags/example_task_group.py for tasks to queue
[2023-03-21 11:33:26,332] {logging_mixin.py:104} INFO - [2023-03-21 11:33:26,332] {dagbag.py:451} INFO - Filling up the DagBag from /home/airflow/.local/lib/python3.6/site-packages/airflow/example_dags/example_task_group.py
[2023-03-21 11:33:26,343] {scheduler_job.py:639} INFO - DAG(s) dict_keys(['example_task_group']) retrieved from /home/airflow/.local/lib/python3.6/site-packages/airflow/example_dags/example_task_group.py
[2023-03-21 11:33:26,363] {logging_mixin.py:104} INFO - [2023-03-21 11:33:26,363] {dag.py:1824} INFO - Sync 1 DAGs
[2023-03-21 11:33:26,375] {logging_mixin.py:104} INFO - [2023-03-21 11:33:26,375] {dag.py:2280} INFO - Setting next_dagrun for example_task_group to 2023-03-19 00:00:00+00:00
[2023-03-21 11:33:26,381] {scheduler_job.py:190} INFO - Processing /home/airflow/.local/lib/python3.6/site-packages/airflow/example_dags/example_task_group.py took 0.054 seconds
[2023-03-21 11:33:57,388] {scheduler_job.py:182} INFO - Started process (PID=193) to work on /home/airflow/.local/lib/python3.6/site-packages/airflow/example_dags/example_task_group.py
[2023-03-21 11:33:57,393] {scheduler_job.py:629} INFO - Processing file /home/airflow/.local/lib/python3.6/site-packages/airflow/example_dags/example_task_group.py for tasks to queue
[2023-03-21 11:33:57,396] {logging_mixin.py:104} INFO - [2023-03-21 11:33:57,395] {dagbag.py:451} INFO - Filling up the DagBag from /home/airflow/.local/lib/python3.6/site-packages/airflow/example_dags/example_task_group.py
[2023-03-21 11:33:57,437] {scheduler_job.py:639} INFO - DAG(s) dict_keys(['example_task_group']) retrieved from /home/airflow/.local/lib/python3.6/site-packages/airflow/example_dags/example_task_group.py
[2023-03-21 11:33:57,487] {logging_mixin.py:104} INFO - [2023-03-21 11:33:57,487] {dag.py:1824} INFO - Sync 1 DAGs
[2023-03-21 11:33:57,521] {logging_mixin.py:104} INFO - [2023-03-21 11:33:57,521] {dag.py:2280} INFO - Setting next_dagrun for example_task_group to 2023-03-19 00:00:00+00:00
[2023-03-21 11:33:57,548] {scheduler_job.py:190} INFO - Processing /home/airflow/.local/lib/python3.6/site-packages/airflow/example_dags/example_task_group.py took 0.167 seconds
[2023-03-21 11:34:29,132] {scheduler_job.py:182} INFO - Started process (PID=222) to work on /home/airflow/.local/lib/python3.6/site-packages/airflow/example_dags/example_task_group.py
[2023-03-21 11:34:29,133] {scheduler_job.py:629} INFO - Processing file /home/airflow/.local/lib/python3.6/site-packages/airflow/example_dags/example_task_group.py for tasks to queue
[2023-03-21 11:34:29,134] {logging_mixin.py:104} INFO - [2023-03-21 11:34:29,134] {dagbag.py:451} INFO - Filling up the DagBag from /home/airflow/.local/lib/python3.6/site-packages/airflow/example_dags/example_task_group.py
[2023-03-21 11:34:29,146] {scheduler_job.py:639} INFO - DAG(s) dict_keys(['example_task_group']) retrieved from /home/airflow/.local/lib/python3.6/site-packages/airflow/example_dags/example_task_group.py
[2023-03-21 11:34:29,172] {logging_mixin.py:104} INFO - [2023-03-21 11:34:29,172] {dag.py:1824} INFO - Sync 1 DAGs
[2023-03-21 11:34:29,197] {logging_mixin.py:104} INFO - [2023-03-21 11:34:29,197] {dag.py:2280} INFO - Setting next_dagrun for example_task_group to 2023-03-19 00:00:00+00:00
[2023-03-21 11:34:29,209] {scheduler_job.py:190} INFO - Processing /home/airflow/.local/lib/python3.6/site-packages/airflow/example_dags/example_task_group.py took 0.081 seconds
[2023-03-21 11:35:00,556] {scheduler_job.py:182} INFO - Started process (PID=253) to work on /home/airflow/.local/lib/python3.6/site-packages/airflow/example_dags/example_task_group.py
[2023-03-21 11:35:00,557] {scheduler_job.py:629} INFO - Processing file /home/airflow/.local/lib/python3.6/site-packages/airflow/example_dags/example_task_group.py for tasks to queue
[2023-03-21 11:35:00,558] {logging_mixin.py:104} INFO - [2023-03-21 11:35:00,558] {dagbag.py:451} INFO - Filling up the DagBag from /home/airflow/.local/lib/python3.6/site-packages/airflow/example_dags/example_task_group.py
[2023-03-21 11:35:00,569] {scheduler_job.py:639} INFO - DAG(s) dict_keys(['example_task_group']) retrieved from /home/airflow/.local/lib/python3.6/site-packages/airflow/example_dags/example_task_group.py
[2023-03-21 11:35:00,596] {logging_mixin.py:104} INFO - [2023-03-21 11:35:00,596] {dag.py:1824} INFO - Sync 1 DAGs
[2023-03-21 11:35:00,614] {logging_mixin.py:104} INFO - [2023-03-21 11:35:00,614] {dag.py:2280} INFO - Setting next_dagrun for example_task_group to 2023-03-19 00:00:00+00:00
[2023-03-21 11:35:00,626] {scheduler_job.py:190} INFO - Processing /home/airflow/.local/lib/python3.6/site-packages/airflow/example_dags/example_task_group.py took 0.074 seconds
[2023-03-21 11:35:30,782] {scheduler_job.py:182} INFO - Started process (PID=279) to work on /home/airflow/.local/lib/python3.6/site-packages/airflow/example_dags/example_task_group.py
[2023-03-21 11:35:30,784] {scheduler_job.py:629} INFO - Processing file /home/airflow/.local/lib/python3.6/site-packages/airflow/example_dags/example_task_group.py for tasks to queue
[2023-03-21 11:35:30,785] {logging_mixin.py:104} INFO - [2023-03-21 11:35:30,785] {dagbag.py:451} INFO - Filling up the DagBag from /home/airflow/.local/lib/python3.6/site-packages/airflow/example_dags/example_task_group.py
[2023-03-21 11:35:30,798] {scheduler_job.py:639} INFO - DAG(s) dict_keys(['example_task_group']) retrieved from /home/airflow/.local/lib/python3.6/site-packages/airflow/example_dags/example_task_group.py
[2023-03-21 11:35:30,824] {logging_mixin.py:104} INFO - [2023-03-21 11:35:30,824] {dag.py:1824} INFO - Sync 1 DAGs
[2023-03-21 11:35:30,836] {logging_mixin.py:104} INFO - [2023-03-21 11:35:30,836] {dag.py:2280} INFO - Setting next_dagrun for example_task_group to 2023-03-19 00:00:00+00:00
[2023-03-21 11:35:30,843] {scheduler_job.py:190} INFO - Processing /home/airflow/.local/lib/python3.6/site-packages/airflow/example_dags/example_task_group.py took 0.065 seconds
[2023-03-21 11:36:01,313] {scheduler_job.py:182} INFO - Started process (PID=305) to work on /home/airflow/.local/lib/python3.6/site-packages/airflow/example_dags/example_task_group.py
[2023-03-21 11:36:01,314] {scheduler_job.py:629} INFO - Processing file /home/airflow/.local/lib/python3.6/site-packages/airflow/example_dags/example_task_group.py for tasks to queue
[2023-03-21 11:36:01,315] {logging_mixin.py:104} INFO - [2023-03-21 11:36:01,315] {dagbag.py:451} INFO - Filling up the DagBag from /home/airflow/.local/lib/python3.6/site-packages/airflow/example_dags/example_task_group.py
[2023-03-21 11:36:01,325] {scheduler_job.py:639} INFO - DAG(s) dict_keys(['example_task_group']) retrieved from /home/airflow/.local/lib/python3.6/site-packages/airflow/example_dags/example_task_group.py
[2023-03-21 11:36:01,347] {logging_mixin.py:104} INFO - [2023-03-21 11:36:01,346] {dag.py:1824} INFO - Sync 1 DAGs
[2023-03-21 11:36:01,356] {logging_mixin.py:104} INFO - [2023-03-21 11:36:01,356] {dag.py:2280} INFO - Setting next_dagrun for example_task_group to 2023-03-19 00:00:00+00:00
[2023-03-21 11:36:01,363] {scheduler_job.py:190} INFO - Processing /home/airflow/.local/lib/python3.6/site-packages/airflow/example_dags/example_task_group.py took 0.052 seconds
[2023-03-21 11:36:31,776] {scheduler_job.py:182} INFO - Started process (PID=331) to work on /home/airflow/.local/lib/python3.6/site-packages/airflow/example_dags/example_task_group.py
[2023-03-21 11:36:31,777] {scheduler_job.py:629} INFO - Processing file /home/airflow/.local/lib/python3.6/site-packages/airflow/example_dags/example_task_group.py for tasks to queue
[2023-03-21 11:36:31,778] {logging_mixin.py:104} INFO - [2023-03-21 11:36:31,778] {dagbag.py:451} INFO - Filling up the DagBag from /home/airflow/.local/lib/python3.6/site-packages/airflow/example_dags/example_task_group.py
[2023-03-21 11:36:31,791] {scheduler_job.py:639} INFO - DAG(s) dict_keys(['example_task_group']) retrieved from /home/airflow/.local/lib/python3.6/site-packages/airflow/example_dags/example_task_group.py
[2023-03-21 11:36:31,809] {logging_mixin.py:104} INFO - [2023-03-21 11:36:31,809] {dag.py:1824} INFO - Sync 1 DAGs
[2023-03-21 11:36:31,819] {logging_mixin.py:104} INFO - [2023-03-21 11:36:31,819] {dag.py:2280} INFO - Setting next_dagrun for example_task_group to 2023-03-19 00:00:00+00:00
[2023-03-21 11:36:31,824] {scheduler_job.py:190} INFO - Processing /home/airflow/.local/lib/python3.6/site-packages/airflow/example_dags/example_task_group.py took 0.051 seconds
[2023-03-21 11:37:02,124] {scheduler_job.py:182} INFO - Started process (PID=354) to work on /home/airflow/.local/lib/python3.6/site-packages/airflow/example_dags/example_task_group.py
[2023-03-21 11:37:02,125] {scheduler_job.py:629} INFO - Processing file /home/airflow/.local/lib/python3.6/site-packages/airflow/example_dags/example_task_group.py for tasks to queue
[2023-03-21 11:37:02,126] {logging_mixin.py:104} INFO - [2023-03-21 11:37:02,126] {dagbag.py:451} INFO - Filling up the DagBag from /home/airflow/.local/lib/python3.6/site-packages/airflow/example_dags/example_task_group.py
[2023-03-21 11:37:02,140] {scheduler_job.py:639} INFO - DAG(s) dict_keys(['example_task_group']) retrieved from /home/airflow/.local/lib/python3.6/site-packages/airflow/example_dags/example_task_group.py
[2023-03-21 11:37:02,159] {logging_mixin.py:104} INFO - [2023-03-21 11:37:02,159] {dag.py:1824} INFO - Sync 1 DAGs
[2023-03-21 11:37:02,170] {logging_mixin.py:104} INFO - [2023-03-21 11:37:02,170] {dag.py:2280} INFO - Setting next_dagrun for example_task_group to 2023-03-19 00:00:00+00:00
[2023-03-21 11:37:02,176] {scheduler_job.py:190} INFO - Processing /home/airflow/.local/lib/python3.6/site-packages/airflow/example_dags/example_task_group.py took 0.056 seconds
[2023-03-21 11:37:32,452] {scheduler_job.py:182} INFO - Started process (PID=378) to work on /home/airflow/.local/lib/python3.6/site-packages/airflow/example_dags/example_task_group.py
[2023-03-21 11:37:32,454] {scheduler_job.py:629} INFO - Processing file /home/airflow/.local/lib/python3.6/site-packages/airflow/example_dags/example_task_group.py for tasks to queue
[2023-03-21 11:37:32,455] {logging_mixin.py:104} INFO - [2023-03-21 11:37:32,455] {dagbag.py:451} INFO - Filling up the DagBag from /home/airflow/.local/lib/python3.6/site-packages/airflow/example_dags/example_task_group.py
[2023-03-21 11:37:32,468] {scheduler_job.py:639} INFO - DAG(s) dict_keys(['example_task_group']) retrieved from /home/airflow/.local/lib/python3.6/site-packages/airflow/example_dags/example_task_group.py
[2023-03-21 11:37:32,488] {logging_mixin.py:104} INFO - [2023-03-21 11:37:32,487] {dag.py:1824} INFO - Sync 1 DAGs
[2023-03-21 11:37:32,498] {logging_mixin.py:104} INFO - [2023-03-21 11:37:32,498] {dag.py:2280} INFO - Setting next_dagrun for example_task_group to 2023-03-19 00:00:00+00:00
[2023-03-21 11:37:32,505] {scheduler_job.py:190} INFO - Processing /home/airflow/.local/lib/python3.6/site-packages/airflow/example_dags/example_task_group.py took 0.055 seconds
[2023-03-21 11:38:02,997] {scheduler_job.py:182} INFO - Started process (PID=405) to work on /home/airflow/.local/lib/python3.6/site-packages/airflow/example_dags/example_task_group.py
[2023-03-21 11:38:02,998] {scheduler_job.py:629} INFO - Processing file /home/airflow/.local/lib/python3.6/site-packages/airflow/example_dags/example_task_group.py for tasks to queue
[2023-03-21 11:38:02,999] {logging_mixin.py:104} INFO - [2023-03-21 11:38:02,999] {dagbag.py:451} INFO - Filling up the DagBag from /home/airflow/.local/lib/python3.6/site-packages/airflow/example_dags/example_task_group.py
[2023-03-21 11:38:03,011] {scheduler_job.py:639} INFO - DAG(s) dict_keys(['example_task_group']) retrieved from /home/airflow/.local/lib/python3.6/site-packages/airflow/example_dags/example_task_group.py
[2023-03-21 11:38:03,030] {logging_mixin.py:104} INFO - [2023-03-21 11:38:03,029] {dag.py:1824} INFO - Sync 1 DAGs
[2023-03-21 11:38:03,039] {logging_mixin.py:104} INFO - [2023-03-21 11:38:03,039] {dag.py:2280} INFO - Setting next_dagrun for example_task_group to 2023-03-19 00:00:00+00:00
[2023-03-21 11:38:03,045] {scheduler_job.py:190} INFO - Processing /home/airflow/.local/lib/python3.6/site-packages/airflow/example_dags/example_task_group.py took 0.051 seconds
[2023-03-21 11:38:33,479] {scheduler_job.py:182} INFO - Started process (PID=431) to work on /home/airflow/.local/lib/python3.6/site-packages/airflow/example_dags/example_task_group.py
[2023-03-21 11:38:33,484] {scheduler_job.py:629} INFO - Processing file /home/airflow/.local/lib/python3.6/site-packages/airflow/example_dags/example_task_group.py for tasks to queue
[2023-03-21 11:38:33,485] {logging_mixin.py:104} INFO - [2023-03-21 11:38:33,485] {dagbag.py:451} INFO - Filling up the DagBag from /home/airflow/.local/lib/python3.6/site-packages/airflow/example_dags/example_task_group.py
[2023-03-21 11:38:33,494] {scheduler_job.py:639} INFO - DAG(s) dict_keys(['example_task_group']) retrieved from /home/airflow/.local/lib/python3.6/site-packages/airflow/example_dags/example_task_group.py
[2023-03-21 11:38:33,513] {logging_mixin.py:104} INFO - [2023-03-21 11:38:33,513] {dag.py:1824} INFO - Sync 1 DAGs
[2023-03-21 11:38:33,523] {logging_mixin.py:104} INFO - [2023-03-21 11:38:33,523] {dag.py:2280} INFO - Setting next_dagrun for example_task_group to 2023-03-19 00:00:00+00:00
[2023-03-21 11:38:33,530] {scheduler_job.py:190} INFO - Processing /home/airflow/.local/lib/python3.6/site-packages/airflow/example_dags/example_task_group.py took 0.053 seconds
[2023-03-21 11:39:04,009] {scheduler_job.py:182} INFO - Started process (PID=457) to work on /home/airflow/.local/lib/python3.6/site-packages/airflow/example_dags/example_task_group.py
[2023-03-21 11:39:04,012] {scheduler_job.py:629} INFO - Processing file /home/airflow/.local/lib/python3.6/site-packages/airflow/example_dags/example_task_group.py for tasks to queue
[2023-03-21 11:39:04,014] {logging_mixin.py:104} INFO - [2023-03-21 11:39:04,014] {dagbag.py:451} INFO - Filling up the DagBag from /home/airflow/.local/lib/python3.6/site-packages/airflow/example_dags/example_task_group.py
[2023-03-21 11:39:04,033] {scheduler_job.py:639} INFO - DAG(s) dict_keys(['example_task_group']) retrieved from /home/airflow/.local/lib/python3.6/site-packages/airflow/example_dags/example_task_group.py
[2023-03-21 11:39:04,071] {logging_mixin.py:104} INFO - [2023-03-21 11:39:04,071] {dag.py:1824} INFO - Sync 1 DAGs
[2023-03-21 11:39:04,088] {logging_mixin.py:104} INFO - [2023-03-21 11:39:04,088] {dag.py:2280} INFO - Setting next_dagrun for example_task_group to 2023-03-19 00:00:00+00:00
[2023-03-21 11:39:04,097] {scheduler_job.py:190} INFO - Processing /home/airflow/.local/lib/python3.6/site-packages/airflow/example_dags/example_task_group.py took 0.094 seconds
[2023-03-21 11:39:34,569] {scheduler_job.py:182} INFO - Started process (PID=483) to work on /home/airflow/.local/lib/python3.6/site-packages/airflow/example_dags/example_task_group.py
[2023-03-21 11:39:34,570] {scheduler_job.py:629} INFO - Processing file /home/airflow/.local/lib/python3.6/site-packages/airflow/example_dags/example_task_group.py for tasks to queue
[2023-03-21 11:39:34,571] {logging_mixin.py:104} INFO - [2023-03-21 11:39:34,571] {dagbag.py:451} INFO - Filling up the DagBag from /home/airflow/.local/lib/python3.6/site-packages/airflow/example_dags/example_task_group.py
[2023-03-21 11:39:34,581] {scheduler_job.py:639} INFO - DAG(s) dict_keys(['example_task_group']) retrieved from /home/airflow/.local/lib/python3.6/site-packages/airflow/example_dags/example_task_group.py
[2023-03-21 11:39:34,600] {logging_mixin.py:104} INFO - [2023-03-21 11:39:34,600] {dag.py:1824} INFO - Sync 1 DAGs
[2023-03-21 11:39:34,610] {logging_mixin.py:104} INFO - [2023-03-21 11:39:34,610] {dag.py:2280} INFO - Setting next_dagrun for example_task_group to 2023-03-19 00:00:00+00:00
[2023-03-21 11:39:34,616] {scheduler_job.py:190} INFO - Processing /home/airflow/.local/lib/python3.6/site-packages/airflow/example_dags/example_task_group.py took 0.049 seconds
[2023-03-21 11:40:05,146] {scheduler_job.py:182} INFO - Started process (PID=510) to work on /home/airflow/.local/lib/python3.6/site-packages/airflow/example_dags/example_task_group.py
[2023-03-21 11:40:05,148] {scheduler_job.py:629} INFO - Processing file /home/airflow/.local/lib/python3.6/site-packages/airflow/example_dags/example_task_group.py for tasks to queue
[2023-03-21 11:40:05,148] {logging_mixin.py:104} INFO - [2023-03-21 11:40:05,148] {dagbag.py:451} INFO - Filling up the DagBag from /home/airflow/.local/lib/python3.6/site-packages/airflow/example_dags/example_task_group.py
[2023-03-21 11:40:05,158] {scheduler_job.py:639} INFO - DAG(s) dict_keys(['example_task_group']) retrieved from /home/airflow/.local/lib/python3.6/site-packages/airflow/example_dags/example_task_group.py
[2023-03-21 11:40:05,176] {logging_mixin.py:104} INFO - [2023-03-21 11:40:05,176] {dag.py:1824} INFO - Sync 1 DAGs
[2023-03-21 11:40:05,187] {logging_mixin.py:104} INFO - [2023-03-21 11:40:05,187] {dag.py:2280} INFO - Setting next_dagrun for example_task_group to 2023-03-19 00:00:00+00:00
[2023-03-21 11:40:05,193] {scheduler_job.py:190} INFO - Processing /home/airflow/.local/lib/python3.6/site-packages/airflow/example_dags/example_task_group.py took 0.049 seconds
[2023-03-21 11:40:35,710] {scheduler_job.py:182} INFO - Started process (PID=539) to work on /home/airflow/.local/lib/python3.6/site-packages/airflow/example_dags/example_task_group.py
[2023-03-21 11:40:35,712] {scheduler_job.py:629} INFO - Processing file /home/airflow/.local/lib/python3.6/site-packages/airflow/example_dags/example_task_group.py for tasks to queue
[2023-03-21 11:40:35,712] {logging_mixin.py:104} INFO - [2023-03-21 11:40:35,712] {dagbag.py:451} INFO - Filling up the DagBag from /home/airflow/.local/lib/python3.6/site-packages/airflow/example_dags/example_task_group.py
[2023-03-21 11:40:35,722] {scheduler_job.py:639} INFO - DAG(s) dict_keys(['example_task_group']) retrieved from /home/airflow/.local/lib/python3.6/site-packages/airflow/example_dags/example_task_group.py
[2023-03-21 11:40:35,740] {logging_mixin.py:104} INFO - [2023-03-21 11:40:35,740] {dag.py:1824} INFO - Sync 1 DAGs
[2023-03-21 11:40:35,751] {logging_mixin.py:104} INFO - [2023-03-21 11:40:35,751] {dag.py:2280} INFO - Setting next_dagrun for example_task_group to 2023-03-19 00:00:00+00:00
[2023-03-21 11:40:35,758] {scheduler_job.py:190} INFO - Processing /home/airflow/.local/lib/python3.6/site-packages/airflow/example_dags/example_task_group.py took 0.050 seconds
[2023-03-21 11:41:06,040] {scheduler_job.py:182} INFO - Started process (PID=560) to work on /home/airflow/.local/lib/python3.6/site-packages/airflow/example_dags/example_task_group.py
[2023-03-21 11:41:06,042] {scheduler_job.py:629} INFO - Processing file /home/airflow/.local/lib/python3.6/site-packages/airflow/example_dags/example_task_group.py for tasks to queue
[2023-03-21 11:41:06,043] {logging_mixin.py:104} INFO - [2023-03-21 11:41:06,042] {dagbag.py:451} INFO - Filling up the DagBag from /home/airflow/.local/lib/python3.6/site-packages/airflow/example_dags/example_task_group.py
[2023-03-21 11:41:06,053] {scheduler_job.py:639} INFO - DAG(s) dict_keys(['example_task_group']) retrieved from /home/airflow/.local/lib/python3.6/site-packages/airflow/example_dags/example_task_group.py
[2023-03-21 11:41:06,073] {logging_mixin.py:104} INFO - [2023-03-21 11:41:06,073] {dag.py:1824} INFO - Sync 1 DAGs
[2023-03-21 11:41:06,084] {logging_mixin.py:104} INFO - [2023-03-21 11:41:06,084] {dag.py:2280} INFO - Setting next_dagrun for example_task_group to 2023-03-19 00:00:00+00:00
[2023-03-21 11:41:06,090] {scheduler_job.py:190} INFO - Processing /home/airflow/.local/lib/python3.6/site-packages/airflow/example_dags/example_task_group.py took 0.053 seconds
[2023-03-21 11:41:36,743] {scheduler_job.py:182} INFO - Started process (PID=590) to work on /home/airflow/.local/lib/python3.6/site-packages/airflow/example_dags/example_task_group.py
[2023-03-21 11:41:36,744] {scheduler_job.py:629} INFO - Processing file /home/airflow/.local/lib/python3.6/site-packages/airflow/example_dags/example_task_group.py for tasks to queue
[2023-03-21 11:41:36,745] {logging_mixin.py:104} INFO - [2023-03-21 11:41:36,745] {dagbag.py:451} INFO - Filling up the DagBag from /home/airflow/.local/lib/python3.6/site-packages/airflow/example_dags/example_task_group.py
[2023-03-21 11:41:36,756] {scheduler_job.py:639} INFO - DAG(s) dict_keys(['example_task_group']) retrieved from /home/airflow/.local/lib/python3.6/site-packages/airflow/example_dags/example_task_group.py
[2023-03-21 11:41:36,776] {logging_mixin.py:104} INFO - [2023-03-21 11:41:36,775] {dag.py:1824} INFO - Sync 1 DAGs
[2023-03-21 11:41:36,787] {logging_mixin.py:104} INFO - [2023-03-21 11:41:36,787] {dag.py:2280} INFO - Setting next_dagrun for example_task_group to 2023-03-19 00:00:00+00:00
[2023-03-21 11:41:36,794] {scheduler_job.py:190} INFO - Processing /home/airflow/.local/lib/python3.6/site-packages/airflow/example_dags/example_task_group.py took 0.054 seconds
[2023-03-21 11:42:07,325] {scheduler_job.py:182} INFO - Started process (PID=617) to work on /home/airflow/.local/lib/python3.6/site-packages/airflow/example_dags/example_task_group.py
[2023-03-21 11:42:07,326] {scheduler_job.py:629} INFO - Processing file /home/airflow/.local/lib/python3.6/site-packages/airflow/example_dags/example_task_group.py for tasks to queue
[2023-03-21 11:42:07,327] {logging_mixin.py:104} INFO - [2023-03-21 11:42:07,327] {dagbag.py:451} INFO - Filling up the DagBag from /home/airflow/.local/lib/python3.6/site-packages/airflow/example_dags/example_task_group.py
[2023-03-21 11:42:07,336] {scheduler_job.py:639} INFO - DAG(s) dict_keys(['example_task_group']) retrieved from /home/airflow/.local/lib/python3.6/site-packages/airflow/example_dags/example_task_group.py
[2023-03-21 11:42:07,355] {logging_mixin.py:104} INFO - [2023-03-21 11:42:07,355] {dag.py:1824} INFO - Sync 1 DAGs
[2023-03-21 11:42:07,366] {logging_mixin.py:104} INFO - [2023-03-21 11:42:07,366] {dag.py:2280} INFO - Setting next_dagrun for example_task_group to 2023-03-19 00:00:00+00:00
[2023-03-21 11:42:07,372] {scheduler_job.py:190} INFO - Processing /home/airflow/.local/lib/python3.6/site-packages/airflow/example_dags/example_task_group.py took 0.050 seconds
[2023-03-21 11:42:37,675] {scheduler_job.py:182} INFO - Started process (PID=640) to work on /home/airflow/.local/lib/python3.6/site-packages/airflow/example_dags/example_task_group.py
[2023-03-21 11:42:37,677] {scheduler_job.py:629} INFO - Processing file /home/airflow/.local/lib/python3.6/site-packages/airflow/example_dags/example_task_group.py for tasks to queue
[2023-03-21 11:42:37,677] {logging_mixin.py:104} INFO - [2023-03-21 11:42:37,677] {dagbag.py:451} INFO - Filling up the DagBag from /home/airflow/.local/lib/python3.6/site-packages/airflow/example_dags/example_task_group.py
[2023-03-21 11:42:37,688] {scheduler_job.py:639} INFO - DAG(s) dict_keys(['example_task_group']) retrieved from /home/airflow/.local/lib/python3.6/site-packages/airflow/example_dags/example_task_group.py
[2023-03-21 11:42:37,708] {logging_mixin.py:104} INFO - [2023-03-21 11:42:37,708] {dag.py:1824} INFO - Sync 1 DAGs
[2023-03-21 11:42:37,719] {logging_mixin.py:104} INFO - [2023-03-21 11:42:37,719] {dag.py:2280} INFO - Setting next_dagrun for example_task_group to 2023-03-19 00:00:00+00:00
[2023-03-21 11:42:37,727] {scheduler_job.py:190} INFO - Processing /home/airflow/.local/lib/python3.6/site-packages/airflow/example_dags/example_task_group.py took 0.054 seconds
[2023-03-21 11:43:08,118] {scheduler_job.py:182} INFO - Started process (PID=665) to work on /home/airflow/.local/lib/python3.6/site-packages/airflow/example_dags/example_task_group.py
[2023-03-21 11:43:08,119] {scheduler_job.py:629} INFO - Processing file /home/airflow/.local/lib/python3.6/site-packages/airflow/example_dags/example_task_group.py for tasks to queue
[2023-03-21 11:43:08,120] {logging_mixin.py:104} INFO - [2023-03-21 11:43:08,120] {dagbag.py:451} INFO - Filling up the DagBag from /home/airflow/.local/lib/python3.6/site-packages/airflow/example_dags/example_task_group.py
[2023-03-21 11:43:08,131] {scheduler_job.py:639} INFO - DAG(s) dict_keys(['example_task_group']) retrieved from /home/airflow/.local/lib/python3.6/site-packages/airflow/example_dags/example_task_group.py
[2023-03-21 11:43:08,150] {logging_mixin.py:104} INFO - [2023-03-21 11:43:08,150] {dag.py:1824} INFO - Sync 1 DAGs
[2023-03-21 11:43:08,161] {logging_mixin.py:104} INFO - [2023-03-21 11:43:08,161] {dag.py:2280} INFO - Setting next_dagrun for example_task_group to 2023-03-19 00:00:00+00:00
[2023-03-21 11:43:08,168] {scheduler_job.py:190} INFO - Processing /home/airflow/.local/lib/python3.6/site-packages/airflow/example_dags/example_task_group.py took 0.052 seconds
[2023-03-21 11:43:38,365] {scheduler_job.py:182} INFO - Started process (PID=689) to work on /home/airflow/.local/lib/python3.6/site-packages/airflow/example_dags/example_task_group.py
[2023-03-21 11:43:38,367] {scheduler_job.py:629} INFO - Processing file /home/airflow/.local/lib/python3.6/site-packages/airflow/example_dags/example_task_group.py for tasks to queue
[2023-03-21 11:43:38,367] {logging_mixin.py:104} INFO - [2023-03-21 11:43:38,367] {dagbag.py:451} INFO - Filling up the DagBag from /home/airflow/.local/lib/python3.6/site-packages/airflow/example_dags/example_task_group.py
[2023-03-21 11:43:38,377] {scheduler_job.py:639} INFO - DAG(s) dict_keys(['example_task_group']) retrieved from /home/airflow/.local/lib/python3.6/site-packages/airflow/example_dags/example_task_group.py
[2023-03-21 11:43:38,397] {logging_mixin.py:104} INFO - [2023-03-21 11:43:38,397] {dag.py:1824} INFO - Sync 1 DAGs
[2023-03-21 11:43:38,408] {logging_mixin.py:104} INFO - [2023-03-21 11:43:38,408] {dag.py:2280} INFO - Setting next_dagrun for example_task_group to 2023-03-19 00:00:00+00:00
[2023-03-21 11:43:38,414] {scheduler_job.py:190} INFO - Processing /home/airflow/.local/lib/python3.6/site-packages/airflow/example_dags/example_task_group.py took 0.053 seconds
[2023-03-21 11:44:08,850] {scheduler_job.py:182} INFO - Started process (PID=716) to work on /home/airflow/.local/lib/python3.6/site-packages/airflow/example_dags/example_task_group.py
[2023-03-21 11:44:08,852] {scheduler_job.py:629} INFO - Processing file /home/airflow/.local/lib/python3.6/site-packages/airflow/example_dags/example_task_group.py for tasks to queue
[2023-03-21 11:44:08,853] {logging_mixin.py:104} INFO - [2023-03-21 11:44:08,853] {dagbag.py:451} INFO - Filling up the DagBag from /home/airflow/.local/lib/python3.6/site-packages/airflow/example_dags/example_task_group.py
[2023-03-21 11:44:08,863] {scheduler_job.py:639} INFO - DAG(s) dict_keys(['example_task_group']) retrieved from /home/airflow/.local/lib/python3.6/site-packages/airflow/example_dags/example_task_group.py
[2023-03-21 11:44:08,882] {logging_mixin.py:104} INFO - [2023-03-21 11:44:08,882] {dag.py:1824} INFO - Sync 1 DAGs
[2023-03-21 11:44:08,892] {logging_mixin.py:104} INFO - [2023-03-21 11:44:08,892] {dag.py:2280} INFO - Setting next_dagrun for example_task_group to 2023-03-19 00:00:00+00:00
[2023-03-21 11:44:08,898] {scheduler_job.py:190} INFO - Processing /home/airflow/.local/lib/python3.6/site-packages/airflow/example_dags/example_task_group.py took 0.051 seconds
[2023-03-21 11:44:39,214] {scheduler_job.py:182} INFO - Started process (PID=742) to work on /home/airflow/.local/lib/python3.6/site-packages/airflow/example_dags/example_task_group.py
[2023-03-21 11:44:39,215] {scheduler_job.py:629} INFO - Processing file /home/airflow/.local/lib/python3.6/site-packages/airflow/example_dags/example_task_group.py for tasks to queue
[2023-03-21 11:44:39,216] {logging_mixin.py:104} INFO - [2023-03-21 11:44:39,215] {dagbag.py:451} INFO - Filling up the DagBag from /home/airflow/.local/lib/python3.6/site-packages/airflow/example_dags/example_task_group.py
[2023-03-21 11:44:39,226] {scheduler_job.py:639} INFO - DAG(s) dict_keys(['example_task_group']) retrieved from /home/airflow/.local/lib/python3.6/site-packages/airflow/example_dags/example_task_group.py
[2023-03-21 11:44:39,246] {logging_mixin.py:104} INFO - [2023-03-21 11:44:39,245] {dag.py:1824} INFO - Sync 1 DAGs
[2023-03-21 11:44:39,257] {logging_mixin.py:104} INFO - [2023-03-21 11:44:39,256] {dag.py:2280} INFO - Setting next_dagrun for example_task_group to 2023-03-19 00:00:00+00:00
[2023-03-21 11:44:39,263] {scheduler_job.py:190} INFO - Processing /home/airflow/.local/lib/python3.6/site-packages/airflow/example_dags/example_task_group.py took 0.052 seconds
[2023-03-21 11:45:10,055] {scheduler_job.py:182} INFO - Started process (PID=769) to work on /home/airflow/.local/lib/python3.6/site-packages/airflow/example_dags/example_task_group.py
[2023-03-21 11:45:10,057] {scheduler_job.py:629} INFO - Processing file /home/airflow/.local/lib/python3.6/site-packages/airflow/example_dags/example_task_group.py for tasks to queue
[2023-03-21 11:45:10,058] {logging_mixin.py:104} INFO - [2023-03-21 11:45:10,058] {dagbag.py:451} INFO - Filling up the DagBag from /home/airflow/.local/lib/python3.6/site-packages/airflow/example_dags/example_task_group.py
[2023-03-21 11:45:10,069] {scheduler_job.py:639} INFO - DAG(s) dict_keys(['example_task_group']) retrieved from /home/airflow/.local/lib/python3.6/site-packages/airflow/example_dags/example_task_group.py
[2023-03-21 11:45:10,094] {logging_mixin.py:104} INFO - [2023-03-21 11:45:10,094] {dag.py:1824} INFO - Sync 1 DAGs
[2023-03-21 11:45:10,106] {logging_mixin.py:104} INFO - [2023-03-21 11:45:10,106] {dag.py:2280} INFO - Setting next_dagrun for example_task_group to 2023-03-19 00:00:00+00:00
[2023-03-21 11:45:10,113] {scheduler_job.py:190} INFO - Processing /home/airflow/.local/lib/python3.6/site-packages/airflow/example_dags/example_task_group.py took 0.061 seconds
[2023-03-21 11:45:40,655] {scheduler_job.py:182} INFO - Started process (PID=797) to work on /home/airflow/.local/lib/python3.6/site-packages/airflow/example_dags/example_task_group.py
[2023-03-21 11:45:40,656] {scheduler_job.py:629} INFO - Processing file /home/airflow/.local/lib/python3.6/site-packages/airflow/example_dags/example_task_group.py for tasks to queue
[2023-03-21 11:45:40,657] {logging_mixin.py:104} INFO - [2023-03-21 11:45:40,657] {dagbag.py:451} INFO - Filling up the DagBag from /home/airflow/.local/lib/python3.6/site-packages/airflow/example_dags/example_task_group.py
[2023-03-21 11:45:40,669] {scheduler_job.py:639} INFO - DAG(s) dict_keys(['example_task_group']) retrieved from /home/airflow/.local/lib/python3.6/site-packages/airflow/example_dags/example_task_group.py
[2023-03-21 11:45:40,689] {logging_mixin.py:104} INFO - [2023-03-21 11:45:40,689] {dag.py:1824} INFO - Sync 1 DAGs
[2023-03-21 11:45:40,701] {logging_mixin.py:104} INFO - [2023-03-21 11:45:40,701] {dag.py:2280} INFO - Setting next_dagrun for example_task_group to 2023-03-19 00:00:00+00:00
[2023-03-21 11:45:40,708] {scheduler_job.py:190} INFO - Processing /home/airflow/.local/lib/python3.6/site-packages/airflow/example_dags/example_task_group.py took 0.056 seconds
[2023-03-21 11:46:11,168] {scheduler_job.py:182} INFO - Started process (PID=822) to work on /home/airflow/.local/lib/python3.6/site-packages/airflow/example_dags/example_task_group.py
[2023-03-21 11:46:11,170] {scheduler_job.py:629} INFO - Processing file /home/airflow/.local/lib/python3.6/site-packages/airflow/example_dags/example_task_group.py for tasks to queue
[2023-03-21 11:46:11,171] {logging_mixin.py:104} INFO - [2023-03-21 11:46:11,171] {dagbag.py:451} INFO - Filling up the DagBag from /home/airflow/.local/lib/python3.6/site-packages/airflow/example_dags/example_task_group.py
[2023-03-21 11:46:11,181] {scheduler_job.py:639} INFO - DAG(s) dict_keys(['example_task_group']) retrieved from /home/airflow/.local/lib/python3.6/site-packages/airflow/example_dags/example_task_group.py
[2023-03-21 11:46:11,200] {logging_mixin.py:104} INFO - [2023-03-21 11:46:11,200] {dag.py:1824} INFO - Sync 1 DAGs
[2023-03-21 11:46:11,211] {logging_mixin.py:104} INFO - [2023-03-21 11:46:11,211] {dag.py:2280} INFO - Setting next_dagrun for example_task_group to 2023-03-19 00:00:00+00:00
[2023-03-21 11:46:11,218] {scheduler_job.py:190} INFO - Processing /home/airflow/.local/lib/python3.6/site-packages/airflow/example_dags/example_task_group.py took 0.052 seconds
