[2023-03-21 11:31:19,008] {scheduler_job.py:182} INFO - Started process (PID=37) to work on /home/airflow/.local/lib/python3.6/site-packages/airflow/example_dags/example_dag_decorator.py
[2023-03-21 11:31:19,011] {scheduler_job.py:629} INFO - Processing file /home/airflow/.local/lib/python3.6/site-packages/airflow/example_dags/example_dag_decorator.py for tasks to queue
[2023-03-21 11:31:19,014] {logging_mixin.py:104} INFO - [2023-03-21 11:31:19,013] {dagbag.py:451} INFO - Filling up the DagBag from /home/airflow/.local/lib/python3.6/site-packages/airflow/example_dags/example_dag_decorator.py
[2023-03-21 11:31:19,040] {scheduler_job.py:639} INFO - DAG(s) dict_keys(['example_dag_decorator']) retrieved from /home/airflow/.local/lib/python3.6/site-packages/airflow/example_dags/example_dag_decorator.py
[2023-03-21 11:31:19,079] {logging_mixin.py:104} INFO - [2023-03-21 11:31:19,079] {dag.py:1824} INFO - Sync 1 DAGs
[2023-03-21 11:31:19,093] {logging_mixin.py:104} INFO - [2023-03-21 11:31:19,093] {dag.py:2280} INFO - Setting next_dagrun for example_dag_decorator to None
[2023-03-21 11:31:19,114] {scheduler_job.py:190} INFO - Processing /home/airflow/.local/lib/python3.6/site-packages/airflow/example_dags/example_dag_decorator.py took 0.113 seconds
[2023-03-21 11:31:50,090] {scheduler_job.py:182} INFO - Started process (PID=64) to work on /home/airflow/.local/lib/python3.6/site-packages/airflow/example_dags/example_dag_decorator.py
[2023-03-21 11:31:50,092] {scheduler_job.py:629} INFO - Processing file /home/airflow/.local/lib/python3.6/site-packages/airflow/example_dags/example_dag_decorator.py for tasks to queue
[2023-03-21 11:31:50,094] {logging_mixin.py:104} INFO - [2023-03-21 11:31:50,094] {dagbag.py:451} INFO - Filling up the DagBag from /home/airflow/.local/lib/python3.6/site-packages/airflow/example_dags/example_dag_decorator.py
[2023-03-21 11:31:50,112] {scheduler_job.py:639} INFO - DAG(s) dict_keys(['example_dag_decorator']) retrieved from /home/airflow/.local/lib/python3.6/site-packages/airflow/example_dags/example_dag_decorator.py
[2023-03-21 11:31:50,139] {logging_mixin.py:104} INFO - [2023-03-21 11:31:50,139] {dag.py:1824} INFO - Sync 1 DAGs
[2023-03-21 11:31:50,160] {logging_mixin.py:104} INFO - [2023-03-21 11:31:50,160] {dag.py:2280} INFO - Setting next_dagrun for example_dag_decorator to None
[2023-03-21 11:31:50,174] {scheduler_job.py:190} INFO - Processing /home/airflow/.local/lib/python3.6/site-packages/airflow/example_dags/example_dag_decorator.py took 0.089 seconds
[2023-03-21 11:32:23,027] {scheduler_job.py:182} INFO - Started process (PID=106) to work on /home/airflow/.local/lib/python3.6/site-packages/airflow/example_dags/example_dag_decorator.py
[2023-03-21 11:32:23,033] {scheduler_job.py:629} INFO - Processing file /home/airflow/.local/lib/python3.6/site-packages/airflow/example_dags/example_dag_decorator.py for tasks to queue
[2023-03-21 11:32:23,037] {logging_mixin.py:104} INFO - [2023-03-21 11:32:23,037] {dagbag.py:451} INFO - Filling up the DagBag from /home/airflow/.local/lib/python3.6/site-packages/airflow/example_dags/example_dag_decorator.py
[2023-03-21 11:32:23,094] {scheduler_job.py:639} INFO - DAG(s) dict_keys(['example_dag_decorator']) retrieved from /home/airflow/.local/lib/python3.6/site-packages/airflow/example_dags/example_dag_decorator.py
[2023-03-21 11:32:23,167] {logging_mixin.py:104} INFO - [2023-03-21 11:32:23,167] {dag.py:1824} INFO - Sync 1 DAGs
[2023-03-21 11:32:23,213] {logging_mixin.py:104} INFO - [2023-03-21 11:32:23,213] {dag.py:2280} INFO - Setting next_dagrun for example_dag_decorator to None
[2023-03-21 11:32:23,248] {scheduler_job.py:190} INFO - Processing /home/airflow/.local/lib/python3.6/site-packages/airflow/example_dags/example_dag_decorator.py took 0.229 seconds
[2023-03-21 11:32:53,508] {scheduler_job.py:182} INFO - Started process (PID=132) to work on /home/airflow/.local/lib/python3.6/site-packages/airflow/example_dags/example_dag_decorator.py
[2023-03-21 11:32:53,511] {scheduler_job.py:629} INFO - Processing file /home/airflow/.local/lib/python3.6/site-packages/airflow/example_dags/example_dag_decorator.py for tasks to queue
[2023-03-21 11:32:53,514] {logging_mixin.py:104} INFO - [2023-03-21 11:32:53,514] {dagbag.py:451} INFO - Filling up the DagBag from /home/airflow/.local/lib/python3.6/site-packages/airflow/example_dags/example_dag_decorator.py
[2023-03-21 11:32:53,545] {scheduler_job.py:639} INFO - DAG(s) dict_keys(['example_dag_decorator']) retrieved from /home/airflow/.local/lib/python3.6/site-packages/airflow/example_dags/example_dag_decorator.py
[2023-03-21 11:32:53,612] {logging_mixin.py:104} INFO - [2023-03-21 11:32:53,611] {dag.py:1824} INFO - Sync 1 DAGs
[2023-03-21 11:32:53,651] {logging_mixin.py:104} INFO - [2023-03-21 11:32:53,650] {dag.py:2280} INFO - Setting next_dagrun for example_dag_decorator to None
[2023-03-21 11:32:53,666] {scheduler_job.py:190} INFO - Processing /home/airflow/.local/lib/python3.6/site-packages/airflow/example_dags/example_dag_decorator.py took 0.162 seconds
[2023-03-21 11:33:24,670] {scheduler_job.py:182} INFO - Started process (PID=158) to work on /home/airflow/.local/lib/python3.6/site-packages/airflow/example_dags/example_dag_decorator.py
[2023-03-21 11:33:24,673] {scheduler_job.py:629} INFO - Processing file /home/airflow/.local/lib/python3.6/site-packages/airflow/example_dags/example_dag_decorator.py for tasks to queue
[2023-03-21 11:33:24,674] {logging_mixin.py:104} INFO - [2023-03-21 11:33:24,674] {dagbag.py:451} INFO - Filling up the DagBag from /home/airflow/.local/lib/python3.6/site-packages/airflow/example_dags/example_dag_decorator.py
[2023-03-21 11:33:24,696] {scheduler_job.py:639} INFO - DAG(s) dict_keys(['example_dag_decorator']) retrieved from /home/airflow/.local/lib/python3.6/site-packages/airflow/example_dags/example_dag_decorator.py
[2023-03-21 11:33:24,774] {logging_mixin.py:104} INFO - [2023-03-21 11:33:24,774] {dag.py:1824} INFO - Sync 1 DAGs
[2023-03-21 11:33:24,789] {logging_mixin.py:104} INFO - [2023-03-21 11:33:24,789] {dag.py:2280} INFO - Setting next_dagrun for example_dag_decorator to None
[2023-03-21 11:33:24,801] {scheduler_job.py:190} INFO - Processing /home/airflow/.local/lib/python3.6/site-packages/airflow/example_dags/example_dag_decorator.py took 0.137 seconds
[2023-03-21 11:33:55,224] {scheduler_job.py:182} INFO - Started process (PID=184) to work on /home/airflow/.local/lib/python3.6/site-packages/airflow/example_dags/example_dag_decorator.py
[2023-03-21 11:33:55,228] {scheduler_job.py:629} INFO - Processing file /home/airflow/.local/lib/python3.6/site-packages/airflow/example_dags/example_dag_decorator.py for tasks to queue
[2023-03-21 11:33:55,229] {logging_mixin.py:104} INFO - [2023-03-21 11:33:55,229] {dagbag.py:451} INFO - Filling up the DagBag from /home/airflow/.local/lib/python3.6/site-packages/airflow/example_dags/example_dag_decorator.py
[2023-03-21 11:33:55,280] {scheduler_job.py:639} INFO - DAG(s) dict_keys(['example_dag_decorator']) retrieved from /home/airflow/.local/lib/python3.6/site-packages/airflow/example_dags/example_dag_decorator.py
[2023-03-21 11:33:55,331] {logging_mixin.py:104} INFO - [2023-03-21 11:33:55,331] {dag.py:1824} INFO - Sync 1 DAGs
[2023-03-21 11:33:55,347] {logging_mixin.py:104} INFO - [2023-03-21 11:33:55,347] {dag.py:2280} INFO - Setting next_dagrun for example_dag_decorator to None
[2023-03-21 11:33:55,358] {scheduler_job.py:190} INFO - Processing /home/airflow/.local/lib/python3.6/site-packages/airflow/example_dags/example_dag_decorator.py took 0.139 seconds
[2023-03-21 11:34:26,445] {scheduler_job.py:182} INFO - Started process (PID=210) to work on /home/airflow/.local/lib/python3.6/site-packages/airflow/example_dags/example_dag_decorator.py
[2023-03-21 11:34:26,447] {scheduler_job.py:629} INFO - Processing file /home/airflow/.local/lib/python3.6/site-packages/airflow/example_dags/example_dag_decorator.py for tasks to queue
[2023-03-21 11:34:26,448] {logging_mixin.py:104} INFO - [2023-03-21 11:34:26,448] {dagbag.py:451} INFO - Filling up the DagBag from /home/airflow/.local/lib/python3.6/site-packages/airflow/example_dags/example_dag_decorator.py
[2023-03-21 11:34:26,476] {scheduler_job.py:639} INFO - DAG(s) dict_keys(['example_dag_decorator']) retrieved from /home/airflow/.local/lib/python3.6/site-packages/airflow/example_dags/example_dag_decorator.py
[2023-03-21 11:34:26,511] {logging_mixin.py:104} INFO - [2023-03-21 11:34:26,511] {dag.py:1824} INFO - Sync 1 DAGs
[2023-03-21 11:34:26,527] {logging_mixin.py:104} INFO - [2023-03-21 11:34:26,527] {dag.py:2280} INFO - Setting next_dagrun for example_dag_decorator to None
[2023-03-21 11:34:26,549] {scheduler_job.py:190} INFO - Processing /home/airflow/.local/lib/python3.6/site-packages/airflow/example_dags/example_dag_decorator.py took 0.107 seconds
[2023-03-21 11:34:57,579] {scheduler_job.py:182} INFO - Started process (PID=239) to work on /home/airflow/.local/lib/python3.6/site-packages/airflow/example_dags/example_dag_decorator.py
[2023-03-21 11:34:57,580] {scheduler_job.py:629} INFO - Processing file /home/airflow/.local/lib/python3.6/site-packages/airflow/example_dags/example_dag_decorator.py for tasks to queue
[2023-03-21 11:34:57,581] {logging_mixin.py:104} INFO - [2023-03-21 11:34:57,581] {dagbag.py:451} INFO - Filling up the DagBag from /home/airflow/.local/lib/python3.6/site-packages/airflow/example_dags/example_dag_decorator.py
[2023-03-21 11:34:57,619] {scheduler_job.py:639} INFO - DAG(s) dict_keys(['example_dag_decorator']) retrieved from /home/airflow/.local/lib/python3.6/site-packages/airflow/example_dags/example_dag_decorator.py
[2023-03-21 11:34:57,654] {logging_mixin.py:104} INFO - [2023-03-21 11:34:57,654] {dag.py:1824} INFO - Sync 1 DAGs
[2023-03-21 11:34:57,670] {logging_mixin.py:104} INFO - [2023-03-21 11:34:57,670] {dag.py:2280} INFO - Setting next_dagrun for example_dag_decorator to None
[2023-03-21 11:34:57,684] {scheduler_job.py:190} INFO - Processing /home/airflow/.local/lib/python3.6/site-packages/airflow/example_dags/example_dag_decorator.py took 0.109 seconds
[2023-03-21 11:35:27,774] {scheduler_job.py:182} INFO - Started process (PID=265) to work on /home/airflow/.local/lib/python3.6/site-packages/airflow/example_dags/example_dag_decorator.py
[2023-03-21 11:35:27,776] {scheduler_job.py:629} INFO - Processing file /home/airflow/.local/lib/python3.6/site-packages/airflow/example_dags/example_dag_decorator.py for tasks to queue
[2023-03-21 11:35:27,778] {logging_mixin.py:104} INFO - [2023-03-21 11:35:27,777] {dagbag.py:451} INFO - Filling up the DagBag from /home/airflow/.local/lib/python3.6/site-packages/airflow/example_dags/example_dag_decorator.py
[2023-03-21 11:35:27,815] {scheduler_job.py:639} INFO - DAG(s) dict_keys(['example_dag_decorator']) retrieved from /home/airflow/.local/lib/python3.6/site-packages/airflow/example_dags/example_dag_decorator.py
[2023-03-21 11:35:27,869] {logging_mixin.py:104} INFO - [2023-03-21 11:35:27,869] {dag.py:1824} INFO - Sync 1 DAGs
[2023-03-21 11:35:27,898] {logging_mixin.py:104} INFO - [2023-03-21 11:35:27,898] {dag.py:2280} INFO - Setting next_dagrun for example_dag_decorator to None
[2023-03-21 11:35:27,914] {scheduler_job.py:190} INFO - Processing /home/airflow/.local/lib/python3.6/site-packages/airflow/example_dags/example_dag_decorator.py took 0.143 seconds
[2023-03-21 11:35:58,718] {scheduler_job.py:182} INFO - Started process (PID=291) to work on /home/airflow/.local/lib/python3.6/site-packages/airflow/example_dags/example_dag_decorator.py
[2023-03-21 11:35:58,719] {scheduler_job.py:629} INFO - Processing file /home/airflow/.local/lib/python3.6/site-packages/airflow/example_dags/example_dag_decorator.py for tasks to queue
[2023-03-21 11:35:58,720] {logging_mixin.py:104} INFO - [2023-03-21 11:35:58,720] {dagbag.py:451} INFO - Filling up the DagBag from /home/airflow/.local/lib/python3.6/site-packages/airflow/example_dags/example_dag_decorator.py
[2023-03-21 11:35:58,737] {scheduler_job.py:639} INFO - DAG(s) dict_keys(['example_dag_decorator']) retrieved from /home/airflow/.local/lib/python3.6/site-packages/airflow/example_dags/example_dag_decorator.py
[2023-03-21 11:35:58,758] {logging_mixin.py:104} INFO - [2023-03-21 11:35:58,758] {dag.py:1824} INFO - Sync 1 DAGs
[2023-03-21 11:35:58,768] {logging_mixin.py:104} INFO - [2023-03-21 11:35:58,768] {dag.py:2280} INFO - Setting next_dagrun for example_dag_decorator to None
[2023-03-21 11:35:58,777] {scheduler_job.py:190} INFO - Processing /home/airflow/.local/lib/python3.6/site-packages/airflow/example_dags/example_dag_decorator.py took 0.061 seconds
[2023-03-21 11:36:29,102] {scheduler_job.py:182} INFO - Started process (PID=317) to work on /home/airflow/.local/lib/python3.6/site-packages/airflow/example_dags/example_dag_decorator.py
[2023-03-21 11:36:29,103] {scheduler_job.py:629} INFO - Processing file /home/airflow/.local/lib/python3.6/site-packages/airflow/example_dags/example_dag_decorator.py for tasks to queue
[2023-03-21 11:36:29,104] {logging_mixin.py:104} INFO - [2023-03-21 11:36:29,104] {dagbag.py:451} INFO - Filling up the DagBag from /home/airflow/.local/lib/python3.6/site-packages/airflow/example_dags/example_dag_decorator.py
[2023-03-21 11:36:29,120] {scheduler_job.py:639} INFO - DAG(s) dict_keys(['example_dag_decorator']) retrieved from /home/airflow/.local/lib/python3.6/site-packages/airflow/example_dags/example_dag_decorator.py
[2023-03-21 11:36:29,141] {logging_mixin.py:104} INFO - [2023-03-21 11:36:29,141] {dag.py:1824} INFO - Sync 1 DAGs
[2023-03-21 11:36:29,151] {logging_mixin.py:104} INFO - [2023-03-21 11:36:29,151] {dag.py:2280} INFO - Setting next_dagrun for example_dag_decorator to None
[2023-03-21 11:36:29,159] {scheduler_job.py:190} INFO - Processing /home/airflow/.local/lib/python3.6/site-packages/airflow/example_dags/example_dag_decorator.py took 0.060 seconds
[2023-03-21 11:36:59,641] {scheduler_job.py:182} INFO - Started process (PID=343) to work on /home/airflow/.local/lib/python3.6/site-packages/airflow/example_dags/example_dag_decorator.py
[2023-03-21 11:36:59,643] {scheduler_job.py:629} INFO - Processing file /home/airflow/.local/lib/python3.6/site-packages/airflow/example_dags/example_dag_decorator.py for tasks to queue
[2023-03-21 11:36:59,643] {logging_mixin.py:104} INFO - [2023-03-21 11:36:59,643] {dagbag.py:451} INFO - Filling up the DagBag from /home/airflow/.local/lib/python3.6/site-packages/airflow/example_dags/example_dag_decorator.py
[2023-03-21 11:36:59,660] {scheduler_job.py:639} INFO - DAG(s) dict_keys(['example_dag_decorator']) retrieved from /home/airflow/.local/lib/python3.6/site-packages/airflow/example_dags/example_dag_decorator.py
[2023-03-21 11:36:59,682] {logging_mixin.py:104} INFO - [2023-03-21 11:36:59,682] {dag.py:1824} INFO - Sync 1 DAGs
[2023-03-21 11:36:59,691] {logging_mixin.py:104} INFO - [2023-03-21 11:36:59,691] {dag.py:2280} INFO - Setting next_dagrun for example_dag_decorator to None
[2023-03-21 11:36:59,699] {scheduler_job.py:190} INFO - Processing /home/airflow/.local/lib/python3.6/site-packages/airflow/example_dags/example_dag_decorator.py took 0.060 seconds
[2023-03-21 11:37:29,957] {scheduler_job.py:182} INFO - Started process (PID=369) to work on /home/airflow/.local/lib/python3.6/site-packages/airflow/example_dags/example_dag_decorator.py
[2023-03-21 11:37:29,959] {scheduler_job.py:629} INFO - Processing file /home/airflow/.local/lib/python3.6/site-packages/airflow/example_dags/example_dag_decorator.py for tasks to queue
[2023-03-21 11:37:29,960] {logging_mixin.py:104} INFO - [2023-03-21 11:37:29,960] {dagbag.py:451} INFO - Filling up the DagBag from /home/airflow/.local/lib/python3.6/site-packages/airflow/example_dags/example_dag_decorator.py
[2023-03-21 11:37:29,976] {scheduler_job.py:639} INFO - DAG(s) dict_keys(['example_dag_decorator']) retrieved from /home/airflow/.local/lib/python3.6/site-packages/airflow/example_dags/example_dag_decorator.py
[2023-03-21 11:37:29,997] {logging_mixin.py:104} INFO - [2023-03-21 11:37:29,997] {dag.py:1824} INFO - Sync 1 DAGs
[2023-03-21 11:37:30,007] {logging_mixin.py:104} INFO - [2023-03-21 11:37:30,007] {dag.py:2280} INFO - Setting next_dagrun for example_dag_decorator to None
[2023-03-21 11:37:30,015] {scheduler_job.py:190} INFO - Processing /home/airflow/.local/lib/python3.6/site-packages/airflow/example_dags/example_dag_decorator.py took 0.060 seconds
[2023-03-21 11:38:00,494] {scheduler_job.py:182} INFO - Started process (PID=395) to work on /home/airflow/.local/lib/python3.6/site-packages/airflow/example_dags/example_dag_decorator.py
[2023-03-21 11:38:00,495] {scheduler_job.py:629} INFO - Processing file /home/airflow/.local/lib/python3.6/site-packages/airflow/example_dags/example_dag_decorator.py for tasks to queue
[2023-03-21 11:38:00,496] {logging_mixin.py:104} INFO - [2023-03-21 11:38:00,496] {dagbag.py:451} INFO - Filling up the DagBag from /home/airflow/.local/lib/python3.6/site-packages/airflow/example_dags/example_dag_decorator.py
[2023-03-21 11:38:00,513] {scheduler_job.py:639} INFO - DAG(s) dict_keys(['example_dag_decorator']) retrieved from /home/airflow/.local/lib/python3.6/site-packages/airflow/example_dags/example_dag_decorator.py
[2023-03-21 11:38:00,533] {logging_mixin.py:104} INFO - [2023-03-21 11:38:00,533] {dag.py:1824} INFO - Sync 1 DAGs
[2023-03-21 11:38:00,543] {logging_mixin.py:104} INFO - [2023-03-21 11:38:00,543] {dag.py:2280} INFO - Setting next_dagrun for example_dag_decorator to None
[2023-03-21 11:38:00,552] {scheduler_job.py:190} INFO - Processing /home/airflow/.local/lib/python3.6/site-packages/airflow/example_dags/example_dag_decorator.py took 0.061 seconds
[2023-03-21 11:38:31,035] {scheduler_job.py:182} INFO - Started process (PID=421) to work on /home/airflow/.local/lib/python3.6/site-packages/airflow/example_dags/example_dag_decorator.py
[2023-03-21 11:38:31,041] {scheduler_job.py:629} INFO - Processing file /home/airflow/.local/lib/python3.6/site-packages/airflow/example_dags/example_dag_decorator.py for tasks to queue
[2023-03-21 11:38:31,042] {logging_mixin.py:104} INFO - [2023-03-21 11:38:31,042] {dagbag.py:451} INFO - Filling up the DagBag from /home/airflow/.local/lib/python3.6/site-packages/airflow/example_dags/example_dag_decorator.py
[2023-03-21 11:38:31,054] {scheduler_job.py:639} INFO - DAG(s) dict_keys(['example_dag_decorator']) retrieved from /home/airflow/.local/lib/python3.6/site-packages/airflow/example_dags/example_dag_decorator.py
[2023-03-21 11:38:31,075] {logging_mixin.py:104} INFO - [2023-03-21 11:38:31,075] {dag.py:1824} INFO - Sync 1 DAGs
[2023-03-21 11:38:31,084] {logging_mixin.py:104} INFO - [2023-03-21 11:38:31,084] {dag.py:2280} INFO - Setting next_dagrun for example_dag_decorator to None
[2023-03-21 11:38:31,093] {scheduler_job.py:190} INFO - Processing /home/airflow/.local/lib/python3.6/site-packages/airflow/example_dags/example_dag_decorator.py took 0.061 seconds
[2023-03-21 11:39:01,467] {scheduler_job.py:182} INFO - Started process (PID=447) to work on /home/airflow/.local/lib/python3.6/site-packages/airflow/example_dags/example_dag_decorator.py
[2023-03-21 11:39:01,469] {scheduler_job.py:629} INFO - Processing file /home/airflow/.local/lib/python3.6/site-packages/airflow/example_dags/example_dag_decorator.py for tasks to queue
[2023-03-21 11:39:01,469] {logging_mixin.py:104} INFO - [2023-03-21 11:39:01,469] {dagbag.py:451} INFO - Filling up the DagBag from /home/airflow/.local/lib/python3.6/site-packages/airflow/example_dags/example_dag_decorator.py
[2023-03-21 11:39:01,483] {scheduler_job.py:639} INFO - DAG(s) dict_keys(['example_dag_decorator']) retrieved from /home/airflow/.local/lib/python3.6/site-packages/airflow/example_dags/example_dag_decorator.py
[2023-03-21 11:39:01,504] {logging_mixin.py:104} INFO - [2023-03-21 11:39:01,504] {dag.py:1824} INFO - Sync 1 DAGs
[2023-03-21 11:39:01,516] {logging_mixin.py:104} INFO - [2023-03-21 11:39:01,516] {dag.py:2280} INFO - Setting next_dagrun for example_dag_decorator to None
[2023-03-21 11:39:01,527] {scheduler_job.py:190} INFO - Processing /home/airflow/.local/lib/python3.6/site-packages/airflow/example_dags/example_dag_decorator.py took 0.062 seconds
[2023-03-21 11:39:32,053] {scheduler_job.py:182} INFO - Started process (PID=473) to work on /home/airflow/.local/lib/python3.6/site-packages/airflow/example_dags/example_dag_decorator.py
[2023-03-21 11:39:32,054] {scheduler_job.py:629} INFO - Processing file /home/airflow/.local/lib/python3.6/site-packages/airflow/example_dags/example_dag_decorator.py for tasks to queue
[2023-03-21 11:39:32,055] {logging_mixin.py:104} INFO - [2023-03-21 11:39:32,055] {dagbag.py:451} INFO - Filling up the DagBag from /home/airflow/.local/lib/python3.6/site-packages/airflow/example_dags/example_dag_decorator.py
[2023-03-21 11:39:32,075] {scheduler_job.py:639} INFO - DAG(s) dict_keys(['example_dag_decorator']) retrieved from /home/airflow/.local/lib/python3.6/site-packages/airflow/example_dags/example_dag_decorator.py
[2023-03-21 11:39:32,098] {logging_mixin.py:104} INFO - [2023-03-21 11:39:32,098] {dag.py:1824} INFO - Sync 1 DAGs
[2023-03-21 11:39:32,110] {logging_mixin.py:104} INFO - [2023-03-21 11:39:32,110] {dag.py:2280} INFO - Setting next_dagrun for example_dag_decorator to None
[2023-03-21 11:39:32,120] {scheduler_job.py:190} INFO - Processing /home/airflow/.local/lib/python3.6/site-packages/airflow/example_dags/example_dag_decorator.py took 0.070 seconds
[2023-03-21 11:40:02,621] {scheduler_job.py:182} INFO - Started process (PID=499) to work on /home/airflow/.local/lib/python3.6/site-packages/airflow/example_dags/example_dag_decorator.py
[2023-03-21 11:40:02,622] {scheduler_job.py:629} INFO - Processing file /home/airflow/.local/lib/python3.6/site-packages/airflow/example_dags/example_dag_decorator.py for tasks to queue
[2023-03-21 11:40:02,623] {logging_mixin.py:104} INFO - [2023-03-21 11:40:02,623] {dagbag.py:451} INFO - Filling up the DagBag from /home/airflow/.local/lib/python3.6/site-packages/airflow/example_dags/example_dag_decorator.py
[2023-03-21 11:40:02,636] {scheduler_job.py:639} INFO - DAG(s) dict_keys(['example_dag_decorator']) retrieved from /home/airflow/.local/lib/python3.6/site-packages/airflow/example_dags/example_dag_decorator.py
[2023-03-21 11:40:02,657] {logging_mixin.py:104} INFO - [2023-03-21 11:40:02,657] {dag.py:1824} INFO - Sync 1 DAGs
[2023-03-21 11:40:02,669] {logging_mixin.py:104} INFO - [2023-03-21 11:40:02,669] {dag.py:2280} INFO - Setting next_dagrun for example_dag_decorator to None
[2023-03-21 11:40:02,679] {scheduler_job.py:190} INFO - Processing /home/airflow/.local/lib/python3.6/site-packages/airflow/example_dags/example_dag_decorator.py took 0.061 seconds
[2023-03-21 11:40:33,111] {scheduler_job.py:182} INFO - Started process (PID=525) to work on /home/airflow/.local/lib/python3.6/site-packages/airflow/example_dags/example_dag_decorator.py
[2023-03-21 11:40:33,112] {scheduler_job.py:629} INFO - Processing file /home/airflow/.local/lib/python3.6/site-packages/airflow/example_dags/example_dag_decorator.py for tasks to queue
[2023-03-21 11:40:33,113] {logging_mixin.py:104} INFO - [2023-03-21 11:40:33,113] {dagbag.py:451} INFO - Filling up the DagBag from /home/airflow/.local/lib/python3.6/site-packages/airflow/example_dags/example_dag_decorator.py
[2023-03-21 11:40:33,126] {scheduler_job.py:639} INFO - DAG(s) dict_keys(['example_dag_decorator']) retrieved from /home/airflow/.local/lib/python3.6/site-packages/airflow/example_dags/example_dag_decorator.py
[2023-03-21 11:40:33,148] {logging_mixin.py:104} INFO - [2023-03-21 11:40:33,148] {dag.py:1824} INFO - Sync 1 DAGs
[2023-03-21 11:40:33,161] {logging_mixin.py:104} INFO - [2023-03-21 11:40:33,161] {dag.py:2280} INFO - Setting next_dagrun for example_dag_decorator to None
[2023-03-21 11:40:33,173] {scheduler_job.py:190} INFO - Processing /home/airflow/.local/lib/python3.6/site-packages/airflow/example_dags/example_dag_decorator.py took 0.065 seconds
[2023-03-21 11:41:03,537] {scheduler_job.py:182} INFO - Started process (PID=551) to work on /home/airflow/.local/lib/python3.6/site-packages/airflow/example_dags/example_dag_decorator.py
[2023-03-21 11:41:03,538] {scheduler_job.py:629} INFO - Processing file /home/airflow/.local/lib/python3.6/site-packages/airflow/example_dags/example_dag_decorator.py for tasks to queue
[2023-03-21 11:41:03,539] {logging_mixin.py:104} INFO - [2023-03-21 11:41:03,539] {dagbag.py:451} INFO - Filling up the DagBag from /home/airflow/.local/lib/python3.6/site-packages/airflow/example_dags/example_dag_decorator.py
[2023-03-21 11:41:03,553] {scheduler_job.py:639} INFO - DAG(s) dict_keys(['example_dag_decorator']) retrieved from /home/airflow/.local/lib/python3.6/site-packages/airflow/example_dags/example_dag_decorator.py
[2023-03-21 11:41:03,574] {logging_mixin.py:104} INFO - [2023-03-21 11:41:03,574] {dag.py:1824} INFO - Sync 1 DAGs
[2023-03-21 11:41:03,585] {logging_mixin.py:104} INFO - [2023-03-21 11:41:03,584] {dag.py:2280} INFO - Setting next_dagrun for example_dag_decorator to None
[2023-03-21 11:41:03,594] {scheduler_job.py:190} INFO - Processing /home/airflow/.local/lib/python3.6/site-packages/airflow/example_dags/example_dag_decorator.py took 0.060 seconds
[2023-03-21 11:41:34,155] {scheduler_job.py:182} INFO - Started process (PID=577) to work on /home/airflow/.local/lib/python3.6/site-packages/airflow/example_dags/example_dag_decorator.py
[2023-03-21 11:41:34,157] {scheduler_job.py:629} INFO - Processing file /home/airflow/.local/lib/python3.6/site-packages/airflow/example_dags/example_dag_decorator.py for tasks to queue
[2023-03-21 11:41:34,157] {logging_mixin.py:104} INFO - [2023-03-21 11:41:34,157] {dagbag.py:451} INFO - Filling up the DagBag from /home/airflow/.local/lib/python3.6/site-packages/airflow/example_dags/example_dag_decorator.py
[2023-03-21 11:41:34,171] {scheduler_job.py:639} INFO - DAG(s) dict_keys(['example_dag_decorator']) retrieved from /home/airflow/.local/lib/python3.6/site-packages/airflow/example_dags/example_dag_decorator.py
[2023-03-21 11:41:34,193] {logging_mixin.py:104} INFO - [2023-03-21 11:41:34,193] {dag.py:1824} INFO - Sync 1 DAGs
[2023-03-21 11:41:34,203] {logging_mixin.py:104} INFO - [2023-03-21 11:41:34,203] {dag.py:2280} INFO - Setting next_dagrun for example_dag_decorator to None
[2023-03-21 11:41:34,210] {scheduler_job.py:190} INFO - Processing /home/airflow/.local/lib/python3.6/site-packages/airflow/example_dags/example_dag_decorator.py took 0.058 seconds
[2023-03-21 11:42:04,672] {scheduler_job.py:182} INFO - Started process (PID=603) to work on /home/airflow/.local/lib/python3.6/site-packages/airflow/example_dags/example_dag_decorator.py
[2023-03-21 11:42:04,674] {scheduler_job.py:629} INFO - Processing file /home/airflow/.local/lib/python3.6/site-packages/airflow/example_dags/example_dag_decorator.py for tasks to queue
[2023-03-21 11:42:04,675] {logging_mixin.py:104} INFO - [2023-03-21 11:42:04,675] {dagbag.py:451} INFO - Filling up the DagBag from /home/airflow/.local/lib/python3.6/site-packages/airflow/example_dags/example_dag_decorator.py
[2023-03-21 11:42:04,689] {scheduler_job.py:639} INFO - DAG(s) dict_keys(['example_dag_decorator']) retrieved from /home/airflow/.local/lib/python3.6/site-packages/airflow/example_dags/example_dag_decorator.py
[2023-03-21 11:42:04,710] {logging_mixin.py:104} INFO - [2023-03-21 11:42:04,710] {dag.py:1824} INFO - Sync 1 DAGs
[2023-03-21 11:42:04,721] {logging_mixin.py:104} INFO - [2023-03-21 11:42:04,721] {dag.py:2280} INFO - Setting next_dagrun for example_dag_decorator to None
[2023-03-21 11:42:04,730] {scheduler_job.py:190} INFO - Processing /home/airflow/.local/lib/python3.6/site-packages/airflow/example_dags/example_dag_decorator.py took 0.061 seconds
[2023-03-21 11:42:35,142] {scheduler_job.py:182} INFO - Started process (PID=629) to work on /home/airflow/.local/lib/python3.6/site-packages/airflow/example_dags/example_dag_decorator.py
[2023-03-21 11:42:35,143] {scheduler_job.py:629} INFO - Processing file /home/airflow/.local/lib/python3.6/site-packages/airflow/example_dags/example_dag_decorator.py for tasks to queue
[2023-03-21 11:42:35,144] {logging_mixin.py:104} INFO - [2023-03-21 11:42:35,144] {dagbag.py:451} INFO - Filling up the DagBag from /home/airflow/.local/lib/python3.6/site-packages/airflow/example_dags/example_dag_decorator.py
[2023-03-21 11:42:35,157] {scheduler_job.py:639} INFO - DAG(s) dict_keys(['example_dag_decorator']) retrieved from /home/airflow/.local/lib/python3.6/site-packages/airflow/example_dags/example_dag_decorator.py
[2023-03-21 11:42:35,179] {logging_mixin.py:104} INFO - [2023-03-21 11:42:35,179] {dag.py:1824} INFO - Sync 1 DAGs
[2023-03-21 11:42:35,189] {logging_mixin.py:104} INFO - [2023-03-21 11:42:35,189] {dag.py:2280} INFO - Setting next_dagrun for example_dag_decorator to None
[2023-03-21 11:42:35,198] {scheduler_job.py:190} INFO - Processing /home/airflow/.local/lib/python3.6/site-packages/airflow/example_dags/example_dag_decorator.py took 0.059 seconds
[2023-03-21 11:43:05,609] {scheduler_job.py:182} INFO - Started process (PID=655) to work on /home/airflow/.local/lib/python3.6/site-packages/airflow/example_dags/example_dag_decorator.py
[2023-03-21 11:43:05,610] {scheduler_job.py:629} INFO - Processing file /home/airflow/.local/lib/python3.6/site-packages/airflow/example_dags/example_dag_decorator.py for tasks to queue
[2023-03-21 11:43:05,611] {logging_mixin.py:104} INFO - [2023-03-21 11:43:05,611] {dagbag.py:451} INFO - Filling up the DagBag from /home/airflow/.local/lib/python3.6/site-packages/airflow/example_dags/example_dag_decorator.py
[2023-03-21 11:43:05,625] {scheduler_job.py:639} INFO - DAG(s) dict_keys(['example_dag_decorator']) retrieved from /home/airflow/.local/lib/python3.6/site-packages/airflow/example_dags/example_dag_decorator.py
[2023-03-21 11:43:05,646] {logging_mixin.py:104} INFO - [2023-03-21 11:43:05,646] {dag.py:1824} INFO - Sync 1 DAGs
[2023-03-21 11:43:05,657] {logging_mixin.py:104} INFO - [2023-03-21 11:43:05,657] {dag.py:2280} INFO - Setting next_dagrun for example_dag_decorator to None
[2023-03-21 11:43:05,665] {scheduler_job.py:190} INFO - Processing /home/airflow/.local/lib/python3.6/site-packages/airflow/example_dags/example_dag_decorator.py took 0.060 seconds
[2023-03-21 11:43:35,965] {scheduler_job.py:182} INFO - Started process (PID=681) to work on /home/airflow/.local/lib/python3.6/site-packages/airflow/example_dags/example_dag_decorator.py
[2023-03-21 11:43:35,967] {scheduler_job.py:629} INFO - Processing file /home/airflow/.local/lib/python3.6/site-packages/airflow/example_dags/example_dag_decorator.py for tasks to queue
[2023-03-21 11:43:35,968] {logging_mixin.py:104} INFO - [2023-03-21 11:43:35,968] {dagbag.py:451} INFO - Filling up the DagBag from /home/airflow/.local/lib/python3.6/site-packages/airflow/example_dags/example_dag_decorator.py
[2023-03-21 11:43:35,981] {scheduler_job.py:639} INFO - DAG(s) dict_keys(['example_dag_decorator']) retrieved from /home/airflow/.local/lib/python3.6/site-packages/airflow/example_dags/example_dag_decorator.py
[2023-03-21 11:43:36,000] {logging_mixin.py:104} INFO - [2023-03-21 11:43:36,000] {dag.py:1824} INFO - Sync 1 DAGs
[2023-03-21 11:43:36,011] {logging_mixin.py:104} INFO - [2023-03-21 11:43:36,011] {dag.py:2280} INFO - Setting next_dagrun for example_dag_decorator to None
[2023-03-21 11:43:36,020] {scheduler_job.py:190} INFO - Processing /home/airflow/.local/lib/python3.6/site-packages/airflow/example_dags/example_dag_decorator.py took 0.057 seconds
[2023-03-21 11:44:06,398] {scheduler_job.py:182} INFO - Started process (PID=707) to work on /home/airflow/.local/lib/python3.6/site-packages/airflow/example_dags/example_dag_decorator.py
[2023-03-21 11:44:06,399] {scheduler_job.py:629} INFO - Processing file /home/airflow/.local/lib/python3.6/site-packages/airflow/example_dags/example_dag_decorator.py for tasks to queue
[2023-03-21 11:44:06,400] {logging_mixin.py:104} INFO - [2023-03-21 11:44:06,400] {dagbag.py:451} INFO - Filling up the DagBag from /home/airflow/.local/lib/python3.6/site-packages/airflow/example_dags/example_dag_decorator.py
[2023-03-21 11:44:06,413] {scheduler_job.py:639} INFO - DAG(s) dict_keys(['example_dag_decorator']) retrieved from /home/airflow/.local/lib/python3.6/site-packages/airflow/example_dags/example_dag_decorator.py
[2023-03-21 11:44:06,434] {logging_mixin.py:104} INFO - [2023-03-21 11:44:06,434] {dag.py:1824} INFO - Sync 1 DAGs
[2023-03-21 11:44:06,444] {logging_mixin.py:104} INFO - [2023-03-21 11:44:06,444] {dag.py:2280} INFO - Setting next_dagrun for example_dag_decorator to None
[2023-03-21 11:44:06,452] {scheduler_job.py:190} INFO - Processing /home/airflow/.local/lib/python3.6/site-packages/airflow/example_dags/example_dag_decorator.py took 0.057 seconds
[2023-03-21 11:44:36,786] {scheduler_job.py:182} INFO - Started process (PID=733) to work on /home/airflow/.local/lib/python3.6/site-packages/airflow/example_dags/example_dag_decorator.py
[2023-03-21 11:44:36,788] {scheduler_job.py:629} INFO - Processing file /home/airflow/.local/lib/python3.6/site-packages/airflow/example_dags/example_dag_decorator.py for tasks to queue
[2023-03-21 11:44:36,789] {logging_mixin.py:104} INFO - [2023-03-21 11:44:36,788] {dagbag.py:451} INFO - Filling up the DagBag from /home/airflow/.local/lib/python3.6/site-packages/airflow/example_dags/example_dag_decorator.py
[2023-03-21 11:44:36,801] {scheduler_job.py:639} INFO - DAG(s) dict_keys(['example_dag_decorator']) retrieved from /home/airflow/.local/lib/python3.6/site-packages/airflow/example_dags/example_dag_decorator.py
[2023-03-21 11:44:36,823] {logging_mixin.py:104} INFO - [2023-03-21 11:44:36,823] {dag.py:1824} INFO - Sync 1 DAGs
[2023-03-21 11:44:36,833] {logging_mixin.py:104} INFO - [2023-03-21 11:44:36,833] {dag.py:2280} INFO - Setting next_dagrun for example_dag_decorator to None
[2023-03-21 11:44:36,841] {scheduler_job.py:190} INFO - Processing /home/airflow/.local/lib/python3.6/site-packages/airflow/example_dags/example_dag_decorator.py took 0.058 seconds
[2023-03-21 11:45:07,247] {scheduler_job.py:182} INFO - Started process (PID=759) to work on /home/airflow/.local/lib/python3.6/site-packages/airflow/example_dags/example_dag_decorator.py
[2023-03-21 11:45:07,248] {scheduler_job.py:629} INFO - Processing file /home/airflow/.local/lib/python3.6/site-packages/airflow/example_dags/example_dag_decorator.py for tasks to queue
[2023-03-21 11:45:07,249] {logging_mixin.py:104} INFO - [2023-03-21 11:45:07,249] {dagbag.py:451} INFO - Filling up the DagBag from /home/airflow/.local/lib/python3.6/site-packages/airflow/example_dags/example_dag_decorator.py
[2023-03-21 11:45:07,263] {scheduler_job.py:639} INFO - DAG(s) dict_keys(['example_dag_decorator']) retrieved from /home/airflow/.local/lib/python3.6/site-packages/airflow/example_dags/example_dag_decorator.py
[2023-03-21 11:45:07,286] {logging_mixin.py:104} INFO - [2023-03-21 11:45:07,286] {dag.py:1824} INFO - Sync 1 DAGs
[2023-03-21 11:45:07,297] {logging_mixin.py:104} INFO - [2023-03-21 11:45:07,297] {dag.py:2280} INFO - Setting next_dagrun for example_dag_decorator to None
[2023-03-21 11:45:07,305] {scheduler_job.py:190} INFO - Processing /home/airflow/.local/lib/python3.6/site-packages/airflow/example_dags/example_dag_decorator.py took 0.061 seconds
[2023-03-21 11:45:38,127] {scheduler_job.py:182} INFO - Started process (PID=785) to work on /home/airflow/.local/lib/python3.6/site-packages/airflow/example_dags/example_dag_decorator.py
[2023-03-21 11:45:38,128] {scheduler_job.py:629} INFO - Processing file /home/airflow/.local/lib/python3.6/site-packages/airflow/example_dags/example_dag_decorator.py for tasks to queue
[2023-03-21 11:45:38,129] {logging_mixin.py:104} INFO - [2023-03-21 11:45:38,129] {dagbag.py:451} INFO - Filling up the DagBag from /home/airflow/.local/lib/python3.6/site-packages/airflow/example_dags/example_dag_decorator.py
[2023-03-21 11:45:38,143] {scheduler_job.py:639} INFO - DAG(s) dict_keys(['example_dag_decorator']) retrieved from /home/airflow/.local/lib/python3.6/site-packages/airflow/example_dags/example_dag_decorator.py
[2023-03-21 11:45:38,165] {logging_mixin.py:104} INFO - [2023-03-21 11:45:38,165] {dag.py:1824} INFO - Sync 1 DAGs
[2023-03-21 11:45:38,177] {logging_mixin.py:104} INFO - [2023-03-21 11:45:38,176] {dag.py:2280} INFO - Setting next_dagrun for example_dag_decorator to None
[2023-03-21 11:45:38,188] {scheduler_job.py:190} INFO - Processing /home/airflow/.local/lib/python3.6/site-packages/airflow/example_dags/example_dag_decorator.py took 0.064 seconds
[2023-03-21 11:46:08,592] {scheduler_job.py:182} INFO - Started process (PID=811) to work on /home/airflow/.local/lib/python3.6/site-packages/airflow/example_dags/example_dag_decorator.py
[2023-03-21 11:46:08,594] {scheduler_job.py:629} INFO - Processing file /home/airflow/.local/lib/python3.6/site-packages/airflow/example_dags/example_dag_decorator.py for tasks to queue
[2023-03-21 11:46:08,595] {logging_mixin.py:104} INFO - [2023-03-21 11:46:08,595] {dagbag.py:451} INFO - Filling up the DagBag from /home/airflow/.local/lib/python3.6/site-packages/airflow/example_dags/example_dag_decorator.py
[2023-03-21 11:46:08,611] {scheduler_job.py:639} INFO - DAG(s) dict_keys(['example_dag_decorator']) retrieved from /home/airflow/.local/lib/python3.6/site-packages/airflow/example_dags/example_dag_decorator.py
[2023-03-21 11:46:08,632] {logging_mixin.py:104} INFO - [2023-03-21 11:46:08,632] {dag.py:1824} INFO - Sync 1 DAGs
[2023-03-21 11:46:08,645] {logging_mixin.py:104} INFO - [2023-03-21 11:46:08,645] {dag.py:2280} INFO - Setting next_dagrun for example_dag_decorator to None
[2023-03-21 11:46:08,654] {scheduler_job.py:190} INFO - Processing /home/airflow/.local/lib/python3.6/site-packages/airflow/example_dags/example_dag_decorator.py took 0.065 seconds
