[2023-03-21 11:31:20,890] {scheduler_job.py:182} INFO - Started process (PID=54) to work on /home/airflow/.local/lib/python3.6/site-packages/airflow/example_dags/example_bash_operator.py
[2023-03-21 11:31:20,901] {scheduler_job.py:629} INFO - Processing file /home/airflow/.local/lib/python3.6/site-packages/airflow/example_dags/example_bash_operator.py for tasks to queue
[2023-03-21 11:31:20,908] {logging_mixin.py:104} INFO - [2023-03-21 11:31:20,906] {dagbag.py:451} INFO - Filling up the DagBag from /home/airflow/.local/lib/python3.6/site-packages/airflow/example_dags/example_bash_operator.py
[2023-03-21 11:31:20,939] {scheduler_job.py:639} INFO - DAG(s) dict_keys(['example_bash_operator']) retrieved from /home/airflow/.local/lib/python3.6/site-packages/airflow/example_dags/example_bash_operator.py
[2023-03-21 11:31:21,015] {logging_mixin.py:104} INFO - [2023-03-21 11:31:21,015] {dag.py:1824} INFO - Sync 1 DAGs
[2023-03-21 11:31:21,063] {logging_mixin.py:104} INFO - [2023-03-21 11:31:21,062] {dag.py:2280} INFO - Setting next_dagrun for example_bash_operator to 2023-03-19 00:00:00+00:00
[2023-03-21 11:31:21,116] {scheduler_job.py:190} INFO - Processing /home/airflow/.local/lib/python3.6/site-packages/airflow/example_dags/example_bash_operator.py took 0.245 seconds
[2023-03-21 11:31:52,135] {scheduler_job.py:182} INFO - Started process (PID=82) to work on /home/airflow/.local/lib/python3.6/site-packages/airflow/example_dags/example_bash_operator.py
[2023-03-21 11:31:52,136] {scheduler_job.py:629} INFO - Processing file /home/airflow/.local/lib/python3.6/site-packages/airflow/example_dags/example_bash_operator.py for tasks to queue
[2023-03-21 11:31:52,138] {logging_mixin.py:104} INFO - [2023-03-21 11:31:52,138] {dagbag.py:451} INFO - Filling up the DagBag from /home/airflow/.local/lib/python3.6/site-packages/airflow/example_dags/example_bash_operator.py
[2023-03-21 11:31:52,155] {scheduler_job.py:639} INFO - DAG(s) dict_keys(['example_bash_operator']) retrieved from /home/airflow/.local/lib/python3.6/site-packages/airflow/example_dags/example_bash_operator.py
[2023-03-21 11:31:52,207] {logging_mixin.py:104} INFO - [2023-03-21 11:31:52,207] {dag.py:1824} INFO - Sync 1 DAGs
[2023-03-21 11:31:52,232] {logging_mixin.py:104} INFO - [2023-03-21 11:31:52,231] {dag.py:2280} INFO - Setting next_dagrun for example_bash_operator to 2023-03-19 00:00:00+00:00
[2023-03-21 11:31:52,240] {scheduler_job.py:190} INFO - Processing /home/airflow/.local/lib/python3.6/site-packages/airflow/example_dags/example_bash_operator.py took 0.110 seconds
[2023-03-21 11:32:24,797] {scheduler_job.py:182} INFO - Started process (PID=117) to work on /home/airflow/.local/lib/python3.6/site-packages/airflow/example_dags/example_bash_operator.py
[2023-03-21 11:32:24,800] {scheduler_job.py:629} INFO - Processing file /home/airflow/.local/lib/python3.6/site-packages/airflow/example_dags/example_bash_operator.py for tasks to queue
[2023-03-21 11:32:24,802] {logging_mixin.py:104} INFO - [2023-03-21 11:32:24,802] {dagbag.py:451} INFO - Filling up the DagBag from /home/airflow/.local/lib/python3.6/site-packages/airflow/example_dags/example_bash_operator.py
[2023-03-21 11:32:24,821] {scheduler_job.py:639} INFO - DAG(s) dict_keys(['example_bash_operator']) retrieved from /home/airflow/.local/lib/python3.6/site-packages/airflow/example_dags/example_bash_operator.py
[2023-03-21 11:32:24,846] {logging_mixin.py:104} INFO - [2023-03-21 11:32:24,846] {dag.py:1824} INFO - Sync 1 DAGs
[2023-03-21 11:32:24,865] {logging_mixin.py:104} INFO - [2023-03-21 11:32:24,865] {dag.py:2280} INFO - Setting next_dagrun for example_bash_operator to 2023-03-21 00:00:00+00:00
[2023-03-21 11:32:24,875] {scheduler_job.py:190} INFO - Processing /home/airflow/.local/lib/python3.6/site-packages/airflow/example_dags/example_bash_operator.py took 0.084 seconds
[2023-03-21 11:32:55,374] {scheduler_job.py:182} INFO - Started process (PID=143) to work on /home/airflow/.local/lib/python3.6/site-packages/airflow/example_dags/example_bash_operator.py
[2023-03-21 11:32:55,376] {scheduler_job.py:629} INFO - Processing file /home/airflow/.local/lib/python3.6/site-packages/airflow/example_dags/example_bash_operator.py for tasks to queue
[2023-03-21 11:32:55,380] {logging_mixin.py:104} INFO - [2023-03-21 11:32:55,380] {dagbag.py:451} INFO - Filling up the DagBag from /home/airflow/.local/lib/python3.6/site-packages/airflow/example_dags/example_bash_operator.py
[2023-03-21 11:32:55,406] {scheduler_job.py:639} INFO - DAG(s) dict_keys(['example_bash_operator']) retrieved from /home/airflow/.local/lib/python3.6/site-packages/airflow/example_dags/example_bash_operator.py
[2023-03-21 11:32:55,433] {logging_mixin.py:104} INFO - [2023-03-21 11:32:55,433] {dag.py:1824} INFO - Sync 1 DAGs
[2023-03-21 11:32:55,452] {logging_mixin.py:104} INFO - [2023-03-21 11:32:55,452] {dag.py:2280} INFO - Setting next_dagrun for example_bash_operator to 2023-03-21 00:00:00+00:00
[2023-03-21 11:32:55,460] {scheduler_job.py:190} INFO - Processing /home/airflow/.local/lib/python3.6/site-packages/airflow/example_dags/example_bash_operator.py took 0.090 seconds
[2023-03-21 11:33:25,915] {scheduler_job.py:182} INFO - Started process (PID=165) to work on /home/airflow/.local/lib/python3.6/site-packages/airflow/example_dags/example_bash_operator.py
[2023-03-21 11:33:25,917] {scheduler_job.py:629} INFO - Processing file /home/airflow/.local/lib/python3.6/site-packages/airflow/example_dags/example_bash_operator.py for tasks to queue
[2023-03-21 11:33:25,917] {logging_mixin.py:104} INFO - [2023-03-21 11:33:25,917] {dagbag.py:451} INFO - Filling up the DagBag from /home/airflow/.local/lib/python3.6/site-packages/airflow/example_dags/example_bash_operator.py
[2023-03-21 11:33:25,930] {scheduler_job.py:639} INFO - DAG(s) dict_keys(['example_bash_operator']) retrieved from /home/airflow/.local/lib/python3.6/site-packages/airflow/example_dags/example_bash_operator.py
[2023-03-21 11:33:25,950] {logging_mixin.py:104} INFO - [2023-03-21 11:33:25,949] {dag.py:1824} INFO - Sync 1 DAGs
[2023-03-21 11:33:25,968] {logging_mixin.py:104} INFO - [2023-03-21 11:33:25,967] {dag.py:2280} INFO - Setting next_dagrun for example_bash_operator to 2023-03-21 00:00:00+00:00
[2023-03-21 11:33:25,976] {scheduler_job.py:190} INFO - Processing /home/airflow/.local/lib/python3.6/site-packages/airflow/example_dags/example_bash_operator.py took 0.063 seconds
[2023-03-21 11:33:57,805] {scheduler_job.py:182} INFO - Started process (PID=198) to work on /home/airflow/.local/lib/python3.6/site-packages/airflow/example_dags/example_bash_operator.py
[2023-03-21 11:33:57,809] {scheduler_job.py:629} INFO - Processing file /home/airflow/.local/lib/python3.6/site-packages/airflow/example_dags/example_bash_operator.py for tasks to queue
[2023-03-21 11:33:57,812] {logging_mixin.py:104} INFO - [2023-03-21 11:33:57,812] {dagbag.py:451} INFO - Filling up the DagBag from /home/airflow/.local/lib/python3.6/site-packages/airflow/example_dags/example_bash_operator.py
[2023-03-21 11:33:57,848] {scheduler_job.py:639} INFO - DAG(s) dict_keys(['example_bash_operator']) retrieved from /home/airflow/.local/lib/python3.6/site-packages/airflow/example_dags/example_bash_operator.py
[2023-03-21 11:33:57,926] {logging_mixin.py:104} INFO - [2023-03-21 11:33:57,926] {dag.py:1824} INFO - Sync 1 DAGs
[2023-03-21 11:33:57,961] {logging_mixin.py:104} INFO - [2023-03-21 11:33:57,961] {dag.py:2280} INFO - Setting next_dagrun for example_bash_operator to 2023-03-21 00:00:00+00:00
[2023-03-21 11:33:57,997] {scheduler_job.py:190} INFO - Processing /home/airflow/.local/lib/python3.6/site-packages/airflow/example_dags/example_bash_operator.py took 0.196 seconds
[2023-03-21 11:34:29,140] {scheduler_job.py:182} INFO - Started process (PID=223) to work on /home/airflow/.local/lib/python3.6/site-packages/airflow/example_dags/example_bash_operator.py
[2023-03-21 11:34:29,142] {scheduler_job.py:629} INFO - Processing file /home/airflow/.local/lib/python3.6/site-packages/airflow/example_dags/example_bash_operator.py for tasks to queue
[2023-03-21 11:34:29,143] {logging_mixin.py:104} INFO - [2023-03-21 11:34:29,143] {dagbag.py:451} INFO - Filling up the DagBag from /home/airflow/.local/lib/python3.6/site-packages/airflow/example_dags/example_bash_operator.py
[2023-03-21 11:34:29,160] {scheduler_job.py:639} INFO - DAG(s) dict_keys(['example_bash_operator']) retrieved from /home/airflow/.local/lib/python3.6/site-packages/airflow/example_dags/example_bash_operator.py
[2023-03-21 11:34:29,199] {logging_mixin.py:104} INFO - [2023-03-21 11:34:29,199] {dag.py:1824} INFO - Sync 1 DAGs
[2023-03-21 11:34:29,219] {logging_mixin.py:104} INFO - [2023-03-21 11:34:29,218] {dag.py:2280} INFO - Setting next_dagrun for example_bash_operator to 2023-03-21 00:00:00+00:00
[2023-03-21 11:34:29,229] {scheduler_job.py:190} INFO - Processing /home/airflow/.local/lib/python3.6/site-packages/airflow/example_dags/example_bash_operator.py took 0.092 seconds
[2023-03-21 11:35:00,182] {scheduler_job.py:182} INFO - Started process (PID=246) to work on /home/airflow/.local/lib/python3.6/site-packages/airflow/example_dags/example_bash_operator.py
[2023-03-21 11:35:00,184] {scheduler_job.py:629} INFO - Processing file /home/airflow/.local/lib/python3.6/site-packages/airflow/example_dags/example_bash_operator.py for tasks to queue
[2023-03-21 11:35:00,186] {logging_mixin.py:104} INFO - [2023-03-21 11:35:00,186] {dagbag.py:451} INFO - Filling up the DagBag from /home/airflow/.local/lib/python3.6/site-packages/airflow/example_dags/example_bash_operator.py
[2023-03-21 11:35:00,205] {scheduler_job.py:639} INFO - DAG(s) dict_keys(['example_bash_operator']) retrieved from /home/airflow/.local/lib/python3.6/site-packages/airflow/example_dags/example_bash_operator.py
[2023-03-21 11:35:00,231] {logging_mixin.py:104} INFO - [2023-03-21 11:35:00,231] {dag.py:1824} INFO - Sync 1 DAGs
[2023-03-21 11:35:00,246] {logging_mixin.py:104} INFO - [2023-03-21 11:35:00,246] {dag.py:2280} INFO - Setting next_dagrun for example_bash_operator to 2023-03-21 00:00:00+00:00
[2023-03-21 11:35:00,256] {scheduler_job.py:190} INFO - Processing /home/airflow/.local/lib/python3.6/site-packages/airflow/example_dags/example_bash_operator.py took 0.079 seconds
[2023-03-21 11:35:30,461] {scheduler_job.py:182} INFO - Started process (PID=273) to work on /home/airflow/.local/lib/python3.6/site-packages/airflow/example_dags/example_bash_operator.py
[2023-03-21 11:35:30,462] {scheduler_job.py:629} INFO - Processing file /home/airflow/.local/lib/python3.6/site-packages/airflow/example_dags/example_bash_operator.py for tasks to queue
[2023-03-21 11:35:30,463] {logging_mixin.py:104} INFO - [2023-03-21 11:35:30,463] {dagbag.py:451} INFO - Filling up the DagBag from /home/airflow/.local/lib/python3.6/site-packages/airflow/example_dags/example_bash_operator.py
[2023-03-21 11:35:30,478] {scheduler_job.py:639} INFO - DAG(s) dict_keys(['example_bash_operator']) retrieved from /home/airflow/.local/lib/python3.6/site-packages/airflow/example_dags/example_bash_operator.py
[2023-03-21 11:35:30,516] {logging_mixin.py:104} INFO - [2023-03-21 11:35:30,516] {dag.py:1824} INFO - Sync 1 DAGs
[2023-03-21 11:35:30,535] {logging_mixin.py:104} INFO - [2023-03-21 11:35:30,535] {dag.py:2280} INFO - Setting next_dagrun for example_bash_operator to 2023-03-21 00:00:00+00:00
[2023-03-21 11:35:30,544] {scheduler_job.py:190} INFO - Processing /home/airflow/.local/lib/python3.6/site-packages/airflow/example_dags/example_bash_operator.py took 0.086 seconds
[2023-03-21 11:36:01,016] {scheduler_job.py:182} INFO - Started process (PID=297) to work on /home/airflow/.local/lib/python3.6/site-packages/airflow/example_dags/example_bash_operator.py
[2023-03-21 11:36:01,017] {scheduler_job.py:629} INFO - Processing file /home/airflow/.local/lib/python3.6/site-packages/airflow/example_dags/example_bash_operator.py for tasks to queue
[2023-03-21 11:36:01,018] {logging_mixin.py:104} INFO - [2023-03-21 11:36:01,018] {dagbag.py:451} INFO - Filling up the DagBag from /home/airflow/.local/lib/python3.6/site-packages/airflow/example_dags/example_bash_operator.py
[2023-03-21 11:36:01,029] {scheduler_job.py:639} INFO - DAG(s) dict_keys(['example_bash_operator']) retrieved from /home/airflow/.local/lib/python3.6/site-packages/airflow/example_dags/example_bash_operator.py
[2023-03-21 11:36:01,050] {logging_mixin.py:104} INFO - [2023-03-21 11:36:01,050] {dag.py:1824} INFO - Sync 1 DAGs
[2023-03-21 11:36:01,062] {logging_mixin.py:104} INFO - [2023-03-21 11:36:01,062] {dag.py:2280} INFO - Setting next_dagrun for example_bash_operator to 2023-03-21 00:00:00+00:00
[2023-03-21 11:36:01,068] {scheduler_job.py:190} INFO - Processing /home/airflow/.local/lib/python3.6/site-packages/airflow/example_dags/example_bash_operator.py took 0.055 seconds
[2023-03-21 11:36:31,249] {scheduler_job.py:182} INFO - Started process (PID=320) to work on /home/airflow/.local/lib/python3.6/site-packages/airflow/example_dags/example_bash_operator.py
[2023-03-21 11:36:31,252] {scheduler_job.py:629} INFO - Processing file /home/airflow/.local/lib/python3.6/site-packages/airflow/example_dags/example_bash_operator.py for tasks to queue
[2023-03-21 11:36:31,253] {logging_mixin.py:104} INFO - [2023-03-21 11:36:31,253] {dagbag.py:451} INFO - Filling up the DagBag from /home/airflow/.local/lib/python3.6/site-packages/airflow/example_dags/example_bash_operator.py
[2023-03-21 11:36:31,277] {scheduler_job.py:639} INFO - DAG(s) dict_keys(['example_bash_operator']) retrieved from /home/airflow/.local/lib/python3.6/site-packages/airflow/example_dags/example_bash_operator.py
[2023-03-21 11:36:31,299] {logging_mixin.py:104} INFO - [2023-03-21 11:36:31,299] {dag.py:1824} INFO - Sync 1 DAGs
[2023-03-21 11:36:31,314] {logging_mixin.py:104} INFO - [2023-03-21 11:36:31,314] {dag.py:2280} INFO - Setting next_dagrun for example_bash_operator to 2023-03-21 00:00:00+00:00
[2023-03-21 11:36:31,321] {scheduler_job.py:190} INFO - Processing /home/airflow/.local/lib/python3.6/site-packages/airflow/example_dags/example_bash_operator.py took 0.078 seconds
[2023-03-21 11:37:01,903] {scheduler_job.py:182} INFO - Started process (PID=349) to work on /home/airflow/.local/lib/python3.6/site-packages/airflow/example_dags/example_bash_operator.py
[2023-03-21 11:37:01,905] {scheduler_job.py:629} INFO - Processing file /home/airflow/.local/lib/python3.6/site-packages/airflow/example_dags/example_bash_operator.py for tasks to queue
[2023-03-21 11:37:01,905] {logging_mixin.py:104} INFO - [2023-03-21 11:37:01,905] {dagbag.py:451} INFO - Filling up the DagBag from /home/airflow/.local/lib/python3.6/site-packages/airflow/example_dags/example_bash_operator.py
[2023-03-21 11:37:01,921] {scheduler_job.py:639} INFO - DAG(s) dict_keys(['example_bash_operator']) retrieved from /home/airflow/.local/lib/python3.6/site-packages/airflow/example_dags/example_bash_operator.py
[2023-03-21 11:37:01,939] {logging_mixin.py:104} INFO - [2023-03-21 11:37:01,939] {dag.py:1824} INFO - Sync 1 DAGs
[2023-03-21 11:37:01,951] {logging_mixin.py:104} INFO - [2023-03-21 11:37:01,951] {dag.py:2280} INFO - Setting next_dagrun for example_bash_operator to 2023-03-21 00:00:00+00:00
[2023-03-21 11:37:01,958] {scheduler_job.py:190} INFO - Processing /home/airflow/.local/lib/python3.6/site-packages/airflow/example_dags/example_bash_operator.py took 0.057 seconds
[2023-03-21 11:37:32,120] {scheduler_job.py:182} INFO - Started process (PID=372) to work on /home/airflow/.local/lib/python3.6/site-packages/airflow/example_dags/example_bash_operator.py
[2023-03-21 11:37:32,122] {scheduler_job.py:629} INFO - Processing file /home/airflow/.local/lib/python3.6/site-packages/airflow/example_dags/example_bash_operator.py for tasks to queue
[2023-03-21 11:37:32,124] {logging_mixin.py:104} INFO - [2023-03-21 11:37:32,124] {dagbag.py:451} INFO - Filling up the DagBag from /home/airflow/.local/lib/python3.6/site-packages/airflow/example_dags/example_bash_operator.py
[2023-03-21 11:37:32,152] {scheduler_job.py:639} INFO - DAG(s) dict_keys(['example_bash_operator']) retrieved from /home/airflow/.local/lib/python3.6/site-packages/airflow/example_dags/example_bash_operator.py
[2023-03-21 11:37:32,183] {logging_mixin.py:104} INFO - [2023-03-21 11:37:32,183] {dag.py:1824} INFO - Sync 1 DAGs
[2023-03-21 11:37:32,202] {logging_mixin.py:104} INFO - [2023-03-21 11:37:32,202] {dag.py:2280} INFO - Setting next_dagrun for example_bash_operator to 2023-03-21 00:00:00+00:00
[2023-03-21 11:37:32,212] {scheduler_job.py:190} INFO - Processing /home/airflow/.local/lib/python3.6/site-packages/airflow/example_dags/example_bash_operator.py took 0.098 seconds
[2023-03-21 11:38:02,778] {scheduler_job.py:182} INFO - Started process (PID=401) to work on /home/airflow/.local/lib/python3.6/site-packages/airflow/example_dags/example_bash_operator.py
[2023-03-21 11:38:02,780] {scheduler_job.py:629} INFO - Processing file /home/airflow/.local/lib/python3.6/site-packages/airflow/example_dags/example_bash_operator.py for tasks to queue
[2023-03-21 11:38:02,780] {logging_mixin.py:104} INFO - [2023-03-21 11:38:02,780] {dagbag.py:451} INFO - Filling up the DagBag from /home/airflow/.local/lib/python3.6/site-packages/airflow/example_dags/example_bash_operator.py
[2023-03-21 11:38:02,794] {scheduler_job.py:639} INFO - DAG(s) dict_keys(['example_bash_operator']) retrieved from /home/airflow/.local/lib/python3.6/site-packages/airflow/example_dags/example_bash_operator.py
[2023-03-21 11:38:02,812] {logging_mixin.py:104} INFO - [2023-03-21 11:38:02,812] {dag.py:1824} INFO - Sync 1 DAGs
[2023-03-21 11:38:02,824] {logging_mixin.py:104} INFO - [2023-03-21 11:38:02,824] {dag.py:2280} INFO - Setting next_dagrun for example_bash_operator to 2023-03-21 00:00:00+00:00
[2023-03-21 11:38:02,831] {scheduler_job.py:190} INFO - Processing /home/airflow/.local/lib/python3.6/site-packages/airflow/example_dags/example_bash_operator.py took 0.056 seconds
[2023-03-21 11:38:33,323] {scheduler_job.py:182} INFO - Started process (PID=427) to work on /home/airflow/.local/lib/python3.6/site-packages/airflow/example_dags/example_bash_operator.py
[2023-03-21 11:38:33,324] {scheduler_job.py:629} INFO - Processing file /home/airflow/.local/lib/python3.6/site-packages/airflow/example_dags/example_bash_operator.py for tasks to queue
[2023-03-21 11:38:33,325] {logging_mixin.py:104} INFO - [2023-03-21 11:38:33,325] {dagbag.py:451} INFO - Filling up the DagBag from /home/airflow/.local/lib/python3.6/site-packages/airflow/example_dags/example_bash_operator.py
[2023-03-21 11:38:33,340] {scheduler_job.py:639} INFO - DAG(s) dict_keys(['example_bash_operator']) retrieved from /home/airflow/.local/lib/python3.6/site-packages/airflow/example_dags/example_bash_operator.py
[2023-03-21 11:38:33,358] {logging_mixin.py:104} INFO - [2023-03-21 11:38:33,358] {dag.py:1824} INFO - Sync 1 DAGs
[2023-03-21 11:38:33,371] {logging_mixin.py:104} INFO - [2023-03-21 11:38:33,370] {dag.py:2280} INFO - Setting next_dagrun for example_bash_operator to 2023-03-21 00:00:00+00:00
[2023-03-21 11:38:33,377] {scheduler_job.py:190} INFO - Processing /home/airflow/.local/lib/python3.6/site-packages/airflow/example_dags/example_bash_operator.py took 0.057 seconds
[2023-03-21 11:39:03,778] {scheduler_job.py:182} INFO - Started process (PID=453) to work on /home/airflow/.local/lib/python3.6/site-packages/airflow/example_dags/example_bash_operator.py
[2023-03-21 11:39:03,779] {scheduler_job.py:629} INFO - Processing file /home/airflow/.local/lib/python3.6/site-packages/airflow/example_dags/example_bash_operator.py for tasks to queue
[2023-03-21 11:39:03,780] {logging_mixin.py:104} INFO - [2023-03-21 11:39:03,780] {dagbag.py:451} INFO - Filling up the DagBag from /home/airflow/.local/lib/python3.6/site-packages/airflow/example_dags/example_bash_operator.py
[2023-03-21 11:39:03,791] {scheduler_job.py:639} INFO - DAG(s) dict_keys(['example_bash_operator']) retrieved from /home/airflow/.local/lib/python3.6/site-packages/airflow/example_dags/example_bash_operator.py
[2023-03-21 11:39:03,810] {logging_mixin.py:104} INFO - [2023-03-21 11:39:03,810] {dag.py:1824} INFO - Sync 1 DAGs
[2023-03-21 11:39:03,822] {logging_mixin.py:104} INFO - [2023-03-21 11:39:03,822] {dag.py:2280} INFO - Setting next_dagrun for example_bash_operator to 2023-03-21 00:00:00+00:00
[2023-03-21 11:39:03,829] {scheduler_job.py:190} INFO - Processing /home/airflow/.local/lib/python3.6/site-packages/airflow/example_dags/example_bash_operator.py took 0.053 seconds
[2023-03-21 11:39:34,355] {scheduler_job.py:182} INFO - Started process (PID=479) to work on /home/airflow/.local/lib/python3.6/site-packages/airflow/example_dags/example_bash_operator.py
[2023-03-21 11:39:34,356] {scheduler_job.py:629} INFO - Processing file /home/airflow/.local/lib/python3.6/site-packages/airflow/example_dags/example_bash_operator.py for tasks to queue
[2023-03-21 11:39:34,357] {logging_mixin.py:104} INFO - [2023-03-21 11:39:34,357] {dagbag.py:451} INFO - Filling up the DagBag from /home/airflow/.local/lib/python3.6/site-packages/airflow/example_dags/example_bash_operator.py
[2023-03-21 11:39:34,368] {scheduler_job.py:639} INFO - DAG(s) dict_keys(['example_bash_operator']) retrieved from /home/airflow/.local/lib/python3.6/site-packages/airflow/example_dags/example_bash_operator.py
[2023-03-21 11:39:34,389] {logging_mixin.py:104} INFO - [2023-03-21 11:39:34,389] {dag.py:1824} INFO - Sync 1 DAGs
[2023-03-21 11:39:34,401] {logging_mixin.py:104} INFO - [2023-03-21 11:39:34,401] {dag.py:2280} INFO - Setting next_dagrun for example_bash_operator to 2023-03-21 00:00:00+00:00
[2023-03-21 11:39:34,408] {scheduler_job.py:190} INFO - Processing /home/airflow/.local/lib/python3.6/site-packages/airflow/example_dags/example_bash_operator.py took 0.056 seconds
[2023-03-21 11:40:04,926] {scheduler_job.py:182} INFO - Started process (PID=505) to work on /home/airflow/.local/lib/python3.6/site-packages/airflow/example_dags/example_bash_operator.py
[2023-03-21 11:40:04,927] {scheduler_job.py:629} INFO - Processing file /home/airflow/.local/lib/python3.6/site-packages/airflow/example_dags/example_bash_operator.py for tasks to queue
[2023-03-21 11:40:04,928] {logging_mixin.py:104} INFO - [2023-03-21 11:40:04,928] {dagbag.py:451} INFO - Filling up the DagBag from /home/airflow/.local/lib/python3.6/site-packages/airflow/example_dags/example_bash_operator.py
[2023-03-21 11:40:04,940] {scheduler_job.py:639} INFO - DAG(s) dict_keys(['example_bash_operator']) retrieved from /home/airflow/.local/lib/python3.6/site-packages/airflow/example_dags/example_bash_operator.py
[2023-03-21 11:40:04,959] {logging_mixin.py:104} INFO - [2023-03-21 11:40:04,959] {dag.py:1824} INFO - Sync 1 DAGs
[2023-03-21 11:40:04,972] {logging_mixin.py:104} INFO - [2023-03-21 11:40:04,971] {dag.py:2280} INFO - Setting next_dagrun for example_bash_operator to 2023-03-21 00:00:00+00:00
[2023-03-21 11:40:04,978] {scheduler_job.py:190} INFO - Processing /home/airflow/.local/lib/python3.6/site-packages/airflow/example_dags/example_bash_operator.py took 0.055 seconds
[2023-03-21 11:40:35,411] {scheduler_job.py:182} INFO - Started process (PID=531) to work on /home/airflow/.local/lib/python3.6/site-packages/airflow/example_dags/example_bash_operator.py
[2023-03-21 11:40:35,412] {scheduler_job.py:629} INFO - Processing file /home/airflow/.local/lib/python3.6/site-packages/airflow/example_dags/example_bash_operator.py for tasks to queue
[2023-03-21 11:40:35,413] {logging_mixin.py:104} INFO - [2023-03-21 11:40:35,412] {dagbag.py:451} INFO - Filling up the DagBag from /home/airflow/.local/lib/python3.6/site-packages/airflow/example_dags/example_bash_operator.py
[2023-03-21 11:40:35,424] {scheduler_job.py:639} INFO - DAG(s) dict_keys(['example_bash_operator']) retrieved from /home/airflow/.local/lib/python3.6/site-packages/airflow/example_dags/example_bash_operator.py
[2023-03-21 11:40:35,442] {logging_mixin.py:104} INFO - [2023-03-21 11:40:35,442] {dag.py:1824} INFO - Sync 1 DAGs
[2023-03-21 11:40:35,455] {logging_mixin.py:104} INFO - [2023-03-21 11:40:35,455] {dag.py:2280} INFO - Setting next_dagrun for example_bash_operator to 2023-03-21 00:00:00+00:00
[2023-03-21 11:40:35,461] {scheduler_job.py:190} INFO - Processing /home/airflow/.local/lib/python3.6/site-packages/airflow/example_dags/example_bash_operator.py took 0.053 seconds
[2023-03-21 11:41:05,659] {scheduler_job.py:182} INFO - Started process (PID=554) to work on /home/airflow/.local/lib/python3.6/site-packages/airflow/example_dags/example_bash_operator.py
[2023-03-21 11:41:05,663] {scheduler_job.py:629} INFO - Processing file /home/airflow/.local/lib/python3.6/site-packages/airflow/example_dags/example_bash_operator.py for tasks to queue
[2023-03-21 11:41:05,664] {logging_mixin.py:104} INFO - [2023-03-21 11:41:05,664] {dagbag.py:451} INFO - Filling up the DagBag from /home/airflow/.local/lib/python3.6/site-packages/airflow/example_dags/example_bash_operator.py
[2023-03-21 11:41:05,685] {scheduler_job.py:639} INFO - DAG(s) dict_keys(['example_bash_operator']) retrieved from /home/airflow/.local/lib/python3.6/site-packages/airflow/example_dags/example_bash_operator.py
[2023-03-21 11:41:05,712] {logging_mixin.py:104} INFO - [2023-03-21 11:41:05,712] {dag.py:1824} INFO - Sync 1 DAGs
[2023-03-21 11:41:05,727] {logging_mixin.py:104} INFO - [2023-03-21 11:41:05,727] {dag.py:2280} INFO - Setting next_dagrun for example_bash_operator to 2023-03-21 00:00:00+00:00
[2023-03-21 11:41:05,734] {scheduler_job.py:190} INFO - Processing /home/airflow/.local/lib/python3.6/site-packages/airflow/example_dags/example_bash_operator.py took 0.081 seconds
[2023-03-21 11:41:36,515] {scheduler_job.py:182} INFO - Started process (PID=584) to work on /home/airflow/.local/lib/python3.6/site-packages/airflow/example_dags/example_bash_operator.py
[2023-03-21 11:41:36,516] {scheduler_job.py:629} INFO - Processing file /home/airflow/.local/lib/python3.6/site-packages/airflow/example_dags/example_bash_operator.py for tasks to queue
[2023-03-21 11:41:36,517] {logging_mixin.py:104} INFO - [2023-03-21 11:41:36,517] {dagbag.py:451} INFO - Filling up the DagBag from /home/airflow/.local/lib/python3.6/site-packages/airflow/example_dags/example_bash_operator.py
[2023-03-21 11:41:36,528] {scheduler_job.py:639} INFO - DAG(s) dict_keys(['example_bash_operator']) retrieved from /home/airflow/.local/lib/python3.6/site-packages/airflow/example_dags/example_bash_operator.py
[2023-03-21 11:41:36,547] {logging_mixin.py:104} INFO - [2023-03-21 11:41:36,546] {dag.py:1824} INFO - Sync 1 DAGs
[2023-03-21 11:41:36,559] {logging_mixin.py:104} INFO - [2023-03-21 11:41:36,559] {dag.py:2280} INFO - Setting next_dagrun for example_bash_operator to 2023-03-21 00:00:00+00:00
[2023-03-21 11:41:36,567] {scheduler_job.py:190} INFO - Processing /home/airflow/.local/lib/python3.6/site-packages/airflow/example_dags/example_bash_operator.py took 0.055 seconds
[2023-03-21 11:42:06,956] {scheduler_job.py:182} INFO - Started process (PID=609) to work on /home/airflow/.local/lib/python3.6/site-packages/airflow/example_dags/example_bash_operator.py
[2023-03-21 11:42:06,957] {scheduler_job.py:629} INFO - Processing file /home/airflow/.local/lib/python3.6/site-packages/airflow/example_dags/example_bash_operator.py for tasks to queue
[2023-03-21 11:42:06,958] {logging_mixin.py:104} INFO - [2023-03-21 11:42:06,958] {dagbag.py:451} INFO - Filling up the DagBag from /home/airflow/.local/lib/python3.6/site-packages/airflow/example_dags/example_bash_operator.py
[2023-03-21 11:42:06,970] {scheduler_job.py:639} INFO - DAG(s) dict_keys(['example_bash_operator']) retrieved from /home/airflow/.local/lib/python3.6/site-packages/airflow/example_dags/example_bash_operator.py
[2023-03-21 11:42:06,989] {logging_mixin.py:104} INFO - [2023-03-21 11:42:06,989] {dag.py:1824} INFO - Sync 1 DAGs
[2023-03-21 11:42:07,002] {logging_mixin.py:104} INFO - [2023-03-21 11:42:07,001] {dag.py:2280} INFO - Setting next_dagrun for example_bash_operator to 2023-03-21 00:00:00+00:00
[2023-03-21 11:42:07,008] {scheduler_job.py:190} INFO - Processing /home/airflow/.local/lib/python3.6/site-packages/airflow/example_dags/example_bash_operator.py took 0.055 seconds
[2023-03-21 11:42:37,447] {scheduler_job.py:182} INFO - Started process (PID=635) to work on /home/airflow/.local/lib/python3.6/site-packages/airflow/example_dags/example_bash_operator.py
[2023-03-21 11:42:37,449] {scheduler_job.py:629} INFO - Processing file /home/airflow/.local/lib/python3.6/site-packages/airflow/example_dags/example_bash_operator.py for tasks to queue
[2023-03-21 11:42:37,449] {logging_mixin.py:104} INFO - [2023-03-21 11:42:37,449] {dagbag.py:451} INFO - Filling up the DagBag from /home/airflow/.local/lib/python3.6/site-packages/airflow/example_dags/example_bash_operator.py
[2023-03-21 11:42:37,461] {scheduler_job.py:639} INFO - DAG(s) dict_keys(['example_bash_operator']) retrieved from /home/airflow/.local/lib/python3.6/site-packages/airflow/example_dags/example_bash_operator.py
[2023-03-21 11:42:37,480] {logging_mixin.py:104} INFO - [2023-03-21 11:42:37,480] {dag.py:1824} INFO - Sync 1 DAGs
[2023-03-21 11:42:37,494] {logging_mixin.py:104} INFO - [2023-03-21 11:42:37,494] {dag.py:2280} INFO - Setting next_dagrun for example_bash_operator to 2023-03-21 00:00:00+00:00
[2023-03-21 11:42:37,502] {scheduler_job.py:190} INFO - Processing /home/airflow/.local/lib/python3.6/site-packages/airflow/example_dags/example_bash_operator.py took 0.057 seconds
[2023-03-21 11:43:07,895] {scheduler_job.py:182} INFO - Started process (PID=661) to work on /home/airflow/.local/lib/python3.6/site-packages/airflow/example_dags/example_bash_operator.py
[2023-03-21 11:43:07,897] {scheduler_job.py:629} INFO - Processing file /home/airflow/.local/lib/python3.6/site-packages/airflow/example_dags/example_bash_operator.py for tasks to queue
[2023-03-21 11:43:07,897] {logging_mixin.py:104} INFO - [2023-03-21 11:43:07,897] {dagbag.py:451} INFO - Filling up the DagBag from /home/airflow/.local/lib/python3.6/site-packages/airflow/example_dags/example_bash_operator.py
[2023-03-21 11:43:07,909] {scheduler_job.py:639} INFO - DAG(s) dict_keys(['example_bash_operator']) retrieved from /home/airflow/.local/lib/python3.6/site-packages/airflow/example_dags/example_bash_operator.py
[2023-03-21 11:43:07,928] {logging_mixin.py:104} INFO - [2023-03-21 11:43:07,928] {dag.py:1824} INFO - Sync 1 DAGs
[2023-03-21 11:43:07,940] {logging_mixin.py:104} INFO - [2023-03-21 11:43:07,940] {dag.py:2280} INFO - Setting next_dagrun for example_bash_operator to 2023-03-21 00:00:00+00:00
[2023-03-21 11:43:07,948] {scheduler_job.py:190} INFO - Processing /home/airflow/.local/lib/python3.6/site-packages/airflow/example_dags/example_bash_operator.py took 0.056 seconds
[2023-03-21 11:43:38,073] {scheduler_job.py:182} INFO - Started process (PID=684) to work on /home/airflow/.local/lib/python3.6/site-packages/airflow/example_dags/example_bash_operator.py
[2023-03-21 11:43:38,076] {scheduler_job.py:629} INFO - Processing file /home/airflow/.local/lib/python3.6/site-packages/airflow/example_dags/example_bash_operator.py for tasks to queue
[2023-03-21 11:43:38,077] {logging_mixin.py:104} INFO - [2023-03-21 11:43:38,077] {dagbag.py:451} INFO - Filling up the DagBag from /home/airflow/.local/lib/python3.6/site-packages/airflow/example_dags/example_bash_operator.py
[2023-03-21 11:43:38,095] {scheduler_job.py:639} INFO - DAG(s) dict_keys(['example_bash_operator']) retrieved from /home/airflow/.local/lib/python3.6/site-packages/airflow/example_dags/example_bash_operator.py
[2023-03-21 11:43:38,117] {logging_mixin.py:104} INFO - [2023-03-21 11:43:38,117] {dag.py:1824} INFO - Sync 1 DAGs
[2023-03-21 11:43:38,132] {logging_mixin.py:104} INFO - [2023-03-21 11:43:38,132] {dag.py:2280} INFO - Setting next_dagrun for example_bash_operator to 2023-03-21 00:00:00+00:00
[2023-03-21 11:43:38,139] {scheduler_job.py:190} INFO - Processing /home/airflow/.local/lib/python3.6/site-packages/airflow/example_dags/example_bash_operator.py took 0.071 seconds
[2023-03-21 11:44:08,701] {scheduler_job.py:182} INFO - Started process (PID=713) to work on /home/airflow/.local/lib/python3.6/site-packages/airflow/example_dags/example_bash_operator.py
[2023-03-21 11:44:08,703] {scheduler_job.py:629} INFO - Processing file /home/airflow/.local/lib/python3.6/site-packages/airflow/example_dags/example_bash_operator.py for tasks to queue
[2023-03-21 11:44:08,703] {logging_mixin.py:104} INFO - [2023-03-21 11:44:08,703] {dagbag.py:451} INFO - Filling up the DagBag from /home/airflow/.local/lib/python3.6/site-packages/airflow/example_dags/example_bash_operator.py
[2023-03-21 11:44:08,715] {scheduler_job.py:639} INFO - DAG(s) dict_keys(['example_bash_operator']) retrieved from /home/airflow/.local/lib/python3.6/site-packages/airflow/example_dags/example_bash_operator.py
[2023-03-21 11:44:08,734] {logging_mixin.py:104} INFO - [2023-03-21 11:44:08,734] {dag.py:1824} INFO - Sync 1 DAGs
[2023-03-21 11:44:08,746] {logging_mixin.py:104} INFO - [2023-03-21 11:44:08,746] {dag.py:2280} INFO - Setting next_dagrun for example_bash_operator to 2023-03-21 00:00:00+00:00
[2023-03-21 11:44:08,752] {scheduler_job.py:190} INFO - Processing /home/airflow/.local/lib/python3.6/site-packages/airflow/example_dags/example_bash_operator.py took 0.053 seconds
[2023-03-21 11:44:38,912] {scheduler_job.py:182} INFO - Started process (PID=736) to work on /home/airflow/.local/lib/python3.6/site-packages/airflow/example_dags/example_bash_operator.py
[2023-03-21 11:44:38,915] {scheduler_job.py:629} INFO - Processing file /home/airflow/.local/lib/python3.6/site-packages/airflow/example_dags/example_bash_operator.py for tasks to queue
[2023-03-21 11:44:38,916] {logging_mixin.py:104} INFO - [2023-03-21 11:44:38,916] {dagbag.py:451} INFO - Filling up the DagBag from /home/airflow/.local/lib/python3.6/site-packages/airflow/example_dags/example_bash_operator.py
[2023-03-21 11:44:38,934] {scheduler_job.py:639} INFO - DAG(s) dict_keys(['example_bash_operator']) retrieved from /home/airflow/.local/lib/python3.6/site-packages/airflow/example_dags/example_bash_operator.py
[2023-03-21 11:44:38,957] {logging_mixin.py:104} INFO - [2023-03-21 11:44:38,957] {dag.py:1824} INFO - Sync 1 DAGs
[2023-03-21 11:44:38,972] {logging_mixin.py:104} INFO - [2023-03-21 11:44:38,972] {dag.py:2280} INFO - Setting next_dagrun for example_bash_operator to 2023-03-21 00:00:00+00:00
[2023-03-21 11:44:38,979] {scheduler_job.py:190} INFO - Processing /home/airflow/.local/lib/python3.6/site-packages/airflow/example_dags/example_bash_operator.py took 0.073 seconds
[2023-03-21 11:45:09,794] {scheduler_job.py:182} INFO - Started process (PID=765) to work on /home/airflow/.local/lib/python3.6/site-packages/airflow/example_dags/example_bash_operator.py
[2023-03-21 11:45:09,795] {scheduler_job.py:629} INFO - Processing file /home/airflow/.local/lib/python3.6/site-packages/airflow/example_dags/example_bash_operator.py for tasks to queue
[2023-03-21 11:45:09,796] {logging_mixin.py:104} INFO - [2023-03-21 11:45:09,796] {dagbag.py:451} INFO - Filling up the DagBag from /home/airflow/.local/lib/python3.6/site-packages/airflow/example_dags/example_bash_operator.py
[2023-03-21 11:45:09,809] {scheduler_job.py:639} INFO - DAG(s) dict_keys(['example_bash_operator']) retrieved from /home/airflow/.local/lib/python3.6/site-packages/airflow/example_dags/example_bash_operator.py
[2023-03-21 11:45:09,833] {logging_mixin.py:104} INFO - [2023-03-21 11:45:09,833] {dag.py:1824} INFO - Sync 1 DAGs
[2023-03-21 11:45:09,849] {logging_mixin.py:104} INFO - [2023-03-21 11:45:09,849] {dag.py:2280} INFO - Setting next_dagrun for example_bash_operator to 2023-03-21 00:00:00+00:00
[2023-03-21 11:45:09,860] {scheduler_job.py:190} INFO - Processing /home/airflow/.local/lib/python3.6/site-packages/airflow/example_dags/example_bash_operator.py took 0.069 seconds
[2023-03-21 11:45:40,413] {scheduler_job.py:182} INFO - Started process (PID=791) to work on /home/airflow/.local/lib/python3.6/site-packages/airflow/example_dags/example_bash_operator.py
[2023-03-21 11:45:40,414] {scheduler_job.py:629} INFO - Processing file /home/airflow/.local/lib/python3.6/site-packages/airflow/example_dags/example_bash_operator.py for tasks to queue
[2023-03-21 11:45:40,415] {logging_mixin.py:104} INFO - [2023-03-21 11:45:40,415] {dagbag.py:451} INFO - Filling up the DagBag from /home/airflow/.local/lib/python3.6/site-packages/airflow/example_dags/example_bash_operator.py
[2023-03-21 11:45:40,426] {scheduler_job.py:639} INFO - DAG(s) dict_keys(['example_bash_operator']) retrieved from /home/airflow/.local/lib/python3.6/site-packages/airflow/example_dags/example_bash_operator.py
[2023-03-21 11:45:40,444] {logging_mixin.py:104} INFO - [2023-03-21 11:45:40,444] {dag.py:1824} INFO - Sync 1 DAGs
[2023-03-21 11:45:40,457] {logging_mixin.py:104} INFO - [2023-03-21 11:45:40,457] {dag.py:2280} INFO - Setting next_dagrun for example_bash_operator to 2023-03-21 00:00:00+00:00
[2023-03-21 11:45:40,463] {scheduler_job.py:190} INFO - Processing /home/airflow/.local/lib/python3.6/site-packages/airflow/example_dags/example_bash_operator.py took 0.053 seconds
[2023-03-21 11:46:10,884] {scheduler_job.py:182} INFO - Started process (PID=817) to work on /home/airflow/.local/lib/python3.6/site-packages/airflow/example_dags/example_bash_operator.py
[2023-03-21 11:46:10,885] {scheduler_job.py:629} INFO - Processing file /home/airflow/.local/lib/python3.6/site-packages/airflow/example_dags/example_bash_operator.py for tasks to queue
[2023-03-21 11:46:10,886] {logging_mixin.py:104} INFO - [2023-03-21 11:46:10,886] {dagbag.py:451} INFO - Filling up the DagBag from /home/airflow/.local/lib/python3.6/site-packages/airflow/example_dags/example_bash_operator.py
[2023-03-21 11:46:10,897] {scheduler_job.py:639} INFO - DAG(s) dict_keys(['example_bash_operator']) retrieved from /home/airflow/.local/lib/python3.6/site-packages/airflow/example_dags/example_bash_operator.py
[2023-03-21 11:46:10,915] {logging_mixin.py:104} INFO - [2023-03-21 11:46:10,915] {dag.py:1824} INFO - Sync 1 DAGs
[2023-03-21 11:46:10,927] {logging_mixin.py:104} INFO - [2023-03-21 11:46:10,927] {dag.py:2280} INFO - Setting next_dagrun for example_bash_operator to 2023-03-21 00:00:00+00:00
[2023-03-21 11:46:10,934] {scheduler_job.py:190} INFO - Processing /home/airflow/.local/lib/python3.6/site-packages/airflow/example_dags/example_bash_operator.py took 0.053 seconds
