[2023-03-21 11:31:21,009] {scheduler_job.py:182} INFO - Started process (PID=55) to work on /home/airflow/.local/lib/python3.6/site-packages/airflow/example_dags/tutorial_etl_dag.py
[2023-03-21 11:31:21,013] {scheduler_job.py:629} INFO - Processing file /home/airflow/.local/lib/python3.6/site-packages/airflow/example_dags/tutorial_etl_dag.py for tasks to queue
[2023-03-21 11:31:21,016] {logging_mixin.py:104} INFO - [2023-03-21 11:31:21,015] {dagbag.py:451} INFO - Filling up the DagBag from /home/airflow/.local/lib/python3.6/site-packages/airflow/example_dags/tutorial_etl_dag.py
[2023-03-21 11:31:21,050] {scheduler_job.py:639} INFO - DAG(s) dict_keys(['tutorial_etl_dag']) retrieved from /home/airflow/.local/lib/python3.6/site-packages/airflow/example_dags/tutorial_etl_dag.py
[2023-03-21 11:31:21,158] {logging_mixin.py:104} INFO - [2023-03-21 11:31:21,157] {dag.py:1824} INFO - Sync 1 DAGs
[2023-03-21 11:31:21,199] {logging_mixin.py:104} INFO - [2023-03-21 11:31:21,199] {dag.py:2280} INFO - Setting next_dagrun for tutorial_etl_dag to None
[2023-03-21 11:31:21,229] {scheduler_job.py:190} INFO - Processing /home/airflow/.local/lib/python3.6/site-packages/airflow/example_dags/tutorial_etl_dag.py took 0.227 seconds
[2023-03-21 11:31:52,142] {scheduler_job.py:182} INFO - Started process (PID=83) to work on /home/airflow/.local/lib/python3.6/site-packages/airflow/example_dags/tutorial_etl_dag.py
[2023-03-21 11:31:52,144] {scheduler_job.py:629} INFO - Processing file /home/airflow/.local/lib/python3.6/site-packages/airflow/example_dags/tutorial_etl_dag.py for tasks to queue
[2023-03-21 11:31:52,146] {logging_mixin.py:104} INFO - [2023-03-21 11:31:52,145] {dagbag.py:451} INFO - Filling up the DagBag from /home/airflow/.local/lib/python3.6/site-packages/airflow/example_dags/tutorial_etl_dag.py
[2023-03-21 11:31:52,162] {scheduler_job.py:639} INFO - DAG(s) dict_keys(['tutorial_etl_dag']) retrieved from /home/airflow/.local/lib/python3.6/site-packages/airflow/example_dags/tutorial_etl_dag.py
[2023-03-21 11:31:52,211] {logging_mixin.py:104} INFO - [2023-03-21 11:31:52,211] {dag.py:1824} INFO - Sync 1 DAGs
[2023-03-21 11:31:52,227] {logging_mixin.py:104} INFO - [2023-03-21 11:31:52,227] {dag.py:2280} INFO - Setting next_dagrun for tutorial_etl_dag to None
[2023-03-21 11:31:52,237] {scheduler_job.py:190} INFO - Processing /home/airflow/.local/lib/python3.6/site-packages/airflow/example_dags/tutorial_etl_dag.py took 0.098 seconds
[2023-03-21 11:32:24,812] {scheduler_job.py:182} INFO - Started process (PID=118) to work on /home/airflow/.local/lib/python3.6/site-packages/airflow/example_dags/tutorial_etl_dag.py
[2023-03-21 11:32:24,815] {scheduler_job.py:629} INFO - Processing file /home/airflow/.local/lib/python3.6/site-packages/airflow/example_dags/tutorial_etl_dag.py for tasks to queue
[2023-03-21 11:32:24,817] {logging_mixin.py:104} INFO - [2023-03-21 11:32:24,817] {dagbag.py:451} INFO - Filling up the DagBag from /home/airflow/.local/lib/python3.6/site-packages/airflow/example_dags/tutorial_etl_dag.py
[2023-03-21 11:32:24,833] {scheduler_job.py:639} INFO - DAG(s) dict_keys(['tutorial_etl_dag']) retrieved from /home/airflow/.local/lib/python3.6/site-packages/airflow/example_dags/tutorial_etl_dag.py
[2023-03-21 11:32:24,856] {logging_mixin.py:104} INFO - [2023-03-21 11:32:24,856] {dag.py:1824} INFO - Sync 1 DAGs
[2023-03-21 11:32:24,874] {logging_mixin.py:104} INFO - [2023-03-21 11:32:24,874] {dag.py:2280} INFO - Setting next_dagrun for tutorial_etl_dag to None
[2023-03-21 11:32:24,885] {scheduler_job.py:190} INFO - Processing /home/airflow/.local/lib/python3.6/site-packages/airflow/example_dags/tutorial_etl_dag.py took 0.077 seconds
[2023-03-21 11:32:55,390] {scheduler_job.py:182} INFO - Started process (PID=144) to work on /home/airflow/.local/lib/python3.6/site-packages/airflow/example_dags/tutorial_etl_dag.py
[2023-03-21 11:32:55,395] {scheduler_job.py:629} INFO - Processing file /home/airflow/.local/lib/python3.6/site-packages/airflow/example_dags/tutorial_etl_dag.py for tasks to queue
[2023-03-21 11:32:55,398] {logging_mixin.py:104} INFO - [2023-03-21 11:32:55,398] {dagbag.py:451} INFO - Filling up the DagBag from /home/airflow/.local/lib/python3.6/site-packages/airflow/example_dags/tutorial_etl_dag.py
[2023-03-21 11:32:55,418] {scheduler_job.py:639} INFO - DAG(s) dict_keys(['tutorial_etl_dag']) retrieved from /home/airflow/.local/lib/python3.6/site-packages/airflow/example_dags/tutorial_etl_dag.py
[2023-03-21 11:32:55,442] {logging_mixin.py:104} INFO - [2023-03-21 11:32:55,441] {dag.py:1824} INFO - Sync 1 DAGs
[2023-03-21 11:32:55,456] {logging_mixin.py:104} INFO - [2023-03-21 11:32:55,456] {dag.py:2280} INFO - Setting next_dagrun for tutorial_etl_dag to None
[2023-03-21 11:32:55,465] {scheduler_job.py:190} INFO - Processing /home/airflow/.local/lib/python3.6/site-packages/airflow/example_dags/tutorial_etl_dag.py took 0.081 seconds
[2023-03-21 11:33:25,986] {scheduler_job.py:182} INFO - Started process (PID=166) to work on /home/airflow/.local/lib/python3.6/site-packages/airflow/example_dags/tutorial_etl_dag.py
[2023-03-21 11:33:25,987] {scheduler_job.py:629} INFO - Processing file /home/airflow/.local/lib/python3.6/site-packages/airflow/example_dags/tutorial_etl_dag.py for tasks to queue
[2023-03-21 11:33:25,988] {logging_mixin.py:104} INFO - [2023-03-21 11:33:25,988] {dagbag.py:451} INFO - Filling up the DagBag from /home/airflow/.local/lib/python3.6/site-packages/airflow/example_dags/tutorial_etl_dag.py
[2023-03-21 11:33:25,999] {scheduler_job.py:639} INFO - DAG(s) dict_keys(['tutorial_etl_dag']) retrieved from /home/airflow/.local/lib/python3.6/site-packages/airflow/example_dags/tutorial_etl_dag.py
[2023-03-21 11:33:26,018] {logging_mixin.py:104} INFO - [2023-03-21 11:33:26,018] {dag.py:1824} INFO - Sync 1 DAGs
[2023-03-21 11:33:26,031] {logging_mixin.py:104} INFO - [2023-03-21 11:33:26,031] {dag.py:2280} INFO - Setting next_dagrun for tutorial_etl_dag to None
[2023-03-21 11:33:26,039] {scheduler_job.py:190} INFO - Processing /home/airflow/.local/lib/python3.6/site-packages/airflow/example_dags/tutorial_etl_dag.py took 0.056 seconds
[2023-03-21 11:33:58,025] {scheduler_job.py:182} INFO - Started process (PID=199) to work on /home/airflow/.local/lib/python3.6/site-packages/airflow/example_dags/tutorial_etl_dag.py
[2023-03-21 11:33:58,029] {scheduler_job.py:629} INFO - Processing file /home/airflow/.local/lib/python3.6/site-packages/airflow/example_dags/tutorial_etl_dag.py for tasks to queue
[2023-03-21 11:33:58,031] {logging_mixin.py:104} INFO - [2023-03-21 11:33:58,031] {dagbag.py:451} INFO - Filling up the DagBag from /home/airflow/.local/lib/python3.6/site-packages/airflow/example_dags/tutorial_etl_dag.py
[2023-03-21 11:33:58,057] {scheduler_job.py:639} INFO - DAG(s) dict_keys(['tutorial_etl_dag']) retrieved from /home/airflow/.local/lib/python3.6/site-packages/airflow/example_dags/tutorial_etl_dag.py
[2023-03-21 11:33:58,106] {logging_mixin.py:104} INFO - [2023-03-21 11:33:58,105] {dag.py:1824} INFO - Sync 1 DAGs
[2023-03-21 11:33:58,139] {logging_mixin.py:104} INFO - [2023-03-21 11:33:58,139] {dag.py:2280} INFO - Setting next_dagrun for tutorial_etl_dag to None
[2023-03-21 11:33:58,173] {scheduler_job.py:190} INFO - Processing /home/airflow/.local/lib/python3.6/site-packages/airflow/example_dags/tutorial_etl_dag.py took 0.152 seconds
[2023-03-21 11:34:29,237] {scheduler_job.py:182} INFO - Started process (PID=224) to work on /home/airflow/.local/lib/python3.6/site-packages/airflow/example_dags/tutorial_etl_dag.py
[2023-03-21 11:34:29,239] {scheduler_job.py:629} INFO - Processing file /home/airflow/.local/lib/python3.6/site-packages/airflow/example_dags/tutorial_etl_dag.py for tasks to queue
[2023-03-21 11:34:29,240] {logging_mixin.py:104} INFO - [2023-03-21 11:34:29,240] {dagbag.py:451} INFO - Filling up the DagBag from /home/airflow/.local/lib/python3.6/site-packages/airflow/example_dags/tutorial_etl_dag.py
[2023-03-21 11:34:29,253] {scheduler_job.py:639} INFO - DAG(s) dict_keys(['tutorial_etl_dag']) retrieved from /home/airflow/.local/lib/python3.6/site-packages/airflow/example_dags/tutorial_etl_dag.py
[2023-03-21 11:34:29,279] {logging_mixin.py:104} INFO - [2023-03-21 11:34:29,279] {dag.py:1824} INFO - Sync 1 DAGs
[2023-03-21 11:34:29,291] {logging_mixin.py:104} INFO - [2023-03-21 11:34:29,291] {dag.py:2280} INFO - Setting next_dagrun for tutorial_etl_dag to None
[2023-03-21 11:34:29,298] {scheduler_job.py:190} INFO - Processing /home/airflow/.local/lib/python3.6/site-packages/airflow/example_dags/tutorial_etl_dag.py took 0.064 seconds
[2023-03-21 11:35:00,262] {scheduler_job.py:182} INFO - Started process (PID=247) to work on /home/airflow/.local/lib/python3.6/site-packages/airflow/example_dags/tutorial_etl_dag.py
[2023-03-21 11:35:00,264] {scheduler_job.py:629} INFO - Processing file /home/airflow/.local/lib/python3.6/site-packages/airflow/example_dags/tutorial_etl_dag.py for tasks to queue
[2023-03-21 11:35:00,265] {logging_mixin.py:104} INFO - [2023-03-21 11:35:00,265] {dagbag.py:451} INFO - Filling up the DagBag from /home/airflow/.local/lib/python3.6/site-packages/airflow/example_dags/tutorial_etl_dag.py
[2023-03-21 11:35:00,278] {scheduler_job.py:639} INFO - DAG(s) dict_keys(['tutorial_etl_dag']) retrieved from /home/airflow/.local/lib/python3.6/site-packages/airflow/example_dags/tutorial_etl_dag.py
[2023-03-21 11:35:00,319] {logging_mixin.py:104} INFO - [2023-03-21 11:35:00,319] {dag.py:1824} INFO - Sync 1 DAGs
[2023-03-21 11:35:00,331] {logging_mixin.py:104} INFO - [2023-03-21 11:35:00,331] {dag.py:2280} INFO - Setting next_dagrun for tutorial_etl_dag to None
[2023-03-21 11:35:00,339] {scheduler_job.py:190} INFO - Processing /home/airflow/.local/lib/python3.6/site-packages/airflow/example_dags/tutorial_etl_dag.py took 0.081 seconds
[2023-03-21 11:35:30,549] {scheduler_job.py:182} INFO - Started process (PID=274) to work on /home/airflow/.local/lib/python3.6/site-packages/airflow/example_dags/tutorial_etl_dag.py
[2023-03-21 11:35:30,550] {scheduler_job.py:629} INFO - Processing file /home/airflow/.local/lib/python3.6/site-packages/airflow/example_dags/tutorial_etl_dag.py for tasks to queue
[2023-03-21 11:35:30,552] {logging_mixin.py:104} INFO - [2023-03-21 11:35:30,551] {dagbag.py:451} INFO - Filling up the DagBag from /home/airflow/.local/lib/python3.6/site-packages/airflow/example_dags/tutorial_etl_dag.py
[2023-03-21 11:35:30,564] {scheduler_job.py:639} INFO - DAG(s) dict_keys(['tutorial_etl_dag']) retrieved from /home/airflow/.local/lib/python3.6/site-packages/airflow/example_dags/tutorial_etl_dag.py
[2023-03-21 11:35:30,596] {logging_mixin.py:104} INFO - [2023-03-21 11:35:30,596] {dag.py:1824} INFO - Sync 1 DAGs
[2023-03-21 11:35:30,611] {logging_mixin.py:104} INFO - [2023-03-21 11:35:30,611] {dag.py:2280} INFO - Setting next_dagrun for tutorial_etl_dag to None
[2023-03-21 11:35:30,620] {scheduler_job.py:190} INFO - Processing /home/airflow/.local/lib/python3.6/site-packages/airflow/example_dags/tutorial_etl_dag.py took 0.075 seconds
[2023-03-21 11:36:01,088] {scheduler_job.py:182} INFO - Started process (PID=298) to work on /home/airflow/.local/lib/python3.6/site-packages/airflow/example_dags/tutorial_etl_dag.py
[2023-03-21 11:36:01,089] {scheduler_job.py:629} INFO - Processing file /home/airflow/.local/lib/python3.6/site-packages/airflow/example_dags/tutorial_etl_dag.py for tasks to queue
[2023-03-21 11:36:01,090] {logging_mixin.py:104} INFO - [2023-03-21 11:36:01,090] {dagbag.py:451} INFO - Filling up the DagBag from /home/airflow/.local/lib/python3.6/site-packages/airflow/example_dags/tutorial_etl_dag.py
[2023-03-21 11:36:01,100] {scheduler_job.py:639} INFO - DAG(s) dict_keys(['tutorial_etl_dag']) retrieved from /home/airflow/.local/lib/python3.6/site-packages/airflow/example_dags/tutorial_etl_dag.py
[2023-03-21 11:36:01,122] {logging_mixin.py:104} INFO - [2023-03-21 11:36:01,122] {dag.py:1824} INFO - Sync 1 DAGs
[2023-03-21 11:36:01,132] {logging_mixin.py:104} INFO - [2023-03-21 11:36:01,132] {dag.py:2280} INFO - Setting next_dagrun for tutorial_etl_dag to None
[2023-03-21 11:36:01,138] {scheduler_job.py:190} INFO - Processing /home/airflow/.local/lib/python3.6/site-packages/airflow/example_dags/tutorial_etl_dag.py took 0.053 seconds
[2023-03-21 11:36:31,340] {scheduler_job.py:182} INFO - Started process (PID=321) to work on /home/airflow/.local/lib/python3.6/site-packages/airflow/example_dags/tutorial_etl_dag.py
[2023-03-21 11:36:31,342] {scheduler_job.py:629} INFO - Processing file /home/airflow/.local/lib/python3.6/site-packages/airflow/example_dags/tutorial_etl_dag.py for tasks to queue
[2023-03-21 11:36:31,342] {logging_mixin.py:104} INFO - [2023-03-21 11:36:31,342] {dagbag.py:451} INFO - Filling up the DagBag from /home/airflow/.local/lib/python3.6/site-packages/airflow/example_dags/tutorial_etl_dag.py
[2023-03-21 11:36:31,355] {scheduler_job.py:639} INFO - DAG(s) dict_keys(['tutorial_etl_dag']) retrieved from /home/airflow/.local/lib/python3.6/site-packages/airflow/example_dags/tutorial_etl_dag.py
[2023-03-21 11:36:31,373] {logging_mixin.py:104} INFO - [2023-03-21 11:36:31,373] {dag.py:1824} INFO - Sync 1 DAGs
[2023-03-21 11:36:31,382] {logging_mixin.py:104} INFO - [2023-03-21 11:36:31,382] {dag.py:2280} INFO - Setting next_dagrun for tutorial_etl_dag to None
[2023-03-21 11:36:31,389] {scheduler_job.py:190} INFO - Processing /home/airflow/.local/lib/python3.6/site-packages/airflow/example_dags/tutorial_etl_dag.py took 0.051 seconds
[2023-03-21 11:37:01,905] {scheduler_job.py:182} INFO - Started process (PID=350) to work on /home/airflow/.local/lib/python3.6/site-packages/airflow/example_dags/tutorial_etl_dag.py
[2023-03-21 11:37:01,906] {scheduler_job.py:629} INFO - Processing file /home/airflow/.local/lib/python3.6/site-packages/airflow/example_dags/tutorial_etl_dag.py for tasks to queue
[2023-03-21 11:37:01,907] {logging_mixin.py:104} INFO - [2023-03-21 11:37:01,906] {dagbag.py:451} INFO - Filling up the DagBag from /home/airflow/.local/lib/python3.6/site-packages/airflow/example_dags/tutorial_etl_dag.py
[2023-03-21 11:37:01,920] {scheduler_job.py:639} INFO - DAG(s) dict_keys(['tutorial_etl_dag']) retrieved from /home/airflow/.local/lib/python3.6/site-packages/airflow/example_dags/tutorial_etl_dag.py
[2023-03-21 11:37:01,939] {logging_mixin.py:104} INFO - [2023-03-21 11:37:01,939] {dag.py:1824} INFO - Sync 1 DAGs
[2023-03-21 11:37:01,949] {logging_mixin.py:104} INFO - [2023-03-21 11:37:01,948] {dag.py:2280} INFO - Setting next_dagrun for tutorial_etl_dag to None
[2023-03-21 11:37:01,956] {scheduler_job.py:190} INFO - Processing /home/airflow/.local/lib/python3.6/site-packages/airflow/example_dags/tutorial_etl_dag.py took 0.054 seconds
[2023-03-21 11:37:32,231] {scheduler_job.py:182} INFO - Started process (PID=373) to work on /home/airflow/.local/lib/python3.6/site-packages/airflow/example_dags/tutorial_etl_dag.py
[2023-03-21 11:37:32,233] {scheduler_job.py:629} INFO - Processing file /home/airflow/.local/lib/python3.6/site-packages/airflow/example_dags/tutorial_etl_dag.py for tasks to queue
[2023-03-21 11:37:32,234] {logging_mixin.py:104} INFO - [2023-03-21 11:37:32,234] {dagbag.py:451} INFO - Filling up the DagBag from /home/airflow/.local/lib/python3.6/site-packages/airflow/example_dags/tutorial_etl_dag.py
[2023-03-21 11:37:32,249] {scheduler_job.py:639} INFO - DAG(s) dict_keys(['tutorial_etl_dag']) retrieved from /home/airflow/.local/lib/python3.6/site-packages/airflow/example_dags/tutorial_etl_dag.py
[2023-03-21 11:37:32,267] {logging_mixin.py:104} INFO - [2023-03-21 11:37:32,267] {dag.py:1824} INFO - Sync 1 DAGs
[2023-03-21 11:37:32,276] {logging_mixin.py:104} INFO - [2023-03-21 11:37:32,276] {dag.py:2280} INFO - Setting next_dagrun for tutorial_etl_dag to None
[2023-03-21 11:37:32,282] {scheduler_job.py:190} INFO - Processing /home/airflow/.local/lib/python3.6/site-packages/airflow/example_dags/tutorial_etl_dag.py took 0.054 seconds
[2023-03-21 11:38:02,851] {scheduler_job.py:182} INFO - Started process (PID=402) to work on /home/airflow/.local/lib/python3.6/site-packages/airflow/example_dags/tutorial_etl_dag.py
[2023-03-21 11:38:02,852] {scheduler_job.py:629} INFO - Processing file /home/airflow/.local/lib/python3.6/site-packages/airflow/example_dags/tutorial_etl_dag.py for tasks to queue
[2023-03-21 11:38:02,853] {logging_mixin.py:104} INFO - [2023-03-21 11:38:02,853] {dagbag.py:451} INFO - Filling up the DagBag from /home/airflow/.local/lib/python3.6/site-packages/airflow/example_dags/tutorial_etl_dag.py
[2023-03-21 11:38:02,867] {scheduler_job.py:639} INFO - DAG(s) dict_keys(['tutorial_etl_dag']) retrieved from /home/airflow/.local/lib/python3.6/site-packages/airflow/example_dags/tutorial_etl_dag.py
[2023-03-21 11:38:02,886] {logging_mixin.py:104} INFO - [2023-03-21 11:38:02,886] {dag.py:1824} INFO - Sync 1 DAGs
[2023-03-21 11:38:02,896] {logging_mixin.py:104} INFO - [2023-03-21 11:38:02,896] {dag.py:2280} INFO - Setting next_dagrun for tutorial_etl_dag to None
[2023-03-21 11:38:02,902] {scheduler_job.py:190} INFO - Processing /home/airflow/.local/lib/python3.6/site-packages/airflow/example_dags/tutorial_etl_dag.py took 0.054 seconds
[2023-03-21 11:38:33,324] {scheduler_job.py:182} INFO - Started process (PID=428) to work on /home/airflow/.local/lib/python3.6/site-packages/airflow/example_dags/tutorial_etl_dag.py
[2023-03-21 11:38:33,325] {scheduler_job.py:629} INFO - Processing file /home/airflow/.local/lib/python3.6/site-packages/airflow/example_dags/tutorial_etl_dag.py for tasks to queue
[2023-03-21 11:38:33,330] {logging_mixin.py:104} INFO - [2023-03-21 11:38:33,326] {dagbag.py:451} INFO - Filling up the DagBag from /home/airflow/.local/lib/python3.6/site-packages/airflow/example_dags/tutorial_etl_dag.py
[2023-03-21 11:38:33,339] {scheduler_job.py:639} INFO - DAG(s) dict_keys(['tutorial_etl_dag']) retrieved from /home/airflow/.local/lib/python3.6/site-packages/airflow/example_dags/tutorial_etl_dag.py
[2023-03-21 11:38:33,358] {logging_mixin.py:104} INFO - [2023-03-21 11:38:33,358] {dag.py:1824} INFO - Sync 1 DAGs
[2023-03-21 11:38:33,368] {logging_mixin.py:104} INFO - [2023-03-21 11:38:33,368] {dag.py:2280} INFO - Setting next_dagrun for tutorial_etl_dag to None
[2023-03-21 11:38:33,375] {scheduler_job.py:190} INFO - Processing /home/airflow/.local/lib/python3.6/site-packages/airflow/example_dags/tutorial_etl_dag.py took 0.054 seconds
[2023-03-21 11:39:03,850] {scheduler_job.py:182} INFO - Started process (PID=454) to work on /home/airflow/.local/lib/python3.6/site-packages/airflow/example_dags/tutorial_etl_dag.py
[2023-03-21 11:39:03,852] {scheduler_job.py:629} INFO - Processing file /home/airflow/.local/lib/python3.6/site-packages/airflow/example_dags/tutorial_etl_dag.py for tasks to queue
[2023-03-21 11:39:03,853] {logging_mixin.py:104} INFO - [2023-03-21 11:39:03,853] {dagbag.py:451} INFO - Filling up the DagBag from /home/airflow/.local/lib/python3.6/site-packages/airflow/example_dags/tutorial_etl_dag.py
[2023-03-21 11:39:03,865] {scheduler_job.py:639} INFO - DAG(s) dict_keys(['tutorial_etl_dag']) retrieved from /home/airflow/.local/lib/python3.6/site-packages/airflow/example_dags/tutorial_etl_dag.py
[2023-03-21 11:39:03,884] {logging_mixin.py:104} INFO - [2023-03-21 11:39:03,884] {dag.py:1824} INFO - Sync 1 DAGs
[2023-03-21 11:39:03,895] {logging_mixin.py:104} INFO - [2023-03-21 11:39:03,895] {dag.py:2280} INFO - Setting next_dagrun for tutorial_etl_dag to None
[2023-03-21 11:39:03,902] {scheduler_job.py:190} INFO - Processing /home/airflow/.local/lib/python3.6/site-packages/airflow/example_dags/tutorial_etl_dag.py took 0.055 seconds
[2023-03-21 11:39:34,427] {scheduler_job.py:182} INFO - Started process (PID=480) to work on /home/airflow/.local/lib/python3.6/site-packages/airflow/example_dags/tutorial_etl_dag.py
[2023-03-21 11:39:34,429] {scheduler_job.py:629} INFO - Processing file /home/airflow/.local/lib/python3.6/site-packages/airflow/example_dags/tutorial_etl_dag.py for tasks to queue
[2023-03-21 11:39:34,429] {logging_mixin.py:104} INFO - [2023-03-21 11:39:34,429] {dagbag.py:451} INFO - Filling up the DagBag from /home/airflow/.local/lib/python3.6/site-packages/airflow/example_dags/tutorial_etl_dag.py
[2023-03-21 11:39:34,440] {scheduler_job.py:639} INFO - DAG(s) dict_keys(['tutorial_etl_dag']) retrieved from /home/airflow/.local/lib/python3.6/site-packages/airflow/example_dags/tutorial_etl_dag.py
[2023-03-21 11:39:34,460] {logging_mixin.py:104} INFO - [2023-03-21 11:39:34,459] {dag.py:1824} INFO - Sync 1 DAGs
[2023-03-21 11:39:34,471] {logging_mixin.py:104} INFO - [2023-03-21 11:39:34,471] {dag.py:2280} INFO - Setting next_dagrun for tutorial_etl_dag to None
[2023-03-21 11:39:34,477] {scheduler_job.py:190} INFO - Processing /home/airflow/.local/lib/python3.6/site-packages/airflow/example_dags/tutorial_etl_dag.py took 0.053 seconds
[2023-03-21 11:40:05,005] {scheduler_job.py:182} INFO - Started process (PID=506) to work on /home/airflow/.local/lib/python3.6/site-packages/airflow/example_dags/tutorial_etl_dag.py
[2023-03-21 11:40:05,006] {scheduler_job.py:629} INFO - Processing file /home/airflow/.local/lib/python3.6/site-packages/airflow/example_dags/tutorial_etl_dag.py for tasks to queue
[2023-03-21 11:40:05,007] {logging_mixin.py:104} INFO - [2023-03-21 11:40:05,007] {dagbag.py:451} INFO - Filling up the DagBag from /home/airflow/.local/lib/python3.6/site-packages/airflow/example_dags/tutorial_etl_dag.py
[2023-03-21 11:40:05,018] {scheduler_job.py:639} INFO - DAG(s) dict_keys(['tutorial_etl_dag']) retrieved from /home/airflow/.local/lib/python3.6/site-packages/airflow/example_dags/tutorial_etl_dag.py
[2023-03-21 11:40:05,037] {logging_mixin.py:104} INFO - [2023-03-21 11:40:05,037] {dag.py:1824} INFO - Sync 1 DAGs
[2023-03-21 11:40:05,048] {logging_mixin.py:104} INFO - [2023-03-21 11:40:05,048] {dag.py:2280} INFO - Setting next_dagrun for tutorial_etl_dag to None
[2023-03-21 11:40:05,055] {scheduler_job.py:190} INFO - Processing /home/airflow/.local/lib/python3.6/site-packages/airflow/example_dags/tutorial_etl_dag.py took 0.053 seconds
[2023-03-21 11:40:35,487] {scheduler_job.py:182} INFO - Started process (PID=532) to work on /home/airflow/.local/lib/python3.6/site-packages/airflow/example_dags/tutorial_etl_dag.py
[2023-03-21 11:40:35,488] {scheduler_job.py:629} INFO - Processing file /home/airflow/.local/lib/python3.6/site-packages/airflow/example_dags/tutorial_etl_dag.py for tasks to queue
[2023-03-21 11:40:35,489] {logging_mixin.py:104} INFO - [2023-03-21 11:40:35,489] {dagbag.py:451} INFO - Filling up the DagBag from /home/airflow/.local/lib/python3.6/site-packages/airflow/example_dags/tutorial_etl_dag.py
[2023-03-21 11:40:35,499] {scheduler_job.py:639} INFO - DAG(s) dict_keys(['tutorial_etl_dag']) retrieved from /home/airflow/.local/lib/python3.6/site-packages/airflow/example_dags/tutorial_etl_dag.py
[2023-03-21 11:40:35,519] {logging_mixin.py:104} INFO - [2023-03-21 11:40:35,519] {dag.py:1824} INFO - Sync 1 DAGs
[2023-03-21 11:40:35,530] {logging_mixin.py:104} INFO - [2023-03-21 11:40:35,529] {dag.py:2280} INFO - Setting next_dagrun for tutorial_etl_dag to None
[2023-03-21 11:40:35,536] {scheduler_job.py:190} INFO - Processing /home/airflow/.local/lib/python3.6/site-packages/airflow/example_dags/tutorial_etl_dag.py took 0.052 seconds
[2023-03-21 11:41:05,754] {scheduler_job.py:182} INFO - Started process (PID=555) to work on /home/airflow/.local/lib/python3.6/site-packages/airflow/example_dags/tutorial_etl_dag.py
[2023-03-21 11:41:05,755] {scheduler_job.py:629} INFO - Processing file /home/airflow/.local/lib/python3.6/site-packages/airflow/example_dags/tutorial_etl_dag.py for tasks to queue
[2023-03-21 11:41:05,756] {logging_mixin.py:104} INFO - [2023-03-21 11:41:05,756] {dagbag.py:451} INFO - Filling up the DagBag from /home/airflow/.local/lib/python3.6/site-packages/airflow/example_dags/tutorial_etl_dag.py
[2023-03-21 11:41:05,766] {scheduler_job.py:639} INFO - DAG(s) dict_keys(['tutorial_etl_dag']) retrieved from /home/airflow/.local/lib/python3.6/site-packages/airflow/example_dags/tutorial_etl_dag.py
[2023-03-21 11:41:05,785] {logging_mixin.py:104} INFO - [2023-03-21 11:41:05,785] {dag.py:1824} INFO - Sync 1 DAGs
[2023-03-21 11:41:05,795] {logging_mixin.py:104} INFO - [2023-03-21 11:41:05,795] {dag.py:2280} INFO - Setting next_dagrun for tutorial_etl_dag to None
[2023-03-21 11:41:05,801] {scheduler_job.py:190} INFO - Processing /home/airflow/.local/lib/python3.6/site-packages/airflow/example_dags/tutorial_etl_dag.py took 0.049 seconds
[2023-03-21 11:41:36,593] {scheduler_job.py:182} INFO - Started process (PID=585) to work on /home/airflow/.local/lib/python3.6/site-packages/airflow/example_dags/tutorial_etl_dag.py
[2023-03-21 11:41:36,594] {scheduler_job.py:629} INFO - Processing file /home/airflow/.local/lib/python3.6/site-packages/airflow/example_dags/tutorial_etl_dag.py for tasks to queue
[2023-03-21 11:41:36,595] {logging_mixin.py:104} INFO - [2023-03-21 11:41:36,595] {dagbag.py:451} INFO - Filling up the DagBag from /home/airflow/.local/lib/python3.6/site-packages/airflow/example_dags/tutorial_etl_dag.py
[2023-03-21 11:41:36,606] {scheduler_job.py:639} INFO - DAG(s) dict_keys(['tutorial_etl_dag']) retrieved from /home/airflow/.local/lib/python3.6/site-packages/airflow/example_dags/tutorial_etl_dag.py
[2023-03-21 11:41:36,625] {logging_mixin.py:104} INFO - [2023-03-21 11:41:36,625] {dag.py:1824} INFO - Sync 1 DAGs
[2023-03-21 11:41:36,636] {logging_mixin.py:104} INFO - [2023-03-21 11:41:36,636] {dag.py:2280} INFO - Setting next_dagrun for tutorial_etl_dag to None
[2023-03-21 11:41:36,643] {scheduler_job.py:190} INFO - Processing /home/airflow/.local/lib/python3.6/site-packages/airflow/example_dags/tutorial_etl_dag.py took 0.053 seconds
[2023-03-21 11:42:06,957] {scheduler_job.py:182} INFO - Started process (PID=610) to work on /home/airflow/.local/lib/python3.6/site-packages/airflow/example_dags/tutorial_etl_dag.py
[2023-03-21 11:42:06,959] {scheduler_job.py:629} INFO - Processing file /home/airflow/.local/lib/python3.6/site-packages/airflow/example_dags/tutorial_etl_dag.py for tasks to queue
[2023-03-21 11:42:06,959] {logging_mixin.py:104} INFO - [2023-03-21 11:42:06,959] {dagbag.py:451} INFO - Filling up the DagBag from /home/airflow/.local/lib/python3.6/site-packages/airflow/example_dags/tutorial_etl_dag.py
[2023-03-21 11:42:06,969] {scheduler_job.py:639} INFO - DAG(s) dict_keys(['tutorial_etl_dag']) retrieved from /home/airflow/.local/lib/python3.6/site-packages/airflow/example_dags/tutorial_etl_dag.py
[2023-03-21 11:42:06,988] {logging_mixin.py:104} INFO - [2023-03-21 11:42:06,988] {dag.py:1824} INFO - Sync 1 DAGs
[2023-03-21 11:42:06,999] {logging_mixin.py:104} INFO - [2023-03-21 11:42:06,999] {dag.py:2280} INFO - Setting next_dagrun for tutorial_etl_dag to None
[2023-03-21 11:42:07,006] {scheduler_job.py:190} INFO - Processing /home/airflow/.local/lib/python3.6/site-packages/airflow/example_dags/tutorial_etl_dag.py took 0.051 seconds
[2023-03-21 11:42:37,520] {scheduler_job.py:182} INFO - Started process (PID=636) to work on /home/airflow/.local/lib/python3.6/site-packages/airflow/example_dags/tutorial_etl_dag.py
[2023-03-21 11:42:37,522] {scheduler_job.py:629} INFO - Processing file /home/airflow/.local/lib/python3.6/site-packages/airflow/example_dags/tutorial_etl_dag.py for tasks to queue
[2023-03-21 11:42:37,522] {logging_mixin.py:104} INFO - [2023-03-21 11:42:37,522] {dagbag.py:451} INFO - Filling up the DagBag from /home/airflow/.local/lib/python3.6/site-packages/airflow/example_dags/tutorial_etl_dag.py
[2023-03-21 11:42:37,532] {scheduler_job.py:639} INFO - DAG(s) dict_keys(['tutorial_etl_dag']) retrieved from /home/airflow/.local/lib/python3.6/site-packages/airflow/example_dags/tutorial_etl_dag.py
[2023-03-21 11:42:37,550] {logging_mixin.py:104} INFO - [2023-03-21 11:42:37,550] {dag.py:1824} INFO - Sync 1 DAGs
[2023-03-21 11:42:37,560] {logging_mixin.py:104} INFO - [2023-03-21 11:42:37,560] {dag.py:2280} INFO - Setting next_dagrun for tutorial_etl_dag to None
[2023-03-21 11:42:37,568] {scheduler_job.py:190} INFO - Processing /home/airflow/.local/lib/python3.6/site-packages/airflow/example_dags/tutorial_etl_dag.py took 0.050 seconds
[2023-03-21 11:43:07,969] {scheduler_job.py:182} INFO - Started process (PID=662) to work on /home/airflow/.local/lib/python3.6/site-packages/airflow/example_dags/tutorial_etl_dag.py
[2023-03-21 11:43:07,971] {scheduler_job.py:629} INFO - Processing file /home/airflow/.local/lib/python3.6/site-packages/airflow/example_dags/tutorial_etl_dag.py for tasks to queue
[2023-03-21 11:43:07,972] {logging_mixin.py:104} INFO - [2023-03-21 11:43:07,972] {dagbag.py:451} INFO - Filling up the DagBag from /home/airflow/.local/lib/python3.6/site-packages/airflow/example_dags/tutorial_etl_dag.py
[2023-03-21 11:43:07,984] {scheduler_job.py:639} INFO - DAG(s) dict_keys(['tutorial_etl_dag']) retrieved from /home/airflow/.local/lib/python3.6/site-packages/airflow/example_dags/tutorial_etl_dag.py
[2023-03-21 11:43:08,006] {logging_mixin.py:104} INFO - [2023-03-21 11:43:08,006] {dag.py:1824} INFO - Sync 1 DAGs
[2023-03-21 11:43:08,017] {logging_mixin.py:104} INFO - [2023-03-21 11:43:08,017] {dag.py:2280} INFO - Setting next_dagrun for tutorial_etl_dag to None
[2023-03-21 11:43:08,024] {scheduler_job.py:190} INFO - Processing /home/airflow/.local/lib/python3.6/site-packages/airflow/example_dags/tutorial_etl_dag.py took 0.058 seconds
[2023-03-21 11:43:38,159] {scheduler_job.py:182} INFO - Started process (PID=685) to work on /home/airflow/.local/lib/python3.6/site-packages/airflow/example_dags/tutorial_etl_dag.py
[2023-03-21 11:43:38,161] {scheduler_job.py:629} INFO - Processing file /home/airflow/.local/lib/python3.6/site-packages/airflow/example_dags/tutorial_etl_dag.py for tasks to queue
[2023-03-21 11:43:38,162] {logging_mixin.py:104} INFO - [2023-03-21 11:43:38,162] {dagbag.py:451} INFO - Filling up the DagBag from /home/airflow/.local/lib/python3.6/site-packages/airflow/example_dags/tutorial_etl_dag.py
[2023-03-21 11:43:38,171] {scheduler_job.py:639} INFO - DAG(s) dict_keys(['tutorial_etl_dag']) retrieved from /home/airflow/.local/lib/python3.6/site-packages/airflow/example_dags/tutorial_etl_dag.py
[2023-03-21 11:43:38,190] {logging_mixin.py:104} INFO - [2023-03-21 11:43:38,190] {dag.py:1824} INFO - Sync 1 DAGs
[2023-03-21 11:43:38,200] {logging_mixin.py:104} INFO - [2023-03-21 11:43:38,199] {dag.py:2280} INFO - Setting next_dagrun for tutorial_etl_dag to None
[2023-03-21 11:43:38,206] {scheduler_job.py:190} INFO - Processing /home/airflow/.local/lib/python3.6/site-packages/airflow/example_dags/tutorial_etl_dag.py took 0.050 seconds
[2023-03-21 11:44:08,772] {scheduler_job.py:182} INFO - Started process (PID=714) to work on /home/airflow/.local/lib/python3.6/site-packages/airflow/example_dags/tutorial_etl_dag.py
[2023-03-21 11:44:08,773] {scheduler_job.py:629} INFO - Processing file /home/airflow/.local/lib/python3.6/site-packages/airflow/example_dags/tutorial_etl_dag.py for tasks to queue
[2023-03-21 11:44:08,774] {logging_mixin.py:104} INFO - [2023-03-21 11:44:08,774] {dagbag.py:451} INFO - Filling up the DagBag from /home/airflow/.local/lib/python3.6/site-packages/airflow/example_dags/tutorial_etl_dag.py
[2023-03-21 11:44:08,785] {scheduler_job.py:639} INFO - DAG(s) dict_keys(['tutorial_etl_dag']) retrieved from /home/airflow/.local/lib/python3.6/site-packages/airflow/example_dags/tutorial_etl_dag.py
[2023-03-21 11:44:08,805] {logging_mixin.py:104} INFO - [2023-03-21 11:44:08,805] {dag.py:1824} INFO - Sync 1 DAGs
[2023-03-21 11:44:08,815] {logging_mixin.py:104} INFO - [2023-03-21 11:44:08,815] {dag.py:2280} INFO - Setting next_dagrun for tutorial_etl_dag to None
[2023-03-21 11:44:08,822] {scheduler_job.py:190} INFO - Processing /home/airflow/.local/lib/python3.6/site-packages/airflow/example_dags/tutorial_etl_dag.py took 0.053 seconds
[2023-03-21 11:44:38,998] {scheduler_job.py:182} INFO - Started process (PID=737) to work on /home/airflow/.local/lib/python3.6/site-packages/airflow/example_dags/tutorial_etl_dag.py
[2023-03-21 11:44:38,999] {scheduler_job.py:629} INFO - Processing file /home/airflow/.local/lib/python3.6/site-packages/airflow/example_dags/tutorial_etl_dag.py for tasks to queue
[2023-03-21 11:44:39,000] {logging_mixin.py:104} INFO - [2023-03-21 11:44:39,000] {dagbag.py:451} INFO - Filling up the DagBag from /home/airflow/.local/lib/python3.6/site-packages/airflow/example_dags/tutorial_etl_dag.py
[2023-03-21 11:44:39,010] {scheduler_job.py:639} INFO - DAG(s) dict_keys(['tutorial_etl_dag']) retrieved from /home/airflow/.local/lib/python3.6/site-packages/airflow/example_dags/tutorial_etl_dag.py
[2023-03-21 11:44:39,028] {logging_mixin.py:104} INFO - [2023-03-21 11:44:39,028] {dag.py:1824} INFO - Sync 1 DAGs
[2023-03-21 11:44:39,039] {logging_mixin.py:104} INFO - [2023-03-21 11:44:39,039] {dag.py:2280} INFO - Setting next_dagrun for tutorial_etl_dag to None
[2023-03-21 11:44:39,045] {scheduler_job.py:190} INFO - Processing /home/airflow/.local/lib/python3.6/site-packages/airflow/example_dags/tutorial_etl_dag.py took 0.050 seconds
[2023-03-21 11:45:09,897] {scheduler_job.py:182} INFO - Started process (PID=766) to work on /home/airflow/.local/lib/python3.6/site-packages/airflow/example_dags/tutorial_etl_dag.py
[2023-03-21 11:45:09,898] {scheduler_job.py:629} INFO - Processing file /home/airflow/.local/lib/python3.6/site-packages/airflow/example_dags/tutorial_etl_dag.py for tasks to queue
[2023-03-21 11:45:09,899] {logging_mixin.py:104} INFO - [2023-03-21 11:45:09,899] {dagbag.py:451} INFO - Filling up the DagBag from /home/airflow/.local/lib/python3.6/site-packages/airflow/example_dags/tutorial_etl_dag.py
[2023-03-21 11:45:09,911] {scheduler_job.py:639} INFO - DAG(s) dict_keys(['tutorial_etl_dag']) retrieved from /home/airflow/.local/lib/python3.6/site-packages/airflow/example_dags/tutorial_etl_dag.py
[2023-03-21 11:45:09,932] {logging_mixin.py:104} INFO - [2023-03-21 11:45:09,932] {dag.py:1824} INFO - Sync 1 DAGs
[2023-03-21 11:45:09,943] {logging_mixin.py:104} INFO - [2023-03-21 11:45:09,943] {dag.py:2280} INFO - Setting next_dagrun for tutorial_etl_dag to None
[2023-03-21 11:45:09,950] {scheduler_job.py:190} INFO - Processing /home/airflow/.local/lib/python3.6/site-packages/airflow/example_dags/tutorial_etl_dag.py took 0.058 seconds
[2023-03-21 11:45:40,490] {scheduler_job.py:182} INFO - Started process (PID=792) to work on /home/airflow/.local/lib/python3.6/site-packages/airflow/example_dags/tutorial_etl_dag.py
[2023-03-21 11:45:40,491] {scheduler_job.py:629} INFO - Processing file /home/airflow/.local/lib/python3.6/site-packages/airflow/example_dags/tutorial_etl_dag.py for tasks to queue
[2023-03-21 11:45:40,493] {logging_mixin.py:104} INFO - [2023-03-21 11:45:40,493] {dagbag.py:451} INFO - Filling up the DagBag from /home/airflow/.local/lib/python3.6/site-packages/airflow/example_dags/tutorial_etl_dag.py
[2023-03-21 11:45:40,504] {scheduler_job.py:639} INFO - DAG(s) dict_keys(['tutorial_etl_dag']) retrieved from /home/airflow/.local/lib/python3.6/site-packages/airflow/example_dags/tutorial_etl_dag.py
[2023-03-21 11:45:40,524] {logging_mixin.py:104} INFO - [2023-03-21 11:45:40,523] {dag.py:1824} INFO - Sync 1 DAGs
[2023-03-21 11:45:40,534] {logging_mixin.py:104} INFO - [2023-03-21 11:45:40,534] {dag.py:2280} INFO - Setting next_dagrun for tutorial_etl_dag to None
[2023-03-21 11:45:40,541] {scheduler_job.py:190} INFO - Processing /home/airflow/.local/lib/python3.6/site-packages/airflow/example_dags/tutorial_etl_dag.py took 0.054 seconds
[2023-03-21 11:46:10,953] {scheduler_job.py:182} INFO - Started process (PID=818) to work on /home/airflow/.local/lib/python3.6/site-packages/airflow/example_dags/tutorial_etl_dag.py
[2023-03-21 11:46:10,954] {scheduler_job.py:629} INFO - Processing file /home/airflow/.local/lib/python3.6/site-packages/airflow/example_dags/tutorial_etl_dag.py for tasks to queue
[2023-03-21 11:46:10,955] {logging_mixin.py:104} INFO - [2023-03-21 11:46:10,955] {dagbag.py:451} INFO - Filling up the DagBag from /home/airflow/.local/lib/python3.6/site-packages/airflow/example_dags/tutorial_etl_dag.py
[2023-03-21 11:46:10,966] {scheduler_job.py:639} INFO - DAG(s) dict_keys(['tutorial_etl_dag']) retrieved from /home/airflow/.local/lib/python3.6/site-packages/airflow/example_dags/tutorial_etl_dag.py
[2023-03-21 11:46:10,985] {logging_mixin.py:104} INFO - [2023-03-21 11:46:10,985] {dag.py:1824} INFO - Sync 1 DAGs
[2023-03-21 11:46:10,997] {logging_mixin.py:104} INFO - [2023-03-21 11:46:10,996] {dag.py:2280} INFO - Setting next_dagrun for tutorial_etl_dag to None
[2023-03-21 11:46:11,003] {scheduler_job.py:190} INFO - Processing /home/airflow/.local/lib/python3.6/site-packages/airflow/example_dags/tutorial_etl_dag.py took 0.053 seconds
