[2023-03-21 11:31:19,102] {scheduler_job.py:182} INFO - Started process (PID=38) to work on /home/airflow/.local/lib/python3.6/site-packages/airflow/example_dags/tutorial.py
[2023-03-21 11:31:19,106] {scheduler_job.py:629} INFO - Processing file /home/airflow/.local/lib/python3.6/site-packages/airflow/example_dags/tutorial.py for tasks to queue
[2023-03-21 11:31:19,109] {logging_mixin.py:104} INFO - [2023-03-21 11:31:19,108] {dagbag.py:451} INFO - Filling up the DagBag from /home/airflow/.local/lib/python3.6/site-packages/airflow/example_dags/tutorial.py
[2023-03-21 11:31:19,127] {scheduler_job.py:639} INFO - DAG(s) dict_keys(['tutorial']) retrieved from /home/airflow/.local/lib/python3.6/site-packages/airflow/example_dags/tutorial.py
[2023-03-21 11:31:19,179] {logging_mixin.py:104} INFO - [2023-03-21 11:31:19,179] {dag.py:1824} INFO - Sync 1 DAGs
[2023-03-21 11:31:19,196] {logging_mixin.py:104} INFO - [2023-03-21 11:31:19,196] {dag.py:2280} INFO - Setting next_dagrun for tutorial to 2023-03-19 00:00:00+00:00
[2023-03-21 11:31:19,221] {scheduler_job.py:190} INFO - Processing /home/airflow/.local/lib/python3.6/site-packages/airflow/example_dags/tutorial.py took 0.125 seconds
[2023-03-21 11:31:50,197] {scheduler_job.py:182} INFO - Started process (PID=65) to work on /home/airflow/.local/lib/python3.6/site-packages/airflow/example_dags/tutorial.py
[2023-03-21 11:31:50,199] {scheduler_job.py:629} INFO - Processing file /home/airflow/.local/lib/python3.6/site-packages/airflow/example_dags/tutorial.py for tasks to queue
[2023-03-21 11:31:50,200] {logging_mixin.py:104} INFO - [2023-03-21 11:31:50,200] {dagbag.py:451} INFO - Filling up the DagBag from /home/airflow/.local/lib/python3.6/site-packages/airflow/example_dags/tutorial.py
[2023-03-21 11:31:50,209] {scheduler_job.py:639} INFO - DAG(s) dict_keys(['tutorial']) retrieved from /home/airflow/.local/lib/python3.6/site-packages/airflow/example_dags/tutorial.py
[2023-03-21 11:31:50,231] {logging_mixin.py:104} INFO - [2023-03-21 11:31:50,231] {dag.py:1824} INFO - Sync 1 DAGs
[2023-03-21 11:31:50,246] {logging_mixin.py:104} INFO - [2023-03-21 11:31:50,246] {dag.py:2280} INFO - Setting next_dagrun for tutorial to 2023-03-19 00:00:00+00:00
[2023-03-21 11:31:50,253] {scheduler_job.py:190} INFO - Processing /home/airflow/.local/lib/python3.6/site-packages/airflow/example_dags/tutorial.py took 0.058 seconds
[2023-03-21 11:32:23,257] {scheduler_job.py:182} INFO - Started process (PID=107) to work on /home/airflow/.local/lib/python3.6/site-packages/airflow/example_dags/tutorial.py
[2023-03-21 11:32:23,264] {scheduler_job.py:629} INFO - Processing file /home/airflow/.local/lib/python3.6/site-packages/airflow/example_dags/tutorial.py for tasks to queue
[2023-03-21 11:32:23,274] {logging_mixin.py:104} INFO - [2023-03-21 11:32:23,273] {dagbag.py:451} INFO - Filling up the DagBag from /home/airflow/.local/lib/python3.6/site-packages/airflow/example_dags/tutorial.py
[2023-03-21 11:32:23,303] {scheduler_job.py:639} INFO - DAG(s) dict_keys(['tutorial']) retrieved from /home/airflow/.local/lib/python3.6/site-packages/airflow/example_dags/tutorial.py
[2023-03-21 11:32:23,388] {logging_mixin.py:104} INFO - [2023-03-21 11:32:23,388] {dag.py:1824} INFO - Sync 1 DAGs
[2023-03-21 11:32:23,446] {logging_mixin.py:104} INFO - [2023-03-21 11:32:23,445] {dag.py:2280} INFO - Setting next_dagrun for tutorial to 2023-03-19 00:00:00+00:00
[2023-03-21 11:32:23,558] {scheduler_job.py:190} INFO - Processing /home/airflow/.local/lib/python3.6/site-packages/airflow/example_dags/tutorial.py took 0.311 seconds
[2023-03-21 11:32:53,702] {scheduler_job.py:182} INFO - Started process (PID=133) to work on /home/airflow/.local/lib/python3.6/site-packages/airflow/example_dags/tutorial.py
[2023-03-21 11:32:53,707] {scheduler_job.py:629} INFO - Processing file /home/airflow/.local/lib/python3.6/site-packages/airflow/example_dags/tutorial.py for tasks to queue
[2023-03-21 11:32:53,713] {logging_mixin.py:104} INFO - [2023-03-21 11:32:53,712] {dagbag.py:451} INFO - Filling up the DagBag from /home/airflow/.local/lib/python3.6/site-packages/airflow/example_dags/tutorial.py
[2023-03-21 11:32:53,732] {scheduler_job.py:639} INFO - DAG(s) dict_keys(['tutorial']) retrieved from /home/airflow/.local/lib/python3.6/site-packages/airflow/example_dags/tutorial.py
[2023-03-21 11:32:53,763] {logging_mixin.py:104} INFO - [2023-03-21 11:32:53,763] {dag.py:1824} INFO - Sync 1 DAGs
[2023-03-21 11:32:53,789] {logging_mixin.py:104} INFO - [2023-03-21 11:32:53,788] {dag.py:2280} INFO - Setting next_dagrun for tutorial to 2023-03-19 00:00:00+00:00
[2023-03-21 11:32:53,797] {scheduler_job.py:190} INFO - Processing /home/airflow/.local/lib/python3.6/site-packages/airflow/example_dags/tutorial.py took 0.102 seconds
[2023-03-21 11:33:24,671] {scheduler_job.py:182} INFO - Started process (PID=159) to work on /home/airflow/.local/lib/python3.6/site-packages/airflow/example_dags/tutorial.py
[2023-03-21 11:33:24,673] {scheduler_job.py:629} INFO - Processing file /home/airflow/.local/lib/python3.6/site-packages/airflow/example_dags/tutorial.py for tasks to queue
[2023-03-21 11:33:24,674] {logging_mixin.py:104} INFO - [2023-03-21 11:33:24,674] {dagbag.py:451} INFO - Filling up the DagBag from /home/airflow/.local/lib/python3.6/site-packages/airflow/example_dags/tutorial.py
[2023-03-21 11:33:24,689] {scheduler_job.py:639} INFO - DAG(s) dict_keys(['tutorial']) retrieved from /home/airflow/.local/lib/python3.6/site-packages/airflow/example_dags/tutorial.py
[2023-03-21 11:33:24,766] {logging_mixin.py:104} INFO - [2023-03-21 11:33:24,766] {dag.py:1824} INFO - Sync 1 DAGs
[2023-03-21 11:33:24,788] {logging_mixin.py:104} INFO - [2023-03-21 11:33:24,788] {dag.py:2280} INFO - Setting next_dagrun for tutorial to 2023-03-19 00:00:00+00:00
[2023-03-21 11:33:24,800] {scheduler_job.py:190} INFO - Processing /home/airflow/.local/lib/python3.6/site-packages/airflow/example_dags/tutorial.py took 0.132 seconds
[2023-03-21 11:33:55,396] {scheduler_job.py:182} INFO - Started process (PID=185) to work on /home/airflow/.local/lib/python3.6/site-packages/airflow/example_dags/tutorial.py
[2023-03-21 11:33:55,399] {scheduler_job.py:629} INFO - Processing file /home/airflow/.local/lib/python3.6/site-packages/airflow/example_dags/tutorial.py for tasks to queue
[2023-03-21 11:33:55,400] {logging_mixin.py:104} INFO - [2023-03-21 11:33:55,400] {dagbag.py:451} INFO - Filling up the DagBag from /home/airflow/.local/lib/python3.6/site-packages/airflow/example_dags/tutorial.py
[2023-03-21 11:33:55,415] {scheduler_job.py:639} INFO - DAG(s) dict_keys(['tutorial']) retrieved from /home/airflow/.local/lib/python3.6/site-packages/airflow/example_dags/tutorial.py
[2023-03-21 11:33:55,452] {logging_mixin.py:104} INFO - [2023-03-21 11:33:55,451] {dag.py:1824} INFO - Sync 1 DAGs
[2023-03-21 11:33:55,482] {logging_mixin.py:104} INFO - [2023-03-21 11:33:55,482] {dag.py:2280} INFO - Setting next_dagrun for tutorial to 2023-03-19 00:00:00+00:00
[2023-03-21 11:33:55,496] {scheduler_job.py:190} INFO - Processing /home/airflow/.local/lib/python3.6/site-packages/airflow/example_dags/tutorial.py took 0.105 seconds
[2023-03-21 11:34:26,599] {scheduler_job.py:182} INFO - Started process (PID=211) to work on /home/airflow/.local/lib/python3.6/site-packages/airflow/example_dags/tutorial.py
[2023-03-21 11:34:26,602] {scheduler_job.py:629} INFO - Processing file /home/airflow/.local/lib/python3.6/site-packages/airflow/example_dags/tutorial.py for tasks to queue
[2023-03-21 11:34:26,603] {logging_mixin.py:104} INFO - [2023-03-21 11:34:26,603] {dagbag.py:451} INFO - Filling up the DagBag from /home/airflow/.local/lib/python3.6/site-packages/airflow/example_dags/tutorial.py
[2023-03-21 11:34:26,618] {scheduler_job.py:639} INFO - DAG(s) dict_keys(['tutorial']) retrieved from /home/airflow/.local/lib/python3.6/site-packages/airflow/example_dags/tutorial.py
[2023-03-21 11:34:26,674] {logging_mixin.py:104} INFO - [2023-03-21 11:34:26,673] {dag.py:1824} INFO - Sync 1 DAGs
[2023-03-21 11:34:26,703] {logging_mixin.py:104} INFO - [2023-03-21 11:34:26,702] {dag.py:2280} INFO - Setting next_dagrun for tutorial to 2023-03-19 00:00:00+00:00
[2023-03-21 11:34:26,712] {scheduler_job.py:190} INFO - Processing /home/airflow/.local/lib/python3.6/site-packages/airflow/example_dags/tutorial.py took 0.117 seconds
[2023-03-21 11:34:57,711] {scheduler_job.py:182} INFO - Started process (PID=240) to work on /home/airflow/.local/lib/python3.6/site-packages/airflow/example_dags/tutorial.py
[2023-03-21 11:34:57,712] {scheduler_job.py:629} INFO - Processing file /home/airflow/.local/lib/python3.6/site-packages/airflow/example_dags/tutorial.py for tasks to queue
[2023-03-21 11:34:57,713] {logging_mixin.py:104} INFO - [2023-03-21 11:34:57,713] {dagbag.py:451} INFO - Filling up the DagBag from /home/airflow/.local/lib/python3.6/site-packages/airflow/example_dags/tutorial.py
[2023-03-21 11:34:57,723] {scheduler_job.py:639} INFO - DAG(s) dict_keys(['tutorial']) retrieved from /home/airflow/.local/lib/python3.6/site-packages/airflow/example_dags/tutorial.py
[2023-03-21 11:34:57,747] {logging_mixin.py:104} INFO - [2023-03-21 11:34:57,747] {dag.py:1824} INFO - Sync 1 DAGs
[2023-03-21 11:34:57,763] {logging_mixin.py:104} INFO - [2023-03-21 11:34:57,762] {dag.py:2280} INFO - Setting next_dagrun for tutorial to 2023-03-19 00:00:00+00:00
[2023-03-21 11:34:57,781] {scheduler_job.py:190} INFO - Processing /home/airflow/.local/lib/python3.6/site-packages/airflow/example_dags/tutorial.py took 0.073 seconds
[2023-03-21 11:35:27,948] {scheduler_job.py:182} INFO - Started process (PID=266) to work on /home/airflow/.local/lib/python3.6/site-packages/airflow/example_dags/tutorial.py
[2023-03-21 11:35:27,949] {scheduler_job.py:629} INFO - Processing file /home/airflow/.local/lib/python3.6/site-packages/airflow/example_dags/tutorial.py for tasks to queue
[2023-03-21 11:35:27,950] {logging_mixin.py:104} INFO - [2023-03-21 11:35:27,950] {dagbag.py:451} INFO - Filling up the DagBag from /home/airflow/.local/lib/python3.6/site-packages/airflow/example_dags/tutorial.py
[2023-03-21 11:35:27,967] {scheduler_job.py:639} INFO - DAG(s) dict_keys(['tutorial']) retrieved from /home/airflow/.local/lib/python3.6/site-packages/airflow/example_dags/tutorial.py
[2023-03-21 11:35:27,996] {logging_mixin.py:104} INFO - [2023-03-21 11:35:27,996] {dag.py:1824} INFO - Sync 1 DAGs
[2023-03-21 11:35:28,016] {logging_mixin.py:104} INFO - [2023-03-21 11:35:28,016] {dag.py:2280} INFO - Setting next_dagrun for tutorial to 2023-03-19 00:00:00+00:00
[2023-03-21 11:35:28,024] {scheduler_job.py:190} INFO - Processing /home/airflow/.local/lib/python3.6/site-packages/airflow/example_dags/tutorial.py took 0.080 seconds
[2023-03-21 11:35:58,789] {scheduler_job.py:182} INFO - Started process (PID=292) to work on /home/airflow/.local/lib/python3.6/site-packages/airflow/example_dags/tutorial.py
[2023-03-21 11:35:58,790] {scheduler_job.py:629} INFO - Processing file /home/airflow/.local/lib/python3.6/site-packages/airflow/example_dags/tutorial.py for tasks to queue
[2023-03-21 11:35:58,791] {logging_mixin.py:104} INFO - [2023-03-21 11:35:58,791] {dagbag.py:451} INFO - Filling up the DagBag from /home/airflow/.local/lib/python3.6/site-packages/airflow/example_dags/tutorial.py
[2023-03-21 11:35:58,799] {scheduler_job.py:639} INFO - DAG(s) dict_keys(['tutorial']) retrieved from /home/airflow/.local/lib/python3.6/site-packages/airflow/example_dags/tutorial.py
[2023-03-21 11:35:58,821] {logging_mixin.py:104} INFO - [2023-03-21 11:35:58,821] {dag.py:1824} INFO - Sync 1 DAGs
[2023-03-21 11:35:58,830] {logging_mixin.py:104} INFO - [2023-03-21 11:35:58,830] {dag.py:2280} INFO - Setting next_dagrun for tutorial to 2023-03-19 00:00:00+00:00
[2023-03-21 11:35:58,837] {scheduler_job.py:190} INFO - Processing /home/airflow/.local/lib/python3.6/site-packages/airflow/example_dags/tutorial.py took 0.050 seconds
[2023-03-21 11:36:29,175] {scheduler_job.py:182} INFO - Started process (PID=318) to work on /home/airflow/.local/lib/python3.6/site-packages/airflow/example_dags/tutorial.py
[2023-03-21 11:36:29,176] {scheduler_job.py:629} INFO - Processing file /home/airflow/.local/lib/python3.6/site-packages/airflow/example_dags/tutorial.py for tasks to queue
[2023-03-21 11:36:29,176] {logging_mixin.py:104} INFO - [2023-03-21 11:36:29,176] {dagbag.py:451} INFO - Filling up the DagBag from /home/airflow/.local/lib/python3.6/site-packages/airflow/example_dags/tutorial.py
[2023-03-21 11:36:29,188] {scheduler_job.py:639} INFO - DAG(s) dict_keys(['tutorial']) retrieved from /home/airflow/.local/lib/python3.6/site-packages/airflow/example_dags/tutorial.py
[2023-03-21 11:36:29,207] {logging_mixin.py:104} INFO - [2023-03-21 11:36:29,206] {dag.py:1824} INFO - Sync 1 DAGs
[2023-03-21 11:36:29,216] {logging_mixin.py:104} INFO - [2023-03-21 11:36:29,216] {dag.py:2280} INFO - Setting next_dagrun for tutorial to 2023-03-19 00:00:00+00:00
[2023-03-21 11:36:29,222] {scheduler_job.py:190} INFO - Processing /home/airflow/.local/lib/python3.6/site-packages/airflow/example_dags/tutorial.py took 0.050 seconds
[2023-03-21 11:36:59,648] {scheduler_job.py:182} INFO - Started process (PID=344) to work on /home/airflow/.local/lib/python3.6/site-packages/airflow/example_dags/tutorial.py
[2023-03-21 11:36:59,650] {scheduler_job.py:629} INFO - Processing file /home/airflow/.local/lib/python3.6/site-packages/airflow/example_dags/tutorial.py for tasks to queue
[2023-03-21 11:36:59,651] {logging_mixin.py:104} INFO - [2023-03-21 11:36:59,651] {dagbag.py:451} INFO - Filling up the DagBag from /home/airflow/.local/lib/python3.6/site-packages/airflow/example_dags/tutorial.py
[2023-03-21 11:36:59,663] {scheduler_job.py:639} INFO - DAG(s) dict_keys(['tutorial']) retrieved from /home/airflow/.local/lib/python3.6/site-packages/airflow/example_dags/tutorial.py
[2023-03-21 11:36:59,681] {logging_mixin.py:104} INFO - [2023-03-21 11:36:59,681] {dag.py:1824} INFO - Sync 1 DAGs
[2023-03-21 11:36:59,691] {logging_mixin.py:104} INFO - [2023-03-21 11:36:59,691] {dag.py:2280} INFO - Setting next_dagrun for tutorial to 2023-03-19 00:00:00+00:00
[2023-03-21 11:36:59,698] {scheduler_job.py:190} INFO - Processing /home/airflow/.local/lib/python3.6/site-packages/airflow/example_dags/tutorial.py took 0.052 seconds
[2023-03-21 11:37:30,030] {scheduler_job.py:182} INFO - Started process (PID=370) to work on /home/airflow/.local/lib/python3.6/site-packages/airflow/example_dags/tutorial.py
[2023-03-21 11:37:30,031] {scheduler_job.py:629} INFO - Processing file /home/airflow/.local/lib/python3.6/site-packages/airflow/example_dags/tutorial.py for tasks to queue
[2023-03-21 11:37:30,032] {logging_mixin.py:104} INFO - [2023-03-21 11:37:30,032] {dagbag.py:451} INFO - Filling up the DagBag from /home/airflow/.local/lib/python3.6/site-packages/airflow/example_dags/tutorial.py
[2023-03-21 11:37:30,043] {scheduler_job.py:639} INFO - DAG(s) dict_keys(['tutorial']) retrieved from /home/airflow/.local/lib/python3.6/site-packages/airflow/example_dags/tutorial.py
[2023-03-21 11:37:30,061] {logging_mixin.py:104} INFO - [2023-03-21 11:37:30,061] {dag.py:1824} INFO - Sync 1 DAGs
[2023-03-21 11:37:30,071] {logging_mixin.py:104} INFO - [2023-03-21 11:37:30,071] {dag.py:2280} INFO - Setting next_dagrun for tutorial to 2023-03-19 00:00:00+00:00
[2023-03-21 11:37:30,077] {scheduler_job.py:190} INFO - Processing /home/airflow/.local/lib/python3.6/site-packages/airflow/example_dags/tutorial.py took 0.050 seconds
[2023-03-21 11:38:00,562] {scheduler_job.py:182} INFO - Started process (PID=396) to work on /home/airflow/.local/lib/python3.6/site-packages/airflow/example_dags/tutorial.py
[2023-03-21 11:38:00,564] {scheduler_job.py:629} INFO - Processing file /home/airflow/.local/lib/python3.6/site-packages/airflow/example_dags/tutorial.py for tasks to queue
[2023-03-21 11:38:00,564] {logging_mixin.py:104} INFO - [2023-03-21 11:38:00,564] {dagbag.py:451} INFO - Filling up the DagBag from /home/airflow/.local/lib/python3.6/site-packages/airflow/example_dags/tutorial.py
[2023-03-21 11:38:00,576] {scheduler_job.py:639} INFO - DAG(s) dict_keys(['tutorial']) retrieved from /home/airflow/.local/lib/python3.6/site-packages/airflow/example_dags/tutorial.py
[2023-03-21 11:38:00,594] {logging_mixin.py:104} INFO - [2023-03-21 11:38:00,594] {dag.py:1824} INFO - Sync 1 DAGs
[2023-03-21 11:38:00,603] {logging_mixin.py:104} INFO - [2023-03-21 11:38:00,603] {dag.py:2280} INFO - Setting next_dagrun for tutorial to 2023-03-19 00:00:00+00:00
[2023-03-21 11:38:00,610] {scheduler_job.py:190} INFO - Processing /home/airflow/.local/lib/python3.6/site-packages/airflow/example_dags/tutorial.py took 0.050 seconds
[2023-03-21 11:38:31,108] {scheduler_job.py:182} INFO - Started process (PID=422) to work on /home/airflow/.local/lib/python3.6/site-packages/airflow/example_dags/tutorial.py
[2023-03-21 11:38:31,113] {scheduler_job.py:629} INFO - Processing file /home/airflow/.local/lib/python3.6/site-packages/airflow/example_dags/tutorial.py for tasks to queue
[2023-03-21 11:38:31,114] {logging_mixin.py:104} INFO - [2023-03-21 11:38:31,114] {dagbag.py:451} INFO - Filling up the DagBag from /home/airflow/.local/lib/python3.6/site-packages/airflow/example_dags/tutorial.py
[2023-03-21 11:38:31,122] {scheduler_job.py:639} INFO - DAG(s) dict_keys(['tutorial']) retrieved from /home/airflow/.local/lib/python3.6/site-packages/airflow/example_dags/tutorial.py
[2023-03-21 11:38:31,140] {logging_mixin.py:104} INFO - [2023-03-21 11:38:31,140] {dag.py:1824} INFO - Sync 1 DAGs
[2023-03-21 11:38:31,150] {logging_mixin.py:104} INFO - [2023-03-21 11:38:31,150] {dag.py:2280} INFO - Setting next_dagrun for tutorial to 2023-03-19 00:00:00+00:00
[2023-03-21 11:38:31,156] {scheduler_job.py:190} INFO - Processing /home/airflow/.local/lib/python3.6/site-packages/airflow/example_dags/tutorial.py took 0.051 seconds
[2023-03-21 11:39:01,541] {scheduler_job.py:182} INFO - Started process (PID=448) to work on /home/airflow/.local/lib/python3.6/site-packages/airflow/example_dags/tutorial.py
[2023-03-21 11:39:01,543] {scheduler_job.py:629} INFO - Processing file /home/airflow/.local/lib/python3.6/site-packages/airflow/example_dags/tutorial.py for tasks to queue
[2023-03-21 11:39:01,543] {logging_mixin.py:104} INFO - [2023-03-21 11:39:01,543] {dagbag.py:451} INFO - Filling up the DagBag from /home/airflow/.local/lib/python3.6/site-packages/airflow/example_dags/tutorial.py
[2023-03-21 11:39:01,552] {scheduler_job.py:639} INFO - DAG(s) dict_keys(['tutorial']) retrieved from /home/airflow/.local/lib/python3.6/site-packages/airflow/example_dags/tutorial.py
[2023-03-21 11:39:01,571] {logging_mixin.py:104} INFO - [2023-03-21 11:39:01,570] {dag.py:1824} INFO - Sync 1 DAGs
[2023-03-21 11:39:01,581] {logging_mixin.py:104} INFO - [2023-03-21 11:39:01,581] {dag.py:2280} INFO - Setting next_dagrun for tutorial to 2023-03-19 00:00:00+00:00
[2023-03-21 11:39:01,587] {scheduler_job.py:190} INFO - Processing /home/airflow/.local/lib/python3.6/site-packages/airflow/example_dags/tutorial.py took 0.048 seconds
[2023-03-21 11:39:32,132] {scheduler_job.py:182} INFO - Started process (PID=474) to work on /home/airflow/.local/lib/python3.6/site-packages/airflow/example_dags/tutorial.py
[2023-03-21 11:39:32,133] {scheduler_job.py:629} INFO - Processing file /home/airflow/.local/lib/python3.6/site-packages/airflow/example_dags/tutorial.py for tasks to queue
[2023-03-21 11:39:32,134] {logging_mixin.py:104} INFO - [2023-03-21 11:39:32,134] {dagbag.py:451} INFO - Filling up the DagBag from /home/airflow/.local/lib/python3.6/site-packages/airflow/example_dags/tutorial.py
[2023-03-21 11:39:32,142] {scheduler_job.py:639} INFO - DAG(s) dict_keys(['tutorial']) retrieved from /home/airflow/.local/lib/python3.6/site-packages/airflow/example_dags/tutorial.py
[2023-03-21 11:39:32,161] {logging_mixin.py:104} INFO - [2023-03-21 11:39:32,161] {dag.py:1824} INFO - Sync 1 DAGs
[2023-03-21 11:39:32,171] {logging_mixin.py:104} INFO - [2023-03-21 11:39:32,171] {dag.py:2280} INFO - Setting next_dagrun for tutorial to 2023-03-19 00:00:00+00:00
[2023-03-21 11:39:32,177] {scheduler_job.py:190} INFO - Processing /home/airflow/.local/lib/python3.6/site-packages/airflow/example_dags/tutorial.py took 0.048 seconds
[2023-03-21 11:40:02,692] {scheduler_job.py:182} INFO - Started process (PID=500) to work on /home/airflow/.local/lib/python3.6/site-packages/airflow/example_dags/tutorial.py
[2023-03-21 11:40:02,693] {scheduler_job.py:629} INFO - Processing file /home/airflow/.local/lib/python3.6/site-packages/airflow/example_dags/tutorial.py for tasks to queue
[2023-03-21 11:40:02,694] {logging_mixin.py:104} INFO - [2023-03-21 11:40:02,694] {dagbag.py:451} INFO - Filling up the DagBag from /home/airflow/.local/lib/python3.6/site-packages/airflow/example_dags/tutorial.py
[2023-03-21 11:40:02,703] {scheduler_job.py:639} INFO - DAG(s) dict_keys(['tutorial']) retrieved from /home/airflow/.local/lib/python3.6/site-packages/airflow/example_dags/tutorial.py
[2023-03-21 11:40:02,722] {logging_mixin.py:104} INFO - [2023-03-21 11:40:02,722] {dag.py:1824} INFO - Sync 1 DAGs
[2023-03-21 11:40:02,732] {logging_mixin.py:104} INFO - [2023-03-21 11:40:02,732] {dag.py:2280} INFO - Setting next_dagrun for tutorial to 2023-03-19 00:00:00+00:00
[2023-03-21 11:40:02,739] {scheduler_job.py:190} INFO - Processing /home/airflow/.local/lib/python3.6/site-packages/airflow/example_dags/tutorial.py took 0.050 seconds
[2023-03-21 11:40:33,189] {scheduler_job.py:182} INFO - Started process (PID=526) to work on /home/airflow/.local/lib/python3.6/site-packages/airflow/example_dags/tutorial.py
[2023-03-21 11:40:33,190] {scheduler_job.py:629} INFO - Processing file /home/airflow/.local/lib/python3.6/site-packages/airflow/example_dags/tutorial.py for tasks to queue
[2023-03-21 11:40:33,191] {logging_mixin.py:104} INFO - [2023-03-21 11:40:33,191] {dagbag.py:451} INFO - Filling up the DagBag from /home/airflow/.local/lib/python3.6/site-packages/airflow/example_dags/tutorial.py
[2023-03-21 11:40:33,200] {scheduler_job.py:639} INFO - DAG(s) dict_keys(['tutorial']) retrieved from /home/airflow/.local/lib/python3.6/site-packages/airflow/example_dags/tutorial.py
[2023-03-21 11:40:33,218] {logging_mixin.py:104} INFO - [2023-03-21 11:40:33,218] {dag.py:1824} INFO - Sync 1 DAGs
[2023-03-21 11:40:33,229] {logging_mixin.py:104} INFO - [2023-03-21 11:40:33,228] {dag.py:2280} INFO - Setting next_dagrun for tutorial to 2023-03-19 00:00:00+00:00
[2023-03-21 11:40:33,235] {scheduler_job.py:190} INFO - Processing /home/airflow/.local/lib/python3.6/site-packages/airflow/example_dags/tutorial.py took 0.049 seconds
[2023-03-21 11:41:03,610] {scheduler_job.py:182} INFO - Started process (PID=552) to work on /home/airflow/.local/lib/python3.6/site-packages/airflow/example_dags/tutorial.py
[2023-03-21 11:41:03,611] {scheduler_job.py:629} INFO - Processing file /home/airflow/.local/lib/python3.6/site-packages/airflow/example_dags/tutorial.py for tasks to queue
[2023-03-21 11:41:03,612] {logging_mixin.py:104} INFO - [2023-03-21 11:41:03,612] {dagbag.py:451} INFO - Filling up the DagBag from /home/airflow/.local/lib/python3.6/site-packages/airflow/example_dags/tutorial.py
[2023-03-21 11:41:03,621] {scheduler_job.py:639} INFO - DAG(s) dict_keys(['tutorial']) retrieved from /home/airflow/.local/lib/python3.6/site-packages/airflow/example_dags/tutorial.py
[2023-03-21 11:41:03,640] {logging_mixin.py:104} INFO - [2023-03-21 11:41:03,640] {dag.py:1824} INFO - Sync 1 DAGs
[2023-03-21 11:41:03,650] {logging_mixin.py:104} INFO - [2023-03-21 11:41:03,650] {dag.py:2280} INFO - Setting next_dagrun for tutorial to 2023-03-19 00:00:00+00:00
[2023-03-21 11:41:03,657] {scheduler_job.py:190} INFO - Processing /home/airflow/.local/lib/python3.6/site-packages/airflow/example_dags/tutorial.py took 0.050 seconds
[2023-03-21 11:41:34,229] {scheduler_job.py:182} INFO - Started process (PID=578) to work on /home/airflow/.local/lib/python3.6/site-packages/airflow/example_dags/tutorial.py
[2023-03-21 11:41:34,230] {scheduler_job.py:629} INFO - Processing file /home/airflow/.local/lib/python3.6/site-packages/airflow/example_dags/tutorial.py for tasks to queue
[2023-03-21 11:41:34,231] {logging_mixin.py:104} INFO - [2023-03-21 11:41:34,231] {dagbag.py:451} INFO - Filling up the DagBag from /home/airflow/.local/lib/python3.6/site-packages/airflow/example_dags/tutorial.py
[2023-03-21 11:41:34,239] {scheduler_job.py:639} INFO - DAG(s) dict_keys(['tutorial']) retrieved from /home/airflow/.local/lib/python3.6/site-packages/airflow/example_dags/tutorial.py
[2023-03-21 11:41:34,258] {logging_mixin.py:104} INFO - [2023-03-21 11:41:34,258] {dag.py:1824} INFO - Sync 1 DAGs
[2023-03-21 11:41:34,268] {logging_mixin.py:104} INFO - [2023-03-21 11:41:34,268] {dag.py:2280} INFO - Setting next_dagrun for tutorial to 2023-03-19 00:00:00+00:00
[2023-03-21 11:41:34,274] {scheduler_job.py:190} INFO - Processing /home/airflow/.local/lib/python3.6/site-packages/airflow/example_dags/tutorial.py took 0.048 seconds
[2023-03-21 11:42:04,741] {scheduler_job.py:182} INFO - Started process (PID=604) to work on /home/airflow/.local/lib/python3.6/site-packages/airflow/example_dags/tutorial.py
[2023-03-21 11:42:04,742] {scheduler_job.py:629} INFO - Processing file /home/airflow/.local/lib/python3.6/site-packages/airflow/example_dags/tutorial.py for tasks to queue
[2023-03-21 11:42:04,743] {logging_mixin.py:104} INFO - [2023-03-21 11:42:04,743] {dagbag.py:451} INFO - Filling up the DagBag from /home/airflow/.local/lib/python3.6/site-packages/airflow/example_dags/tutorial.py
[2023-03-21 11:42:04,751] {scheduler_job.py:639} INFO - DAG(s) dict_keys(['tutorial']) retrieved from /home/airflow/.local/lib/python3.6/site-packages/airflow/example_dags/tutorial.py
[2023-03-21 11:42:04,770] {logging_mixin.py:104} INFO - [2023-03-21 11:42:04,769] {dag.py:1824} INFO - Sync 1 DAGs
[2023-03-21 11:42:04,780] {logging_mixin.py:104} INFO - [2023-03-21 11:42:04,779] {dag.py:2280} INFO - Setting next_dagrun for tutorial to 2023-03-19 00:00:00+00:00
[2023-03-21 11:42:04,786] {scheduler_job.py:190} INFO - Processing /home/airflow/.local/lib/python3.6/site-packages/airflow/example_dags/tutorial.py took 0.048 seconds
[2023-03-21 11:42:35,210] {scheduler_job.py:182} INFO - Started process (PID=630) to work on /home/airflow/.local/lib/python3.6/site-packages/airflow/example_dags/tutorial.py
[2023-03-21 11:42:35,211] {scheduler_job.py:629} INFO - Processing file /home/airflow/.local/lib/python3.6/site-packages/airflow/example_dags/tutorial.py for tasks to queue
[2023-03-21 11:42:35,212] {logging_mixin.py:104} INFO - [2023-03-21 11:42:35,212] {dagbag.py:451} INFO - Filling up the DagBag from /home/airflow/.local/lib/python3.6/site-packages/airflow/example_dags/tutorial.py
[2023-03-21 11:42:35,220] {scheduler_job.py:639} INFO - DAG(s) dict_keys(['tutorial']) retrieved from /home/airflow/.local/lib/python3.6/site-packages/airflow/example_dags/tutorial.py
[2023-03-21 11:42:35,239] {logging_mixin.py:104} INFO - [2023-03-21 11:42:35,239] {dag.py:1824} INFO - Sync 1 DAGs
[2023-03-21 11:42:35,249] {logging_mixin.py:104} INFO - [2023-03-21 11:42:35,249] {dag.py:2280} INFO - Setting next_dagrun for tutorial to 2023-03-19 00:00:00+00:00
[2023-03-21 11:42:35,255] {scheduler_job.py:190} INFO - Processing /home/airflow/.local/lib/python3.6/site-packages/airflow/example_dags/tutorial.py took 0.048 seconds
[2023-03-21 11:43:05,679] {scheduler_job.py:182} INFO - Started process (PID=656) to work on /home/airflow/.local/lib/python3.6/site-packages/airflow/example_dags/tutorial.py
[2023-03-21 11:43:05,680] {scheduler_job.py:629} INFO - Processing file /home/airflow/.local/lib/python3.6/site-packages/airflow/example_dags/tutorial.py for tasks to queue
[2023-03-21 11:43:05,681] {logging_mixin.py:104} INFO - [2023-03-21 11:43:05,681] {dagbag.py:451} INFO - Filling up the DagBag from /home/airflow/.local/lib/python3.6/site-packages/airflow/example_dags/tutorial.py
[2023-03-21 11:43:05,689] {scheduler_job.py:639} INFO - DAG(s) dict_keys(['tutorial']) retrieved from /home/airflow/.local/lib/python3.6/site-packages/airflow/example_dags/tutorial.py
[2023-03-21 11:43:05,708] {logging_mixin.py:104} INFO - [2023-03-21 11:43:05,708] {dag.py:1824} INFO - Sync 1 DAGs
[2023-03-21 11:43:05,718] {logging_mixin.py:104} INFO - [2023-03-21 11:43:05,718] {dag.py:2280} INFO - Setting next_dagrun for tutorial to 2023-03-19 00:00:00+00:00
[2023-03-21 11:43:05,725] {scheduler_job.py:190} INFO - Processing /home/airflow/.local/lib/python3.6/site-packages/airflow/example_dags/tutorial.py took 0.048 seconds
[2023-03-21 11:43:36,035] {scheduler_job.py:182} INFO - Started process (PID=682) to work on /home/airflow/.local/lib/python3.6/site-packages/airflow/example_dags/tutorial.py
[2023-03-21 11:43:36,036] {scheduler_job.py:629} INFO - Processing file /home/airflow/.local/lib/python3.6/site-packages/airflow/example_dags/tutorial.py for tasks to queue
[2023-03-21 11:43:36,037] {logging_mixin.py:104} INFO - [2023-03-21 11:43:36,037] {dagbag.py:451} INFO - Filling up the DagBag from /home/airflow/.local/lib/python3.6/site-packages/airflow/example_dags/tutorial.py
[2023-03-21 11:43:36,045] {scheduler_job.py:639} INFO - DAG(s) dict_keys(['tutorial']) retrieved from /home/airflow/.local/lib/python3.6/site-packages/airflow/example_dags/tutorial.py
[2023-03-21 11:43:36,064] {logging_mixin.py:104} INFO - [2023-03-21 11:43:36,064] {dag.py:1824} INFO - Sync 1 DAGs
[2023-03-21 11:43:36,074] {logging_mixin.py:104} INFO - [2023-03-21 11:43:36,074] {dag.py:2280} INFO - Setting next_dagrun for tutorial to 2023-03-19 00:00:00+00:00
[2023-03-21 11:43:36,080] {scheduler_job.py:190} INFO - Processing /home/airflow/.local/lib/python3.6/site-packages/airflow/example_dags/tutorial.py took 0.048 seconds
[2023-03-21 11:44:06,470] {scheduler_job.py:182} INFO - Started process (PID=708) to work on /home/airflow/.local/lib/python3.6/site-packages/airflow/example_dags/tutorial.py
[2023-03-21 11:44:06,471] {scheduler_job.py:629} INFO - Processing file /home/airflow/.local/lib/python3.6/site-packages/airflow/example_dags/tutorial.py for tasks to queue
[2023-03-21 11:44:06,472] {logging_mixin.py:104} INFO - [2023-03-21 11:44:06,472] {dagbag.py:451} INFO - Filling up the DagBag from /home/airflow/.local/lib/python3.6/site-packages/airflow/example_dags/tutorial.py
[2023-03-21 11:44:06,480] {scheduler_job.py:639} INFO - DAG(s) dict_keys(['tutorial']) retrieved from /home/airflow/.local/lib/python3.6/site-packages/airflow/example_dags/tutorial.py
[2023-03-21 11:44:06,499] {logging_mixin.py:104} INFO - [2023-03-21 11:44:06,499] {dag.py:1824} INFO - Sync 1 DAGs
[2023-03-21 11:44:06,509] {logging_mixin.py:104} INFO - [2023-03-21 11:44:06,509] {dag.py:2280} INFO - Setting next_dagrun for tutorial to 2023-03-19 00:00:00+00:00
[2023-03-21 11:44:06,515] {scheduler_job.py:190} INFO - Processing /home/airflow/.local/lib/python3.6/site-packages/airflow/example_dags/tutorial.py took 0.048 seconds
[2023-03-21 11:44:36,857] {scheduler_job.py:182} INFO - Started process (PID=734) to work on /home/airflow/.local/lib/python3.6/site-packages/airflow/example_dags/tutorial.py
[2023-03-21 11:44:36,858] {scheduler_job.py:629} INFO - Processing file /home/airflow/.local/lib/python3.6/site-packages/airflow/example_dags/tutorial.py for tasks to queue
[2023-03-21 11:44:36,859] {logging_mixin.py:104} INFO - [2023-03-21 11:44:36,859] {dagbag.py:451} INFO - Filling up the DagBag from /home/airflow/.local/lib/python3.6/site-packages/airflow/example_dags/tutorial.py
[2023-03-21 11:44:36,867] {scheduler_job.py:639} INFO - DAG(s) dict_keys(['tutorial']) retrieved from /home/airflow/.local/lib/python3.6/site-packages/airflow/example_dags/tutorial.py
[2023-03-21 11:44:36,886] {logging_mixin.py:104} INFO - [2023-03-21 11:44:36,886] {dag.py:1824} INFO - Sync 1 DAGs
[2023-03-21 11:44:36,896] {logging_mixin.py:104} INFO - [2023-03-21 11:44:36,896] {dag.py:2280} INFO - Setting next_dagrun for tutorial to 2023-03-19 00:00:00+00:00
[2023-03-21 11:44:36,902] {scheduler_job.py:190} INFO - Processing /home/airflow/.local/lib/python3.6/site-packages/airflow/example_dags/tutorial.py took 0.047 seconds
[2023-03-21 11:45:07,321] {scheduler_job.py:182} INFO - Started process (PID=760) to work on /home/airflow/.local/lib/python3.6/site-packages/airflow/example_dags/tutorial.py
[2023-03-21 11:45:07,322] {scheduler_job.py:629} INFO - Processing file /home/airflow/.local/lib/python3.6/site-packages/airflow/example_dags/tutorial.py for tasks to queue
[2023-03-21 11:45:07,323] {logging_mixin.py:104} INFO - [2023-03-21 11:45:07,323] {dagbag.py:451} INFO - Filling up the DagBag from /home/airflow/.local/lib/python3.6/site-packages/airflow/example_dags/tutorial.py
[2023-03-21 11:45:07,332] {scheduler_job.py:639} INFO - DAG(s) dict_keys(['tutorial']) retrieved from /home/airflow/.local/lib/python3.6/site-packages/airflow/example_dags/tutorial.py
[2023-03-21 11:45:07,350] {logging_mixin.py:104} INFO - [2023-03-21 11:45:07,350] {dag.py:1824} INFO - Sync 1 DAGs
[2023-03-21 11:45:07,361] {logging_mixin.py:104} INFO - [2023-03-21 11:45:07,361] {dag.py:2280} INFO - Setting next_dagrun for tutorial to 2023-03-19 00:00:00+00:00
[2023-03-21 11:45:07,367] {scheduler_job.py:190} INFO - Processing /home/airflow/.local/lib/python3.6/site-packages/airflow/example_dags/tutorial.py took 0.048 seconds
[2023-03-21 11:45:38,200] {scheduler_job.py:182} INFO - Started process (PID=786) to work on /home/airflow/.local/lib/python3.6/site-packages/airflow/example_dags/tutorial.py
[2023-03-21 11:45:38,202] {scheduler_job.py:629} INFO - Processing file /home/airflow/.local/lib/python3.6/site-packages/airflow/example_dags/tutorial.py for tasks to queue
[2023-03-21 11:45:38,203] {logging_mixin.py:104} INFO - [2023-03-21 11:45:38,202] {dagbag.py:451} INFO - Filling up the DagBag from /home/airflow/.local/lib/python3.6/site-packages/airflow/example_dags/tutorial.py
[2023-03-21 11:45:38,211] {scheduler_job.py:639} INFO - DAG(s) dict_keys(['tutorial']) retrieved from /home/airflow/.local/lib/python3.6/site-packages/airflow/example_dags/tutorial.py
[2023-03-21 11:45:38,230] {logging_mixin.py:104} INFO - [2023-03-21 11:45:38,230] {dag.py:1824} INFO - Sync 1 DAGs
[2023-03-21 11:45:38,240] {logging_mixin.py:104} INFO - [2023-03-21 11:45:38,240] {dag.py:2280} INFO - Setting next_dagrun for tutorial to 2023-03-19 00:00:00+00:00
[2023-03-21 11:45:38,247] {scheduler_job.py:190} INFO - Processing /home/airflow/.local/lib/python3.6/site-packages/airflow/example_dags/tutorial.py took 0.049 seconds
[2023-03-21 11:46:08,659] {scheduler_job.py:182} INFO - Started process (PID=812) to work on /home/airflow/.local/lib/python3.6/site-packages/airflow/example_dags/tutorial.py
[2023-03-21 11:46:08,661] {scheduler_job.py:629} INFO - Processing file /home/airflow/.local/lib/python3.6/site-packages/airflow/example_dags/tutorial.py for tasks to queue
[2023-03-21 11:46:08,662] {logging_mixin.py:104} INFO - [2023-03-21 11:46:08,662] {dagbag.py:451} INFO - Filling up the DagBag from /home/airflow/.local/lib/python3.6/site-packages/airflow/example_dags/tutorial.py
[2023-03-21 11:46:08,670] {scheduler_job.py:639} INFO - DAG(s) dict_keys(['tutorial']) retrieved from /home/airflow/.local/lib/python3.6/site-packages/airflow/example_dags/tutorial.py
[2023-03-21 11:46:08,689] {logging_mixin.py:104} INFO - [2023-03-21 11:46:08,689] {dag.py:1824} INFO - Sync 1 DAGs
[2023-03-21 11:46:08,700] {logging_mixin.py:104} INFO - [2023-03-21 11:46:08,699] {dag.py:2280} INFO - Setting next_dagrun for tutorial to 2023-03-19 00:00:00+00:00
[2023-03-21 11:46:08,706] {scheduler_job.py:190} INFO - Processing /home/airflow/.local/lib/python3.6/site-packages/airflow/example_dags/tutorial.py took 0.050 seconds
