[2023-03-21 12:16:42,895] {taskinstance.py:877} INFO - Dependencies all met for <TaskInstance: First_dag.first_task 2023-03-21T12:16:39.843600+00:00 [queued]>
[2023-03-21 12:16:42,904] {taskinstance.py:877} INFO - Dependencies all met for <TaskInstance: First_dag.first_task 2023-03-21T12:16:39.843600+00:00 [queued]>
[2023-03-21 12:16:42,905] {taskinstance.py:1068} INFO - 
--------------------------------------------------------------------------------
[2023-03-21 12:16:42,905] {taskinstance.py:1069} INFO - Starting attempt 1 of 6
[2023-03-21 12:16:42,906] {taskinstance.py:1070} INFO - 
--------------------------------------------------------------------------------
[2023-03-21 12:16:42,924] {taskinstance.py:1089} INFO - Executing <Task(BashOperator): first_task> on 2023-03-21T12:16:39.843600+00:00
[2023-03-21 12:16:42,930] {standard_task_runner.py:52} INFO - Started process 49 to run task
[2023-03-21 12:16:42,936] {standard_task_runner.py:76} INFO - Running: ['airflow', 'tasks', 'run', 'First_dag', 'first_task', '2023-03-21T12:16:39.843600+00:00', '--job-id', '2', '--pool', 'default_pool', '--raw', '--subdir', 'DAGS_FOLDER/first_dag.py', '--cfg-path', '/tmp/tmpyh02zbtn', '--error-file', '/tmp/tmp9nd7pdch']
[2023-03-21 12:16:42,937] {standard_task_runner.py:77} INFO - Job 2: Subtask first_task
[2023-03-21 12:16:43,029] {logging_mixin.py:104} INFO - Running <TaskInstance: First_dag.first_task 2023-03-21T12:16:39.843600+00:00 [running]> on host 8c52af15d172
[2023-03-21 12:16:43,130] {taskinstance.py:1283} INFO - Exporting the following env vars:
AIRFLOW_CTX_DAG_OWNER=Mario
AIRFLOW_CTX_DAG_ID=First_dag
AIRFLOW_CTX_TASK_ID=first_task
AIRFLOW_CTX_EXECUTION_DATE=2023-03-21T12:16:39.843600+00:00
AIRFLOW_CTX_DAG_RUN_ID=manual__2023-03-21T12:16:39.843600+00:00
[2023-03-21 12:16:43,134] {bash.py:135} INFO - Tmp dir root location: 
 /tmp
[2023-03-21 12:16:43,136] {bash.py:158} INFO - Running command: echo Hello Mario, this is your first task on Airflow!!!
[2023-03-21 12:16:43,185] {bash.py:169} INFO - Output:
[2023-03-21 12:16:43,259] {bash.py:173} INFO - Hello Mario, this is your first task on Airflow!!!
[2023-03-21 12:16:43,267] {bash.py:177} INFO - Command exited with return code 0
[2023-03-21 12:16:43,442] {taskinstance.py:1192} INFO - Marking task as SUCCESS. dag_id=First_dag, task_id=first_task, execution_date=20230321T121639, start_date=20230321T121642, end_date=20230321T121643
[2023-03-21 12:16:43,495] {taskinstance.py:1246} INFO - 0 downstream tasks scheduled from follow-on schedule check
[2023-03-21 12:16:43,568] {local_task_job.py:146} INFO - Task exited with return code 0
