[2023-03-26 20:20:20,838] {taskinstance.py:877} INFO - Dependencies all met for <TaskInstance: dag_with_taskflow_api_v02.get_age 2023-03-25T00:00:00+00:00 [queued]>
[2023-03-26 20:20:20,888] {taskinstance.py:877} INFO - Dependencies all met for <TaskInstance: dag_with_taskflow_api_v02.get_age 2023-03-25T00:00:00+00:00 [queued]>
[2023-03-26 20:20:20,892] {taskinstance.py:1068} INFO - 
--------------------------------------------------------------------------------
[2023-03-26 20:20:20,893] {taskinstance.py:1069} INFO - Starting attempt 1 of 6
[2023-03-26 20:20:20,895] {taskinstance.py:1070} INFO - 
--------------------------------------------------------------------------------
[2023-03-26 20:20:20,920] {taskinstance.py:1089} INFO - Executing <Task(_PythonDecoratedOperator): get_age> on 2023-03-25T00:00:00+00:00
[2023-03-26 20:20:20,930] {standard_task_runner.py:52} INFO - Started process 57 to run task
[2023-03-26 20:20:20,944] {standard_task_runner.py:76} INFO - Running: ['airflow', 'tasks', 'run', 'dag_with_taskflow_api_v02', 'get_age', '2023-03-25T00:00:00+00:00', '--job-id', '35', '--pool', 'default_pool', '--raw', '--subdir', 'DAGS_FOLDER/dag_with_taskflow_api.py', '--cfg-path', '/tmp/tmpcq_uzwak', '--error-file', '/tmp/tmp3bbbfz0w']
[2023-03-26 20:20:20,949] {standard_task_runner.py:77} INFO - Job 35: Subtask get_age
[2023-03-26 20:20:21,078] {logging_mixin.py:104} INFO - Running <TaskInstance: dag_with_taskflow_api_v02.get_age 2023-03-25T00:00:00+00:00 [running]> on host fded5fa0e87e
[2023-03-26 20:20:21,165] {taskinstance.py:1283} INFO - Exporting the following env vars:
AIRFLOW_CTX_DAG_OWNER=Mario
AIRFLOW_CTX_DAG_ID=dag_with_taskflow_api_v02
AIRFLOW_CTX_TASK_ID=get_age
AIRFLOW_CTX_EXECUTION_DATE=2023-03-25T00:00:00+00:00
AIRFLOW_CTX_DAG_RUN_ID=scheduled__2023-03-25T00:00:00+00:00
[2023-03-26 20:20:21,211] {taskinstance.py:1192} INFO - Marking task as SUCCESS. dag_id=dag_with_taskflow_api_v02, task_id=get_age, execution_date=20230325T000000, start_date=20230326T202020, end_date=20230326T202021
[2023-03-26 20:20:21,269] {taskinstance.py:1246} INFO - 0 downstream tasks scheduled from follow-on schedule check
[2023-03-26 20:20:21,302] {local_task_job.py:146} INFO - Task exited with return code 0
