[2023-03-25 18:54:46,281] {taskinstance.py:877} INFO - Dependencies all met for <TaskInstance: dag_python_operator_v4.greet 2023-03-25T18:53:38.808552+00:00 [queued]>
[2023-03-25 18:54:46,296] {taskinstance.py:877} INFO - Dependencies all met for <TaskInstance: dag_python_operator_v4.greet 2023-03-25T18:53:38.808552+00:00 [queued]>
[2023-03-25 18:54:46,297] {taskinstance.py:1068} INFO - 
--------------------------------------------------------------------------------
[2023-03-25 18:54:46,297] {taskinstance.py:1069} INFO - Starting attempt 1 of 6
[2023-03-25 18:54:46,298] {taskinstance.py:1070} INFO - 
--------------------------------------------------------------------------------
[2023-03-25 18:54:46,304] {taskinstance.py:1089} INFO - Executing <Task(PythonOperator): greet> on 2023-03-25T18:53:38.808552+00:00
[2023-03-25 18:54:46,311] {standard_task_runner.py:52} INFO - Started process 67 to run task
[2023-03-25 18:54:46,318] {standard_task_runner.py:76} INFO - Running: ['airflow', 'tasks', 'run', 'dag_python_operator_v4', 'greet', '2023-03-25T18:53:38.808552+00:00', '--job-id', '11', '--pool', 'default_pool', '--raw', '--subdir', 'DAGS_FOLDER/create_dag_with_python_operator.py', '--cfg-path', '/tmp/tmpy8ffcxvc', '--error-file', '/tmp/tmp7ee81xii']
[2023-03-25 18:54:46,319] {standard_task_runner.py:77} INFO - Job 11: Subtask greet
[2023-03-25 18:54:46,368] {logging_mixin.py:104} INFO - Running <TaskInstance: dag_python_operator_v4.greet 2023-03-25T18:53:38.808552+00:00 [running]> on host 087d02d74a34
[2023-03-25 18:54:46,411] {taskinstance.py:1283} INFO - Exporting the following env vars:
AIRFLOW_CTX_DAG_OWNER=Mario
AIRFLOW_CTX_DAG_ID=dag_python_operator_v4
AIRFLOW_CTX_TASK_ID=greet
AIRFLOW_CTX_EXECUTION_DATE=2023-03-25T18:53:38.808552+00:00
AIRFLOW_CTX_DAG_RUN_ID=manual__2023-03-25T18:53:38.808552+00:00
[2023-03-25 18:54:46,426] {logging_mixin.py:104} INFO - Im Mario Clavijo, and Im 21 years old.
[2023-03-25 18:54:46,427] {python.py:118} INFO - Done. Returned value was: None
[2023-03-25 18:54:46,437] {taskinstance.py:1192} INFO - Marking task as SUCCESS. dag_id=dag_python_operator_v4, task_id=greet, execution_date=20230325T185338, start_date=20230325T185446, end_date=20230325T185446
[2023-03-25 18:54:46,460] {taskinstance.py:1246} INFO - 0 downstream tasks scheduled from follow-on schedule check
[2023-03-25 18:54:46,494] {local_task_job.py:146} INFO - Task exited with return code 0
