[2023-03-25 18:54:51,245] {taskinstance.py:877} INFO - Dependencies all met for <TaskInstance: dag_python_operator_v4.greet 2023-03-25T18:53:38.808552+00:00 [queued]>
[2023-03-25 18:54:51,256] {taskinstance.py:877} INFO - Dependencies all met for <TaskInstance: dag_python_operator_v4.greet 2023-03-25T18:53:38.808552+00:00 [queued]>
[2023-03-25 18:54:51,257] {taskinstance.py:1068} INFO - 
--------------------------------------------------------------------------------
[2023-03-25 18:54:51,257] {taskinstance.py:1069} INFO - Starting attempt 2 of 7
[2023-03-25 18:54:51,258] {taskinstance.py:1070} INFO - 
--------------------------------------------------------------------------------
[2023-03-25 18:54:51,263] {taskinstance.py:1089} INFO - Executing <Task(PythonOperator): greet> on 2023-03-25T18:53:38.808552+00:00
[2023-03-25 18:54:51,267] {standard_task_runner.py:52} INFO - Started process 71 to run task
[2023-03-25 18:54:51,271] {standard_task_runner.py:76} INFO - Running: ['airflow', 'tasks', 'run', 'dag_python_operator_v4', 'greet', '2023-03-25T18:53:38.808552+00:00', '--job-id', '13', '--pool', 'default_pool', '--raw', '--subdir', 'DAGS_FOLDER/create_dag_with_python_operator.py', '--cfg-path', '/tmp/tmpcft_vee3', '--error-file', '/tmp/tmpdtz1id4l']
[2023-03-25 18:54:51,271] {standard_task_runner.py:77} INFO - Job 13: Subtask greet
[2023-03-25 18:54:51,307] {logging_mixin.py:104} INFO - Running <TaskInstance: dag_python_operator_v4.greet 2023-03-25T18:53:38.808552+00:00 [running]> on host 087d02d74a34
[2023-03-25 18:54:51,339] {taskinstance.py:1283} INFO - Exporting the following env vars:
AIRFLOW_CTX_DAG_OWNER=Mario
AIRFLOW_CTX_DAG_ID=dag_python_operator_v4
AIRFLOW_CTX_TASK_ID=greet
AIRFLOW_CTX_EXECUTION_DATE=2023-03-25T18:53:38.808552+00:00
AIRFLOW_CTX_DAG_RUN_ID=manual__2023-03-25T18:53:38.808552+00:00
[2023-03-25 18:54:51,354] {logging_mixin.py:104} INFO - Im Mario Clavijo, and Im 21 years old.
[2023-03-25 18:54:51,354] {python.py:118} INFO - Done. Returned value was: None
[2023-03-25 18:54:51,364] {taskinstance.py:1192} INFO - Marking task as SUCCESS. dag_id=dag_python_operator_v4, task_id=greet, execution_date=20230325T185338, start_date=20230325T185451, end_date=20230325T185451
[2023-03-25 18:54:51,384] {taskinstance.py:1246} INFO - 0 downstream tasks scheduled from follow-on schedule check
[2023-03-25 18:54:51,406] {local_task_job.py:146} INFO - Task exited with return code 0
