[2023-03-25 18:45:34,926] {taskinstance.py:877} INFO - Dependencies all met for <TaskInstance: dag_python_operator_v3.get_name 2023-03-25T18:45:33.370007+00:00 [queued]>
[2023-03-25 18:45:34,938] {taskinstance.py:877} INFO - Dependencies all met for <TaskInstance: dag_python_operator_v3.get_name 2023-03-25T18:45:33.370007+00:00 [queued]>
[2023-03-25 18:45:34,938] {taskinstance.py:1068} INFO - 
--------------------------------------------------------------------------------
[2023-03-25 18:45:34,939] {taskinstance.py:1069} INFO - Starting attempt 1 of 6
[2023-03-25 18:45:34,939] {taskinstance.py:1070} INFO - 
--------------------------------------------------------------------------------
[2023-03-25 18:45:34,945] {taskinstance.py:1089} INFO - Executing <Task(PythonOperator): get_name> on 2023-03-25T18:45:33.370007+00:00
[2023-03-25 18:45:34,949] {standard_task_runner.py:52} INFO - Started process 53 to run task
[2023-03-25 18:45:34,954] {standard_task_runner.py:76} INFO - Running: ['airflow', 'tasks', 'run', 'dag_python_operator_v3', 'get_name', '2023-03-25T18:45:33.370007+00:00', '--job-id', '4', '--pool', 'default_pool', '--raw', '--subdir', 'DAGS_FOLDER/create_dag_with_python_operator.py', '--cfg-path', '/tmp/tmptv2p57bh', '--error-file', '/tmp/tmpg6mxn6kq']
[2023-03-25 18:45:34,954] {standard_task_runner.py:77} INFO - Job 4: Subtask get_name
[2023-03-25 18:45:35,006] {logging_mixin.py:104} INFO - Running <TaskInstance: dag_python_operator_v3.get_name 2023-03-25T18:45:33.370007+00:00 [running]> on host 087d02d74a34
[2023-03-25 18:45:35,052] {taskinstance.py:1283} INFO - Exporting the following env vars:
AIRFLOW_CTX_DAG_OWNER=Mario
AIRFLOW_CTX_DAG_ID=dag_python_operator_v3
AIRFLOW_CTX_TASK_ID=get_name
AIRFLOW_CTX_EXECUTION_DATE=2023-03-25T18:45:33.370007+00:00
AIRFLOW_CTX_DAG_RUN_ID=manual__2023-03-25T18:45:33.370007+00:00
[2023-03-25 18:45:35,068] {python.py:118} INFO - Done. Returned value was: Jerry
[2023-03-25 18:45:35,129] {taskinstance.py:1192} INFO - Marking task as SUCCESS. dag_id=dag_python_operator_v3, task_id=get_name, execution_date=20230325T184533, start_date=20230325T184534, end_date=20230325T184535
[2023-03-25 18:45:35,174] {taskinstance.py:1246} INFO - 1 downstream tasks scheduled from follow-on schedule check
[2023-03-25 18:45:35,209] {local_task_job.py:146} INFO - Task exited with return code 0
