[2023-03-25 18:37:40,283] {taskinstance.py:877} INFO - Dependencies all met for <TaskInstance: dag_python_operator_v2.get_name 2023-03-25T18:37:27.825459+00:00 [queued]>
[2023-03-25 18:37:40,299] {taskinstance.py:877} INFO - Dependencies all met for <TaskInstance: dag_python_operator_v2.get_name 2023-03-25T18:37:27.825459+00:00 [queued]>
[2023-03-25 18:37:40,300] {taskinstance.py:1068} INFO - 
--------------------------------------------------------------------------------
[2023-03-25 18:37:40,301] {taskinstance.py:1069} INFO - Starting attempt 1 of 6
[2023-03-25 18:37:40,301] {taskinstance.py:1070} INFO - 
--------------------------------------------------------------------------------
[2023-03-25 18:37:40,308] {taskinstance.py:1089} INFO - Executing <Task(PythonOperator): get_name> on 2023-03-25T18:37:27.825459+00:00
[2023-03-25 18:37:40,314] {standard_task_runner.py:52} INFO - Started process 51 to run task
[2023-03-25 18:37:40,320] {standard_task_runner.py:76} INFO - Running: ['airflow', 'tasks', 'run', 'dag_python_operator_v2', 'get_name', '2023-03-25T18:37:27.825459+00:00', '--job-id', '3', '--pool', 'default_pool', '--raw', '--subdir', 'DAGS_FOLDER/create_dag_with_python_operator.py', '--cfg-path', '/tmp/tmp_dqz7ic2', '--error-file', '/tmp/tmpo4qf6mar']
[2023-03-25 18:37:40,321] {standard_task_runner.py:77} INFO - Job 3: Subtask get_name
[2023-03-25 18:37:40,410] {logging_mixin.py:104} INFO - Running <TaskInstance: dag_python_operator_v2.get_name 2023-03-25T18:37:27.825459+00:00 [running]> on host 087d02d74a34
[2023-03-25 18:37:40,494] {taskinstance.py:1283} INFO - Exporting the following env vars:
AIRFLOW_CTX_DAG_OWNER=Mario
AIRFLOW_CTX_DAG_ID=dag_python_operator_v2
AIRFLOW_CTX_TASK_ID=get_name
AIRFLOW_CTX_EXECUTION_DATE=2023-03-25T18:37:27.825459+00:00
AIRFLOW_CTX_DAG_RUN_ID=manual__2023-03-25T18:37:27.825459+00:00
[2023-03-25 18:37:40,499] {python.py:118} INFO - Done. Returned value was: Jerry
[2023-03-25 18:37:40,532] {taskinstance.py:1192} INFO - Marking task as SUCCESS. dag_id=dag_python_operator_v2, task_id=get_name, execution_date=20230325T183727, start_date=20230325T183740, end_date=20230325T183740
[2023-03-25 18:37:40,577] {taskinstance.py:1246} INFO - 0 downstream tasks scheduled from follow-on schedule check
[2023-03-25 18:37:40,620] {local_task_job.py:146} INFO - Task exited with return code 0
