[2023-03-21 12:30:15,196] {taskinstance.py:877} INFO - Dependencies all met for <TaskInstance: First_dag_v3.first_task 2023-03-21T12:30:13.321292+00:00 [queued]>
[2023-03-21 12:30:15,224] {taskinstance.py:877} INFO - Dependencies all met for <TaskInstance: First_dag_v3.first_task 2023-03-21T12:30:13.321292+00:00 [queued]>
[2023-03-21 12:30:15,230] {taskinstance.py:1068} INFO - 
--------------------------------------------------------------------------------
[2023-03-21 12:30:15,234] {taskinstance.py:1069} INFO - Starting attempt 1 of 6
[2023-03-21 12:30:15,239] {taskinstance.py:1070} INFO - 
--------------------------------------------------------------------------------
[2023-03-21 12:30:15,272] {taskinstance.py:1089} INFO - Executing <Task(BashOperator): first_task> on 2023-03-21T12:30:13.321292+00:00
[2023-03-21 12:30:15,316] {standard_task_runner.py:52} INFO - Started process 64 to run task
[2023-03-21 12:30:15,356] {standard_task_runner.py:76} INFO - Running: ['airflow', 'tasks', 'run', 'First_dag_v3', 'first_task', '2023-03-21T12:30:13.321292+00:00', '--job-id', '7', '--pool', 'default_pool', '--raw', '--subdir', 'DAGS_FOLDER/first_dag.py', '--cfg-path', '/tmp/tmp8iv5c6qy', '--error-file', '/tmp/tmpnxphyzxl']
[2023-03-21 12:30:15,361] {standard_task_runner.py:77} INFO - Job 7: Subtask first_task
[2023-03-21 12:30:15,571] {logging_mixin.py:104} INFO - Running <TaskInstance: First_dag_v3.first_task 2023-03-21T12:30:13.321292+00:00 [running]> on host 8c52af15d172
[2023-03-21 12:30:15,658] {taskinstance.py:1283} INFO - Exporting the following env vars:
AIRFLOW_CTX_DAG_OWNER=Mario
AIRFLOW_CTX_DAG_ID=First_dag_v3
AIRFLOW_CTX_TASK_ID=first_task
AIRFLOW_CTX_EXECUTION_DATE=2023-03-21T12:30:13.321292+00:00
AIRFLOW_CTX_DAG_RUN_ID=manual__2023-03-21T12:30:13.321292+00:00
[2023-03-21 12:30:15,661] {bash.py:135} INFO - Tmp dir root location: 
 /tmp
[2023-03-21 12:30:15,663] {bash.py:158} INFO - Running command: echo Hello Mario, this is your first task on Airflow!!!
[2023-03-21 12:30:15,686] {bash.py:169} INFO - Output:
[2023-03-21 12:30:15,715] {bash.py:173} INFO - Hello Mario, this is your first task on Airflow!!!
[2023-03-21 12:30:15,717] {bash.py:177} INFO - Command exited with return code 0
[2023-03-21 12:30:15,796] {taskinstance.py:1192} INFO - Marking task as SUCCESS. dag_id=First_dag_v3, task_id=first_task, execution_date=20230321T123013, start_date=20230321T123015, end_date=20230321T123015
[2023-03-21 12:30:15,840] {taskinstance.py:1246} INFO - 2 downstream tasks scheduled from follow-on schedule check
[2023-03-21 12:30:15,909] {local_task_job.py:146} INFO - Task exited with return code 0
