[2023-03-21 11:32:23,091] {taskinstance.py:877} INFO - Dependencies all met for <TaskInstance: example_bash_operator.runme_2 2023-03-20T00:00:00+00:00 [queued]>
[2023-03-21 11:32:23,135] {taskinstance.py:877} INFO - Dependencies all met for <TaskInstance: example_bash_operator.runme_2 2023-03-20T00:00:00+00:00 [queued]>
[2023-03-21 11:32:23,143] {taskinstance.py:1068} INFO - 
--------------------------------------------------------------------------------
[2023-03-21 11:32:23,145] {taskinstance.py:1069} INFO - Starting attempt 1 of 1
[2023-03-21 11:32:23,147] {taskinstance.py:1070} INFO - 
--------------------------------------------------------------------------------
[2023-03-21 11:32:23,179] {taskinstance.py:1089} INFO - Executing <Task(BashOperator): runme_2> on 2023-03-20T00:00:00+00:00
[2023-03-21 11:32:23,230] {standard_task_runner.py:52} INFO - Started process 67 to run task
[2023-03-21 11:32:23,237] {standard_task_runner.py:76} INFO - Running: ['airflow', 'tasks', 'run', 'example_bash_operator', 'runme_2', '2023-03-20T00:00:00+00:00', '--job-id', '8', '--pool', 'default_pool', '--raw', '--subdir', '/home/airflow/.local/lib/python3.6/site-packages/airflow/example_dags/example_bash_operator.py', '--cfg-path', '/tmp/tmpjamtwmx_', '--error-file', '/tmp/tmpy8hc04bi']
[2023-03-21 11:32:23,244] {standard_task_runner.py:77} INFO - Job 8: Subtask runme_2
[2023-03-21 11:32:23,495] {logging_mixin.py:104} INFO - Running <TaskInstance: example_bash_operator.runme_2 2023-03-20T00:00:00+00:00 [running]> on host 48c95c678809
[2023-03-21 11:32:23,772] {taskinstance.py:1283} INFO - Exporting the following env vars:
AIRFLOW_CTX_DAG_OWNER=airflow
AIRFLOW_CTX_DAG_ID=example_bash_operator
AIRFLOW_CTX_TASK_ID=runme_2
AIRFLOW_CTX_EXECUTION_DATE=2023-03-20T00:00:00+00:00
AIRFLOW_CTX_DAG_RUN_ID=scheduled__2023-03-20T00:00:00+00:00
[2023-03-21 11:32:23,821] {bash.py:135} INFO - Tmp dir root location: 
 /tmp
[2023-03-21 11:32:23,920] {bash.py:158} INFO - Running command: echo "example_bash_operator__runme_2__20230320" && sleep 1
[2023-03-21 11:32:23,970] {bash.py:169} INFO - Output:
[2023-03-21 11:32:24,084] {bash.py:173} INFO - example_bash_operator__runme_2__20230320
[2023-03-21 11:32:25,201] {bash.py:177} INFO - Command exited with return code 0
[2023-03-21 11:32:25,253] {taskinstance.py:1192} INFO - Marking task as SUCCESS. dag_id=example_bash_operator, task_id=runme_2, execution_date=20230320T000000, start_date=20230321T113223, end_date=20230321T113225
[2023-03-21 11:32:25,283] {taskinstance.py:1246} INFO - 0 downstream tasks scheduled from follow-on schedule check
[2023-03-21 11:32:25,330] {local_task_job.py:146} INFO - Task exited with return code 0
