[2023-03-25 18:54:50,188] {taskinstance.py:877} INFO - Dependencies all met for <TaskInstance: dag_python_operator_v4.get_name 2023-03-25T18:53:38.808552+00:00 [queued]>
[2023-03-25 18:54:50,203] {taskinstance.py:877} INFO - Dependencies all met for <TaskInstance: dag_python_operator_v4.get_name 2023-03-25T18:53:38.808552+00:00 [queued]>
[2023-03-25 18:54:50,203] {taskinstance.py:1068} INFO - 
--------------------------------------------------------------------------------
[2023-03-25 18:54:50,204] {taskinstance.py:1069} INFO - Starting attempt 3 of 8
[2023-03-25 18:54:50,204] {taskinstance.py:1070} INFO - 
--------------------------------------------------------------------------------
[2023-03-25 18:54:50,211] {taskinstance.py:1089} INFO - Executing <Task(PythonOperator): get_name> on 2023-03-25T18:53:38.808552+00:00
[2023-03-25 18:54:50,216] {standard_task_runner.py:52} INFO - Started process 69 to run task
[2023-03-25 18:54:50,222] {standard_task_runner.py:76} INFO - Running: ['airflow', 'tasks', 'run', 'dag_python_operator_v4', 'get_name', '2023-03-25T18:53:38.808552+00:00', '--job-id', '12', '--pool', 'default_pool', '--raw', '--subdir', 'DAGS_FOLDER/create_dag_with_python_operator.py', '--cfg-path', '/tmp/tmpsuqmy6w8', '--error-file', '/tmp/tmpk0rlwb4r']
[2023-03-25 18:54:50,224] {standard_task_runner.py:77} INFO - Job 12: Subtask get_name
[2023-03-25 18:54:50,269] {logging_mixin.py:104} INFO - Running <TaskInstance: dag_python_operator_v4.get_name 2023-03-25T18:53:38.808552+00:00 [running]> on host 087d02d74a34
[2023-03-25 18:54:50,305] {taskinstance.py:1283} INFO - Exporting the following env vars:
AIRFLOW_CTX_DAG_OWNER=Mario
AIRFLOW_CTX_DAG_ID=dag_python_operator_v4
AIRFLOW_CTX_TASK_ID=get_name
AIRFLOW_CTX_EXECUTION_DATE=2023-03-25T18:53:38.808552+00:00
AIRFLOW_CTX_DAG_RUN_ID=manual__2023-03-25T18:53:38.808552+00:00
[2023-03-25 18:54:50,333] {python.py:118} INFO - Done. Returned value was: None
[2023-03-25 18:54:50,342] {taskinstance.py:1192} INFO - Marking task as SUCCESS. dag_id=dag_python_operator_v4, task_id=get_name, execution_date=20230325T185338, start_date=20230325T185450, end_date=20230325T185450
[2023-03-25 18:54:50,367] {taskinstance.py:1246} INFO - 1 downstream tasks scheduled from follow-on schedule check
[2023-03-25 18:54:50,398] {local_task_job.py:146} INFO - Task exited with return code 0
