[2023-03-21 11:32:20,410] {taskinstance.py:877} INFO - Dependencies all met for <TaskInstance: example_bash_operator.also_run_this 2023-03-19T00:00:00+00:00 [queued]>
[2023-03-21 11:32:20,427] {taskinstance.py:877} INFO - Dependencies all met for <TaskInstance: example_bash_operator.also_run_this 2023-03-19T00:00:00+00:00 [queued]>
[2023-03-21 11:32:20,428] {taskinstance.py:1068} INFO - 
--------------------------------------------------------------------------------
[2023-03-21 11:32:20,430] {taskinstance.py:1069} INFO - Starting attempt 1 of 1
[2023-03-21 11:32:20,432] {taskinstance.py:1070} INFO - 
--------------------------------------------------------------------------------
[2023-03-21 11:32:20,489] {taskinstance.py:1089} INFO - Executing <Task(BashOperator): also_run_this> on 2023-03-19T00:00:00+00:00
[2023-03-21 11:32:20,531] {standard_task_runner.py:76} INFO - Running: ['airflow', 'tasks', 'run', 'example_bash_operator', 'also_run_this', '2023-03-19T00:00:00+00:00', '--job-id', '6', '--pool', 'default_pool', '--raw', '--subdir', '/home/airflow/.local/lib/python3.6/site-packages/airflow/example_dags/example_bash_operator.py', '--cfg-path', '/tmp/tmpq5d5qe3y', '--error-file', '/tmp/tmplk9bik83']
[2023-03-21 11:32:20,506] {standard_task_runner.py:52} INFO - Started process 54 to run task
[2023-03-21 11:32:20,533] {standard_task_runner.py:77} INFO - Job 6: Subtask also_run_this
[2023-03-21 11:32:20,927] {logging_mixin.py:104} INFO - Running <TaskInstance: example_bash_operator.also_run_this 2023-03-19T00:00:00+00:00 [running]> on host 48c95c678809
[2023-03-21 11:32:21,414] {taskinstance.py:1283} INFO - Exporting the following env vars:
AIRFLOW_CTX_DAG_OWNER=airflow
AIRFLOW_CTX_DAG_ID=example_bash_operator
AIRFLOW_CTX_TASK_ID=also_run_this
AIRFLOW_CTX_EXECUTION_DATE=2023-03-19T00:00:00+00:00
AIRFLOW_CTX_DAG_RUN_ID=scheduled__2023-03-19T00:00:00+00:00
[2023-03-21 11:32:21,451] {bash.py:135} INFO - Tmp dir root location: 
 /tmp
[2023-03-21 11:32:21,478] {bash.py:158} INFO - Running command: echo "run_id=scheduled__2023-03-19T00:00:00+00:00 | dag_run=<DagRun example_bash_operator @ 2023-03-19 00:00:00+00:00: scheduled__2023-03-19T00:00:00+00:00, externally triggered: False>"
[2023-03-21 11:32:21,926] {bash.py:169} INFO - Output:
[2023-03-21 11:32:22,063] {bash.py:173} INFO - run_id=scheduled__2023-03-19T00:00:00+00:00 | dag_run=<DagRun example_bash_operator @ 2023-03-19 00:00:00+00:00: scheduled__2023-03-19T00:00:00+00:00, externally triggered: False>
[2023-03-21 11:32:22,082] {bash.py:177} INFO - Command exited with return code 0
[2023-03-21 11:32:22,415] {taskinstance.py:1192} INFO - Marking task as SUCCESS. dag_id=example_bash_operator, task_id=also_run_this, execution_date=20230319T000000, start_date=20230321T113220, end_date=20230321T113222
[2023-03-21 11:32:22,555] {taskinstance.py:1246} INFO - 0 downstream tasks scheduled from follow-on schedule check
[2023-03-21 11:32:22,603] {local_task_job.py:146} INFO - Task exited with return code 0
