[2023-03-25 19:21:00,094] {taskinstance.py:877} INFO - Dependencies all met for <TaskInstance: dag_with_taskflow_api_v01.get_name 2023-03-24T00:00:00+00:00 [queued]>
[2023-03-25 19:21:00,158] {taskinstance.py:877} INFO - Dependencies all met for <TaskInstance: dag_with_taskflow_api_v01.get_name 2023-03-24T00:00:00+00:00 [queued]>
[2023-03-25 19:21:00,159] {taskinstance.py:1068} INFO - 
--------------------------------------------------------------------------------
[2023-03-25 19:21:00,161] {taskinstance.py:1069} INFO - Starting attempt 2 of 7
[2023-03-25 19:21:00,163] {taskinstance.py:1070} INFO - 
--------------------------------------------------------------------------------
[2023-03-25 19:21:00,187] {taskinstance.py:1089} INFO - Executing <Task(_PythonDecoratedOperator): get_name> on 2023-03-24T00:00:00+00:00
[2023-03-25 19:21:00,196] {standard_task_runner.py:52} INFO - Started process 99 to run task
[2023-03-25 19:21:00,210] {standard_task_runner.py:76} INFO - Running: ['airflow', 'tasks', 'run', 'dag_with_taskflow_api_v01', 'get_name', '2023-03-24T00:00:00+00:00', '--job-id', '26', '--pool', 'default_pool', '--raw', '--subdir', 'DAGS_FOLDER/dag_with_taskflow_api.py', '--cfg-path', '/tmp/tmplvqlq54s', '--error-file', '/tmp/tmpuf41inuw']
[2023-03-25 19:21:00,217] {standard_task_runner.py:77} INFO - Job 26: Subtask get_name
[2023-03-25 19:21:00,423] {logging_mixin.py:104} INFO - Running <TaskInstance: dag_with_taskflow_api_v01.get_name 2023-03-24T00:00:00+00:00 [running]> on host 087d02d74a34
[2023-03-25 19:21:00,519] {taskinstance.py:1283} INFO - Exporting the following env vars:
AIRFLOW_CTX_DAG_OWNER=Mario
AIRFLOW_CTX_DAG_ID=dag_with_taskflow_api_v01
AIRFLOW_CTX_TASK_ID=get_name
AIRFLOW_CTX_EXECUTION_DATE=2023-03-24T00:00:00+00:00
AIRFLOW_CTX_DAG_RUN_ID=scheduled__2023-03-24T00:00:00+00:00
[2023-03-25 19:21:00,580] {taskinstance.py:1192} INFO - Marking task as SUCCESS. dag_id=dag_with_taskflow_api_v01, task_id=get_name, execution_date=20230324T000000, start_date=20230325T192100, end_date=20230325T192100
[2023-03-25 19:21:00,652] {taskinstance.py:1246} INFO - 1 downstream tasks scheduled from follow-on schedule check
[2023-03-25 19:21:00,721] {local_task_job.py:146} INFO - Task exited with return code 0
