[2023-03-25 19:05:10,331] {taskinstance.py:877} INFO - Dependencies all met for <TaskInstance: dag_python_operator_v5.get_age 2023-03-25T19:03:35.925389+00:00 [queued]>
[2023-03-25 19:05:10,345] {taskinstance.py:877} INFO - Dependencies all met for <TaskInstance: dag_python_operator_v5.get_age 2023-03-25T19:03:35.925389+00:00 [queued]>
[2023-03-25 19:05:10,345] {taskinstance.py:1068} INFO - 
--------------------------------------------------------------------------------
[2023-03-25 19:05:10,346] {taskinstance.py:1069} INFO - Starting attempt 2 of 7
[2023-03-25 19:05:10,346] {taskinstance.py:1070} INFO - 
--------------------------------------------------------------------------------
[2023-03-25 19:05:10,352] {taskinstance.py:1089} INFO - Executing <Task(PythonOperator): get_age> on 2023-03-25T19:03:35.925389+00:00
[2023-03-25 19:05:10,357] {standard_task_runner.py:52} INFO - Started process 81 to run task
[2023-03-25 19:05:10,364] {standard_task_runner.py:76} INFO - Running: ['airflow', 'tasks', 'run', 'dag_python_operator_v5', 'get_age', '2023-03-25T19:03:35.925389+00:00', '--job-id', '17', '--pool', 'default_pool', '--raw', '--subdir', 'DAGS_FOLDER/create_dag_with_python_operator.py', '--cfg-path', '/tmp/tmpiykef9t2', '--error-file', '/tmp/tmpfo6s1tyb']
[2023-03-25 19:05:10,366] {standard_task_runner.py:77} INFO - Job 17: Subtask get_age
[2023-03-25 19:05:10,429] {logging_mixin.py:104} INFO - Running <TaskInstance: dag_python_operator_v5.get_age 2023-03-25T19:03:35.925389+00:00 [running]> on host 087d02d74a34
[2023-03-25 19:05:10,473] {taskinstance.py:1283} INFO - Exporting the following env vars:
AIRFLOW_CTX_DAG_OWNER=Mario
AIRFLOW_CTX_DAG_ID=dag_python_operator_v5
AIRFLOW_CTX_TASK_ID=get_age
AIRFLOW_CTX_EXECUTION_DATE=2023-03-25T19:03:35.925389+00:00
AIRFLOW_CTX_DAG_RUN_ID=manual__2023-03-25T19:03:35.925389+00:00
[2023-03-25 19:05:10,497] {python.py:118} INFO - Done. Returned value was: None
[2023-03-25 19:05:10,511] {taskinstance.py:1192} INFO - Marking task as SUCCESS. dag_id=dag_python_operator_v5, task_id=get_age, execution_date=20230325T190335, start_date=20230325T190510, end_date=20230325T190510
[2023-03-25 19:05:10,563] {taskinstance.py:1246} INFO - 0 downstream tasks scheduled from follow-on schedule check
[2023-03-25 19:05:10,622] {local_task_job.py:146} INFO - Task exited with return code 0
