[2023-04-02 11:48:38,398] {scheduler_job.py:182} INFO - Started process (PID=115) to work on /opt/airflow/dags/ETL.py
[2023-04-02 11:48:38,401] {scheduler_job.py:629} INFO - Processing file /opt/airflow/dags/ETL.py for tasks to queue
[2023-04-02 11:48:38,403] {logging_mixin.py:104} INFO - [2023-04-02 11:48:38,403] {dagbag.py:451} INFO - Filling up the DagBag from /opt/airflow/dags/ETL.py
[2023-04-02 11:48:38,456] {logging_mixin.py:104} INFO - [2023-04-02 11:48:38,450] {dagbag.py:308} ERROR - Failed to import: /opt/airflow/dags/ETL.py
Traceback (most recent call last):
  File "/home/airflow/.local/lib/python3.6/site-packages/airflow/models/dagbag.py", line 305, in _load_modules_from_file
    loader.exec_module(new_module)
  File "<frozen importlib._bootstrap_external>", line 678, in exec_module
  File "<frozen importlib._bootstrap>", line 219, in _call_with_frames_removed
  File "/opt/airflow/dags/ETL.py", line 6, in <module>
    from pyspark.sql import SparkSession
ModuleNotFoundError: No module named 'pyspark'
[2023-04-02 11:48:38,458] {scheduler_job.py:641} WARNING - No viable dags retrieved from /opt/airflow/dags/ETL.py
[2023-04-02 11:48:38,484] {scheduler_job.py:190} INFO - Processing /opt/airflow/dags/ETL.py took 0.092 seconds
[2023-04-02 11:49:09,101] {scheduler_job.py:182} INFO - Started process (PID=120) to work on /opt/airflow/dags/ETL.py
[2023-04-02 11:49:09,104] {scheduler_job.py:629} INFO - Processing file /opt/airflow/dags/ETL.py for tasks to queue
[2023-04-02 11:49:09,106] {logging_mixin.py:104} INFO - [2023-04-02 11:49:09,105] {dagbag.py:451} INFO - Filling up the DagBag from /opt/airflow/dags/ETL.py
[2023-04-02 11:49:09,130] {logging_mixin.py:104} INFO - [2023-04-02 11:49:09,126] {dagbag.py:308} ERROR - Failed to import: /opt/airflow/dags/ETL.py
Traceback (most recent call last):
  File "/home/airflow/.local/lib/python3.6/site-packages/airflow/models/dagbag.py", line 305, in _load_modules_from_file
    loader.exec_module(new_module)
  File "<frozen importlib._bootstrap_external>", line 678, in exec_module
  File "<frozen importlib._bootstrap>", line 219, in _call_with_frames_removed
  File "/opt/airflow/dags/ETL.py", line 6, in <module>
    from pyspark.sql import SparkSession
ModuleNotFoundError: No module named 'pyspark'
[2023-04-02 11:49:09,132] {scheduler_job.py:641} WARNING - No viable dags retrieved from /opt/airflow/dags/ETL.py
[2023-04-02 11:49:09,177] {scheduler_job.py:190} INFO - Processing /opt/airflow/dags/ETL.py took 0.088 seconds
[2023-04-02 11:49:39,830] {scheduler_job.py:182} INFO - Started process (PID=125) to work on /opt/airflow/dags/ETL.py
[2023-04-02 11:49:39,834] {scheduler_job.py:629} INFO - Processing file /opt/airflow/dags/ETL.py for tasks to queue
[2023-04-02 11:49:39,836] {logging_mixin.py:104} INFO - [2023-04-02 11:49:39,836] {dagbag.py:451} INFO - Filling up the DagBag from /opt/airflow/dags/ETL.py
[2023-04-02 11:49:39,882] {logging_mixin.py:104} INFO - [2023-04-02 11:49:39,877] {dagbag.py:308} ERROR - Failed to import: /opt/airflow/dags/ETL.py
Traceback (most recent call last):
  File "/home/airflow/.local/lib/python3.6/site-packages/airflow/models/dagbag.py", line 305, in _load_modules_from_file
    loader.exec_module(new_module)
  File "<frozen importlib._bootstrap_external>", line 678, in exec_module
  File "<frozen importlib._bootstrap>", line 219, in _call_with_frames_removed
  File "/opt/airflow/dags/ETL.py", line 6, in <module>
    from pyspark.sql import SparkSession
ModuleNotFoundError: No module named 'pyspark'
[2023-04-02 11:49:39,885] {scheduler_job.py:641} WARNING - No viable dags retrieved from /opt/airflow/dags/ETL.py
[2023-04-02 11:49:39,921] {scheduler_job.py:190} INFO - Processing /opt/airflow/dags/ETL.py took 0.102 seconds
[2023-04-02 11:50:10,416] {scheduler_job.py:182} INFO - Started process (PID=130) to work on /opt/airflow/dags/ETL.py
[2023-04-02 11:50:10,425] {scheduler_job.py:629} INFO - Processing file /opt/airflow/dags/ETL.py for tasks to queue
[2023-04-02 11:50:10,429] {logging_mixin.py:104} INFO - [2023-04-02 11:50:10,429] {dagbag.py:451} INFO - Filling up the DagBag from /opt/airflow/dags/ETL.py
[2023-04-02 11:50:10,471] {logging_mixin.py:104} INFO - [2023-04-02 11:50:10,467] {dagbag.py:308} ERROR - Failed to import: /opt/airflow/dags/ETL.py
Traceback (most recent call last):
  File "/home/airflow/.local/lib/python3.6/site-packages/airflow/models/dagbag.py", line 305, in _load_modules_from_file
    loader.exec_module(new_module)
  File "<frozen importlib._bootstrap_external>", line 678, in exec_module
  File "<frozen importlib._bootstrap>", line 219, in _call_with_frames_removed
  File "/opt/airflow/dags/ETL.py", line 6, in <module>
    from pyspark.sql import SparkSession
ModuleNotFoundError: No module named 'pyspark'
[2023-04-02 11:50:10,473] {scheduler_job.py:641} WARNING - No viable dags retrieved from /opt/airflow/dags/ETL.py
[2023-04-02 11:50:10,506] {scheduler_job.py:190} INFO - Processing /opt/airflow/dags/ETL.py took 0.098 seconds
[2023-04-02 11:50:41,112] {scheduler_job.py:182} INFO - Started process (PID=135) to work on /opt/airflow/dags/ETL.py
[2023-04-02 11:50:41,115] {scheduler_job.py:629} INFO - Processing file /opt/airflow/dags/ETL.py for tasks to queue
[2023-04-02 11:50:41,117] {logging_mixin.py:104} INFO - [2023-04-02 11:50:41,117] {dagbag.py:451} INFO - Filling up the DagBag from /opt/airflow/dags/ETL.py
[2023-04-02 11:50:41,145] {logging_mixin.py:104} INFO - [2023-04-02 11:50:41,142] {dagbag.py:308} ERROR - Failed to import: /opt/airflow/dags/ETL.py
Traceback (most recent call last):
  File "/home/airflow/.local/lib/python3.6/site-packages/airflow/models/dagbag.py", line 305, in _load_modules_from_file
    loader.exec_module(new_module)
  File "<frozen importlib._bootstrap_external>", line 678, in exec_module
  File "<frozen importlib._bootstrap>", line 219, in _call_with_frames_removed
  File "/opt/airflow/dags/ETL.py", line 6, in <module>
    from pyspark.sql import SparkSession
ModuleNotFoundError: No module named 'pyspark'
[2023-04-02 11:50:41,146] {scheduler_job.py:641} WARNING - No viable dags retrieved from /opt/airflow/dags/ETL.py
[2023-04-02 11:50:41,163] {scheduler_job.py:190} INFO - Processing /opt/airflow/dags/ETL.py took 0.060 seconds
[2023-04-02 11:51:11,899] {scheduler_job.py:182} INFO - Started process (PID=140) to work on /opt/airflow/dags/ETL.py
[2023-04-02 11:51:11,901] {scheduler_job.py:629} INFO - Processing file /opt/airflow/dags/ETL.py for tasks to queue
[2023-04-02 11:51:11,903] {logging_mixin.py:104} INFO - [2023-04-02 11:51:11,903] {dagbag.py:451} INFO - Filling up the DagBag from /opt/airflow/dags/ETL.py
[2023-04-02 11:51:11,938] {logging_mixin.py:104} INFO - [2023-04-02 11:51:11,929] {dagbag.py:308} ERROR - Failed to import: /opt/airflow/dags/ETL.py
Traceback (most recent call last):
  File "/home/airflow/.local/lib/python3.6/site-packages/airflow/models/dagbag.py", line 305, in _load_modules_from_file
    loader.exec_module(new_module)
  File "<frozen importlib._bootstrap_external>", line 678, in exec_module
  File "<frozen importlib._bootstrap>", line 219, in _call_with_frames_removed
  File "/opt/airflow/dags/ETL.py", line 6, in <module>
    from pyspark.sql import SparkSession
ModuleNotFoundError: No module named 'pyspark'
[2023-04-02 11:51:11,946] {scheduler_job.py:641} WARNING - No viable dags retrieved from /opt/airflow/dags/ETL.py
[2023-04-02 11:51:11,984] {scheduler_job.py:190} INFO - Processing /opt/airflow/dags/ETL.py took 0.092 seconds
[2023-04-02 11:51:42,567] {scheduler_job.py:182} INFO - Started process (PID=145) to work on /opt/airflow/dags/ETL.py
[2023-04-02 11:51:42,575] {scheduler_job.py:629} INFO - Processing file /opt/airflow/dags/ETL.py for tasks to queue
[2023-04-02 11:51:42,585] {logging_mixin.py:104} INFO - [2023-04-02 11:51:42,583] {dagbag.py:451} INFO - Filling up the DagBag from /opt/airflow/dags/ETL.py
[2023-04-02 11:51:42,589] {scheduler_job.py:641} WARNING - No viable dags retrieved from /opt/airflow/dags/ETL.py
[2023-04-02 11:51:42,592] {scheduler_job.py:190} INFO - Processing /opt/airflow/dags/ETL.py took 0.037 seconds
[2023-04-02 11:52:13,209] {scheduler_job.py:182} INFO - Started process (PID=150) to work on /opt/airflow/dags/ETL.py
[2023-04-02 11:52:13,213] {scheduler_job.py:629} INFO - Processing file /opt/airflow/dags/ETL.py for tasks to queue
[2023-04-02 11:52:13,218] {logging_mixin.py:104} INFO - [2023-04-02 11:52:13,218] {dagbag.py:451} INFO - Filling up the DagBag from /opt/airflow/dags/ETL.py
[2023-04-02 11:52:13,221] {scheduler_job.py:641} WARNING - No viable dags retrieved from /opt/airflow/dags/ETL.py
[2023-04-02 11:52:13,222] {scheduler_job.py:190} INFO - Processing /opt/airflow/dags/ETL.py took 0.018 seconds
[2023-04-02 11:52:43,872] {scheduler_job.py:182} INFO - Started process (PID=155) to work on /opt/airflow/dags/ETL.py
[2023-04-02 11:52:43,876] {scheduler_job.py:629} INFO - Processing file /opt/airflow/dags/ETL.py for tasks to queue
[2023-04-02 11:52:43,879] {logging_mixin.py:104} INFO - [2023-04-02 11:52:43,878] {dagbag.py:451} INFO - Filling up the DagBag from /opt/airflow/dags/ETL.py
[2023-04-02 11:52:43,880] {scheduler_job.py:641} WARNING - No viable dags retrieved from /opt/airflow/dags/ETL.py
[2023-04-02 11:52:43,881] {scheduler_job.py:190} INFO - Processing /opt/airflow/dags/ETL.py took 0.018 seconds
[2023-04-02 11:53:14,832] {scheduler_job.py:182} INFO - Started process (PID=160) to work on /opt/airflow/dags/ETL.py
[2023-04-02 11:53:14,838] {scheduler_job.py:629} INFO - Processing file /opt/airflow/dags/ETL.py for tasks to queue
[2023-04-02 11:53:14,842] {logging_mixin.py:104} INFO - [2023-04-02 11:53:14,842] {dagbag.py:451} INFO - Filling up the DagBag from /opt/airflow/dags/ETL.py
[2023-04-02 11:53:14,844] {scheduler_job.py:641} WARNING - No viable dags retrieved from /opt/airflow/dags/ETL.py
[2023-04-02 11:53:14,846] {scheduler_job.py:190} INFO - Processing /opt/airflow/dags/ETL.py took 0.025 seconds
