[2023-03-21 12:49:12,698] {taskinstance.py:877} INFO - Dependencies all met for <TaskInstance: dag_python_operator.greet 2023-03-21T12:49:11.100014+00:00 [queued]>
[2023-03-21 12:49:12,722] {taskinstance.py:877} INFO - Dependencies all met for <TaskInstance: dag_python_operator.greet 2023-03-21T12:49:11.100014+00:00 [queued]>
[2023-03-21 12:49:12,725] {taskinstance.py:1068} INFO - 
--------------------------------------------------------------------------------
[2023-03-21 12:49:12,731] {taskinstance.py:1069} INFO - Starting attempt 1 of 6
[2023-03-21 12:49:12,735] {taskinstance.py:1070} INFO - 
--------------------------------------------------------------------------------
[2023-03-21 12:49:12,829] {taskinstance.py:1089} INFO - Executing <Task(PythonOperator): greet> on 2023-03-21T12:49:11.100014+00:00
[2023-03-21 12:49:12,897] {standard_task_runner.py:52} INFO - Started process 73 to run task
[2023-03-21 12:49:12,926] {standard_task_runner.py:76} INFO - Running: ['airflow', 'tasks', 'run', 'dag_python_operator', 'greet', '2023-03-21T12:49:11.100014+00:00', '--job-id', '10', '--pool', 'default_pool', '--raw', '--subdir', 'DAGS_FOLDER/create_dag_with_python_operator.py', '--cfg-path', '/tmp/tmp7ru7adg9', '--error-file', '/tmp/tmp0vxdb3_d']
[2023-03-21 12:49:12,931] {standard_task_runner.py:77} INFO - Job 10: Subtask greet
[2023-03-21 12:49:13,081] {logging_mixin.py:104} INFO - Running <TaskInstance: dag_python_operator.greet 2023-03-21T12:49:11.100014+00:00 [running]> on host 8c52af15d172
[2023-03-21 12:49:13,188] {taskinstance.py:1283} INFO - Exporting the following env vars:
AIRFLOW_CTX_DAG_OWNER=Mario
AIRFLOW_CTX_DAG_ID=dag_python_operator
AIRFLOW_CTX_TASK_ID=greet
AIRFLOW_CTX_EXECUTION_DATE=2023-03-21T12:49:11.100014+00:00
AIRFLOW_CTX_DAG_RUN_ID=manual__2023-03-21T12:49:11.100014+00:00
[2023-03-21 12:49:13,197] {logging_mixin.py:104} INFO - Hola Mario
[2023-03-21 12:49:13,200] {python.py:118} INFO - Done. Returned value was: None
[2023-03-21 12:49:13,231] {taskinstance.py:1192} INFO - Marking task as SUCCESS. dag_id=dag_python_operator, task_id=greet, execution_date=20230321T124911, start_date=20230321T124912, end_date=20230321T124913
[2023-03-21 12:49:13,317] {taskinstance.py:1246} INFO - 0 downstream tasks scheduled from follow-on schedule check
[2023-03-21 12:49:13,360] {local_task_job.py:146} INFO - Task exited with return code 0
