[2023-03-25 19:21:01,715] {taskinstance.py:877} INFO - Dependencies all met for <TaskInstance: dag_with_taskflow_api_v01.greet 2023-03-24T00:00:00+00:00 [queued]>
[2023-03-25 19:21:01,824] {taskinstance.py:877} INFO - Dependencies all met for <TaskInstance: dag_with_taskflow_api_v01.greet 2023-03-24T00:00:00+00:00 [queued]>
[2023-03-25 19:21:01,852] {taskinstance.py:1068} INFO - 
--------------------------------------------------------------------------------
[2023-03-25 19:21:01,866] {taskinstance.py:1069} INFO - Starting attempt 2 of 7
[2023-03-25 19:21:01,885] {taskinstance.py:1070} INFO - 
--------------------------------------------------------------------------------
[2023-03-25 19:21:02,045] {taskinstance.py:1089} INFO - Executing <Task(_PythonDecoratedOperator): greet> on 2023-03-24T00:00:00+00:00
[2023-03-25 19:21:02,106] {standard_task_runner.py:52} INFO - Started process 101 to run task
[2023-03-25 19:21:02,141] {standard_task_runner.py:76} INFO - Running: ['airflow', 'tasks', 'run', 'dag_with_taskflow_api_v01', 'greet', '2023-03-24T00:00:00+00:00', '--job-id', '28', '--pool', 'default_pool', '--raw', '--subdir', 'DAGS_FOLDER/dag_with_taskflow_api.py', '--cfg-path', '/tmp/tmp0hwhnlv_', '--error-file', '/tmp/tmpis_sm8qv']
[2023-03-25 19:21:02,157] {standard_task_runner.py:77} INFO - Job 28: Subtask greet
[2023-03-25 19:21:02,347] {logging_mixin.py:104} INFO - Running <TaskInstance: dag_with_taskflow_api_v01.greet 2023-03-24T00:00:00+00:00 [running]> on host 087d02d74a34
[2023-03-25 19:21:02,492] {taskinstance.py:1283} INFO - Exporting the following env vars:
AIRFLOW_CTX_DAG_OWNER=Mario
AIRFLOW_CTX_DAG_ID=dag_with_taskflow_api_v01
AIRFLOW_CTX_TASK_ID=greet
AIRFLOW_CTX_EXECUTION_DATE=2023-03-24T00:00:00+00:00
AIRFLOW_CTX_DAG_RUN_ID=scheduled__2023-03-24T00:00:00+00:00
[2023-03-25 19:21:02,494] {logging_mixin.py:104} INFO - Hello world, my name is Mario, Im 22 years old
[2023-03-25 19:21:02,506] {taskinstance.py:1192} INFO - Marking task as SUCCESS. dag_id=dag_with_taskflow_api_v01, task_id=greet, execution_date=20230324T000000, start_date=20230325T192101, end_date=20230325T192102
[2023-03-25 19:21:02,537] {taskinstance.py:1246} INFO - 0 downstream tasks scheduled from follow-on schedule check
[2023-03-25 19:21:02,583] {local_task_job.py:146} INFO - Task exited with return code 0
