[2023-03-26 20:23:16,098] {taskinstance.py:877} INFO - Dependencies all met for <TaskInstance: dag_with_taskflow_api_v02.greet 2023-03-26T20:23:13.983515+00:00 [queued]>
[2023-03-26 20:23:16,110] {taskinstance.py:877} INFO - Dependencies all met for <TaskInstance: dag_with_taskflow_api_v02.greet 2023-03-26T20:23:13.983515+00:00 [queued]>
[2023-03-26 20:23:16,111] {taskinstance.py:1068} INFO - 
--------------------------------------------------------------------------------
[2023-03-26 20:23:16,111] {taskinstance.py:1069} INFO - Starting attempt 1 of 6
[2023-03-26 20:23:16,111] {taskinstance.py:1070} INFO - 
--------------------------------------------------------------------------------
[2023-03-26 20:23:16,117] {taskinstance.py:1089} INFO - Executing <Task(_PythonDecoratedOperator): greet> on 2023-03-26T20:23:13.983515+00:00
[2023-03-26 20:23:16,120] {standard_task_runner.py:52} INFO - Started process 68 to run task
[2023-03-26 20:23:16,123] {standard_task_runner.py:76} INFO - Running: ['airflow', 'tasks', 'run', 'dag_with_taskflow_api_v02', 'greet', '2023-03-26T20:23:13.983515+00:00', '--job-id', '41', '--pool', 'default_pool', '--raw', '--subdir', 'DAGS_FOLDER/dag_with_taskflow_api.py', '--cfg-path', '/tmp/tmp3gbcyk5d', '--error-file', '/tmp/tmprvvsevvb']
[2023-03-26 20:23:16,124] {standard_task_runner.py:77} INFO - Job 41: Subtask greet
[2023-03-26 20:23:16,159] {logging_mixin.py:104} INFO - Running <TaskInstance: dag_with_taskflow_api_v02.greet 2023-03-26T20:23:13.983515+00:00 [running]> on host fded5fa0e87e
[2023-03-26 20:23:16,209] {taskinstance.py:1283} INFO - Exporting the following env vars:
AIRFLOW_CTX_DAG_OWNER=Mario
AIRFLOW_CTX_DAG_ID=dag_with_taskflow_api_v02
AIRFLOW_CTX_TASK_ID=greet
AIRFLOW_CTX_EXECUTION_DATE=2023-03-26T20:23:13.983515+00:00
AIRFLOW_CTX_DAG_RUN_ID=manual__2023-03-26T20:23:13.983515+00:00
[2023-03-26 20:23:16,210] {logging_mixin.py:104} INFO - Hello world, my name is Mario Clavijo, Im 22 years old
[2023-03-26 20:23:16,218] {taskinstance.py:1192} INFO - Marking task as SUCCESS. dag_id=dag_with_taskflow_api_v02, task_id=greet, execution_date=20230326T202313, start_date=20230326T202316, end_date=20230326T202316
[2023-03-26 20:23:16,238] {taskinstance.py:1246} INFO - 0 downstream tasks scheduled from follow-on schedule check
[2023-03-26 20:23:16,258] {local_task_job.py:146} INFO - Task exited with return code 0
