[2023-03-20T11:13:34.108+0000] {processor.py:153} INFO - Started process (PID=74) to work on /home/airflow/.local/lib/python3.7/site-packages/airflow/example_dags/example_branch_python_dop_operator_3.py
[2023-03-20T11:13:34.110+0000] {processor.py:743} INFO - Processing file /home/airflow/.local/lib/python3.7/site-packages/airflow/example_dags/example_branch_python_dop_operator_3.py for tasks to queue
[2023-03-20T11:13:34.111+0000] {logging_mixin.py:137} INFO - [2023-03-20T11:13:34.111+0000] {dagbag.py:532} INFO - Filling up the DagBag from /home/airflow/.local/lib/python3.7/site-packages/airflow/example_dags/example_branch_python_dop_operator_3.py
[2023-03-20T11:13:34.133+0000] {processor.py:753} INFO - DAG(s) dict_keys(['example_branch_dop_operator_v3']) retrieved from /home/airflow/.local/lib/python3.7/site-packages/airflow/example_dags/example_branch_python_dop_operator_3.py
[2023-03-20T11:13:34.148+0000] {logging_mixin.py:137} INFO - [2023-03-20T11:13:34.148+0000] {dag.py:2693} INFO - Sync 1 DAGs
[2023-03-20T11:13:34.171+0000] {logging_mixin.py:137} INFO - [2023-03-20T11:13:34.171+0000] {dag.py:3444} INFO - Setting next_dagrun for example_branch_dop_operator_v3 to 2023-03-20T11:12:00+00:00, run_after=2023-03-20T11:13:00+00:00
[2023-03-20T11:13:34.208+0000] {processor.py:175} INFO - Processing /home/airflow/.local/lib/python3.7/site-packages/airflow/example_dags/example_branch_python_dop_operator_3.py took 0.107 seconds
[2023-03-20T11:14:04.381+0000] {processor.py:153} INFO - Started process (PID=123) to work on /home/airflow/.local/lib/python3.7/site-packages/airflow/example_dags/example_branch_python_dop_operator_3.py
[2023-03-20T11:14:04.382+0000] {processor.py:743} INFO - Processing file /home/airflow/.local/lib/python3.7/site-packages/airflow/example_dags/example_branch_python_dop_operator_3.py for tasks to queue
[2023-03-20T11:14:04.383+0000] {logging_mixin.py:137} INFO - [2023-03-20T11:14:04.382+0000] {dagbag.py:532} INFO - Filling up the DagBag from /home/airflow/.local/lib/python3.7/site-packages/airflow/example_dags/example_branch_python_dop_operator_3.py
[2023-03-20T11:14:04.402+0000] {processor.py:753} INFO - DAG(s) dict_keys(['example_branch_dop_operator_v3']) retrieved from /home/airflow/.local/lib/python3.7/site-packages/airflow/example_dags/example_branch_python_dop_operator_3.py
[2023-03-20T11:14:04.431+0000] {logging_mixin.py:137} INFO - [2023-03-20T11:14:04.430+0000] {dag.py:2693} INFO - Sync 1 DAGs
[2023-03-20T11:14:04.455+0000] {logging_mixin.py:137} INFO - [2023-03-20T11:14:04.454+0000] {dag.py:3444} INFO - Setting next_dagrun for example_branch_dop_operator_v3 to 2023-03-20T11:13:00+00:00, run_after=2023-03-20T11:14:00+00:00
[2023-03-20T11:14:04.477+0000] {processor.py:175} INFO - Processing /home/airflow/.local/lib/python3.7/site-packages/airflow/example_dags/example_branch_python_dop_operator_3.py took 0.100 seconds
[2023-03-20T11:14:35.251+0000] {processor.py:153} INFO - Started process (PID=173) to work on /home/airflow/.local/lib/python3.7/site-packages/airflow/example_dags/example_branch_python_dop_operator_3.py
[2023-03-20T11:14:35.253+0000] {processor.py:743} INFO - Processing file /home/airflow/.local/lib/python3.7/site-packages/airflow/example_dags/example_branch_python_dop_operator_3.py for tasks to queue
[2023-03-20T11:14:35.254+0000] {logging_mixin.py:137} INFO - [2023-03-20T11:14:35.254+0000] {dagbag.py:532} INFO - Filling up the DagBag from /home/airflow/.local/lib/python3.7/site-packages/airflow/example_dags/example_branch_python_dop_operator_3.py
[2023-03-20T11:14:35.272+0000] {processor.py:753} INFO - DAG(s) dict_keys(['example_branch_dop_operator_v3']) retrieved from /home/airflow/.local/lib/python3.7/site-packages/airflow/example_dags/example_branch_python_dop_operator_3.py
[2023-03-20T11:14:35.286+0000] {logging_mixin.py:137} INFO - [2023-03-20T11:14:35.286+0000] {dag.py:2693} INFO - Sync 1 DAGs
[2023-03-20T11:14:35.310+0000] {logging_mixin.py:137} INFO - [2023-03-20T11:14:35.310+0000] {dag.py:3444} INFO - Setting next_dagrun for example_branch_dop_operator_v3 to 2023-03-20T11:13:00+00:00, run_after=2023-03-20T11:14:00+00:00
[2023-03-20T11:14:35.325+0000] {processor.py:175} INFO - Processing /home/airflow/.local/lib/python3.7/site-packages/airflow/example_dags/example_branch_python_dop_operator_3.py took 0.077 seconds
[2023-03-20T11:15:06.094+0000] {processor.py:153} INFO - Started process (PID=222) to work on /home/airflow/.local/lib/python3.7/site-packages/airflow/example_dags/example_branch_python_dop_operator_3.py
[2023-03-20T11:15:06.095+0000] {processor.py:743} INFO - Processing file /home/airflow/.local/lib/python3.7/site-packages/airflow/example_dags/example_branch_python_dop_operator_3.py for tasks to queue
[2023-03-20T11:15:06.096+0000] {logging_mixin.py:137} INFO - [2023-03-20T11:15:06.096+0000] {dagbag.py:532} INFO - Filling up the DagBag from /home/airflow/.local/lib/python3.7/site-packages/airflow/example_dags/example_branch_python_dop_operator_3.py
[2023-03-20T11:15:06.112+0000] {processor.py:753} INFO - DAG(s) dict_keys(['example_branch_dop_operator_v3']) retrieved from /home/airflow/.local/lib/python3.7/site-packages/airflow/example_dags/example_branch_python_dop_operator_3.py
[2023-03-20T11:15:06.133+0000] {logging_mixin.py:137} INFO - [2023-03-20T11:15:06.133+0000] {dag.py:2693} INFO - Sync 1 DAGs
[2023-03-20T11:15:06.153+0000] {logging_mixin.py:137} INFO - [2023-03-20T11:15:06.153+0000] {dag.py:3444} INFO - Setting next_dagrun for example_branch_dop_operator_v3 to 2023-03-20T11:14:00+00:00, run_after=2023-03-20T11:15:00+00:00
[2023-03-20T11:15:06.165+0000] {processor.py:175} INFO - Processing /home/airflow/.local/lib/python3.7/site-packages/airflow/example_dags/example_branch_python_dop_operator_3.py took 0.074 seconds
[2023-03-20T11:15:36.647+0000] {processor.py:153} INFO - Started process (PID=271) to work on /home/airflow/.local/lib/python3.7/site-packages/airflow/example_dags/example_branch_python_dop_operator_3.py
[2023-03-20T11:15:36.649+0000] {processor.py:743} INFO - Processing file /home/airflow/.local/lib/python3.7/site-packages/airflow/example_dags/example_branch_python_dop_operator_3.py for tasks to queue
[2023-03-20T11:15:36.649+0000] {logging_mixin.py:137} INFO - [2023-03-20T11:15:36.649+0000] {dagbag.py:532} INFO - Filling up the DagBag from /home/airflow/.local/lib/python3.7/site-packages/airflow/example_dags/example_branch_python_dop_operator_3.py
[2023-03-20T11:15:36.665+0000] {processor.py:753} INFO - DAG(s) dict_keys(['example_branch_dop_operator_v3']) retrieved from /home/airflow/.local/lib/python3.7/site-packages/airflow/example_dags/example_branch_python_dop_operator_3.py
[2023-03-20T11:15:36.687+0000] {logging_mixin.py:137} INFO - [2023-03-20T11:15:36.686+0000] {dag.py:2693} INFO - Sync 1 DAGs
[2023-03-20T11:15:36.708+0000] {logging_mixin.py:137} INFO - [2023-03-20T11:15:36.708+0000] {dag.py:3444} INFO - Setting next_dagrun for example_branch_dop_operator_v3 to 2023-03-20T11:14:00+00:00, run_after=2023-03-20T11:15:00+00:00
[2023-03-20T11:15:36.720+0000] {processor.py:175} INFO - Processing /home/airflow/.local/lib/python3.7/site-packages/airflow/example_dags/example_branch_python_dop_operator_3.py took 0.075 seconds
[2023-03-20T11:16:07.069+0000] {processor.py:153} INFO - Started process (PID=320) to work on /home/airflow/.local/lib/python3.7/site-packages/airflow/example_dags/example_branch_python_dop_operator_3.py
[2023-03-20T11:16:07.070+0000] {processor.py:743} INFO - Processing file /home/airflow/.local/lib/python3.7/site-packages/airflow/example_dags/example_branch_python_dop_operator_3.py for tasks to queue
[2023-03-20T11:16:07.071+0000] {logging_mixin.py:137} INFO - [2023-03-20T11:16:07.071+0000] {dagbag.py:532} INFO - Filling up the DagBag from /home/airflow/.local/lib/python3.7/site-packages/airflow/example_dags/example_branch_python_dop_operator_3.py
[2023-03-20T11:16:07.086+0000] {processor.py:753} INFO - DAG(s) dict_keys(['example_branch_dop_operator_v3']) retrieved from /home/airflow/.local/lib/python3.7/site-packages/airflow/example_dags/example_branch_python_dop_operator_3.py
[2023-03-20T11:16:07.108+0000] {logging_mixin.py:137} INFO - [2023-03-20T11:16:07.108+0000] {dag.py:2693} INFO - Sync 1 DAGs
[2023-03-20T11:16:07.128+0000] {logging_mixin.py:137} INFO - [2023-03-20T11:16:07.128+0000] {dag.py:3444} INFO - Setting next_dagrun for example_branch_dop_operator_v3 to 2023-03-20T11:15:00+00:00, run_after=2023-03-20T11:16:00+00:00
[2023-03-20T11:16:07.140+0000] {processor.py:175} INFO - Processing /home/airflow/.local/lib/python3.7/site-packages/airflow/example_dags/example_branch_python_dop_operator_3.py took 0.074 seconds
[2023-03-20T11:16:37.583+0000] {processor.py:153} INFO - Started process (PID=369) to work on /home/airflow/.local/lib/python3.7/site-packages/airflow/example_dags/example_branch_python_dop_operator_3.py
[2023-03-20T11:16:37.584+0000] {processor.py:743} INFO - Processing file /home/airflow/.local/lib/python3.7/site-packages/airflow/example_dags/example_branch_python_dop_operator_3.py for tasks to queue
[2023-03-20T11:16:37.585+0000] {logging_mixin.py:137} INFO - [2023-03-20T11:16:37.585+0000] {dagbag.py:532} INFO - Filling up the DagBag from /home/airflow/.local/lib/python3.7/site-packages/airflow/example_dags/example_branch_python_dop_operator_3.py
[2023-03-20T11:16:37.601+0000] {processor.py:753} INFO - DAG(s) dict_keys(['example_branch_dop_operator_v3']) retrieved from /home/airflow/.local/lib/python3.7/site-packages/airflow/example_dags/example_branch_python_dop_operator_3.py
[2023-03-20T11:16:37.622+0000] {logging_mixin.py:137} INFO - [2023-03-20T11:16:37.621+0000] {dag.py:2693} INFO - Sync 1 DAGs
[2023-03-20T11:16:37.641+0000] {logging_mixin.py:137} INFO - [2023-03-20T11:16:37.641+0000] {dag.py:3444} INFO - Setting next_dagrun for example_branch_dop_operator_v3 to 2023-03-20T11:15:00+00:00, run_after=2023-03-20T11:16:00+00:00
[2023-03-20T11:16:37.651+0000] {processor.py:175} INFO - Processing /home/airflow/.local/lib/python3.7/site-packages/airflow/example_dags/example_branch_python_dop_operator_3.py took 0.071 seconds
[2023-03-20T11:17:08.449+0000] {processor.py:153} INFO - Started process (PID=418) to work on /home/airflow/.local/lib/python3.7/site-packages/airflow/example_dags/example_branch_python_dop_operator_3.py
[2023-03-20T11:17:08.450+0000] {processor.py:743} INFO - Processing file /home/airflow/.local/lib/python3.7/site-packages/airflow/example_dags/example_branch_python_dop_operator_3.py for tasks to queue
[2023-03-20T11:17:08.451+0000] {logging_mixin.py:137} INFO - [2023-03-20T11:17:08.451+0000] {dagbag.py:532} INFO - Filling up the DagBag from /home/airflow/.local/lib/python3.7/site-packages/airflow/example_dags/example_branch_python_dop_operator_3.py
[2023-03-20T11:17:08.469+0000] {processor.py:753} INFO - DAG(s) dict_keys(['example_branch_dop_operator_v3']) retrieved from /home/airflow/.local/lib/python3.7/site-packages/airflow/example_dags/example_branch_python_dop_operator_3.py
[2023-03-20T11:17:08.492+0000] {logging_mixin.py:137} INFO - [2023-03-20T11:17:08.492+0000] {dag.py:2693} INFO - Sync 1 DAGs
[2023-03-20T11:17:08.514+0000] {logging_mixin.py:137} INFO - [2023-03-20T11:17:08.514+0000] {dag.py:3444} INFO - Setting next_dagrun for example_branch_dop_operator_v3 to 2023-03-20T11:16:00+00:00, run_after=2023-03-20T11:17:00+00:00
[2023-03-20T11:17:08.529+0000] {processor.py:175} INFO - Processing /home/airflow/.local/lib/python3.7/site-packages/airflow/example_dags/example_branch_python_dop_operator_3.py took 0.083 seconds
[2023-03-20T11:17:38.953+0000] {processor.py:153} INFO - Started process (PID=467) to work on /home/airflow/.local/lib/python3.7/site-packages/airflow/example_dags/example_branch_python_dop_operator_3.py
[2023-03-20T11:17:38.954+0000] {processor.py:743} INFO - Processing file /home/airflow/.local/lib/python3.7/site-packages/airflow/example_dags/example_branch_python_dop_operator_3.py for tasks to queue
[2023-03-20T11:17:38.955+0000] {logging_mixin.py:137} INFO - [2023-03-20T11:17:38.955+0000] {dagbag.py:532} INFO - Filling up the DagBag from /home/airflow/.local/lib/python3.7/site-packages/airflow/example_dags/example_branch_python_dop_operator_3.py
[2023-03-20T11:17:38.971+0000] {processor.py:753} INFO - DAG(s) dict_keys(['example_branch_dop_operator_v3']) retrieved from /home/airflow/.local/lib/python3.7/site-packages/airflow/example_dags/example_branch_python_dop_operator_3.py
[2023-03-20T11:17:38.993+0000] {logging_mixin.py:137} INFO - [2023-03-20T11:17:38.993+0000] {dag.py:2693} INFO - Sync 1 DAGs
[2023-03-20T11:17:39.014+0000] {logging_mixin.py:137} INFO - [2023-03-20T11:17:39.014+0000] {dag.py:3444} INFO - Setting next_dagrun for example_branch_dop_operator_v3 to 2023-03-20T11:16:00+00:00, run_after=2023-03-20T11:17:00+00:00
[2023-03-20T11:17:39.039+0000] {processor.py:175} INFO - Processing /home/airflow/.local/lib/python3.7/site-packages/airflow/example_dags/example_branch_python_dop_operator_3.py took 0.090 seconds
[2023-03-20T11:18:09.573+0000] {processor.py:153} INFO - Started process (PID=516) to work on /home/airflow/.local/lib/python3.7/site-packages/airflow/example_dags/example_branch_python_dop_operator_3.py
[2023-03-20T11:18:09.574+0000] {processor.py:743} INFO - Processing file /home/airflow/.local/lib/python3.7/site-packages/airflow/example_dags/example_branch_python_dop_operator_3.py for tasks to queue
[2023-03-20T11:18:09.575+0000] {logging_mixin.py:137} INFO - [2023-03-20T11:18:09.575+0000] {dagbag.py:532} INFO - Filling up the DagBag from /home/airflow/.local/lib/python3.7/site-packages/airflow/example_dags/example_branch_python_dop_operator_3.py
[2023-03-20T11:18:09.599+0000] {processor.py:753} INFO - DAG(s) dict_keys(['example_branch_dop_operator_v3']) retrieved from /home/airflow/.local/lib/python3.7/site-packages/airflow/example_dags/example_branch_python_dop_operator_3.py
[2023-03-20T11:18:09.634+0000] {logging_mixin.py:137} INFO - [2023-03-20T11:18:09.634+0000] {dag.py:2693} INFO - Sync 1 DAGs
[2023-03-20T11:18:09.656+0000] {logging_mixin.py:137} INFO - [2023-03-20T11:18:09.656+0000] {dag.py:3444} INFO - Setting next_dagrun for example_branch_dop_operator_v3 to 2023-03-20T11:17:00+00:00, run_after=2023-03-20T11:18:00+00:00
[2023-03-20T11:18:09.674+0000] {processor.py:175} INFO - Processing /home/airflow/.local/lib/python3.7/site-packages/airflow/example_dags/example_branch_python_dop_operator_3.py took 0.104 seconds
[2023-03-20T11:18:40.151+0000] {processor.py:153} INFO - Started process (PID=565) to work on /home/airflow/.local/lib/python3.7/site-packages/airflow/example_dags/example_branch_python_dop_operator_3.py
[2023-03-20T11:18:40.153+0000] {processor.py:743} INFO - Processing file /home/airflow/.local/lib/python3.7/site-packages/airflow/example_dags/example_branch_python_dop_operator_3.py for tasks to queue
[2023-03-20T11:18:40.153+0000] {logging_mixin.py:137} INFO - [2023-03-20T11:18:40.153+0000] {dagbag.py:532} INFO - Filling up the DagBag from /home/airflow/.local/lib/python3.7/site-packages/airflow/example_dags/example_branch_python_dop_operator_3.py
[2023-03-20T11:18:40.169+0000] {processor.py:753} INFO - DAG(s) dict_keys(['example_branch_dop_operator_v3']) retrieved from /home/airflow/.local/lib/python3.7/site-packages/airflow/example_dags/example_branch_python_dop_operator_3.py
[2023-03-20T11:18:40.189+0000] {logging_mixin.py:137} INFO - [2023-03-20T11:18:40.189+0000] {dag.py:2693} INFO - Sync 1 DAGs
[2023-03-20T11:18:40.208+0000] {logging_mixin.py:137} INFO - [2023-03-20T11:18:40.208+0000] {dag.py:3444} INFO - Setting next_dagrun for example_branch_dop_operator_v3 to 2023-03-20T11:17:00+00:00, run_after=2023-03-20T11:18:00+00:00
[2023-03-20T11:18:40.219+0000] {processor.py:175} INFO - Processing /home/airflow/.local/lib/python3.7/site-packages/airflow/example_dags/example_branch_python_dop_operator_3.py took 0.071 seconds
[2023-03-20T11:19:10.537+0000] {processor.py:153} INFO - Started process (PID=614) to work on /home/airflow/.local/lib/python3.7/site-packages/airflow/example_dags/example_branch_python_dop_operator_3.py
[2023-03-20T11:19:10.538+0000] {processor.py:743} INFO - Processing file /home/airflow/.local/lib/python3.7/site-packages/airflow/example_dags/example_branch_python_dop_operator_3.py for tasks to queue
[2023-03-20T11:19:10.539+0000] {logging_mixin.py:137} INFO - [2023-03-20T11:19:10.539+0000] {dagbag.py:532} INFO - Filling up the DagBag from /home/airflow/.local/lib/python3.7/site-packages/airflow/example_dags/example_branch_python_dop_operator_3.py
[2023-03-20T11:19:10.555+0000] {processor.py:753} INFO - DAG(s) dict_keys(['example_branch_dop_operator_v3']) retrieved from /home/airflow/.local/lib/python3.7/site-packages/airflow/example_dags/example_branch_python_dop_operator_3.py
[2023-03-20T11:19:10.575+0000] {logging_mixin.py:137} INFO - [2023-03-20T11:19:10.575+0000] {dag.py:2693} INFO - Sync 1 DAGs
[2023-03-20T11:19:10.595+0000] {logging_mixin.py:137} INFO - [2023-03-20T11:19:10.595+0000] {dag.py:3444} INFO - Setting next_dagrun for example_branch_dop_operator_v3 to 2023-03-20T11:18:00+00:00, run_after=2023-03-20T11:19:00+00:00
[2023-03-20T11:19:10.606+0000] {processor.py:175} INFO - Processing /home/airflow/.local/lib/python3.7/site-packages/airflow/example_dags/example_branch_python_dop_operator_3.py took 0.072 seconds
[2023-03-20T11:19:40.894+0000] {processor.py:153} INFO - Started process (PID=663) to work on /home/airflow/.local/lib/python3.7/site-packages/airflow/example_dags/example_branch_python_dop_operator_3.py
[2023-03-20T11:19:40.895+0000] {processor.py:743} INFO - Processing file /home/airflow/.local/lib/python3.7/site-packages/airflow/example_dags/example_branch_python_dop_operator_3.py for tasks to queue
[2023-03-20T11:19:40.896+0000] {logging_mixin.py:137} INFO - [2023-03-20T11:19:40.896+0000] {dagbag.py:532} INFO - Filling up the DagBag from /home/airflow/.local/lib/python3.7/site-packages/airflow/example_dags/example_branch_python_dop_operator_3.py
[2023-03-20T11:19:40.912+0000] {processor.py:753} INFO - DAG(s) dict_keys(['example_branch_dop_operator_v3']) retrieved from /home/airflow/.local/lib/python3.7/site-packages/airflow/example_dags/example_branch_python_dop_operator_3.py
[2023-03-20T11:19:40.933+0000] {logging_mixin.py:137} INFO - [2023-03-20T11:19:40.933+0000] {dag.py:2693} INFO - Sync 1 DAGs
[2023-03-20T11:19:40.952+0000] {logging_mixin.py:137} INFO - [2023-03-20T11:19:40.952+0000] {dag.py:3444} INFO - Setting next_dagrun for example_branch_dop_operator_v3 to 2023-03-20T11:18:00+00:00, run_after=2023-03-20T11:19:00+00:00
[2023-03-20T11:19:40.964+0000] {processor.py:175} INFO - Processing /home/airflow/.local/lib/python3.7/site-packages/airflow/example_dags/example_branch_python_dop_operator_3.py took 0.072 seconds
[2023-03-20T11:20:11.283+0000] {processor.py:153} INFO - Started process (PID=712) to work on /home/airflow/.local/lib/python3.7/site-packages/airflow/example_dags/example_branch_python_dop_operator_3.py
[2023-03-20T11:20:11.285+0000] {processor.py:743} INFO - Processing file /home/airflow/.local/lib/python3.7/site-packages/airflow/example_dags/example_branch_python_dop_operator_3.py for tasks to queue
[2023-03-20T11:20:11.285+0000] {logging_mixin.py:137} INFO - [2023-03-20T11:20:11.285+0000] {dagbag.py:532} INFO - Filling up the DagBag from /home/airflow/.local/lib/python3.7/site-packages/airflow/example_dags/example_branch_python_dop_operator_3.py
[2023-03-20T11:20:11.301+0000] {processor.py:753} INFO - DAG(s) dict_keys(['example_branch_dop_operator_v3']) retrieved from /home/airflow/.local/lib/python3.7/site-packages/airflow/example_dags/example_branch_python_dop_operator_3.py
[2023-03-20T11:20:11.321+0000] {logging_mixin.py:137} INFO - [2023-03-20T11:20:11.321+0000] {dag.py:2693} INFO - Sync 1 DAGs
[2023-03-20T11:20:11.341+0000] {logging_mixin.py:137} INFO - [2023-03-20T11:20:11.341+0000] {dag.py:3444} INFO - Setting next_dagrun for example_branch_dop_operator_v3 to 2023-03-20T11:19:00+00:00, run_after=2023-03-20T11:20:00+00:00
[2023-03-20T11:20:11.352+0000] {processor.py:175} INFO - Processing /home/airflow/.local/lib/python3.7/site-packages/airflow/example_dags/example_branch_python_dop_operator_3.py took 0.071 seconds
[2023-03-20T11:20:41.734+0000] {processor.py:153} INFO - Started process (PID=761) to work on /home/airflow/.local/lib/python3.7/site-packages/airflow/example_dags/example_branch_python_dop_operator_3.py
[2023-03-20T11:20:41.735+0000] {processor.py:743} INFO - Processing file /home/airflow/.local/lib/python3.7/site-packages/airflow/example_dags/example_branch_python_dop_operator_3.py for tasks to queue
[2023-03-20T11:20:41.736+0000] {logging_mixin.py:137} INFO - [2023-03-20T11:20:41.736+0000] {dagbag.py:532} INFO - Filling up the DagBag from /home/airflow/.local/lib/python3.7/site-packages/airflow/example_dags/example_branch_python_dop_operator_3.py
[2023-03-20T11:20:41.752+0000] {processor.py:753} INFO - DAG(s) dict_keys(['example_branch_dop_operator_v3']) retrieved from /home/airflow/.local/lib/python3.7/site-packages/airflow/example_dags/example_branch_python_dop_operator_3.py
[2023-03-20T11:20:41.772+0000] {logging_mixin.py:137} INFO - [2023-03-20T11:20:41.772+0000] {dag.py:2693} INFO - Sync 1 DAGs
[2023-03-20T11:20:41.792+0000] {logging_mixin.py:137} INFO - [2023-03-20T11:20:41.791+0000] {dag.py:3444} INFO - Setting next_dagrun for example_branch_dop_operator_v3 to 2023-03-20T11:19:00+00:00, run_after=2023-03-20T11:20:00+00:00
[2023-03-20T11:20:41.803+0000] {processor.py:175} INFO - Processing /home/airflow/.local/lib/python3.7/site-packages/airflow/example_dags/example_branch_python_dop_operator_3.py took 0.072 seconds
[2023-03-20T11:21:12.140+0000] {processor.py:153} INFO - Started process (PID=810) to work on /home/airflow/.local/lib/python3.7/site-packages/airflow/example_dags/example_branch_python_dop_operator_3.py
[2023-03-20T11:21:12.141+0000] {processor.py:743} INFO - Processing file /home/airflow/.local/lib/python3.7/site-packages/airflow/example_dags/example_branch_python_dop_operator_3.py for tasks to queue
[2023-03-20T11:21:12.142+0000] {logging_mixin.py:137} INFO - [2023-03-20T11:21:12.142+0000] {dagbag.py:532} INFO - Filling up the DagBag from /home/airflow/.local/lib/python3.7/site-packages/airflow/example_dags/example_branch_python_dop_operator_3.py
[2023-03-20T11:21:12.157+0000] {processor.py:753} INFO - DAG(s) dict_keys(['example_branch_dop_operator_v3']) retrieved from /home/airflow/.local/lib/python3.7/site-packages/airflow/example_dags/example_branch_python_dop_operator_3.py
[2023-03-20T11:21:12.178+0000] {logging_mixin.py:137} INFO - [2023-03-20T11:21:12.177+0000] {dag.py:2693} INFO - Sync 1 DAGs
[2023-03-20T11:21:12.197+0000] {logging_mixin.py:137} INFO - [2023-03-20T11:21:12.197+0000] {dag.py:3444} INFO - Setting next_dagrun for example_branch_dop_operator_v3 to 2023-03-20T11:20:00+00:00, run_after=2023-03-20T11:21:00+00:00
[2023-03-20T11:21:12.208+0000] {processor.py:175} INFO - Processing /home/airflow/.local/lib/python3.7/site-packages/airflow/example_dags/example_branch_python_dop_operator_3.py took 0.071 seconds
[2023-03-20T11:21:42.444+0000] {processor.py:153} INFO - Started process (PID=859) to work on /home/airflow/.local/lib/python3.7/site-packages/airflow/example_dags/example_branch_python_dop_operator_3.py
[2023-03-20T11:21:42.446+0000] {processor.py:743} INFO - Processing file /home/airflow/.local/lib/python3.7/site-packages/airflow/example_dags/example_branch_python_dop_operator_3.py for tasks to queue
[2023-03-20T11:21:42.447+0000] {logging_mixin.py:137} INFO - [2023-03-20T11:21:42.446+0000] {dagbag.py:532} INFO - Filling up the DagBag from /home/airflow/.local/lib/python3.7/site-packages/airflow/example_dags/example_branch_python_dop_operator_3.py
[2023-03-20T11:21:42.462+0000] {processor.py:753} INFO - DAG(s) dict_keys(['example_branch_dop_operator_v3']) retrieved from /home/airflow/.local/lib/python3.7/site-packages/airflow/example_dags/example_branch_python_dop_operator_3.py
[2023-03-20T11:21:42.484+0000] {logging_mixin.py:137} INFO - [2023-03-20T11:21:42.483+0000] {dag.py:2693} INFO - Sync 1 DAGs
[2023-03-20T11:21:42.503+0000] {logging_mixin.py:137} INFO - [2023-03-20T11:21:42.502+0000] {dag.py:3444} INFO - Setting next_dagrun for example_branch_dop_operator_v3 to 2023-03-20T11:20:00+00:00, run_after=2023-03-20T11:21:00+00:00
[2023-03-20T11:21:42.514+0000] {processor.py:175} INFO - Processing /home/airflow/.local/lib/python3.7/site-packages/airflow/example_dags/example_branch_python_dop_operator_3.py took 0.072 seconds
[2023-03-20T11:22:12.827+0000] {processor.py:153} INFO - Started process (PID=908) to work on /home/airflow/.local/lib/python3.7/site-packages/airflow/example_dags/example_branch_python_dop_operator_3.py
[2023-03-20T11:22:12.828+0000] {processor.py:743} INFO - Processing file /home/airflow/.local/lib/python3.7/site-packages/airflow/example_dags/example_branch_python_dop_operator_3.py for tasks to queue
[2023-03-20T11:22:12.829+0000] {logging_mixin.py:137} INFO - [2023-03-20T11:22:12.829+0000] {dagbag.py:532} INFO - Filling up the DagBag from /home/airflow/.local/lib/python3.7/site-packages/airflow/example_dags/example_branch_python_dop_operator_3.py
[2023-03-20T11:22:12.845+0000] {processor.py:753} INFO - DAG(s) dict_keys(['example_branch_dop_operator_v3']) retrieved from /home/airflow/.local/lib/python3.7/site-packages/airflow/example_dags/example_branch_python_dop_operator_3.py
[2023-03-20T11:22:12.866+0000] {logging_mixin.py:137} INFO - [2023-03-20T11:22:12.866+0000] {dag.py:2693} INFO - Sync 1 DAGs
[2023-03-20T11:22:12.885+0000] {logging_mixin.py:137} INFO - [2023-03-20T11:22:12.885+0000] {dag.py:3444} INFO - Setting next_dagrun for example_branch_dop_operator_v3 to 2023-03-20T11:21:00+00:00, run_after=2023-03-20T11:22:00+00:00
[2023-03-20T11:22:12.897+0000] {processor.py:175} INFO - Processing /home/airflow/.local/lib/python3.7/site-packages/airflow/example_dags/example_branch_python_dop_operator_3.py took 0.073 seconds
[2023-03-20T11:22:43.766+0000] {processor.py:153} INFO - Started process (PID=957) to work on /home/airflow/.local/lib/python3.7/site-packages/airflow/example_dags/example_branch_python_dop_operator_3.py
[2023-03-20T11:22:43.767+0000] {processor.py:743} INFO - Processing file /home/airflow/.local/lib/python3.7/site-packages/airflow/example_dags/example_branch_python_dop_operator_3.py for tasks to queue
[2023-03-20T11:22:43.768+0000] {logging_mixin.py:137} INFO - [2023-03-20T11:22:43.768+0000] {dagbag.py:532} INFO - Filling up the DagBag from /home/airflow/.local/lib/python3.7/site-packages/airflow/example_dags/example_branch_python_dop_operator_3.py
[2023-03-20T11:22:43.784+0000] {processor.py:753} INFO - DAG(s) dict_keys(['example_branch_dop_operator_v3']) retrieved from /home/airflow/.local/lib/python3.7/site-packages/airflow/example_dags/example_branch_python_dop_operator_3.py
[2023-03-20T11:22:43.804+0000] {logging_mixin.py:137} INFO - [2023-03-20T11:22:43.804+0000] {dag.py:2693} INFO - Sync 1 DAGs
[2023-03-20T11:22:43.824+0000] {logging_mixin.py:137} INFO - [2023-03-20T11:22:43.824+0000] {dag.py:3444} INFO - Setting next_dagrun for example_branch_dop_operator_v3 to 2023-03-20T11:21:00+00:00, run_after=2023-03-20T11:22:00+00:00
[2023-03-20T11:22:43.837+0000] {processor.py:175} INFO - Processing /home/airflow/.local/lib/python3.7/site-packages/airflow/example_dags/example_branch_python_dop_operator_3.py took 0.073 seconds
[2023-03-20T11:23:14.167+0000] {processor.py:153} INFO - Started process (PID=1006) to work on /home/airflow/.local/lib/python3.7/site-packages/airflow/example_dags/example_branch_python_dop_operator_3.py
[2023-03-20T11:23:14.168+0000] {processor.py:743} INFO - Processing file /home/airflow/.local/lib/python3.7/site-packages/airflow/example_dags/example_branch_python_dop_operator_3.py for tasks to queue
[2023-03-20T11:23:14.169+0000] {logging_mixin.py:137} INFO - [2023-03-20T11:23:14.169+0000] {dagbag.py:532} INFO - Filling up the DagBag from /home/airflow/.local/lib/python3.7/site-packages/airflow/example_dags/example_branch_python_dop_operator_3.py
[2023-03-20T11:23:14.185+0000] {processor.py:753} INFO - DAG(s) dict_keys(['example_branch_dop_operator_v3']) retrieved from /home/airflow/.local/lib/python3.7/site-packages/airflow/example_dags/example_branch_python_dop_operator_3.py
[2023-03-20T11:23:14.206+0000] {logging_mixin.py:137} INFO - [2023-03-20T11:23:14.206+0000] {dag.py:2693} INFO - Sync 1 DAGs
[2023-03-20T11:23:14.226+0000] {logging_mixin.py:137} INFO - [2023-03-20T11:23:14.226+0000] {dag.py:3444} INFO - Setting next_dagrun for example_branch_dop_operator_v3 to 2023-03-20T11:22:00+00:00, run_after=2023-03-20T11:23:00+00:00
[2023-03-20T11:23:14.238+0000] {processor.py:175} INFO - Processing /home/airflow/.local/lib/python3.7/site-packages/airflow/example_dags/example_branch_python_dop_operator_3.py took 0.073 seconds
[2023-03-20T11:23:44.704+0000] {processor.py:153} INFO - Started process (PID=1055) to work on /home/airflow/.local/lib/python3.7/site-packages/airflow/example_dags/example_branch_python_dop_operator_3.py
[2023-03-20T11:23:44.705+0000] {processor.py:743} INFO - Processing file /home/airflow/.local/lib/python3.7/site-packages/airflow/example_dags/example_branch_python_dop_operator_3.py for tasks to queue
[2023-03-20T11:23:44.706+0000] {logging_mixin.py:137} INFO - [2023-03-20T11:23:44.706+0000] {dagbag.py:532} INFO - Filling up the DagBag from /home/airflow/.local/lib/python3.7/site-packages/airflow/example_dags/example_branch_python_dop_operator_3.py
[2023-03-20T11:23:44.722+0000] {processor.py:753} INFO - DAG(s) dict_keys(['example_branch_dop_operator_v3']) retrieved from /home/airflow/.local/lib/python3.7/site-packages/airflow/example_dags/example_branch_python_dop_operator_3.py
[2023-03-20T11:23:44.743+0000] {logging_mixin.py:137} INFO - [2023-03-20T11:23:44.743+0000] {dag.py:2693} INFO - Sync 1 DAGs
[2023-03-20T11:23:44.763+0000] {logging_mixin.py:137} INFO - [2023-03-20T11:23:44.763+0000] {dag.py:3444} INFO - Setting next_dagrun for example_branch_dop_operator_v3 to 2023-03-20T11:22:00+00:00, run_after=2023-03-20T11:23:00+00:00
[2023-03-20T11:23:44.774+0000] {processor.py:175} INFO - Processing /home/airflow/.local/lib/python3.7/site-packages/airflow/example_dags/example_branch_python_dop_operator_3.py took 0.072 seconds
[2023-03-20 11:37:59,731] {scheduler_job.py:182} INFO - Started process (PID=41) to work on /home/airflow/.local/lib/python3.6/site-packages/airflow/example_dags/example_branch_python_dop_operator_3.py
[2023-03-20 11:37:59,735] {scheduler_job.py:629} INFO - Processing file /home/airflow/.local/lib/python3.6/site-packages/airflow/example_dags/example_branch_python_dop_operator_3.py for tasks to queue
[2023-03-20 11:37:59,737] {logging_mixin.py:104} INFO - [2023-03-20 11:37:59,737] {dagbag.py:451} INFO - Filling up the DagBag from /home/airflow/.local/lib/python3.6/site-packages/airflow/example_dags/example_branch_python_dop_operator_3.py
[2023-03-20 11:37:59,754] {scheduler_job.py:639} INFO - DAG(s) dict_keys(['example_branch_dop_operator_v3']) retrieved from /home/airflow/.local/lib/python3.6/site-packages/airflow/example_dags/example_branch_python_dop_operator_3.py
[2023-03-20 11:37:59,785] {logging_mixin.py:104} INFO - [2023-03-20 11:37:59,785] {dag.py:1824} INFO - Sync 1 DAGs
[2023-03-20 11:37:59,799] {logging_mixin.py:104} INFO - [2023-03-20 11:37:59,799] {dag.py:1843} INFO - Creating ORM DAG for example_branch_dop_operator_v3
[2023-03-20 11:37:59,822] {logging_mixin.py:104} INFO - [2023-03-20 11:37:59,822] {dag.py:2280} INFO - Setting next_dagrun for example_branch_dop_operator_v3 to 2023-03-18 00:00:00+00:00
[2023-03-20 11:37:59,838] {scheduler_job.py:190} INFO - Processing /home/airflow/.local/lib/python3.6/site-packages/airflow/example_dags/example_branch_python_dop_operator_3.py took 0.110 seconds
[2023-03-20 11:38:30,846] {scheduler_job.py:182} INFO - Started process (PID=67) to work on /home/airflow/.local/lib/python3.6/site-packages/airflow/example_dags/example_branch_python_dop_operator_3.py
[2023-03-20 11:38:30,848] {scheduler_job.py:629} INFO - Processing file /home/airflow/.local/lib/python3.6/site-packages/airflow/example_dags/example_branch_python_dop_operator_3.py for tasks to queue
[2023-03-20 11:38:30,849] {logging_mixin.py:104} INFO - [2023-03-20 11:38:30,849] {dagbag.py:451} INFO - Filling up the DagBag from /home/airflow/.local/lib/python3.6/site-packages/airflow/example_dags/example_branch_python_dop_operator_3.py
[2023-03-20 11:38:30,869] {scheduler_job.py:639} INFO - DAG(s) dict_keys(['example_branch_dop_operator_v3']) retrieved from /home/airflow/.local/lib/python3.6/site-packages/airflow/example_dags/example_branch_python_dop_operator_3.py
[2023-03-20 11:38:30,892] {logging_mixin.py:104} INFO - [2023-03-20 11:38:30,892] {dag.py:1824} INFO - Sync 1 DAGs
[2023-03-20 11:38:30,918] {logging_mixin.py:104} INFO - [2023-03-20 11:38:30,918] {dag.py:2280} INFO - Setting next_dagrun for example_branch_dop_operator_v3 to 2023-03-18 00:00:00+00:00
[2023-03-20 11:38:30,926] {scheduler_job.py:190} INFO - Processing /home/airflow/.local/lib/python3.6/site-packages/airflow/example_dags/example_branch_python_dop_operator_3.py took 0.084 seconds
[2023-03-20 11:39:01,728] {scheduler_job.py:182} INFO - Started process (PID=93) to work on /home/airflow/.local/lib/python3.6/site-packages/airflow/example_dags/example_branch_python_dop_operator_3.py
[2023-03-20 11:39:01,731] {scheduler_job.py:629} INFO - Processing file /home/airflow/.local/lib/python3.6/site-packages/airflow/example_dags/example_branch_python_dop_operator_3.py for tasks to queue
[2023-03-20 11:39:01,733] {logging_mixin.py:104} INFO - [2023-03-20 11:39:01,733] {dagbag.py:451} INFO - Filling up the DagBag from /home/airflow/.local/lib/python3.6/site-packages/airflow/example_dags/example_branch_python_dop_operator_3.py
[2023-03-20 11:39:01,753] {scheduler_job.py:639} INFO - DAG(s) dict_keys(['example_branch_dop_operator_v3']) retrieved from /home/airflow/.local/lib/python3.6/site-packages/airflow/example_dags/example_branch_python_dop_operator_3.py
[2023-03-20 11:39:01,777] {logging_mixin.py:104} INFO - [2023-03-20 11:39:01,777] {dag.py:1824} INFO - Sync 1 DAGs
[2023-03-20 11:39:01,809] {logging_mixin.py:104} INFO - [2023-03-20 11:39:01,809] {dag.py:2280} INFO - Setting next_dagrun for example_branch_dop_operator_v3 to 2023-03-18 00:00:00+00:00
[2023-03-20 11:39:01,819] {scheduler_job.py:190} INFO - Processing /home/airflow/.local/lib/python3.6/site-packages/airflow/example_dags/example_branch_python_dop_operator_3.py took 0.096 seconds
[2023-03-20 11:39:32,361] {scheduler_job.py:182} INFO - Started process (PID=119) to work on /home/airflow/.local/lib/python3.6/site-packages/airflow/example_dags/example_branch_python_dop_operator_3.py
[2023-03-20 11:39:32,364] {scheduler_job.py:629} INFO - Processing file /home/airflow/.local/lib/python3.6/site-packages/airflow/example_dags/example_branch_python_dop_operator_3.py for tasks to queue
[2023-03-20 11:39:32,366] {logging_mixin.py:104} INFO - [2023-03-20 11:39:32,366] {dagbag.py:451} INFO - Filling up the DagBag from /home/airflow/.local/lib/python3.6/site-packages/airflow/example_dags/example_branch_python_dop_operator_3.py
[2023-03-20 11:39:32,392] {scheduler_job.py:639} INFO - DAG(s) dict_keys(['example_branch_dop_operator_v3']) retrieved from /home/airflow/.local/lib/python3.6/site-packages/airflow/example_dags/example_branch_python_dop_operator_3.py
[2023-03-20 11:39:32,415] {logging_mixin.py:104} INFO - [2023-03-20 11:39:32,415] {dag.py:1824} INFO - Sync 1 DAGs
[2023-03-20 11:39:32,440] {logging_mixin.py:104} INFO - [2023-03-20 11:39:32,440] {dag.py:2280} INFO - Setting next_dagrun for example_branch_dop_operator_v3 to 2023-03-18 00:00:00+00:00
[2023-03-20 11:39:32,448] {scheduler_job.py:190} INFO - Processing /home/airflow/.local/lib/python3.6/site-packages/airflow/example_dags/example_branch_python_dop_operator_3.py took 0.094 seconds
[2023-03-20 11:40:03,122] {scheduler_job.py:182} INFO - Started process (PID=145) to work on /home/airflow/.local/lib/python3.6/site-packages/airflow/example_dags/example_branch_python_dop_operator_3.py
[2023-03-20 11:40:03,126] {scheduler_job.py:629} INFO - Processing file /home/airflow/.local/lib/python3.6/site-packages/airflow/example_dags/example_branch_python_dop_operator_3.py for tasks to queue
[2023-03-20 11:40:03,128] {logging_mixin.py:104} INFO - [2023-03-20 11:40:03,128] {dagbag.py:451} INFO - Filling up the DagBag from /home/airflow/.local/lib/python3.6/site-packages/airflow/example_dags/example_branch_python_dop_operator_3.py
[2023-03-20 11:40:03,155] {scheduler_job.py:639} INFO - DAG(s) dict_keys(['example_branch_dop_operator_v3']) retrieved from /home/airflow/.local/lib/python3.6/site-packages/airflow/example_dags/example_branch_python_dop_operator_3.py
[2023-03-20 11:40:03,181] {logging_mixin.py:104} INFO - [2023-03-20 11:40:03,181] {dag.py:1824} INFO - Sync 1 DAGs
[2023-03-20 11:40:03,221] {logging_mixin.py:104} INFO - [2023-03-20 11:40:03,220] {dag.py:2280} INFO - Setting next_dagrun for example_branch_dop_operator_v3 to 2023-03-18 00:00:00+00:00
[2023-03-20 11:40:03,230] {scheduler_job.py:190} INFO - Processing /home/airflow/.local/lib/python3.6/site-packages/airflow/example_dags/example_branch_python_dop_operator_3.py took 0.115 seconds
[2023-03-20 11:40:34,104] {scheduler_job.py:182} INFO - Started process (PID=171) to work on /home/airflow/.local/lib/python3.6/site-packages/airflow/example_dags/example_branch_python_dop_operator_3.py
[2023-03-20 11:40:34,106] {scheduler_job.py:629} INFO - Processing file /home/airflow/.local/lib/python3.6/site-packages/airflow/example_dags/example_branch_python_dop_operator_3.py for tasks to queue
[2023-03-20 11:40:34,108] {logging_mixin.py:104} INFO - [2023-03-20 11:40:34,108] {dagbag.py:451} INFO - Filling up the DagBag from /home/airflow/.local/lib/python3.6/site-packages/airflow/example_dags/example_branch_python_dop_operator_3.py
[2023-03-20 11:40:34,130] {scheduler_job.py:639} INFO - DAG(s) dict_keys(['example_branch_dop_operator_v3']) retrieved from /home/airflow/.local/lib/python3.6/site-packages/airflow/example_dags/example_branch_python_dop_operator_3.py
[2023-03-20 11:40:34,157] {logging_mixin.py:104} INFO - [2023-03-20 11:40:34,157] {dag.py:1824} INFO - Sync 1 DAGs
[2023-03-20 11:40:34,180] {logging_mixin.py:104} INFO - [2023-03-20 11:40:34,180] {dag.py:2280} INFO - Setting next_dagrun for example_branch_dop_operator_v3 to 2023-03-18 00:00:00+00:00
[2023-03-20 11:40:34,188] {scheduler_job.py:190} INFO - Processing /home/airflow/.local/lib/python3.6/site-packages/airflow/example_dags/example_branch_python_dop_operator_3.py took 0.091 seconds
[2023-03-20 11:41:04,696] {scheduler_job.py:182} INFO - Started process (PID=197) to work on /home/airflow/.local/lib/python3.6/site-packages/airflow/example_dags/example_branch_python_dop_operator_3.py
[2023-03-20 11:41:04,699] {scheduler_job.py:629} INFO - Processing file /home/airflow/.local/lib/python3.6/site-packages/airflow/example_dags/example_branch_python_dop_operator_3.py for tasks to queue
[2023-03-20 11:41:04,701] {logging_mixin.py:104} INFO - [2023-03-20 11:41:04,701] {dagbag.py:451} INFO - Filling up the DagBag from /home/airflow/.local/lib/python3.6/site-packages/airflow/example_dags/example_branch_python_dop_operator_3.py
[2023-03-20 11:41:04,724] {scheduler_job.py:639} INFO - DAG(s) dict_keys(['example_branch_dop_operator_v3']) retrieved from /home/airflow/.local/lib/python3.6/site-packages/airflow/example_dags/example_branch_python_dop_operator_3.py
[2023-03-20 11:41:04,750] {logging_mixin.py:104} INFO - [2023-03-20 11:41:04,750] {dag.py:1824} INFO - Sync 1 DAGs
[2023-03-20 11:41:04,773] {logging_mixin.py:104} INFO - [2023-03-20 11:41:04,773] {dag.py:2280} INFO - Setting next_dagrun for example_branch_dop_operator_v3 to 2023-03-18 00:00:00+00:00
[2023-03-20 11:41:04,781] {scheduler_job.py:190} INFO - Processing /home/airflow/.local/lib/python3.6/site-packages/airflow/example_dags/example_branch_python_dop_operator_3.py took 0.092 seconds
[2023-03-20 14:55:28,229] {scheduler_job.py:182} INFO - Started process (PID=53) to work on /home/airflow/.local/lib/python3.6/site-packages/airflow/example_dags/example_branch_python_dop_operator_3.py
[2023-03-20 14:55:28,232] {scheduler_job.py:629} INFO - Processing file /home/airflow/.local/lib/python3.6/site-packages/airflow/example_dags/example_branch_python_dop_operator_3.py for tasks to queue
[2023-03-20 14:55:28,235] {logging_mixin.py:104} INFO - [2023-03-20 14:55:28,234] {dagbag.py:451} INFO - Filling up the DagBag from /home/airflow/.local/lib/python3.6/site-packages/airflow/example_dags/example_branch_python_dop_operator_3.py
[2023-03-20 14:55:28,280] {scheduler_job.py:639} INFO - DAG(s) dict_keys(['example_branch_dop_operator_v3']) retrieved from /home/airflow/.local/lib/python3.6/site-packages/airflow/example_dags/example_branch_python_dop_operator_3.py
[2023-03-20 14:55:28,335] {logging_mixin.py:104} INFO - [2023-03-20 14:55:28,335] {dag.py:1824} INFO - Sync 1 DAGs
[2023-03-20 14:55:28,351] {logging_mixin.py:104} INFO - [2023-03-20 14:55:28,351] {dag.py:1843} INFO - Creating ORM DAG for example_branch_dop_operator_v3
[2023-03-20 14:55:28,386] {logging_mixin.py:104} INFO - [2023-03-20 14:55:28,386] {dag.py:2280} INFO - Setting next_dagrun for example_branch_dop_operator_v3 to 2023-03-18 00:00:00+00:00
[2023-03-20 14:55:28,401] {scheduler_job.py:190} INFO - Processing /home/airflow/.local/lib/python3.6/site-packages/airflow/example_dags/example_branch_python_dop_operator_3.py took 0.184 seconds
[2023-03-20 14:55:59,343] {scheduler_job.py:182} INFO - Started process (PID=79) to work on /home/airflow/.local/lib/python3.6/site-packages/airflow/example_dags/example_branch_python_dop_operator_3.py
[2023-03-20 14:55:59,345] {scheduler_job.py:629} INFO - Processing file /home/airflow/.local/lib/python3.6/site-packages/airflow/example_dags/example_branch_python_dop_operator_3.py for tasks to queue
[2023-03-20 14:55:59,348] {logging_mixin.py:104} INFO - [2023-03-20 14:55:59,347] {dagbag.py:451} INFO - Filling up the DagBag from /home/airflow/.local/lib/python3.6/site-packages/airflow/example_dags/example_branch_python_dop_operator_3.py
[2023-03-20 14:55:59,375] {scheduler_job.py:639} INFO - DAG(s) dict_keys(['example_branch_dop_operator_v3']) retrieved from /home/airflow/.local/lib/python3.6/site-packages/airflow/example_dags/example_branch_python_dop_operator_3.py
[2023-03-20 14:55:59,413] {logging_mixin.py:104} INFO - [2023-03-20 14:55:59,413] {dag.py:1824} INFO - Sync 1 DAGs
[2023-03-20 14:55:59,482] {logging_mixin.py:104} INFO - [2023-03-20 14:55:59,482] {dag.py:2280} INFO - Setting next_dagrun for example_branch_dop_operator_v3 to 2023-03-18 00:00:00+00:00
[2023-03-20 14:55:59,503] {scheduler_job.py:190} INFO - Processing /home/airflow/.local/lib/python3.6/site-packages/airflow/example_dags/example_branch_python_dop_operator_3.py took 0.164 seconds
[2023-03-20 14:56:29,986] {scheduler_job.py:182} INFO - Started process (PID=105) to work on /home/airflow/.local/lib/python3.6/site-packages/airflow/example_dags/example_branch_python_dop_operator_3.py
[2023-03-20 14:56:29,988] {scheduler_job.py:629} INFO - Processing file /home/airflow/.local/lib/python3.6/site-packages/airflow/example_dags/example_branch_python_dop_operator_3.py for tasks to queue
[2023-03-20 14:56:29,989] {logging_mixin.py:104} INFO - [2023-03-20 14:56:29,989] {dagbag.py:451} INFO - Filling up the DagBag from /home/airflow/.local/lib/python3.6/site-packages/airflow/example_dags/example_branch_python_dop_operator_3.py
[2023-03-20 14:56:30,011] {scheduler_job.py:639} INFO - DAG(s) dict_keys(['example_branch_dop_operator_v3']) retrieved from /home/airflow/.local/lib/python3.6/site-packages/airflow/example_dags/example_branch_python_dop_operator_3.py
[2023-03-20 14:56:30,036] {logging_mixin.py:104} INFO - [2023-03-20 14:56:30,036] {dag.py:1824} INFO - Sync 1 DAGs
[2023-03-20 14:56:30,084] {logging_mixin.py:104} INFO - [2023-03-20 14:56:30,084] {dag.py:2280} INFO - Setting next_dagrun for example_branch_dop_operator_v3 to 2023-03-18 00:00:00+00:00
[2023-03-20 14:56:30,109] {scheduler_job.py:190} INFO - Processing /home/airflow/.local/lib/python3.6/site-packages/airflow/example_dags/example_branch_python_dop_operator_3.py took 0.128 seconds
[2023-03-20 14:57:00,460] {scheduler_job.py:182} INFO - Started process (PID=131) to work on /home/airflow/.local/lib/python3.6/site-packages/airflow/example_dags/example_branch_python_dop_operator_3.py
[2023-03-20 14:57:00,463] {scheduler_job.py:629} INFO - Processing file /home/airflow/.local/lib/python3.6/site-packages/airflow/example_dags/example_branch_python_dop_operator_3.py for tasks to queue
[2023-03-20 14:57:00,464] {logging_mixin.py:104} INFO - [2023-03-20 14:57:00,464] {dagbag.py:451} INFO - Filling up the DagBag from /home/airflow/.local/lib/python3.6/site-packages/airflow/example_dags/example_branch_python_dop_operator_3.py
[2023-03-20 14:57:00,485] {scheduler_job.py:639} INFO - DAG(s) dict_keys(['example_branch_dop_operator_v3']) retrieved from /home/airflow/.local/lib/python3.6/site-packages/airflow/example_dags/example_branch_python_dop_operator_3.py
[2023-03-20 14:57:00,531] {logging_mixin.py:104} INFO - [2023-03-20 14:57:00,531] {dag.py:1824} INFO - Sync 1 DAGs
[2023-03-20 14:57:00,574] {logging_mixin.py:104} INFO - [2023-03-20 14:57:00,574] {dag.py:2280} INFO - Setting next_dagrun for example_branch_dop_operator_v3 to 2023-03-18 00:00:00+00:00
[2023-03-20 14:57:00,591] {scheduler_job.py:190} INFO - Processing /home/airflow/.local/lib/python3.6/site-packages/airflow/example_dags/example_branch_python_dop_operator_3.py took 0.134 seconds
[2023-03-20 14:57:30,898] {scheduler_job.py:182} INFO - Started process (PID=150) to work on /home/airflow/.local/lib/python3.6/site-packages/airflow/example_dags/example_branch_python_dop_operator_3.py
[2023-03-20 14:57:30,902] {scheduler_job.py:629} INFO - Processing file /home/airflow/.local/lib/python3.6/site-packages/airflow/example_dags/example_branch_python_dop_operator_3.py for tasks to queue
[2023-03-20 14:57:30,905] {logging_mixin.py:104} INFO - [2023-03-20 14:57:30,905] {dagbag.py:451} INFO - Filling up the DagBag from /home/airflow/.local/lib/python3.6/site-packages/airflow/example_dags/example_branch_python_dop_operator_3.py
[2023-03-20 14:57:30,938] {scheduler_job.py:639} INFO - DAG(s) dict_keys(['example_branch_dop_operator_v3']) retrieved from /home/airflow/.local/lib/python3.6/site-packages/airflow/example_dags/example_branch_python_dop_operator_3.py
[2023-03-20 14:57:30,970] {logging_mixin.py:104} INFO - [2023-03-20 14:57:30,970] {dag.py:1824} INFO - Sync 1 DAGs
[2023-03-20 14:57:31,016] {logging_mixin.py:104} INFO - [2023-03-20 14:57:31,015] {dag.py:2280} INFO - Setting next_dagrun for example_branch_dop_operator_v3 to 2023-03-18 00:00:00+00:00
[2023-03-20 14:57:31,038] {scheduler_job.py:190} INFO - Processing /home/airflow/.local/lib/python3.6/site-packages/airflow/example_dags/example_branch_python_dop_operator_3.py took 0.144 seconds
[2023-03-20 14:58:01,177] {scheduler_job.py:182} INFO - Started process (PID=176) to work on /home/airflow/.local/lib/python3.6/site-packages/airflow/example_dags/example_branch_python_dop_operator_3.py
[2023-03-20 14:58:01,179] {scheduler_job.py:629} INFO - Processing file /home/airflow/.local/lib/python3.6/site-packages/airflow/example_dags/example_branch_python_dop_operator_3.py for tasks to queue
[2023-03-20 14:58:01,180] {logging_mixin.py:104} INFO - [2023-03-20 14:58:01,180] {dagbag.py:451} INFO - Filling up the DagBag from /home/airflow/.local/lib/python3.6/site-packages/airflow/example_dags/example_branch_python_dop_operator_3.py
[2023-03-20 14:58:01,197] {scheduler_job.py:639} INFO - DAG(s) dict_keys(['example_branch_dop_operator_v3']) retrieved from /home/airflow/.local/lib/python3.6/site-packages/airflow/example_dags/example_branch_python_dop_operator_3.py
[2023-03-20 14:58:01,223] {logging_mixin.py:104} INFO - [2023-03-20 14:58:01,222] {dag.py:1824} INFO - Sync 1 DAGs
[2023-03-20 14:58:01,245] {logging_mixin.py:104} INFO - [2023-03-20 14:58:01,245] {dag.py:2280} INFO - Setting next_dagrun for example_branch_dop_operator_v3 to 2023-03-18 00:00:00+00:00
[2023-03-20 14:58:01,253] {scheduler_job.py:190} INFO - Processing /home/airflow/.local/lib/python3.6/site-packages/airflow/example_dags/example_branch_python_dop_operator_3.py took 0.080 seconds
[2023-03-20 14:58:32,004] {scheduler_job.py:182} INFO - Started process (PID=201) to work on /home/airflow/.local/lib/python3.6/site-packages/airflow/example_dags/example_branch_python_dop_operator_3.py
[2023-03-20 14:58:32,005] {scheduler_job.py:629} INFO - Processing file /home/airflow/.local/lib/python3.6/site-packages/airflow/example_dags/example_branch_python_dop_operator_3.py for tasks to queue
[2023-03-20 14:58:32,006] {logging_mixin.py:104} INFO - [2023-03-20 14:58:32,006] {dagbag.py:451} INFO - Filling up the DagBag from /home/airflow/.local/lib/python3.6/site-packages/airflow/example_dags/example_branch_python_dop_operator_3.py
[2023-03-20 14:58:32,020] {scheduler_job.py:639} INFO - DAG(s) dict_keys(['example_branch_dop_operator_v3']) retrieved from /home/airflow/.local/lib/python3.6/site-packages/airflow/example_dags/example_branch_python_dop_operator_3.py
[2023-03-20 14:58:32,045] {logging_mixin.py:104} INFO - [2023-03-20 14:58:32,044] {dag.py:1824} INFO - Sync 1 DAGs
[2023-03-20 14:58:32,070] {logging_mixin.py:104} INFO - [2023-03-20 14:58:32,070] {dag.py:2280} INFO - Setting next_dagrun for example_branch_dop_operator_v3 to 2023-03-18 00:00:00+00:00
[2023-03-20 14:58:32,080] {scheduler_job.py:190} INFO - Processing /home/airflow/.local/lib/python3.6/site-packages/airflow/example_dags/example_branch_python_dop_operator_3.py took 0.079 seconds
[2023-03-20 14:59:02,569] {scheduler_job.py:182} INFO - Started process (PID=227) to work on /home/airflow/.local/lib/python3.6/site-packages/airflow/example_dags/example_branch_python_dop_operator_3.py
[2023-03-20 14:59:02,572] {scheduler_job.py:629} INFO - Processing file /home/airflow/.local/lib/python3.6/site-packages/airflow/example_dags/example_branch_python_dop_operator_3.py for tasks to queue
[2023-03-20 14:59:02,574] {logging_mixin.py:104} INFO - [2023-03-20 14:59:02,574] {dagbag.py:451} INFO - Filling up the DagBag from /home/airflow/.local/lib/python3.6/site-packages/airflow/example_dags/example_branch_python_dop_operator_3.py
[2023-03-20 14:59:02,593] {scheduler_job.py:639} INFO - DAG(s) dict_keys(['example_branch_dop_operator_v3']) retrieved from /home/airflow/.local/lib/python3.6/site-packages/airflow/example_dags/example_branch_python_dop_operator_3.py
[2023-03-20 14:59:02,617] {logging_mixin.py:104} INFO - [2023-03-20 14:59:02,617] {dag.py:1824} INFO - Sync 1 DAGs
[2023-03-20 14:59:02,649] {logging_mixin.py:104} INFO - [2023-03-20 14:59:02,649] {dag.py:2280} INFO - Setting next_dagrun for example_branch_dop_operator_v3 to 2023-03-18 00:00:00+00:00
[2023-03-20 14:59:02,661] {scheduler_job.py:190} INFO - Processing /home/airflow/.local/lib/python3.6/site-packages/airflow/example_dags/example_branch_python_dop_operator_3.py took 0.094 seconds
[2023-03-20 14:59:33,127] {scheduler_job.py:182} INFO - Started process (PID=253) to work on /home/airflow/.local/lib/python3.6/site-packages/airflow/example_dags/example_branch_python_dop_operator_3.py
[2023-03-20 14:59:33,131] {scheduler_job.py:629} INFO - Processing file /home/airflow/.local/lib/python3.6/site-packages/airflow/example_dags/example_branch_python_dop_operator_3.py for tasks to queue
[2023-03-20 14:59:33,135] {logging_mixin.py:104} INFO - [2023-03-20 14:59:33,134] {dagbag.py:451} INFO - Filling up the DagBag from /home/airflow/.local/lib/python3.6/site-packages/airflow/example_dags/example_branch_python_dop_operator_3.py
[2023-03-20 14:59:33,160] {scheduler_job.py:639} INFO - DAG(s) dict_keys(['example_branch_dop_operator_v3']) retrieved from /home/airflow/.local/lib/python3.6/site-packages/airflow/example_dags/example_branch_python_dop_operator_3.py
[2023-03-20 14:59:33,187] {logging_mixin.py:104} INFO - [2023-03-20 14:59:33,186] {dag.py:1824} INFO - Sync 1 DAGs
[2023-03-20 14:59:33,214] {logging_mixin.py:104} INFO - [2023-03-20 14:59:33,214] {dag.py:2280} INFO - Setting next_dagrun for example_branch_dop_operator_v3 to 2023-03-18 00:00:00+00:00
[2023-03-20 14:59:33,223] {scheduler_job.py:190} INFO - Processing /home/airflow/.local/lib/python3.6/site-packages/airflow/example_dags/example_branch_python_dop_operator_3.py took 0.101 seconds
[2023-03-20 15:00:03,548] {scheduler_job.py:182} INFO - Started process (PID=279) to work on /home/airflow/.local/lib/python3.6/site-packages/airflow/example_dags/example_branch_python_dop_operator_3.py
[2023-03-20 15:00:03,550] {scheduler_job.py:629} INFO - Processing file /home/airflow/.local/lib/python3.6/site-packages/airflow/example_dags/example_branch_python_dop_operator_3.py for tasks to queue
[2023-03-20 15:00:03,551] {logging_mixin.py:104} INFO - [2023-03-20 15:00:03,551] {dagbag.py:451} INFO - Filling up the DagBag from /home/airflow/.local/lib/python3.6/site-packages/airflow/example_dags/example_branch_python_dop_operator_3.py
[2023-03-20 15:00:03,571] {scheduler_job.py:639} INFO - DAG(s) dict_keys(['example_branch_dop_operator_v3']) retrieved from /home/airflow/.local/lib/python3.6/site-packages/airflow/example_dags/example_branch_python_dop_operator_3.py
[2023-03-20 15:00:03,591] {logging_mixin.py:104} INFO - [2023-03-20 15:00:03,591] {dag.py:1824} INFO - Sync 1 DAGs
[2023-03-20 15:00:03,614] {logging_mixin.py:104} INFO - [2023-03-20 15:00:03,614] {dag.py:2280} INFO - Setting next_dagrun for example_branch_dop_operator_v3 to 2023-03-18 00:00:00+00:00
[2023-03-20 15:00:03,622] {scheduler_job.py:190} INFO - Processing /home/airflow/.local/lib/python3.6/site-packages/airflow/example_dags/example_branch_python_dop_operator_3.py took 0.078 seconds
[2023-03-20 15:00:34,116] {scheduler_job.py:182} INFO - Started process (PID=305) to work on /home/airflow/.local/lib/python3.6/site-packages/airflow/example_dags/example_branch_python_dop_operator_3.py
[2023-03-20 15:00:34,117] {scheduler_job.py:629} INFO - Processing file /home/airflow/.local/lib/python3.6/site-packages/airflow/example_dags/example_branch_python_dop_operator_3.py for tasks to queue
[2023-03-20 15:00:34,118] {logging_mixin.py:104} INFO - [2023-03-20 15:00:34,118] {dagbag.py:451} INFO - Filling up the DagBag from /home/airflow/.local/lib/python3.6/site-packages/airflow/example_dags/example_branch_python_dop_operator_3.py
[2023-03-20 15:00:34,136] {scheduler_job.py:639} INFO - DAG(s) dict_keys(['example_branch_dop_operator_v3']) retrieved from /home/airflow/.local/lib/python3.6/site-packages/airflow/example_dags/example_branch_python_dop_operator_3.py
[2023-03-20 15:00:34,155] {logging_mixin.py:104} INFO - [2023-03-20 15:00:34,155] {dag.py:1824} INFO - Sync 1 DAGs
[2023-03-20 15:00:34,177] {logging_mixin.py:104} INFO - [2023-03-20 15:00:34,176] {dag.py:2280} INFO - Setting next_dagrun for example_branch_dop_operator_v3 to 2023-03-18 00:00:00+00:00
[2023-03-20 15:00:34,184] {scheduler_job.py:190} INFO - Processing /home/airflow/.local/lib/python3.6/site-packages/airflow/example_dags/example_branch_python_dop_operator_3.py took 0.071 seconds
[2023-03-20 15:01:04,627] {scheduler_job.py:182} INFO - Started process (PID=331) to work on /home/airflow/.local/lib/python3.6/site-packages/airflow/example_dags/example_branch_python_dop_operator_3.py
[2023-03-20 15:01:04,629] {scheduler_job.py:629} INFO - Processing file /home/airflow/.local/lib/python3.6/site-packages/airflow/example_dags/example_branch_python_dop_operator_3.py for tasks to queue
[2023-03-20 15:01:04,630] {logging_mixin.py:104} INFO - [2023-03-20 15:01:04,630] {dagbag.py:451} INFO - Filling up the DagBag from /home/airflow/.local/lib/python3.6/site-packages/airflow/example_dags/example_branch_python_dop_operator_3.py
[2023-03-20 15:01:04,648] {scheduler_job.py:639} INFO - DAG(s) dict_keys(['example_branch_dop_operator_v3']) retrieved from /home/airflow/.local/lib/python3.6/site-packages/airflow/example_dags/example_branch_python_dop_operator_3.py
[2023-03-20 15:01:04,677] {logging_mixin.py:104} INFO - [2023-03-20 15:01:04,676] {dag.py:1824} INFO - Sync 1 DAGs
[2023-03-20 15:01:04,699] {logging_mixin.py:104} INFO - [2023-03-20 15:01:04,699] {dag.py:2280} INFO - Setting next_dagrun for example_branch_dop_operator_v3 to 2023-03-18 00:00:00+00:00
[2023-03-20 15:01:04,706] {scheduler_job.py:190} INFO - Processing /home/airflow/.local/lib/python3.6/site-packages/airflow/example_dags/example_branch_python_dop_operator_3.py took 0.082 seconds
[2023-03-20 15:01:35,032] {scheduler_job.py:182} INFO - Started process (PID=357) to work on /home/airflow/.local/lib/python3.6/site-packages/airflow/example_dags/example_branch_python_dop_operator_3.py
[2023-03-20 15:01:35,033] {scheduler_job.py:629} INFO - Processing file /home/airflow/.local/lib/python3.6/site-packages/airflow/example_dags/example_branch_python_dop_operator_3.py for tasks to queue
[2023-03-20 15:01:35,034] {logging_mixin.py:104} INFO - [2023-03-20 15:01:35,034] {dagbag.py:451} INFO - Filling up the DagBag from /home/airflow/.local/lib/python3.6/site-packages/airflow/example_dags/example_branch_python_dop_operator_3.py
[2023-03-20 15:01:35,054] {scheduler_job.py:639} INFO - DAG(s) dict_keys(['example_branch_dop_operator_v3']) retrieved from /home/airflow/.local/lib/python3.6/site-packages/airflow/example_dags/example_branch_python_dop_operator_3.py
[2023-03-20 15:01:35,074] {logging_mixin.py:104} INFO - [2023-03-20 15:01:35,074] {dag.py:1824} INFO - Sync 1 DAGs
[2023-03-20 15:01:35,096] {logging_mixin.py:104} INFO - [2023-03-20 15:01:35,096] {dag.py:2280} INFO - Setting next_dagrun for example_branch_dop_operator_v3 to 2023-03-18 00:00:00+00:00
[2023-03-20 15:01:35,103] {scheduler_job.py:190} INFO - Processing /home/airflow/.local/lib/python3.6/site-packages/airflow/example_dags/example_branch_python_dop_operator_3.py took 0.075 seconds
[2023-03-20 15:02:05,487] {scheduler_job.py:182} INFO - Started process (PID=383) to work on /home/airflow/.local/lib/python3.6/site-packages/airflow/example_dags/example_branch_python_dop_operator_3.py
[2023-03-20 15:02:05,488] {scheduler_job.py:629} INFO - Processing file /home/airflow/.local/lib/python3.6/site-packages/airflow/example_dags/example_branch_python_dop_operator_3.py for tasks to queue
[2023-03-20 15:02:05,489] {logging_mixin.py:104} INFO - [2023-03-20 15:02:05,489] {dagbag.py:451} INFO - Filling up the DagBag from /home/airflow/.local/lib/python3.6/site-packages/airflow/example_dags/example_branch_python_dop_operator_3.py
[2023-03-20 15:02:05,507] {scheduler_job.py:639} INFO - DAG(s) dict_keys(['example_branch_dop_operator_v3']) retrieved from /home/airflow/.local/lib/python3.6/site-packages/airflow/example_dags/example_branch_python_dop_operator_3.py
[2023-03-20 15:02:05,526] {logging_mixin.py:104} INFO - [2023-03-20 15:02:05,526] {dag.py:1824} INFO - Sync 1 DAGs
[2023-03-20 15:02:05,548] {logging_mixin.py:104} INFO - [2023-03-20 15:02:05,547] {dag.py:2280} INFO - Setting next_dagrun for example_branch_dop_operator_v3 to 2023-03-18 00:00:00+00:00
[2023-03-20 15:02:05,554] {scheduler_job.py:190} INFO - Processing /home/airflow/.local/lib/python3.6/site-packages/airflow/example_dags/example_branch_python_dop_operator_3.py took 0.071 seconds
[2023-03-20 15:02:35,924] {scheduler_job.py:182} INFO - Started process (PID=409) to work on /home/airflow/.local/lib/python3.6/site-packages/airflow/example_dags/example_branch_python_dop_operator_3.py
[2023-03-20 15:02:35,934] {scheduler_job.py:629} INFO - Processing file /home/airflow/.local/lib/python3.6/site-packages/airflow/example_dags/example_branch_python_dop_operator_3.py for tasks to queue
[2023-03-20 15:02:35,936] {logging_mixin.py:104} INFO - [2023-03-20 15:02:35,936] {dagbag.py:451} INFO - Filling up the DagBag from /home/airflow/.local/lib/python3.6/site-packages/airflow/example_dags/example_branch_python_dop_operator_3.py
[2023-03-20 15:02:35,953] {scheduler_job.py:639} INFO - DAG(s) dict_keys(['example_branch_dop_operator_v3']) retrieved from /home/airflow/.local/lib/python3.6/site-packages/airflow/example_dags/example_branch_python_dop_operator_3.py
[2023-03-20 15:02:35,976] {logging_mixin.py:104} INFO - [2023-03-20 15:02:35,976] {dag.py:1824} INFO - Sync 1 DAGs
[2023-03-20 15:02:36,000] {logging_mixin.py:104} INFO - [2023-03-20 15:02:35,999] {dag.py:2280} INFO - Setting next_dagrun for example_branch_dop_operator_v3 to 2023-03-18 00:00:00+00:00
[2023-03-20 15:02:36,006] {scheduler_job.py:190} INFO - Processing /home/airflow/.local/lib/python3.6/site-packages/airflow/example_dags/example_branch_python_dop_operator_3.py took 0.086 seconds
[2023-03-20 15:03:06,430] {scheduler_job.py:182} INFO - Started process (PID=435) to work on /home/airflow/.local/lib/python3.6/site-packages/airflow/example_dags/example_branch_python_dop_operator_3.py
[2023-03-20 15:03:06,431] {scheduler_job.py:629} INFO - Processing file /home/airflow/.local/lib/python3.6/site-packages/airflow/example_dags/example_branch_python_dop_operator_3.py for tasks to queue
[2023-03-20 15:03:06,433] {logging_mixin.py:104} INFO - [2023-03-20 15:03:06,432] {dagbag.py:451} INFO - Filling up the DagBag from /home/airflow/.local/lib/python3.6/site-packages/airflow/example_dags/example_branch_python_dop_operator_3.py
[2023-03-20 15:03:06,448] {scheduler_job.py:639} INFO - DAG(s) dict_keys(['example_branch_dop_operator_v3']) retrieved from /home/airflow/.local/lib/python3.6/site-packages/airflow/example_dags/example_branch_python_dop_operator_3.py
[2023-03-20 15:03:06,469] {logging_mixin.py:104} INFO - [2023-03-20 15:03:06,469] {dag.py:1824} INFO - Sync 1 DAGs
[2023-03-20 15:03:06,492] {logging_mixin.py:104} INFO - [2023-03-20 15:03:06,492] {dag.py:2280} INFO - Setting next_dagrun for example_branch_dop_operator_v3 to 2023-03-18 00:00:00+00:00
[2023-03-20 15:03:06,499] {scheduler_job.py:190} INFO - Processing /home/airflow/.local/lib/python3.6/site-packages/airflow/example_dags/example_branch_python_dop_operator_3.py took 0.073 seconds
[2023-03-20 15:03:36,991] {scheduler_job.py:182} INFO - Started process (PID=461) to work on /home/airflow/.local/lib/python3.6/site-packages/airflow/example_dags/example_branch_python_dop_operator_3.py
[2023-03-20 15:03:37,003] {scheduler_job.py:629} INFO - Processing file /home/airflow/.local/lib/python3.6/site-packages/airflow/example_dags/example_branch_python_dop_operator_3.py for tasks to queue
[2023-03-20 15:03:37,004] {logging_mixin.py:104} INFO - [2023-03-20 15:03:37,004] {dagbag.py:451} INFO - Filling up the DagBag from /home/airflow/.local/lib/python3.6/site-packages/airflow/example_dags/example_branch_python_dop_operator_3.py
[2023-03-20 15:03:37,019] {scheduler_job.py:639} INFO - DAG(s) dict_keys(['example_branch_dop_operator_v3']) retrieved from /home/airflow/.local/lib/python3.6/site-packages/airflow/example_dags/example_branch_python_dop_operator_3.py
[2023-03-20 15:03:37,040] {logging_mixin.py:104} INFO - [2023-03-20 15:03:37,040] {dag.py:1824} INFO - Sync 1 DAGs
[2023-03-20 15:03:37,063] {logging_mixin.py:104} INFO - [2023-03-20 15:03:37,063] {dag.py:2280} INFO - Setting next_dagrun for example_branch_dop_operator_v3 to 2023-03-18 00:00:00+00:00
[2023-03-20 15:03:37,073] {scheduler_job.py:190} INFO - Processing /home/airflow/.local/lib/python3.6/site-packages/airflow/example_dags/example_branch_python_dop_operator_3.py took 0.085 seconds
[2023-03-20 15:04:07,576] {scheduler_job.py:182} INFO - Started process (PID=487) to work on /home/airflow/.local/lib/python3.6/site-packages/airflow/example_dags/example_branch_python_dop_operator_3.py
[2023-03-20 15:04:07,578] {scheduler_job.py:629} INFO - Processing file /home/airflow/.local/lib/python3.6/site-packages/airflow/example_dags/example_branch_python_dop_operator_3.py for tasks to queue
[2023-03-20 15:04:07,579] {logging_mixin.py:104} INFO - [2023-03-20 15:04:07,578] {dagbag.py:451} INFO - Filling up the DagBag from /home/airflow/.local/lib/python3.6/site-packages/airflow/example_dags/example_branch_python_dop_operator_3.py
[2023-03-20 15:04:07,593] {scheduler_job.py:639} INFO - DAG(s) dict_keys(['example_branch_dop_operator_v3']) retrieved from /home/airflow/.local/lib/python3.6/site-packages/airflow/example_dags/example_branch_python_dop_operator_3.py
[2023-03-20 15:04:07,613] {logging_mixin.py:104} INFO - [2023-03-20 15:04:07,613] {dag.py:1824} INFO - Sync 1 DAGs
[2023-03-20 15:04:07,635] {logging_mixin.py:104} INFO - [2023-03-20 15:04:07,635] {dag.py:2280} INFO - Setting next_dagrun for example_branch_dop_operator_v3 to 2023-03-18 00:00:00+00:00
[2023-03-20 15:04:07,642] {scheduler_job.py:190} INFO - Processing /home/airflow/.local/lib/python3.6/site-packages/airflow/example_dags/example_branch_python_dop_operator_3.py took 0.069 seconds
[2023-03-20 15:04:38,040] {scheduler_job.py:182} INFO - Started process (PID=513) to work on /home/airflow/.local/lib/python3.6/site-packages/airflow/example_dags/example_branch_python_dop_operator_3.py
[2023-03-20 15:04:38,041] {scheduler_job.py:629} INFO - Processing file /home/airflow/.local/lib/python3.6/site-packages/airflow/example_dags/example_branch_python_dop_operator_3.py for tasks to queue
[2023-03-20 15:04:38,043] {logging_mixin.py:104} INFO - [2023-03-20 15:04:38,043] {dagbag.py:451} INFO - Filling up the DagBag from /home/airflow/.local/lib/python3.6/site-packages/airflow/example_dags/example_branch_python_dop_operator_3.py
[2023-03-20 15:04:38,065] {scheduler_job.py:639} INFO - DAG(s) dict_keys(['example_branch_dop_operator_v3']) retrieved from /home/airflow/.local/lib/python3.6/site-packages/airflow/example_dags/example_branch_python_dop_operator_3.py
[2023-03-20 15:04:38,089] {logging_mixin.py:104} INFO - [2023-03-20 15:04:38,089] {dag.py:1824} INFO - Sync 1 DAGs
[2023-03-20 15:04:38,112] {logging_mixin.py:104} INFO - [2023-03-20 15:04:38,112] {dag.py:2280} INFO - Setting next_dagrun for example_branch_dop_operator_v3 to 2023-03-18 00:00:00+00:00
[2023-03-20 15:04:38,119] {scheduler_job.py:190} INFO - Processing /home/airflow/.local/lib/python3.6/site-packages/airflow/example_dags/example_branch_python_dop_operator_3.py took 0.082 seconds
[2023-03-20 15:05:08,652] {scheduler_job.py:182} INFO - Started process (PID=539) to work on /home/airflow/.local/lib/python3.6/site-packages/airflow/example_dags/example_branch_python_dop_operator_3.py
[2023-03-20 15:05:08,654] {scheduler_job.py:629} INFO - Processing file /home/airflow/.local/lib/python3.6/site-packages/airflow/example_dags/example_branch_python_dop_operator_3.py for tasks to queue
[2023-03-20 15:05:08,655] {logging_mixin.py:104} INFO - [2023-03-20 15:05:08,655] {dagbag.py:451} INFO - Filling up the DagBag from /home/airflow/.local/lib/python3.6/site-packages/airflow/example_dags/example_branch_python_dop_operator_3.py
[2023-03-20 15:05:08,669] {scheduler_job.py:639} INFO - DAG(s) dict_keys(['example_branch_dop_operator_v3']) retrieved from /home/airflow/.local/lib/python3.6/site-packages/airflow/example_dags/example_branch_python_dop_operator_3.py
[2023-03-20 15:05:08,689] {logging_mixin.py:104} INFO - [2023-03-20 15:05:08,689] {dag.py:1824} INFO - Sync 1 DAGs
[2023-03-20 15:05:08,710] {logging_mixin.py:104} INFO - [2023-03-20 15:05:08,710] {dag.py:2280} INFO - Setting next_dagrun for example_branch_dop_operator_v3 to 2023-03-18 00:00:00+00:00
[2023-03-20 15:05:08,717] {scheduler_job.py:190} INFO - Processing /home/airflow/.local/lib/python3.6/site-packages/airflow/example_dags/example_branch_python_dop_operator_3.py took 0.068 seconds
[2023-03-20 15:05:39,210] {scheduler_job.py:182} INFO - Started process (PID=565) to work on /home/airflow/.local/lib/python3.6/site-packages/airflow/example_dags/example_branch_python_dop_operator_3.py
[2023-03-20 15:05:39,213] {scheduler_job.py:629} INFO - Processing file /home/airflow/.local/lib/python3.6/site-packages/airflow/example_dags/example_branch_python_dop_operator_3.py for tasks to queue
[2023-03-20 15:05:39,214] {logging_mixin.py:104} INFO - [2023-03-20 15:05:39,214] {dagbag.py:451} INFO - Filling up the DagBag from /home/airflow/.local/lib/python3.6/site-packages/airflow/example_dags/example_branch_python_dop_operator_3.py
[2023-03-20 15:05:39,234] {scheduler_job.py:639} INFO - DAG(s) dict_keys(['example_branch_dop_operator_v3']) retrieved from /home/airflow/.local/lib/python3.6/site-packages/airflow/example_dags/example_branch_python_dop_operator_3.py
[2023-03-20 15:05:39,257] {logging_mixin.py:104} INFO - [2023-03-20 15:05:39,257] {dag.py:1824} INFO - Sync 1 DAGs
[2023-03-20 15:05:39,293] {logging_mixin.py:104} INFO - [2023-03-20 15:05:39,293] {dag.py:2280} INFO - Setting next_dagrun for example_branch_dop_operator_v3 to 2023-03-18 00:00:00+00:00
[2023-03-20 15:05:39,301] {scheduler_job.py:190} INFO - Processing /home/airflow/.local/lib/python3.6/site-packages/airflow/example_dags/example_branch_python_dop_operator_3.py took 0.094 seconds
[2023-03-20 15:06:09,840] {scheduler_job.py:182} INFO - Started process (PID=591) to work on /home/airflow/.local/lib/python3.6/site-packages/airflow/example_dags/example_branch_python_dop_operator_3.py
[2023-03-20 15:06:09,844] {scheduler_job.py:629} INFO - Processing file /home/airflow/.local/lib/python3.6/site-packages/airflow/example_dags/example_branch_python_dop_operator_3.py for tasks to queue
[2023-03-20 15:06:09,847] {logging_mixin.py:104} INFO - [2023-03-20 15:06:09,847] {dagbag.py:451} INFO - Filling up the DagBag from /home/airflow/.local/lib/python3.6/site-packages/airflow/example_dags/example_branch_python_dop_operator_3.py
[2023-03-20 15:06:09,875] {scheduler_job.py:639} INFO - DAG(s) dict_keys(['example_branch_dop_operator_v3']) retrieved from /home/airflow/.local/lib/python3.6/site-packages/airflow/example_dags/example_branch_python_dop_operator_3.py
[2023-03-20 15:06:09,904] {logging_mixin.py:104} INFO - [2023-03-20 15:06:09,904] {dag.py:1824} INFO - Sync 1 DAGs
[2023-03-20 15:06:09,928] {logging_mixin.py:104} INFO - [2023-03-20 15:06:09,927] {dag.py:2280} INFO - Setting next_dagrun for example_branch_dop_operator_v3 to 2023-03-18 00:00:00+00:00
[2023-03-20 15:06:09,936] {scheduler_job.py:190} INFO - Processing /home/airflow/.local/lib/python3.6/site-packages/airflow/example_dags/example_branch_python_dop_operator_3.py took 0.103 seconds
[2023-03-20 15:06:40,465] {scheduler_job.py:182} INFO - Started process (PID=617) to work on /home/airflow/.local/lib/python3.6/site-packages/airflow/example_dags/example_branch_python_dop_operator_3.py
[2023-03-20 15:06:40,467] {scheduler_job.py:629} INFO - Processing file /home/airflow/.local/lib/python3.6/site-packages/airflow/example_dags/example_branch_python_dop_operator_3.py for tasks to queue
[2023-03-20 15:06:40,468] {logging_mixin.py:104} INFO - [2023-03-20 15:06:40,468] {dagbag.py:451} INFO - Filling up the DagBag from /home/airflow/.local/lib/python3.6/site-packages/airflow/example_dags/example_branch_python_dop_operator_3.py
[2023-03-20 15:06:40,482] {scheduler_job.py:639} INFO - DAG(s) dict_keys(['example_branch_dop_operator_v3']) retrieved from /home/airflow/.local/lib/python3.6/site-packages/airflow/example_dags/example_branch_python_dop_operator_3.py
[2023-03-20 15:06:40,502] {logging_mixin.py:104} INFO - [2023-03-20 15:06:40,502] {dag.py:1824} INFO - Sync 1 DAGs
[2023-03-20 15:06:40,524] {logging_mixin.py:104} INFO - [2023-03-20 15:06:40,524] {dag.py:2280} INFO - Setting next_dagrun for example_branch_dop_operator_v3 to 2023-03-18 00:00:00+00:00
[2023-03-20 15:06:40,531] {scheduler_job.py:190} INFO - Processing /home/airflow/.local/lib/python3.6/site-packages/airflow/example_dags/example_branch_python_dop_operator_3.py took 0.068 seconds
[2023-03-20 15:07:11,229] {scheduler_job.py:182} INFO - Started process (PID=643) to work on /home/airflow/.local/lib/python3.6/site-packages/airflow/example_dags/example_branch_python_dop_operator_3.py
[2023-03-20 15:07:11,230] {scheduler_job.py:629} INFO - Processing file /home/airflow/.local/lib/python3.6/site-packages/airflow/example_dags/example_branch_python_dop_operator_3.py for tasks to queue
[2023-03-20 15:07:11,231] {logging_mixin.py:104} INFO - [2023-03-20 15:07:11,231] {dagbag.py:451} INFO - Filling up the DagBag from /home/airflow/.local/lib/python3.6/site-packages/airflow/example_dags/example_branch_python_dop_operator_3.py
[2023-03-20 15:07:11,245] {scheduler_job.py:639} INFO - DAG(s) dict_keys(['example_branch_dop_operator_v3']) retrieved from /home/airflow/.local/lib/python3.6/site-packages/airflow/example_dags/example_branch_python_dop_operator_3.py
[2023-03-20 15:07:11,266] {logging_mixin.py:104} INFO - [2023-03-20 15:07:11,266] {dag.py:1824} INFO - Sync 1 DAGs
[2023-03-20 15:07:11,288] {logging_mixin.py:104} INFO - [2023-03-20 15:07:11,288] {dag.py:2280} INFO - Setting next_dagrun for example_branch_dop_operator_v3 to 2023-03-18 00:00:00+00:00
[2023-03-20 15:07:11,295] {scheduler_job.py:190} INFO - Processing /home/airflow/.local/lib/python3.6/site-packages/airflow/example_dags/example_branch_python_dop_operator_3.py took 0.069 seconds
[2023-03-20 15:07:42,171] {scheduler_job.py:182} INFO - Started process (PID=669) to work on /home/airflow/.local/lib/python3.6/site-packages/airflow/example_dags/example_branch_python_dop_operator_3.py
[2023-03-20 15:07:42,173] {scheduler_job.py:629} INFO - Processing file /home/airflow/.local/lib/python3.6/site-packages/airflow/example_dags/example_branch_python_dop_operator_3.py for tasks to queue
[2023-03-20 15:07:42,175] {logging_mixin.py:104} INFO - [2023-03-20 15:07:42,175] {dagbag.py:451} INFO - Filling up the DagBag from /home/airflow/.local/lib/python3.6/site-packages/airflow/example_dags/example_branch_python_dop_operator_3.py
[2023-03-20 15:07:42,189] {scheduler_job.py:639} INFO - DAG(s) dict_keys(['example_branch_dop_operator_v3']) retrieved from /home/airflow/.local/lib/python3.6/site-packages/airflow/example_dags/example_branch_python_dop_operator_3.py
[2023-03-20 15:07:42,209] {logging_mixin.py:104} INFO - [2023-03-20 15:07:42,209] {dag.py:1824} INFO - Sync 1 DAGs
[2023-03-20 15:07:42,232] {logging_mixin.py:104} INFO - [2023-03-20 15:07:42,232] {dag.py:2280} INFO - Setting next_dagrun for example_branch_dop_operator_v3 to 2023-03-18 00:00:00+00:00
[2023-03-20 15:07:42,239] {scheduler_job.py:190} INFO - Processing /home/airflow/.local/lib/python3.6/site-packages/airflow/example_dags/example_branch_python_dop_operator_3.py took 0.073 seconds
[2023-03-20 15:08:12,894] {scheduler_job.py:182} INFO - Started process (PID=695) to work on /home/airflow/.local/lib/python3.6/site-packages/airflow/example_dags/example_branch_python_dop_operator_3.py
[2023-03-20 15:08:12,898] {scheduler_job.py:629} INFO - Processing file /home/airflow/.local/lib/python3.6/site-packages/airflow/example_dags/example_branch_python_dop_operator_3.py for tasks to queue
[2023-03-20 15:08:12,900] {logging_mixin.py:104} INFO - [2023-03-20 15:08:12,900] {dagbag.py:451} INFO - Filling up the DagBag from /home/airflow/.local/lib/python3.6/site-packages/airflow/example_dags/example_branch_python_dop_operator_3.py
[2023-03-20 15:08:12,916] {scheduler_job.py:639} INFO - DAG(s) dict_keys(['example_branch_dop_operator_v3']) retrieved from /home/airflow/.local/lib/python3.6/site-packages/airflow/example_dags/example_branch_python_dop_operator_3.py
[2023-03-20 15:08:12,940] {logging_mixin.py:104} INFO - [2023-03-20 15:08:12,939] {dag.py:1824} INFO - Sync 1 DAGs
[2023-03-20 15:08:12,964] {logging_mixin.py:104} INFO - [2023-03-20 15:08:12,964] {dag.py:2280} INFO - Setting next_dagrun for example_branch_dop_operator_v3 to 2023-03-18 00:00:00+00:00
[2023-03-20 15:08:12,973] {scheduler_job.py:190} INFO - Processing /home/airflow/.local/lib/python3.6/site-packages/airflow/example_dags/example_branch_python_dop_operator_3.py took 0.083 seconds
[2023-03-20 15:08:43,629] {scheduler_job.py:182} INFO - Started process (PID=721) to work on /home/airflow/.local/lib/python3.6/site-packages/airflow/example_dags/example_branch_python_dop_operator_3.py
[2023-03-20 15:08:43,631] {scheduler_job.py:629} INFO - Processing file /home/airflow/.local/lib/python3.6/site-packages/airflow/example_dags/example_branch_python_dop_operator_3.py for tasks to queue
[2023-03-20 15:08:43,632] {logging_mixin.py:104} INFO - [2023-03-20 15:08:43,632] {dagbag.py:451} INFO - Filling up the DagBag from /home/airflow/.local/lib/python3.6/site-packages/airflow/example_dags/example_branch_python_dop_operator_3.py
[2023-03-20 15:08:43,650] {scheduler_job.py:639} INFO - DAG(s) dict_keys(['example_branch_dop_operator_v3']) retrieved from /home/airflow/.local/lib/python3.6/site-packages/airflow/example_dags/example_branch_python_dop_operator_3.py
[2023-03-20 15:08:43,674] {logging_mixin.py:104} INFO - [2023-03-20 15:08:43,674] {dag.py:1824} INFO - Sync 1 DAGs
[2023-03-20 15:08:43,704] {logging_mixin.py:104} INFO - [2023-03-20 15:08:43,703] {dag.py:2280} INFO - Setting next_dagrun for example_branch_dop_operator_v3 to 2023-03-18 00:00:00+00:00
[2023-03-20 15:08:43,713] {scheduler_job.py:190} INFO - Processing /home/airflow/.local/lib/python3.6/site-packages/airflow/example_dags/example_branch_python_dop_operator_3.py took 0.086 seconds
[2023-03-20 15:09:14,416] {scheduler_job.py:182} INFO - Started process (PID=747) to work on /home/airflow/.local/lib/python3.6/site-packages/airflow/example_dags/example_branch_python_dop_operator_3.py
[2023-03-20 15:09:14,418] {scheduler_job.py:629} INFO - Processing file /home/airflow/.local/lib/python3.6/site-packages/airflow/example_dags/example_branch_python_dop_operator_3.py for tasks to queue
[2023-03-20 15:09:14,421] {logging_mixin.py:104} INFO - [2023-03-20 15:09:14,420] {dagbag.py:451} INFO - Filling up the DagBag from /home/airflow/.local/lib/python3.6/site-packages/airflow/example_dags/example_branch_python_dop_operator_3.py
[2023-03-20 15:09:14,438] {scheduler_job.py:639} INFO - DAG(s) dict_keys(['example_branch_dop_operator_v3']) retrieved from /home/airflow/.local/lib/python3.6/site-packages/airflow/example_dags/example_branch_python_dop_operator_3.py
[2023-03-20 15:09:14,477] {logging_mixin.py:104} INFO - [2023-03-20 15:09:14,477] {dag.py:1824} INFO - Sync 1 DAGs
[2023-03-20 15:09:14,512] {logging_mixin.py:104} INFO - [2023-03-20 15:09:14,511] {dag.py:2280} INFO - Setting next_dagrun for example_branch_dop_operator_v3 to 2023-03-18 00:00:00+00:00
[2023-03-20 15:09:14,523] {scheduler_job.py:190} INFO - Processing /home/airflow/.local/lib/python3.6/site-packages/airflow/example_dags/example_branch_python_dop_operator_3.py took 0.111 seconds
