[2023-03-20T11:13:32.469+0000] {processor.py:153} INFO - Started process (PID=59) to work on /home/airflow/.local/lib/python3.7/site-packages/airflow/example_dags/example_skip_dag.py
[2023-03-20T11:13:32.471+0000] {processor.py:743} INFO - Processing file /home/airflow/.local/lib/python3.7/site-packages/airflow/example_dags/example_skip_dag.py for tasks to queue
[2023-03-20T11:13:32.473+0000] {logging_mixin.py:137} INFO - [2023-03-20T11:13:32.473+0000] {dagbag.py:532} INFO - Filling up the DagBag from /home/airflow/.local/lib/python3.7/site-packages/airflow/example_dags/example_skip_dag.py
[2023-03-20T11:13:32.493+0000] {processor.py:753} INFO - DAG(s) dict_keys(['example_skip_dag']) retrieved from /home/airflow/.local/lib/python3.7/site-packages/airflow/example_dags/example_skip_dag.py
[2023-03-20T11:13:32.512+0000] {logging_mixin.py:137} INFO - [2023-03-20T11:13:32.512+0000] {dag.py:2693} INFO - Sync 1 DAGs
[2023-03-20T11:13:32.554+0000] {logging_mixin.py:137} INFO - [2023-03-20T11:13:32.554+0000] {dag.py:3444} INFO - Setting next_dagrun for example_skip_dag to 2023-03-19T11:13:32.554108+00:00, run_after=2023-03-20T11:13:32.554108+00:00
[2023-03-20T11:13:32.576+0000] {processor.py:175} INFO - Processing /home/airflow/.local/lib/python3.7/site-packages/airflow/example_dags/example_skip_dag.py took 0.111 seconds
[2023-03-20T11:14:03.126+0000] {processor.py:153} INFO - Started process (PID=108) to work on /home/airflow/.local/lib/python3.7/site-packages/airflow/example_dags/example_skip_dag.py
[2023-03-20T11:14:03.128+0000] {processor.py:743} INFO - Processing file /home/airflow/.local/lib/python3.7/site-packages/airflow/example_dags/example_skip_dag.py for tasks to queue
[2023-03-20T11:14:03.130+0000] {logging_mixin.py:137} INFO - [2023-03-20T11:14:03.130+0000] {dagbag.py:532} INFO - Filling up the DagBag from /home/airflow/.local/lib/python3.7/site-packages/airflow/example_dags/example_skip_dag.py
[2023-03-20T11:14:03.145+0000] {processor.py:753} INFO - DAG(s) dict_keys(['example_skip_dag']) retrieved from /home/airflow/.local/lib/python3.7/site-packages/airflow/example_dags/example_skip_dag.py
[2023-03-20T11:14:03.175+0000] {logging_mixin.py:137} INFO - [2023-03-20T11:14:03.175+0000] {dag.py:2693} INFO - Sync 1 DAGs
[2023-03-20T11:14:03.207+0000] {logging_mixin.py:137} INFO - [2023-03-20T11:14:03.206+0000] {dag.py:3444} INFO - Setting next_dagrun for example_skip_dag to 2023-03-19T11:14:03.206572+00:00, run_after=2023-03-20T11:14:03.206572+00:00
[2023-03-20T11:14:03.222+0000] {processor.py:175} INFO - Processing /home/airflow/.local/lib/python3.7/site-packages/airflow/example_dags/example_skip_dag.py took 0.101 seconds
[2023-03-20T11:14:33.308+0000] {processor.py:153} INFO - Started process (PID=158) to work on /home/airflow/.local/lib/python3.7/site-packages/airflow/example_dags/example_skip_dag.py
[2023-03-20T11:14:33.309+0000] {processor.py:743} INFO - Processing file /home/airflow/.local/lib/python3.7/site-packages/airflow/example_dags/example_skip_dag.py for tasks to queue
[2023-03-20T11:14:33.310+0000] {logging_mixin.py:137} INFO - [2023-03-20T11:14:33.310+0000] {dagbag.py:532} INFO - Filling up the DagBag from /home/airflow/.local/lib/python3.7/site-packages/airflow/example_dags/example_skip_dag.py
[2023-03-20T11:14:33.320+0000] {processor.py:753} INFO - DAG(s) dict_keys(['example_skip_dag']) retrieved from /home/airflow/.local/lib/python3.7/site-packages/airflow/example_dags/example_skip_dag.py
[2023-03-20T11:14:33.333+0000] {logging_mixin.py:137} INFO - [2023-03-20T11:14:33.332+0000] {dag.py:2693} INFO - Sync 1 DAGs
[2023-03-20T11:14:33.348+0000] {logging_mixin.py:137} INFO - [2023-03-20T11:14:33.348+0000] {dag.py:3444} INFO - Setting next_dagrun for example_skip_dag to 2023-03-19T11:14:33.348632+00:00, run_after=2023-03-20T11:14:33.348632+00:00
[2023-03-20T11:14:33.359+0000] {processor.py:175} INFO - Processing /home/airflow/.local/lib/python3.7/site-packages/airflow/example_dags/example_skip_dag.py took 0.054 seconds
[2023-03-20T11:15:04.173+0000] {processor.py:153} INFO - Started process (PID=207) to work on /home/airflow/.local/lib/python3.7/site-packages/airflow/example_dags/example_skip_dag.py
[2023-03-20T11:15:04.176+0000] {processor.py:743} INFO - Processing file /home/airflow/.local/lib/python3.7/site-packages/airflow/example_dags/example_skip_dag.py for tasks to queue
[2023-03-20T11:15:04.178+0000] {logging_mixin.py:137} INFO - [2023-03-20T11:15:04.177+0000] {dagbag.py:532} INFO - Filling up the DagBag from /home/airflow/.local/lib/python3.7/site-packages/airflow/example_dags/example_skip_dag.py
[2023-03-20T11:15:04.197+0000] {processor.py:753} INFO - DAG(s) dict_keys(['example_skip_dag']) retrieved from /home/airflow/.local/lib/python3.7/site-packages/airflow/example_dags/example_skip_dag.py
[2023-03-20T11:15:04.251+0000] {logging_mixin.py:137} INFO - [2023-03-20T11:15:04.251+0000] {dag.py:2693} INFO - Sync 1 DAGs
[2023-03-20T11:15:04.273+0000] {logging_mixin.py:137} INFO - [2023-03-20T11:15:04.273+0000] {dag.py:3444} INFO - Setting next_dagrun for example_skip_dag to 2023-03-19T11:15:04.273537+00:00, run_after=2023-03-20T11:15:04.273537+00:00
[2023-03-20T11:15:04.290+0000] {processor.py:175} INFO - Processing /home/airflow/.local/lib/python3.7/site-packages/airflow/example_dags/example_skip_dag.py took 0.121 seconds
[2023-03-20T11:15:34.897+0000] {processor.py:153} INFO - Started process (PID=256) to work on /home/airflow/.local/lib/python3.7/site-packages/airflow/example_dags/example_skip_dag.py
[2023-03-20T11:15:34.899+0000] {processor.py:743} INFO - Processing file /home/airflow/.local/lib/python3.7/site-packages/airflow/example_dags/example_skip_dag.py for tasks to queue
[2023-03-20T11:15:34.900+0000] {logging_mixin.py:137} INFO - [2023-03-20T11:15:34.900+0000] {dagbag.py:532} INFO - Filling up the DagBag from /home/airflow/.local/lib/python3.7/site-packages/airflow/example_dags/example_skip_dag.py
[2023-03-20T11:15:34.911+0000] {processor.py:753} INFO - DAG(s) dict_keys(['example_skip_dag']) retrieved from /home/airflow/.local/lib/python3.7/site-packages/airflow/example_dags/example_skip_dag.py
[2023-03-20T11:15:34.932+0000] {logging_mixin.py:137} INFO - [2023-03-20T11:15:34.932+0000] {dag.py:2693} INFO - Sync 1 DAGs
[2023-03-20T11:15:34.948+0000] {logging_mixin.py:137} INFO - [2023-03-20T11:15:34.948+0000] {dag.py:3444} INFO - Setting next_dagrun for example_skip_dag to 2023-03-19T11:15:34.947991+00:00, run_after=2023-03-20T11:15:34.947991+00:00
[2023-03-20T11:15:34.962+0000] {processor.py:175} INFO - Processing /home/airflow/.local/lib/python3.7/site-packages/airflow/example_dags/example_skip_dag.py took 0.068 seconds
[2023-03-20T11:16:05.337+0000] {processor.py:153} INFO - Started process (PID=305) to work on /home/airflow/.local/lib/python3.7/site-packages/airflow/example_dags/example_skip_dag.py
[2023-03-20T11:16:05.338+0000] {processor.py:743} INFO - Processing file /home/airflow/.local/lib/python3.7/site-packages/airflow/example_dags/example_skip_dag.py for tasks to queue
[2023-03-20T11:16:05.339+0000] {logging_mixin.py:137} INFO - [2023-03-20T11:16:05.339+0000] {dagbag.py:532} INFO - Filling up the DagBag from /home/airflow/.local/lib/python3.7/site-packages/airflow/example_dags/example_skip_dag.py
[2023-03-20T11:16:05.350+0000] {processor.py:753} INFO - DAG(s) dict_keys(['example_skip_dag']) retrieved from /home/airflow/.local/lib/python3.7/site-packages/airflow/example_dags/example_skip_dag.py
[2023-03-20T11:16:05.378+0000] {logging_mixin.py:137} INFO - [2023-03-20T11:16:05.378+0000] {dag.py:2693} INFO - Sync 1 DAGs
[2023-03-20T11:16:05.394+0000] {logging_mixin.py:137} INFO - [2023-03-20T11:16:05.394+0000] {dag.py:3444} INFO - Setting next_dagrun for example_skip_dag to 2023-03-19T11:16:05.394597+00:00, run_after=2023-03-20T11:16:05.394597+00:00
[2023-03-20T11:16:05.406+0000] {processor.py:175} INFO - Processing /home/airflow/.local/lib/python3.7/site-packages/airflow/example_dags/example_skip_dag.py took 0.072 seconds
[2023-03-20T11:16:35.805+0000] {processor.py:153} INFO - Started process (PID=354) to work on /home/airflow/.local/lib/python3.7/site-packages/airflow/example_dags/example_skip_dag.py
[2023-03-20T11:16:35.807+0000] {processor.py:743} INFO - Processing file /home/airflow/.local/lib/python3.7/site-packages/airflow/example_dags/example_skip_dag.py for tasks to queue
[2023-03-20T11:16:35.808+0000] {logging_mixin.py:137} INFO - [2023-03-20T11:16:35.808+0000] {dagbag.py:532} INFO - Filling up the DagBag from /home/airflow/.local/lib/python3.7/site-packages/airflow/example_dags/example_skip_dag.py
[2023-03-20T11:16:35.818+0000] {processor.py:753} INFO - DAG(s) dict_keys(['example_skip_dag']) retrieved from /home/airflow/.local/lib/python3.7/site-packages/airflow/example_dags/example_skip_dag.py
[2023-03-20T11:16:35.842+0000] {logging_mixin.py:137} INFO - [2023-03-20T11:16:35.842+0000] {dag.py:2693} INFO - Sync 1 DAGs
[2023-03-20T11:16:35.862+0000] {logging_mixin.py:137} INFO - [2023-03-20T11:16:35.862+0000] {dag.py:3444} INFO - Setting next_dagrun for example_skip_dag to 2023-03-19T11:16:35.862049+00:00, run_after=2023-03-20T11:16:35.862049+00:00
[2023-03-20T11:16:35.878+0000] {processor.py:175} INFO - Processing /home/airflow/.local/lib/python3.7/site-packages/airflow/example_dags/example_skip_dag.py took 0.075 seconds
[2023-03-20T11:17:06.430+0000] {processor.py:153} INFO - Started process (PID=403) to work on /home/airflow/.local/lib/python3.7/site-packages/airflow/example_dags/example_skip_dag.py
[2023-03-20T11:17:06.432+0000] {processor.py:743} INFO - Processing file /home/airflow/.local/lib/python3.7/site-packages/airflow/example_dags/example_skip_dag.py for tasks to queue
[2023-03-20T11:17:06.433+0000] {logging_mixin.py:137} INFO - [2023-03-20T11:17:06.433+0000] {dagbag.py:532} INFO - Filling up the DagBag from /home/airflow/.local/lib/python3.7/site-packages/airflow/example_dags/example_skip_dag.py
[2023-03-20T11:17:06.446+0000] {processor.py:753} INFO - DAG(s) dict_keys(['example_skip_dag']) retrieved from /home/airflow/.local/lib/python3.7/site-packages/airflow/example_dags/example_skip_dag.py
[2023-03-20T11:17:06.475+0000] {logging_mixin.py:137} INFO - [2023-03-20T11:17:06.475+0000] {dag.py:2693} INFO - Sync 1 DAGs
[2023-03-20T11:17:06.503+0000] {logging_mixin.py:137} INFO - [2023-03-20T11:17:06.503+0000] {dag.py:3444} INFO - Setting next_dagrun for example_skip_dag to 2023-03-19T11:17:06.503252+00:00, run_after=2023-03-20T11:17:06.503252+00:00
[2023-03-20T11:17:06.521+0000] {processor.py:175} INFO - Processing /home/airflow/.local/lib/python3.7/site-packages/airflow/example_dags/example_skip_dag.py took 0.094 seconds
[2023-03-20T11:17:37.173+0000] {processor.py:153} INFO - Started process (PID=452) to work on /home/airflow/.local/lib/python3.7/site-packages/airflow/example_dags/example_skip_dag.py
[2023-03-20T11:17:37.175+0000] {processor.py:743} INFO - Processing file /home/airflow/.local/lib/python3.7/site-packages/airflow/example_dags/example_skip_dag.py for tasks to queue
[2023-03-20T11:17:37.176+0000] {logging_mixin.py:137} INFO - [2023-03-20T11:17:37.176+0000] {dagbag.py:532} INFO - Filling up the DagBag from /home/airflow/.local/lib/python3.7/site-packages/airflow/example_dags/example_skip_dag.py
[2023-03-20T11:17:37.187+0000] {processor.py:753} INFO - DAG(s) dict_keys(['example_skip_dag']) retrieved from /home/airflow/.local/lib/python3.7/site-packages/airflow/example_dags/example_skip_dag.py
[2023-03-20T11:17:37.211+0000] {logging_mixin.py:137} INFO - [2023-03-20T11:17:37.211+0000] {dag.py:2693} INFO - Sync 1 DAGs
[2023-03-20T11:17:37.236+0000] {logging_mixin.py:137} INFO - [2023-03-20T11:17:37.236+0000] {dag.py:3444} INFO - Setting next_dagrun for example_skip_dag to 2023-03-19T11:17:37.235766+00:00, run_after=2023-03-20T11:17:37.235766+00:00
[2023-03-20T11:17:37.251+0000] {processor.py:175} INFO - Processing /home/airflow/.local/lib/python3.7/site-packages/airflow/example_dags/example_skip_dag.py took 0.080 seconds
[2023-03-20T11:18:07.609+0000] {processor.py:153} INFO - Started process (PID=501) to work on /home/airflow/.local/lib/python3.7/site-packages/airflow/example_dags/example_skip_dag.py
[2023-03-20T11:18:07.610+0000] {processor.py:743} INFO - Processing file /home/airflow/.local/lib/python3.7/site-packages/airflow/example_dags/example_skip_dag.py for tasks to queue
[2023-03-20T11:18:07.612+0000] {logging_mixin.py:137} INFO - [2023-03-20T11:18:07.611+0000] {dagbag.py:532} INFO - Filling up the DagBag from /home/airflow/.local/lib/python3.7/site-packages/airflow/example_dags/example_skip_dag.py
[2023-03-20T11:18:07.622+0000] {processor.py:753} INFO - DAG(s) dict_keys(['example_skip_dag']) retrieved from /home/airflow/.local/lib/python3.7/site-packages/airflow/example_dags/example_skip_dag.py
[2023-03-20T11:18:07.643+0000] {logging_mixin.py:137} INFO - [2023-03-20T11:18:07.643+0000] {dag.py:2693} INFO - Sync 1 DAGs
[2023-03-20T11:18:07.659+0000] {logging_mixin.py:137} INFO - [2023-03-20T11:18:07.659+0000] {dag.py:3444} INFO - Setting next_dagrun for example_skip_dag to 2023-03-19T11:18:07.658994+00:00, run_after=2023-03-20T11:18:07.658994+00:00
[2023-03-20T11:18:07.671+0000] {processor.py:175} INFO - Processing /home/airflow/.local/lib/python3.7/site-packages/airflow/example_dags/example_skip_dag.py took 0.065 seconds
[2023-03-20T11:18:38.437+0000] {processor.py:153} INFO - Started process (PID=550) to work on /home/airflow/.local/lib/python3.7/site-packages/airflow/example_dags/example_skip_dag.py
[2023-03-20T11:18:38.439+0000] {processor.py:743} INFO - Processing file /home/airflow/.local/lib/python3.7/site-packages/airflow/example_dags/example_skip_dag.py for tasks to queue
[2023-03-20T11:18:38.439+0000] {logging_mixin.py:137} INFO - [2023-03-20T11:18:38.439+0000] {dagbag.py:532} INFO - Filling up the DagBag from /home/airflow/.local/lib/python3.7/site-packages/airflow/example_dags/example_skip_dag.py
[2023-03-20T11:18:38.450+0000] {processor.py:753} INFO - DAG(s) dict_keys(['example_skip_dag']) retrieved from /home/airflow/.local/lib/python3.7/site-packages/airflow/example_dags/example_skip_dag.py
[2023-03-20T11:18:38.470+0000] {logging_mixin.py:137} INFO - [2023-03-20T11:18:38.470+0000] {dag.py:2693} INFO - Sync 1 DAGs
[2023-03-20T11:18:38.487+0000] {logging_mixin.py:137} INFO - [2023-03-20T11:18:38.487+0000] {dag.py:3444} INFO - Setting next_dagrun for example_skip_dag to 2023-03-19T11:18:38.487004+00:00, run_after=2023-03-20T11:18:38.487004+00:00
[2023-03-20T11:18:38.498+0000] {processor.py:175} INFO - Processing /home/airflow/.local/lib/python3.7/site-packages/airflow/example_dags/example_skip_dag.py took 0.063 seconds
[2023-03-20T11:19:08.845+0000] {processor.py:153} INFO - Started process (PID=599) to work on /home/airflow/.local/lib/python3.7/site-packages/airflow/example_dags/example_skip_dag.py
[2023-03-20T11:19:08.846+0000] {processor.py:743} INFO - Processing file /home/airflow/.local/lib/python3.7/site-packages/airflow/example_dags/example_skip_dag.py for tasks to queue
[2023-03-20T11:19:08.847+0000] {logging_mixin.py:137} INFO - [2023-03-20T11:19:08.847+0000] {dagbag.py:532} INFO - Filling up the DagBag from /home/airflow/.local/lib/python3.7/site-packages/airflow/example_dags/example_skip_dag.py
[2023-03-20T11:19:08.858+0000] {processor.py:753} INFO - DAG(s) dict_keys(['example_skip_dag']) retrieved from /home/airflow/.local/lib/python3.7/site-packages/airflow/example_dags/example_skip_dag.py
[2023-03-20T11:19:08.880+0000] {logging_mixin.py:137} INFO - [2023-03-20T11:19:08.880+0000] {dag.py:2693} INFO - Sync 1 DAGs
[2023-03-20T11:19:08.896+0000] {logging_mixin.py:137} INFO - [2023-03-20T11:19:08.896+0000] {dag.py:3444} INFO - Setting next_dagrun for example_skip_dag to 2023-03-19T11:19:08.896656+00:00, run_after=2023-03-20T11:19:08.896656+00:00
[2023-03-20T11:19:08.908+0000] {processor.py:175} INFO - Processing /home/airflow/.local/lib/python3.7/site-packages/airflow/example_dags/example_skip_dag.py took 0.066 seconds
[2023-03-20T11:19:39.205+0000] {processor.py:153} INFO - Started process (PID=648) to work on /home/airflow/.local/lib/python3.7/site-packages/airflow/example_dags/example_skip_dag.py
[2023-03-20T11:19:39.206+0000] {processor.py:743} INFO - Processing file /home/airflow/.local/lib/python3.7/site-packages/airflow/example_dags/example_skip_dag.py for tasks to queue
[2023-03-20T11:19:39.208+0000] {logging_mixin.py:137} INFO - [2023-03-20T11:19:39.207+0000] {dagbag.py:532} INFO - Filling up the DagBag from /home/airflow/.local/lib/python3.7/site-packages/airflow/example_dags/example_skip_dag.py
[2023-03-20T11:19:39.218+0000] {processor.py:753} INFO - DAG(s) dict_keys(['example_skip_dag']) retrieved from /home/airflow/.local/lib/python3.7/site-packages/airflow/example_dags/example_skip_dag.py
[2023-03-20T11:19:39.240+0000] {logging_mixin.py:137} INFO - [2023-03-20T11:19:39.240+0000] {dag.py:2693} INFO - Sync 1 DAGs
[2023-03-20T11:19:39.256+0000] {logging_mixin.py:137} INFO - [2023-03-20T11:19:39.256+0000] {dag.py:3444} INFO - Setting next_dagrun for example_skip_dag to 2023-03-19T11:19:39.256250+00:00, run_after=2023-03-20T11:19:39.256250+00:00
[2023-03-20T11:19:39.267+0000] {processor.py:175} INFO - Processing /home/airflow/.local/lib/python3.7/site-packages/airflow/example_dags/example_skip_dag.py took 0.065 seconds
[2023-03-20T11:20:09.557+0000] {processor.py:153} INFO - Started process (PID=697) to work on /home/airflow/.local/lib/python3.7/site-packages/airflow/example_dags/example_skip_dag.py
[2023-03-20T11:20:09.558+0000] {processor.py:743} INFO - Processing file /home/airflow/.local/lib/python3.7/site-packages/airflow/example_dags/example_skip_dag.py for tasks to queue
[2023-03-20T11:20:09.559+0000] {logging_mixin.py:137} INFO - [2023-03-20T11:20:09.559+0000] {dagbag.py:532} INFO - Filling up the DagBag from /home/airflow/.local/lib/python3.7/site-packages/airflow/example_dags/example_skip_dag.py
[2023-03-20T11:20:09.569+0000] {processor.py:753} INFO - DAG(s) dict_keys(['example_skip_dag']) retrieved from /home/airflow/.local/lib/python3.7/site-packages/airflow/example_dags/example_skip_dag.py
[2023-03-20T11:20:09.590+0000] {logging_mixin.py:137} INFO - [2023-03-20T11:20:09.590+0000] {dag.py:2693} INFO - Sync 1 DAGs
[2023-03-20T11:20:09.606+0000] {logging_mixin.py:137} INFO - [2023-03-20T11:20:09.606+0000] {dag.py:3444} INFO - Setting next_dagrun for example_skip_dag to 2023-03-19T11:20:09.606710+00:00, run_after=2023-03-20T11:20:09.606710+00:00
[2023-03-20T11:20:09.618+0000] {processor.py:175} INFO - Processing /home/airflow/.local/lib/python3.7/site-packages/airflow/example_dags/example_skip_dag.py took 0.064 seconds
[2023-03-20T11:20:40.033+0000] {processor.py:153} INFO - Started process (PID=746) to work on /home/airflow/.local/lib/python3.7/site-packages/airflow/example_dags/example_skip_dag.py
[2023-03-20T11:20:40.034+0000] {processor.py:743} INFO - Processing file /home/airflow/.local/lib/python3.7/site-packages/airflow/example_dags/example_skip_dag.py for tasks to queue
[2023-03-20T11:20:40.035+0000] {logging_mixin.py:137} INFO - [2023-03-20T11:20:40.035+0000] {dagbag.py:532} INFO - Filling up the DagBag from /home/airflow/.local/lib/python3.7/site-packages/airflow/example_dags/example_skip_dag.py
[2023-03-20T11:20:40.045+0000] {processor.py:753} INFO - DAG(s) dict_keys(['example_skip_dag']) retrieved from /home/airflow/.local/lib/python3.7/site-packages/airflow/example_dags/example_skip_dag.py
[2023-03-20T11:20:40.066+0000] {logging_mixin.py:137} INFO - [2023-03-20T11:20:40.066+0000] {dag.py:2693} INFO - Sync 1 DAGs
[2023-03-20T11:20:40.084+0000] {logging_mixin.py:137} INFO - [2023-03-20T11:20:40.084+0000] {dag.py:3444} INFO - Setting next_dagrun for example_skip_dag to 2023-03-19T11:20:40.084047+00:00, run_after=2023-03-20T11:20:40.084047+00:00
[2023-03-20T11:20:40.095+0000] {processor.py:175} INFO - Processing /home/airflow/.local/lib/python3.7/site-packages/airflow/example_dags/example_skip_dag.py took 0.066 seconds
[2023-03-20T11:21:10.399+0000] {processor.py:153} INFO - Started process (PID=795) to work on /home/airflow/.local/lib/python3.7/site-packages/airflow/example_dags/example_skip_dag.py
[2023-03-20T11:21:10.400+0000] {processor.py:743} INFO - Processing file /home/airflow/.local/lib/python3.7/site-packages/airflow/example_dags/example_skip_dag.py for tasks to queue
[2023-03-20T11:21:10.400+0000] {logging_mixin.py:137} INFO - [2023-03-20T11:21:10.400+0000] {dagbag.py:532} INFO - Filling up the DagBag from /home/airflow/.local/lib/python3.7/site-packages/airflow/example_dags/example_skip_dag.py
[2023-03-20T11:21:10.410+0000] {processor.py:753} INFO - DAG(s) dict_keys(['example_skip_dag']) retrieved from /home/airflow/.local/lib/python3.7/site-packages/airflow/example_dags/example_skip_dag.py
[2023-03-20T11:21:10.431+0000] {logging_mixin.py:137} INFO - [2023-03-20T11:21:10.431+0000] {dag.py:2693} INFO - Sync 1 DAGs
[2023-03-20T11:21:10.446+0000] {logging_mixin.py:137} INFO - [2023-03-20T11:21:10.446+0000] {dag.py:3444} INFO - Setting next_dagrun for example_skip_dag to 2023-03-19T11:21:10.446567+00:00, run_after=2023-03-20T11:21:10.446567+00:00
[2023-03-20T11:21:10.457+0000] {processor.py:175} INFO - Processing /home/airflow/.local/lib/python3.7/site-packages/airflow/example_dags/example_skip_dag.py took 0.061 seconds
[2023-03-20T11:21:40.757+0000] {processor.py:153} INFO - Started process (PID=844) to work on /home/airflow/.local/lib/python3.7/site-packages/airflow/example_dags/example_skip_dag.py
[2023-03-20T11:21:40.758+0000] {processor.py:743} INFO - Processing file /home/airflow/.local/lib/python3.7/site-packages/airflow/example_dags/example_skip_dag.py for tasks to queue
[2023-03-20T11:21:40.759+0000] {logging_mixin.py:137} INFO - [2023-03-20T11:21:40.759+0000] {dagbag.py:532} INFO - Filling up the DagBag from /home/airflow/.local/lib/python3.7/site-packages/airflow/example_dags/example_skip_dag.py
[2023-03-20T11:21:40.769+0000] {processor.py:753} INFO - DAG(s) dict_keys(['example_skip_dag']) retrieved from /home/airflow/.local/lib/python3.7/site-packages/airflow/example_dags/example_skip_dag.py
[2023-03-20T11:21:40.789+0000] {logging_mixin.py:137} INFO - [2023-03-20T11:21:40.789+0000] {dag.py:2693} INFO - Sync 1 DAGs
[2023-03-20T11:21:40.807+0000] {logging_mixin.py:137} INFO - [2023-03-20T11:21:40.806+0000] {dag.py:3444} INFO - Setting next_dagrun for example_skip_dag to 2023-03-19T11:21:40.806743+00:00, run_after=2023-03-20T11:21:40.806743+00:00
[2023-03-20T11:21:40.817+0000] {processor.py:175} INFO - Processing /home/airflow/.local/lib/python3.7/site-packages/airflow/example_dags/example_skip_dag.py took 0.063 seconds
[2023-03-20T11:22:11.097+0000] {processor.py:153} INFO - Started process (PID=893) to work on /home/airflow/.local/lib/python3.7/site-packages/airflow/example_dags/example_skip_dag.py
[2023-03-20T11:22:11.098+0000] {processor.py:743} INFO - Processing file /home/airflow/.local/lib/python3.7/site-packages/airflow/example_dags/example_skip_dag.py for tasks to queue
[2023-03-20T11:22:11.099+0000] {logging_mixin.py:137} INFO - [2023-03-20T11:22:11.099+0000] {dagbag.py:532} INFO - Filling up the DagBag from /home/airflow/.local/lib/python3.7/site-packages/airflow/example_dags/example_skip_dag.py
[2023-03-20T11:22:11.109+0000] {processor.py:753} INFO - DAG(s) dict_keys(['example_skip_dag']) retrieved from /home/airflow/.local/lib/python3.7/site-packages/airflow/example_dags/example_skip_dag.py
[2023-03-20T11:22:11.129+0000] {logging_mixin.py:137} INFO - [2023-03-20T11:22:11.129+0000] {dag.py:2693} INFO - Sync 1 DAGs
[2023-03-20T11:22:11.146+0000] {logging_mixin.py:137} INFO - [2023-03-20T11:22:11.146+0000] {dag.py:3444} INFO - Setting next_dagrun for example_skip_dag to 2023-03-19T11:22:11.146250+00:00, run_after=2023-03-20T11:22:11.146250+00:00
[2023-03-20T11:22:11.158+0000] {processor.py:175} INFO - Processing /home/airflow/.local/lib/python3.7/site-packages/airflow/example_dags/example_skip_dag.py took 0.064 seconds
[2023-03-20T11:22:41.915+0000] {processor.py:153} INFO - Started process (PID=942) to work on /home/airflow/.local/lib/python3.7/site-packages/airflow/example_dags/example_skip_dag.py
[2023-03-20T11:22:41.917+0000] {processor.py:743} INFO - Processing file /home/airflow/.local/lib/python3.7/site-packages/airflow/example_dags/example_skip_dag.py for tasks to queue
[2023-03-20T11:22:41.919+0000] {logging_mixin.py:137} INFO - [2023-03-20T11:22:41.918+0000] {dagbag.py:532} INFO - Filling up the DagBag from /home/airflow/.local/lib/python3.7/site-packages/airflow/example_dags/example_skip_dag.py
[2023-03-20T11:22:41.933+0000] {processor.py:753} INFO - DAG(s) dict_keys(['example_skip_dag']) retrieved from /home/airflow/.local/lib/python3.7/site-packages/airflow/example_dags/example_skip_dag.py
[2023-03-20T11:22:41.955+0000] {logging_mixin.py:137} INFO - [2023-03-20T11:22:41.955+0000] {dag.py:2693} INFO - Sync 1 DAGs
[2023-03-20T11:22:41.970+0000] {logging_mixin.py:137} INFO - [2023-03-20T11:22:41.970+0000] {dag.py:3444} INFO - Setting next_dagrun for example_skip_dag to 2023-03-19T11:22:41.970504+00:00, run_after=2023-03-20T11:22:41.970504+00:00
[2023-03-20T11:22:41.982+0000] {processor.py:175} INFO - Processing /home/airflow/.local/lib/python3.7/site-packages/airflow/example_dags/example_skip_dag.py took 0.070 seconds
[2023-03-20T11:23:12.385+0000] {processor.py:153} INFO - Started process (PID=991) to work on /home/airflow/.local/lib/python3.7/site-packages/airflow/example_dags/example_skip_dag.py
[2023-03-20T11:23:12.386+0000] {processor.py:743} INFO - Processing file /home/airflow/.local/lib/python3.7/site-packages/airflow/example_dags/example_skip_dag.py for tasks to queue
[2023-03-20T11:23:12.387+0000] {logging_mixin.py:137} INFO - [2023-03-20T11:23:12.387+0000] {dagbag.py:532} INFO - Filling up the DagBag from /home/airflow/.local/lib/python3.7/site-packages/airflow/example_dags/example_skip_dag.py
[2023-03-20T11:23:12.397+0000] {processor.py:753} INFO - DAG(s) dict_keys(['example_skip_dag']) retrieved from /home/airflow/.local/lib/python3.7/site-packages/airflow/example_dags/example_skip_dag.py
[2023-03-20T11:23:12.418+0000] {logging_mixin.py:137} INFO - [2023-03-20T11:23:12.418+0000] {dag.py:2693} INFO - Sync 1 DAGs
[2023-03-20T11:23:12.434+0000] {logging_mixin.py:137} INFO - [2023-03-20T11:23:12.434+0000] {dag.py:3444} INFO - Setting next_dagrun for example_skip_dag to 2023-03-19T11:23:12.434001+00:00, run_after=2023-03-20T11:23:12.434001+00:00
[2023-03-20T11:23:12.446+0000] {processor.py:175} INFO - Processing /home/airflow/.local/lib/python3.7/site-packages/airflow/example_dags/example_skip_dag.py took 0.065 seconds
[2023-03-20T11:23:42.934+0000] {processor.py:153} INFO - Started process (PID=1040) to work on /home/airflow/.local/lib/python3.7/site-packages/airflow/example_dags/example_skip_dag.py
[2023-03-20T11:23:42.936+0000] {processor.py:743} INFO - Processing file /home/airflow/.local/lib/python3.7/site-packages/airflow/example_dags/example_skip_dag.py for tasks to queue
[2023-03-20T11:23:42.936+0000] {logging_mixin.py:137} INFO - [2023-03-20T11:23:42.936+0000] {dagbag.py:532} INFO - Filling up the DagBag from /home/airflow/.local/lib/python3.7/site-packages/airflow/example_dags/example_skip_dag.py
[2023-03-20T11:23:42.950+0000] {processor.py:753} INFO - DAG(s) dict_keys(['example_skip_dag']) retrieved from /home/airflow/.local/lib/python3.7/site-packages/airflow/example_dags/example_skip_dag.py
[2023-03-20T11:23:42.981+0000] {logging_mixin.py:137} INFO - [2023-03-20T11:23:42.981+0000] {dag.py:2693} INFO - Sync 1 DAGs
[2023-03-20T11:23:43.002+0000] {logging_mixin.py:137} INFO - [2023-03-20T11:23:43.002+0000] {dag.py:3444} INFO - Setting next_dagrun for example_skip_dag to 2023-03-19T11:23:43.002186+00:00, run_after=2023-03-20T11:23:43.002186+00:00
[2023-03-20T11:23:43.015+0000] {processor.py:175} INFO - Processing /home/airflow/.local/lib/python3.7/site-packages/airflow/example_dags/example_skip_dag.py took 0.083 seconds
[2023-03-20 11:37:59,265] {scheduler_job.py:182} INFO - Started process (PID=37) to work on /home/airflow/.local/lib/python3.6/site-packages/airflow/example_dags/example_skip_dag.py
[2023-03-20 11:37:59,268] {scheduler_job.py:629} INFO - Processing file /home/airflow/.local/lib/python3.6/site-packages/airflow/example_dags/example_skip_dag.py for tasks to queue
[2023-03-20 11:37:59,271] {logging_mixin.py:104} INFO - [2023-03-20 11:37:59,271] {dagbag.py:451} INFO - Filling up the DagBag from /home/airflow/.local/lib/python3.6/site-packages/airflow/example_dags/example_skip_dag.py
[2023-03-20 11:37:59,285] {scheduler_job.py:639} INFO - DAG(s) dict_keys(['example_skip_dag']) retrieved from /home/airflow/.local/lib/python3.6/site-packages/airflow/example_dags/example_skip_dag.py
[2023-03-20 11:37:59,320] {logging_mixin.py:104} INFO - [2023-03-20 11:37:59,320] {dag.py:1824} INFO - Sync 1 DAGs
[2023-03-20 11:37:59,343] {logging_mixin.py:104} INFO - [2023-03-20 11:37:59,343] {dag.py:1843} INFO - Creating ORM DAG for example_skip_dag
[2023-03-20 11:37:59,356] {logging_mixin.py:104} INFO - [2023-03-20 11:37:59,356] {dag.py:2280} INFO - Setting next_dagrun for example_skip_dag to 2023-03-18 00:00:00+00:00
[2023-03-20 11:37:59,376] {scheduler_job.py:190} INFO - Processing /home/airflow/.local/lib/python3.6/site-packages/airflow/example_dags/example_skip_dag.py took 0.115 seconds
[2023-03-20 11:38:29,430] {scheduler_job.py:182} INFO - Started process (PID=60) to work on /home/airflow/.local/lib/python3.6/site-packages/airflow/example_dags/example_skip_dag.py
[2023-03-20 11:38:29,432] {scheduler_job.py:629} INFO - Processing file /home/airflow/.local/lib/python3.6/site-packages/airflow/example_dags/example_skip_dag.py for tasks to queue
[2023-03-20 11:38:29,432] {logging_mixin.py:104} INFO - [2023-03-20 11:38:29,432] {dagbag.py:451} INFO - Filling up the DagBag from /home/airflow/.local/lib/python3.6/site-packages/airflow/example_dags/example_skip_dag.py
[2023-03-20 11:38:29,442] {scheduler_job.py:639} INFO - DAG(s) dict_keys(['example_skip_dag']) retrieved from /home/airflow/.local/lib/python3.6/site-packages/airflow/example_dags/example_skip_dag.py
[2023-03-20 11:38:29,463] {logging_mixin.py:104} INFO - [2023-03-20 11:38:29,463] {dag.py:1824} INFO - Sync 1 DAGs
[2023-03-20 11:38:29,484] {logging_mixin.py:104} INFO - [2023-03-20 11:38:29,484] {dag.py:2280} INFO - Setting next_dagrun for example_skip_dag to 2023-03-18 00:00:00+00:00
[2023-03-20 11:38:29,493] {scheduler_job.py:190} INFO - Processing /home/airflow/.local/lib/python3.6/site-packages/airflow/example_dags/example_skip_dag.py took 0.065 seconds
[2023-03-20 11:39:00,458] {scheduler_job.py:182} INFO - Started process (PID=89) to work on /home/airflow/.local/lib/python3.6/site-packages/airflow/example_dags/example_skip_dag.py
[2023-03-20 11:39:00,460] {scheduler_job.py:629} INFO - Processing file /home/airflow/.local/lib/python3.6/site-packages/airflow/example_dags/example_skip_dag.py for tasks to queue
[2023-03-20 11:39:00,461] {logging_mixin.py:104} INFO - [2023-03-20 11:39:00,461] {dagbag.py:451} INFO - Filling up the DagBag from /home/airflow/.local/lib/python3.6/site-packages/airflow/example_dags/example_skip_dag.py
[2023-03-20 11:39:00,471] {scheduler_job.py:639} INFO - DAG(s) dict_keys(['example_skip_dag']) retrieved from /home/airflow/.local/lib/python3.6/site-packages/airflow/example_dags/example_skip_dag.py
[2023-03-20 11:39:00,491] {logging_mixin.py:104} INFO - [2023-03-20 11:39:00,491] {dag.py:1824} INFO - Sync 1 DAGs
[2023-03-20 11:39:00,505] {logging_mixin.py:104} INFO - [2023-03-20 11:39:00,505] {dag.py:2280} INFO - Setting next_dagrun for example_skip_dag to 2023-03-18 00:00:00+00:00
[2023-03-20 11:39:00,512] {scheduler_job.py:190} INFO - Processing /home/airflow/.local/lib/python3.6/site-packages/airflow/example_dags/example_skip_dag.py took 0.057 seconds
[2023-03-20 11:39:31,243] {scheduler_job.py:182} INFO - Started process (PID=115) to work on /home/airflow/.local/lib/python3.6/site-packages/airflow/example_dags/example_skip_dag.py
[2023-03-20 11:39:31,245] {scheduler_job.py:629} INFO - Processing file /home/airflow/.local/lib/python3.6/site-packages/airflow/example_dags/example_skip_dag.py for tasks to queue
[2023-03-20 11:39:31,246] {logging_mixin.py:104} INFO - [2023-03-20 11:39:31,246] {dagbag.py:451} INFO - Filling up the DagBag from /home/airflow/.local/lib/python3.6/site-packages/airflow/example_dags/example_skip_dag.py
[2023-03-20 11:39:31,256] {scheduler_job.py:639} INFO - DAG(s) dict_keys(['example_skip_dag']) retrieved from /home/airflow/.local/lib/python3.6/site-packages/airflow/example_dags/example_skip_dag.py
[2023-03-20 11:39:31,276] {logging_mixin.py:104} INFO - [2023-03-20 11:39:31,276] {dag.py:1824} INFO - Sync 1 DAGs
[2023-03-20 11:39:31,290] {logging_mixin.py:104} INFO - [2023-03-20 11:39:31,290] {dag.py:2280} INFO - Setting next_dagrun for example_skip_dag to 2023-03-18 00:00:00+00:00
[2023-03-20 11:39:31,297] {scheduler_job.py:190} INFO - Processing /home/airflow/.local/lib/python3.6/site-packages/airflow/example_dags/example_skip_dag.py took 0.056 seconds
[2023-03-20 11:40:01,929] {scheduler_job.py:182} INFO - Started process (PID=141) to work on /home/airflow/.local/lib/python3.6/site-packages/airflow/example_dags/example_skip_dag.py
[2023-03-20 11:40:01,930] {scheduler_job.py:629} INFO - Processing file /home/airflow/.local/lib/python3.6/site-packages/airflow/example_dags/example_skip_dag.py for tasks to queue
[2023-03-20 11:40:01,931] {logging_mixin.py:104} INFO - [2023-03-20 11:40:01,931] {dagbag.py:451} INFO - Filling up the DagBag from /home/airflow/.local/lib/python3.6/site-packages/airflow/example_dags/example_skip_dag.py
[2023-03-20 11:40:01,941] {scheduler_job.py:639} INFO - DAG(s) dict_keys(['example_skip_dag']) retrieved from /home/airflow/.local/lib/python3.6/site-packages/airflow/example_dags/example_skip_dag.py
[2023-03-20 11:40:01,962] {logging_mixin.py:104} INFO - [2023-03-20 11:40:01,962] {dag.py:1824} INFO - Sync 1 DAGs
[2023-03-20 11:40:01,976] {logging_mixin.py:104} INFO - [2023-03-20 11:40:01,976] {dag.py:2280} INFO - Setting next_dagrun for example_skip_dag to 2023-03-18 00:00:00+00:00
[2023-03-20 11:40:01,984] {scheduler_job.py:190} INFO - Processing /home/airflow/.local/lib/python3.6/site-packages/airflow/example_dags/example_skip_dag.py took 0.058 seconds
[2023-03-20 11:40:32,900] {scheduler_job.py:182} INFO - Started process (PID=167) to work on /home/airflow/.local/lib/python3.6/site-packages/airflow/example_dags/example_skip_dag.py
[2023-03-20 11:40:32,903] {scheduler_job.py:629} INFO - Processing file /home/airflow/.local/lib/python3.6/site-packages/airflow/example_dags/example_skip_dag.py for tasks to queue
[2023-03-20 11:40:32,905] {logging_mixin.py:104} INFO - [2023-03-20 11:40:32,905] {dagbag.py:451} INFO - Filling up the DagBag from /home/airflow/.local/lib/python3.6/site-packages/airflow/example_dags/example_skip_dag.py
[2023-03-20 11:40:32,919] {scheduler_job.py:639} INFO - DAG(s) dict_keys(['example_skip_dag']) retrieved from /home/airflow/.local/lib/python3.6/site-packages/airflow/example_dags/example_skip_dag.py
[2023-03-20 11:40:32,942] {logging_mixin.py:104} INFO - [2023-03-20 11:40:32,942] {dag.py:1824} INFO - Sync 1 DAGs
[2023-03-20 11:40:32,957] {logging_mixin.py:104} INFO - [2023-03-20 11:40:32,957] {dag.py:2280} INFO - Setting next_dagrun for example_skip_dag to 2023-03-18 00:00:00+00:00
[2023-03-20 11:40:32,964] {scheduler_job.py:190} INFO - Processing /home/airflow/.local/lib/python3.6/site-packages/airflow/example_dags/example_skip_dag.py took 0.070 seconds
[2023-03-20 11:41:03,501] {scheduler_job.py:182} INFO - Started process (PID=193) to work on /home/airflow/.local/lib/python3.6/site-packages/airflow/example_dags/example_skip_dag.py
[2023-03-20 11:41:03,502] {scheduler_job.py:629} INFO - Processing file /home/airflow/.local/lib/python3.6/site-packages/airflow/example_dags/example_skip_dag.py for tasks to queue
[2023-03-20 11:41:03,503] {logging_mixin.py:104} INFO - [2023-03-20 11:41:03,503] {dagbag.py:451} INFO - Filling up the DagBag from /home/airflow/.local/lib/python3.6/site-packages/airflow/example_dags/example_skip_dag.py
[2023-03-20 11:41:03,514] {scheduler_job.py:639} INFO - DAG(s) dict_keys(['example_skip_dag']) retrieved from /home/airflow/.local/lib/python3.6/site-packages/airflow/example_dags/example_skip_dag.py
[2023-03-20 11:41:03,537] {logging_mixin.py:104} INFO - [2023-03-20 11:41:03,537] {dag.py:1824} INFO - Sync 1 DAGs
[2023-03-20 11:41:03,549] {logging_mixin.py:104} INFO - [2023-03-20 11:41:03,548] {dag.py:2280} INFO - Setting next_dagrun for example_skip_dag to 2023-03-18 00:00:00+00:00
[2023-03-20 11:41:03,556] {scheduler_job.py:190} INFO - Processing /home/airflow/.local/lib/python3.6/site-packages/airflow/example_dags/example_skip_dag.py took 0.058 seconds
[2023-03-20 14:55:26,839] {scheduler_job.py:182} INFO - Started process (PID=43) to work on /home/airflow/.local/lib/python3.6/site-packages/airflow/example_dags/example_skip_dag.py
[2023-03-20 14:55:26,851] {scheduler_job.py:629} INFO - Processing file /home/airflow/.local/lib/python3.6/site-packages/airflow/example_dags/example_skip_dag.py for tasks to queue
[2023-03-20 14:55:26,859] {logging_mixin.py:104} INFO - [2023-03-20 14:55:26,858] {dagbag.py:451} INFO - Filling up the DagBag from /home/airflow/.local/lib/python3.6/site-packages/airflow/example_dags/example_skip_dag.py
[2023-03-20 14:55:26,907] {scheduler_job.py:639} INFO - DAG(s) dict_keys(['example_skip_dag']) retrieved from /home/airflow/.local/lib/python3.6/site-packages/airflow/example_dags/example_skip_dag.py
[2023-03-20 14:55:26,964] {logging_mixin.py:104} INFO - [2023-03-20 14:55:26,964] {dag.py:1824} INFO - Sync 1 DAGs
[2023-03-20 14:55:27,000] {logging_mixin.py:104} INFO - [2023-03-20 14:55:27,000] {dag.py:1843} INFO - Creating ORM DAG for example_skip_dag
[2023-03-20 14:55:27,011] {logging_mixin.py:104} INFO - [2023-03-20 14:55:27,010] {dag.py:2280} INFO - Setting next_dagrun for example_skip_dag to 2023-03-18 00:00:00+00:00
[2023-03-20 14:55:27,047] {scheduler_job.py:190} INFO - Processing /home/airflow/.local/lib/python3.6/site-packages/airflow/example_dags/example_skip_dag.py took 0.229 seconds
[2023-03-20 14:55:57,913] {scheduler_job.py:182} INFO - Started process (PID=69) to work on /home/airflow/.local/lib/python3.6/site-packages/airflow/example_dags/example_skip_dag.py
[2023-03-20 14:55:57,914] {scheduler_job.py:629} INFO - Processing file /home/airflow/.local/lib/python3.6/site-packages/airflow/example_dags/example_skip_dag.py for tasks to queue
[2023-03-20 14:55:57,916] {logging_mixin.py:104} INFO - [2023-03-20 14:55:57,915] {dagbag.py:451} INFO - Filling up the DagBag from /home/airflow/.local/lib/python3.6/site-packages/airflow/example_dags/example_skip_dag.py
[2023-03-20 14:55:57,929] {scheduler_job.py:639} INFO - DAG(s) dict_keys(['example_skip_dag']) retrieved from /home/airflow/.local/lib/python3.6/site-packages/airflow/example_dags/example_skip_dag.py
[2023-03-20 14:55:57,951] {logging_mixin.py:104} INFO - [2023-03-20 14:55:57,951] {dag.py:1824} INFO - Sync 1 DAGs
[2023-03-20 14:55:57,965] {logging_mixin.py:104} INFO - [2023-03-20 14:55:57,965] {dag.py:2280} INFO - Setting next_dagrun for example_skip_dag to 2023-03-18 00:00:00+00:00
[2023-03-20 14:55:57,972] {scheduler_job.py:190} INFO - Processing /home/airflow/.local/lib/python3.6/site-packages/airflow/example_dags/example_skip_dag.py took 0.062 seconds
[2023-03-20 14:56:28,801] {scheduler_job.py:182} INFO - Started process (PID=101) to work on /home/airflow/.local/lib/python3.6/site-packages/airflow/example_dags/example_skip_dag.py
[2023-03-20 14:56:28,802] {scheduler_job.py:629} INFO - Processing file /home/airflow/.local/lib/python3.6/site-packages/airflow/example_dags/example_skip_dag.py for tasks to queue
[2023-03-20 14:56:28,803] {logging_mixin.py:104} INFO - [2023-03-20 14:56:28,803] {dagbag.py:451} INFO - Filling up the DagBag from /home/airflow/.local/lib/python3.6/site-packages/airflow/example_dags/example_skip_dag.py
[2023-03-20 14:56:28,813] {scheduler_job.py:639} INFO - DAG(s) dict_keys(['example_skip_dag']) retrieved from /home/airflow/.local/lib/python3.6/site-packages/airflow/example_dags/example_skip_dag.py
[2023-03-20 14:56:28,835] {logging_mixin.py:104} INFO - [2023-03-20 14:56:28,835] {dag.py:1824} INFO - Sync 1 DAGs
[2023-03-20 14:56:28,850] {logging_mixin.py:104} INFO - [2023-03-20 14:56:28,849] {dag.py:2280} INFO - Setting next_dagrun for example_skip_dag to 2023-03-18 00:00:00+00:00
[2023-03-20 14:56:28,856] {scheduler_job.py:190} INFO - Processing /home/airflow/.local/lib/python3.6/site-packages/airflow/example_dags/example_skip_dag.py took 0.058 seconds
[2023-03-20 14:57:00,069] {scheduler_job.py:182} INFO - Started process (PID=127) to work on /home/airflow/.local/lib/python3.6/site-packages/airflow/example_dags/example_skip_dag.py
[2023-03-20 14:57:00,072] {scheduler_job.py:629} INFO - Processing file /home/airflow/.local/lib/python3.6/site-packages/airflow/example_dags/example_skip_dag.py for tasks to queue
[2023-03-20 14:57:00,075] {logging_mixin.py:104} INFO - [2023-03-20 14:57:00,075] {dagbag.py:451} INFO - Filling up the DagBag from /home/airflow/.local/lib/python3.6/site-packages/airflow/example_dags/example_skip_dag.py
[2023-03-20 14:57:00,092] {scheduler_job.py:639} INFO - DAG(s) dict_keys(['example_skip_dag']) retrieved from /home/airflow/.local/lib/python3.6/site-packages/airflow/example_dags/example_skip_dag.py
[2023-03-20 14:57:00,143] {logging_mixin.py:104} INFO - [2023-03-20 14:57:00,143] {dag.py:1824} INFO - Sync 1 DAGs
[2023-03-20 14:57:00,191] {logging_mixin.py:104} INFO - [2023-03-20 14:57:00,191] {dag.py:2280} INFO - Setting next_dagrun for example_skip_dag to 2023-03-18 00:00:00+00:00
[2023-03-20 14:57:00,223] {scheduler_job.py:190} INFO - Processing /home/airflow/.local/lib/python3.6/site-packages/airflow/example_dags/example_skip_dag.py took 0.165 seconds
[2023-03-20 14:57:31,683] {scheduler_job.py:182} INFO - Started process (PID=155) to work on /home/airflow/.local/lib/python3.6/site-packages/airflow/example_dags/example_skip_dag.py
[2023-03-20 14:57:31,685] {scheduler_job.py:629} INFO - Processing file /home/airflow/.local/lib/python3.6/site-packages/airflow/example_dags/example_skip_dag.py for tasks to queue
[2023-03-20 14:57:31,686] {logging_mixin.py:104} INFO - [2023-03-20 14:57:31,686] {dagbag.py:451} INFO - Filling up the DagBag from /home/airflow/.local/lib/python3.6/site-packages/airflow/example_dags/example_skip_dag.py
[2023-03-20 14:57:31,700] {scheduler_job.py:639} INFO - DAG(s) dict_keys(['example_skip_dag']) retrieved from /home/airflow/.local/lib/python3.6/site-packages/airflow/example_dags/example_skip_dag.py
[2023-03-20 14:57:31,747] {logging_mixin.py:104} INFO - [2023-03-20 14:57:31,746] {dag.py:1824} INFO - Sync 1 DAGs
[2023-03-20 14:57:31,770] {logging_mixin.py:104} INFO - [2023-03-20 14:57:31,770] {dag.py:2280} INFO - Setting next_dagrun for example_skip_dag to 2023-03-18 00:00:00+00:00
[2023-03-20 14:57:31,779] {scheduler_job.py:190} INFO - Processing /home/airflow/.local/lib/python3.6/site-packages/airflow/example_dags/example_skip_dag.py took 0.100 seconds
[2023-03-20 14:58:02,526] {scheduler_job.py:182} INFO - Started process (PID=181) to work on /home/airflow/.local/lib/python3.6/site-packages/airflow/example_dags/example_skip_dag.py
[2023-03-20 14:58:02,529] {scheduler_job.py:629} INFO - Processing file /home/airflow/.local/lib/python3.6/site-packages/airflow/example_dags/example_skip_dag.py for tasks to queue
[2023-03-20 14:58:02,531] {logging_mixin.py:104} INFO - [2023-03-20 14:58:02,530] {dagbag.py:451} INFO - Filling up the DagBag from /home/airflow/.local/lib/python3.6/site-packages/airflow/example_dags/example_skip_dag.py
[2023-03-20 14:58:02,542] {scheduler_job.py:639} INFO - DAG(s) dict_keys(['example_skip_dag']) retrieved from /home/airflow/.local/lib/python3.6/site-packages/airflow/example_dags/example_skip_dag.py
[2023-03-20 14:58:02,567] {logging_mixin.py:104} INFO - [2023-03-20 14:58:02,567] {dag.py:1824} INFO - Sync 1 DAGs
[2023-03-20 14:58:02,584] {logging_mixin.py:104} INFO - [2023-03-20 14:58:02,584] {dag.py:2280} INFO - Setting next_dagrun for example_skip_dag to 2023-03-18 00:00:00+00:00
[2023-03-20 14:58:02,593] {scheduler_job.py:190} INFO - Processing /home/airflow/.local/lib/python3.6/site-packages/airflow/example_dags/example_skip_dag.py took 0.070 seconds
[2023-03-20 14:58:33,243] {scheduler_job.py:182} INFO - Started process (PID=207) to work on /home/airflow/.local/lib/python3.6/site-packages/airflow/example_dags/example_skip_dag.py
[2023-03-20 14:58:33,246] {scheduler_job.py:629} INFO - Processing file /home/airflow/.local/lib/python3.6/site-packages/airflow/example_dags/example_skip_dag.py for tasks to queue
[2023-03-20 14:58:33,253] {logging_mixin.py:104} INFO - [2023-03-20 14:58:33,253] {dagbag.py:451} INFO - Filling up the DagBag from /home/airflow/.local/lib/python3.6/site-packages/airflow/example_dags/example_skip_dag.py
[2023-03-20 14:58:33,266] {scheduler_job.py:639} INFO - DAG(s) dict_keys(['example_skip_dag']) retrieved from /home/airflow/.local/lib/python3.6/site-packages/airflow/example_dags/example_skip_dag.py
[2023-03-20 14:58:33,292] {logging_mixin.py:104} INFO - [2023-03-20 14:58:33,292] {dag.py:1824} INFO - Sync 1 DAGs
[2023-03-20 14:58:33,317] {logging_mixin.py:104} INFO - [2023-03-20 14:58:33,316] {dag.py:2280} INFO - Setting next_dagrun for example_skip_dag to 2023-03-18 00:00:00+00:00
[2023-03-20 14:58:33,330] {scheduler_job.py:190} INFO - Processing /home/airflow/.local/lib/python3.6/site-packages/airflow/example_dags/example_skip_dag.py took 0.089 seconds
[2023-03-20 14:59:03,908] {scheduler_job.py:182} INFO - Started process (PID=233) to work on /home/airflow/.local/lib/python3.6/site-packages/airflow/example_dags/example_skip_dag.py
[2023-03-20 14:59:03,909] {scheduler_job.py:629} INFO - Processing file /home/airflow/.local/lib/python3.6/site-packages/airflow/example_dags/example_skip_dag.py for tasks to queue
[2023-03-20 14:59:03,910] {logging_mixin.py:104} INFO - [2023-03-20 14:59:03,910] {dagbag.py:451} INFO - Filling up the DagBag from /home/airflow/.local/lib/python3.6/site-packages/airflow/example_dags/example_skip_dag.py
[2023-03-20 14:59:03,920] {scheduler_job.py:639} INFO - DAG(s) dict_keys(['example_skip_dag']) retrieved from /home/airflow/.local/lib/python3.6/site-packages/airflow/example_dags/example_skip_dag.py
[2023-03-20 14:59:03,944] {logging_mixin.py:104} INFO - [2023-03-20 14:59:03,944] {dag.py:1824} INFO - Sync 1 DAGs
[2023-03-20 14:59:03,959] {logging_mixin.py:104} INFO - [2023-03-20 14:59:03,959] {dag.py:2280} INFO - Setting next_dagrun for example_skip_dag to 2023-03-18 00:00:00+00:00
[2023-03-20 14:59:03,967] {scheduler_job.py:190} INFO - Processing /home/airflow/.local/lib/python3.6/site-packages/airflow/example_dags/example_skip_dag.py took 0.062 seconds
[2023-03-20 14:59:34,359] {scheduler_job.py:182} INFO - Started process (PID=259) to work on /home/airflow/.local/lib/python3.6/site-packages/airflow/example_dags/example_skip_dag.py
[2023-03-20 14:59:34,361] {scheduler_job.py:629} INFO - Processing file /home/airflow/.local/lib/python3.6/site-packages/airflow/example_dags/example_skip_dag.py for tasks to queue
[2023-03-20 14:59:34,362] {logging_mixin.py:104} INFO - [2023-03-20 14:59:34,361] {dagbag.py:451} INFO - Filling up the DagBag from /home/airflow/.local/lib/python3.6/site-packages/airflow/example_dags/example_skip_dag.py
[2023-03-20 14:59:34,371] {scheduler_job.py:639} INFO - DAG(s) dict_keys(['example_skip_dag']) retrieved from /home/airflow/.local/lib/python3.6/site-packages/airflow/example_dags/example_skip_dag.py
[2023-03-20 14:59:34,394] {logging_mixin.py:104} INFO - [2023-03-20 14:59:34,394] {dag.py:1824} INFO - Sync 1 DAGs
[2023-03-20 14:59:34,406] {logging_mixin.py:104} INFO - [2023-03-20 14:59:34,405] {dag.py:2280} INFO - Setting next_dagrun for example_skip_dag to 2023-03-18 00:00:00+00:00
[2023-03-20 14:59:34,413] {scheduler_job.py:190} INFO - Processing /home/airflow/.local/lib/python3.6/site-packages/airflow/example_dags/example_skip_dag.py took 0.056 seconds
[2023-03-20 15:00:04,781] {scheduler_job.py:182} INFO - Started process (PID=285) to work on /home/airflow/.local/lib/python3.6/site-packages/airflow/example_dags/example_skip_dag.py
[2023-03-20 15:00:04,783] {scheduler_job.py:629} INFO - Processing file /home/airflow/.local/lib/python3.6/site-packages/airflow/example_dags/example_skip_dag.py for tasks to queue
[2023-03-20 15:00:04,784] {logging_mixin.py:104} INFO - [2023-03-20 15:00:04,784] {dagbag.py:451} INFO - Filling up the DagBag from /home/airflow/.local/lib/python3.6/site-packages/airflow/example_dags/example_skip_dag.py
[2023-03-20 15:00:04,796] {scheduler_job.py:639} INFO - DAG(s) dict_keys(['example_skip_dag']) retrieved from /home/airflow/.local/lib/python3.6/site-packages/airflow/example_dags/example_skip_dag.py
[2023-03-20 15:00:04,821] {logging_mixin.py:104} INFO - [2023-03-20 15:00:04,821] {dag.py:1824} INFO - Sync 1 DAGs
[2023-03-20 15:00:04,833] {logging_mixin.py:104} INFO - [2023-03-20 15:00:04,833] {dag.py:2280} INFO - Setting next_dagrun for example_skip_dag to 2023-03-18 00:00:00+00:00
[2023-03-20 15:00:04,840] {scheduler_job.py:190} INFO - Processing /home/airflow/.local/lib/python3.6/site-packages/airflow/example_dags/example_skip_dag.py took 0.064 seconds
[2023-03-20 15:00:35,324] {scheduler_job.py:182} INFO - Started process (PID=311) to work on /home/airflow/.local/lib/python3.6/site-packages/airflow/example_dags/example_skip_dag.py
[2023-03-20 15:00:35,326] {scheduler_job.py:629} INFO - Processing file /home/airflow/.local/lib/python3.6/site-packages/airflow/example_dags/example_skip_dag.py for tasks to queue
[2023-03-20 15:00:35,327] {logging_mixin.py:104} INFO - [2023-03-20 15:00:35,327] {dagbag.py:451} INFO - Filling up the DagBag from /home/airflow/.local/lib/python3.6/site-packages/airflow/example_dags/example_skip_dag.py
[2023-03-20 15:00:35,339] {scheduler_job.py:639} INFO - DAG(s) dict_keys(['example_skip_dag']) retrieved from /home/airflow/.local/lib/python3.6/site-packages/airflow/example_dags/example_skip_dag.py
[2023-03-20 15:00:35,359] {logging_mixin.py:104} INFO - [2023-03-20 15:00:35,359] {dag.py:1824} INFO - Sync 1 DAGs
[2023-03-20 15:00:35,369] {logging_mixin.py:104} INFO - [2023-03-20 15:00:35,369] {dag.py:2280} INFO - Setting next_dagrun for example_skip_dag to 2023-03-18 00:00:00+00:00
[2023-03-20 15:00:35,376] {scheduler_job.py:190} INFO - Processing /home/airflow/.local/lib/python3.6/site-packages/airflow/example_dags/example_skip_dag.py took 0.055 seconds
[2023-03-20 15:01:05,883] {scheduler_job.py:182} INFO - Started process (PID=337) to work on /home/airflow/.local/lib/python3.6/site-packages/airflow/example_dags/example_skip_dag.py
[2023-03-20 15:01:05,885] {scheduler_job.py:629} INFO - Processing file /home/airflow/.local/lib/python3.6/site-packages/airflow/example_dags/example_skip_dag.py for tasks to queue
[2023-03-20 15:01:05,886] {logging_mixin.py:104} INFO - [2023-03-20 15:01:05,886] {dagbag.py:451} INFO - Filling up the DagBag from /home/airflow/.local/lib/python3.6/site-packages/airflow/example_dags/example_skip_dag.py
[2023-03-20 15:01:05,899] {scheduler_job.py:639} INFO - DAG(s) dict_keys(['example_skip_dag']) retrieved from /home/airflow/.local/lib/python3.6/site-packages/airflow/example_dags/example_skip_dag.py
[2023-03-20 15:01:05,918] {logging_mixin.py:104} INFO - [2023-03-20 15:01:05,918] {dag.py:1824} INFO - Sync 1 DAGs
[2023-03-20 15:01:05,929] {logging_mixin.py:104} INFO - [2023-03-20 15:01:05,929] {dag.py:2280} INFO - Setting next_dagrun for example_skip_dag to 2023-03-18 00:00:00+00:00
[2023-03-20 15:01:05,935] {scheduler_job.py:190} INFO - Processing /home/airflow/.local/lib/python3.6/site-packages/airflow/example_dags/example_skip_dag.py took 0.055 seconds
[2023-03-20 15:01:36,264] {scheduler_job.py:182} INFO - Started process (PID=363) to work on /home/airflow/.local/lib/python3.6/site-packages/airflow/example_dags/example_skip_dag.py
[2023-03-20 15:01:36,265] {scheduler_job.py:629} INFO - Processing file /home/airflow/.local/lib/python3.6/site-packages/airflow/example_dags/example_skip_dag.py for tasks to queue
[2023-03-20 15:01:36,266] {logging_mixin.py:104} INFO - [2023-03-20 15:01:36,266] {dagbag.py:451} INFO - Filling up the DagBag from /home/airflow/.local/lib/python3.6/site-packages/airflow/example_dags/example_skip_dag.py
[2023-03-20 15:01:36,278] {scheduler_job.py:639} INFO - DAG(s) dict_keys(['example_skip_dag']) retrieved from /home/airflow/.local/lib/python3.6/site-packages/airflow/example_dags/example_skip_dag.py
[2023-03-20 15:01:36,298] {logging_mixin.py:104} INFO - [2023-03-20 15:01:36,298] {dag.py:1824} INFO - Sync 1 DAGs
[2023-03-20 15:01:36,309] {logging_mixin.py:104} INFO - [2023-03-20 15:01:36,308] {dag.py:2280} INFO - Setting next_dagrun for example_skip_dag to 2023-03-18 00:00:00+00:00
[2023-03-20 15:01:36,315] {scheduler_job.py:190} INFO - Processing /home/airflow/.local/lib/python3.6/site-packages/airflow/example_dags/example_skip_dag.py took 0.054 seconds
[2023-03-20 15:02:06,732] {scheduler_job.py:182} INFO - Started process (PID=389) to work on /home/airflow/.local/lib/python3.6/site-packages/airflow/example_dags/example_skip_dag.py
[2023-03-20 15:02:06,733] {scheduler_job.py:629} INFO - Processing file /home/airflow/.local/lib/python3.6/site-packages/airflow/example_dags/example_skip_dag.py for tasks to queue
[2023-03-20 15:02:06,734] {logging_mixin.py:104} INFO - [2023-03-20 15:02:06,734] {dagbag.py:451} INFO - Filling up the DagBag from /home/airflow/.local/lib/python3.6/site-packages/airflow/example_dags/example_skip_dag.py
[2023-03-20 15:02:06,747] {scheduler_job.py:639} INFO - DAG(s) dict_keys(['example_skip_dag']) retrieved from /home/airflow/.local/lib/python3.6/site-packages/airflow/example_dags/example_skip_dag.py
[2023-03-20 15:02:06,766] {logging_mixin.py:104} INFO - [2023-03-20 15:02:06,766] {dag.py:1824} INFO - Sync 1 DAGs
[2023-03-20 15:02:06,777] {logging_mixin.py:104} INFO - [2023-03-20 15:02:06,776] {dag.py:2280} INFO - Setting next_dagrun for example_skip_dag to 2023-03-18 00:00:00+00:00
[2023-03-20 15:02:06,783] {scheduler_job.py:190} INFO - Processing /home/airflow/.local/lib/python3.6/site-packages/airflow/example_dags/example_skip_dag.py took 0.054 seconds
[2023-03-20 15:02:37,186] {scheduler_job.py:182} INFO - Started process (PID=415) to work on /home/airflow/.local/lib/python3.6/site-packages/airflow/example_dags/example_skip_dag.py
[2023-03-20 15:02:37,191] {scheduler_job.py:629} INFO - Processing file /home/airflow/.local/lib/python3.6/site-packages/airflow/example_dags/example_skip_dag.py for tasks to queue
[2023-03-20 15:02:37,193] {logging_mixin.py:104} INFO - [2023-03-20 15:02:37,192] {dagbag.py:451} INFO - Filling up the DagBag from /home/airflow/.local/lib/python3.6/site-packages/airflow/example_dags/example_skip_dag.py
[2023-03-20 15:02:37,201] {scheduler_job.py:639} INFO - DAG(s) dict_keys(['example_skip_dag']) retrieved from /home/airflow/.local/lib/python3.6/site-packages/airflow/example_dags/example_skip_dag.py
[2023-03-20 15:02:37,221] {logging_mixin.py:104} INFO - [2023-03-20 15:02:37,220] {dag.py:1824} INFO - Sync 1 DAGs
[2023-03-20 15:02:37,231] {logging_mixin.py:104} INFO - [2023-03-20 15:02:37,230] {dag.py:2280} INFO - Setting next_dagrun for example_skip_dag to 2023-03-18 00:00:00+00:00
[2023-03-20 15:02:37,237] {scheduler_job.py:190} INFO - Processing /home/airflow/.local/lib/python3.6/site-packages/airflow/example_dags/example_skip_dag.py took 0.054 seconds
[2023-03-20 15:03:07,676] {scheduler_job.py:182} INFO - Started process (PID=441) to work on /home/airflow/.local/lib/python3.6/site-packages/airflow/example_dags/example_skip_dag.py
[2023-03-20 15:03:07,677] {scheduler_job.py:629} INFO - Processing file /home/airflow/.local/lib/python3.6/site-packages/airflow/example_dags/example_skip_dag.py for tasks to queue
[2023-03-20 15:03:07,678] {logging_mixin.py:104} INFO - [2023-03-20 15:03:07,678] {dagbag.py:451} INFO - Filling up the DagBag from /home/airflow/.local/lib/python3.6/site-packages/airflow/example_dags/example_skip_dag.py
[2023-03-20 15:03:07,688] {scheduler_job.py:639} INFO - DAG(s) dict_keys(['example_skip_dag']) retrieved from /home/airflow/.local/lib/python3.6/site-packages/airflow/example_dags/example_skip_dag.py
[2023-03-20 15:03:07,708] {logging_mixin.py:104} INFO - [2023-03-20 15:03:07,708] {dag.py:1824} INFO - Sync 1 DAGs
[2023-03-20 15:03:07,719] {logging_mixin.py:104} INFO - [2023-03-20 15:03:07,719] {dag.py:2280} INFO - Setting next_dagrun for example_skip_dag to 2023-03-18 00:00:00+00:00
[2023-03-20 15:03:07,725] {scheduler_job.py:190} INFO - Processing /home/airflow/.local/lib/python3.6/site-packages/airflow/example_dags/example_skip_dag.py took 0.052 seconds
[2023-03-20 15:03:38,237] {scheduler_job.py:182} INFO - Started process (PID=467) to work on /home/airflow/.local/lib/python3.6/site-packages/airflow/example_dags/example_skip_dag.py
[2023-03-20 15:03:38,239] {scheduler_job.py:629} INFO - Processing file /home/airflow/.local/lib/python3.6/site-packages/airflow/example_dags/example_skip_dag.py for tasks to queue
[2023-03-20 15:03:38,240] {logging_mixin.py:104} INFO - [2023-03-20 15:03:38,240] {dagbag.py:451} INFO - Filling up the DagBag from /home/airflow/.local/lib/python3.6/site-packages/airflow/example_dags/example_skip_dag.py
[2023-03-20 15:03:38,249] {scheduler_job.py:639} INFO - DAG(s) dict_keys(['example_skip_dag']) retrieved from /home/airflow/.local/lib/python3.6/site-packages/airflow/example_dags/example_skip_dag.py
[2023-03-20 15:03:38,270] {logging_mixin.py:104} INFO - [2023-03-20 15:03:38,270] {dag.py:1824} INFO - Sync 1 DAGs
[2023-03-20 15:03:38,281] {logging_mixin.py:104} INFO - [2023-03-20 15:03:38,281] {dag.py:2280} INFO - Setting next_dagrun for example_skip_dag to 2023-03-18 00:00:00+00:00
[2023-03-20 15:03:38,287] {scheduler_job.py:190} INFO - Processing /home/airflow/.local/lib/python3.6/site-packages/airflow/example_dags/example_skip_dag.py took 0.053 seconds
[2023-03-20 15:04:08,815] {scheduler_job.py:182} INFO - Started process (PID=493) to work on /home/airflow/.local/lib/python3.6/site-packages/airflow/example_dags/example_skip_dag.py
[2023-03-20 15:04:08,816] {scheduler_job.py:629} INFO - Processing file /home/airflow/.local/lib/python3.6/site-packages/airflow/example_dags/example_skip_dag.py for tasks to queue
[2023-03-20 15:04:08,817] {logging_mixin.py:104} INFO - [2023-03-20 15:04:08,817] {dagbag.py:451} INFO - Filling up the DagBag from /home/airflow/.local/lib/python3.6/site-packages/airflow/example_dags/example_skip_dag.py
[2023-03-20 15:04:08,826] {scheduler_job.py:639} INFO - DAG(s) dict_keys(['example_skip_dag']) retrieved from /home/airflow/.local/lib/python3.6/site-packages/airflow/example_dags/example_skip_dag.py
[2023-03-20 15:04:08,845] {logging_mixin.py:104} INFO - [2023-03-20 15:04:08,845] {dag.py:1824} INFO - Sync 1 DAGs
[2023-03-20 15:04:08,855] {logging_mixin.py:104} INFO - [2023-03-20 15:04:08,855] {dag.py:2280} INFO - Setting next_dagrun for example_skip_dag to 2023-03-18 00:00:00+00:00
[2023-03-20 15:04:08,862] {scheduler_job.py:190} INFO - Processing /home/airflow/.local/lib/python3.6/site-packages/airflow/example_dags/example_skip_dag.py took 0.050 seconds
[2023-03-20 15:04:39,302] {scheduler_job.py:182} INFO - Started process (PID=519) to work on /home/airflow/.local/lib/python3.6/site-packages/airflow/example_dags/example_skip_dag.py
[2023-03-20 15:04:39,304] {scheduler_job.py:629} INFO - Processing file /home/airflow/.local/lib/python3.6/site-packages/airflow/example_dags/example_skip_dag.py for tasks to queue
[2023-03-20 15:04:39,305] {logging_mixin.py:104} INFO - [2023-03-20 15:04:39,305] {dagbag.py:451} INFO - Filling up the DagBag from /home/airflow/.local/lib/python3.6/site-packages/airflow/example_dags/example_skip_dag.py
[2023-03-20 15:04:39,315] {scheduler_job.py:639} INFO - DAG(s) dict_keys(['example_skip_dag']) retrieved from /home/airflow/.local/lib/python3.6/site-packages/airflow/example_dags/example_skip_dag.py
[2023-03-20 15:04:39,336] {logging_mixin.py:104} INFO - [2023-03-20 15:04:39,335] {dag.py:1824} INFO - Sync 1 DAGs
[2023-03-20 15:04:39,347] {logging_mixin.py:104} INFO - [2023-03-20 15:04:39,346] {dag.py:2280} INFO - Setting next_dagrun for example_skip_dag to 2023-03-18 00:00:00+00:00
[2023-03-20 15:04:39,353] {scheduler_job.py:190} INFO - Processing /home/airflow/.local/lib/python3.6/site-packages/airflow/example_dags/example_skip_dag.py took 0.054 seconds
[2023-03-20 15:05:09,883] {scheduler_job.py:182} INFO - Started process (PID=545) to work on /home/airflow/.local/lib/python3.6/site-packages/airflow/example_dags/example_skip_dag.py
[2023-03-20 15:05:09,884] {scheduler_job.py:629} INFO - Processing file /home/airflow/.local/lib/python3.6/site-packages/airflow/example_dags/example_skip_dag.py for tasks to queue
[2023-03-20 15:05:09,885] {logging_mixin.py:104} INFO - [2023-03-20 15:05:09,885] {dagbag.py:451} INFO - Filling up the DagBag from /home/airflow/.local/lib/python3.6/site-packages/airflow/example_dags/example_skip_dag.py
[2023-03-20 15:05:09,895] {scheduler_job.py:639} INFO - DAG(s) dict_keys(['example_skip_dag']) retrieved from /home/airflow/.local/lib/python3.6/site-packages/airflow/example_dags/example_skip_dag.py
[2023-03-20 15:05:09,916] {logging_mixin.py:104} INFO - [2023-03-20 15:05:09,916] {dag.py:1824} INFO - Sync 1 DAGs
[2023-03-20 15:05:09,926] {logging_mixin.py:104} INFO - [2023-03-20 15:05:09,926] {dag.py:2280} INFO - Setting next_dagrun for example_skip_dag to 2023-03-18 00:00:00+00:00
[2023-03-20 15:05:09,933] {scheduler_job.py:190} INFO - Processing /home/airflow/.local/lib/python3.6/site-packages/airflow/example_dags/example_skip_dag.py took 0.053 seconds
[2023-03-20 15:05:40,491] {scheduler_job.py:182} INFO - Started process (PID=571) to work on /home/airflow/.local/lib/python3.6/site-packages/airflow/example_dags/example_skip_dag.py
[2023-03-20 15:05:40,493] {scheduler_job.py:629} INFO - Processing file /home/airflow/.local/lib/python3.6/site-packages/airflow/example_dags/example_skip_dag.py for tasks to queue
[2023-03-20 15:05:40,494] {logging_mixin.py:104} INFO - [2023-03-20 15:05:40,493] {dagbag.py:451} INFO - Filling up the DagBag from /home/airflow/.local/lib/python3.6/site-packages/airflow/example_dags/example_skip_dag.py
[2023-03-20 15:05:40,503] {scheduler_job.py:639} INFO - DAG(s) dict_keys(['example_skip_dag']) retrieved from /home/airflow/.local/lib/python3.6/site-packages/airflow/example_dags/example_skip_dag.py
[2023-03-20 15:05:40,524] {logging_mixin.py:104} INFO - [2023-03-20 15:05:40,524] {dag.py:1824} INFO - Sync 1 DAGs
[2023-03-20 15:05:40,534] {logging_mixin.py:104} INFO - [2023-03-20 15:05:40,534] {dag.py:2280} INFO - Setting next_dagrun for example_skip_dag to 2023-03-18 00:00:00+00:00
[2023-03-20 15:05:40,541] {scheduler_job.py:190} INFO - Processing /home/airflow/.local/lib/python3.6/site-packages/airflow/example_dags/example_skip_dag.py took 0.052 seconds
[2023-03-20 15:06:11,098] {scheduler_job.py:182} INFO - Started process (PID=597) to work on /home/airflow/.local/lib/python3.6/site-packages/airflow/example_dags/example_skip_dag.py
[2023-03-20 15:06:11,099] {scheduler_job.py:629} INFO - Processing file /home/airflow/.local/lib/python3.6/site-packages/airflow/example_dags/example_skip_dag.py for tasks to queue
[2023-03-20 15:06:11,100] {logging_mixin.py:104} INFO - [2023-03-20 15:06:11,100] {dagbag.py:451} INFO - Filling up the DagBag from /home/airflow/.local/lib/python3.6/site-packages/airflow/example_dags/example_skip_dag.py
[2023-03-20 15:06:11,110] {scheduler_job.py:639} INFO - DAG(s) dict_keys(['example_skip_dag']) retrieved from /home/airflow/.local/lib/python3.6/site-packages/airflow/example_dags/example_skip_dag.py
[2023-03-20 15:06:11,130] {logging_mixin.py:104} INFO - [2023-03-20 15:06:11,130] {dag.py:1824} INFO - Sync 1 DAGs
[2023-03-20 15:06:11,141] {logging_mixin.py:104} INFO - [2023-03-20 15:06:11,141] {dag.py:2280} INFO - Setting next_dagrun for example_skip_dag to 2023-03-18 00:00:00+00:00
[2023-03-20 15:06:11,148] {scheduler_job.py:190} INFO - Processing /home/airflow/.local/lib/python3.6/site-packages/airflow/example_dags/example_skip_dag.py took 0.053 seconds
[2023-03-20 15:06:41,726] {scheduler_job.py:182} INFO - Started process (PID=623) to work on /home/airflow/.local/lib/python3.6/site-packages/airflow/example_dags/example_skip_dag.py
[2023-03-20 15:06:41,728] {scheduler_job.py:629} INFO - Processing file /home/airflow/.local/lib/python3.6/site-packages/airflow/example_dags/example_skip_dag.py for tasks to queue
[2023-03-20 15:06:41,729] {logging_mixin.py:104} INFO - [2023-03-20 15:06:41,729] {dagbag.py:451} INFO - Filling up the DagBag from /home/airflow/.local/lib/python3.6/site-packages/airflow/example_dags/example_skip_dag.py
[2023-03-20 15:06:41,738] {scheduler_job.py:639} INFO - DAG(s) dict_keys(['example_skip_dag']) retrieved from /home/airflow/.local/lib/python3.6/site-packages/airflow/example_dags/example_skip_dag.py
[2023-03-20 15:06:41,759] {logging_mixin.py:104} INFO - [2023-03-20 15:06:41,758] {dag.py:1824} INFO - Sync 1 DAGs
[2023-03-20 15:06:41,769] {logging_mixin.py:104} INFO - [2023-03-20 15:06:41,769] {dag.py:2280} INFO - Setting next_dagrun for example_skip_dag to 2023-03-18 00:00:00+00:00
[2023-03-20 15:06:41,777] {scheduler_job.py:190} INFO - Processing /home/airflow/.local/lib/python3.6/site-packages/airflow/example_dags/example_skip_dag.py took 0.053 seconds
[2023-03-20 15:07:12,489] {scheduler_job.py:182} INFO - Started process (PID=649) to work on /home/airflow/.local/lib/python3.6/site-packages/airflow/example_dags/example_skip_dag.py
[2023-03-20 15:07:12,490] {scheduler_job.py:629} INFO - Processing file /home/airflow/.local/lib/python3.6/site-packages/airflow/example_dags/example_skip_dag.py for tasks to queue
[2023-03-20 15:07:12,491] {logging_mixin.py:104} INFO - [2023-03-20 15:07:12,491] {dagbag.py:451} INFO - Filling up the DagBag from /home/airflow/.local/lib/python3.6/site-packages/airflow/example_dags/example_skip_dag.py
[2023-03-20 15:07:12,502] {scheduler_job.py:639} INFO - DAG(s) dict_keys(['example_skip_dag']) retrieved from /home/airflow/.local/lib/python3.6/site-packages/airflow/example_dags/example_skip_dag.py
[2023-03-20 15:07:12,523] {logging_mixin.py:104} INFO - [2023-03-20 15:07:12,523] {dag.py:1824} INFO - Sync 1 DAGs
[2023-03-20 15:07:12,534] {logging_mixin.py:104} INFO - [2023-03-20 15:07:12,534] {dag.py:2280} INFO - Setting next_dagrun for example_skip_dag to 2023-03-18 00:00:00+00:00
[2023-03-20 15:07:12,541] {scheduler_job.py:190} INFO - Processing /home/airflow/.local/lib/python3.6/site-packages/airflow/example_dags/example_skip_dag.py took 0.057 seconds
[2023-03-20 15:07:43,434] {scheduler_job.py:182} INFO - Started process (PID=675) to work on /home/airflow/.local/lib/python3.6/site-packages/airflow/example_dags/example_skip_dag.py
[2023-03-20 15:07:43,436] {scheduler_job.py:629} INFO - Processing file /home/airflow/.local/lib/python3.6/site-packages/airflow/example_dags/example_skip_dag.py for tasks to queue
[2023-03-20 15:07:43,437] {logging_mixin.py:104} INFO - [2023-03-20 15:07:43,437] {dagbag.py:451} INFO - Filling up the DagBag from /home/airflow/.local/lib/python3.6/site-packages/airflow/example_dags/example_skip_dag.py
[2023-03-20 15:07:43,447] {scheduler_job.py:639} INFO - DAG(s) dict_keys(['example_skip_dag']) retrieved from /home/airflow/.local/lib/python3.6/site-packages/airflow/example_dags/example_skip_dag.py
[2023-03-20 15:07:43,470] {logging_mixin.py:104} INFO - [2023-03-20 15:07:43,469] {dag.py:1824} INFO - Sync 1 DAGs
[2023-03-20 15:07:43,491] {logging_mixin.py:104} INFO - [2023-03-20 15:07:43,491] {dag.py:2280} INFO - Setting next_dagrun for example_skip_dag to 2023-03-18 00:00:00+00:00
[2023-03-20 15:07:43,518] {scheduler_job.py:190} INFO - Processing /home/airflow/.local/lib/python3.6/site-packages/airflow/example_dags/example_skip_dag.py took 0.086 seconds
[2023-03-20 15:08:14,167] {scheduler_job.py:182} INFO - Started process (PID=701) to work on /home/airflow/.local/lib/python3.6/site-packages/airflow/example_dags/example_skip_dag.py
[2023-03-20 15:08:14,169] {scheduler_job.py:629} INFO - Processing file /home/airflow/.local/lib/python3.6/site-packages/airflow/example_dags/example_skip_dag.py for tasks to queue
[2023-03-20 15:08:14,170] {logging_mixin.py:104} INFO - [2023-03-20 15:08:14,170] {dagbag.py:451} INFO - Filling up the DagBag from /home/airflow/.local/lib/python3.6/site-packages/airflow/example_dags/example_skip_dag.py
[2023-03-20 15:08:14,180] {scheduler_job.py:639} INFO - DAG(s) dict_keys(['example_skip_dag']) retrieved from /home/airflow/.local/lib/python3.6/site-packages/airflow/example_dags/example_skip_dag.py
[2023-03-20 15:08:14,201] {logging_mixin.py:104} INFO - [2023-03-20 15:08:14,201] {dag.py:1824} INFO - Sync 1 DAGs
[2023-03-20 15:08:14,213] {logging_mixin.py:104} INFO - [2023-03-20 15:08:14,213] {dag.py:2280} INFO - Setting next_dagrun for example_skip_dag to 2023-03-18 00:00:00+00:00
[2023-03-20 15:08:14,219] {scheduler_job.py:190} INFO - Processing /home/airflow/.local/lib/python3.6/site-packages/airflow/example_dags/example_skip_dag.py took 0.054 seconds
[2023-03-20 15:08:44,922] {scheduler_job.py:182} INFO - Started process (PID=727) to work on /home/airflow/.local/lib/python3.6/site-packages/airflow/example_dags/example_skip_dag.py
[2023-03-20 15:08:44,925] {scheduler_job.py:629} INFO - Processing file /home/airflow/.local/lib/python3.6/site-packages/airflow/example_dags/example_skip_dag.py for tasks to queue
[2023-03-20 15:08:44,926] {logging_mixin.py:104} INFO - [2023-03-20 15:08:44,926] {dagbag.py:451} INFO - Filling up the DagBag from /home/airflow/.local/lib/python3.6/site-packages/airflow/example_dags/example_skip_dag.py
[2023-03-20 15:08:44,936] {scheduler_job.py:639} INFO - DAG(s) dict_keys(['example_skip_dag']) retrieved from /home/airflow/.local/lib/python3.6/site-packages/airflow/example_dags/example_skip_dag.py
[2023-03-20 15:08:44,959] {logging_mixin.py:104} INFO - [2023-03-20 15:08:44,959] {dag.py:1824} INFO - Sync 1 DAGs
[2023-03-20 15:08:44,971] {logging_mixin.py:104} INFO - [2023-03-20 15:08:44,971] {dag.py:2280} INFO - Setting next_dagrun for example_skip_dag to 2023-03-18 00:00:00+00:00
[2023-03-20 15:08:44,978] {scheduler_job.py:190} INFO - Processing /home/airflow/.local/lib/python3.6/site-packages/airflow/example_dags/example_skip_dag.py took 0.060 seconds
[2023-03-20 15:09:15,731] {scheduler_job.py:182} INFO - Started process (PID=753) to work on /home/airflow/.local/lib/python3.6/site-packages/airflow/example_dags/example_skip_dag.py
[2023-03-20 15:09:15,733] {scheduler_job.py:629} INFO - Processing file /home/airflow/.local/lib/python3.6/site-packages/airflow/example_dags/example_skip_dag.py for tasks to queue
[2023-03-20 15:09:15,734] {logging_mixin.py:104} INFO - [2023-03-20 15:09:15,734] {dagbag.py:451} INFO - Filling up the DagBag from /home/airflow/.local/lib/python3.6/site-packages/airflow/example_dags/example_skip_dag.py
[2023-03-20 15:09:15,745] {scheduler_job.py:639} INFO - DAG(s) dict_keys(['example_skip_dag']) retrieved from /home/airflow/.local/lib/python3.6/site-packages/airflow/example_dags/example_skip_dag.py
[2023-03-20 15:09:15,770] {logging_mixin.py:104} INFO - [2023-03-20 15:09:15,770] {dag.py:1824} INFO - Sync 1 DAGs
[2023-03-20 15:09:15,783] {logging_mixin.py:104} INFO - [2023-03-20 15:09:15,783] {dag.py:2280} INFO - Setting next_dagrun for example_skip_dag to 2023-03-18 00:00:00+00:00
[2023-03-20 15:09:15,790] {scheduler_job.py:190} INFO - Processing /home/airflow/.local/lib/python3.6/site-packages/airflow/example_dags/example_skip_dag.py took 0.062 seconds
