[2023-03-20T11:13:29.630+0000] {processor.py:153} INFO - Started process (PID=40) to work on /home/airflow/.local/lib/python3.7/site-packages/airflow/example_dags/example_task_group_decorator.py
[2023-03-20T11:13:29.635+0000] {processor.py:743} INFO - Processing file /home/airflow/.local/lib/python3.7/site-packages/airflow/example_dags/example_task_group_decorator.py for tasks to queue
[2023-03-20T11:13:29.638+0000] {logging_mixin.py:137} INFO - [2023-03-20T11:13:29.638+0000] {dagbag.py:532} INFO - Filling up the DagBag from /home/airflow/.local/lib/python3.7/site-packages/airflow/example_dags/example_task_group_decorator.py
[2023-03-20T11:13:29.727+0000] {processor.py:753} INFO - DAG(s) dict_keys(['example_task_group_decorator']) retrieved from /home/airflow/.local/lib/python3.7/site-packages/airflow/example_dags/example_task_group_decorator.py
[2023-03-20T11:13:29.772+0000] {logging_mixin.py:137} INFO - [2023-03-20T11:13:29.772+0000] {dag.py:2693} INFO - Sync 1 DAGs
[2023-03-20T11:13:29.815+0000] {logging_mixin.py:137} INFO - [2023-03-20T11:13:29.815+0000] {dag.py:3444} INFO - Setting next_dagrun for example_task_group_decorator to 2023-03-19T11:13:29.815053+00:00, run_after=2023-03-20T11:13:29.815053+00:00
[2023-03-20T11:13:29.845+0000] {processor.py:175} INFO - Processing /home/airflow/.local/lib/python3.7/site-packages/airflow/example_dags/example_task_group_decorator.py took 0.244 seconds
[2023-03-20T11:14:00.114+0000] {processor.py:153} INFO - Started process (PID=89) to work on /home/airflow/.local/lib/python3.7/site-packages/airflow/example_dags/example_task_group_decorator.py
[2023-03-20T11:14:00.126+0000] {processor.py:743} INFO - Processing file /home/airflow/.local/lib/python3.7/site-packages/airflow/example_dags/example_task_group_decorator.py for tasks to queue
[2023-03-20T11:14:00.140+0000] {logging_mixin.py:137} INFO - [2023-03-20T11:14:00.140+0000] {dagbag.py:532} INFO - Filling up the DagBag from /home/airflow/.local/lib/python3.7/site-packages/airflow/example_dags/example_task_group_decorator.py
[2023-03-20T11:14:00.243+0000] {processor.py:753} INFO - DAG(s) dict_keys(['example_task_group_decorator']) retrieved from /home/airflow/.local/lib/python3.7/site-packages/airflow/example_dags/example_task_group_decorator.py
[2023-03-20T11:14:00.348+0000] {logging_mixin.py:137} INFO - [2023-03-20T11:14:00.348+0000] {dag.py:2693} INFO - Sync 1 DAGs
[2023-03-20T11:14:00.427+0000] {logging_mixin.py:137} INFO - [2023-03-20T11:14:00.427+0000] {dag.py:3444} INFO - Setting next_dagrun for example_task_group_decorator to 2023-03-19T11:14:00.425904+00:00, run_after=2023-03-20T11:14:00.425904+00:00
[2023-03-20T11:14:00.482+0000] {processor.py:175} INFO - Processing /home/airflow/.local/lib/python3.7/site-packages/airflow/example_dags/example_task_group_decorator.py took 0.393 seconds
[2023-03-20T11:14:31.093+0000] {processor.py:153} INFO - Started process (PID=139) to work on /home/airflow/.local/lib/python3.7/site-packages/airflow/example_dags/example_task_group_decorator.py
[2023-03-20T11:14:31.095+0000] {processor.py:743} INFO - Processing file /home/airflow/.local/lib/python3.7/site-packages/airflow/example_dags/example_task_group_decorator.py for tasks to queue
[2023-03-20T11:14:31.097+0000] {logging_mixin.py:137} INFO - [2023-03-20T11:14:31.097+0000] {dagbag.py:532} INFO - Filling up the DagBag from /home/airflow/.local/lib/python3.7/site-packages/airflow/example_dags/example_task_group_decorator.py
[2023-03-20T11:14:31.141+0000] {processor.py:753} INFO - DAG(s) dict_keys(['example_task_group_decorator']) retrieved from /home/airflow/.local/lib/python3.7/site-packages/airflow/example_dags/example_task_group_decorator.py
[2023-03-20T11:14:31.160+0000] {logging_mixin.py:137} INFO - [2023-03-20T11:14:31.160+0000] {dag.py:2693} INFO - Sync 1 DAGs
[2023-03-20T11:14:31.182+0000] {logging_mixin.py:137} INFO - [2023-03-20T11:14:31.181+0000] {dag.py:3444} INFO - Setting next_dagrun for example_task_group_decorator to 2023-03-19T11:14:31.181553+00:00, run_after=2023-03-20T11:14:31.181553+00:00
[2023-03-20T11:14:31.195+0000] {processor.py:175} INFO - Processing /home/airflow/.local/lib/python3.7/site-packages/airflow/example_dags/example_task_group_decorator.py took 0.107 seconds
[2023-03-20T11:15:01.909+0000] {processor.py:153} INFO - Started process (PID=188) to work on /home/airflow/.local/lib/python3.7/site-packages/airflow/example_dags/example_task_group_decorator.py
[2023-03-20T11:15:01.911+0000] {processor.py:743} INFO - Processing file /home/airflow/.local/lib/python3.7/site-packages/airflow/example_dags/example_task_group_decorator.py for tasks to queue
[2023-03-20T11:15:01.912+0000] {logging_mixin.py:137} INFO - [2023-03-20T11:15:01.912+0000] {dagbag.py:532} INFO - Filling up the DagBag from /home/airflow/.local/lib/python3.7/site-packages/airflow/example_dags/example_task_group_decorator.py
[2023-03-20T11:15:01.945+0000] {processor.py:753} INFO - DAG(s) dict_keys(['example_task_group_decorator']) retrieved from /home/airflow/.local/lib/python3.7/site-packages/airflow/example_dags/example_task_group_decorator.py
[2023-03-20T11:15:01.976+0000] {logging_mixin.py:137} INFO - [2023-03-20T11:15:01.975+0000] {dag.py:2693} INFO - Sync 1 DAGs
[2023-03-20T11:15:02.025+0000] {logging_mixin.py:137} INFO - [2023-03-20T11:15:02.024+0000] {dag.py:3444} INFO - Setting next_dagrun for example_task_group_decorator to 2023-03-19T11:15:02.024499+00:00, run_after=2023-03-20T11:15:02.024499+00:00
[2023-03-20T11:15:02.045+0000] {processor.py:175} INFO - Processing /home/airflow/.local/lib/python3.7/site-packages/airflow/example_dags/example_task_group_decorator.py took 0.140 seconds
[2023-03-20T11:15:32.762+0000] {processor.py:153} INFO - Started process (PID=237) to work on /home/airflow/.local/lib/python3.7/site-packages/airflow/example_dags/example_task_group_decorator.py
[2023-03-20T11:15:32.764+0000] {processor.py:743} INFO - Processing file /home/airflow/.local/lib/python3.7/site-packages/airflow/example_dags/example_task_group_decorator.py for tasks to queue
[2023-03-20T11:15:32.767+0000] {logging_mixin.py:137} INFO - [2023-03-20T11:15:32.766+0000] {dagbag.py:532} INFO - Filling up the DagBag from /home/airflow/.local/lib/python3.7/site-packages/airflow/example_dags/example_task_group_decorator.py
[2023-03-20T11:15:32.808+0000] {processor.py:753} INFO - DAG(s) dict_keys(['example_task_group_decorator']) retrieved from /home/airflow/.local/lib/python3.7/site-packages/airflow/example_dags/example_task_group_decorator.py
[2023-03-20T11:15:32.868+0000] {logging_mixin.py:137} INFO - [2023-03-20T11:15:32.868+0000] {dag.py:2693} INFO - Sync 1 DAGs
[2023-03-20T11:15:32.891+0000] {logging_mixin.py:137} INFO - [2023-03-20T11:15:32.890+0000] {dag.py:3444} INFO - Setting next_dagrun for example_task_group_decorator to 2023-03-19T11:15:32.890482+00:00, run_after=2023-03-20T11:15:32.890482+00:00
[2023-03-20T11:15:32.906+0000] {processor.py:175} INFO - Processing /home/airflow/.local/lib/python3.7/site-packages/airflow/example_dags/example_task_group_decorator.py took 0.151 seconds
[2023-03-20T11:16:03.238+0000] {processor.py:153} INFO - Started process (PID=286) to work on /home/airflow/.local/lib/python3.7/site-packages/airflow/example_dags/example_task_group_decorator.py
[2023-03-20T11:16:03.240+0000] {processor.py:743} INFO - Processing file /home/airflow/.local/lib/python3.7/site-packages/airflow/example_dags/example_task_group_decorator.py for tasks to queue
[2023-03-20T11:16:03.241+0000] {logging_mixin.py:137} INFO - [2023-03-20T11:16:03.241+0000] {dagbag.py:532} INFO - Filling up the DagBag from /home/airflow/.local/lib/python3.7/site-packages/airflow/example_dags/example_task_group_decorator.py
[2023-03-20T11:16:03.282+0000] {processor.py:753} INFO - DAG(s) dict_keys(['example_task_group_decorator']) retrieved from /home/airflow/.local/lib/python3.7/site-packages/airflow/example_dags/example_task_group_decorator.py
[2023-03-20T11:16:03.313+0000] {logging_mixin.py:137} INFO - [2023-03-20T11:16:03.312+0000] {dag.py:2693} INFO - Sync 1 DAGs
[2023-03-20T11:16:03.332+0000] {logging_mixin.py:137} INFO - [2023-03-20T11:16:03.332+0000] {dag.py:3444} INFO - Setting next_dagrun for example_task_group_decorator to 2023-03-19T11:16:03.331800+00:00, run_after=2023-03-20T11:16:03.331800+00:00
[2023-03-20T11:16:03.345+0000] {processor.py:175} INFO - Processing /home/airflow/.local/lib/python3.7/site-packages/airflow/example_dags/example_task_group_decorator.py took 0.115 seconds
[2023-03-20T11:16:33.607+0000] {processor.py:153} INFO - Started process (PID=335) to work on /home/airflow/.local/lib/python3.7/site-packages/airflow/example_dags/example_task_group_decorator.py
[2023-03-20T11:16:33.610+0000] {processor.py:743} INFO - Processing file /home/airflow/.local/lib/python3.7/site-packages/airflow/example_dags/example_task_group_decorator.py for tasks to queue
[2023-03-20T11:16:33.613+0000] {logging_mixin.py:137} INFO - [2023-03-20T11:16:33.613+0000] {dagbag.py:532} INFO - Filling up the DagBag from /home/airflow/.local/lib/python3.7/site-packages/airflow/example_dags/example_task_group_decorator.py
[2023-03-20T11:16:33.645+0000] {processor.py:753} INFO - DAG(s) dict_keys(['example_task_group_decorator']) retrieved from /home/airflow/.local/lib/python3.7/site-packages/airflow/example_dags/example_task_group_decorator.py
[2023-03-20T11:16:33.690+0000] {logging_mixin.py:137} INFO - [2023-03-20T11:16:33.690+0000] {dag.py:2693} INFO - Sync 1 DAGs
[2023-03-20T11:16:33.716+0000] {logging_mixin.py:137} INFO - [2023-03-20T11:16:33.716+0000] {dag.py:3444} INFO - Setting next_dagrun for example_task_group_decorator to 2023-03-19T11:16:33.716008+00:00, run_after=2023-03-20T11:16:33.716008+00:00
[2023-03-20T11:16:33.733+0000] {processor.py:175} INFO - Processing /home/airflow/.local/lib/python3.7/site-packages/airflow/example_dags/example_task_group_decorator.py took 0.131 seconds
[2023-03-20T11:17:04.178+0000] {processor.py:153} INFO - Started process (PID=384) to work on /home/airflow/.local/lib/python3.7/site-packages/airflow/example_dags/example_task_group_decorator.py
[2023-03-20T11:17:04.181+0000] {processor.py:743} INFO - Processing file /home/airflow/.local/lib/python3.7/site-packages/airflow/example_dags/example_task_group_decorator.py for tasks to queue
[2023-03-20T11:17:04.183+0000] {logging_mixin.py:137} INFO - [2023-03-20T11:17:04.182+0000] {dagbag.py:532} INFO - Filling up the DagBag from /home/airflow/.local/lib/python3.7/site-packages/airflow/example_dags/example_task_group_decorator.py
[2023-03-20T11:17:04.221+0000] {processor.py:753} INFO - DAG(s) dict_keys(['example_task_group_decorator']) retrieved from /home/airflow/.local/lib/python3.7/site-packages/airflow/example_dags/example_task_group_decorator.py
[2023-03-20T11:17:04.268+0000] {logging_mixin.py:137} INFO - [2023-03-20T11:17:04.268+0000] {dag.py:2693} INFO - Sync 1 DAGs
[2023-03-20T11:17:04.294+0000] {logging_mixin.py:137} INFO - [2023-03-20T11:17:04.294+0000] {dag.py:3444} INFO - Setting next_dagrun for example_task_group_decorator to 2023-03-19T11:17:04.293685+00:00, run_after=2023-03-20T11:17:04.293685+00:00
[2023-03-20T11:17:04.311+0000] {processor.py:175} INFO - Processing /home/airflow/.local/lib/python3.7/site-packages/airflow/example_dags/example_task_group_decorator.py took 0.138 seconds
[2023-03-20T11:17:35.130+0000] {processor.py:153} INFO - Started process (PID=433) to work on /home/airflow/.local/lib/python3.7/site-packages/airflow/example_dags/example_task_group_decorator.py
[2023-03-20T11:17:35.133+0000] {processor.py:743} INFO - Processing file /home/airflow/.local/lib/python3.7/site-packages/airflow/example_dags/example_task_group_decorator.py for tasks to queue
[2023-03-20T11:17:35.134+0000] {logging_mixin.py:137} INFO - [2023-03-20T11:17:35.134+0000] {dagbag.py:532} INFO - Filling up the DagBag from /home/airflow/.local/lib/python3.7/site-packages/airflow/example_dags/example_task_group_decorator.py
[2023-03-20T11:17:35.169+0000] {processor.py:753} INFO - DAG(s) dict_keys(['example_task_group_decorator']) retrieved from /home/airflow/.local/lib/python3.7/site-packages/airflow/example_dags/example_task_group_decorator.py
[2023-03-20T11:17:35.212+0000] {logging_mixin.py:137} INFO - [2023-03-20T11:17:35.212+0000] {dag.py:2693} INFO - Sync 1 DAGs
[2023-03-20T11:17:35.235+0000] {logging_mixin.py:137} INFO - [2023-03-20T11:17:35.235+0000] {dag.py:3444} INFO - Setting next_dagrun for example_task_group_decorator to 2023-03-19T11:17:35.235271+00:00, run_after=2023-03-20T11:17:35.235271+00:00
[2023-03-20T11:17:35.250+0000] {processor.py:175} INFO - Processing /home/airflow/.local/lib/python3.7/site-packages/airflow/example_dags/example_task_group_decorator.py took 0.127 seconds
[2023-03-20T11:18:05.588+0000] {processor.py:153} INFO - Started process (PID=482) to work on /home/airflow/.local/lib/python3.7/site-packages/airflow/example_dags/example_task_group_decorator.py
[2023-03-20T11:18:05.590+0000] {processor.py:743} INFO - Processing file /home/airflow/.local/lib/python3.7/site-packages/airflow/example_dags/example_task_group_decorator.py for tasks to queue
[2023-03-20T11:18:05.591+0000] {logging_mixin.py:137} INFO - [2023-03-20T11:18:05.591+0000] {dagbag.py:532} INFO - Filling up the DagBag from /home/airflow/.local/lib/python3.7/site-packages/airflow/example_dags/example_task_group_decorator.py
[2023-03-20T11:18:05.631+0000] {processor.py:753} INFO - DAG(s) dict_keys(['example_task_group_decorator']) retrieved from /home/airflow/.local/lib/python3.7/site-packages/airflow/example_dags/example_task_group_decorator.py
[2023-03-20T11:18:05.669+0000] {logging_mixin.py:137} INFO - [2023-03-20T11:18:05.669+0000] {dag.py:2693} INFO - Sync 1 DAGs
[2023-03-20T11:18:05.692+0000] {logging_mixin.py:137} INFO - [2023-03-20T11:18:05.692+0000] {dag.py:3444} INFO - Setting next_dagrun for example_task_group_decorator to 2023-03-19T11:18:05.691818+00:00, run_after=2023-03-20T11:18:05.691818+00:00
[2023-03-20T11:18:05.711+0000] {processor.py:175} INFO - Processing /home/airflow/.local/lib/python3.7/site-packages/airflow/example_dags/example_task_group_decorator.py took 0.129 seconds
[2023-03-20T11:18:36.484+0000] {processor.py:153} INFO - Started process (PID=531) to work on /home/airflow/.local/lib/python3.7/site-packages/airflow/example_dags/example_task_group_decorator.py
[2023-03-20T11:18:36.486+0000] {processor.py:743} INFO - Processing file /home/airflow/.local/lib/python3.7/site-packages/airflow/example_dags/example_task_group_decorator.py for tasks to queue
[2023-03-20T11:18:36.487+0000] {logging_mixin.py:137} INFO - [2023-03-20T11:18:36.487+0000] {dagbag.py:532} INFO - Filling up the DagBag from /home/airflow/.local/lib/python3.7/site-packages/airflow/example_dags/example_task_group_decorator.py
[2023-03-20T11:18:36.522+0000] {processor.py:753} INFO - DAG(s) dict_keys(['example_task_group_decorator']) retrieved from /home/airflow/.local/lib/python3.7/site-packages/airflow/example_dags/example_task_group_decorator.py
[2023-03-20T11:18:36.548+0000] {logging_mixin.py:137} INFO - [2023-03-20T11:18:36.548+0000] {dag.py:2693} INFO - Sync 1 DAGs
[2023-03-20T11:18:36.566+0000] {logging_mixin.py:137} INFO - [2023-03-20T11:18:36.566+0000] {dag.py:3444} INFO - Setting next_dagrun for example_task_group_decorator to 2023-03-19T11:18:36.566312+00:00, run_after=2023-03-20T11:18:36.566312+00:00
[2023-03-20T11:18:36.578+0000] {processor.py:175} INFO - Processing /home/airflow/.local/lib/python3.7/site-packages/airflow/example_dags/example_task_group_decorator.py took 0.100 seconds
[2023-03-20T11:19:06.872+0000] {processor.py:153} INFO - Started process (PID=580) to work on /home/airflow/.local/lib/python3.7/site-packages/airflow/example_dags/example_task_group_decorator.py
[2023-03-20T11:19:06.874+0000] {processor.py:743} INFO - Processing file /home/airflow/.local/lib/python3.7/site-packages/airflow/example_dags/example_task_group_decorator.py for tasks to queue
[2023-03-20T11:19:06.875+0000] {logging_mixin.py:137} INFO - [2023-03-20T11:19:06.875+0000] {dagbag.py:532} INFO - Filling up the DagBag from /home/airflow/.local/lib/python3.7/site-packages/airflow/example_dags/example_task_group_decorator.py
[2023-03-20T11:19:06.908+0000] {processor.py:753} INFO - DAG(s) dict_keys(['example_task_group_decorator']) retrieved from /home/airflow/.local/lib/python3.7/site-packages/airflow/example_dags/example_task_group_decorator.py
[2023-03-20T11:19:06.935+0000] {logging_mixin.py:137} INFO - [2023-03-20T11:19:06.935+0000] {dag.py:2693} INFO - Sync 1 DAGs
[2023-03-20T11:19:06.954+0000] {logging_mixin.py:137} INFO - [2023-03-20T11:19:06.954+0000] {dag.py:3444} INFO - Setting next_dagrun for example_task_group_decorator to 2023-03-19T11:19:06.953764+00:00, run_after=2023-03-20T11:19:06.953764+00:00
[2023-03-20T11:19:06.966+0000] {processor.py:175} INFO - Processing /home/airflow/.local/lib/python3.7/site-packages/airflow/example_dags/example_task_group_decorator.py took 0.101 seconds
[2023-03-20T11:19:37.205+0000] {processor.py:153} INFO - Started process (PID=629) to work on /home/airflow/.local/lib/python3.7/site-packages/airflow/example_dags/example_task_group_decorator.py
[2023-03-20T11:19:37.207+0000] {processor.py:743} INFO - Processing file /home/airflow/.local/lib/python3.7/site-packages/airflow/example_dags/example_task_group_decorator.py for tasks to queue
[2023-03-20T11:19:37.208+0000] {logging_mixin.py:137} INFO - [2023-03-20T11:19:37.208+0000] {dagbag.py:532} INFO - Filling up the DagBag from /home/airflow/.local/lib/python3.7/site-packages/airflow/example_dags/example_task_group_decorator.py
[2023-03-20T11:19:37.263+0000] {processor.py:753} INFO - DAG(s) dict_keys(['example_task_group_decorator']) retrieved from /home/airflow/.local/lib/python3.7/site-packages/airflow/example_dags/example_task_group_decorator.py
[2023-03-20T11:19:37.294+0000] {logging_mixin.py:137} INFO - [2023-03-20T11:19:37.294+0000] {dag.py:2693} INFO - Sync 1 DAGs
[2023-03-20T11:19:37.313+0000] {logging_mixin.py:137} INFO - [2023-03-20T11:19:37.313+0000] {dag.py:3444} INFO - Setting next_dagrun for example_task_group_decorator to 2023-03-19T11:19:37.313310+00:00, run_after=2023-03-20T11:19:37.313310+00:00
[2023-03-20T11:19:37.326+0000] {processor.py:175} INFO - Processing /home/airflow/.local/lib/python3.7/site-packages/airflow/example_dags/example_task_group_decorator.py took 0.130 seconds
[2023-03-20T11:20:07.538+0000] {processor.py:153} INFO - Started process (PID=678) to work on /home/airflow/.local/lib/python3.7/site-packages/airflow/example_dags/example_task_group_decorator.py
[2023-03-20T11:20:07.540+0000] {processor.py:743} INFO - Processing file /home/airflow/.local/lib/python3.7/site-packages/airflow/example_dags/example_task_group_decorator.py for tasks to queue
[2023-03-20T11:20:07.542+0000] {logging_mixin.py:137} INFO - [2023-03-20T11:20:07.541+0000] {dagbag.py:532} INFO - Filling up the DagBag from /home/airflow/.local/lib/python3.7/site-packages/airflow/example_dags/example_task_group_decorator.py
[2023-03-20T11:20:07.607+0000] {processor.py:753} INFO - DAG(s) dict_keys(['example_task_group_decorator']) retrieved from /home/airflow/.local/lib/python3.7/site-packages/airflow/example_dags/example_task_group_decorator.py
[2023-03-20T11:20:07.641+0000] {logging_mixin.py:137} INFO - [2023-03-20T11:20:07.641+0000] {dag.py:2693} INFO - Sync 1 DAGs
[2023-03-20T11:20:07.663+0000] {logging_mixin.py:137} INFO - [2023-03-20T11:20:07.663+0000] {dag.py:3444} INFO - Setting next_dagrun for example_task_group_decorator to 2023-03-19T11:20:07.663206+00:00, run_after=2023-03-20T11:20:07.663206+00:00
[2023-03-20T11:20:07.677+0000] {processor.py:175} INFO - Processing /home/airflow/.local/lib/python3.7/site-packages/airflow/example_dags/example_task_group_decorator.py took 0.146 seconds
[2023-03-20T11:20:37.985+0000] {processor.py:153} INFO - Started process (PID=727) to work on /home/airflow/.local/lib/python3.7/site-packages/airflow/example_dags/example_task_group_decorator.py
[2023-03-20T11:20:37.988+0000] {processor.py:743} INFO - Processing file /home/airflow/.local/lib/python3.7/site-packages/airflow/example_dags/example_task_group_decorator.py for tasks to queue
[2023-03-20T11:20:37.990+0000] {logging_mixin.py:137} INFO - [2023-03-20T11:20:37.989+0000] {dagbag.py:532} INFO - Filling up the DagBag from /home/airflow/.local/lib/python3.7/site-packages/airflow/example_dags/example_task_group_decorator.py
[2023-03-20T11:20:38.037+0000] {processor.py:753} INFO - DAG(s) dict_keys(['example_task_group_decorator']) retrieved from /home/airflow/.local/lib/python3.7/site-packages/airflow/example_dags/example_task_group_decorator.py
[2023-03-20T11:20:38.087+0000] {logging_mixin.py:137} INFO - [2023-03-20T11:20:38.087+0000] {dag.py:2693} INFO - Sync 1 DAGs
[2023-03-20T11:20:38.114+0000] {logging_mixin.py:137} INFO - [2023-03-20T11:20:38.114+0000] {dag.py:3444} INFO - Setting next_dagrun for example_task_group_decorator to 2023-03-19T11:20:38.113852+00:00, run_after=2023-03-20T11:20:38.113852+00:00
[2023-03-20T11:20:38.130+0000] {processor.py:175} INFO - Processing /home/airflow/.local/lib/python3.7/site-packages/airflow/example_dags/example_task_group_decorator.py took 0.158 seconds
[2023-03-20T11:21:08.345+0000] {processor.py:153} INFO - Started process (PID=776) to work on /home/airflow/.local/lib/python3.7/site-packages/airflow/example_dags/example_task_group_decorator.py
[2023-03-20T11:21:08.347+0000] {processor.py:743} INFO - Processing file /home/airflow/.local/lib/python3.7/site-packages/airflow/example_dags/example_task_group_decorator.py for tasks to queue
[2023-03-20T11:21:08.349+0000] {logging_mixin.py:137} INFO - [2023-03-20T11:21:08.349+0000] {dagbag.py:532} INFO - Filling up the DagBag from /home/airflow/.local/lib/python3.7/site-packages/airflow/example_dags/example_task_group_decorator.py
[2023-03-20T11:21:08.378+0000] {processor.py:753} INFO - DAG(s) dict_keys(['example_task_group_decorator']) retrieved from /home/airflow/.local/lib/python3.7/site-packages/airflow/example_dags/example_task_group_decorator.py
[2023-03-20T11:21:08.403+0000] {logging_mixin.py:137} INFO - [2023-03-20T11:21:08.403+0000] {dag.py:2693} INFO - Sync 1 DAGs
[2023-03-20T11:21:08.423+0000] {logging_mixin.py:137} INFO - [2023-03-20T11:21:08.423+0000] {dag.py:3444} INFO - Setting next_dagrun for example_task_group_decorator to 2023-03-19T11:21:08.422788+00:00, run_after=2023-03-20T11:21:08.422788+00:00
[2023-03-20T11:21:08.436+0000] {processor.py:175} INFO - Processing /home/airflow/.local/lib/python3.7/site-packages/airflow/example_dags/example_task_group_decorator.py took 0.095 seconds
[2023-03-20T11:21:38.769+0000] {processor.py:153} INFO - Started process (PID=825) to work on /home/airflow/.local/lib/python3.7/site-packages/airflow/example_dags/example_task_group_decorator.py
[2023-03-20T11:21:38.771+0000] {processor.py:743} INFO - Processing file /home/airflow/.local/lib/python3.7/site-packages/airflow/example_dags/example_task_group_decorator.py for tasks to queue
[2023-03-20T11:21:38.772+0000] {logging_mixin.py:137} INFO - [2023-03-20T11:21:38.772+0000] {dagbag.py:532} INFO - Filling up the DagBag from /home/airflow/.local/lib/python3.7/site-packages/airflow/example_dags/example_task_group_decorator.py
[2023-03-20T11:21:38.804+0000] {processor.py:753} INFO - DAG(s) dict_keys(['example_task_group_decorator']) retrieved from /home/airflow/.local/lib/python3.7/site-packages/airflow/example_dags/example_task_group_decorator.py
[2023-03-20T11:21:38.831+0000] {logging_mixin.py:137} INFO - [2023-03-20T11:21:38.830+0000] {dag.py:2693} INFO - Sync 1 DAGs
[2023-03-20T11:21:38.850+0000] {logging_mixin.py:137} INFO - [2023-03-20T11:21:38.850+0000] {dag.py:3444} INFO - Setting next_dagrun for example_task_group_decorator to 2023-03-19T11:21:38.850226+00:00, run_after=2023-03-20T11:21:38.850226+00:00
[2023-03-20T11:21:38.863+0000] {processor.py:175} INFO - Processing /home/airflow/.local/lib/python3.7/site-packages/airflow/example_dags/example_task_group_decorator.py took 0.100 seconds
[2023-03-20T11:22:09.068+0000] {processor.py:153} INFO - Started process (PID=874) to work on /home/airflow/.local/lib/python3.7/site-packages/airflow/example_dags/example_task_group_decorator.py
[2023-03-20T11:22:09.070+0000] {processor.py:743} INFO - Processing file /home/airflow/.local/lib/python3.7/site-packages/airflow/example_dags/example_task_group_decorator.py for tasks to queue
[2023-03-20T11:22:09.071+0000] {logging_mixin.py:137} INFO - [2023-03-20T11:22:09.071+0000] {dagbag.py:532} INFO - Filling up the DagBag from /home/airflow/.local/lib/python3.7/site-packages/airflow/example_dags/example_task_group_decorator.py
[2023-03-20T11:22:09.119+0000] {processor.py:753} INFO - DAG(s) dict_keys(['example_task_group_decorator']) retrieved from /home/airflow/.local/lib/python3.7/site-packages/airflow/example_dags/example_task_group_decorator.py
[2023-03-20T11:22:09.157+0000] {logging_mixin.py:137} INFO - [2023-03-20T11:22:09.157+0000] {dag.py:2693} INFO - Sync 1 DAGs
[2023-03-20T11:22:09.179+0000] {logging_mixin.py:137} INFO - [2023-03-20T11:22:09.179+0000] {dag.py:3444} INFO - Setting next_dagrun for example_task_group_decorator to 2023-03-19T11:22:09.178658+00:00, run_after=2023-03-20T11:22:09.178658+00:00
[2023-03-20T11:22:09.193+0000] {processor.py:175} INFO - Processing /home/airflow/.local/lib/python3.7/site-packages/airflow/example_dags/example_task_group_decorator.py took 0.130 seconds
[2023-03-20T11:22:39.534+0000] {processor.py:153} INFO - Started process (PID=923) to work on /home/airflow/.local/lib/python3.7/site-packages/airflow/example_dags/example_task_group_decorator.py
[2023-03-20T11:22:39.536+0000] {processor.py:743} INFO - Processing file /home/airflow/.local/lib/python3.7/site-packages/airflow/example_dags/example_task_group_decorator.py for tasks to queue
[2023-03-20T11:22:39.538+0000] {logging_mixin.py:137} INFO - [2023-03-20T11:22:39.538+0000] {dagbag.py:532} INFO - Filling up the DagBag from /home/airflow/.local/lib/python3.7/site-packages/airflow/example_dags/example_task_group_decorator.py
[2023-03-20T11:22:39.594+0000] {processor.py:753} INFO - DAG(s) dict_keys(['example_task_group_decorator']) retrieved from /home/airflow/.local/lib/python3.7/site-packages/airflow/example_dags/example_task_group_decorator.py
[2023-03-20T11:22:39.673+0000] {logging_mixin.py:137} INFO - [2023-03-20T11:22:39.673+0000] {dag.py:2693} INFO - Sync 1 DAGs
[2023-03-20T11:22:39.700+0000] {logging_mixin.py:137} INFO - [2023-03-20T11:22:39.700+0000] {dag.py:3444} INFO - Setting next_dagrun for example_task_group_decorator to 2023-03-19T11:22:39.700431+00:00, run_after=2023-03-20T11:22:39.700431+00:00
[2023-03-20T11:22:39.717+0000] {processor.py:175} INFO - Processing /home/airflow/.local/lib/python3.7/site-packages/airflow/example_dags/example_task_group_decorator.py took 0.194 seconds
[2023-03-20T11:23:10.435+0000] {processor.py:153} INFO - Started process (PID=972) to work on /home/airflow/.local/lib/python3.7/site-packages/airflow/example_dags/example_task_group_decorator.py
[2023-03-20T11:23:10.437+0000] {processor.py:743} INFO - Processing file /home/airflow/.local/lib/python3.7/site-packages/airflow/example_dags/example_task_group_decorator.py for tasks to queue
[2023-03-20T11:23:10.439+0000] {logging_mixin.py:137} INFO - [2023-03-20T11:23:10.439+0000] {dagbag.py:532} INFO - Filling up the DagBag from /home/airflow/.local/lib/python3.7/site-packages/airflow/example_dags/example_task_group_decorator.py
[2023-03-20T11:23:10.495+0000] {processor.py:753} INFO - DAG(s) dict_keys(['example_task_group_decorator']) retrieved from /home/airflow/.local/lib/python3.7/site-packages/airflow/example_dags/example_task_group_decorator.py
[2023-03-20T11:23:10.533+0000] {logging_mixin.py:137} INFO - [2023-03-20T11:23:10.533+0000] {dag.py:2693} INFO - Sync 1 DAGs
[2023-03-20T11:23:10.556+0000] {logging_mixin.py:137} INFO - [2023-03-20T11:23:10.556+0000] {dag.py:3444} INFO - Setting next_dagrun for example_task_group_decorator to 2023-03-19T11:23:10.555912+00:00, run_after=2023-03-20T11:23:10.555912+00:00
[2023-03-20T11:23:10.570+0000] {processor.py:175} INFO - Processing /home/airflow/.local/lib/python3.7/site-packages/airflow/example_dags/example_task_group_decorator.py took 0.142 seconds
[2023-03-20T11:23:40.895+0000] {processor.py:153} INFO - Started process (PID=1021) to work on /home/airflow/.local/lib/python3.7/site-packages/airflow/example_dags/example_task_group_decorator.py
[2023-03-20T11:23:40.897+0000] {processor.py:743} INFO - Processing file /home/airflow/.local/lib/python3.7/site-packages/airflow/example_dags/example_task_group_decorator.py for tasks to queue
[2023-03-20T11:23:40.899+0000] {logging_mixin.py:137} INFO - [2023-03-20T11:23:40.899+0000] {dagbag.py:532} INFO - Filling up the DagBag from /home/airflow/.local/lib/python3.7/site-packages/airflow/example_dags/example_task_group_decorator.py
[2023-03-20T11:23:40.931+0000] {processor.py:753} INFO - DAG(s) dict_keys(['example_task_group_decorator']) retrieved from /home/airflow/.local/lib/python3.7/site-packages/airflow/example_dags/example_task_group_decorator.py
[2023-03-20T11:23:40.966+0000] {logging_mixin.py:137} INFO - [2023-03-20T11:23:40.966+0000] {dag.py:2693} INFO - Sync 1 DAGs
[2023-03-20T11:23:40.990+0000] {logging_mixin.py:137} INFO - [2023-03-20T11:23:40.990+0000] {dag.py:3444} INFO - Setting next_dagrun for example_task_group_decorator to 2023-03-19T11:23:40.988341+00:00, run_after=2023-03-20T11:23:40.988341+00:00
[2023-03-20T11:23:41.028+0000] {processor.py:175} INFO - Processing /home/airflow/.local/lib/python3.7/site-packages/airflow/example_dags/example_task_group_decorator.py took 0.149 seconds
