[2023-03-20T11:13:33.086+0000] {processor.py:153} INFO - Started process (PID=64) to work on /home/airflow/.local/lib/python3.7/site-packages/airflow/example_dags/example_complex.py
[2023-03-20T11:13:33.089+0000] {processor.py:743} INFO - Processing file /home/airflow/.local/lib/python3.7/site-packages/airflow/example_dags/example_complex.py for tasks to queue
[2023-03-20T11:13:33.091+0000] {logging_mixin.py:137} INFO - [2023-03-20T11:13:33.091+0000] {dagbag.py:532} INFO - Filling up the DagBag from /home/airflow/.local/lib/python3.7/site-packages/airflow/example_dags/example_complex.py
[2023-03-20T11:13:33.118+0000] {logging_mixin.py:137} INFO - [2023-03-20T11:13:33.118+0000] {taskmixin.py:211} WARNING - Dependency <Task(BashOperator): create_entry_group>, delete_entry_group already registered for DAG: example_complex
[2023-03-20T11:13:33.121+0000] {logging_mixin.py:137} INFO - [2023-03-20T11:13:33.120+0000] {taskmixin.py:211} WARNING - Dependency <Task(BashOperator): delete_entry_group>, create_entry_group already registered for DAG: example_complex
[2023-03-20T11:13:33.122+0000] {logging_mixin.py:137} INFO - [2023-03-20T11:13:33.122+0000] {taskmixin.py:211} WARNING - Dependency <Task(BashOperator): create_entry_gcs>, delete_entry already registered for DAG: example_complex
[2023-03-20T11:13:33.130+0000] {logging_mixin.py:137} INFO - [2023-03-20T11:13:33.130+0000] {taskmixin.py:211} WARNING - Dependency <Task(BashOperator): delete_entry>, create_entry_gcs already registered for DAG: example_complex
[2023-03-20T11:13:33.133+0000] {logging_mixin.py:137} INFO - [2023-03-20T11:13:33.133+0000] {taskmixin.py:211} WARNING - Dependency <Task(BashOperator): create_tag>, delete_tag already registered for DAG: example_complex
[2023-03-20T11:13:33.135+0000] {logging_mixin.py:137} INFO - [2023-03-20T11:13:33.134+0000] {taskmixin.py:211} WARNING - Dependency <Task(BashOperator): delete_tag>, create_tag already registered for DAG: example_complex
[2023-03-20T11:13:33.153+0000] {processor.py:753} INFO - DAG(s) dict_keys(['example_complex']) retrieved from /home/airflow/.local/lib/python3.7/site-packages/airflow/example_dags/example_complex.py
[2023-03-20T11:13:33.197+0000] {logging_mixin.py:137} INFO - [2023-03-20T11:13:33.197+0000] {dag.py:2693} INFO - Sync 1 DAGs
[2023-03-20T11:13:33.251+0000] {logging_mixin.py:137} INFO - [2023-03-20T11:13:33.251+0000] {dag.py:3444} INFO - Setting next_dagrun for example_complex to None, run_after=None
[2023-03-20T11:13:33.283+0000] {processor.py:175} INFO - Processing /home/airflow/.local/lib/python3.7/site-packages/airflow/example_dags/example_complex.py took 0.201 seconds
[2023-03-20T11:14:03.490+0000] {processor.py:153} INFO - Started process (PID=113) to work on /home/airflow/.local/lib/python3.7/site-packages/airflow/example_dags/example_complex.py
[2023-03-20T11:14:03.493+0000] {processor.py:743} INFO - Processing file /home/airflow/.local/lib/python3.7/site-packages/airflow/example_dags/example_complex.py for tasks to queue
[2023-03-20T11:14:03.495+0000] {logging_mixin.py:137} INFO - [2023-03-20T11:14:03.495+0000] {dagbag.py:532} INFO - Filling up the DagBag from /home/airflow/.local/lib/python3.7/site-packages/airflow/example_dags/example_complex.py
[2023-03-20T11:14:03.508+0000] {logging_mixin.py:137} INFO - [2023-03-20T11:14:03.508+0000] {taskmixin.py:211} WARNING - Dependency <Task(BashOperator): create_entry_group>, delete_entry_group already registered for DAG: example_complex
[2023-03-20T11:14:03.510+0000] {logging_mixin.py:137} INFO - [2023-03-20T11:14:03.510+0000] {taskmixin.py:211} WARNING - Dependency <Task(BashOperator): delete_entry_group>, create_entry_group already registered for DAG: example_complex
[2023-03-20T11:14:03.511+0000] {logging_mixin.py:137} INFO - [2023-03-20T11:14:03.511+0000] {taskmixin.py:211} WARNING - Dependency <Task(BashOperator): create_entry_gcs>, delete_entry already registered for DAG: example_complex
[2023-03-20T11:14:03.513+0000] {logging_mixin.py:137} INFO - [2023-03-20T11:14:03.512+0000] {taskmixin.py:211} WARNING - Dependency <Task(BashOperator): delete_entry>, create_entry_gcs already registered for DAG: example_complex
[2023-03-20T11:14:03.514+0000] {logging_mixin.py:137} INFO - [2023-03-20T11:14:03.514+0000] {taskmixin.py:211} WARNING - Dependency <Task(BashOperator): create_tag>, delete_tag already registered for DAG: example_complex
[2023-03-20T11:14:03.515+0000] {logging_mixin.py:137} INFO - [2023-03-20T11:14:03.515+0000] {taskmixin.py:211} WARNING - Dependency <Task(BashOperator): delete_tag>, create_tag already registered for DAG: example_complex
[2023-03-20T11:14:03.522+0000] {processor.py:753} INFO - DAG(s) dict_keys(['example_complex']) retrieved from /home/airflow/.local/lib/python3.7/site-packages/airflow/example_dags/example_complex.py
[2023-03-20T11:14:03.559+0000] {logging_mixin.py:137} INFO - [2023-03-20T11:14:03.559+0000] {dag.py:2693} INFO - Sync 1 DAGs
[2023-03-20T11:14:03.588+0000] {logging_mixin.py:137} INFO - [2023-03-20T11:14:03.587+0000] {dag.py:3444} INFO - Setting next_dagrun for example_complex to None, run_after=None
[2023-03-20T11:14:03.604+0000] {processor.py:175} INFO - Processing /home/airflow/.local/lib/python3.7/site-packages/airflow/example_dags/example_complex.py took 0.123 seconds
[2023-03-20T11:14:33.695+0000] {processor.py:153} INFO - Started process (PID=163) to work on /home/airflow/.local/lib/python3.7/site-packages/airflow/example_dags/example_complex.py
[2023-03-20T11:14:33.696+0000] {processor.py:743} INFO - Processing file /home/airflow/.local/lib/python3.7/site-packages/airflow/example_dags/example_complex.py for tasks to queue
[2023-03-20T11:14:33.697+0000] {logging_mixin.py:137} INFO - [2023-03-20T11:14:33.697+0000] {dagbag.py:532} INFO - Filling up the DagBag from /home/airflow/.local/lib/python3.7/site-packages/airflow/example_dags/example_complex.py
[2023-03-20T11:14:33.705+0000] {logging_mixin.py:137} INFO - [2023-03-20T11:14:33.705+0000] {taskmixin.py:211} WARNING - Dependency <Task(BashOperator): create_entry_group>, delete_entry_group already registered for DAG: example_complex
[2023-03-20T11:14:33.706+0000] {logging_mixin.py:137} INFO - [2023-03-20T11:14:33.706+0000] {taskmixin.py:211} WARNING - Dependency <Task(BashOperator): delete_entry_group>, create_entry_group already registered for DAG: example_complex
[2023-03-20T11:14:33.706+0000] {logging_mixin.py:137} INFO - [2023-03-20T11:14:33.706+0000] {taskmixin.py:211} WARNING - Dependency <Task(BashOperator): create_entry_gcs>, delete_entry already registered for DAG: example_complex
[2023-03-20T11:14:33.707+0000] {logging_mixin.py:137} INFO - [2023-03-20T11:14:33.707+0000] {taskmixin.py:211} WARNING - Dependency <Task(BashOperator): delete_entry>, create_entry_gcs already registered for DAG: example_complex
[2023-03-20T11:14:33.707+0000] {logging_mixin.py:137} INFO - [2023-03-20T11:14:33.707+0000] {taskmixin.py:211} WARNING - Dependency <Task(BashOperator): create_tag>, delete_tag already registered for DAG: example_complex
[2023-03-20T11:14:33.708+0000] {logging_mixin.py:137} INFO - [2023-03-20T11:14:33.708+0000] {taskmixin.py:211} WARNING - Dependency <Task(BashOperator): delete_tag>, create_tag already registered for DAG: example_complex
[2023-03-20T11:14:33.713+0000] {processor.py:753} INFO - DAG(s) dict_keys(['example_complex']) retrieved from /home/airflow/.local/lib/python3.7/site-packages/airflow/example_dags/example_complex.py
[2023-03-20T11:14:33.726+0000] {logging_mixin.py:137} INFO - [2023-03-20T11:14:33.726+0000] {dag.py:2693} INFO - Sync 1 DAGs
[2023-03-20T11:14:33.746+0000] {logging_mixin.py:137} INFO - [2023-03-20T11:14:33.746+0000] {dag.py:3444} INFO - Setting next_dagrun for example_complex to None, run_after=None
[2023-03-20T11:14:33.758+0000] {processor.py:175} INFO - Processing /home/airflow/.local/lib/python3.7/site-packages/airflow/example_dags/example_complex.py took 0.066 seconds
[2023-03-20T11:15:04.532+0000] {processor.py:153} INFO - Started process (PID=212) to work on /home/airflow/.local/lib/python3.7/site-packages/airflow/example_dags/example_complex.py
[2023-03-20T11:15:04.533+0000] {processor.py:743} INFO - Processing file /home/airflow/.local/lib/python3.7/site-packages/airflow/example_dags/example_complex.py for tasks to queue
[2023-03-20T11:15:04.534+0000] {logging_mixin.py:137} INFO - [2023-03-20T11:15:04.534+0000] {dagbag.py:532} INFO - Filling up the DagBag from /home/airflow/.local/lib/python3.7/site-packages/airflow/example_dags/example_complex.py
[2023-03-20T11:15:04.544+0000] {logging_mixin.py:137} INFO - [2023-03-20T11:15:04.544+0000] {taskmixin.py:211} WARNING - Dependency <Task(BashOperator): create_entry_group>, delete_entry_group already registered for DAG: example_complex
[2023-03-20T11:15:04.545+0000] {logging_mixin.py:137} INFO - [2023-03-20T11:15:04.545+0000] {taskmixin.py:211} WARNING - Dependency <Task(BashOperator): delete_entry_group>, create_entry_group already registered for DAG: example_complex
[2023-03-20T11:15:04.545+0000] {logging_mixin.py:137} INFO - [2023-03-20T11:15:04.545+0000] {taskmixin.py:211} WARNING - Dependency <Task(BashOperator): create_entry_gcs>, delete_entry already registered for DAG: example_complex
[2023-03-20T11:15:04.546+0000] {logging_mixin.py:137} INFO - [2023-03-20T11:15:04.546+0000] {taskmixin.py:211} WARNING - Dependency <Task(BashOperator): delete_entry>, create_entry_gcs already registered for DAG: example_complex
[2023-03-20T11:15:04.546+0000] {logging_mixin.py:137} INFO - [2023-03-20T11:15:04.546+0000] {taskmixin.py:211} WARNING - Dependency <Task(BashOperator): create_tag>, delete_tag already registered for DAG: example_complex
[2023-03-20T11:15:04.547+0000] {logging_mixin.py:137} INFO - [2023-03-20T11:15:04.547+0000] {taskmixin.py:211} WARNING - Dependency <Task(BashOperator): delete_tag>, create_tag already registered for DAG: example_complex
[2023-03-20T11:15:04.553+0000] {processor.py:753} INFO - DAG(s) dict_keys(['example_complex']) retrieved from /home/airflow/.local/lib/python3.7/site-packages/airflow/example_dags/example_complex.py
[2023-03-20T11:15:04.583+0000] {logging_mixin.py:137} INFO - [2023-03-20T11:15:04.582+0000] {dag.py:2693} INFO - Sync 1 DAGs
[2023-03-20T11:15:04.602+0000] {logging_mixin.py:137} INFO - [2023-03-20T11:15:04.602+0000] {dag.py:3444} INFO - Setting next_dagrun for example_complex to None, run_after=None
[2023-03-20T11:15:04.615+0000] {processor.py:175} INFO - Processing /home/airflow/.local/lib/python3.7/site-packages/airflow/example_dags/example_complex.py took 0.087 seconds
[2023-03-20T11:15:35.162+0000] {processor.py:153} INFO - Started process (PID=261) to work on /home/airflow/.local/lib/python3.7/site-packages/airflow/example_dags/example_complex.py
[2023-03-20T11:15:35.164+0000] {processor.py:743} INFO - Processing file /home/airflow/.local/lib/python3.7/site-packages/airflow/example_dags/example_complex.py for tasks to queue
[2023-03-20T11:15:35.165+0000] {logging_mixin.py:137} INFO - [2023-03-20T11:15:35.165+0000] {dagbag.py:532} INFO - Filling up the DagBag from /home/airflow/.local/lib/python3.7/site-packages/airflow/example_dags/example_complex.py
[2023-03-20T11:15:35.173+0000] {logging_mixin.py:137} INFO - [2023-03-20T11:15:35.173+0000] {taskmixin.py:211} WARNING - Dependency <Task(BashOperator): create_entry_group>, delete_entry_group already registered for DAG: example_complex
[2023-03-20T11:15:35.174+0000] {logging_mixin.py:137} INFO - [2023-03-20T11:15:35.174+0000] {taskmixin.py:211} WARNING - Dependency <Task(BashOperator): delete_entry_group>, create_entry_group already registered for DAG: example_complex
[2023-03-20T11:15:35.174+0000] {logging_mixin.py:137} INFO - [2023-03-20T11:15:35.174+0000] {taskmixin.py:211} WARNING - Dependency <Task(BashOperator): create_entry_gcs>, delete_entry already registered for DAG: example_complex
[2023-03-20T11:15:35.175+0000] {logging_mixin.py:137} INFO - [2023-03-20T11:15:35.175+0000] {taskmixin.py:211} WARNING - Dependency <Task(BashOperator): delete_entry>, create_entry_gcs already registered for DAG: example_complex
[2023-03-20T11:15:35.175+0000] {logging_mixin.py:137} INFO - [2023-03-20T11:15:35.175+0000] {taskmixin.py:211} WARNING - Dependency <Task(BashOperator): create_tag>, delete_tag already registered for DAG: example_complex
[2023-03-20T11:15:35.176+0000] {logging_mixin.py:137} INFO - [2023-03-20T11:15:35.176+0000] {taskmixin.py:211} WARNING - Dependency <Task(BashOperator): delete_tag>, create_tag already registered for DAG: example_complex
[2023-03-20T11:15:35.181+0000] {processor.py:753} INFO - DAG(s) dict_keys(['example_complex']) retrieved from /home/airflow/.local/lib/python3.7/site-packages/airflow/example_dags/example_complex.py
[2023-03-20T11:15:35.207+0000] {logging_mixin.py:137} INFO - [2023-03-20T11:15:35.207+0000] {dag.py:2693} INFO - Sync 1 DAGs
[2023-03-20T11:15:35.223+0000] {logging_mixin.py:137} INFO - [2023-03-20T11:15:35.223+0000] {dag.py:3444} INFO - Setting next_dagrun for example_complex to None, run_after=None
[2023-03-20T11:15:35.235+0000] {processor.py:175} INFO - Processing /home/airflow/.local/lib/python3.7/site-packages/airflow/example_dags/example_complex.py took 0.076 seconds
[2023-03-20T11:16:05.533+0000] {processor.py:153} INFO - Started process (PID=310) to work on /home/airflow/.local/lib/python3.7/site-packages/airflow/example_dags/example_complex.py
[2023-03-20T11:16:05.534+0000] {processor.py:743} INFO - Processing file /home/airflow/.local/lib/python3.7/site-packages/airflow/example_dags/example_complex.py for tasks to queue
[2023-03-20T11:16:05.535+0000] {logging_mixin.py:137} INFO - [2023-03-20T11:16:05.535+0000] {dagbag.py:532} INFO - Filling up the DagBag from /home/airflow/.local/lib/python3.7/site-packages/airflow/example_dags/example_complex.py
[2023-03-20T11:16:05.543+0000] {logging_mixin.py:137} INFO - [2023-03-20T11:16:05.543+0000] {taskmixin.py:211} WARNING - Dependency <Task(BashOperator): create_entry_group>, delete_entry_group already registered for DAG: example_complex
[2023-03-20T11:16:05.544+0000] {logging_mixin.py:137} INFO - [2023-03-20T11:16:05.544+0000] {taskmixin.py:211} WARNING - Dependency <Task(BashOperator): delete_entry_group>, create_entry_group already registered for DAG: example_complex
[2023-03-20T11:16:05.545+0000] {logging_mixin.py:137} INFO - [2023-03-20T11:16:05.545+0000] {taskmixin.py:211} WARNING - Dependency <Task(BashOperator): create_entry_gcs>, delete_entry already registered for DAG: example_complex
[2023-03-20T11:16:05.545+0000] {logging_mixin.py:137} INFO - [2023-03-20T11:16:05.545+0000] {taskmixin.py:211} WARNING - Dependency <Task(BashOperator): delete_entry>, create_entry_gcs already registered for DAG: example_complex
[2023-03-20T11:16:05.546+0000] {logging_mixin.py:137} INFO - [2023-03-20T11:16:05.546+0000] {taskmixin.py:211} WARNING - Dependency <Task(BashOperator): create_tag>, delete_tag already registered for DAG: example_complex
[2023-03-20T11:16:05.546+0000] {logging_mixin.py:137} INFO - [2023-03-20T11:16:05.546+0000] {taskmixin.py:211} WARNING - Dependency <Task(BashOperator): delete_tag>, create_tag already registered for DAG: example_complex
[2023-03-20T11:16:05.551+0000] {processor.py:753} INFO - DAG(s) dict_keys(['example_complex']) retrieved from /home/airflow/.local/lib/python3.7/site-packages/airflow/example_dags/example_complex.py
[2023-03-20T11:16:05.576+0000] {logging_mixin.py:137} INFO - [2023-03-20T11:16:05.576+0000] {dag.py:2693} INFO - Sync 1 DAGs
[2023-03-20T11:16:05.594+0000] {logging_mixin.py:137} INFO - [2023-03-20T11:16:05.593+0000] {dag.py:3444} INFO - Setting next_dagrun for example_complex to None, run_after=None
[2023-03-20T11:16:05.605+0000] {processor.py:175} INFO - Processing /home/airflow/.local/lib/python3.7/site-packages/airflow/example_dags/example_complex.py took 0.075 seconds
[2023-03-20T11:16:36.077+0000] {processor.py:153} INFO - Started process (PID=359) to work on /home/airflow/.local/lib/python3.7/site-packages/airflow/example_dags/example_complex.py
[2023-03-20T11:16:36.079+0000] {processor.py:743} INFO - Processing file /home/airflow/.local/lib/python3.7/site-packages/airflow/example_dags/example_complex.py for tasks to queue
[2023-03-20T11:16:36.080+0000] {logging_mixin.py:137} INFO - [2023-03-20T11:16:36.080+0000] {dagbag.py:532} INFO - Filling up the DagBag from /home/airflow/.local/lib/python3.7/site-packages/airflow/example_dags/example_complex.py
[2023-03-20T11:16:36.090+0000] {logging_mixin.py:137} INFO - [2023-03-20T11:16:36.090+0000] {taskmixin.py:211} WARNING - Dependency <Task(BashOperator): create_entry_group>, delete_entry_group already registered for DAG: example_complex
[2023-03-20T11:16:36.091+0000] {logging_mixin.py:137} INFO - [2023-03-20T11:16:36.091+0000] {taskmixin.py:211} WARNING - Dependency <Task(BashOperator): delete_entry_group>, create_entry_group already registered for DAG: example_complex
[2023-03-20T11:16:36.091+0000] {logging_mixin.py:137} INFO - [2023-03-20T11:16:36.091+0000] {taskmixin.py:211} WARNING - Dependency <Task(BashOperator): create_entry_gcs>, delete_entry already registered for DAG: example_complex
[2023-03-20T11:16:36.092+0000] {logging_mixin.py:137} INFO - [2023-03-20T11:16:36.092+0000] {taskmixin.py:211} WARNING - Dependency <Task(BashOperator): delete_entry>, create_entry_gcs already registered for DAG: example_complex
[2023-03-20T11:16:36.093+0000] {logging_mixin.py:137} INFO - [2023-03-20T11:16:36.093+0000] {taskmixin.py:211} WARNING - Dependency <Task(BashOperator): create_tag>, delete_tag already registered for DAG: example_complex
[2023-03-20T11:16:36.094+0000] {logging_mixin.py:137} INFO - [2023-03-20T11:16:36.093+0000] {taskmixin.py:211} WARNING - Dependency <Task(BashOperator): delete_tag>, create_tag already registered for DAG: example_complex
[2023-03-20T11:16:36.102+0000] {processor.py:753} INFO - DAG(s) dict_keys(['example_complex']) retrieved from /home/airflow/.local/lib/python3.7/site-packages/airflow/example_dags/example_complex.py
[2023-03-20T11:16:36.131+0000] {logging_mixin.py:137} INFO - [2023-03-20T11:16:36.130+0000] {dag.py:2693} INFO - Sync 1 DAGs
[2023-03-20T11:16:36.146+0000] {logging_mixin.py:137} INFO - [2023-03-20T11:16:36.146+0000] {dag.py:3444} INFO - Setting next_dagrun for example_complex to None, run_after=None
[2023-03-20T11:16:36.158+0000] {processor.py:175} INFO - Processing /home/airflow/.local/lib/python3.7/site-packages/airflow/example_dags/example_complex.py took 0.084 seconds
[2023-03-20T11:17:06.829+0000] {processor.py:153} INFO - Started process (PID=408) to work on /home/airflow/.local/lib/python3.7/site-packages/airflow/example_dags/example_complex.py
[2023-03-20T11:17:06.830+0000] {processor.py:743} INFO - Processing file /home/airflow/.local/lib/python3.7/site-packages/airflow/example_dags/example_complex.py for tasks to queue
[2023-03-20T11:17:06.831+0000] {logging_mixin.py:137} INFO - [2023-03-20T11:17:06.831+0000] {dagbag.py:532} INFO - Filling up the DagBag from /home/airflow/.local/lib/python3.7/site-packages/airflow/example_dags/example_complex.py
[2023-03-20T11:17:06.843+0000] {logging_mixin.py:137} INFO - [2023-03-20T11:17:06.843+0000] {taskmixin.py:211} WARNING - Dependency <Task(BashOperator): create_entry_group>, delete_entry_group already registered for DAG: example_complex
[2023-03-20T11:17:06.844+0000] {logging_mixin.py:137} INFO - [2023-03-20T11:17:06.844+0000] {taskmixin.py:211} WARNING - Dependency <Task(BashOperator): delete_entry_group>, create_entry_group already registered for DAG: example_complex
[2023-03-20T11:17:06.845+0000] {logging_mixin.py:137} INFO - [2023-03-20T11:17:06.845+0000] {taskmixin.py:211} WARNING - Dependency <Task(BashOperator): create_entry_gcs>, delete_entry already registered for DAG: example_complex
[2023-03-20T11:17:06.845+0000] {logging_mixin.py:137} INFO - [2023-03-20T11:17:06.845+0000] {taskmixin.py:211} WARNING - Dependency <Task(BashOperator): delete_entry>, create_entry_gcs already registered for DAG: example_complex
[2023-03-20T11:17:06.846+0000] {logging_mixin.py:137} INFO - [2023-03-20T11:17:06.846+0000] {taskmixin.py:211} WARNING - Dependency <Task(BashOperator): create_tag>, delete_tag already registered for DAG: example_complex
[2023-03-20T11:17:06.847+0000] {logging_mixin.py:137} INFO - [2023-03-20T11:17:06.847+0000] {taskmixin.py:211} WARNING - Dependency <Task(BashOperator): delete_tag>, create_tag already registered for DAG: example_complex
[2023-03-20T11:17:06.854+0000] {processor.py:753} INFO - DAG(s) dict_keys(['example_complex']) retrieved from /home/airflow/.local/lib/python3.7/site-packages/airflow/example_dags/example_complex.py
[2023-03-20T11:17:06.885+0000] {logging_mixin.py:137} INFO - [2023-03-20T11:17:06.885+0000] {dag.py:2693} INFO - Sync 1 DAGs
[2023-03-20T11:17:06.909+0000] {logging_mixin.py:137} INFO - [2023-03-20T11:17:06.909+0000] {dag.py:3444} INFO - Setting next_dagrun for example_complex to None, run_after=None
[2023-03-20T11:17:06.925+0000] {processor.py:175} INFO - Processing /home/airflow/.local/lib/python3.7/site-packages/airflow/example_dags/example_complex.py took 0.101 seconds
[2023-03-20T11:17:37.438+0000] {processor.py:153} INFO - Started process (PID=457) to work on /home/airflow/.local/lib/python3.7/site-packages/airflow/example_dags/example_complex.py
[2023-03-20T11:17:37.439+0000] {processor.py:743} INFO - Processing file /home/airflow/.local/lib/python3.7/site-packages/airflow/example_dags/example_complex.py for tasks to queue
[2023-03-20T11:17:37.440+0000] {logging_mixin.py:137} INFO - [2023-03-20T11:17:37.440+0000] {dagbag.py:532} INFO - Filling up the DagBag from /home/airflow/.local/lib/python3.7/site-packages/airflow/example_dags/example_complex.py
[2023-03-20T11:17:37.450+0000] {logging_mixin.py:137} INFO - [2023-03-20T11:17:37.450+0000] {taskmixin.py:211} WARNING - Dependency <Task(BashOperator): create_entry_group>, delete_entry_group already registered for DAG: example_complex
[2023-03-20T11:17:37.451+0000] {logging_mixin.py:137} INFO - [2023-03-20T11:17:37.451+0000] {taskmixin.py:211} WARNING - Dependency <Task(BashOperator): delete_entry_group>, create_entry_group already registered for DAG: example_complex
[2023-03-20T11:17:37.451+0000] {logging_mixin.py:137} INFO - [2023-03-20T11:17:37.451+0000] {taskmixin.py:211} WARNING - Dependency <Task(BashOperator): create_entry_gcs>, delete_entry already registered for DAG: example_complex
[2023-03-20T11:17:37.452+0000] {logging_mixin.py:137} INFO - [2023-03-20T11:17:37.452+0000] {taskmixin.py:211} WARNING - Dependency <Task(BashOperator): delete_entry>, create_entry_gcs already registered for DAG: example_complex
[2023-03-20T11:17:37.453+0000] {logging_mixin.py:137} INFO - [2023-03-20T11:17:37.453+0000] {taskmixin.py:211} WARNING - Dependency <Task(BashOperator): create_tag>, delete_tag already registered for DAG: example_complex
[2023-03-20T11:17:37.453+0000] {logging_mixin.py:137} INFO - [2023-03-20T11:17:37.453+0000] {taskmixin.py:211} WARNING - Dependency <Task(BashOperator): delete_tag>, create_tag already registered for DAG: example_complex
[2023-03-20T11:17:37.460+0000] {processor.py:753} INFO - DAG(s) dict_keys(['example_complex']) retrieved from /home/airflow/.local/lib/python3.7/site-packages/airflow/example_dags/example_complex.py
[2023-03-20T11:17:37.491+0000] {logging_mixin.py:137} INFO - [2023-03-20T11:17:37.490+0000] {dag.py:2693} INFO - Sync 1 DAGs
[2023-03-20T11:17:37.508+0000] {logging_mixin.py:137} INFO - [2023-03-20T11:17:37.508+0000] {dag.py:3444} INFO - Setting next_dagrun for example_complex to None, run_after=None
[2023-03-20T11:17:37.523+0000] {processor.py:175} INFO - Processing /home/airflow/.local/lib/python3.7/site-packages/airflow/example_dags/example_complex.py took 0.088 seconds
[2023-03-20T11:18:07.952+0000] {processor.py:153} INFO - Started process (PID=506) to work on /home/airflow/.local/lib/python3.7/site-packages/airflow/example_dags/example_complex.py
[2023-03-20T11:18:07.953+0000] {processor.py:743} INFO - Processing file /home/airflow/.local/lib/python3.7/site-packages/airflow/example_dags/example_complex.py for tasks to queue
[2023-03-20T11:18:07.954+0000] {logging_mixin.py:137} INFO - [2023-03-20T11:18:07.954+0000] {dagbag.py:532} INFO - Filling up the DagBag from /home/airflow/.local/lib/python3.7/site-packages/airflow/example_dags/example_complex.py
[2023-03-20T11:18:07.962+0000] {logging_mixin.py:137} INFO - [2023-03-20T11:18:07.962+0000] {taskmixin.py:211} WARNING - Dependency <Task(BashOperator): create_entry_group>, delete_entry_group already registered for DAG: example_complex
[2023-03-20T11:18:07.963+0000] {logging_mixin.py:137} INFO - [2023-03-20T11:18:07.963+0000] {taskmixin.py:211} WARNING - Dependency <Task(BashOperator): delete_entry_group>, create_entry_group already registered for DAG: example_complex
[2023-03-20T11:18:07.963+0000] {logging_mixin.py:137} INFO - [2023-03-20T11:18:07.963+0000] {taskmixin.py:211} WARNING - Dependency <Task(BashOperator): create_entry_gcs>, delete_entry already registered for DAG: example_complex
[2023-03-20T11:18:07.963+0000] {logging_mixin.py:137} INFO - [2023-03-20T11:18:07.963+0000] {taskmixin.py:211} WARNING - Dependency <Task(BashOperator): delete_entry>, create_entry_gcs already registered for DAG: example_complex
[2023-03-20T11:18:07.964+0000] {logging_mixin.py:137} INFO - [2023-03-20T11:18:07.964+0000] {taskmixin.py:211} WARNING - Dependency <Task(BashOperator): create_tag>, delete_tag already registered for DAG: example_complex
[2023-03-20T11:18:07.964+0000] {logging_mixin.py:137} INFO - [2023-03-20T11:18:07.964+0000] {taskmixin.py:211} WARNING - Dependency <Task(BashOperator): delete_tag>, create_tag already registered for DAG: example_complex
[2023-03-20T11:18:07.969+0000] {processor.py:753} INFO - DAG(s) dict_keys(['example_complex']) retrieved from /home/airflow/.local/lib/python3.7/site-packages/airflow/example_dags/example_complex.py
[2023-03-20T11:18:07.995+0000] {logging_mixin.py:137} INFO - [2023-03-20T11:18:07.995+0000] {dag.py:2693} INFO - Sync 1 DAGs
[2023-03-20T11:18:08.010+0000] {logging_mixin.py:137} INFO - [2023-03-20T11:18:08.010+0000] {dag.py:3444} INFO - Setting next_dagrun for example_complex to None, run_after=None
[2023-03-20T11:18:08.021+0000] {processor.py:175} INFO - Processing /home/airflow/.local/lib/python3.7/site-packages/airflow/example_dags/example_complex.py took 0.072 seconds
[2023-03-20T11:18:38.660+0000] {processor.py:153} INFO - Started process (PID=555) to work on /home/airflow/.local/lib/python3.7/site-packages/airflow/example_dags/example_complex.py
[2023-03-20T11:18:38.661+0000] {processor.py:743} INFO - Processing file /home/airflow/.local/lib/python3.7/site-packages/airflow/example_dags/example_complex.py for tasks to queue
[2023-03-20T11:18:38.662+0000] {logging_mixin.py:137} INFO - [2023-03-20T11:18:38.662+0000] {dagbag.py:532} INFO - Filling up the DagBag from /home/airflow/.local/lib/python3.7/site-packages/airflow/example_dags/example_complex.py
[2023-03-20T11:18:38.670+0000] {logging_mixin.py:137} INFO - [2023-03-20T11:18:38.670+0000] {taskmixin.py:211} WARNING - Dependency <Task(BashOperator): create_entry_group>, delete_entry_group already registered for DAG: example_complex
[2023-03-20T11:18:38.671+0000] {logging_mixin.py:137} INFO - [2023-03-20T11:18:38.671+0000] {taskmixin.py:211} WARNING - Dependency <Task(BashOperator): delete_entry_group>, create_entry_group already registered for DAG: example_complex
[2023-03-20T11:18:38.671+0000] {logging_mixin.py:137} INFO - [2023-03-20T11:18:38.671+0000] {taskmixin.py:211} WARNING - Dependency <Task(BashOperator): create_entry_gcs>, delete_entry already registered for DAG: example_complex
[2023-03-20T11:18:38.672+0000] {logging_mixin.py:137} INFO - [2023-03-20T11:18:38.672+0000] {taskmixin.py:211} WARNING - Dependency <Task(BashOperator): delete_entry>, create_entry_gcs already registered for DAG: example_complex
[2023-03-20T11:18:38.672+0000] {logging_mixin.py:137} INFO - [2023-03-20T11:18:38.672+0000] {taskmixin.py:211} WARNING - Dependency <Task(BashOperator): create_tag>, delete_tag already registered for DAG: example_complex
[2023-03-20T11:18:38.673+0000] {logging_mixin.py:137} INFO - [2023-03-20T11:18:38.673+0000] {taskmixin.py:211} WARNING - Dependency <Task(BashOperator): delete_tag>, create_tag already registered for DAG: example_complex
[2023-03-20T11:18:38.678+0000] {processor.py:753} INFO - DAG(s) dict_keys(['example_complex']) retrieved from /home/airflow/.local/lib/python3.7/site-packages/airflow/example_dags/example_complex.py
[2023-03-20T11:18:38.704+0000] {logging_mixin.py:137} INFO - [2023-03-20T11:18:38.704+0000] {dag.py:2693} INFO - Sync 1 DAGs
[2023-03-20T11:18:38.720+0000] {logging_mixin.py:137} INFO - [2023-03-20T11:18:38.719+0000] {dag.py:3444} INFO - Setting next_dagrun for example_complex to None, run_after=None
[2023-03-20T11:18:38.730+0000] {processor.py:175} INFO - Processing /home/airflow/.local/lib/python3.7/site-packages/airflow/example_dags/example_complex.py took 0.073 seconds
[2023-03-20T11:19:09.074+0000] {processor.py:153} INFO - Started process (PID=604) to work on /home/airflow/.local/lib/python3.7/site-packages/airflow/example_dags/example_complex.py
[2023-03-20T11:19:09.075+0000] {processor.py:743} INFO - Processing file /home/airflow/.local/lib/python3.7/site-packages/airflow/example_dags/example_complex.py for tasks to queue
[2023-03-20T11:19:09.076+0000] {logging_mixin.py:137} INFO - [2023-03-20T11:19:09.076+0000] {dagbag.py:532} INFO - Filling up the DagBag from /home/airflow/.local/lib/python3.7/site-packages/airflow/example_dags/example_complex.py
[2023-03-20T11:19:09.084+0000] {logging_mixin.py:137} INFO - [2023-03-20T11:19:09.084+0000] {taskmixin.py:211} WARNING - Dependency <Task(BashOperator): create_entry_group>, delete_entry_group already registered for DAG: example_complex
[2023-03-20T11:19:09.085+0000] {logging_mixin.py:137} INFO - [2023-03-20T11:19:09.085+0000] {taskmixin.py:211} WARNING - Dependency <Task(BashOperator): delete_entry_group>, create_entry_group already registered for DAG: example_complex
[2023-03-20T11:19:09.085+0000] {logging_mixin.py:137} INFO - [2023-03-20T11:19:09.085+0000] {taskmixin.py:211} WARNING - Dependency <Task(BashOperator): create_entry_gcs>, delete_entry already registered for DAG: example_complex
[2023-03-20T11:19:09.085+0000] {logging_mixin.py:137} INFO - [2023-03-20T11:19:09.085+0000] {taskmixin.py:211} WARNING - Dependency <Task(BashOperator): delete_entry>, create_entry_gcs already registered for DAG: example_complex
[2023-03-20T11:19:09.086+0000] {logging_mixin.py:137} INFO - [2023-03-20T11:19:09.086+0000] {taskmixin.py:211} WARNING - Dependency <Task(BashOperator): create_tag>, delete_tag already registered for DAG: example_complex
[2023-03-20T11:19:09.086+0000] {logging_mixin.py:137} INFO - [2023-03-20T11:19:09.086+0000] {taskmixin.py:211} WARNING - Dependency <Task(BashOperator): delete_tag>, create_tag already registered for DAG: example_complex
[2023-03-20T11:19:09.092+0000] {processor.py:753} INFO - DAG(s) dict_keys(['example_complex']) retrieved from /home/airflow/.local/lib/python3.7/site-packages/airflow/example_dags/example_complex.py
[2023-03-20T11:19:09.118+0000] {logging_mixin.py:137} INFO - [2023-03-20T11:19:09.118+0000] {dag.py:2693} INFO - Sync 1 DAGs
[2023-03-20T11:19:09.134+0000] {logging_mixin.py:137} INFO - [2023-03-20T11:19:09.134+0000] {dag.py:3444} INFO - Setting next_dagrun for example_complex to None, run_after=None
[2023-03-20T11:19:09.146+0000] {processor.py:175} INFO - Processing /home/airflow/.local/lib/python3.7/site-packages/airflow/example_dags/example_complex.py took 0.075 seconds
[2023-03-20T11:19:39.424+0000] {processor.py:153} INFO - Started process (PID=653) to work on /home/airflow/.local/lib/python3.7/site-packages/airflow/example_dags/example_complex.py
[2023-03-20T11:19:39.425+0000] {processor.py:743} INFO - Processing file /home/airflow/.local/lib/python3.7/site-packages/airflow/example_dags/example_complex.py for tasks to queue
[2023-03-20T11:19:39.426+0000] {logging_mixin.py:137} INFO - [2023-03-20T11:19:39.426+0000] {dagbag.py:532} INFO - Filling up the DagBag from /home/airflow/.local/lib/python3.7/site-packages/airflow/example_dags/example_complex.py
[2023-03-20T11:19:39.434+0000] {logging_mixin.py:137} INFO - [2023-03-20T11:19:39.434+0000] {taskmixin.py:211} WARNING - Dependency <Task(BashOperator): create_entry_group>, delete_entry_group already registered for DAG: example_complex
[2023-03-20T11:19:39.435+0000] {logging_mixin.py:137} INFO - [2023-03-20T11:19:39.435+0000] {taskmixin.py:211} WARNING - Dependency <Task(BashOperator): delete_entry_group>, create_entry_group already registered for DAG: example_complex
[2023-03-20T11:19:39.435+0000] {logging_mixin.py:137} INFO - [2023-03-20T11:19:39.435+0000] {taskmixin.py:211} WARNING - Dependency <Task(BashOperator): create_entry_gcs>, delete_entry already registered for DAG: example_complex
[2023-03-20T11:19:39.436+0000] {logging_mixin.py:137} INFO - [2023-03-20T11:19:39.436+0000] {taskmixin.py:211} WARNING - Dependency <Task(BashOperator): delete_entry>, create_entry_gcs already registered for DAG: example_complex
[2023-03-20T11:19:39.436+0000] {logging_mixin.py:137} INFO - [2023-03-20T11:19:39.436+0000] {taskmixin.py:211} WARNING - Dependency <Task(BashOperator): create_tag>, delete_tag already registered for DAG: example_complex
[2023-03-20T11:19:39.437+0000] {logging_mixin.py:137} INFO - [2023-03-20T11:19:39.437+0000] {taskmixin.py:211} WARNING - Dependency <Task(BashOperator): delete_tag>, create_tag already registered for DAG: example_complex
[2023-03-20T11:19:39.442+0000] {processor.py:753} INFO - DAG(s) dict_keys(['example_complex']) retrieved from /home/airflow/.local/lib/python3.7/site-packages/airflow/example_dags/example_complex.py
[2023-03-20T11:19:39.469+0000] {logging_mixin.py:137} INFO - [2023-03-20T11:19:39.468+0000] {dag.py:2693} INFO - Sync 1 DAGs
[2023-03-20T11:19:39.485+0000] {logging_mixin.py:137} INFO - [2023-03-20T11:19:39.485+0000] {dag.py:3444} INFO - Setting next_dagrun for example_complex to None, run_after=None
[2023-03-20T11:19:39.496+0000] {processor.py:175} INFO - Processing /home/airflow/.local/lib/python3.7/site-packages/airflow/example_dags/example_complex.py took 0.074 seconds
[2023-03-20T11:20:09.780+0000] {processor.py:153} INFO - Started process (PID=702) to work on /home/airflow/.local/lib/python3.7/site-packages/airflow/example_dags/example_complex.py
[2023-03-20T11:20:09.781+0000] {processor.py:743} INFO - Processing file /home/airflow/.local/lib/python3.7/site-packages/airflow/example_dags/example_complex.py for tasks to queue
[2023-03-20T11:20:09.782+0000] {logging_mixin.py:137} INFO - [2023-03-20T11:20:09.782+0000] {dagbag.py:532} INFO - Filling up the DagBag from /home/airflow/.local/lib/python3.7/site-packages/airflow/example_dags/example_complex.py
[2023-03-20T11:20:09.790+0000] {logging_mixin.py:137} INFO - [2023-03-20T11:20:09.790+0000] {taskmixin.py:211} WARNING - Dependency <Task(BashOperator): create_entry_group>, delete_entry_group already registered for DAG: example_complex
[2023-03-20T11:20:09.791+0000] {logging_mixin.py:137} INFO - [2023-03-20T11:20:09.791+0000] {taskmixin.py:211} WARNING - Dependency <Task(BashOperator): delete_entry_group>, create_entry_group already registered for DAG: example_complex
[2023-03-20T11:20:09.791+0000] {logging_mixin.py:137} INFO - [2023-03-20T11:20:09.791+0000] {taskmixin.py:211} WARNING - Dependency <Task(BashOperator): create_entry_gcs>, delete_entry already registered for DAG: example_complex
[2023-03-20T11:20:09.792+0000] {logging_mixin.py:137} INFO - [2023-03-20T11:20:09.792+0000] {taskmixin.py:211} WARNING - Dependency <Task(BashOperator): delete_entry>, create_entry_gcs already registered for DAG: example_complex
[2023-03-20T11:20:09.792+0000] {logging_mixin.py:137} INFO - [2023-03-20T11:20:09.792+0000] {taskmixin.py:211} WARNING - Dependency <Task(BashOperator): create_tag>, delete_tag already registered for DAG: example_complex
[2023-03-20T11:20:09.793+0000] {logging_mixin.py:137} INFO - [2023-03-20T11:20:09.793+0000] {taskmixin.py:211} WARNING - Dependency <Task(BashOperator): delete_tag>, create_tag already registered for DAG: example_complex
[2023-03-20T11:20:09.798+0000] {processor.py:753} INFO - DAG(s) dict_keys(['example_complex']) retrieved from /home/airflow/.local/lib/python3.7/site-packages/airflow/example_dags/example_complex.py
[2023-03-20T11:20:09.829+0000] {logging_mixin.py:137} INFO - [2023-03-20T11:20:09.829+0000] {dag.py:2693} INFO - Sync 1 DAGs
[2023-03-20T11:20:09.852+0000] {logging_mixin.py:137} INFO - [2023-03-20T11:20:09.852+0000] {dag.py:3444} INFO - Setting next_dagrun for example_complex to None, run_after=None
[2023-03-20T11:20:09.865+0000] {processor.py:175} INFO - Processing /home/airflow/.local/lib/python3.7/site-packages/airflow/example_dags/example_complex.py took 0.088 seconds
[2023-03-20T11:20:40.275+0000] {processor.py:153} INFO - Started process (PID=751) to work on /home/airflow/.local/lib/python3.7/site-packages/airflow/example_dags/example_complex.py
[2023-03-20T11:20:40.277+0000] {processor.py:743} INFO - Processing file /home/airflow/.local/lib/python3.7/site-packages/airflow/example_dags/example_complex.py for tasks to queue
[2023-03-20T11:20:40.278+0000] {logging_mixin.py:137} INFO - [2023-03-20T11:20:40.277+0000] {dagbag.py:532} INFO - Filling up the DagBag from /home/airflow/.local/lib/python3.7/site-packages/airflow/example_dags/example_complex.py
[2023-03-20T11:20:40.286+0000] {logging_mixin.py:137} INFO - [2023-03-20T11:20:40.286+0000] {taskmixin.py:211} WARNING - Dependency <Task(BashOperator): create_entry_group>, delete_entry_group already registered for DAG: example_complex
[2023-03-20T11:20:40.287+0000] {logging_mixin.py:137} INFO - [2023-03-20T11:20:40.287+0000] {taskmixin.py:211} WARNING - Dependency <Task(BashOperator): delete_entry_group>, create_entry_group already registered for DAG: example_complex
[2023-03-20T11:20:40.287+0000] {logging_mixin.py:137} INFO - [2023-03-20T11:20:40.287+0000] {taskmixin.py:211} WARNING - Dependency <Task(BashOperator): create_entry_gcs>, delete_entry already registered for DAG: example_complex
[2023-03-20T11:20:40.288+0000] {logging_mixin.py:137} INFO - [2023-03-20T11:20:40.288+0000] {taskmixin.py:211} WARNING - Dependency <Task(BashOperator): delete_entry>, create_entry_gcs already registered for DAG: example_complex
[2023-03-20T11:20:40.288+0000] {logging_mixin.py:137} INFO - [2023-03-20T11:20:40.288+0000] {taskmixin.py:211} WARNING - Dependency <Task(BashOperator): create_tag>, delete_tag already registered for DAG: example_complex
[2023-03-20T11:20:40.289+0000] {logging_mixin.py:137} INFO - [2023-03-20T11:20:40.289+0000] {taskmixin.py:211} WARNING - Dependency <Task(BashOperator): delete_tag>, create_tag already registered for DAG: example_complex
[2023-03-20T11:20:40.294+0000] {processor.py:753} INFO - DAG(s) dict_keys(['example_complex']) retrieved from /home/airflow/.local/lib/python3.7/site-packages/airflow/example_dags/example_complex.py
[2023-03-20T11:20:40.320+0000] {logging_mixin.py:137} INFO - [2023-03-20T11:20:40.320+0000] {dag.py:2693} INFO - Sync 1 DAGs
[2023-03-20T11:20:40.336+0000] {logging_mixin.py:137} INFO - [2023-03-20T11:20:40.336+0000] {dag.py:3444} INFO - Setting next_dagrun for example_complex to None, run_after=None
[2023-03-20T11:20:40.348+0000] {processor.py:175} INFO - Processing /home/airflow/.local/lib/python3.7/site-packages/airflow/example_dags/example_complex.py took 0.076 seconds
[2023-03-20T11:21:10.653+0000] {processor.py:153} INFO - Started process (PID=800) to work on /home/airflow/.local/lib/python3.7/site-packages/airflow/example_dags/example_complex.py
[2023-03-20T11:21:10.654+0000] {processor.py:743} INFO - Processing file /home/airflow/.local/lib/python3.7/site-packages/airflow/example_dags/example_complex.py for tasks to queue
[2023-03-20T11:21:10.655+0000] {logging_mixin.py:137} INFO - [2023-03-20T11:21:10.655+0000] {dagbag.py:532} INFO - Filling up the DagBag from /home/airflow/.local/lib/python3.7/site-packages/airflow/example_dags/example_complex.py
[2023-03-20T11:21:10.666+0000] {logging_mixin.py:137} INFO - [2023-03-20T11:21:10.666+0000] {taskmixin.py:211} WARNING - Dependency <Task(BashOperator): create_entry_group>, delete_entry_group already registered for DAG: example_complex
[2023-03-20T11:21:10.666+0000] {logging_mixin.py:137} INFO - [2023-03-20T11:21:10.666+0000] {taskmixin.py:211} WARNING - Dependency <Task(BashOperator): delete_entry_group>, create_entry_group already registered for DAG: example_complex
[2023-03-20T11:21:10.667+0000] {logging_mixin.py:137} INFO - [2023-03-20T11:21:10.667+0000] {taskmixin.py:211} WARNING - Dependency <Task(BashOperator): create_entry_gcs>, delete_entry already registered for DAG: example_complex
[2023-03-20T11:21:10.667+0000] {logging_mixin.py:137} INFO - [2023-03-20T11:21:10.667+0000] {taskmixin.py:211} WARNING - Dependency <Task(BashOperator): delete_entry>, create_entry_gcs already registered for DAG: example_complex
[2023-03-20T11:21:10.668+0000] {logging_mixin.py:137} INFO - [2023-03-20T11:21:10.668+0000] {taskmixin.py:211} WARNING - Dependency <Task(BashOperator): create_tag>, delete_tag already registered for DAG: example_complex
[2023-03-20T11:21:10.668+0000] {logging_mixin.py:137} INFO - [2023-03-20T11:21:10.668+0000] {taskmixin.py:211} WARNING - Dependency <Task(BashOperator): delete_tag>, create_tag already registered for DAG: example_complex
[2023-03-20T11:21:10.675+0000] {processor.py:753} INFO - DAG(s) dict_keys(['example_complex']) retrieved from /home/airflow/.local/lib/python3.7/site-packages/airflow/example_dags/example_complex.py
[2023-03-20T11:21:10.702+0000] {logging_mixin.py:137} INFO - [2023-03-20T11:21:10.702+0000] {dag.py:2693} INFO - Sync 1 DAGs
[2023-03-20T11:21:10.719+0000] {logging_mixin.py:137} INFO - [2023-03-20T11:21:10.719+0000] {dag.py:3444} INFO - Setting next_dagrun for example_complex to None, run_after=None
[2023-03-20T11:21:10.731+0000] {processor.py:175} INFO - Processing /home/airflow/.local/lib/python3.7/site-packages/airflow/example_dags/example_complex.py took 0.080 seconds
[2023-03-20T11:21:40.984+0000] {processor.py:153} INFO - Started process (PID=849) to work on /home/airflow/.local/lib/python3.7/site-packages/airflow/example_dags/example_complex.py
[2023-03-20T11:21:40.985+0000] {processor.py:743} INFO - Processing file /home/airflow/.local/lib/python3.7/site-packages/airflow/example_dags/example_complex.py for tasks to queue
[2023-03-20T11:21:40.986+0000] {logging_mixin.py:137} INFO - [2023-03-20T11:21:40.986+0000] {dagbag.py:532} INFO - Filling up the DagBag from /home/airflow/.local/lib/python3.7/site-packages/airflow/example_dags/example_complex.py
[2023-03-20T11:21:40.994+0000] {logging_mixin.py:137} INFO - [2023-03-20T11:21:40.994+0000] {taskmixin.py:211} WARNING - Dependency <Task(BashOperator): create_entry_group>, delete_entry_group already registered for DAG: example_complex
[2023-03-20T11:21:40.995+0000] {logging_mixin.py:137} INFO - [2023-03-20T11:21:40.995+0000] {taskmixin.py:211} WARNING - Dependency <Task(BashOperator): delete_entry_group>, create_entry_group already registered for DAG: example_complex
[2023-03-20T11:21:40.996+0000] {logging_mixin.py:137} INFO - [2023-03-20T11:21:40.996+0000] {taskmixin.py:211} WARNING - Dependency <Task(BashOperator): create_entry_gcs>, delete_entry already registered for DAG: example_complex
[2023-03-20T11:21:40.996+0000] {logging_mixin.py:137} INFO - [2023-03-20T11:21:40.996+0000] {taskmixin.py:211} WARNING - Dependency <Task(BashOperator): delete_entry>, create_entry_gcs already registered for DAG: example_complex
[2023-03-20T11:21:40.997+0000] {logging_mixin.py:137} INFO - [2023-03-20T11:21:40.997+0000] {taskmixin.py:211} WARNING - Dependency <Task(BashOperator): create_tag>, delete_tag already registered for DAG: example_complex
[2023-03-20T11:21:40.998+0000] {logging_mixin.py:137} INFO - [2023-03-20T11:21:40.998+0000] {taskmixin.py:211} WARNING - Dependency <Task(BashOperator): delete_tag>, create_tag already registered for DAG: example_complex
[2023-03-20T11:21:41.003+0000] {processor.py:753} INFO - DAG(s) dict_keys(['example_complex']) retrieved from /home/airflow/.local/lib/python3.7/site-packages/airflow/example_dags/example_complex.py
[2023-03-20T11:21:41.030+0000] {logging_mixin.py:137} INFO - [2023-03-20T11:21:41.029+0000] {dag.py:2693} INFO - Sync 1 DAGs
[2023-03-20T11:21:41.045+0000] {logging_mixin.py:137} INFO - [2023-03-20T11:21:41.045+0000] {dag.py:3444} INFO - Setting next_dagrun for example_complex to None, run_after=None
[2023-03-20T11:21:41.056+0000] {processor.py:175} INFO - Processing /home/airflow/.local/lib/python3.7/site-packages/airflow/example_dags/example_complex.py took 0.075 seconds
[2023-03-20T11:22:11.339+0000] {processor.py:153} INFO - Started process (PID=898) to work on /home/airflow/.local/lib/python3.7/site-packages/airflow/example_dags/example_complex.py
[2023-03-20T11:22:11.341+0000] {processor.py:743} INFO - Processing file /home/airflow/.local/lib/python3.7/site-packages/airflow/example_dags/example_complex.py for tasks to queue
[2023-03-20T11:22:11.342+0000] {logging_mixin.py:137} INFO - [2023-03-20T11:22:11.342+0000] {dagbag.py:532} INFO - Filling up the DagBag from /home/airflow/.local/lib/python3.7/site-packages/airflow/example_dags/example_complex.py
[2023-03-20T11:22:11.350+0000] {logging_mixin.py:137} INFO - [2023-03-20T11:22:11.350+0000] {taskmixin.py:211} WARNING - Dependency <Task(BashOperator): create_entry_group>, delete_entry_group already registered for DAG: example_complex
[2023-03-20T11:22:11.351+0000] {logging_mixin.py:137} INFO - [2023-03-20T11:22:11.351+0000] {taskmixin.py:211} WARNING - Dependency <Task(BashOperator): delete_entry_group>, create_entry_group already registered for DAG: example_complex
[2023-03-20T11:22:11.351+0000] {logging_mixin.py:137} INFO - [2023-03-20T11:22:11.351+0000] {taskmixin.py:211} WARNING - Dependency <Task(BashOperator): create_entry_gcs>, delete_entry already registered for DAG: example_complex
[2023-03-20T11:22:11.352+0000] {logging_mixin.py:137} INFO - [2023-03-20T11:22:11.352+0000] {taskmixin.py:211} WARNING - Dependency <Task(BashOperator): delete_entry>, create_entry_gcs already registered for DAG: example_complex
[2023-03-20T11:22:11.352+0000] {logging_mixin.py:137} INFO - [2023-03-20T11:22:11.352+0000] {taskmixin.py:211} WARNING - Dependency <Task(BashOperator): create_tag>, delete_tag already registered for DAG: example_complex
[2023-03-20T11:22:11.353+0000] {logging_mixin.py:137} INFO - [2023-03-20T11:22:11.353+0000] {taskmixin.py:211} WARNING - Dependency <Task(BashOperator): delete_tag>, create_tag already registered for DAG: example_complex
[2023-03-20T11:22:11.358+0000] {processor.py:753} INFO - DAG(s) dict_keys(['example_complex']) retrieved from /home/airflow/.local/lib/python3.7/site-packages/airflow/example_dags/example_complex.py
[2023-03-20T11:22:11.383+0000] {logging_mixin.py:137} INFO - [2023-03-20T11:22:11.383+0000] {dag.py:2693} INFO - Sync 1 DAGs
[2023-03-20T11:22:11.398+0000] {logging_mixin.py:137} INFO - [2023-03-20T11:22:11.398+0000] {dag.py:3444} INFO - Setting next_dagrun for example_complex to None, run_after=None
[2023-03-20T11:22:11.409+0000] {processor.py:175} INFO - Processing /home/airflow/.local/lib/python3.7/site-packages/airflow/example_dags/example_complex.py took 0.072 seconds
[2023-03-20T11:22:42.187+0000] {processor.py:153} INFO - Started process (PID=947) to work on /home/airflow/.local/lib/python3.7/site-packages/airflow/example_dags/example_complex.py
[2023-03-20T11:22:42.188+0000] {processor.py:743} INFO - Processing file /home/airflow/.local/lib/python3.7/site-packages/airflow/example_dags/example_complex.py for tasks to queue
[2023-03-20T11:22:42.194+0000] {logging_mixin.py:137} INFO - [2023-03-20T11:22:42.193+0000] {dagbag.py:532} INFO - Filling up the DagBag from /home/airflow/.local/lib/python3.7/site-packages/airflow/example_dags/example_complex.py
[2023-03-20T11:22:42.209+0000] {logging_mixin.py:137} INFO - [2023-03-20T11:22:42.209+0000] {taskmixin.py:211} WARNING - Dependency <Task(BashOperator): create_entry_group>, delete_entry_group already registered for DAG: example_complex
[2023-03-20T11:22:42.211+0000] {logging_mixin.py:137} INFO - [2023-03-20T11:22:42.211+0000] {taskmixin.py:211} WARNING - Dependency <Task(BashOperator): delete_entry_group>, create_entry_group already registered for DAG: example_complex
[2023-03-20T11:22:42.212+0000] {logging_mixin.py:137} INFO - [2023-03-20T11:22:42.212+0000] {taskmixin.py:211} WARNING - Dependency <Task(BashOperator): create_entry_gcs>, delete_entry already registered for DAG: example_complex
[2023-03-20T11:22:42.213+0000] {logging_mixin.py:137} INFO - [2023-03-20T11:22:42.213+0000] {taskmixin.py:211} WARNING - Dependency <Task(BashOperator): delete_entry>, create_entry_gcs already registered for DAG: example_complex
[2023-03-20T11:22:42.214+0000] {logging_mixin.py:137} INFO - [2023-03-20T11:22:42.214+0000] {taskmixin.py:211} WARNING - Dependency <Task(BashOperator): create_tag>, delete_tag already registered for DAG: example_complex
[2023-03-20T11:22:42.214+0000] {logging_mixin.py:137} INFO - [2023-03-20T11:22:42.214+0000] {taskmixin.py:211} WARNING - Dependency <Task(BashOperator): delete_tag>, create_tag already registered for DAG: example_complex
[2023-03-20T11:22:42.221+0000] {processor.py:753} INFO - DAG(s) dict_keys(['example_complex']) retrieved from /home/airflow/.local/lib/python3.7/site-packages/airflow/example_dags/example_complex.py
[2023-03-20T11:22:42.258+0000] {logging_mixin.py:137} INFO - [2023-03-20T11:22:42.258+0000] {dag.py:2693} INFO - Sync 1 DAGs
[2023-03-20T11:22:42.279+0000] {logging_mixin.py:137} INFO - [2023-03-20T11:22:42.279+0000] {dag.py:3444} INFO - Setting next_dagrun for example_complex to None, run_after=None
[2023-03-20T11:22:42.294+0000] {processor.py:175} INFO - Processing /home/airflow/.local/lib/python3.7/site-packages/airflow/example_dags/example_complex.py took 0.110 seconds
[2023-03-20T11:23:12.636+0000] {processor.py:153} INFO - Started process (PID=996) to work on /home/airflow/.local/lib/python3.7/site-packages/airflow/example_dags/example_complex.py
[2023-03-20T11:23:12.637+0000] {processor.py:743} INFO - Processing file /home/airflow/.local/lib/python3.7/site-packages/airflow/example_dags/example_complex.py for tasks to queue
[2023-03-20T11:23:12.638+0000] {logging_mixin.py:137} INFO - [2023-03-20T11:23:12.638+0000] {dagbag.py:532} INFO - Filling up the DagBag from /home/airflow/.local/lib/python3.7/site-packages/airflow/example_dags/example_complex.py
[2023-03-20T11:23:12.647+0000] {logging_mixin.py:137} INFO - [2023-03-20T11:23:12.647+0000] {taskmixin.py:211} WARNING - Dependency <Task(BashOperator): create_entry_group>, delete_entry_group already registered for DAG: example_complex
[2023-03-20T11:23:12.647+0000] {logging_mixin.py:137} INFO - [2023-03-20T11:23:12.647+0000] {taskmixin.py:211} WARNING - Dependency <Task(BashOperator): delete_entry_group>, create_entry_group already registered for DAG: example_complex
[2023-03-20T11:23:12.648+0000] {logging_mixin.py:137} INFO - [2023-03-20T11:23:12.648+0000] {taskmixin.py:211} WARNING - Dependency <Task(BashOperator): create_entry_gcs>, delete_entry already registered for DAG: example_complex
[2023-03-20T11:23:12.648+0000] {logging_mixin.py:137} INFO - [2023-03-20T11:23:12.648+0000] {taskmixin.py:211} WARNING - Dependency <Task(BashOperator): delete_entry>, create_entry_gcs already registered for DAG: example_complex
[2023-03-20T11:23:12.649+0000] {logging_mixin.py:137} INFO - [2023-03-20T11:23:12.649+0000] {taskmixin.py:211} WARNING - Dependency <Task(BashOperator): create_tag>, delete_tag already registered for DAG: example_complex
[2023-03-20T11:23:12.650+0000] {logging_mixin.py:137} INFO - [2023-03-20T11:23:12.649+0000] {taskmixin.py:211} WARNING - Dependency <Task(BashOperator): delete_tag>, create_tag already registered for DAG: example_complex
[2023-03-20T11:23:12.654+0000] {processor.py:753} INFO - DAG(s) dict_keys(['example_complex']) retrieved from /home/airflow/.local/lib/python3.7/site-packages/airflow/example_dags/example_complex.py
[2023-03-20T11:23:12.679+0000] {logging_mixin.py:137} INFO - [2023-03-20T11:23:12.678+0000] {dag.py:2693} INFO - Sync 1 DAGs
[2023-03-20T11:23:12.694+0000] {logging_mixin.py:137} INFO - [2023-03-20T11:23:12.694+0000] {dag.py:3444} INFO - Setting next_dagrun for example_complex to None, run_after=None
[2023-03-20T11:23:12.705+0000] {processor.py:175} INFO - Processing /home/airflow/.local/lib/python3.7/site-packages/airflow/example_dags/example_complex.py took 0.072 seconds
[2023-03-20T11:23:43.185+0000] {processor.py:153} INFO - Started process (PID=1045) to work on /home/airflow/.local/lib/python3.7/site-packages/airflow/example_dags/example_complex.py
[2023-03-20T11:23:43.186+0000] {processor.py:743} INFO - Processing file /home/airflow/.local/lib/python3.7/site-packages/airflow/example_dags/example_complex.py for tasks to queue
[2023-03-20T11:23:43.187+0000] {logging_mixin.py:137} INFO - [2023-03-20T11:23:43.187+0000] {dagbag.py:532} INFO - Filling up the DagBag from /home/airflow/.local/lib/python3.7/site-packages/airflow/example_dags/example_complex.py
[2023-03-20T11:23:43.196+0000] {logging_mixin.py:137} INFO - [2023-03-20T11:23:43.196+0000] {taskmixin.py:211} WARNING - Dependency <Task(BashOperator): create_entry_group>, delete_entry_group already registered for DAG: example_complex
[2023-03-20T11:23:43.196+0000] {logging_mixin.py:137} INFO - [2023-03-20T11:23:43.196+0000] {taskmixin.py:211} WARNING - Dependency <Task(BashOperator): delete_entry_group>, create_entry_group already registered for DAG: example_complex
[2023-03-20T11:23:43.197+0000] {logging_mixin.py:137} INFO - [2023-03-20T11:23:43.197+0000] {taskmixin.py:211} WARNING - Dependency <Task(BashOperator): create_entry_gcs>, delete_entry already registered for DAG: example_complex
[2023-03-20T11:23:43.197+0000] {logging_mixin.py:137} INFO - [2023-03-20T11:23:43.197+0000] {taskmixin.py:211} WARNING - Dependency <Task(BashOperator): delete_entry>, create_entry_gcs already registered for DAG: example_complex
[2023-03-20T11:23:43.198+0000] {logging_mixin.py:137} INFO - [2023-03-20T11:23:43.198+0000] {taskmixin.py:211} WARNING - Dependency <Task(BashOperator): create_tag>, delete_tag already registered for DAG: example_complex
[2023-03-20T11:23:43.198+0000] {logging_mixin.py:137} INFO - [2023-03-20T11:23:43.198+0000] {taskmixin.py:211} WARNING - Dependency <Task(BashOperator): delete_tag>, create_tag already registered for DAG: example_complex
[2023-03-20T11:23:43.203+0000] {processor.py:753} INFO - DAG(s) dict_keys(['example_complex']) retrieved from /home/airflow/.local/lib/python3.7/site-packages/airflow/example_dags/example_complex.py
[2023-03-20T11:23:43.230+0000] {logging_mixin.py:137} INFO - [2023-03-20T11:23:43.230+0000] {dag.py:2693} INFO - Sync 1 DAGs
[2023-03-20T11:23:43.250+0000] {logging_mixin.py:137} INFO - [2023-03-20T11:23:43.250+0000] {dag.py:3444} INFO - Setting next_dagrun for example_complex to None, run_after=None
[2023-03-20T11:23:43.271+0000] {processor.py:175} INFO - Processing /home/airflow/.local/lib/python3.7/site-packages/airflow/example_dags/example_complex.py took 0.088 seconds
[2023-03-20 11:37:59,258] {scheduler_job.py:182} INFO - Started process (PID=36) to work on /home/airflow/.local/lib/python3.6/site-packages/airflow/example_dags/example_complex.py
[2023-03-20 11:37:59,261] {scheduler_job.py:629} INFO - Processing file /home/airflow/.local/lib/python3.6/site-packages/airflow/example_dags/example_complex.py for tasks to queue
[2023-03-20 11:37:59,264] {logging_mixin.py:104} INFO - [2023-03-20 11:37:59,264] {dagbag.py:451} INFO - Filling up the DagBag from /home/airflow/.local/lib/python3.6/site-packages/airflow/example_dags/example_complex.py
[2023-03-20 11:37:59,282] {scheduler_job.py:639} INFO - DAG(s) dict_keys(['example_complex']) retrieved from /home/airflow/.local/lib/python3.6/site-packages/airflow/example_dags/example_complex.py
[2023-03-20 11:37:59,332] {logging_mixin.py:104} INFO - [2023-03-20 11:37:59,331] {dag.py:1824} INFO - Sync 1 DAGs
[2023-03-20 11:37:59,348] {logging_mixin.py:104} INFO - [2023-03-20 11:37:59,348] {dag.py:1843} INFO - Creating ORM DAG for example_complex
[2023-03-20 11:37:59,356] {logging_mixin.py:104} INFO - [2023-03-20 11:37:59,356] {dag.py:2280} INFO - Setting next_dagrun for example_complex to None
[2023-03-20 11:37:59,380] {scheduler_job.py:190} INFO - Processing /home/airflow/.local/lib/python3.6/site-packages/airflow/example_dags/example_complex.py took 0.125 seconds
[2023-03-20 11:38:29,519] {scheduler_job.py:182} INFO - Started process (PID=62) to work on /home/airflow/.local/lib/python3.6/site-packages/airflow/example_dags/example_complex.py
[2023-03-20 11:38:29,520] {scheduler_job.py:629} INFO - Processing file /home/airflow/.local/lib/python3.6/site-packages/airflow/example_dags/example_complex.py for tasks to queue
[2023-03-20 11:38:29,521] {logging_mixin.py:104} INFO - [2023-03-20 11:38:29,521] {dagbag.py:451} INFO - Filling up the DagBag from /home/airflow/.local/lib/python3.6/site-packages/airflow/example_dags/example_complex.py
[2023-03-20 11:38:29,546] {scheduler_job.py:639} INFO - DAG(s) dict_keys(['example_complex']) retrieved from /home/airflow/.local/lib/python3.6/site-packages/airflow/example_dags/example_complex.py
[2023-03-20 11:38:29,606] {logging_mixin.py:104} INFO - [2023-03-20 11:38:29,606] {dag.py:1824} INFO - Sync 1 DAGs
[2023-03-20 11:38:29,620] {logging_mixin.py:104} INFO - [2023-03-20 11:38:29,620] {dag.py:2280} INFO - Setting next_dagrun for example_complex to None
[2023-03-20 11:38:29,629] {scheduler_job.py:190} INFO - Processing /home/airflow/.local/lib/python3.6/site-packages/airflow/example_dags/example_complex.py took 0.113 seconds
[2023-03-20 11:39:00,311] {scheduler_job.py:182} INFO - Started process (PID=87) to work on /home/airflow/.local/lib/python3.6/site-packages/airflow/example_dags/example_complex.py
[2023-03-20 11:39:00,315] {scheduler_job.py:629} INFO - Processing file /home/airflow/.local/lib/python3.6/site-packages/airflow/example_dags/example_complex.py for tasks to queue
[2023-03-20 11:39:00,317] {logging_mixin.py:104} INFO - [2023-03-20 11:39:00,317] {dagbag.py:451} INFO - Filling up the DagBag from /home/airflow/.local/lib/python3.6/site-packages/airflow/example_dags/example_complex.py
[2023-03-20 11:39:00,364] {scheduler_job.py:639} INFO - DAG(s) dict_keys(['example_complex']) retrieved from /home/airflow/.local/lib/python3.6/site-packages/airflow/example_dags/example_complex.py
[2023-03-20 11:39:00,408] {logging_mixin.py:104} INFO - [2023-03-20 11:39:00,408] {dag.py:1824} INFO - Sync 1 DAGs
[2023-03-20 11:39:00,423] {logging_mixin.py:104} INFO - [2023-03-20 11:39:00,423] {dag.py:2280} INFO - Setting next_dagrun for example_complex to None
[2023-03-20 11:39:00,432] {scheduler_job.py:190} INFO - Processing /home/airflow/.local/lib/python3.6/site-packages/airflow/example_dags/example_complex.py took 0.130 seconds
[2023-03-20 11:39:31,041] {scheduler_job.py:182} INFO - Started process (PID=113) to work on /home/airflow/.local/lib/python3.6/site-packages/airflow/example_dags/example_complex.py
[2023-03-20 11:39:31,045] {scheduler_job.py:629} INFO - Processing file /home/airflow/.local/lib/python3.6/site-packages/airflow/example_dags/example_complex.py for tasks to queue
[2023-03-20 11:39:31,047] {logging_mixin.py:104} INFO - [2023-03-20 11:39:31,047] {dagbag.py:451} INFO - Filling up the DagBag from /home/airflow/.local/lib/python3.6/site-packages/airflow/example_dags/example_complex.py
[2023-03-20 11:39:31,084] {scheduler_job.py:639} INFO - DAG(s) dict_keys(['example_complex']) retrieved from /home/airflow/.local/lib/python3.6/site-packages/airflow/example_dags/example_complex.py
[2023-03-20 11:39:31,131] {logging_mixin.py:104} INFO - [2023-03-20 11:39:31,130] {dag.py:1824} INFO - Sync 1 DAGs
[2023-03-20 11:39:31,141] {logging_mixin.py:104} INFO - [2023-03-20 11:39:31,141] {dag.py:2280} INFO - Setting next_dagrun for example_complex to None
[2023-03-20 11:39:31,149] {scheduler_job.py:190} INFO - Processing /home/airflow/.local/lib/python3.6/site-packages/airflow/example_dags/example_complex.py took 0.112 seconds
[2023-03-20 11:40:01,784] {scheduler_job.py:182} INFO - Started process (PID=139) to work on /home/airflow/.local/lib/python3.6/site-packages/airflow/example_dags/example_complex.py
[2023-03-20 11:40:01,787] {scheduler_job.py:629} INFO - Processing file /home/airflow/.local/lib/python3.6/site-packages/airflow/example_dags/example_complex.py for tasks to queue
[2023-03-20 11:40:01,789] {logging_mixin.py:104} INFO - [2023-03-20 11:40:01,789] {dagbag.py:451} INFO - Filling up the DagBag from /home/airflow/.local/lib/python3.6/site-packages/airflow/example_dags/example_complex.py
[2023-03-20 11:40:01,836] {scheduler_job.py:639} INFO - DAG(s) dict_keys(['example_complex']) retrieved from /home/airflow/.local/lib/python3.6/site-packages/airflow/example_dags/example_complex.py
[2023-03-20 11:40:01,885] {logging_mixin.py:104} INFO - [2023-03-20 11:40:01,885] {dag.py:1824} INFO - Sync 1 DAGs
[2023-03-20 11:40:01,899] {logging_mixin.py:104} INFO - [2023-03-20 11:40:01,899] {dag.py:2280} INFO - Setting next_dagrun for example_complex to None
[2023-03-20 11:40:01,908] {scheduler_job.py:190} INFO - Processing /home/airflow/.local/lib/python3.6/site-packages/airflow/example_dags/example_complex.py took 0.129 seconds
[2023-03-20 11:40:32,670] {scheduler_job.py:182} INFO - Started process (PID=165) to work on /home/airflow/.local/lib/python3.6/site-packages/airflow/example_dags/example_complex.py
[2023-03-20 11:40:32,672] {scheduler_job.py:629} INFO - Processing file /home/airflow/.local/lib/python3.6/site-packages/airflow/example_dags/example_complex.py for tasks to queue
[2023-03-20 11:40:32,673] {logging_mixin.py:104} INFO - [2023-03-20 11:40:32,673] {dagbag.py:451} INFO - Filling up the DagBag from /home/airflow/.local/lib/python3.6/site-packages/airflow/example_dags/example_complex.py
[2023-03-20 11:40:32,706] {scheduler_job.py:639} INFO - DAG(s) dict_keys(['example_complex']) retrieved from /home/airflow/.local/lib/python3.6/site-packages/airflow/example_dags/example_complex.py
[2023-03-20 11:40:32,773] {logging_mixin.py:104} INFO - [2023-03-20 11:40:32,773] {dag.py:1824} INFO - Sync 1 DAGs
[2023-03-20 11:40:32,785] {logging_mixin.py:104} INFO - [2023-03-20 11:40:32,785] {dag.py:2280} INFO - Setting next_dagrun for example_complex to None
[2023-03-20 11:40:32,793] {scheduler_job.py:190} INFO - Processing /home/airflow/.local/lib/python3.6/site-packages/airflow/example_dags/example_complex.py took 0.127 seconds
[2023-03-20 11:41:03,380] {scheduler_job.py:182} INFO - Started process (PID=191) to work on /home/airflow/.local/lib/python3.6/site-packages/airflow/example_dags/example_complex.py
[2023-03-20 11:41:03,382] {scheduler_job.py:629} INFO - Processing file /home/airflow/.local/lib/python3.6/site-packages/airflow/example_dags/example_complex.py for tasks to queue
[2023-03-20 11:41:03,383] {logging_mixin.py:104} INFO - [2023-03-20 11:41:03,383] {dagbag.py:451} INFO - Filling up the DagBag from /home/airflow/.local/lib/python3.6/site-packages/airflow/example_dags/example_complex.py
[2023-03-20 11:41:03,418] {scheduler_job.py:639} INFO - DAG(s) dict_keys(['example_complex']) retrieved from /home/airflow/.local/lib/python3.6/site-packages/airflow/example_dags/example_complex.py
[2023-03-20 11:41:03,456] {logging_mixin.py:104} INFO - [2023-03-20 11:41:03,455] {dag.py:1824} INFO - Sync 1 DAGs
[2023-03-20 11:41:03,469] {logging_mixin.py:104} INFO - [2023-03-20 11:41:03,469] {dag.py:2280} INFO - Setting next_dagrun for example_complex to None
[2023-03-20 11:41:03,479] {scheduler_job.py:190} INFO - Processing /home/airflow/.local/lib/python3.6/site-packages/airflow/example_dags/example_complex.py took 0.102 seconds
[2023-03-20 14:55:28,454] {scheduler_job.py:182} INFO - Started process (PID=56) to work on /home/airflow/.local/lib/python3.6/site-packages/airflow/example_dags/example_complex.py
[2023-03-20 14:55:28,456] {scheduler_job.py:629} INFO - Processing file /home/airflow/.local/lib/python3.6/site-packages/airflow/example_dags/example_complex.py for tasks to queue
[2023-03-20 14:55:28,457] {logging_mixin.py:104} INFO - [2023-03-20 14:55:28,457] {dagbag.py:451} INFO - Filling up the DagBag from /home/airflow/.local/lib/python3.6/site-packages/airflow/example_dags/example_complex.py
[2023-03-20 14:55:28,499] {scheduler_job.py:639} INFO - DAG(s) dict_keys(['example_complex']) retrieved from /home/airflow/.local/lib/python3.6/site-packages/airflow/example_dags/example_complex.py
[2023-03-20 14:55:28,568] {logging_mixin.py:104} INFO - [2023-03-20 14:55:28,568] {dag.py:1824} INFO - Sync 1 DAGs
[2023-03-20 14:55:28,593] {logging_mixin.py:104} INFO - [2023-03-20 14:55:28,592] {dag.py:1843} INFO - Creating ORM DAG for example_complex
[2023-03-20 14:55:28,604] {logging_mixin.py:104} INFO - [2023-03-20 14:55:28,604] {dag.py:2280} INFO - Setting next_dagrun for example_complex to None
[2023-03-20 14:55:28,656] {scheduler_job.py:190} INFO - Processing /home/airflow/.local/lib/python3.6/site-packages/airflow/example_dags/example_complex.py took 0.205 seconds
[2023-03-20 14:55:59,592] {scheduler_job.py:182} INFO - Started process (PID=82) to work on /home/airflow/.local/lib/python3.6/site-packages/airflow/example_dags/example_complex.py
[2023-03-20 14:55:59,593] {scheduler_job.py:629} INFO - Processing file /home/airflow/.local/lib/python3.6/site-packages/airflow/example_dags/example_complex.py for tasks to queue
[2023-03-20 14:55:59,594] {logging_mixin.py:104} INFO - [2023-03-20 14:55:59,594] {dagbag.py:451} INFO - Filling up the DagBag from /home/airflow/.local/lib/python3.6/site-packages/airflow/example_dags/example_complex.py
[2023-03-20 14:55:59,610] {scheduler_job.py:639} INFO - DAG(s) dict_keys(['example_complex']) retrieved from /home/airflow/.local/lib/python3.6/site-packages/airflow/example_dags/example_complex.py
[2023-03-20 14:55:59,636] {logging_mixin.py:104} INFO - [2023-03-20 14:55:59,636] {dag.py:1824} INFO - Sync 1 DAGs
[2023-03-20 14:55:59,647] {logging_mixin.py:104} INFO - [2023-03-20 14:55:59,647] {dag.py:2280} INFO - Setting next_dagrun for example_complex to None
[2023-03-20 14:55:59,654] {scheduler_job.py:190} INFO - Processing /home/airflow/.local/lib/python3.6/site-packages/airflow/example_dags/example_complex.py took 0.065 seconds
[2023-03-20 14:56:30,176] {scheduler_job.py:182} INFO - Started process (PID=108) to work on /home/airflow/.local/lib/python3.6/site-packages/airflow/example_dags/example_complex.py
[2023-03-20 14:56:30,177] {scheduler_job.py:629} INFO - Processing file /home/airflow/.local/lib/python3.6/site-packages/airflow/example_dags/example_complex.py for tasks to queue
[2023-03-20 14:56:30,178] {logging_mixin.py:104} INFO - [2023-03-20 14:56:30,178] {dagbag.py:451} INFO - Filling up the DagBag from /home/airflow/.local/lib/python3.6/site-packages/airflow/example_dags/example_complex.py
[2023-03-20 14:56:30,192] {scheduler_job.py:639} INFO - DAG(s) dict_keys(['example_complex']) retrieved from /home/airflow/.local/lib/python3.6/site-packages/airflow/example_dags/example_complex.py
[2023-03-20 14:56:30,218] {logging_mixin.py:104} INFO - [2023-03-20 14:56:30,217] {dag.py:1824} INFO - Sync 1 DAGs
[2023-03-20 14:56:30,228] {logging_mixin.py:104} INFO - [2023-03-20 14:56:30,228] {dag.py:2280} INFO - Setting next_dagrun for example_complex to None
[2023-03-20 14:56:30,235] {scheduler_job.py:190} INFO - Processing /home/airflow/.local/lib/python3.6/site-packages/airflow/example_dags/example_complex.py took 0.062 seconds
[2023-03-20 14:57:00,745] {scheduler_job.py:182} INFO - Started process (PID=134) to work on /home/airflow/.local/lib/python3.6/site-packages/airflow/example_dags/example_complex.py
[2023-03-20 14:57:00,750] {scheduler_job.py:629} INFO - Processing file /home/airflow/.local/lib/python3.6/site-packages/airflow/example_dags/example_complex.py for tasks to queue
[2023-03-20 14:57:00,752] {logging_mixin.py:104} INFO - [2023-03-20 14:57:00,752] {dagbag.py:451} INFO - Filling up the DagBag from /home/airflow/.local/lib/python3.6/site-packages/airflow/example_dags/example_complex.py
[2023-03-20 14:57:00,793] {scheduler_job.py:639} INFO - DAG(s) dict_keys(['example_complex']) retrieved from /home/airflow/.local/lib/python3.6/site-packages/airflow/example_dags/example_complex.py
[2023-03-20 14:57:00,829] {logging_mixin.py:104} INFO - [2023-03-20 14:57:00,829] {dag.py:1824} INFO - Sync 1 DAGs
[2023-03-20 14:57:00,871] {logging_mixin.py:104} INFO - [2023-03-20 14:57:00,870] {dag.py:2280} INFO - Setting next_dagrun for example_complex to None
[2023-03-20 14:57:00,895] {scheduler_job.py:190} INFO - Processing /home/airflow/.local/lib/python3.6/site-packages/airflow/example_dags/example_complex.py took 0.156 seconds
[2023-03-20 14:57:32,003] {scheduler_job.py:182} INFO - Started process (PID=160) to work on /home/airflow/.local/lib/python3.6/site-packages/airflow/example_dags/example_complex.py
[2023-03-20 14:57:32,007] {scheduler_job.py:629} INFO - Processing file /home/airflow/.local/lib/python3.6/site-packages/airflow/example_dags/example_complex.py for tasks to queue
[2023-03-20 14:57:32,012] {logging_mixin.py:104} INFO - [2023-03-20 14:57:32,011] {dagbag.py:451} INFO - Filling up the DagBag from /home/airflow/.local/lib/python3.6/site-packages/airflow/example_dags/example_complex.py
[2023-03-20 14:57:32,041] {scheduler_job.py:639} INFO - DAG(s) dict_keys(['example_complex']) retrieved from /home/airflow/.local/lib/python3.6/site-packages/airflow/example_dags/example_complex.py
[2023-03-20 14:57:32,128] {logging_mixin.py:104} INFO - [2023-03-20 14:57:32,127] {dag.py:1824} INFO - Sync 1 DAGs
[2023-03-20 14:57:32,184] {logging_mixin.py:104} INFO - [2023-03-20 14:57:32,184] {dag.py:2280} INFO - Setting next_dagrun for example_complex to None
[2023-03-20 14:57:32,203] {scheduler_job.py:190} INFO - Processing /home/airflow/.local/lib/python3.6/site-packages/airflow/example_dags/example_complex.py took 0.206 seconds
[2023-03-20 14:58:02,754] {scheduler_job.py:182} INFO - Started process (PID=185) to work on /home/airflow/.local/lib/python3.6/site-packages/airflow/example_dags/example_complex.py
[2023-03-20 14:58:02,756] {scheduler_job.py:629} INFO - Processing file /home/airflow/.local/lib/python3.6/site-packages/airflow/example_dags/example_complex.py for tasks to queue
[2023-03-20 14:58:02,757] {logging_mixin.py:104} INFO - [2023-03-20 14:58:02,756] {dagbag.py:451} INFO - Filling up the DagBag from /home/airflow/.local/lib/python3.6/site-packages/airflow/example_dags/example_complex.py
[2023-03-20 14:58:02,780] {scheduler_job.py:639} INFO - DAG(s) dict_keys(['example_complex']) retrieved from /home/airflow/.local/lib/python3.6/site-packages/airflow/example_dags/example_complex.py
[2023-03-20 14:58:02,833] {logging_mixin.py:104} INFO - [2023-03-20 14:58:02,832] {dag.py:1824} INFO - Sync 1 DAGs
[2023-03-20 14:58:02,847] {logging_mixin.py:104} INFO - [2023-03-20 14:58:02,847] {dag.py:2280} INFO - Setting next_dagrun for example_complex to None
[2023-03-20 14:58:02,863] {scheduler_job.py:190} INFO - Processing /home/airflow/.local/lib/python3.6/site-packages/airflow/example_dags/example_complex.py took 0.112 seconds
[2023-03-20 14:58:33,464] {scheduler_job.py:182} INFO - Started process (PID=211) to work on /home/airflow/.local/lib/python3.6/site-packages/airflow/example_dags/example_complex.py
[2023-03-20 14:58:33,465] {scheduler_job.py:629} INFO - Processing file /home/airflow/.local/lib/python3.6/site-packages/airflow/example_dags/example_complex.py for tasks to queue
[2023-03-20 14:58:33,466] {logging_mixin.py:104} INFO - [2023-03-20 14:58:33,466] {dagbag.py:451} INFO - Filling up the DagBag from /home/airflow/.local/lib/python3.6/site-packages/airflow/example_dags/example_complex.py
[2023-03-20 14:58:33,485] {scheduler_job.py:639} INFO - DAG(s) dict_keys(['example_complex']) retrieved from /home/airflow/.local/lib/python3.6/site-packages/airflow/example_dags/example_complex.py
[2023-03-20 14:58:33,508] {logging_mixin.py:104} INFO - [2023-03-20 14:58:33,508] {dag.py:1824} INFO - Sync 1 DAGs
[2023-03-20 14:58:33,519] {logging_mixin.py:104} INFO - [2023-03-20 14:58:33,519] {dag.py:2280} INFO - Setting next_dagrun for example_complex to None
[2023-03-20 14:58:33,527] {scheduler_job.py:190} INFO - Processing /home/airflow/.local/lib/python3.6/site-packages/airflow/example_dags/example_complex.py took 0.066 seconds
[2023-03-20 14:59:04,088] {scheduler_job.py:182} INFO - Started process (PID=237) to work on /home/airflow/.local/lib/python3.6/site-packages/airflow/example_dags/example_complex.py
[2023-03-20 14:59:04,089] {scheduler_job.py:629} INFO - Processing file /home/airflow/.local/lib/python3.6/site-packages/airflow/example_dags/example_complex.py for tasks to queue
[2023-03-20 14:59:04,090] {logging_mixin.py:104} INFO - [2023-03-20 14:59:04,090] {dagbag.py:451} INFO - Filling up the DagBag from /home/airflow/.local/lib/python3.6/site-packages/airflow/example_dags/example_complex.py
[2023-03-20 14:59:04,109] {scheduler_job.py:639} INFO - DAG(s) dict_keys(['example_complex']) retrieved from /home/airflow/.local/lib/python3.6/site-packages/airflow/example_dags/example_complex.py
[2023-03-20 14:59:04,133] {logging_mixin.py:104} INFO - [2023-03-20 14:59:04,133] {dag.py:1824} INFO - Sync 1 DAGs
[2023-03-20 14:59:04,144] {logging_mixin.py:104} INFO - [2023-03-20 14:59:04,144] {dag.py:2280} INFO - Setting next_dagrun for example_complex to None
[2023-03-20 14:59:04,152] {scheduler_job.py:190} INFO - Processing /home/airflow/.local/lib/python3.6/site-packages/airflow/example_dags/example_complex.py took 0.067 seconds
[2023-03-20 14:59:34,546] {scheduler_job.py:182} INFO - Started process (PID=263) to work on /home/airflow/.local/lib/python3.6/site-packages/airflow/example_dags/example_complex.py
[2023-03-20 14:59:34,547] {scheduler_job.py:629} INFO - Processing file /home/airflow/.local/lib/python3.6/site-packages/airflow/example_dags/example_complex.py for tasks to queue
[2023-03-20 14:59:34,548] {logging_mixin.py:104} INFO - [2023-03-20 14:59:34,548] {dagbag.py:451} INFO - Filling up the DagBag from /home/airflow/.local/lib/python3.6/site-packages/airflow/example_dags/example_complex.py
[2023-03-20 14:59:34,566] {scheduler_job.py:639} INFO - DAG(s) dict_keys(['example_complex']) retrieved from /home/airflow/.local/lib/python3.6/site-packages/airflow/example_dags/example_complex.py
[2023-03-20 14:59:34,590] {logging_mixin.py:104} INFO - [2023-03-20 14:59:34,590] {dag.py:1824} INFO - Sync 1 DAGs
[2023-03-20 14:59:34,602] {logging_mixin.py:104} INFO - [2023-03-20 14:59:34,602] {dag.py:2280} INFO - Setting next_dagrun for example_complex to None
[2023-03-20 14:59:34,609] {scheduler_job.py:190} INFO - Processing /home/airflow/.local/lib/python3.6/site-packages/airflow/example_dags/example_complex.py took 0.066 seconds
[2023-03-20 15:00:04,978] {scheduler_job.py:182} INFO - Started process (PID=289) to work on /home/airflow/.local/lib/python3.6/site-packages/airflow/example_dags/example_complex.py
[2023-03-20 15:00:04,979] {scheduler_job.py:629} INFO - Processing file /home/airflow/.local/lib/python3.6/site-packages/airflow/example_dags/example_complex.py for tasks to queue
[2023-03-20 15:00:04,980] {logging_mixin.py:104} INFO - [2023-03-20 15:00:04,980] {dagbag.py:451} INFO - Filling up the DagBag from /home/airflow/.local/lib/python3.6/site-packages/airflow/example_dags/example_complex.py
[2023-03-20 15:00:04,997] {scheduler_job.py:639} INFO - DAG(s) dict_keys(['example_complex']) retrieved from /home/airflow/.local/lib/python3.6/site-packages/airflow/example_dags/example_complex.py
[2023-03-20 15:00:05,018] {logging_mixin.py:104} INFO - [2023-03-20 15:00:05,018] {dag.py:1824} INFO - Sync 1 DAGs
[2023-03-20 15:00:05,029] {logging_mixin.py:104} INFO - [2023-03-20 15:00:05,029] {dag.py:2280} INFO - Setting next_dagrun for example_complex to None
[2023-03-20 15:00:05,036] {scheduler_job.py:190} INFO - Processing /home/airflow/.local/lib/python3.6/site-packages/airflow/example_dags/example_complex.py took 0.060 seconds
[2023-03-20 15:00:35,515] {scheduler_job.py:182} INFO - Started process (PID=315) to work on /home/airflow/.local/lib/python3.6/site-packages/airflow/example_dags/example_complex.py
[2023-03-20 15:00:35,516] {scheduler_job.py:629} INFO - Processing file /home/airflow/.local/lib/python3.6/site-packages/airflow/example_dags/example_complex.py for tasks to queue
[2023-03-20 15:00:35,518] {logging_mixin.py:104} INFO - [2023-03-20 15:00:35,518] {dagbag.py:451} INFO - Filling up the DagBag from /home/airflow/.local/lib/python3.6/site-packages/airflow/example_dags/example_complex.py
[2023-03-20 15:00:35,538] {scheduler_job.py:639} INFO - DAG(s) dict_keys(['example_complex']) retrieved from /home/airflow/.local/lib/python3.6/site-packages/airflow/example_dags/example_complex.py
[2023-03-20 15:00:35,563] {logging_mixin.py:104} INFO - [2023-03-20 15:00:35,563] {dag.py:1824} INFO - Sync 1 DAGs
[2023-03-20 15:00:35,574] {logging_mixin.py:104} INFO - [2023-03-20 15:00:35,574] {dag.py:2280} INFO - Setting next_dagrun for example_complex to None
[2023-03-20 15:00:35,581] {scheduler_job.py:190} INFO - Processing /home/airflow/.local/lib/python3.6/site-packages/airflow/example_dags/example_complex.py took 0.069 seconds
[2023-03-20 15:01:06,073] {scheduler_job.py:182} INFO - Started process (PID=341) to work on /home/airflow/.local/lib/python3.6/site-packages/airflow/example_dags/example_complex.py
[2023-03-20 15:01:06,074] {scheduler_job.py:629} INFO - Processing file /home/airflow/.local/lib/python3.6/site-packages/airflow/example_dags/example_complex.py for tasks to queue
[2023-03-20 15:01:06,075] {logging_mixin.py:104} INFO - [2023-03-20 15:01:06,075] {dagbag.py:451} INFO - Filling up the DagBag from /home/airflow/.local/lib/python3.6/site-packages/airflow/example_dags/example_complex.py
[2023-03-20 15:01:06,093] {scheduler_job.py:639} INFO - DAG(s) dict_keys(['example_complex']) retrieved from /home/airflow/.local/lib/python3.6/site-packages/airflow/example_dags/example_complex.py
[2023-03-20 15:01:06,117] {logging_mixin.py:104} INFO - [2023-03-20 15:01:06,117] {dag.py:1824} INFO - Sync 1 DAGs
[2023-03-20 15:01:06,128] {logging_mixin.py:104} INFO - [2023-03-20 15:01:06,128] {dag.py:2280} INFO - Setting next_dagrun for example_complex to None
[2023-03-20 15:01:06,135] {scheduler_job.py:190} INFO - Processing /home/airflow/.local/lib/python3.6/site-packages/airflow/example_dags/example_complex.py took 0.065 seconds
[2023-03-20 15:01:36,416] {scheduler_job.py:182} INFO - Started process (PID=367) to work on /home/airflow/.local/lib/python3.6/site-packages/airflow/example_dags/example_complex.py
[2023-03-20 15:01:36,417] {scheduler_job.py:629} INFO - Processing file /home/airflow/.local/lib/python3.6/site-packages/airflow/example_dags/example_complex.py for tasks to queue
[2023-03-20 15:01:36,418] {logging_mixin.py:104} INFO - [2023-03-20 15:01:36,418] {dagbag.py:451} INFO - Filling up the DagBag from /home/airflow/.local/lib/python3.6/site-packages/airflow/example_dags/example_complex.py
[2023-03-20 15:01:36,436] {scheduler_job.py:639} INFO - DAG(s) dict_keys(['example_complex']) retrieved from /home/airflow/.local/lib/python3.6/site-packages/airflow/example_dags/example_complex.py
[2023-03-20 15:01:36,460] {logging_mixin.py:104} INFO - [2023-03-20 15:01:36,459] {dag.py:1824} INFO - Sync 1 DAGs
[2023-03-20 15:01:36,470] {logging_mixin.py:104} INFO - [2023-03-20 15:01:36,470] {dag.py:2280} INFO - Setting next_dagrun for example_complex to None
[2023-03-20 15:01:36,477] {scheduler_job.py:190} INFO - Processing /home/airflow/.local/lib/python3.6/site-packages/airflow/example_dags/example_complex.py took 0.064 seconds
[2023-03-20 15:02:06,917] {scheduler_job.py:182} INFO - Started process (PID=393) to work on /home/airflow/.local/lib/python3.6/site-packages/airflow/example_dags/example_complex.py
[2023-03-20 15:02:06,918] {scheduler_job.py:629} INFO - Processing file /home/airflow/.local/lib/python3.6/site-packages/airflow/example_dags/example_complex.py for tasks to queue
[2023-03-20 15:02:06,919] {logging_mixin.py:104} INFO - [2023-03-20 15:02:06,919] {dagbag.py:451} INFO - Filling up the DagBag from /home/airflow/.local/lib/python3.6/site-packages/airflow/example_dags/example_complex.py
[2023-03-20 15:02:06,938] {scheduler_job.py:639} INFO - DAG(s) dict_keys(['example_complex']) retrieved from /home/airflow/.local/lib/python3.6/site-packages/airflow/example_dags/example_complex.py
[2023-03-20 15:02:06,962] {logging_mixin.py:104} INFO - [2023-03-20 15:02:06,962] {dag.py:1824} INFO - Sync 1 DAGs
[2023-03-20 15:02:06,972] {logging_mixin.py:104} INFO - [2023-03-20 15:02:06,972] {dag.py:2280} INFO - Setting next_dagrun for example_complex to None
[2023-03-20 15:02:06,979] {scheduler_job.py:190} INFO - Processing /home/airflow/.local/lib/python3.6/site-packages/airflow/example_dags/example_complex.py took 0.065 seconds
[2023-03-20 15:02:37,344] {scheduler_job.py:182} INFO - Started process (PID=419) to work on /home/airflow/.local/lib/python3.6/site-packages/airflow/example_dags/example_complex.py
[2023-03-20 15:02:37,350] {scheduler_job.py:629} INFO - Processing file /home/airflow/.local/lib/python3.6/site-packages/airflow/example_dags/example_complex.py for tasks to queue
[2023-03-20 15:02:37,351] {logging_mixin.py:104} INFO - [2023-03-20 15:02:37,351] {dagbag.py:451} INFO - Filling up the DagBag from /home/airflow/.local/lib/python3.6/site-packages/airflow/example_dags/example_complex.py
[2023-03-20 15:02:37,364] {scheduler_job.py:639} INFO - DAG(s) dict_keys(['example_complex']) retrieved from /home/airflow/.local/lib/python3.6/site-packages/airflow/example_dags/example_complex.py
[2023-03-20 15:02:37,388] {logging_mixin.py:104} INFO - [2023-03-20 15:02:37,388] {dag.py:1824} INFO - Sync 1 DAGs
[2023-03-20 15:02:37,399] {logging_mixin.py:104} INFO - [2023-03-20 15:02:37,399] {dag.py:2280} INFO - Setting next_dagrun for example_complex to None
[2023-03-20 15:02:37,407] {scheduler_job.py:190} INFO - Processing /home/airflow/.local/lib/python3.6/site-packages/airflow/example_dags/example_complex.py took 0.066 seconds
[2023-03-20 15:03:07,857] {scheduler_job.py:182} INFO - Started process (PID=445) to work on /home/airflow/.local/lib/python3.6/site-packages/airflow/example_dags/example_complex.py
[2023-03-20 15:03:07,859] {scheduler_job.py:629} INFO - Processing file /home/airflow/.local/lib/python3.6/site-packages/airflow/example_dags/example_complex.py for tasks to queue
[2023-03-20 15:03:07,860] {logging_mixin.py:104} INFO - [2023-03-20 15:03:07,860] {dagbag.py:451} INFO - Filling up the DagBag from /home/airflow/.local/lib/python3.6/site-packages/airflow/example_dags/example_complex.py
[2023-03-20 15:03:07,874] {scheduler_job.py:639} INFO - DAG(s) dict_keys(['example_complex']) retrieved from /home/airflow/.local/lib/python3.6/site-packages/airflow/example_dags/example_complex.py
[2023-03-20 15:03:07,899] {logging_mixin.py:104} INFO - [2023-03-20 15:03:07,899] {dag.py:1824} INFO - Sync 1 DAGs
[2023-03-20 15:03:07,910] {logging_mixin.py:104} INFO - [2023-03-20 15:03:07,910] {dag.py:2280} INFO - Setting next_dagrun for example_complex to None
[2023-03-20 15:03:07,917] {scheduler_job.py:190} INFO - Processing /home/airflow/.local/lib/python3.6/site-packages/airflow/example_dags/example_complex.py took 0.062 seconds
[2023-03-20 15:03:38,393] {scheduler_job.py:182} INFO - Started process (PID=471) to work on /home/airflow/.local/lib/python3.6/site-packages/airflow/example_dags/example_complex.py
[2023-03-20 15:03:38,394] {scheduler_job.py:629} INFO - Processing file /home/airflow/.local/lib/python3.6/site-packages/airflow/example_dags/example_complex.py for tasks to queue
[2023-03-20 15:03:38,395] {logging_mixin.py:104} INFO - [2023-03-20 15:03:38,395] {dagbag.py:451} INFO - Filling up the DagBag from /home/airflow/.local/lib/python3.6/site-packages/airflow/example_dags/example_complex.py
[2023-03-20 15:03:38,409] {scheduler_job.py:639} INFO - DAG(s) dict_keys(['example_complex']) retrieved from /home/airflow/.local/lib/python3.6/site-packages/airflow/example_dags/example_complex.py
[2023-03-20 15:03:38,433] {logging_mixin.py:104} INFO - [2023-03-20 15:03:38,433] {dag.py:1824} INFO - Sync 1 DAGs
[2023-03-20 15:03:38,443] {logging_mixin.py:104} INFO - [2023-03-20 15:03:38,443] {dag.py:2280} INFO - Setting next_dagrun for example_complex to None
[2023-03-20 15:03:38,451] {scheduler_job.py:190} INFO - Processing /home/airflow/.local/lib/python3.6/site-packages/airflow/example_dags/example_complex.py took 0.060 seconds
[2023-03-20 15:04:08,965] {scheduler_job.py:182} INFO - Started process (PID=497) to work on /home/airflow/.local/lib/python3.6/site-packages/airflow/example_dags/example_complex.py
[2023-03-20 15:04:08,966] {scheduler_job.py:629} INFO - Processing file /home/airflow/.local/lib/python3.6/site-packages/airflow/example_dags/example_complex.py for tasks to queue
[2023-03-20 15:04:08,967] {logging_mixin.py:104} INFO - [2023-03-20 15:04:08,967] {dagbag.py:451} INFO - Filling up the DagBag from /home/airflow/.local/lib/python3.6/site-packages/airflow/example_dags/example_complex.py
[2023-03-20 15:04:08,982] {scheduler_job.py:639} INFO - DAG(s) dict_keys(['example_complex']) retrieved from /home/airflow/.local/lib/python3.6/site-packages/airflow/example_dags/example_complex.py
[2023-03-20 15:04:09,006] {logging_mixin.py:104} INFO - [2023-03-20 15:04:09,006] {dag.py:1824} INFO - Sync 1 DAGs
[2023-03-20 15:04:09,018] {logging_mixin.py:104} INFO - [2023-03-20 15:04:09,018] {dag.py:2280} INFO - Setting next_dagrun for example_complex to None
[2023-03-20 15:04:09,026] {scheduler_job.py:190} INFO - Processing /home/airflow/.local/lib/python3.6/site-packages/airflow/example_dags/example_complex.py took 0.064 seconds
[2023-03-20 15:04:39,480] {scheduler_job.py:182} INFO - Started process (PID=523) to work on /home/airflow/.local/lib/python3.6/site-packages/airflow/example_dags/example_complex.py
[2023-03-20 15:04:39,482] {scheduler_job.py:629} INFO - Processing file /home/airflow/.local/lib/python3.6/site-packages/airflow/example_dags/example_complex.py for tasks to queue
[2023-03-20 15:04:39,483] {logging_mixin.py:104} INFO - [2023-03-20 15:04:39,483] {dagbag.py:451} INFO - Filling up the DagBag from /home/airflow/.local/lib/python3.6/site-packages/airflow/example_dags/example_complex.py
[2023-03-20 15:04:39,497] {scheduler_job.py:639} INFO - DAG(s) dict_keys(['example_complex']) retrieved from /home/airflow/.local/lib/python3.6/site-packages/airflow/example_dags/example_complex.py
[2023-03-20 15:04:39,522] {logging_mixin.py:104} INFO - [2023-03-20 15:04:39,521] {dag.py:1824} INFO - Sync 1 DAGs
[2023-03-20 15:04:39,532] {logging_mixin.py:104} INFO - [2023-03-20 15:04:39,532] {dag.py:2280} INFO - Setting next_dagrun for example_complex to None
[2023-03-20 15:04:39,539] {scheduler_job.py:190} INFO - Processing /home/airflow/.local/lib/python3.6/site-packages/airflow/example_dags/example_complex.py took 0.062 seconds
[2023-03-20 15:05:10,062] {scheduler_job.py:182} INFO - Started process (PID=549) to work on /home/airflow/.local/lib/python3.6/site-packages/airflow/example_dags/example_complex.py
[2023-03-20 15:05:10,063] {scheduler_job.py:629} INFO - Processing file /home/airflow/.local/lib/python3.6/site-packages/airflow/example_dags/example_complex.py for tasks to queue
[2023-03-20 15:05:10,064] {logging_mixin.py:104} INFO - [2023-03-20 15:05:10,064] {dagbag.py:451} INFO - Filling up the DagBag from /home/airflow/.local/lib/python3.6/site-packages/airflow/example_dags/example_complex.py
[2023-03-20 15:05:10,078] {scheduler_job.py:639} INFO - DAG(s) dict_keys(['example_complex']) retrieved from /home/airflow/.local/lib/python3.6/site-packages/airflow/example_dags/example_complex.py
[2023-03-20 15:05:10,103] {logging_mixin.py:104} INFO - [2023-03-20 15:05:10,103] {dag.py:1824} INFO - Sync 1 DAGs
[2023-03-20 15:05:10,113] {logging_mixin.py:104} INFO - [2023-03-20 15:05:10,113] {dag.py:2280} INFO - Setting next_dagrun for example_complex to None
[2023-03-20 15:05:10,121] {scheduler_job.py:190} INFO - Processing /home/airflow/.local/lib/python3.6/site-packages/airflow/example_dags/example_complex.py took 0.061 seconds
[2023-03-20 15:05:40,643] {scheduler_job.py:182} INFO - Started process (PID=575) to work on /home/airflow/.local/lib/python3.6/site-packages/airflow/example_dags/example_complex.py
[2023-03-20 15:05:40,644] {scheduler_job.py:629} INFO - Processing file /home/airflow/.local/lib/python3.6/site-packages/airflow/example_dags/example_complex.py for tasks to queue
[2023-03-20 15:05:40,645] {logging_mixin.py:104} INFO - [2023-03-20 15:05:40,645] {dagbag.py:451} INFO - Filling up the DagBag from /home/airflow/.local/lib/python3.6/site-packages/airflow/example_dags/example_complex.py
[2023-03-20 15:05:40,660] {scheduler_job.py:639} INFO - DAG(s) dict_keys(['example_complex']) retrieved from /home/airflow/.local/lib/python3.6/site-packages/airflow/example_dags/example_complex.py
[2023-03-20 15:05:40,684] {logging_mixin.py:104} INFO - [2023-03-20 15:05:40,684] {dag.py:1824} INFO - Sync 1 DAGs
[2023-03-20 15:05:40,696] {logging_mixin.py:104} INFO - [2023-03-20 15:05:40,696] {dag.py:2280} INFO - Setting next_dagrun for example_complex to None
[2023-03-20 15:05:40,703] {scheduler_job.py:190} INFO - Processing /home/airflow/.local/lib/python3.6/site-packages/airflow/example_dags/example_complex.py took 0.063 seconds
[2023-03-20 15:06:11,279] {scheduler_job.py:182} INFO - Started process (PID=601) to work on /home/airflow/.local/lib/python3.6/site-packages/airflow/example_dags/example_complex.py
[2023-03-20 15:06:11,281] {scheduler_job.py:629} INFO - Processing file /home/airflow/.local/lib/python3.6/site-packages/airflow/example_dags/example_complex.py for tasks to queue
[2023-03-20 15:06:11,281] {logging_mixin.py:104} INFO - [2023-03-20 15:06:11,281] {dagbag.py:451} INFO - Filling up the DagBag from /home/airflow/.local/lib/python3.6/site-packages/airflow/example_dags/example_complex.py
[2023-03-20 15:06:11,296] {scheduler_job.py:639} INFO - DAG(s) dict_keys(['example_complex']) retrieved from /home/airflow/.local/lib/python3.6/site-packages/airflow/example_dags/example_complex.py
[2023-03-20 15:06:11,321] {logging_mixin.py:104} INFO - [2023-03-20 15:06:11,321] {dag.py:1824} INFO - Sync 1 DAGs
[2023-03-20 15:06:11,333] {logging_mixin.py:104} INFO - [2023-03-20 15:06:11,333] {dag.py:2280} INFO - Setting next_dagrun for example_complex to None
[2023-03-20 15:06:11,341] {scheduler_job.py:190} INFO - Processing /home/airflow/.local/lib/python3.6/site-packages/airflow/example_dags/example_complex.py took 0.065 seconds
[2023-03-20 15:06:41,906] {scheduler_job.py:182} INFO - Started process (PID=627) to work on /home/airflow/.local/lib/python3.6/site-packages/airflow/example_dags/example_complex.py
[2023-03-20 15:06:41,908] {scheduler_job.py:629} INFO - Processing file /home/airflow/.local/lib/python3.6/site-packages/airflow/example_dags/example_complex.py for tasks to queue
[2023-03-20 15:06:41,909] {logging_mixin.py:104} INFO - [2023-03-20 15:06:41,909] {dagbag.py:451} INFO - Filling up the DagBag from /home/airflow/.local/lib/python3.6/site-packages/airflow/example_dags/example_complex.py
[2023-03-20 15:06:41,923] {scheduler_job.py:639} INFO - DAG(s) dict_keys(['example_complex']) retrieved from /home/airflow/.local/lib/python3.6/site-packages/airflow/example_dags/example_complex.py
[2023-03-20 15:06:41,949] {logging_mixin.py:104} INFO - [2023-03-20 15:06:41,949] {dag.py:1824} INFO - Sync 1 DAGs
[2023-03-20 15:06:41,960] {logging_mixin.py:104} INFO - [2023-03-20 15:06:41,960] {dag.py:2280} INFO - Setting next_dagrun for example_complex to None
[2023-03-20 15:06:41,967] {scheduler_job.py:190} INFO - Processing /home/airflow/.local/lib/python3.6/site-packages/airflow/example_dags/example_complex.py took 0.064 seconds
[2023-03-20 15:07:12,675] {scheduler_job.py:182} INFO - Started process (PID=653) to work on /home/airflow/.local/lib/python3.6/site-packages/airflow/example_dags/example_complex.py
[2023-03-20 15:07:12,677] {scheduler_job.py:629} INFO - Processing file /home/airflow/.local/lib/python3.6/site-packages/airflow/example_dags/example_complex.py for tasks to queue
[2023-03-20 15:07:12,678] {logging_mixin.py:104} INFO - [2023-03-20 15:07:12,678] {dagbag.py:451} INFO - Filling up the DagBag from /home/airflow/.local/lib/python3.6/site-packages/airflow/example_dags/example_complex.py
[2023-03-20 15:07:12,701] {scheduler_job.py:639} INFO - DAG(s) dict_keys(['example_complex']) retrieved from /home/airflow/.local/lib/python3.6/site-packages/airflow/example_dags/example_complex.py
[2023-03-20 15:07:12,727] {logging_mixin.py:104} INFO - [2023-03-20 15:07:12,727] {dag.py:1824} INFO - Sync 1 DAGs
[2023-03-20 15:07:12,740] {logging_mixin.py:104} INFO - [2023-03-20 15:07:12,740] {dag.py:2280} INFO - Setting next_dagrun for example_complex to None
[2023-03-20 15:07:12,748] {scheduler_job.py:190} INFO - Processing /home/airflow/.local/lib/python3.6/site-packages/airflow/example_dags/example_complex.py took 0.076 seconds
[2023-03-20 15:07:43,707] {scheduler_job.py:182} INFO - Started process (PID=679) to work on /home/airflow/.local/lib/python3.6/site-packages/airflow/example_dags/example_complex.py
[2023-03-20 15:07:43,710] {scheduler_job.py:629} INFO - Processing file /home/airflow/.local/lib/python3.6/site-packages/airflow/example_dags/example_complex.py for tasks to queue
[2023-03-20 15:07:43,712] {logging_mixin.py:104} INFO - [2023-03-20 15:07:43,711] {dagbag.py:451} INFO - Filling up the DagBag from /home/airflow/.local/lib/python3.6/site-packages/airflow/example_dags/example_complex.py
[2023-03-20 15:07:43,741] {scheduler_job.py:639} INFO - DAG(s) dict_keys(['example_complex']) retrieved from /home/airflow/.local/lib/python3.6/site-packages/airflow/example_dags/example_complex.py
[2023-03-20 15:07:43,777] {logging_mixin.py:104} INFO - [2023-03-20 15:07:43,777] {dag.py:1824} INFO - Sync 1 DAGs
[2023-03-20 15:07:43,795] {logging_mixin.py:104} INFO - [2023-03-20 15:07:43,795] {dag.py:2280} INFO - Setting next_dagrun for example_complex to None
[2023-03-20 15:07:43,810] {scheduler_job.py:190} INFO - Processing /home/airflow/.local/lib/python3.6/site-packages/airflow/example_dags/example_complex.py took 0.106 seconds
[2023-03-20 15:08:14,371] {scheduler_job.py:182} INFO - Started process (PID=705) to work on /home/airflow/.local/lib/python3.6/site-packages/airflow/example_dags/example_complex.py
[2023-03-20 15:08:14,372] {scheduler_job.py:629} INFO - Processing file /home/airflow/.local/lib/python3.6/site-packages/airflow/example_dags/example_complex.py for tasks to queue
[2023-03-20 15:08:14,373] {logging_mixin.py:104} INFO - [2023-03-20 15:08:14,373] {dagbag.py:451} INFO - Filling up the DagBag from /home/airflow/.local/lib/python3.6/site-packages/airflow/example_dags/example_complex.py
[2023-03-20 15:08:14,393] {scheduler_job.py:639} INFO - DAG(s) dict_keys(['example_complex']) retrieved from /home/airflow/.local/lib/python3.6/site-packages/airflow/example_dags/example_complex.py
[2023-03-20 15:08:14,422] {logging_mixin.py:104} INFO - [2023-03-20 15:08:14,422] {dag.py:1824} INFO - Sync 1 DAGs
[2023-03-20 15:08:14,433] {logging_mixin.py:104} INFO - [2023-03-20 15:08:14,433] {dag.py:2280} INFO - Setting next_dagrun for example_complex to None
[2023-03-20 15:08:14,442] {scheduler_job.py:190} INFO - Processing /home/airflow/.local/lib/python3.6/site-packages/airflow/example_dags/example_complex.py took 0.074 seconds
[2023-03-20 15:08:45,125] {scheduler_job.py:182} INFO - Started process (PID=731) to work on /home/airflow/.local/lib/python3.6/site-packages/airflow/example_dags/example_complex.py
[2023-03-20 15:08:45,127] {scheduler_job.py:629} INFO - Processing file /home/airflow/.local/lib/python3.6/site-packages/airflow/example_dags/example_complex.py for tasks to queue
[2023-03-20 15:08:45,128] {logging_mixin.py:104} INFO - [2023-03-20 15:08:45,128] {dagbag.py:451} INFO - Filling up the DagBag from /home/airflow/.local/lib/python3.6/site-packages/airflow/example_dags/example_complex.py
[2023-03-20 15:08:45,143] {scheduler_job.py:639} INFO - DAG(s) dict_keys(['example_complex']) retrieved from /home/airflow/.local/lib/python3.6/site-packages/airflow/example_dags/example_complex.py
[2023-03-20 15:08:45,168] {logging_mixin.py:104} INFO - [2023-03-20 15:08:45,168] {dag.py:1824} INFO - Sync 1 DAGs
[2023-03-20 15:08:45,180] {logging_mixin.py:104} INFO - [2023-03-20 15:08:45,180] {dag.py:2280} INFO - Setting next_dagrun for example_complex to None
[2023-03-20 15:08:45,189] {scheduler_job.py:190} INFO - Processing /home/airflow/.local/lib/python3.6/site-packages/airflow/example_dags/example_complex.py took 0.067 seconds
[2023-03-20 15:09:15,901] {scheduler_job.py:182} INFO - Started process (PID=757) to work on /home/airflow/.local/lib/python3.6/site-packages/airflow/example_dags/example_complex.py
[2023-03-20 15:09:15,902] {scheduler_job.py:629} INFO - Processing file /home/airflow/.local/lib/python3.6/site-packages/airflow/example_dags/example_complex.py for tasks to queue
[2023-03-20 15:09:15,903] {logging_mixin.py:104} INFO - [2023-03-20 15:09:15,903] {dagbag.py:451} INFO - Filling up the DagBag from /home/airflow/.local/lib/python3.6/site-packages/airflow/example_dags/example_complex.py
[2023-03-20 15:09:15,918] {scheduler_job.py:639} INFO - DAG(s) dict_keys(['example_complex']) retrieved from /home/airflow/.local/lib/python3.6/site-packages/airflow/example_dags/example_complex.py
[2023-03-20 15:09:15,943] {logging_mixin.py:104} INFO - [2023-03-20 15:09:15,943] {dag.py:1824} INFO - Sync 1 DAGs
[2023-03-20 15:09:15,954] {logging_mixin.py:104} INFO - [2023-03-20 15:09:15,954] {dag.py:2280} INFO - Setting next_dagrun for example_complex to None
[2023-03-20 15:09:15,963] {scheduler_job.py:190} INFO - Processing /home/airflow/.local/lib/python3.6/site-packages/airflow/example_dags/example_complex.py took 0.065 seconds
