[2023-03-20 11:38:00,954] {scheduler_job.py:182} INFO - Started process (PID=47) to work on /home/airflow/.local/lib/python3.6/site-packages/airflow/example_dags/example_kubernetes_executor_config.py
[2023-03-20 11:38:00,959] {scheduler_job.py:629} INFO - Processing file /home/airflow/.local/lib/python3.6/site-packages/airflow/example_dags/example_kubernetes_executor_config.py for tasks to queue
[2023-03-20 11:38:00,964] {logging_mixin.py:104} INFO - [2023-03-20 11:38:00,964] {dagbag.py:451} INFO - Filling up the DagBag from /home/airflow/.local/lib/python3.6/site-packages/airflow/example_dags/example_kubernetes_executor_config.py
[2023-03-20 11:38:01,019] {scheduler_job.py:639} INFO - DAG(s) dict_keys(['example_kubernetes_executor_config']) retrieved from /home/airflow/.local/lib/python3.6/site-packages/airflow/example_dags/example_kubernetes_executor_config.py
[2023-03-20 11:38:01,119] {logging_mixin.py:104} INFO - [2023-03-20 11:38:01,119] {dag.py:1824} INFO - Sync 1 DAGs
[2023-03-20 11:38:01,136] {logging_mixin.py:104} INFO - [2023-03-20 11:38:01,136] {dag.py:1843} INFO - Creating ORM DAG for example_kubernetes_executor_config
[2023-03-20 11:38:01,183] {logging_mixin.py:104} INFO - [2023-03-20 11:38:01,183] {dag.py:2280} INFO - Setting next_dagrun for example_kubernetes_executor_config to None
[2023-03-20 11:38:01,206] {scheduler_job.py:190} INFO - Processing /home/airflow/.local/lib/python3.6/site-packages/airflow/example_dags/example_kubernetes_executor_config.py took 0.261 seconds
[2023-03-20 11:38:32,046] {scheduler_job.py:182} INFO - Started process (PID=73) to work on /home/airflow/.local/lib/python3.6/site-packages/airflow/example_dags/example_kubernetes_executor_config.py
[2023-03-20 11:38:32,048] {scheduler_job.py:629} INFO - Processing file /home/airflow/.local/lib/python3.6/site-packages/airflow/example_dags/example_kubernetes_executor_config.py for tasks to queue
[2023-03-20 11:38:32,050] {logging_mixin.py:104} INFO - [2023-03-20 11:38:32,050] {dagbag.py:451} INFO - Filling up the DagBag from /home/airflow/.local/lib/python3.6/site-packages/airflow/example_dags/example_kubernetes_executor_config.py
[2023-03-20 11:38:32,077] {scheduler_job.py:639} INFO - DAG(s) dict_keys(['example_kubernetes_executor_config']) retrieved from /home/airflow/.local/lib/python3.6/site-packages/airflow/example_dags/example_kubernetes_executor_config.py
[2023-03-20 11:38:32,119] {logging_mixin.py:104} INFO - [2023-03-20 11:38:32,119] {dag.py:1824} INFO - Sync 1 DAGs
[2023-03-20 11:38:32,137] {logging_mixin.py:104} INFO - [2023-03-20 11:38:32,137] {dag.py:2280} INFO - Setting next_dagrun for example_kubernetes_executor_config to None
[2023-03-20 11:38:32,149] {scheduler_job.py:190} INFO - Processing /home/airflow/.local/lib/python3.6/site-packages/airflow/example_dags/example_kubernetes_executor_config.py took 0.107 seconds
[2023-03-20 11:39:02,971] {scheduler_job.py:182} INFO - Started process (PID=99) to work on /home/airflow/.local/lib/python3.6/site-packages/airflow/example_dags/example_kubernetes_executor_config.py
[2023-03-20 11:39:02,973] {scheduler_job.py:629} INFO - Processing file /home/airflow/.local/lib/python3.6/site-packages/airflow/example_dags/example_kubernetes_executor_config.py for tasks to queue
[2023-03-20 11:39:02,974] {logging_mixin.py:104} INFO - [2023-03-20 11:39:02,974] {dagbag.py:451} INFO - Filling up the DagBag from /home/airflow/.local/lib/python3.6/site-packages/airflow/example_dags/example_kubernetes_executor_config.py
[2023-03-20 11:39:02,995] {scheduler_job.py:639} INFO - DAG(s) dict_keys(['example_kubernetes_executor_config']) retrieved from /home/airflow/.local/lib/python3.6/site-packages/airflow/example_dags/example_kubernetes_executor_config.py
[2023-03-20 11:39:03,024] {logging_mixin.py:104} INFO - [2023-03-20 11:39:03,024] {dag.py:1824} INFO - Sync 1 DAGs
[2023-03-20 11:39:03,036] {logging_mixin.py:104} INFO - [2023-03-20 11:39:03,036] {dag.py:2280} INFO - Setting next_dagrun for example_kubernetes_executor_config to None
[2023-03-20 11:39:03,044] {scheduler_job.py:190} INFO - Processing /home/airflow/.local/lib/python3.6/site-packages/airflow/example_dags/example_kubernetes_executor_config.py took 0.078 seconds
[2023-03-20 11:39:33,623] {scheduler_job.py:182} INFO - Started process (PID=125) to work on /home/airflow/.local/lib/python3.6/site-packages/airflow/example_dags/example_kubernetes_executor_config.py
[2023-03-20 11:39:33,625] {scheduler_job.py:629} INFO - Processing file /home/airflow/.local/lib/python3.6/site-packages/airflow/example_dags/example_kubernetes_executor_config.py for tasks to queue
[2023-03-20 11:39:33,626] {logging_mixin.py:104} INFO - [2023-03-20 11:39:33,626] {dagbag.py:451} INFO - Filling up the DagBag from /home/airflow/.local/lib/python3.6/site-packages/airflow/example_dags/example_kubernetes_executor_config.py
[2023-03-20 11:39:33,650] {scheduler_job.py:639} INFO - DAG(s) dict_keys(['example_kubernetes_executor_config']) retrieved from /home/airflow/.local/lib/python3.6/site-packages/airflow/example_dags/example_kubernetes_executor_config.py
[2023-03-20 11:39:33,693] {logging_mixin.py:104} INFO - [2023-03-20 11:39:33,692] {dag.py:1824} INFO - Sync 1 DAGs
[2023-03-20 11:39:33,719] {logging_mixin.py:104} INFO - [2023-03-20 11:39:33,719] {dag.py:2280} INFO - Setting next_dagrun for example_kubernetes_executor_config to None
[2023-03-20 11:39:33,731] {scheduler_job.py:190} INFO - Processing /home/airflow/.local/lib/python3.6/site-packages/airflow/example_dags/example_kubernetes_executor_config.py took 0.113 seconds
[2023-03-20 11:40:04,431] {scheduler_job.py:182} INFO - Started process (PID=151) to work on /home/airflow/.local/lib/python3.6/site-packages/airflow/example_dags/example_kubernetes_executor_config.py
[2023-03-20 11:40:04,434] {scheduler_job.py:629} INFO - Processing file /home/airflow/.local/lib/python3.6/site-packages/airflow/example_dags/example_kubernetes_executor_config.py for tasks to queue
[2023-03-20 11:40:04,436] {logging_mixin.py:104} INFO - [2023-03-20 11:40:04,436] {dagbag.py:451} INFO - Filling up the DagBag from /home/airflow/.local/lib/python3.6/site-packages/airflow/example_dags/example_kubernetes_executor_config.py
[2023-03-20 11:40:04,461] {scheduler_job.py:639} INFO - DAG(s) dict_keys(['example_kubernetes_executor_config']) retrieved from /home/airflow/.local/lib/python3.6/site-packages/airflow/example_dags/example_kubernetes_executor_config.py
[2023-03-20 11:40:04,501] {logging_mixin.py:104} INFO - [2023-03-20 11:40:04,501] {dag.py:1824} INFO - Sync 1 DAGs
[2023-03-20 11:40:04,520] {logging_mixin.py:104} INFO - [2023-03-20 11:40:04,520] {dag.py:2280} INFO - Setting next_dagrun for example_kubernetes_executor_config to None
[2023-03-20 11:40:04,530] {scheduler_job.py:190} INFO - Processing /home/airflow/.local/lib/python3.6/site-packages/airflow/example_dags/example_kubernetes_executor_config.py took 0.114 seconds
[2023-03-20 11:40:35,357] {scheduler_job.py:182} INFO - Started process (PID=177) to work on /home/airflow/.local/lib/python3.6/site-packages/airflow/example_dags/example_kubernetes_executor_config.py
[2023-03-20 11:40:35,359] {scheduler_job.py:629} INFO - Processing file /home/airflow/.local/lib/python3.6/site-packages/airflow/example_dags/example_kubernetes_executor_config.py for tasks to queue
[2023-03-20 11:40:35,360] {logging_mixin.py:104} INFO - [2023-03-20 11:40:35,360] {dagbag.py:451} INFO - Filling up the DagBag from /home/airflow/.local/lib/python3.6/site-packages/airflow/example_dags/example_kubernetes_executor_config.py
[2023-03-20 11:40:35,376] {scheduler_job.py:639} INFO - DAG(s) dict_keys(['example_kubernetes_executor_config']) retrieved from /home/airflow/.local/lib/python3.6/site-packages/airflow/example_dags/example_kubernetes_executor_config.py
[2023-03-20 11:40:35,401] {logging_mixin.py:104} INFO - [2023-03-20 11:40:35,401] {dag.py:1824} INFO - Sync 1 DAGs
[2023-03-20 11:40:35,411] {logging_mixin.py:104} INFO - [2023-03-20 11:40:35,411] {dag.py:2280} INFO - Setting next_dagrun for example_kubernetes_executor_config to None
[2023-03-20 11:40:35,419] {scheduler_job.py:190} INFO - Processing /home/airflow/.local/lib/python3.6/site-packages/airflow/example_dags/example_kubernetes_executor_config.py took 0.066 seconds
[2023-03-20 11:41:05,932] {scheduler_job.py:182} INFO - Started process (PID=203) to work on /home/airflow/.local/lib/python3.6/site-packages/airflow/example_dags/example_kubernetes_executor_config.py
[2023-03-20 11:41:05,935] {scheduler_job.py:629} INFO - Processing file /home/airflow/.local/lib/python3.6/site-packages/airflow/example_dags/example_kubernetes_executor_config.py for tasks to queue
[2023-03-20 11:41:05,936] {logging_mixin.py:104} INFO - [2023-03-20 11:41:05,936] {dagbag.py:451} INFO - Filling up the DagBag from /home/airflow/.local/lib/python3.6/site-packages/airflow/example_dags/example_kubernetes_executor_config.py
[2023-03-20 11:41:05,956] {scheduler_job.py:639} INFO - DAG(s) dict_keys(['example_kubernetes_executor_config']) retrieved from /home/airflow/.local/lib/python3.6/site-packages/airflow/example_dags/example_kubernetes_executor_config.py
[2023-03-20 11:41:05,984] {logging_mixin.py:104} INFO - [2023-03-20 11:41:05,984] {dag.py:1824} INFO - Sync 1 DAGs
[2023-03-20 11:41:05,994] {logging_mixin.py:104} INFO - [2023-03-20 11:41:05,994] {dag.py:2280} INFO - Setting next_dagrun for example_kubernetes_executor_config to None
[2023-03-20 11:41:06,001] {scheduler_job.py:190} INFO - Processing /home/airflow/.local/lib/python3.6/site-packages/airflow/example_dags/example_kubernetes_executor_config.py took 0.075 seconds
[2023-03-20 14:55:26,758] {scheduler_job.py:182} INFO - Started process (PID=42) to work on /home/airflow/.local/lib/python3.6/site-packages/airflow/example_dags/example_kubernetes_executor_config.py
[2023-03-20 14:55:26,762] {scheduler_job.py:629} INFO - Processing file /home/airflow/.local/lib/python3.6/site-packages/airflow/example_dags/example_kubernetes_executor_config.py for tasks to queue
[2023-03-20 14:55:26,766] {logging_mixin.py:104} INFO - [2023-03-20 14:55:26,765] {dagbag.py:451} INFO - Filling up the DagBag from /home/airflow/.local/lib/python3.6/site-packages/airflow/example_dags/example_kubernetes_executor_config.py
[2023-03-20 14:55:26,795] {scheduler_job.py:639} INFO - DAG(s) dict_keys(['example_kubernetes_executor_config']) retrieved from /home/airflow/.local/lib/python3.6/site-packages/airflow/example_dags/example_kubernetes_executor_config.py
[2023-03-20 14:55:26,914] {logging_mixin.py:104} INFO - [2023-03-20 14:55:26,914] {dag.py:1824} INFO - Sync 1 DAGs
[2023-03-20 14:55:26,932] {logging_mixin.py:104} INFO - [2023-03-20 14:55:26,932] {dag.py:1843} INFO - Creating ORM DAG for example_kubernetes_executor_config
[2023-03-20 14:55:26,942] {logging_mixin.py:104} INFO - [2023-03-20 14:55:26,941] {dag.py:2280} INFO - Setting next_dagrun for example_kubernetes_executor_config to None
[2023-03-20 14:55:26,977] {scheduler_job.py:190} INFO - Processing /home/airflow/.local/lib/python3.6/site-packages/airflow/example_dags/example_kubernetes_executor_config.py took 0.227 seconds
[2023-03-20 14:55:57,802] {scheduler_job.py:182} INFO - Started process (PID=67) to work on /home/airflow/.local/lib/python3.6/site-packages/airflow/example_dags/example_kubernetes_executor_config.py
[2023-03-20 14:55:57,808] {scheduler_job.py:629} INFO - Processing file /home/airflow/.local/lib/python3.6/site-packages/airflow/example_dags/example_kubernetes_executor_config.py for tasks to queue
[2023-03-20 14:55:57,811] {logging_mixin.py:104} INFO - [2023-03-20 14:55:57,810] {dagbag.py:451} INFO - Filling up the DagBag from /home/airflow/.local/lib/python3.6/site-packages/airflow/example_dags/example_kubernetes_executor_config.py
[2023-03-20 14:55:57,833] {scheduler_job.py:639} INFO - DAG(s) dict_keys(['example_kubernetes_executor_config']) retrieved from /home/airflow/.local/lib/python3.6/site-packages/airflow/example_dags/example_kubernetes_executor_config.py
[2023-03-20 14:55:57,863] {logging_mixin.py:104} INFO - [2023-03-20 14:55:57,862] {dag.py:1824} INFO - Sync 1 DAGs
[2023-03-20 14:55:57,879] {logging_mixin.py:104} INFO - [2023-03-20 14:55:57,878] {dag.py:2280} INFO - Setting next_dagrun for example_kubernetes_executor_config to None
[2023-03-20 14:55:57,888] {scheduler_job.py:190} INFO - Processing /home/airflow/.local/lib/python3.6/site-packages/airflow/example_dags/example_kubernetes_executor_config.py took 0.090 seconds
[2023-03-20 14:56:28,719] {scheduler_job.py:182} INFO - Started process (PID=99) to work on /home/airflow/.local/lib/python3.6/site-packages/airflow/example_dags/example_kubernetes_executor_config.py
[2023-03-20 14:56:28,721] {scheduler_job.py:629} INFO - Processing file /home/airflow/.local/lib/python3.6/site-packages/airflow/example_dags/example_kubernetes_executor_config.py for tasks to queue
[2023-03-20 14:56:28,721] {logging_mixin.py:104} INFO - [2023-03-20 14:56:28,721] {dagbag.py:451} INFO - Filling up the DagBag from /home/airflow/.local/lib/python3.6/site-packages/airflow/example_dags/example_kubernetes_executor_config.py
[2023-03-20 14:56:28,735] {scheduler_job.py:639} INFO - DAG(s) dict_keys(['example_kubernetes_executor_config']) retrieved from /home/airflow/.local/lib/python3.6/site-packages/airflow/example_dags/example_kubernetes_executor_config.py
[2023-03-20 14:56:28,762] {logging_mixin.py:104} INFO - [2023-03-20 14:56:28,761] {dag.py:1824} INFO - Sync 1 DAGs
[2023-03-20 14:56:28,772] {logging_mixin.py:104} INFO - [2023-03-20 14:56:28,772] {dag.py:2280} INFO - Setting next_dagrun for example_kubernetes_executor_config to None
[2023-03-20 14:56:28,779] {scheduler_job.py:190} INFO - Processing /home/airflow/.local/lib/python3.6/site-packages/airflow/example_dags/example_kubernetes_executor_config.py took 0.063 seconds
[2023-03-20 14:56:59,826] {scheduler_job.py:182} INFO - Started process (PID=125) to work on /home/airflow/.local/lib/python3.6/site-packages/airflow/example_dags/example_kubernetes_executor_config.py
[2023-03-20 14:56:59,831] {scheduler_job.py:629} INFO - Processing file /home/airflow/.local/lib/python3.6/site-packages/airflow/example_dags/example_kubernetes_executor_config.py for tasks to queue
[2023-03-20 14:56:59,834] {logging_mixin.py:104} INFO - [2023-03-20 14:56:59,833] {dagbag.py:451} INFO - Filling up the DagBag from /home/airflow/.local/lib/python3.6/site-packages/airflow/example_dags/example_kubernetes_executor_config.py
[2023-03-20 14:56:59,864] {scheduler_job.py:639} INFO - DAG(s) dict_keys(['example_kubernetes_executor_config']) retrieved from /home/airflow/.local/lib/python3.6/site-packages/airflow/example_dags/example_kubernetes_executor_config.py
[2023-03-20 14:56:59,937] {logging_mixin.py:104} INFO - [2023-03-20 14:56:59,936] {dag.py:1824} INFO - Sync 1 DAGs
[2023-03-20 14:56:59,963] {logging_mixin.py:104} INFO - [2023-03-20 14:56:59,963] {dag.py:2280} INFO - Setting next_dagrun for example_kubernetes_executor_config to None
[2023-03-20 14:56:59,980] {scheduler_job.py:190} INFO - Processing /home/airflow/.local/lib/python3.6/site-packages/airflow/example_dags/example_kubernetes_executor_config.py took 0.158 seconds
[2023-03-20 14:57:31,145] {scheduler_job.py:182} INFO - Started process (PID=153) to work on /home/airflow/.local/lib/python3.6/site-packages/airflow/example_dags/example_kubernetes_executor_config.py
[2023-03-20 14:57:31,151] {scheduler_job.py:629} INFO - Processing file /home/airflow/.local/lib/python3.6/site-packages/airflow/example_dags/example_kubernetes_executor_config.py for tasks to queue
[2023-03-20 14:57:31,156] {logging_mixin.py:104} INFO - [2023-03-20 14:57:31,155] {dagbag.py:451} INFO - Filling up the DagBag from /home/airflow/.local/lib/python3.6/site-packages/airflow/example_dags/example_kubernetes_executor_config.py
[2023-03-20 14:57:31,183] {scheduler_job.py:639} INFO - DAG(s) dict_keys(['example_kubernetes_executor_config']) retrieved from /home/airflow/.local/lib/python3.6/site-packages/airflow/example_dags/example_kubernetes_executor_config.py
[2023-03-20 14:57:31,241] {logging_mixin.py:104} INFO - [2023-03-20 14:57:31,241] {dag.py:1824} INFO - Sync 1 DAGs
[2023-03-20 14:57:31,303] {logging_mixin.py:104} INFO - [2023-03-20 14:57:31,303] {dag.py:2280} INFO - Setting next_dagrun for example_kubernetes_executor_config to None
[2023-03-20 14:57:31,350] {scheduler_job.py:190} INFO - Processing /home/airflow/.local/lib/python3.6/site-packages/airflow/example_dags/example_kubernetes_executor_config.py took 0.213 seconds
[2023-03-20 14:58:02,324] {scheduler_job.py:182} INFO - Started process (PID=179) to work on /home/airflow/.local/lib/python3.6/site-packages/airflow/example_dags/example_kubernetes_executor_config.py
[2023-03-20 14:58:02,329] {scheduler_job.py:629} INFO - Processing file /home/airflow/.local/lib/python3.6/site-packages/airflow/example_dags/example_kubernetes_executor_config.py for tasks to queue
[2023-03-20 14:58:02,331] {logging_mixin.py:104} INFO - [2023-03-20 14:58:02,330] {dagbag.py:451} INFO - Filling up the DagBag from /home/airflow/.local/lib/python3.6/site-packages/airflow/example_dags/example_kubernetes_executor_config.py
[2023-03-20 14:58:02,353] {scheduler_job.py:639} INFO - DAG(s) dict_keys(['example_kubernetes_executor_config']) retrieved from /home/airflow/.local/lib/python3.6/site-packages/airflow/example_dags/example_kubernetes_executor_config.py
[2023-03-20 14:58:02,410] {logging_mixin.py:104} INFO - [2023-03-20 14:58:02,407] {dag.py:1824} INFO - Sync 1 DAGs
[2023-03-20 14:58:02,450] {logging_mixin.py:104} INFO - [2023-03-20 14:58:02,450] {dag.py:2280} INFO - Setting next_dagrun for example_kubernetes_executor_config to None
[2023-03-20 14:58:02,467] {scheduler_job.py:190} INFO - Processing /home/airflow/.local/lib/python3.6/site-packages/airflow/example_dags/example_kubernetes_executor_config.py took 0.150 seconds
[2023-03-20 14:58:33,139] {scheduler_job.py:182} INFO - Started process (PID=205) to work on /home/airflow/.local/lib/python3.6/site-packages/airflow/example_dags/example_kubernetes_executor_config.py
[2023-03-20 14:58:33,141] {scheduler_job.py:629} INFO - Processing file /home/airflow/.local/lib/python3.6/site-packages/airflow/example_dags/example_kubernetes_executor_config.py for tasks to queue
[2023-03-20 14:58:33,143] {logging_mixin.py:104} INFO - [2023-03-20 14:58:33,143] {dagbag.py:451} INFO - Filling up the DagBag from /home/airflow/.local/lib/python3.6/site-packages/airflow/example_dags/example_kubernetes_executor_config.py
[2023-03-20 14:58:33,163] {scheduler_job.py:639} INFO - DAG(s) dict_keys(['example_kubernetes_executor_config']) retrieved from /home/airflow/.local/lib/python3.6/site-packages/airflow/example_dags/example_kubernetes_executor_config.py
[2023-03-20 14:58:33,192] {logging_mixin.py:104} INFO - [2023-03-20 14:58:33,192] {dag.py:1824} INFO - Sync 1 DAGs
[2023-03-20 14:58:33,203] {logging_mixin.py:104} INFO - [2023-03-20 14:58:33,203] {dag.py:2280} INFO - Setting next_dagrun for example_kubernetes_executor_config to None
[2023-03-20 14:58:33,210] {scheduler_job.py:190} INFO - Processing /home/airflow/.local/lib/python3.6/site-packages/airflow/example_dags/example_kubernetes_executor_config.py took 0.077 seconds
[2023-03-20 14:59:03,734] {scheduler_job.py:182} INFO - Started process (PID=231) to work on /home/airflow/.local/lib/python3.6/site-packages/airflow/example_dags/example_kubernetes_executor_config.py
[2023-03-20 14:59:03,737] {scheduler_job.py:629} INFO - Processing file /home/airflow/.local/lib/python3.6/site-packages/airflow/example_dags/example_kubernetes_executor_config.py for tasks to queue
[2023-03-20 14:59:03,739] {logging_mixin.py:104} INFO - [2023-03-20 14:59:03,739] {dagbag.py:451} INFO - Filling up the DagBag from /home/airflow/.local/lib/python3.6/site-packages/airflow/example_dags/example_kubernetes_executor_config.py
[2023-03-20 14:59:03,770] {scheduler_job.py:639} INFO - DAG(s) dict_keys(['example_kubernetes_executor_config']) retrieved from /home/airflow/.local/lib/python3.6/site-packages/airflow/example_dags/example_kubernetes_executor_config.py
[2023-03-20 14:59:03,845] {logging_mixin.py:104} INFO - [2023-03-20 14:59:03,845] {dag.py:1824} INFO - Sync 1 DAGs
[2023-03-20 14:59:03,865] {logging_mixin.py:104} INFO - [2023-03-20 14:59:03,865] {dag.py:2280} INFO - Setting next_dagrun for example_kubernetes_executor_config to None
[2023-03-20 14:59:03,875] {scheduler_job.py:190} INFO - Processing /home/airflow/.local/lib/python3.6/site-packages/airflow/example_dags/example_kubernetes_executor_config.py took 0.146 seconds
[2023-03-20 14:59:34,263] {scheduler_job.py:182} INFO - Started process (PID=257) to work on /home/airflow/.local/lib/python3.6/site-packages/airflow/example_dags/example_kubernetes_executor_config.py
[2023-03-20 14:59:34,265] {scheduler_job.py:629} INFO - Processing file /home/airflow/.local/lib/python3.6/site-packages/airflow/example_dags/example_kubernetes_executor_config.py for tasks to queue
[2023-03-20 14:59:34,265] {logging_mixin.py:104} INFO - [2023-03-20 14:59:34,265] {dagbag.py:451} INFO - Filling up the DagBag from /home/airflow/.local/lib/python3.6/site-packages/airflow/example_dags/example_kubernetes_executor_config.py
[2023-03-20 14:59:34,278] {scheduler_job.py:639} INFO - DAG(s) dict_keys(['example_kubernetes_executor_config']) retrieved from /home/airflow/.local/lib/python3.6/site-packages/airflow/example_dags/example_kubernetes_executor_config.py
[2023-03-20 14:59:34,303] {logging_mixin.py:104} INFO - [2023-03-20 14:59:34,303] {dag.py:1824} INFO - Sync 1 DAGs
[2023-03-20 14:59:34,315] {logging_mixin.py:104} INFO - [2023-03-20 14:59:34,315] {dag.py:2280} INFO - Setting next_dagrun for example_kubernetes_executor_config to None
[2023-03-20 14:59:34,324] {scheduler_job.py:190} INFO - Processing /home/airflow/.local/lib/python3.6/site-packages/airflow/example_dags/example_kubernetes_executor_config.py took 0.063 seconds
[2023-03-20 15:00:04,663] {scheduler_job.py:182} INFO - Started process (PID=283) to work on /home/airflow/.local/lib/python3.6/site-packages/airflow/example_dags/example_kubernetes_executor_config.py
[2023-03-20 15:00:04,666] {scheduler_job.py:629} INFO - Processing file /home/airflow/.local/lib/python3.6/site-packages/airflow/example_dags/example_kubernetes_executor_config.py for tasks to queue
[2023-03-20 15:00:04,668] {logging_mixin.py:104} INFO - [2023-03-20 15:00:04,668] {dagbag.py:451} INFO - Filling up the DagBag from /home/airflow/.local/lib/python3.6/site-packages/airflow/example_dags/example_kubernetes_executor_config.py
[2023-03-20 15:00:04,687] {scheduler_job.py:639} INFO - DAG(s) dict_keys(['example_kubernetes_executor_config']) retrieved from /home/airflow/.local/lib/python3.6/site-packages/airflow/example_dags/example_kubernetes_executor_config.py
[2023-03-20 15:00:04,710] {logging_mixin.py:104} INFO - [2023-03-20 15:00:04,710] {dag.py:1824} INFO - Sync 1 DAGs
[2023-03-20 15:00:04,723] {logging_mixin.py:104} INFO - [2023-03-20 15:00:04,723] {dag.py:2280} INFO - Setting next_dagrun for example_kubernetes_executor_config to None
[2023-03-20 15:00:04,733] {scheduler_job.py:190} INFO - Processing /home/airflow/.local/lib/python3.6/site-packages/airflow/example_dags/example_kubernetes_executor_config.py took 0.073 seconds
[2023-03-20 15:00:35,233] {scheduler_job.py:182} INFO - Started process (PID=309) to work on /home/airflow/.local/lib/python3.6/site-packages/airflow/example_dags/example_kubernetes_executor_config.py
[2023-03-20 15:00:35,234] {scheduler_job.py:629} INFO - Processing file /home/airflow/.local/lib/python3.6/site-packages/airflow/example_dags/example_kubernetes_executor_config.py for tasks to queue
[2023-03-20 15:00:35,235] {logging_mixin.py:104} INFO - [2023-03-20 15:00:35,235] {dagbag.py:451} INFO - Filling up the DagBag from /home/airflow/.local/lib/python3.6/site-packages/airflow/example_dags/example_kubernetes_executor_config.py
[2023-03-20 15:00:35,253] {scheduler_job.py:639} INFO - DAG(s) dict_keys(['example_kubernetes_executor_config']) retrieved from /home/airflow/.local/lib/python3.6/site-packages/airflow/example_dags/example_kubernetes_executor_config.py
[2023-03-20 15:00:35,274] {logging_mixin.py:104} INFO - [2023-03-20 15:00:35,274] {dag.py:1824} INFO - Sync 1 DAGs
[2023-03-20 15:00:35,284] {logging_mixin.py:104} INFO - [2023-03-20 15:00:35,284] {dag.py:2280} INFO - Setting next_dagrun for example_kubernetes_executor_config to None
[2023-03-20 15:00:35,292] {scheduler_job.py:190} INFO - Processing /home/airflow/.local/lib/python3.6/site-packages/airflow/example_dags/example_kubernetes_executor_config.py took 0.062 seconds
[2023-03-20 15:01:05,776] {scheduler_job.py:182} INFO - Started process (PID=335) to work on /home/airflow/.local/lib/python3.6/site-packages/airflow/example_dags/example_kubernetes_executor_config.py
[2023-03-20 15:01:05,778] {scheduler_job.py:629} INFO - Processing file /home/airflow/.local/lib/python3.6/site-packages/airflow/example_dags/example_kubernetes_executor_config.py for tasks to queue
[2023-03-20 15:01:05,780] {logging_mixin.py:104} INFO - [2023-03-20 15:01:05,780] {dagbag.py:451} INFO - Filling up the DagBag from /home/airflow/.local/lib/python3.6/site-packages/airflow/example_dags/example_kubernetes_executor_config.py
[2023-03-20 15:01:05,804] {scheduler_job.py:639} INFO - DAG(s) dict_keys(['example_kubernetes_executor_config']) retrieved from /home/airflow/.local/lib/python3.6/site-packages/airflow/example_dags/example_kubernetes_executor_config.py
[2023-03-20 15:01:05,830] {logging_mixin.py:104} INFO - [2023-03-20 15:01:05,829] {dag.py:1824} INFO - Sync 1 DAGs
[2023-03-20 15:01:05,841] {logging_mixin.py:104} INFO - [2023-03-20 15:01:05,841] {dag.py:2280} INFO - Setting next_dagrun for example_kubernetes_executor_config to None
[2023-03-20 15:01:05,849] {scheduler_job.py:190} INFO - Processing /home/airflow/.local/lib/python3.6/site-packages/airflow/example_dags/example_kubernetes_executor_config.py took 0.078 seconds
[2023-03-20 15:01:36,160] {scheduler_job.py:182} INFO - Started process (PID=361) to work on /home/airflow/.local/lib/python3.6/site-packages/airflow/example_dags/example_kubernetes_executor_config.py
[2023-03-20 15:01:36,162] {scheduler_job.py:629} INFO - Processing file /home/airflow/.local/lib/python3.6/site-packages/airflow/example_dags/example_kubernetes_executor_config.py for tasks to queue
[2023-03-20 15:01:36,164] {logging_mixin.py:104} INFO - [2023-03-20 15:01:36,163] {dagbag.py:451} INFO - Filling up the DagBag from /home/airflow/.local/lib/python3.6/site-packages/airflow/example_dags/example_kubernetes_executor_config.py
[2023-03-20 15:01:36,186] {scheduler_job.py:639} INFO - DAG(s) dict_keys(['example_kubernetes_executor_config']) retrieved from /home/airflow/.local/lib/python3.6/site-packages/airflow/example_dags/example_kubernetes_executor_config.py
[2023-03-20 15:01:36,208] {logging_mixin.py:104} INFO - [2023-03-20 15:01:36,208] {dag.py:1824} INFO - Sync 1 DAGs
[2023-03-20 15:01:36,219] {logging_mixin.py:104} INFO - [2023-03-20 15:01:36,219] {dag.py:2280} INFO - Setting next_dagrun for example_kubernetes_executor_config to None
[2023-03-20 15:01:36,226] {scheduler_job.py:190} INFO - Processing /home/airflow/.local/lib/python3.6/site-packages/airflow/example_dags/example_kubernetes_executor_config.py took 0.071 seconds
[2023-03-20 15:02:06,624] {scheduler_job.py:182} INFO - Started process (PID=387) to work on /home/airflow/.local/lib/python3.6/site-packages/airflow/example_dags/example_kubernetes_executor_config.py
[2023-03-20 15:02:06,627] {scheduler_job.py:629} INFO - Processing file /home/airflow/.local/lib/python3.6/site-packages/airflow/example_dags/example_kubernetes_executor_config.py for tasks to queue
[2023-03-20 15:02:06,628] {logging_mixin.py:104} INFO - [2023-03-20 15:02:06,628] {dagbag.py:451} INFO - Filling up the DagBag from /home/airflow/.local/lib/python3.6/site-packages/airflow/example_dags/example_kubernetes_executor_config.py
[2023-03-20 15:02:06,655] {scheduler_job.py:639} INFO - DAG(s) dict_keys(['example_kubernetes_executor_config']) retrieved from /home/airflow/.local/lib/python3.6/site-packages/airflow/example_dags/example_kubernetes_executor_config.py
[2023-03-20 15:02:06,679] {logging_mixin.py:104} INFO - [2023-03-20 15:02:06,679] {dag.py:1824} INFO - Sync 1 DAGs
[2023-03-20 15:02:06,690] {logging_mixin.py:104} INFO - [2023-03-20 15:02:06,690] {dag.py:2280} INFO - Setting next_dagrun for example_kubernetes_executor_config to None
[2023-03-20 15:02:06,699] {scheduler_job.py:190} INFO - Processing /home/airflow/.local/lib/python3.6/site-packages/airflow/example_dags/example_kubernetes_executor_config.py took 0.082 seconds
[2023-03-20 15:02:37,078] {scheduler_job.py:182} INFO - Started process (PID=413) to work on /home/airflow/.local/lib/python3.6/site-packages/airflow/example_dags/example_kubernetes_executor_config.py
[2023-03-20 15:02:37,089] {scheduler_job.py:629} INFO - Processing file /home/airflow/.local/lib/python3.6/site-packages/airflow/example_dags/example_kubernetes_executor_config.py for tasks to queue
[2023-03-20 15:02:37,091] {logging_mixin.py:104} INFO - [2023-03-20 15:02:37,091] {dagbag.py:451} INFO - Filling up the DagBag from /home/airflow/.local/lib/python3.6/site-packages/airflow/example_dags/example_kubernetes_executor_config.py
[2023-03-20 15:02:37,108] {scheduler_job.py:639} INFO - DAG(s) dict_keys(['example_kubernetes_executor_config']) retrieved from /home/airflow/.local/lib/python3.6/site-packages/airflow/example_dags/example_kubernetes_executor_config.py
[2023-03-20 15:02:37,133] {logging_mixin.py:104} INFO - [2023-03-20 15:02:37,132] {dag.py:1824} INFO - Sync 1 DAGs
[2023-03-20 15:02:37,144] {logging_mixin.py:104} INFO - [2023-03-20 15:02:37,144] {dag.py:2280} INFO - Setting next_dagrun for example_kubernetes_executor_config to None
[2023-03-20 15:02:37,153] {scheduler_job.py:190} INFO - Processing /home/airflow/.local/lib/python3.6/site-packages/airflow/example_dags/example_kubernetes_executor_config.py took 0.080 seconds
[2023-03-20 15:03:07,565] {scheduler_job.py:182} INFO - Started process (PID=439) to work on /home/airflow/.local/lib/python3.6/site-packages/airflow/example_dags/example_kubernetes_executor_config.py
[2023-03-20 15:03:07,568] {scheduler_job.py:629} INFO - Processing file /home/airflow/.local/lib/python3.6/site-packages/airflow/example_dags/example_kubernetes_executor_config.py for tasks to queue
[2023-03-20 15:03:07,570] {logging_mixin.py:104} INFO - [2023-03-20 15:03:07,570] {dagbag.py:451} INFO - Filling up the DagBag from /home/airflow/.local/lib/python3.6/site-packages/airflow/example_dags/example_kubernetes_executor_config.py
[2023-03-20 15:03:07,594] {scheduler_job.py:639} INFO - DAG(s) dict_keys(['example_kubernetes_executor_config']) retrieved from /home/airflow/.local/lib/python3.6/site-packages/airflow/example_dags/example_kubernetes_executor_config.py
[2023-03-20 15:03:07,620] {logging_mixin.py:104} INFO - [2023-03-20 15:03:07,620] {dag.py:1824} INFO - Sync 1 DAGs
[2023-03-20 15:03:07,632] {logging_mixin.py:104} INFO - [2023-03-20 15:03:07,632] {dag.py:2280} INFO - Setting next_dagrun for example_kubernetes_executor_config to None
[2023-03-20 15:03:07,640] {scheduler_job.py:190} INFO - Processing /home/airflow/.local/lib/python3.6/site-packages/airflow/example_dags/example_kubernetes_executor_config.py took 0.081 seconds
[2023-03-20 15:03:38,137] {scheduler_job.py:182} INFO - Started process (PID=465) to work on /home/airflow/.local/lib/python3.6/site-packages/airflow/example_dags/example_kubernetes_executor_config.py
[2023-03-20 15:03:38,139] {scheduler_job.py:629} INFO - Processing file /home/airflow/.local/lib/python3.6/site-packages/airflow/example_dags/example_kubernetes_executor_config.py for tasks to queue
[2023-03-20 15:03:38,141] {logging_mixin.py:104} INFO - [2023-03-20 15:03:38,141] {dagbag.py:451} INFO - Filling up the DagBag from /home/airflow/.local/lib/python3.6/site-packages/airflow/example_dags/example_kubernetes_executor_config.py
[2023-03-20 15:03:38,160] {scheduler_job.py:639} INFO - DAG(s) dict_keys(['example_kubernetes_executor_config']) retrieved from /home/airflow/.local/lib/python3.6/site-packages/airflow/example_dags/example_kubernetes_executor_config.py
[2023-03-20 15:03:38,186] {logging_mixin.py:104} INFO - [2023-03-20 15:03:38,186] {dag.py:1824} INFO - Sync 1 DAGs
[2023-03-20 15:03:38,196] {logging_mixin.py:104} INFO - [2023-03-20 15:03:38,196] {dag.py:2280} INFO - Setting next_dagrun for example_kubernetes_executor_config to None
[2023-03-20 15:03:38,204] {scheduler_job.py:190} INFO - Processing /home/airflow/.local/lib/python3.6/site-packages/airflow/example_dags/example_kubernetes_executor_config.py took 0.074 seconds
[2023-03-20 15:04:08,712] {scheduler_job.py:182} INFO - Started process (PID=491) to work on /home/airflow/.local/lib/python3.6/site-packages/airflow/example_dags/example_kubernetes_executor_config.py
[2023-03-20 15:04:08,714] {scheduler_job.py:629} INFO - Processing file /home/airflow/.local/lib/python3.6/site-packages/airflow/example_dags/example_kubernetes_executor_config.py for tasks to queue
[2023-03-20 15:04:08,716] {logging_mixin.py:104} INFO - [2023-03-20 15:04:08,716] {dagbag.py:451} INFO - Filling up the DagBag from /home/airflow/.local/lib/python3.6/site-packages/airflow/example_dags/example_kubernetes_executor_config.py
[2023-03-20 15:04:08,743] {scheduler_job.py:639} INFO - DAG(s) dict_keys(['example_kubernetes_executor_config']) retrieved from /home/airflow/.local/lib/python3.6/site-packages/airflow/example_dags/example_kubernetes_executor_config.py
[2023-03-20 15:04:08,768] {logging_mixin.py:104} INFO - [2023-03-20 15:04:08,768] {dag.py:1824} INFO - Sync 1 DAGs
[2023-03-20 15:04:08,779] {logging_mixin.py:104} INFO - [2023-03-20 15:04:08,779] {dag.py:2280} INFO - Setting next_dagrun for example_kubernetes_executor_config to None
[2023-03-20 15:04:08,785] {scheduler_job.py:190} INFO - Processing /home/airflow/.local/lib/python3.6/site-packages/airflow/example_dags/example_kubernetes_executor_config.py took 0.079 seconds
[2023-03-20 15:04:39,190] {scheduler_job.py:182} INFO - Started process (PID=517) to work on /home/airflow/.local/lib/python3.6/site-packages/airflow/example_dags/example_kubernetes_executor_config.py
[2023-03-20 15:04:39,192] {scheduler_job.py:629} INFO - Processing file /home/airflow/.local/lib/python3.6/site-packages/airflow/example_dags/example_kubernetes_executor_config.py for tasks to queue
[2023-03-20 15:04:39,194] {logging_mixin.py:104} INFO - [2023-03-20 15:04:39,193] {dagbag.py:451} INFO - Filling up the DagBag from /home/airflow/.local/lib/python3.6/site-packages/airflow/example_dags/example_kubernetes_executor_config.py
[2023-03-20 15:04:39,214] {scheduler_job.py:639} INFO - DAG(s) dict_keys(['example_kubernetes_executor_config']) retrieved from /home/airflow/.local/lib/python3.6/site-packages/airflow/example_dags/example_kubernetes_executor_config.py
[2023-03-20 15:04:39,239] {logging_mixin.py:104} INFO - [2023-03-20 15:04:39,239] {dag.py:1824} INFO - Sync 1 DAGs
[2023-03-20 15:04:39,253] {logging_mixin.py:104} INFO - [2023-03-20 15:04:39,253] {dag.py:2280} INFO - Setting next_dagrun for example_kubernetes_executor_config to None
[2023-03-20 15:04:39,264] {scheduler_job.py:190} INFO - Processing /home/airflow/.local/lib/python3.6/site-packages/airflow/example_dags/example_kubernetes_executor_config.py took 0.080 seconds
[2023-03-20 15:05:09,783] {scheduler_job.py:182} INFO - Started process (PID=543) to work on /home/airflow/.local/lib/python3.6/site-packages/airflow/example_dags/example_kubernetes_executor_config.py
[2023-03-20 15:05:09,785] {scheduler_job.py:629} INFO - Processing file /home/airflow/.local/lib/python3.6/site-packages/airflow/example_dags/example_kubernetes_executor_config.py for tasks to queue
[2023-03-20 15:05:09,786] {logging_mixin.py:104} INFO - [2023-03-20 15:05:09,786] {dagbag.py:451} INFO - Filling up the DagBag from /home/airflow/.local/lib/python3.6/site-packages/airflow/example_dags/example_kubernetes_executor_config.py
[2023-03-20 15:05:09,805] {scheduler_job.py:639} INFO - DAG(s) dict_keys(['example_kubernetes_executor_config']) retrieved from /home/airflow/.local/lib/python3.6/site-packages/airflow/example_dags/example_kubernetes_executor_config.py
[2023-03-20 15:05:09,830] {logging_mixin.py:104} INFO - [2023-03-20 15:05:09,830] {dag.py:1824} INFO - Sync 1 DAGs
[2023-03-20 15:05:09,842] {logging_mixin.py:104} INFO - [2023-03-20 15:05:09,842] {dag.py:2280} INFO - Setting next_dagrun for example_kubernetes_executor_config to None
[2023-03-20 15:05:09,849] {scheduler_job.py:190} INFO - Processing /home/airflow/.local/lib/python3.6/site-packages/airflow/example_dags/example_kubernetes_executor_config.py took 0.072 seconds
[2023-03-20 15:05:40,385] {scheduler_job.py:182} INFO - Started process (PID=569) to work on /home/airflow/.local/lib/python3.6/site-packages/airflow/example_dags/example_kubernetes_executor_config.py
[2023-03-20 15:05:40,387] {scheduler_job.py:629} INFO - Processing file /home/airflow/.local/lib/python3.6/site-packages/airflow/example_dags/example_kubernetes_executor_config.py for tasks to queue
[2023-03-20 15:05:40,389] {logging_mixin.py:104} INFO - [2023-03-20 15:05:40,389] {dagbag.py:451} INFO - Filling up the DagBag from /home/airflow/.local/lib/python3.6/site-packages/airflow/example_dags/example_kubernetes_executor_config.py
[2023-03-20 15:05:40,411] {scheduler_job.py:639} INFO - DAG(s) dict_keys(['example_kubernetes_executor_config']) retrieved from /home/airflow/.local/lib/python3.6/site-packages/airflow/example_dags/example_kubernetes_executor_config.py
[2023-03-20 15:05:40,438] {logging_mixin.py:104} INFO - [2023-03-20 15:05:40,437] {dag.py:1824} INFO - Sync 1 DAGs
[2023-03-20 15:05:40,450] {logging_mixin.py:104} INFO - [2023-03-20 15:05:40,450] {dag.py:2280} INFO - Setting next_dagrun for example_kubernetes_executor_config to None
[2023-03-20 15:05:40,458] {scheduler_job.py:190} INFO - Processing /home/airflow/.local/lib/python3.6/site-packages/airflow/example_dags/example_kubernetes_executor_config.py took 0.079 seconds
[2023-03-20 15:06:10,993] {scheduler_job.py:182} INFO - Started process (PID=595) to work on /home/airflow/.local/lib/python3.6/site-packages/airflow/example_dags/example_kubernetes_executor_config.py
[2023-03-20 15:06:10,996] {scheduler_job.py:629} INFO - Processing file /home/airflow/.local/lib/python3.6/site-packages/airflow/example_dags/example_kubernetes_executor_config.py for tasks to queue
[2023-03-20 15:06:10,998] {logging_mixin.py:104} INFO - [2023-03-20 15:06:10,997] {dagbag.py:451} INFO - Filling up the DagBag from /home/airflow/.local/lib/python3.6/site-packages/airflow/example_dags/example_kubernetes_executor_config.py
[2023-03-20 15:06:11,020] {scheduler_job.py:639} INFO - DAG(s) dict_keys(['example_kubernetes_executor_config']) retrieved from /home/airflow/.local/lib/python3.6/site-packages/airflow/example_dags/example_kubernetes_executor_config.py
[2023-03-20 15:06:11,046] {logging_mixin.py:104} INFO - [2023-03-20 15:06:11,046] {dag.py:1824} INFO - Sync 1 DAGs
[2023-03-20 15:06:11,057] {logging_mixin.py:104} INFO - [2023-03-20 15:06:11,057] {dag.py:2280} INFO - Setting next_dagrun for example_kubernetes_executor_config to None
[2023-03-20 15:06:11,065] {scheduler_job.py:190} INFO - Processing /home/airflow/.local/lib/python3.6/site-packages/airflow/example_dags/example_kubernetes_executor_config.py took 0.078 seconds
[2023-03-20 15:06:41,622] {scheduler_job.py:182} INFO - Started process (PID=621) to work on /home/airflow/.local/lib/python3.6/site-packages/airflow/example_dags/example_kubernetes_executor_config.py
[2023-03-20 15:06:41,624] {scheduler_job.py:629} INFO - Processing file /home/airflow/.local/lib/python3.6/site-packages/airflow/example_dags/example_kubernetes_executor_config.py for tasks to queue
[2023-03-20 15:06:41,626] {logging_mixin.py:104} INFO - [2023-03-20 15:06:41,626] {dagbag.py:451} INFO - Filling up the DagBag from /home/airflow/.local/lib/python3.6/site-packages/airflow/example_dags/example_kubernetes_executor_config.py
[2023-03-20 15:06:41,648] {scheduler_job.py:639} INFO - DAG(s) dict_keys(['example_kubernetes_executor_config']) retrieved from /home/airflow/.local/lib/python3.6/site-packages/airflow/example_dags/example_kubernetes_executor_config.py
[2023-03-20 15:06:41,674] {logging_mixin.py:104} INFO - [2023-03-20 15:06:41,674] {dag.py:1824} INFO - Sync 1 DAGs
[2023-03-20 15:06:41,686] {logging_mixin.py:104} INFO - [2023-03-20 15:06:41,686] {dag.py:2280} INFO - Setting next_dagrun for example_kubernetes_executor_config to None
[2023-03-20 15:06:41,694] {scheduler_job.py:190} INFO - Processing /home/airflow/.local/lib/python3.6/site-packages/airflow/example_dags/example_kubernetes_executor_config.py took 0.079 seconds
[2023-03-20 15:07:12,383] {scheduler_job.py:182} INFO - Started process (PID=647) to work on /home/airflow/.local/lib/python3.6/site-packages/airflow/example_dags/example_kubernetes_executor_config.py
[2023-03-20 15:07:12,385] {scheduler_job.py:629} INFO - Processing file /home/airflow/.local/lib/python3.6/site-packages/airflow/example_dags/example_kubernetes_executor_config.py for tasks to queue
[2023-03-20 15:07:12,387] {logging_mixin.py:104} INFO - [2023-03-20 15:07:12,387] {dagbag.py:451} INFO - Filling up the DagBag from /home/airflow/.local/lib/python3.6/site-packages/airflow/example_dags/example_kubernetes_executor_config.py
[2023-03-20 15:07:12,408] {scheduler_job.py:639} INFO - DAG(s) dict_keys(['example_kubernetes_executor_config']) retrieved from /home/airflow/.local/lib/python3.6/site-packages/airflow/example_dags/example_kubernetes_executor_config.py
[2023-03-20 15:07:12,433] {logging_mixin.py:104} INFO - [2023-03-20 15:07:12,433] {dag.py:1824} INFO - Sync 1 DAGs
[2023-03-20 15:07:12,444] {logging_mixin.py:104} INFO - [2023-03-20 15:07:12,444] {dag.py:2280} INFO - Setting next_dagrun for example_kubernetes_executor_config to None
[2023-03-20 15:07:12,452] {scheduler_job.py:190} INFO - Processing /home/airflow/.local/lib/python3.6/site-packages/airflow/example_dags/example_kubernetes_executor_config.py took 0.075 seconds
[2023-03-20 15:07:43,316] {scheduler_job.py:182} INFO - Started process (PID=673) to work on /home/airflow/.local/lib/python3.6/site-packages/airflow/example_dags/example_kubernetes_executor_config.py
[2023-03-20 15:07:43,318] {scheduler_job.py:629} INFO - Processing file /home/airflow/.local/lib/python3.6/site-packages/airflow/example_dags/example_kubernetes_executor_config.py for tasks to queue
[2023-03-20 15:07:43,319] {logging_mixin.py:104} INFO - [2023-03-20 15:07:43,319] {dagbag.py:451} INFO - Filling up the DagBag from /home/airflow/.local/lib/python3.6/site-packages/airflow/example_dags/example_kubernetes_executor_config.py
[2023-03-20 15:07:43,337] {scheduler_job.py:639} INFO - DAG(s) dict_keys(['example_kubernetes_executor_config']) retrieved from /home/airflow/.local/lib/python3.6/site-packages/airflow/example_dags/example_kubernetes_executor_config.py
[2023-03-20 15:07:43,370] {logging_mixin.py:104} INFO - [2023-03-20 15:07:43,370] {dag.py:1824} INFO - Sync 1 DAGs
[2023-03-20 15:07:43,386] {logging_mixin.py:104} INFO - [2023-03-20 15:07:43,386] {dag.py:2280} INFO - Setting next_dagrun for example_kubernetes_executor_config to None
[2023-03-20 15:07:43,396] {scheduler_job.py:190} INFO - Processing /home/airflow/.local/lib/python3.6/site-packages/airflow/example_dags/example_kubernetes_executor_config.py took 0.092 seconds
[2023-03-20 15:08:14,051] {scheduler_job.py:182} INFO - Started process (PID=699) to work on /home/airflow/.local/lib/python3.6/site-packages/airflow/example_dags/example_kubernetes_executor_config.py
[2023-03-20 15:08:14,054] {scheduler_job.py:629} INFO - Processing file /home/airflow/.local/lib/python3.6/site-packages/airflow/example_dags/example_kubernetes_executor_config.py for tasks to queue
[2023-03-20 15:08:14,056] {logging_mixin.py:104} INFO - [2023-03-20 15:08:14,056] {dagbag.py:451} INFO - Filling up the DagBag from /home/airflow/.local/lib/python3.6/site-packages/airflow/example_dags/example_kubernetes_executor_config.py
[2023-03-20 15:08:14,080] {scheduler_job.py:639} INFO - DAG(s) dict_keys(['example_kubernetes_executor_config']) retrieved from /home/airflow/.local/lib/python3.6/site-packages/airflow/example_dags/example_kubernetes_executor_config.py
[2023-03-20 15:08:14,108] {logging_mixin.py:104} INFO - [2023-03-20 15:08:14,108] {dag.py:1824} INFO - Sync 1 DAGs
[2023-03-20 15:08:14,122] {logging_mixin.py:104} INFO - [2023-03-20 15:08:14,122] {dag.py:2280} INFO - Setting next_dagrun for example_kubernetes_executor_config to None
[2023-03-20 15:08:14,131] {scheduler_job.py:190} INFO - Processing /home/airflow/.local/lib/python3.6/site-packages/airflow/example_dags/example_kubernetes_executor_config.py took 0.088 seconds
[2023-03-20 15:08:44,793] {scheduler_job.py:182} INFO - Started process (PID=725) to work on /home/airflow/.local/lib/python3.6/site-packages/airflow/example_dags/example_kubernetes_executor_config.py
[2023-03-20 15:08:44,797] {scheduler_job.py:629} INFO - Processing file /home/airflow/.local/lib/python3.6/site-packages/airflow/example_dags/example_kubernetes_executor_config.py for tasks to queue
[2023-03-20 15:08:44,799] {logging_mixin.py:104} INFO - [2023-03-20 15:08:44,799] {dagbag.py:451} INFO - Filling up the DagBag from /home/airflow/.local/lib/python3.6/site-packages/airflow/example_dags/example_kubernetes_executor_config.py
[2023-03-20 15:08:44,826] {scheduler_job.py:639} INFO - DAG(s) dict_keys(['example_kubernetes_executor_config']) retrieved from /home/airflow/.local/lib/python3.6/site-packages/airflow/example_dags/example_kubernetes_executor_config.py
[2023-03-20 15:08:44,856] {logging_mixin.py:104} INFO - [2023-03-20 15:08:44,856] {dag.py:1824} INFO - Sync 1 DAGs
[2023-03-20 15:08:44,872] {logging_mixin.py:104} INFO - [2023-03-20 15:08:44,872] {dag.py:2280} INFO - Setting next_dagrun for example_kubernetes_executor_config to None
[2023-03-20 15:08:44,882] {scheduler_job.py:190} INFO - Processing /home/airflow/.local/lib/python3.6/site-packages/airflow/example_dags/example_kubernetes_executor_config.py took 0.096 seconds
[2023-03-20 15:09:15,599] {scheduler_job.py:182} INFO - Started process (PID=751) to work on /home/airflow/.local/lib/python3.6/site-packages/airflow/example_dags/example_kubernetes_executor_config.py
[2023-03-20 15:09:15,602] {scheduler_job.py:629} INFO - Processing file /home/airflow/.local/lib/python3.6/site-packages/airflow/example_dags/example_kubernetes_executor_config.py for tasks to queue
[2023-03-20 15:09:15,605] {logging_mixin.py:104} INFO - [2023-03-20 15:09:15,604] {dagbag.py:451} INFO - Filling up the DagBag from /home/airflow/.local/lib/python3.6/site-packages/airflow/example_dags/example_kubernetes_executor_config.py
[2023-03-20 15:09:15,631] {scheduler_job.py:639} INFO - DAG(s) dict_keys(['example_kubernetes_executor_config']) retrieved from /home/airflow/.local/lib/python3.6/site-packages/airflow/example_dags/example_kubernetes_executor_config.py
[2023-03-20 15:09:15,664] {logging_mixin.py:104} INFO - [2023-03-20 15:09:15,663] {dag.py:1824} INFO - Sync 1 DAGs
[2023-03-20 15:09:15,681] {logging_mixin.py:104} INFO - [2023-03-20 15:09:15,681] {dag.py:2280} INFO - Setting next_dagrun for example_kubernetes_executor_config to None
[2023-03-20 15:09:15,691] {scheduler_job.py:190} INFO - Processing /home/airflow/.local/lib/python3.6/site-packages/airflow/example_dags/example_kubernetes_executor_config.py took 0.100 seconds
