[2023-03-20T11:13:30.763+0000] {processor.py:153} INFO - Started process (PID=46) to work on /home/airflow/.local/lib/python3.7/site-packages/airflow/example_dags/example_datasets.py
[2023-03-20T11:13:30.767+0000] {processor.py:743} INFO - Processing file /home/airflow/.local/lib/python3.7/site-packages/airflow/example_dags/example_datasets.py for tasks to queue
[2023-03-20T11:13:30.771+0000] {logging_mixin.py:137} INFO - [2023-03-20T11:13:30.771+0000] {dagbag.py:532} INFO - Filling up the DagBag from /home/airflow/.local/lib/python3.7/site-packages/airflow/example_dags/example_datasets.py
[2023-03-20T11:13:30.837+0000] {processor.py:753} INFO - DAG(s) dict_keys(['dataset_consumes_1', 'dataset_consumes_unknown_never_scheduled', 'dataset_consumes_1_never_scheduled', 'dataset_consumes_1_and_2', 'dataset_produces_1', 'dataset_produces_2']) retrieved from /home/airflow/.local/lib/python3.7/site-packages/airflow/example_dags/example_datasets.py
[2023-03-20T11:13:30.883+0000] {logging_mixin.py:137} INFO - [2023-03-20T11:13:30.883+0000] {dag.py:2693} INFO - Sync 6 DAGs
[2023-03-20T11:13:30.922+0000] {logging_mixin.py:137} INFO - [2023-03-20T11:13:30.921+0000] {dag.py:3444} INFO - Setting next_dagrun for dataset_consumes_1 to None, run_after=None
[2023-03-20T11:13:30.938+0000] {logging_mixin.py:137} INFO - [2023-03-20T11:13:30.937+0000] {dag.py:3444} INFO - Setting next_dagrun for dataset_consumes_1_and_2 to None, run_after=None
[2023-03-20T11:13:30.942+0000] {logging_mixin.py:137} INFO - [2023-03-20T11:13:30.942+0000] {dag.py:3444} INFO - Setting next_dagrun for dataset_consumes_1_never_scheduled to None, run_after=None
[2023-03-20T11:13:30.946+0000] {logging_mixin.py:137} INFO - [2023-03-20T11:13:30.946+0000] {dag.py:3444} INFO - Setting next_dagrun for dataset_consumes_unknown_never_scheduled to None, run_after=None
[2023-03-20T11:13:30.951+0000] {logging_mixin.py:137} INFO - [2023-03-20T11:13:30.951+0000] {dag.py:3444} INFO - Setting next_dagrun for dataset_produces_1 to 2023-03-19T00:00:00+00:00, run_after=2023-03-20T00:00:00+00:00
[2023-03-20T11:13:30.954+0000] {logging_mixin.py:137} INFO - [2023-03-20T11:13:30.954+0000] {dag.py:3444} INFO - Setting next_dagrun for dataset_produces_2 to None, run_after=None
[2023-03-20T11:13:31.030+0000] {processor.py:175} INFO - Processing /home/airflow/.local/lib/python3.7/site-packages/airflow/example_dags/example_datasets.py took 0.283 seconds
[2023-03-20T11:14:01.596+0000] {processor.py:153} INFO - Started process (PID=95) to work on /home/airflow/.local/lib/python3.7/site-packages/airflow/example_dags/example_datasets.py
[2023-03-20T11:14:01.598+0000] {processor.py:743} INFO - Processing file /home/airflow/.local/lib/python3.7/site-packages/airflow/example_dags/example_datasets.py for tasks to queue
[2023-03-20T11:14:01.600+0000] {logging_mixin.py:137} INFO - [2023-03-20T11:14:01.599+0000] {dagbag.py:532} INFO - Filling up the DagBag from /home/airflow/.local/lib/python3.7/site-packages/airflow/example_dags/example_datasets.py
[2023-03-20T11:14:01.620+0000] {processor.py:753} INFO - DAG(s) dict_keys(['dataset_consumes_1_and_2', 'dataset_consumes_1', 'dataset_produces_2', 'dataset_consumes_1_never_scheduled', 'dataset_produces_1', 'dataset_consumes_unknown_never_scheduled']) retrieved from /home/airflow/.local/lib/python3.7/site-packages/airflow/example_dags/example_datasets.py
[2023-03-20T11:14:01.787+0000] {logging_mixin.py:137} INFO - [2023-03-20T11:14:01.787+0000] {dag.py:2693} INFO - Sync 6 DAGs
[2023-03-20T11:14:01.835+0000] {logging_mixin.py:137} INFO - [2023-03-20T11:14:01.835+0000] {dag.py:3444} INFO - Setting next_dagrun for dataset_consumes_1 to None, run_after=None
[2023-03-20T11:14:01.840+0000] {logging_mixin.py:137} INFO - [2023-03-20T11:14:01.840+0000] {dag.py:3444} INFO - Setting next_dagrun for dataset_consumes_1_and_2 to None, run_after=None
[2023-03-20T11:14:01.843+0000] {logging_mixin.py:137} INFO - [2023-03-20T11:14:01.843+0000] {dag.py:3444} INFO - Setting next_dagrun for dataset_consumes_1_never_scheduled to None, run_after=None
[2023-03-20T11:14:01.848+0000] {logging_mixin.py:137} INFO - [2023-03-20T11:14:01.848+0000] {dag.py:3444} INFO - Setting next_dagrun for dataset_consumes_unknown_never_scheduled to None, run_after=None
[2023-03-20T11:14:01.860+0000] {logging_mixin.py:137} INFO - [2023-03-20T11:14:01.859+0000] {dag.py:3444} INFO - Setting next_dagrun for dataset_produces_1 to 2023-03-19T00:00:00+00:00, run_after=2023-03-20T00:00:00+00:00
[2023-03-20T11:14:01.866+0000] {logging_mixin.py:137} INFO - [2023-03-20T11:14:01.866+0000] {dag.py:3444} INFO - Setting next_dagrun for dataset_produces_2 to None, run_after=None
[2023-03-20T11:14:01.936+0000] {processor.py:175} INFO - Processing /home/airflow/.local/lib/python3.7/site-packages/airflow/example_dags/example_datasets.py took 0.344 seconds
[2023-03-20T11:14:32.580+0000] {processor.py:153} INFO - Started process (PID=145) to work on /home/airflow/.local/lib/python3.7/site-packages/airflow/example_dags/example_datasets.py
[2023-03-20T11:14:32.583+0000] {processor.py:743} INFO - Processing file /home/airflow/.local/lib/python3.7/site-packages/airflow/example_dags/example_datasets.py for tasks to queue
[2023-03-20T11:14:32.585+0000] {logging_mixin.py:137} INFO - [2023-03-20T11:14:32.585+0000] {dagbag.py:532} INFO - Filling up the DagBag from /home/airflow/.local/lib/python3.7/site-packages/airflow/example_dags/example_datasets.py
[2023-03-20T11:14:32.606+0000] {processor.py:753} INFO - DAG(s) dict_keys(['dataset_consumes_1_never_scheduled', 'dataset_produces_2', 'dataset_produces_1', 'dataset_consumes_1_and_2', 'dataset_consumes_1', 'dataset_consumes_unknown_never_scheduled']) retrieved from /home/airflow/.local/lib/python3.7/site-packages/airflow/example_dags/example_datasets.py
[2023-03-20T11:14:32.625+0000] {logging_mixin.py:137} INFO - [2023-03-20T11:14:32.624+0000] {dag.py:2693} INFO - Sync 6 DAGs
[2023-03-20T11:14:32.652+0000] {logging_mixin.py:137} INFO - [2023-03-20T11:14:32.652+0000] {dag.py:3444} INFO - Setting next_dagrun for dataset_consumes_1 to None, run_after=None
[2023-03-20T11:14:32.655+0000] {logging_mixin.py:137} INFO - [2023-03-20T11:14:32.655+0000] {dag.py:3444} INFO - Setting next_dagrun for dataset_consumes_1_and_2 to None, run_after=None
[2023-03-20T11:14:32.656+0000] {logging_mixin.py:137} INFO - [2023-03-20T11:14:32.656+0000] {dag.py:3444} INFO - Setting next_dagrun for dataset_consumes_1_never_scheduled to None, run_after=None
[2023-03-20T11:14:32.657+0000] {logging_mixin.py:137} INFO - [2023-03-20T11:14:32.657+0000] {dag.py:3444} INFO - Setting next_dagrun for dataset_consumes_unknown_never_scheduled to None, run_after=None
[2023-03-20T11:14:32.659+0000] {logging_mixin.py:137} INFO - [2023-03-20T11:14:32.659+0000] {dag.py:3444} INFO - Setting next_dagrun for dataset_produces_1 to 2023-03-19T00:00:00+00:00, run_after=2023-03-20T00:00:00+00:00
[2023-03-20T11:14:32.660+0000] {logging_mixin.py:137} INFO - [2023-03-20T11:14:32.660+0000] {dag.py:3444} INFO - Setting next_dagrun for dataset_produces_2 to None, run_after=None
[2023-03-20T11:14:32.679+0000] {processor.py:175} INFO - Processing /home/airflow/.local/lib/python3.7/site-packages/airflow/example_dags/example_datasets.py took 0.105 seconds
[2023-03-20T11:15:03.331+0000] {processor.py:153} INFO - Started process (PID=194) to work on /home/airflow/.local/lib/python3.7/site-packages/airflow/example_dags/example_datasets.py
[2023-03-20T11:15:03.333+0000] {processor.py:743} INFO - Processing file /home/airflow/.local/lib/python3.7/site-packages/airflow/example_dags/example_datasets.py for tasks to queue
[2023-03-20T11:15:03.333+0000] {logging_mixin.py:137} INFO - [2023-03-20T11:15:03.333+0000] {dagbag.py:532} INFO - Filling up the DagBag from /home/airflow/.local/lib/python3.7/site-packages/airflow/example_dags/example_datasets.py
[2023-03-20T11:15:03.346+0000] {processor.py:753} INFO - DAG(s) dict_keys(['dataset_consumes_1_never_scheduled', 'dataset_consumes_1_and_2', 'dataset_produces_2', 'dataset_produces_1', 'dataset_consumes_unknown_never_scheduled', 'dataset_consumes_1']) retrieved from /home/airflow/.local/lib/python3.7/site-packages/airflow/example_dags/example_datasets.py
[2023-03-20T11:15:03.413+0000] {logging_mixin.py:137} INFO - [2023-03-20T11:15:03.413+0000] {dag.py:2693} INFO - Sync 6 DAGs
[2023-03-20T11:15:03.436+0000] {logging_mixin.py:137} INFO - [2023-03-20T11:15:03.436+0000] {dag.py:3444} INFO - Setting next_dagrun for dataset_consumes_1 to None, run_after=None
[2023-03-20T11:15:03.438+0000] {logging_mixin.py:137} INFO - [2023-03-20T11:15:03.438+0000] {dag.py:3444} INFO - Setting next_dagrun for dataset_consumes_1_and_2 to None, run_after=None
[2023-03-20T11:15:03.439+0000] {logging_mixin.py:137} INFO - [2023-03-20T11:15:03.439+0000] {dag.py:3444} INFO - Setting next_dagrun for dataset_consumes_1_never_scheduled to None, run_after=None
[2023-03-20T11:15:03.440+0000] {logging_mixin.py:137} INFO - [2023-03-20T11:15:03.440+0000] {dag.py:3444} INFO - Setting next_dagrun for dataset_consumes_unknown_never_scheduled to None, run_after=None
[2023-03-20T11:15:03.443+0000] {logging_mixin.py:137} INFO - [2023-03-20T11:15:03.443+0000] {dag.py:3444} INFO - Setting next_dagrun for dataset_produces_1 to 2023-03-19T00:00:00+00:00, run_after=2023-03-20T00:00:00+00:00
[2023-03-20T11:15:03.445+0000] {logging_mixin.py:137} INFO - [2023-03-20T11:15:03.445+0000] {dag.py:3444} INFO - Setting next_dagrun for dataset_produces_2 to None, run_after=None
[2023-03-20T11:15:03.468+0000] {processor.py:175} INFO - Processing /home/airflow/.local/lib/python3.7/site-packages/airflow/example_dags/example_datasets.py took 0.140 seconds
[2023-03-20T11:15:34.216+0000] {processor.py:153} INFO - Started process (PID=243) to work on /home/airflow/.local/lib/python3.7/site-packages/airflow/example_dags/example_datasets.py
[2023-03-20T11:15:34.217+0000] {processor.py:743} INFO - Processing file /home/airflow/.local/lib/python3.7/site-packages/airflow/example_dags/example_datasets.py for tasks to queue
[2023-03-20T11:15:34.218+0000] {logging_mixin.py:137} INFO - [2023-03-20T11:15:34.218+0000] {dagbag.py:532} INFO - Filling up the DagBag from /home/airflow/.local/lib/python3.7/site-packages/airflow/example_dags/example_datasets.py
[2023-03-20T11:15:34.231+0000] {processor.py:753} INFO - DAG(s) dict_keys(['dataset_produces_2', 'dataset_consumes_1', 'dataset_consumes_1_and_2', 'dataset_produces_1', 'dataset_consumes_1_never_scheduled', 'dataset_consumes_unknown_never_scheduled']) retrieved from /home/airflow/.local/lib/python3.7/site-packages/airflow/example_dags/example_datasets.py
[2023-03-20T11:15:34.267+0000] {logging_mixin.py:137} INFO - [2023-03-20T11:15:34.267+0000] {dag.py:2693} INFO - Sync 6 DAGs
[2023-03-20T11:15:34.288+0000] {logging_mixin.py:137} INFO - [2023-03-20T11:15:34.287+0000] {dag.py:3444} INFO - Setting next_dagrun for dataset_consumes_1 to None, run_after=None
[2023-03-20T11:15:34.292+0000] {logging_mixin.py:137} INFO - [2023-03-20T11:15:34.292+0000] {dag.py:3444} INFO - Setting next_dagrun for dataset_consumes_1_and_2 to None, run_after=None
[2023-03-20T11:15:34.294+0000] {logging_mixin.py:137} INFO - [2023-03-20T11:15:34.293+0000] {dag.py:3444} INFO - Setting next_dagrun for dataset_consumes_1_never_scheduled to None, run_after=None
[2023-03-20T11:15:34.295+0000] {logging_mixin.py:137} INFO - [2023-03-20T11:15:34.295+0000] {dag.py:3444} INFO - Setting next_dagrun for dataset_consumes_unknown_never_scheduled to None, run_after=None
[2023-03-20T11:15:34.298+0000] {logging_mixin.py:137} INFO - [2023-03-20T11:15:34.298+0000] {dag.py:3444} INFO - Setting next_dagrun for dataset_produces_1 to 2023-03-19T00:00:00+00:00, run_after=2023-03-20T00:00:00+00:00
[2023-03-20T11:15:34.300+0000] {logging_mixin.py:137} INFO - [2023-03-20T11:15:34.300+0000] {dag.py:3444} INFO - Setting next_dagrun for dataset_produces_2 to None, run_after=None
[2023-03-20T11:15:34.324+0000] {processor.py:175} INFO - Processing /home/airflow/.local/lib/python3.7/site-packages/airflow/example_dags/example_datasets.py took 0.113 seconds
[2023-03-20T11:16:04.613+0000] {processor.py:153} INFO - Started process (PID=292) to work on /home/airflow/.local/lib/python3.7/site-packages/airflow/example_dags/example_datasets.py
[2023-03-20T11:16:04.615+0000] {processor.py:743} INFO - Processing file /home/airflow/.local/lib/python3.7/site-packages/airflow/example_dags/example_datasets.py for tasks to queue
[2023-03-20T11:16:04.615+0000] {logging_mixin.py:137} INFO - [2023-03-20T11:16:04.615+0000] {dagbag.py:532} INFO - Filling up the DagBag from /home/airflow/.local/lib/python3.7/site-packages/airflow/example_dags/example_datasets.py
[2023-03-20T11:16:04.626+0000] {processor.py:753} INFO - DAG(s) dict_keys(['dataset_produces_1', 'dataset_consumes_1_never_scheduled', 'dataset_produces_2', 'dataset_consumes_1', 'dataset_consumes_1_and_2', 'dataset_consumes_unknown_never_scheduled']) retrieved from /home/airflow/.local/lib/python3.7/site-packages/airflow/example_dags/example_datasets.py
[2023-03-20T11:16:04.654+0000] {logging_mixin.py:137} INFO - [2023-03-20T11:16:04.654+0000] {dag.py:2693} INFO - Sync 6 DAGs
[2023-03-20T11:16:04.670+0000] {logging_mixin.py:137} INFO - [2023-03-20T11:16:04.670+0000] {dag.py:3444} INFO - Setting next_dagrun for dataset_consumes_1 to None, run_after=None
[2023-03-20T11:16:04.672+0000] {logging_mixin.py:137} INFO - [2023-03-20T11:16:04.672+0000] {dag.py:3444} INFO - Setting next_dagrun for dataset_consumes_1_and_2 to None, run_after=None
[2023-03-20T11:16:04.673+0000] {logging_mixin.py:137} INFO - [2023-03-20T11:16:04.673+0000] {dag.py:3444} INFO - Setting next_dagrun for dataset_consumes_1_never_scheduled to None, run_after=None
[2023-03-20T11:16:04.674+0000] {logging_mixin.py:137} INFO - [2023-03-20T11:16:04.674+0000] {dag.py:3444} INFO - Setting next_dagrun for dataset_consumes_unknown_never_scheduled to None, run_after=None
[2023-03-20T11:16:04.676+0000] {logging_mixin.py:137} INFO - [2023-03-20T11:16:04.676+0000] {dag.py:3444} INFO - Setting next_dagrun for dataset_produces_1 to 2023-03-19T00:00:00+00:00, run_after=2023-03-20T00:00:00+00:00
[2023-03-20T11:16:04.677+0000] {logging_mixin.py:137} INFO - [2023-03-20T11:16:04.677+0000] {dag.py:3444} INFO - Setting next_dagrun for dataset_produces_2 to None, run_after=None
[2023-03-20T11:16:04.695+0000] {processor.py:175} INFO - Processing /home/airflow/.local/lib/python3.7/site-packages/airflow/example_dags/example_datasets.py took 0.085 seconds
[2023-03-20T11:16:35.073+0000] {processor.py:153} INFO - Started process (PID=341) to work on /home/airflow/.local/lib/python3.7/site-packages/airflow/example_dags/example_datasets.py
[2023-03-20T11:16:35.074+0000] {processor.py:743} INFO - Processing file /home/airflow/.local/lib/python3.7/site-packages/airflow/example_dags/example_datasets.py for tasks to queue
[2023-03-20T11:16:35.075+0000] {logging_mixin.py:137} INFO - [2023-03-20T11:16:35.075+0000] {dagbag.py:532} INFO - Filling up the DagBag from /home/airflow/.local/lib/python3.7/site-packages/airflow/example_dags/example_datasets.py
[2023-03-20T11:16:35.088+0000] {processor.py:753} INFO - DAG(s) dict_keys(['dataset_consumes_unknown_never_scheduled', 'dataset_consumes_1_never_scheduled', 'dataset_produces_1', 'dataset_consumes_1', 'dataset_consumes_1_and_2', 'dataset_produces_2']) retrieved from /home/airflow/.local/lib/python3.7/site-packages/airflow/example_dags/example_datasets.py
[2023-03-20T11:16:35.118+0000] {logging_mixin.py:137} INFO - [2023-03-20T11:16:35.117+0000] {dag.py:2693} INFO - Sync 6 DAGs
[2023-03-20T11:16:35.137+0000] {logging_mixin.py:137} INFO - [2023-03-20T11:16:35.137+0000] {dag.py:3444} INFO - Setting next_dagrun for dataset_consumes_1 to None, run_after=None
[2023-03-20T11:16:35.140+0000] {logging_mixin.py:137} INFO - [2023-03-20T11:16:35.140+0000] {dag.py:3444} INFO - Setting next_dagrun for dataset_consumes_1_and_2 to None, run_after=None
[2023-03-20T11:16:35.142+0000] {logging_mixin.py:137} INFO - [2023-03-20T11:16:35.142+0000] {dag.py:3444} INFO - Setting next_dagrun for dataset_consumes_1_never_scheduled to None, run_after=None
[2023-03-20T11:16:35.143+0000] {logging_mixin.py:137} INFO - [2023-03-20T11:16:35.143+0000] {dag.py:3444} INFO - Setting next_dagrun for dataset_consumes_unknown_never_scheduled to None, run_after=None
[2023-03-20T11:16:35.146+0000] {logging_mixin.py:137} INFO - [2023-03-20T11:16:35.145+0000] {dag.py:3444} INFO - Setting next_dagrun for dataset_produces_1 to 2023-03-19T00:00:00+00:00, run_after=2023-03-20T00:00:00+00:00
[2023-03-20T11:16:35.147+0000] {logging_mixin.py:137} INFO - [2023-03-20T11:16:35.147+0000] {dag.py:3444} INFO - Setting next_dagrun for dataset_produces_2 to None, run_after=None
[2023-03-20T11:16:35.168+0000] {processor.py:175} INFO - Processing /home/airflow/.local/lib/python3.7/site-packages/airflow/example_dags/example_datasets.py took 0.098 seconds
[2023-03-20T11:17:05.553+0000] {processor.py:153} INFO - Started process (PID=390) to work on /home/airflow/.local/lib/python3.7/site-packages/airflow/example_dags/example_datasets.py
[2023-03-20T11:17:05.554+0000] {processor.py:743} INFO - Processing file /home/airflow/.local/lib/python3.7/site-packages/airflow/example_dags/example_datasets.py for tasks to queue
[2023-03-20T11:17:05.555+0000] {logging_mixin.py:137} INFO - [2023-03-20T11:17:05.555+0000] {dagbag.py:532} INFO - Filling up the DagBag from /home/airflow/.local/lib/python3.7/site-packages/airflow/example_dags/example_datasets.py
[2023-03-20T11:17:05.566+0000] {processor.py:753} INFO - DAG(s) dict_keys(['dataset_produces_1', 'dataset_produces_2', 'dataset_consumes_1_and_2', 'dataset_consumes_unknown_never_scheduled', 'dataset_consumes_1', 'dataset_consumes_1_never_scheduled']) retrieved from /home/airflow/.local/lib/python3.7/site-packages/airflow/example_dags/example_datasets.py
[2023-03-20T11:17:05.595+0000] {logging_mixin.py:137} INFO - [2023-03-20T11:17:05.595+0000] {dag.py:2693} INFO - Sync 6 DAGs
[2023-03-20T11:17:05.616+0000] {logging_mixin.py:137} INFO - [2023-03-20T11:17:05.616+0000] {dag.py:3444} INFO - Setting next_dagrun for dataset_consumes_1 to None, run_after=None
[2023-03-20T11:17:05.619+0000] {logging_mixin.py:137} INFO - [2023-03-20T11:17:05.619+0000] {dag.py:3444} INFO - Setting next_dagrun for dataset_consumes_1_and_2 to None, run_after=None
[2023-03-20T11:17:05.621+0000] {logging_mixin.py:137} INFO - [2023-03-20T11:17:05.621+0000] {dag.py:3444} INFO - Setting next_dagrun for dataset_consumes_1_never_scheduled to None, run_after=None
[2023-03-20T11:17:05.622+0000] {logging_mixin.py:137} INFO - [2023-03-20T11:17:05.622+0000] {dag.py:3444} INFO - Setting next_dagrun for dataset_consumes_unknown_never_scheduled to None, run_after=None
[2023-03-20T11:17:05.625+0000] {logging_mixin.py:137} INFO - [2023-03-20T11:17:05.625+0000] {dag.py:3444} INFO - Setting next_dagrun for dataset_produces_1 to 2023-03-19T00:00:00+00:00, run_after=2023-03-20T00:00:00+00:00
[2023-03-20T11:17:05.626+0000] {logging_mixin.py:137} INFO - [2023-03-20T11:17:05.626+0000] {dag.py:3444} INFO - Setting next_dagrun for dataset_produces_2 to None, run_after=None
[2023-03-20T11:17:05.650+0000] {processor.py:175} INFO - Processing /home/airflow/.local/lib/python3.7/site-packages/airflow/example_dags/example_datasets.py took 0.100 seconds
[2023-03-20T11:17:36.517+0000] {processor.py:153} INFO - Started process (PID=439) to work on /home/airflow/.local/lib/python3.7/site-packages/airflow/example_dags/example_datasets.py
[2023-03-20T11:17:36.518+0000] {processor.py:743} INFO - Processing file /home/airflow/.local/lib/python3.7/site-packages/airflow/example_dags/example_datasets.py for tasks to queue
[2023-03-20T11:17:36.519+0000] {logging_mixin.py:137} INFO - [2023-03-20T11:17:36.519+0000] {dagbag.py:532} INFO - Filling up the DagBag from /home/airflow/.local/lib/python3.7/site-packages/airflow/example_dags/example_datasets.py
[2023-03-20T11:17:36.533+0000] {processor.py:753} INFO - DAG(s) dict_keys(['dataset_consumes_1_and_2', 'dataset_consumes_1', 'dataset_consumes_1_never_scheduled', 'dataset_produces_1', 'dataset_produces_2', 'dataset_consumes_unknown_never_scheduled']) retrieved from /home/airflow/.local/lib/python3.7/site-packages/airflow/example_dags/example_datasets.py
[2023-03-20T11:17:36.563+0000] {logging_mixin.py:137} INFO - [2023-03-20T11:17:36.563+0000] {dag.py:2693} INFO - Sync 6 DAGs
[2023-03-20T11:17:36.580+0000] {logging_mixin.py:137} INFO - [2023-03-20T11:17:36.580+0000] {dag.py:3444} INFO - Setting next_dagrun for dataset_consumes_1 to None, run_after=None
[2023-03-20T11:17:36.584+0000] {logging_mixin.py:137} INFO - [2023-03-20T11:17:36.583+0000] {dag.py:3444} INFO - Setting next_dagrun for dataset_consumes_1_and_2 to None, run_after=None
[2023-03-20T11:17:36.585+0000] {logging_mixin.py:137} INFO - [2023-03-20T11:17:36.585+0000] {dag.py:3444} INFO - Setting next_dagrun for dataset_consumes_1_never_scheduled to None, run_after=None
[2023-03-20T11:17:36.587+0000] {logging_mixin.py:137} INFO - [2023-03-20T11:17:36.587+0000] {dag.py:3444} INFO - Setting next_dagrun for dataset_consumes_unknown_never_scheduled to None, run_after=None
[2023-03-20T11:17:36.589+0000] {logging_mixin.py:137} INFO - [2023-03-20T11:17:36.589+0000] {dag.py:3444} INFO - Setting next_dagrun for dataset_produces_1 to 2023-03-19T00:00:00+00:00, run_after=2023-03-20T00:00:00+00:00
[2023-03-20T11:17:36.590+0000] {logging_mixin.py:137} INFO - [2023-03-20T11:17:36.590+0000] {dag.py:3444} INFO - Setting next_dagrun for dataset_produces_2 to None, run_after=None
[2023-03-20T11:17:36.610+0000] {processor.py:175} INFO - Processing /home/airflow/.local/lib/python3.7/site-packages/airflow/example_dags/example_datasets.py took 0.095 seconds
[2023-03-20T11:18:07.014+0000] {processor.py:153} INFO - Started process (PID=488) to work on /home/airflow/.local/lib/python3.7/site-packages/airflow/example_dags/example_datasets.py
[2023-03-20T11:18:07.016+0000] {processor.py:743} INFO - Processing file /home/airflow/.local/lib/python3.7/site-packages/airflow/example_dags/example_datasets.py for tasks to queue
[2023-03-20T11:18:07.017+0000] {logging_mixin.py:137} INFO - [2023-03-20T11:18:07.017+0000] {dagbag.py:532} INFO - Filling up the DagBag from /home/airflow/.local/lib/python3.7/site-packages/airflow/example_dags/example_datasets.py
[2023-03-20T11:18:07.030+0000] {processor.py:753} INFO - DAG(s) dict_keys(['dataset_consumes_unknown_never_scheduled', 'dataset_consumes_1', 'dataset_produces_1', 'dataset_consumes_1_and_2', 'dataset_consumes_1_never_scheduled', 'dataset_produces_2']) retrieved from /home/airflow/.local/lib/python3.7/site-packages/airflow/example_dags/example_datasets.py
[2023-03-20T11:18:07.061+0000] {logging_mixin.py:137} INFO - [2023-03-20T11:18:07.061+0000] {dag.py:2693} INFO - Sync 6 DAGs
[2023-03-20T11:18:07.079+0000] {logging_mixin.py:137} INFO - [2023-03-20T11:18:07.079+0000] {dag.py:3444} INFO - Setting next_dagrun for dataset_consumes_1 to None, run_after=None
[2023-03-20T11:18:07.082+0000] {logging_mixin.py:137} INFO - [2023-03-20T11:18:07.082+0000] {dag.py:3444} INFO - Setting next_dagrun for dataset_consumes_1_and_2 to None, run_after=None
[2023-03-20T11:18:07.084+0000] {logging_mixin.py:137} INFO - [2023-03-20T11:18:07.084+0000] {dag.py:3444} INFO - Setting next_dagrun for dataset_consumes_1_never_scheduled to None, run_after=None
[2023-03-20T11:18:07.085+0000] {logging_mixin.py:137} INFO - [2023-03-20T11:18:07.085+0000] {dag.py:3444} INFO - Setting next_dagrun for dataset_consumes_unknown_never_scheduled to None, run_after=None
[2023-03-20T11:18:07.087+0000] {logging_mixin.py:137} INFO - [2023-03-20T11:18:07.087+0000] {dag.py:3444} INFO - Setting next_dagrun for dataset_produces_1 to 2023-03-19T00:00:00+00:00, run_after=2023-03-20T00:00:00+00:00
[2023-03-20T11:18:07.089+0000] {logging_mixin.py:137} INFO - [2023-03-20T11:18:07.089+0000] {dag.py:3444} INFO - Setting next_dagrun for dataset_produces_2 to None, run_after=None
[2023-03-20T11:18:07.109+0000] {processor.py:175} INFO - Processing /home/airflow/.local/lib/python3.7/site-packages/airflow/example_dags/example_datasets.py took 0.098 seconds
[2023-03-20T11:18:37.837+0000] {processor.py:153} INFO - Started process (PID=537) to work on /home/airflow/.local/lib/python3.7/site-packages/airflow/example_dags/example_datasets.py
[2023-03-20T11:18:37.839+0000] {processor.py:743} INFO - Processing file /home/airflow/.local/lib/python3.7/site-packages/airflow/example_dags/example_datasets.py for tasks to queue
[2023-03-20T11:18:37.841+0000] {logging_mixin.py:137} INFO - [2023-03-20T11:18:37.841+0000] {dagbag.py:532} INFO - Filling up the DagBag from /home/airflow/.local/lib/python3.7/site-packages/airflow/example_dags/example_datasets.py
[2023-03-20T11:18:37.857+0000] {processor.py:753} INFO - DAG(s) dict_keys(['dataset_produces_2', 'dataset_consumes_unknown_never_scheduled', 'dataset_consumes_1_never_scheduled', 'dataset_consumes_1_and_2', 'dataset_consumes_1', 'dataset_produces_1']) retrieved from /home/airflow/.local/lib/python3.7/site-packages/airflow/example_dags/example_datasets.py
[2023-03-20T11:18:37.886+0000] {logging_mixin.py:137} INFO - [2023-03-20T11:18:37.886+0000] {dag.py:2693} INFO - Sync 6 DAGs
[2023-03-20T11:18:37.902+0000] {logging_mixin.py:137} INFO - [2023-03-20T11:18:37.902+0000] {dag.py:3444} INFO - Setting next_dagrun for dataset_consumes_1 to None, run_after=None
[2023-03-20T11:18:37.905+0000] {logging_mixin.py:137} INFO - [2023-03-20T11:18:37.905+0000] {dag.py:3444} INFO - Setting next_dagrun for dataset_consumes_1_and_2 to None, run_after=None
[2023-03-20T11:18:37.907+0000] {logging_mixin.py:137} INFO - [2023-03-20T11:18:37.907+0000] {dag.py:3444} INFO - Setting next_dagrun for dataset_consumes_1_never_scheduled to None, run_after=None
[2023-03-20T11:18:37.908+0000] {logging_mixin.py:137} INFO - [2023-03-20T11:18:37.908+0000] {dag.py:3444} INFO - Setting next_dagrun for dataset_consumes_unknown_never_scheduled to None, run_after=None
[2023-03-20T11:18:37.910+0000] {logging_mixin.py:137} INFO - [2023-03-20T11:18:37.910+0000] {dag.py:3444} INFO - Setting next_dagrun for dataset_produces_1 to 2023-03-19T00:00:00+00:00, run_after=2023-03-20T00:00:00+00:00
[2023-03-20T11:18:37.912+0000] {logging_mixin.py:137} INFO - [2023-03-20T11:18:37.912+0000] {dag.py:3444} INFO - Setting next_dagrun for dataset_produces_2 to None, run_after=None
[2023-03-20T11:18:37.931+0000] {processor.py:175} INFO - Processing /home/airflow/.local/lib/python3.7/site-packages/airflow/example_dags/example_datasets.py took 0.098 seconds
[2023-03-20T11:19:08.233+0000] {processor.py:153} INFO - Started process (PID=586) to work on /home/airflow/.local/lib/python3.7/site-packages/airflow/example_dags/example_datasets.py
[2023-03-20T11:19:08.234+0000] {processor.py:743} INFO - Processing file /home/airflow/.local/lib/python3.7/site-packages/airflow/example_dags/example_datasets.py for tasks to queue
[2023-03-20T11:19:08.235+0000] {logging_mixin.py:137} INFO - [2023-03-20T11:19:08.235+0000] {dagbag.py:532} INFO - Filling up the DagBag from /home/airflow/.local/lib/python3.7/site-packages/airflow/example_dags/example_datasets.py
[2023-03-20T11:19:08.247+0000] {processor.py:753} INFO - DAG(s) dict_keys(['dataset_consumes_1_and_2', 'dataset_consumes_unknown_never_scheduled', 'dataset_consumes_1_never_scheduled', 'dataset_produces_2', 'dataset_produces_1', 'dataset_consumes_1']) retrieved from /home/airflow/.local/lib/python3.7/site-packages/airflow/example_dags/example_datasets.py
[2023-03-20T11:19:08.276+0000] {logging_mixin.py:137} INFO - [2023-03-20T11:19:08.275+0000] {dag.py:2693} INFO - Sync 6 DAGs
[2023-03-20T11:19:08.291+0000] {logging_mixin.py:137} INFO - [2023-03-20T11:19:08.291+0000] {dag.py:3444} INFO - Setting next_dagrun for dataset_consumes_1 to None, run_after=None
[2023-03-20T11:19:08.294+0000] {logging_mixin.py:137} INFO - [2023-03-20T11:19:08.294+0000] {dag.py:3444} INFO - Setting next_dagrun for dataset_consumes_1_and_2 to None, run_after=None
[2023-03-20T11:19:08.295+0000] {logging_mixin.py:137} INFO - [2023-03-20T11:19:08.295+0000] {dag.py:3444} INFO - Setting next_dagrun for dataset_consumes_1_never_scheduled to None, run_after=None
[2023-03-20T11:19:08.296+0000] {logging_mixin.py:137} INFO - [2023-03-20T11:19:08.296+0000] {dag.py:3444} INFO - Setting next_dagrun for dataset_consumes_unknown_never_scheduled to None, run_after=None
[2023-03-20T11:19:08.298+0000] {logging_mixin.py:137} INFO - [2023-03-20T11:19:08.298+0000] {dag.py:3444} INFO - Setting next_dagrun for dataset_produces_1 to 2023-03-19T00:00:00+00:00, run_after=2023-03-20T00:00:00+00:00
[2023-03-20T11:19:08.300+0000] {logging_mixin.py:137} INFO - [2023-03-20T11:19:08.300+0000] {dag.py:3444} INFO - Setting next_dagrun for dataset_produces_2 to None, run_after=None
[2023-03-20T11:19:08.321+0000] {processor.py:175} INFO - Processing /home/airflow/.local/lib/python3.7/site-packages/airflow/example_dags/example_datasets.py took 0.091 seconds
[2023-03-20T11:19:38.587+0000] {processor.py:153} INFO - Started process (PID=635) to work on /home/airflow/.local/lib/python3.7/site-packages/airflow/example_dags/example_datasets.py
[2023-03-20T11:19:38.588+0000] {processor.py:743} INFO - Processing file /home/airflow/.local/lib/python3.7/site-packages/airflow/example_dags/example_datasets.py for tasks to queue
[2023-03-20T11:19:38.589+0000] {logging_mixin.py:137} INFO - [2023-03-20T11:19:38.589+0000] {dagbag.py:532} INFO - Filling up the DagBag from /home/airflow/.local/lib/python3.7/site-packages/airflow/example_dags/example_datasets.py
[2023-03-20T11:19:38.600+0000] {processor.py:753} INFO - DAG(s) dict_keys(['dataset_produces_1', 'dataset_consumes_1_and_2', 'dataset_consumes_1', 'dataset_produces_2', 'dataset_consumes_unknown_never_scheduled', 'dataset_consumes_1_never_scheduled']) retrieved from /home/airflow/.local/lib/python3.7/site-packages/airflow/example_dags/example_datasets.py
[2023-03-20T11:19:38.627+0000] {logging_mixin.py:137} INFO - [2023-03-20T11:19:38.627+0000] {dag.py:2693} INFO - Sync 6 DAGs
[2023-03-20T11:19:38.643+0000] {logging_mixin.py:137} INFO - [2023-03-20T11:19:38.643+0000] {dag.py:3444} INFO - Setting next_dagrun for dataset_consumes_1 to None, run_after=None
[2023-03-20T11:19:38.646+0000] {logging_mixin.py:137} INFO - [2023-03-20T11:19:38.646+0000] {dag.py:3444} INFO - Setting next_dagrun for dataset_consumes_1_and_2 to None, run_after=None
[2023-03-20T11:19:38.647+0000] {logging_mixin.py:137} INFO - [2023-03-20T11:19:38.647+0000] {dag.py:3444} INFO - Setting next_dagrun for dataset_consumes_1_never_scheduled to None, run_after=None
[2023-03-20T11:19:38.648+0000] {logging_mixin.py:137} INFO - [2023-03-20T11:19:38.648+0000] {dag.py:3444} INFO - Setting next_dagrun for dataset_consumes_unknown_never_scheduled to None, run_after=None
[2023-03-20T11:19:38.650+0000] {logging_mixin.py:137} INFO - [2023-03-20T11:19:38.650+0000] {dag.py:3444} INFO - Setting next_dagrun for dataset_produces_1 to 2023-03-19T00:00:00+00:00, run_after=2023-03-20T00:00:00+00:00
[2023-03-20T11:19:38.652+0000] {logging_mixin.py:137} INFO - [2023-03-20T11:19:38.651+0000] {dag.py:3444} INFO - Setting next_dagrun for dataset_produces_2 to None, run_after=None
[2023-03-20T11:19:38.672+0000] {processor.py:175} INFO - Processing /home/airflow/.local/lib/python3.7/site-packages/airflow/example_dags/example_datasets.py took 0.088 seconds
[2023-03-20T11:20:08.950+0000] {processor.py:153} INFO - Started process (PID=684) to work on /home/airflow/.local/lib/python3.7/site-packages/airflow/example_dags/example_datasets.py
[2023-03-20T11:20:08.951+0000] {processor.py:743} INFO - Processing file /home/airflow/.local/lib/python3.7/site-packages/airflow/example_dags/example_datasets.py for tasks to queue
[2023-03-20T11:20:08.952+0000] {logging_mixin.py:137} INFO - [2023-03-20T11:20:08.952+0000] {dagbag.py:532} INFO - Filling up the DagBag from /home/airflow/.local/lib/python3.7/site-packages/airflow/example_dags/example_datasets.py
[2023-03-20T11:20:08.962+0000] {processor.py:753} INFO - DAG(s) dict_keys(['dataset_produces_2', 'dataset_consumes_1', 'dataset_consumes_1_and_2', 'dataset_produces_1', 'dataset_consumes_1_never_scheduled', 'dataset_consumes_unknown_never_scheduled']) retrieved from /home/airflow/.local/lib/python3.7/site-packages/airflow/example_dags/example_datasets.py
[2023-03-20T11:20:08.990+0000] {logging_mixin.py:137} INFO - [2023-03-20T11:20:08.990+0000] {dag.py:2693} INFO - Sync 6 DAGs
[2023-03-20T11:20:09.006+0000] {logging_mixin.py:137} INFO - [2023-03-20T11:20:09.006+0000] {dag.py:3444} INFO - Setting next_dagrun for dataset_consumes_1 to None, run_after=None
[2023-03-20T11:20:09.008+0000] {logging_mixin.py:137} INFO - [2023-03-20T11:20:09.008+0000] {dag.py:3444} INFO - Setting next_dagrun for dataset_consumes_1_and_2 to None, run_after=None
[2023-03-20T11:20:09.010+0000] {logging_mixin.py:137} INFO - [2023-03-20T11:20:09.010+0000] {dag.py:3444} INFO - Setting next_dagrun for dataset_consumes_1_never_scheduled to None, run_after=None
[2023-03-20T11:20:09.011+0000] {logging_mixin.py:137} INFO - [2023-03-20T11:20:09.011+0000] {dag.py:3444} INFO - Setting next_dagrun for dataset_consumes_unknown_never_scheduled to None, run_after=None
[2023-03-20T11:20:09.013+0000] {logging_mixin.py:137} INFO - [2023-03-20T11:20:09.013+0000] {dag.py:3444} INFO - Setting next_dagrun for dataset_produces_1 to 2023-03-19T00:00:00+00:00, run_after=2023-03-20T00:00:00+00:00
[2023-03-20T11:20:09.014+0000] {logging_mixin.py:137} INFO - [2023-03-20T11:20:09.014+0000] {dag.py:3444} INFO - Setting next_dagrun for dataset_produces_2 to None, run_after=None
[2023-03-20T11:20:09.034+0000] {processor.py:175} INFO - Processing /home/airflow/.local/lib/python3.7/site-packages/airflow/example_dags/example_datasets.py took 0.088 seconds
[2023-03-20T11:20:39.416+0000] {processor.py:153} INFO - Started process (PID=733) to work on /home/airflow/.local/lib/python3.7/site-packages/airflow/example_dags/example_datasets.py
[2023-03-20T11:20:39.417+0000] {processor.py:743} INFO - Processing file /home/airflow/.local/lib/python3.7/site-packages/airflow/example_dags/example_datasets.py for tasks to queue
[2023-03-20T11:20:39.418+0000] {logging_mixin.py:137} INFO - [2023-03-20T11:20:39.417+0000] {dagbag.py:532} INFO - Filling up the DagBag from /home/airflow/.local/lib/python3.7/site-packages/airflow/example_dags/example_datasets.py
[2023-03-20T11:20:39.430+0000] {processor.py:753} INFO - DAG(s) dict_keys(['dataset_consumes_1_never_scheduled', 'dataset_produces_2', 'dataset_consumes_1', 'dataset_consumes_unknown_never_scheduled', 'dataset_produces_1', 'dataset_consumes_1_and_2']) retrieved from /home/airflow/.local/lib/python3.7/site-packages/airflow/example_dags/example_datasets.py
[2023-03-20T11:20:39.466+0000] {logging_mixin.py:137} INFO - [2023-03-20T11:20:39.466+0000] {dag.py:2693} INFO - Sync 6 DAGs
[2023-03-20T11:20:39.482+0000] {logging_mixin.py:137} INFO - [2023-03-20T11:20:39.482+0000] {dag.py:3444} INFO - Setting next_dagrun for dataset_consumes_1 to None, run_after=None
[2023-03-20T11:20:39.486+0000] {logging_mixin.py:137} INFO - [2023-03-20T11:20:39.485+0000] {dag.py:3444} INFO - Setting next_dagrun for dataset_consumes_1_and_2 to None, run_after=None
[2023-03-20T11:20:39.487+0000] {logging_mixin.py:137} INFO - [2023-03-20T11:20:39.487+0000] {dag.py:3444} INFO - Setting next_dagrun for dataset_consumes_1_never_scheduled to None, run_after=None
[2023-03-20T11:20:39.489+0000] {logging_mixin.py:137} INFO - [2023-03-20T11:20:39.488+0000] {dag.py:3444} INFO - Setting next_dagrun for dataset_consumes_unknown_never_scheduled to None, run_after=None
[2023-03-20T11:20:39.491+0000] {logging_mixin.py:137} INFO - [2023-03-20T11:20:39.491+0000] {dag.py:3444} INFO - Setting next_dagrun for dataset_produces_1 to 2023-03-19T00:00:00+00:00, run_after=2023-03-20T00:00:00+00:00
[2023-03-20T11:20:39.492+0000] {logging_mixin.py:137} INFO - [2023-03-20T11:20:39.492+0000] {dag.py:3444} INFO - Setting next_dagrun for dataset_produces_2 to None, run_after=None
[2023-03-20T11:20:39.513+0000] {processor.py:175} INFO - Processing /home/airflow/.local/lib/python3.7/site-packages/airflow/example_dags/example_datasets.py took 0.100 seconds
[2023-03-20T11:21:09.706+0000] {processor.py:153} INFO - Started process (PID=782) to work on /home/airflow/.local/lib/python3.7/site-packages/airflow/example_dags/example_datasets.py
[2023-03-20T11:21:09.707+0000] {processor.py:743} INFO - Processing file /home/airflow/.local/lib/python3.7/site-packages/airflow/example_dags/example_datasets.py for tasks to queue
[2023-03-20T11:21:09.708+0000] {logging_mixin.py:137} INFO - [2023-03-20T11:21:09.708+0000] {dagbag.py:532} INFO - Filling up the DagBag from /home/airflow/.local/lib/python3.7/site-packages/airflow/example_dags/example_datasets.py
[2023-03-20T11:21:09.719+0000] {processor.py:753} INFO - DAG(s) dict_keys(['dataset_produces_1', 'dataset_produces_2', 'dataset_consumes_1', 'dataset_consumes_unknown_never_scheduled', 'dataset_consumes_1_never_scheduled', 'dataset_consumes_1_and_2']) retrieved from /home/airflow/.local/lib/python3.7/site-packages/airflow/example_dags/example_datasets.py
[2023-03-20T11:21:09.746+0000] {logging_mixin.py:137} INFO - [2023-03-20T11:21:09.746+0000] {dag.py:2693} INFO - Sync 6 DAGs
[2023-03-20T11:21:09.762+0000] {logging_mixin.py:137} INFO - [2023-03-20T11:21:09.762+0000] {dag.py:3444} INFO - Setting next_dagrun for dataset_consumes_1 to None, run_after=None
[2023-03-20T11:21:09.764+0000] {logging_mixin.py:137} INFO - [2023-03-20T11:21:09.764+0000] {dag.py:3444} INFO - Setting next_dagrun for dataset_consumes_1_and_2 to None, run_after=None
[2023-03-20T11:21:09.765+0000] {logging_mixin.py:137} INFO - [2023-03-20T11:21:09.765+0000] {dag.py:3444} INFO - Setting next_dagrun for dataset_consumes_1_never_scheduled to None, run_after=None
[2023-03-20T11:21:09.766+0000] {logging_mixin.py:137} INFO - [2023-03-20T11:21:09.766+0000] {dag.py:3444} INFO - Setting next_dagrun for dataset_consumes_unknown_never_scheduled to None, run_after=None
[2023-03-20T11:21:09.767+0000] {logging_mixin.py:137} INFO - [2023-03-20T11:21:09.767+0000] {dag.py:3444} INFO - Setting next_dagrun for dataset_produces_1 to 2023-03-19T00:00:00+00:00, run_after=2023-03-20T00:00:00+00:00
[2023-03-20T11:21:09.768+0000] {logging_mixin.py:137} INFO - [2023-03-20T11:21:09.768+0000] {dag.py:3444} INFO - Setting next_dagrun for dataset_produces_2 to None, run_after=None
[2023-03-20T11:21:09.786+0000] {processor.py:175} INFO - Processing /home/airflow/.local/lib/python3.7/site-packages/airflow/example_dags/example_datasets.py took 0.082 seconds
[2023-03-20T11:21:40.117+0000] {processor.py:153} INFO - Started process (PID=831) to work on /home/airflow/.local/lib/python3.7/site-packages/airflow/example_dags/example_datasets.py
[2023-03-20T11:21:40.118+0000] {processor.py:743} INFO - Processing file /home/airflow/.local/lib/python3.7/site-packages/airflow/example_dags/example_datasets.py for tasks to queue
[2023-03-20T11:21:40.119+0000] {logging_mixin.py:137} INFO - [2023-03-20T11:21:40.118+0000] {dagbag.py:532} INFO - Filling up the DagBag from /home/airflow/.local/lib/python3.7/site-packages/airflow/example_dags/example_datasets.py
[2023-03-20T11:21:40.130+0000] {processor.py:753} INFO - DAG(s) dict_keys(['dataset_consumes_1_and_2', 'dataset_consumes_unknown_never_scheduled', 'dataset_consumes_1_never_scheduled', 'dataset_produces_1', 'dataset_produces_2', 'dataset_consumes_1']) retrieved from /home/airflow/.local/lib/python3.7/site-packages/airflow/example_dags/example_datasets.py
[2023-03-20T11:21:40.167+0000] {logging_mixin.py:137} INFO - [2023-03-20T11:21:40.167+0000] {dag.py:2693} INFO - Sync 6 DAGs
[2023-03-20T11:21:40.185+0000] {logging_mixin.py:137} INFO - [2023-03-20T11:21:40.185+0000] {dag.py:3444} INFO - Setting next_dagrun for dataset_consumes_1 to None, run_after=None
[2023-03-20T11:21:40.187+0000] {logging_mixin.py:137} INFO - [2023-03-20T11:21:40.187+0000] {dag.py:3444} INFO - Setting next_dagrun for dataset_consumes_1_and_2 to None, run_after=None
[2023-03-20T11:21:40.189+0000] {logging_mixin.py:137} INFO - [2023-03-20T11:21:40.189+0000] {dag.py:3444} INFO - Setting next_dagrun for dataset_consumes_1_never_scheduled to None, run_after=None
[2023-03-20T11:21:40.190+0000] {logging_mixin.py:137} INFO - [2023-03-20T11:21:40.190+0000] {dag.py:3444} INFO - Setting next_dagrun for dataset_consumes_unknown_never_scheduled to None, run_after=None
[2023-03-20T11:21:40.194+0000] {logging_mixin.py:137} INFO - [2023-03-20T11:21:40.193+0000] {dag.py:3444} INFO - Setting next_dagrun for dataset_produces_1 to 2023-03-19T00:00:00+00:00, run_after=2023-03-20T00:00:00+00:00
[2023-03-20T11:21:40.195+0000] {logging_mixin.py:137} INFO - [2023-03-20T11:21:40.195+0000] {dag.py:3444} INFO - Setting next_dagrun for dataset_produces_2 to None, run_after=None
[2023-03-20T11:21:40.218+0000] {processor.py:175} INFO - Processing /home/airflow/.local/lib/python3.7/site-packages/airflow/example_dags/example_datasets.py took 0.104 seconds
[2023-03-20T11:22:10.538+0000] {processor.py:153} INFO - Started process (PID=880) to work on /home/airflow/.local/lib/python3.7/site-packages/airflow/example_dags/example_datasets.py
[2023-03-20T11:22:10.540+0000] {processor.py:743} INFO - Processing file /home/airflow/.local/lib/python3.7/site-packages/airflow/example_dags/example_datasets.py for tasks to queue
[2023-03-20T11:22:10.541+0000] {logging_mixin.py:137} INFO - [2023-03-20T11:22:10.540+0000] {dagbag.py:532} INFO - Filling up the DagBag from /home/airflow/.local/lib/python3.7/site-packages/airflow/example_dags/example_datasets.py
[2023-03-20T11:22:10.553+0000] {processor.py:753} INFO - DAG(s) dict_keys(['dataset_consumes_1_and_2', 'dataset_consumes_1', 'dataset_consumes_1_never_scheduled', 'dataset_produces_1', 'dataset_consumes_unknown_never_scheduled', 'dataset_produces_2']) retrieved from /home/airflow/.local/lib/python3.7/site-packages/airflow/example_dags/example_datasets.py
[2023-03-20T11:22:10.582+0000] {logging_mixin.py:137} INFO - [2023-03-20T11:22:10.582+0000] {dag.py:2693} INFO - Sync 6 DAGs
[2023-03-20T11:22:10.600+0000] {logging_mixin.py:137} INFO - [2023-03-20T11:22:10.599+0000] {dag.py:3444} INFO - Setting next_dagrun for dataset_consumes_1 to None, run_after=None
[2023-03-20T11:22:10.602+0000] {logging_mixin.py:137} INFO - [2023-03-20T11:22:10.602+0000] {dag.py:3444} INFO - Setting next_dagrun for dataset_consumes_1_and_2 to None, run_after=None
[2023-03-20T11:22:10.603+0000] {logging_mixin.py:137} INFO - [2023-03-20T11:22:10.603+0000] {dag.py:3444} INFO - Setting next_dagrun for dataset_consumes_1_never_scheduled to None, run_after=None
[2023-03-20T11:22:10.604+0000] {logging_mixin.py:137} INFO - [2023-03-20T11:22:10.604+0000] {dag.py:3444} INFO - Setting next_dagrun for dataset_consumes_unknown_never_scheduled to None, run_after=None
[2023-03-20T11:22:10.606+0000] {logging_mixin.py:137} INFO - [2023-03-20T11:22:10.606+0000] {dag.py:3444} INFO - Setting next_dagrun for dataset_produces_1 to 2023-03-19T00:00:00+00:00, run_after=2023-03-20T00:00:00+00:00
[2023-03-20T11:22:10.608+0000] {logging_mixin.py:137} INFO - [2023-03-20T11:22:10.608+0000] {dag.py:3444} INFO - Setting next_dagrun for dataset_produces_2 to None, run_after=None
[2023-03-20T11:22:10.629+0000] {processor.py:175} INFO - Processing /home/airflow/.local/lib/python3.7/site-packages/airflow/example_dags/example_datasets.py took 0.095 seconds
[2023-03-20T11:22:41.069+0000] {processor.py:153} INFO - Started process (PID=929) to work on /home/airflow/.local/lib/python3.7/site-packages/airflow/example_dags/example_datasets.py
[2023-03-20T11:22:41.071+0000] {processor.py:743} INFO - Processing file /home/airflow/.local/lib/python3.7/site-packages/airflow/example_dags/example_datasets.py for tasks to queue
[2023-03-20T11:22:41.071+0000] {logging_mixin.py:137} INFO - [2023-03-20T11:22:41.071+0000] {dagbag.py:532} INFO - Filling up the DagBag from /home/airflow/.local/lib/python3.7/site-packages/airflow/example_dags/example_datasets.py
[2023-03-20T11:22:41.083+0000] {processor.py:753} INFO - DAG(s) dict_keys(['dataset_consumes_1', 'dataset_consumes_1_and_2', 'dataset_produces_1', 'dataset_produces_2', 'dataset_consumes_1_never_scheduled', 'dataset_consumes_unknown_never_scheduled']) retrieved from /home/airflow/.local/lib/python3.7/site-packages/airflow/example_dags/example_datasets.py
[2023-03-20T11:22:41.111+0000] {logging_mixin.py:137} INFO - [2023-03-20T11:22:41.111+0000] {dag.py:2693} INFO - Sync 6 DAGs
[2023-03-20T11:22:41.127+0000] {logging_mixin.py:137} INFO - [2023-03-20T11:22:41.127+0000] {dag.py:3444} INFO - Setting next_dagrun for dataset_consumes_1 to None, run_after=None
[2023-03-20T11:22:41.130+0000] {logging_mixin.py:137} INFO - [2023-03-20T11:22:41.130+0000] {dag.py:3444} INFO - Setting next_dagrun for dataset_consumes_1_and_2 to None, run_after=None
[2023-03-20T11:22:41.131+0000] {logging_mixin.py:137} INFO - [2023-03-20T11:22:41.131+0000] {dag.py:3444} INFO - Setting next_dagrun for dataset_consumes_1_never_scheduled to None, run_after=None
[2023-03-20T11:22:41.132+0000] {logging_mixin.py:137} INFO - [2023-03-20T11:22:41.132+0000] {dag.py:3444} INFO - Setting next_dagrun for dataset_consumes_unknown_never_scheduled to None, run_after=None
[2023-03-20T11:22:41.134+0000] {logging_mixin.py:137} INFO - [2023-03-20T11:22:41.133+0000] {dag.py:3444} INFO - Setting next_dagrun for dataset_produces_1 to 2023-03-19T00:00:00+00:00, run_after=2023-03-20T00:00:00+00:00
[2023-03-20T11:22:41.135+0000] {logging_mixin.py:137} INFO - [2023-03-20T11:22:41.135+0000] {dag.py:3444} INFO - Setting next_dagrun for dataset_produces_2 to None, run_after=None
[2023-03-20T11:22:41.154+0000] {processor.py:175} INFO - Processing /home/airflow/.local/lib/python3.7/site-packages/airflow/example_dags/example_datasets.py took 0.087 seconds
[2023-03-20T11:23:11.830+0000] {processor.py:153} INFO - Started process (PID=978) to work on /home/airflow/.local/lib/python3.7/site-packages/airflow/example_dags/example_datasets.py
[2023-03-20T11:23:11.832+0000] {processor.py:743} INFO - Processing file /home/airflow/.local/lib/python3.7/site-packages/airflow/example_dags/example_datasets.py for tasks to queue
[2023-03-20T11:23:11.832+0000] {logging_mixin.py:137} INFO - [2023-03-20T11:23:11.832+0000] {dagbag.py:532} INFO - Filling up the DagBag from /home/airflow/.local/lib/python3.7/site-packages/airflow/example_dags/example_datasets.py
[2023-03-20T11:23:11.845+0000] {processor.py:753} INFO - DAG(s) dict_keys(['dataset_consumes_1_and_2', 'dataset_consumes_1_never_scheduled', 'dataset_produces_2', 'dataset_consumes_unknown_never_scheduled', 'dataset_consumes_1', 'dataset_produces_1']) retrieved from /home/airflow/.local/lib/python3.7/site-packages/airflow/example_dags/example_datasets.py
[2023-03-20T11:23:11.872+0000] {logging_mixin.py:137} INFO - [2023-03-20T11:23:11.872+0000] {dag.py:2693} INFO - Sync 6 DAGs
[2023-03-20T11:23:11.889+0000] {logging_mixin.py:137} INFO - [2023-03-20T11:23:11.888+0000] {dag.py:3444} INFO - Setting next_dagrun for dataset_consumes_1 to None, run_after=None
[2023-03-20T11:23:11.891+0000] {logging_mixin.py:137} INFO - [2023-03-20T11:23:11.891+0000] {dag.py:3444} INFO - Setting next_dagrun for dataset_consumes_1_and_2 to None, run_after=None
[2023-03-20T11:23:11.892+0000] {logging_mixin.py:137} INFO - [2023-03-20T11:23:11.892+0000] {dag.py:3444} INFO - Setting next_dagrun for dataset_consumes_1_never_scheduled to None, run_after=None
[2023-03-20T11:23:11.893+0000] {logging_mixin.py:137} INFO - [2023-03-20T11:23:11.893+0000] {dag.py:3444} INFO - Setting next_dagrun for dataset_consumes_unknown_never_scheduled to None, run_after=None
[2023-03-20T11:23:11.895+0000] {logging_mixin.py:137} INFO - [2023-03-20T11:23:11.895+0000] {dag.py:3444} INFO - Setting next_dagrun for dataset_produces_1 to 2023-03-19T00:00:00+00:00, run_after=2023-03-20T00:00:00+00:00
[2023-03-20T11:23:11.896+0000] {logging_mixin.py:137} INFO - [2023-03-20T11:23:11.896+0000] {dag.py:3444} INFO - Setting next_dagrun for dataset_produces_2 to None, run_after=None
[2023-03-20T11:23:11.916+0000] {processor.py:175} INFO - Processing /home/airflow/.local/lib/python3.7/site-packages/airflow/example_dags/example_datasets.py took 0.088 seconds
[2023-03-20T11:23:42.300+0000] {processor.py:153} INFO - Started process (PID=1027) to work on /home/airflow/.local/lib/python3.7/site-packages/airflow/example_dags/example_datasets.py
[2023-03-20T11:23:42.301+0000] {processor.py:743} INFO - Processing file /home/airflow/.local/lib/python3.7/site-packages/airflow/example_dags/example_datasets.py for tasks to queue
[2023-03-20T11:23:42.302+0000] {logging_mixin.py:137} INFO - [2023-03-20T11:23:42.302+0000] {dagbag.py:532} INFO - Filling up the DagBag from /home/airflow/.local/lib/python3.7/site-packages/airflow/example_dags/example_datasets.py
[2023-03-20T11:23:42.313+0000] {processor.py:753} INFO - DAG(s) dict_keys(['dataset_consumes_1_and_2', 'dataset_produces_2', 'dataset_consumes_1_never_scheduled', 'dataset_produces_1', 'dataset_consumes_1', 'dataset_consumes_unknown_never_scheduled']) retrieved from /home/airflow/.local/lib/python3.7/site-packages/airflow/example_dags/example_datasets.py
[2023-03-20T11:23:42.340+0000] {logging_mixin.py:137} INFO - [2023-03-20T11:23:42.340+0000] {dag.py:2693} INFO - Sync 6 DAGs
[2023-03-20T11:23:42.357+0000] {logging_mixin.py:137} INFO - [2023-03-20T11:23:42.356+0000] {dag.py:3444} INFO - Setting next_dagrun for dataset_consumes_1 to None, run_after=None
[2023-03-20T11:23:42.359+0000] {logging_mixin.py:137} INFO - [2023-03-20T11:23:42.359+0000] {dag.py:3444} INFO - Setting next_dagrun for dataset_consumes_1_and_2 to None, run_after=None
[2023-03-20T11:23:42.360+0000] {logging_mixin.py:137} INFO - [2023-03-20T11:23:42.360+0000] {dag.py:3444} INFO - Setting next_dagrun for dataset_consumes_1_never_scheduled to None, run_after=None
[2023-03-20T11:23:42.361+0000] {logging_mixin.py:137} INFO - [2023-03-20T11:23:42.361+0000] {dag.py:3444} INFO - Setting next_dagrun for dataset_consumes_unknown_never_scheduled to None, run_after=None
[2023-03-20T11:23:42.363+0000] {logging_mixin.py:137} INFO - [2023-03-20T11:23:42.363+0000] {dag.py:3444} INFO - Setting next_dagrun for dataset_produces_1 to 2023-03-19T00:00:00+00:00, run_after=2023-03-20T00:00:00+00:00
[2023-03-20T11:23:42.364+0000] {logging_mixin.py:137} INFO - [2023-03-20T11:23:42.364+0000] {dag.py:3444} INFO - Setting next_dagrun for dataset_produces_2 to None, run_after=None
[2023-03-20T11:23:42.385+0000] {processor.py:175} INFO - Processing /home/airflow/.local/lib/python3.7/site-packages/airflow/example_dags/example_datasets.py took 0.087 seconds
