[2023-03-20T11:13:30.804+0000] {processor.py:153} INFO - Started process (PID=47) to work on /home/airflow/.local/lib/python3.7/site-packages/airflow/example_dags/example_branch_labels.py
[2023-03-20T11:13:30.809+0000] {processor.py:743} INFO - Processing file /home/airflow/.local/lib/python3.7/site-packages/airflow/example_dags/example_branch_labels.py for tasks to queue
[2023-03-20T11:13:30.812+0000] {logging_mixin.py:137} INFO - [2023-03-20T11:13:30.811+0000] {dagbag.py:532} INFO - Filling up the DagBag from /home/airflow/.local/lib/python3.7/site-packages/airflow/example_dags/example_branch_labels.py
[2023-03-20T11:13:30.859+0000] {processor.py:753} INFO - DAG(s) dict_keys(['example_branch_labels']) retrieved from /home/airflow/.local/lib/python3.7/site-packages/airflow/example_dags/example_branch_labels.py
[2023-03-20T11:13:30.893+0000] {logging_mixin.py:137} INFO - [2023-03-20T11:13:30.893+0000] {dag.py:2693} INFO - Sync 1 DAGs
[2023-03-20T11:13:30.949+0000] {logging_mixin.py:137} INFO - [2023-03-20T11:13:30.948+0000] {dag.py:3444} INFO - Setting next_dagrun for example_branch_labels to 2023-03-19T00:00:00+00:00, run_after=2023-03-20T00:00:00+00:00
[2023-03-20T11:13:30.992+0000] {processor.py:175} INFO - Processing /home/airflow/.local/lib/python3.7/site-packages/airflow/example_dags/example_branch_labels.py took 0.194 seconds
[2023-03-20T11:14:01.812+0000] {processor.py:153} INFO - Started process (PID=96) to work on /home/airflow/.local/lib/python3.7/site-packages/airflow/example_dags/example_branch_labels.py
[2023-03-20T11:14:01.819+0000] {processor.py:743} INFO - Processing file /home/airflow/.local/lib/python3.7/site-packages/airflow/example_dags/example_branch_labels.py for tasks to queue
[2023-03-20T11:14:01.822+0000] {logging_mixin.py:137} INFO - [2023-03-20T11:14:01.822+0000] {dagbag.py:532} INFO - Filling up the DagBag from /home/airflow/.local/lib/python3.7/site-packages/airflow/example_dags/example_branch_labels.py
[2023-03-20T11:14:01.848+0000] {processor.py:753} INFO - DAG(s) dict_keys(['example_branch_labels']) retrieved from /home/airflow/.local/lib/python3.7/site-packages/airflow/example_dags/example_branch_labels.py
[2023-03-20T11:14:01.909+0000] {logging_mixin.py:137} INFO - [2023-03-20T11:14:01.908+0000] {dag.py:2693} INFO - Sync 1 DAGs
[2023-03-20T11:14:01.979+0000] {logging_mixin.py:137} INFO - [2023-03-20T11:14:01.979+0000] {dag.py:3444} INFO - Setting next_dagrun for example_branch_labels to 2023-03-19T00:00:00+00:00, run_after=2023-03-20T00:00:00+00:00
[2023-03-20T11:14:02.010+0000] {processor.py:175} INFO - Processing /home/airflow/.local/lib/python3.7/site-packages/airflow/example_dags/example_branch_labels.py took 0.206 seconds
[2023-03-20T11:14:32.705+0000] {processor.py:153} INFO - Started process (PID=146) to work on /home/airflow/.local/lib/python3.7/site-packages/airflow/example_dags/example_branch_labels.py
[2023-03-20T11:14:32.707+0000] {processor.py:743} INFO - Processing file /home/airflow/.local/lib/python3.7/site-packages/airflow/example_dags/example_branch_labels.py for tasks to queue
[2023-03-20T11:14:32.708+0000] {logging_mixin.py:137} INFO - [2023-03-20T11:14:32.708+0000] {dagbag.py:532} INFO - Filling up the DagBag from /home/airflow/.local/lib/python3.7/site-packages/airflow/example_dags/example_branch_labels.py
[2023-03-20T11:14:32.719+0000] {processor.py:753} INFO - DAG(s) dict_keys(['example_branch_labels']) retrieved from /home/airflow/.local/lib/python3.7/site-packages/airflow/example_dags/example_branch_labels.py
[2023-03-20T11:14:32.735+0000] {logging_mixin.py:137} INFO - [2023-03-20T11:14:32.734+0000] {dag.py:2693} INFO - Sync 1 DAGs
[2023-03-20T11:14:32.755+0000] {logging_mixin.py:137} INFO - [2023-03-20T11:14:32.755+0000] {dag.py:3444} INFO - Setting next_dagrun for example_branch_labels to 2023-03-19T00:00:00+00:00, run_after=2023-03-20T00:00:00+00:00
[2023-03-20T11:14:32.768+0000] {processor.py:175} INFO - Processing /home/airflow/.local/lib/python3.7/site-packages/airflow/example_dags/example_branch_labels.py took 0.066 seconds
[2023-03-20T11:15:03.334+0000] {processor.py:153} INFO - Started process (PID=195) to work on /home/airflow/.local/lib/python3.7/site-packages/airflow/example_dags/example_branch_labels.py
[2023-03-20T11:15:03.336+0000] {processor.py:743} INFO - Processing file /home/airflow/.local/lib/python3.7/site-packages/airflow/example_dags/example_branch_labels.py for tasks to queue
[2023-03-20T11:15:03.336+0000] {logging_mixin.py:137} INFO - [2023-03-20T11:15:03.336+0000] {dagbag.py:532} INFO - Filling up the DagBag from /home/airflow/.local/lib/python3.7/site-packages/airflow/example_dags/example_branch_labels.py
[2023-03-20T11:15:03.348+0000] {processor.py:753} INFO - DAG(s) dict_keys(['example_branch_labels']) retrieved from /home/airflow/.local/lib/python3.7/site-packages/airflow/example_dags/example_branch_labels.py
[2023-03-20T11:15:03.369+0000] {logging_mixin.py:137} INFO - [2023-03-20T11:15:03.369+0000] {dag.py:2693} INFO - Sync 1 DAGs
[2023-03-20T11:15:03.389+0000] {logging_mixin.py:137} INFO - [2023-03-20T11:15:03.389+0000] {dag.py:3444} INFO - Setting next_dagrun for example_branch_labels to 2023-03-19T00:00:00+00:00, run_after=2023-03-20T00:00:00+00:00
[2023-03-20T11:15:03.402+0000] {processor.py:175} INFO - Processing /home/airflow/.local/lib/python3.7/site-packages/airflow/example_dags/example_branch_labels.py took 0.071 seconds
[2023-03-20T11:15:34.219+0000] {processor.py:153} INFO - Started process (PID=244) to work on /home/airflow/.local/lib/python3.7/site-packages/airflow/example_dags/example_branch_labels.py
[2023-03-20T11:15:34.220+0000] {processor.py:743} INFO - Processing file /home/airflow/.local/lib/python3.7/site-packages/airflow/example_dags/example_branch_labels.py for tasks to queue
[2023-03-20T11:15:34.221+0000] {logging_mixin.py:137} INFO - [2023-03-20T11:15:34.221+0000] {dagbag.py:532} INFO - Filling up the DagBag from /home/airflow/.local/lib/python3.7/site-packages/airflow/example_dags/example_branch_labels.py
[2023-03-20T11:15:34.233+0000] {processor.py:753} INFO - DAG(s) dict_keys(['example_branch_labels']) retrieved from /home/airflow/.local/lib/python3.7/site-packages/airflow/example_dags/example_branch_labels.py
[2023-03-20T11:15:34.256+0000] {logging_mixin.py:137} INFO - [2023-03-20T11:15:34.256+0000] {dag.py:2693} INFO - Sync 1 DAGs
[2023-03-20T11:15:34.279+0000] {logging_mixin.py:137} INFO - [2023-03-20T11:15:34.279+0000] {dag.py:3444} INFO - Setting next_dagrun for example_branch_labels to 2023-03-19T00:00:00+00:00, run_after=2023-03-20T00:00:00+00:00
[2023-03-20T11:15:34.295+0000] {processor.py:175} INFO - Processing /home/airflow/.local/lib/python3.7/site-packages/airflow/example_dags/example_branch_labels.py took 0.080 seconds
[2023-03-20T11:16:04.716+0000] {processor.py:153} INFO - Started process (PID=293) to work on /home/airflow/.local/lib/python3.7/site-packages/airflow/example_dags/example_branch_labels.py
[2023-03-20T11:16:04.717+0000] {processor.py:743} INFO - Processing file /home/airflow/.local/lib/python3.7/site-packages/airflow/example_dags/example_branch_labels.py for tasks to queue
[2023-03-20T11:16:04.718+0000] {logging_mixin.py:137} INFO - [2023-03-20T11:16:04.718+0000] {dagbag.py:532} INFO - Filling up the DagBag from /home/airflow/.local/lib/python3.7/site-packages/airflow/example_dags/example_branch_labels.py
[2023-03-20T11:16:04.728+0000] {processor.py:753} INFO - DAG(s) dict_keys(['example_branch_labels']) retrieved from /home/airflow/.local/lib/python3.7/site-packages/airflow/example_dags/example_branch_labels.py
[2023-03-20T11:16:04.748+0000] {logging_mixin.py:137} INFO - [2023-03-20T11:16:04.748+0000] {dag.py:2693} INFO - Sync 1 DAGs
[2023-03-20T11:16:04.763+0000] {logging_mixin.py:137} INFO - [2023-03-20T11:16:04.763+0000] {dag.py:3444} INFO - Setting next_dagrun for example_branch_labels to 2023-03-19T00:00:00+00:00, run_after=2023-03-20T00:00:00+00:00
[2023-03-20T11:16:04.773+0000] {processor.py:175} INFO - Processing /home/airflow/.local/lib/python3.7/site-packages/airflow/example_dags/example_branch_labels.py took 0.060 seconds
[2023-03-20T11:16:35.160+0000] {processor.py:153} INFO - Started process (PID=342) to work on /home/airflow/.local/lib/python3.7/site-packages/airflow/example_dags/example_branch_labels.py
[2023-03-20T11:16:35.162+0000] {processor.py:743} INFO - Processing file /home/airflow/.local/lib/python3.7/site-packages/airflow/example_dags/example_branch_labels.py for tasks to queue
[2023-03-20T11:16:35.164+0000] {logging_mixin.py:137} INFO - [2023-03-20T11:16:35.163+0000] {dagbag.py:532} INFO - Filling up the DagBag from /home/airflow/.local/lib/python3.7/site-packages/airflow/example_dags/example_branch_labels.py
[2023-03-20T11:16:35.175+0000] {processor.py:753} INFO - DAG(s) dict_keys(['example_branch_labels']) retrieved from /home/airflow/.local/lib/python3.7/site-packages/airflow/example_dags/example_branch_labels.py
[2023-03-20T11:16:35.198+0000] {logging_mixin.py:137} INFO - [2023-03-20T11:16:35.198+0000] {dag.py:2693} INFO - Sync 1 DAGs
[2023-03-20T11:16:35.215+0000] {logging_mixin.py:137} INFO - [2023-03-20T11:16:35.215+0000] {dag.py:3444} INFO - Setting next_dagrun for example_branch_labels to 2023-03-19T00:00:00+00:00, run_after=2023-03-20T00:00:00+00:00
[2023-03-20T11:16:35.227+0000] {processor.py:175} INFO - Processing /home/airflow/.local/lib/python3.7/site-packages/airflow/example_dags/example_branch_labels.py took 0.069 seconds
[2023-03-20T11:17:05.645+0000] {processor.py:153} INFO - Started process (PID=391) to work on /home/airflow/.local/lib/python3.7/site-packages/airflow/example_dags/example_branch_labels.py
[2023-03-20T11:17:05.646+0000] {processor.py:743} INFO - Processing file /home/airflow/.local/lib/python3.7/site-packages/airflow/example_dags/example_branch_labels.py for tasks to queue
[2023-03-20T11:17:05.647+0000] {logging_mixin.py:137} INFO - [2023-03-20T11:17:05.647+0000] {dagbag.py:532} INFO - Filling up the DagBag from /home/airflow/.local/lib/python3.7/site-packages/airflow/example_dags/example_branch_labels.py
[2023-03-20T11:17:05.659+0000] {processor.py:753} INFO - DAG(s) dict_keys(['example_branch_labels']) retrieved from /home/airflow/.local/lib/python3.7/site-packages/airflow/example_dags/example_branch_labels.py
[2023-03-20T11:17:05.682+0000] {logging_mixin.py:137} INFO - [2023-03-20T11:17:05.682+0000] {dag.py:2693} INFO - Sync 1 DAGs
[2023-03-20T11:17:05.700+0000] {logging_mixin.py:137} INFO - [2023-03-20T11:17:05.700+0000] {dag.py:3444} INFO - Setting next_dagrun for example_branch_labels to 2023-03-19T00:00:00+00:00, run_after=2023-03-20T00:00:00+00:00
[2023-03-20T11:17:05.714+0000] {processor.py:175} INFO - Processing /home/airflow/.local/lib/python3.7/site-packages/airflow/example_dags/example_branch_labels.py took 0.072 seconds
[2023-03-20T11:17:36.604+0000] {processor.py:153} INFO - Started process (PID=440) to work on /home/airflow/.local/lib/python3.7/site-packages/airflow/example_dags/example_branch_labels.py
[2023-03-20T11:17:36.606+0000] {processor.py:743} INFO - Processing file /home/airflow/.local/lib/python3.7/site-packages/airflow/example_dags/example_branch_labels.py for tasks to queue
[2023-03-20T11:17:36.606+0000] {logging_mixin.py:137} INFO - [2023-03-20T11:17:36.606+0000] {dagbag.py:532} INFO - Filling up the DagBag from /home/airflow/.local/lib/python3.7/site-packages/airflow/example_dags/example_branch_labels.py
[2023-03-20T11:17:36.617+0000] {processor.py:753} INFO - DAG(s) dict_keys(['example_branch_labels']) retrieved from /home/airflow/.local/lib/python3.7/site-packages/airflow/example_dags/example_branch_labels.py
[2023-03-20T11:17:36.641+0000] {logging_mixin.py:137} INFO - [2023-03-20T11:17:36.641+0000] {dag.py:2693} INFO - Sync 1 DAGs
[2023-03-20T11:17:36.657+0000] {logging_mixin.py:137} INFO - [2023-03-20T11:17:36.657+0000] {dag.py:3444} INFO - Setting next_dagrun for example_branch_labels to 2023-03-19T00:00:00+00:00, run_after=2023-03-20T00:00:00+00:00
[2023-03-20T11:17:36.669+0000] {processor.py:175} INFO - Processing /home/airflow/.local/lib/python3.7/site-packages/airflow/example_dags/example_branch_labels.py took 0.067 seconds
[2023-03-20T11:18:07.025+0000] {processor.py:153} INFO - Started process (PID=489) to work on /home/airflow/.local/lib/python3.7/site-packages/airflow/example_dags/example_branch_labels.py
[2023-03-20T11:18:07.027+0000] {processor.py:743} INFO - Processing file /home/airflow/.local/lib/python3.7/site-packages/airflow/example_dags/example_branch_labels.py for tasks to queue
[2023-03-20T11:18:07.028+0000] {logging_mixin.py:137} INFO - [2023-03-20T11:18:07.028+0000] {dagbag.py:532} INFO - Filling up the DagBag from /home/airflow/.local/lib/python3.7/site-packages/airflow/example_dags/example_branch_labels.py
[2023-03-20T11:18:07.040+0000] {processor.py:753} INFO - DAG(s) dict_keys(['example_branch_labels']) retrieved from /home/airflow/.local/lib/python3.7/site-packages/airflow/example_dags/example_branch_labels.py
[2023-03-20T11:18:07.063+0000] {logging_mixin.py:137} INFO - [2023-03-20T11:18:07.063+0000] {dag.py:2693} INFO - Sync 1 DAGs
[2023-03-20T11:18:07.081+0000] {logging_mixin.py:137} INFO - [2023-03-20T11:18:07.080+0000] {dag.py:3444} INFO - Setting next_dagrun for example_branch_labels to 2023-03-19T00:00:00+00:00, run_after=2023-03-20T00:00:00+00:00
[2023-03-20T11:18:07.093+0000] {processor.py:175} INFO - Processing /home/airflow/.local/lib/python3.7/site-packages/airflow/example_dags/example_branch_labels.py took 0.071 seconds
[2023-03-20T11:18:37.925+0000] {processor.py:153} INFO - Started process (PID=538) to work on /home/airflow/.local/lib/python3.7/site-packages/airflow/example_dags/example_branch_labels.py
[2023-03-20T11:18:37.926+0000] {processor.py:743} INFO - Processing file /home/airflow/.local/lib/python3.7/site-packages/airflow/example_dags/example_branch_labels.py for tasks to queue
[2023-03-20T11:18:37.927+0000] {logging_mixin.py:137} INFO - [2023-03-20T11:18:37.927+0000] {dagbag.py:532} INFO - Filling up the DagBag from /home/airflow/.local/lib/python3.7/site-packages/airflow/example_dags/example_branch_labels.py
[2023-03-20T11:18:37.938+0000] {processor.py:753} INFO - DAG(s) dict_keys(['example_branch_labels']) retrieved from /home/airflow/.local/lib/python3.7/site-packages/airflow/example_dags/example_branch_labels.py
[2023-03-20T11:18:37.960+0000] {logging_mixin.py:137} INFO - [2023-03-20T11:18:37.960+0000] {dag.py:2693} INFO - Sync 1 DAGs
[2023-03-20T11:18:37.976+0000] {logging_mixin.py:137} INFO - [2023-03-20T11:18:37.976+0000] {dag.py:3444} INFO - Setting next_dagrun for example_branch_labels to 2023-03-19T00:00:00+00:00, run_after=2023-03-20T00:00:00+00:00
[2023-03-20T11:18:37.987+0000] {processor.py:175} INFO - Processing /home/airflow/.local/lib/python3.7/site-packages/airflow/example_dags/example_branch_labels.py took 0.065 seconds
[2023-03-20T11:19:08.317+0000] {processor.py:153} INFO - Started process (PID=587) to work on /home/airflow/.local/lib/python3.7/site-packages/airflow/example_dags/example_branch_labels.py
[2023-03-20T11:19:08.318+0000] {processor.py:743} INFO - Processing file /home/airflow/.local/lib/python3.7/site-packages/airflow/example_dags/example_branch_labels.py for tasks to queue
[2023-03-20T11:19:08.319+0000] {logging_mixin.py:137} INFO - [2023-03-20T11:19:08.319+0000] {dagbag.py:532} INFO - Filling up the DagBag from /home/airflow/.local/lib/python3.7/site-packages/airflow/example_dags/example_branch_labels.py
[2023-03-20T11:19:08.330+0000] {processor.py:753} INFO - DAG(s) dict_keys(['example_branch_labels']) retrieved from /home/airflow/.local/lib/python3.7/site-packages/airflow/example_dags/example_branch_labels.py
[2023-03-20T11:19:08.352+0000] {logging_mixin.py:137} INFO - [2023-03-20T11:19:08.352+0000] {dag.py:2693} INFO - Sync 1 DAGs
[2023-03-20T11:19:08.368+0000] {logging_mixin.py:137} INFO - [2023-03-20T11:19:08.368+0000] {dag.py:3444} INFO - Setting next_dagrun for example_branch_labels to 2023-03-19T00:00:00+00:00, run_after=2023-03-20T00:00:00+00:00
[2023-03-20T11:19:08.379+0000] {processor.py:175} INFO - Processing /home/airflow/.local/lib/python3.7/site-packages/airflow/example_dags/example_branch_labels.py took 0.066 seconds
[2023-03-20T11:19:38.668+0000] {processor.py:153} INFO - Started process (PID=636) to work on /home/airflow/.local/lib/python3.7/site-packages/airflow/example_dags/example_branch_labels.py
[2023-03-20T11:19:38.670+0000] {processor.py:743} INFO - Processing file /home/airflow/.local/lib/python3.7/site-packages/airflow/example_dags/example_branch_labels.py for tasks to queue
[2023-03-20T11:19:38.670+0000] {logging_mixin.py:137} INFO - [2023-03-20T11:19:38.670+0000] {dagbag.py:532} INFO - Filling up the DagBag from /home/airflow/.local/lib/python3.7/site-packages/airflow/example_dags/example_branch_labels.py
[2023-03-20T11:19:38.682+0000] {processor.py:753} INFO - DAG(s) dict_keys(['example_branch_labels']) retrieved from /home/airflow/.local/lib/python3.7/site-packages/airflow/example_dags/example_branch_labels.py
[2023-03-20T11:19:38.703+0000] {logging_mixin.py:137} INFO - [2023-03-20T11:19:38.703+0000] {dag.py:2693} INFO - Sync 1 DAGs
[2023-03-20T11:19:38.720+0000] {logging_mixin.py:137} INFO - [2023-03-20T11:19:38.720+0000] {dag.py:3444} INFO - Setting next_dagrun for example_branch_labels to 2023-03-19T00:00:00+00:00, run_after=2023-03-20T00:00:00+00:00
[2023-03-20T11:19:38.731+0000] {processor.py:175} INFO - Processing /home/airflow/.local/lib/python3.7/site-packages/airflow/example_dags/example_branch_labels.py took 0.066 seconds
[2023-03-20T11:20:09.032+0000] {processor.py:153} INFO - Started process (PID=685) to work on /home/airflow/.local/lib/python3.7/site-packages/airflow/example_dags/example_branch_labels.py
[2023-03-20T11:20:09.033+0000] {processor.py:743} INFO - Processing file /home/airflow/.local/lib/python3.7/site-packages/airflow/example_dags/example_branch_labels.py for tasks to queue
[2023-03-20T11:20:09.034+0000] {logging_mixin.py:137} INFO - [2023-03-20T11:20:09.034+0000] {dagbag.py:532} INFO - Filling up the DagBag from /home/airflow/.local/lib/python3.7/site-packages/airflow/example_dags/example_branch_labels.py
[2023-03-20T11:20:09.045+0000] {processor.py:753} INFO - DAG(s) dict_keys(['example_branch_labels']) retrieved from /home/airflow/.local/lib/python3.7/site-packages/airflow/example_dags/example_branch_labels.py
[2023-03-20T11:20:09.066+0000] {logging_mixin.py:137} INFO - [2023-03-20T11:20:09.066+0000] {dag.py:2693} INFO - Sync 1 DAGs
[2023-03-20T11:20:09.082+0000] {logging_mixin.py:137} INFO - [2023-03-20T11:20:09.082+0000] {dag.py:3444} INFO - Setting next_dagrun for example_branch_labels to 2023-03-19T00:00:00+00:00, run_after=2023-03-20T00:00:00+00:00
[2023-03-20T11:20:09.093+0000] {processor.py:175} INFO - Processing /home/airflow/.local/lib/python3.7/site-packages/airflow/example_dags/example_branch_labels.py took 0.064 seconds
[2023-03-20T11:20:39.504+0000] {processor.py:153} INFO - Started process (PID=734) to work on /home/airflow/.local/lib/python3.7/site-packages/airflow/example_dags/example_branch_labels.py
[2023-03-20T11:20:39.505+0000] {processor.py:743} INFO - Processing file /home/airflow/.local/lib/python3.7/site-packages/airflow/example_dags/example_branch_labels.py for tasks to queue
[2023-03-20T11:20:39.506+0000] {logging_mixin.py:137} INFO - [2023-03-20T11:20:39.506+0000] {dagbag.py:532} INFO - Filling up the DagBag from /home/airflow/.local/lib/python3.7/site-packages/airflow/example_dags/example_branch_labels.py
[2023-03-20T11:20:39.518+0000] {processor.py:753} INFO - DAG(s) dict_keys(['example_branch_labels']) retrieved from /home/airflow/.local/lib/python3.7/site-packages/airflow/example_dags/example_branch_labels.py
[2023-03-20T11:20:39.540+0000] {logging_mixin.py:137} INFO - [2023-03-20T11:20:39.540+0000] {dag.py:2693} INFO - Sync 1 DAGs
[2023-03-20T11:20:39.556+0000] {logging_mixin.py:137} INFO - [2023-03-20T11:20:39.556+0000] {dag.py:3444} INFO - Setting next_dagrun for example_branch_labels to 2023-03-19T00:00:00+00:00, run_after=2023-03-20T00:00:00+00:00
[2023-03-20T11:20:39.567+0000] {processor.py:175} INFO - Processing /home/airflow/.local/lib/python3.7/site-packages/airflow/example_dags/example_branch_labels.py took 0.066 seconds
[2023-03-20T11:21:09.808+0000] {processor.py:153} INFO - Started process (PID=783) to work on /home/airflow/.local/lib/python3.7/site-packages/airflow/example_dags/example_branch_labels.py
[2023-03-20T11:21:09.809+0000] {processor.py:743} INFO - Processing file /home/airflow/.local/lib/python3.7/site-packages/airflow/example_dags/example_branch_labels.py for tasks to queue
[2023-03-20T11:21:09.810+0000] {logging_mixin.py:137} INFO - [2023-03-20T11:21:09.810+0000] {dagbag.py:532} INFO - Filling up the DagBag from /home/airflow/.local/lib/python3.7/site-packages/airflow/example_dags/example_branch_labels.py
[2023-03-20T11:21:09.820+0000] {processor.py:753} INFO - DAG(s) dict_keys(['example_branch_labels']) retrieved from /home/airflow/.local/lib/python3.7/site-packages/airflow/example_dags/example_branch_labels.py
[2023-03-20T11:21:09.841+0000] {logging_mixin.py:137} INFO - [2023-03-20T11:21:09.841+0000] {dag.py:2693} INFO - Sync 1 DAGs
[2023-03-20T11:21:09.856+0000] {logging_mixin.py:137} INFO - [2023-03-20T11:21:09.856+0000] {dag.py:3444} INFO - Setting next_dagrun for example_branch_labels to 2023-03-19T00:00:00+00:00, run_after=2023-03-20T00:00:00+00:00
[2023-03-20T11:21:09.867+0000] {processor.py:175} INFO - Processing /home/airflow/.local/lib/python3.7/site-packages/airflow/example_dags/example_branch_labels.py took 0.063 seconds
[2023-03-20T11:21:40.215+0000] {processor.py:153} INFO - Started process (PID=832) to work on /home/airflow/.local/lib/python3.7/site-packages/airflow/example_dags/example_branch_labels.py
[2023-03-20T11:21:40.216+0000] {processor.py:743} INFO - Processing file /home/airflow/.local/lib/python3.7/site-packages/airflow/example_dags/example_branch_labels.py for tasks to queue
[2023-03-20T11:21:40.217+0000] {logging_mixin.py:137} INFO - [2023-03-20T11:21:40.217+0000] {dagbag.py:532} INFO - Filling up the DagBag from /home/airflow/.local/lib/python3.7/site-packages/airflow/example_dags/example_branch_labels.py
[2023-03-20T11:21:40.229+0000] {processor.py:753} INFO - DAG(s) dict_keys(['example_branch_labels']) retrieved from /home/airflow/.local/lib/python3.7/site-packages/airflow/example_dags/example_branch_labels.py
[2023-03-20T11:21:40.250+0000] {logging_mixin.py:137} INFO - [2023-03-20T11:21:40.250+0000] {dag.py:2693} INFO - Sync 1 DAGs
[2023-03-20T11:21:40.267+0000] {logging_mixin.py:137} INFO - [2023-03-20T11:21:40.267+0000] {dag.py:3444} INFO - Setting next_dagrun for example_branch_labels to 2023-03-19T00:00:00+00:00, run_after=2023-03-20T00:00:00+00:00
[2023-03-20T11:21:40.278+0000] {processor.py:175} INFO - Processing /home/airflow/.local/lib/python3.7/site-packages/airflow/example_dags/example_branch_labels.py took 0.066 seconds
[2023-03-20T11:22:10.542+0000] {processor.py:153} INFO - Started process (PID=881) to work on /home/airflow/.local/lib/python3.7/site-packages/airflow/example_dags/example_branch_labels.py
[2023-03-20T11:22:10.544+0000] {processor.py:743} INFO - Processing file /home/airflow/.local/lib/python3.7/site-packages/airflow/example_dags/example_branch_labels.py for tasks to queue
[2023-03-20T11:22:10.544+0000] {logging_mixin.py:137} INFO - [2023-03-20T11:22:10.544+0000] {dagbag.py:532} INFO - Filling up the DagBag from /home/airflow/.local/lib/python3.7/site-packages/airflow/example_dags/example_branch_labels.py
[2023-03-20T11:22:10.555+0000] {processor.py:753} INFO - DAG(s) dict_keys(['example_branch_labels']) retrieved from /home/airflow/.local/lib/python3.7/site-packages/airflow/example_dags/example_branch_labels.py
[2023-03-20T11:22:10.574+0000] {logging_mixin.py:137} INFO - [2023-03-20T11:22:10.574+0000] {dag.py:2693} INFO - Sync 1 DAGs
[2023-03-20T11:22:10.591+0000] {logging_mixin.py:137} INFO - [2023-03-20T11:22:10.590+0000] {dag.py:3444} INFO - Setting next_dagrun for example_branch_labels to 2023-03-19T00:00:00+00:00, run_after=2023-03-20T00:00:00+00:00
[2023-03-20T11:22:10.603+0000] {processor.py:175} INFO - Processing /home/airflow/.local/lib/python3.7/site-packages/airflow/example_dags/example_branch_labels.py took 0.065 seconds
[2023-03-20T11:22:41.177+0000] {processor.py:153} INFO - Started process (PID=930) to work on /home/airflow/.local/lib/python3.7/site-packages/airflow/example_dags/example_branch_labels.py
[2023-03-20T11:22:41.178+0000] {processor.py:743} INFO - Processing file /home/airflow/.local/lib/python3.7/site-packages/airflow/example_dags/example_branch_labels.py for tasks to queue
[2023-03-20T11:22:41.179+0000] {logging_mixin.py:137} INFO - [2023-03-20T11:22:41.179+0000] {dagbag.py:532} INFO - Filling up the DagBag from /home/airflow/.local/lib/python3.7/site-packages/airflow/example_dags/example_branch_labels.py
[2023-03-20T11:22:41.190+0000] {processor.py:753} INFO - DAG(s) dict_keys(['example_branch_labels']) retrieved from /home/airflow/.local/lib/python3.7/site-packages/airflow/example_dags/example_branch_labels.py
[2023-03-20T11:22:41.211+0000] {logging_mixin.py:137} INFO - [2023-03-20T11:22:41.211+0000] {dag.py:2693} INFO - Sync 1 DAGs
[2023-03-20T11:22:41.228+0000] {logging_mixin.py:137} INFO - [2023-03-20T11:22:41.228+0000] {dag.py:3444} INFO - Setting next_dagrun for example_branch_labels to 2023-03-19T00:00:00+00:00, run_after=2023-03-20T00:00:00+00:00
[2023-03-20T11:22:41.238+0000] {processor.py:175} INFO - Processing /home/airflow/.local/lib/python3.7/site-packages/airflow/example_dags/example_branch_labels.py took 0.065 seconds
[2023-03-20T11:23:11.839+0000] {processor.py:153} INFO - Started process (PID=979) to work on /home/airflow/.local/lib/python3.7/site-packages/airflow/example_dags/example_branch_labels.py
[2023-03-20T11:23:11.840+0000] {processor.py:743} INFO - Processing file /home/airflow/.local/lib/python3.7/site-packages/airflow/example_dags/example_branch_labels.py for tasks to queue
[2023-03-20T11:23:11.841+0000] {logging_mixin.py:137} INFO - [2023-03-20T11:23:11.841+0000] {dagbag.py:532} INFO - Filling up the DagBag from /home/airflow/.local/lib/python3.7/site-packages/airflow/example_dags/example_branch_labels.py
[2023-03-20T11:23:11.852+0000] {processor.py:753} INFO - DAG(s) dict_keys(['example_branch_labels']) retrieved from /home/airflow/.local/lib/python3.7/site-packages/airflow/example_dags/example_branch_labels.py
[2023-03-20T11:23:11.873+0000] {logging_mixin.py:137} INFO - [2023-03-20T11:23:11.872+0000] {dag.py:2693} INFO - Sync 1 DAGs
[2023-03-20T11:23:11.889+0000] {logging_mixin.py:137} INFO - [2023-03-20T11:23:11.889+0000] {dag.py:3444} INFO - Setting next_dagrun for example_branch_labels to 2023-03-19T00:00:00+00:00, run_after=2023-03-20T00:00:00+00:00
[2023-03-20T11:23:11.900+0000] {processor.py:175} INFO - Processing /home/airflow/.local/lib/python3.7/site-packages/airflow/example_dags/example_branch_labels.py took 0.064 seconds
[2023-03-20T11:23:42.380+0000] {processor.py:153} INFO - Started process (PID=1028) to work on /home/airflow/.local/lib/python3.7/site-packages/airflow/example_dags/example_branch_labels.py
[2023-03-20T11:23:42.381+0000] {processor.py:743} INFO - Processing file /home/airflow/.local/lib/python3.7/site-packages/airflow/example_dags/example_branch_labels.py for tasks to queue
[2023-03-20T11:23:42.382+0000] {logging_mixin.py:137} INFO - [2023-03-20T11:23:42.382+0000] {dagbag.py:532} INFO - Filling up the DagBag from /home/airflow/.local/lib/python3.7/site-packages/airflow/example_dags/example_branch_labels.py
[2023-03-20T11:23:42.393+0000] {processor.py:753} INFO - DAG(s) dict_keys(['example_branch_labels']) retrieved from /home/airflow/.local/lib/python3.7/site-packages/airflow/example_dags/example_branch_labels.py
[2023-03-20T11:23:42.415+0000] {logging_mixin.py:137} INFO - [2023-03-20T11:23:42.415+0000] {dag.py:2693} INFO - Sync 1 DAGs
[2023-03-20T11:23:42.432+0000] {logging_mixin.py:137} INFO - [2023-03-20T11:23:42.432+0000] {dag.py:3444} INFO - Setting next_dagrun for example_branch_labels to 2023-03-19T00:00:00+00:00, run_after=2023-03-20T00:00:00+00:00
[2023-03-20T11:23:42.443+0000] {processor.py:175} INFO - Processing /home/airflow/.local/lib/python3.7/site-packages/airflow/example_dags/example_branch_labels.py took 0.066 seconds
