[2023-03-20T11:13:33.592+0000] {processor.py:153} INFO - Started process (PID=69) to work on /home/airflow/.local/lib/python3.7/site-packages/airflow/example_dags/example_dag_decorator.py
[2023-03-20T11:13:33.595+0000] {processor.py:743} INFO - Processing file /home/airflow/.local/lib/python3.7/site-packages/airflow/example_dags/example_dag_decorator.py for tasks to queue
[2023-03-20T11:13:33.596+0000] {logging_mixin.py:137} INFO - [2023-03-20T11:13:33.596+0000] {dagbag.py:532} INFO - Filling up the DagBag from /home/airflow/.local/lib/python3.7/site-packages/airflow/example_dags/example_dag_decorator.py
[2023-03-20T11:13:33.647+0000] {logging_mixin.py:137} INFO - [2023-03-20T11:13:33.647+0000] {taskmixin.py:211} WARNING - Dependency <Task(_PythonDecoratedOperator): prepare_email>, send_email already registered for DAG: example_dag_decorator
[2023-03-20T11:13:33.650+0000] {logging_mixin.py:137} INFO - [2023-03-20T11:13:33.650+0000] {taskmixin.py:211} WARNING - Dependency <Task(EmailOperator): send_email>, prepare_email already registered for DAG: example_dag_decorator
[2023-03-20T11:13:33.692+0000] {processor.py:753} INFO - DAG(s) dict_keys(['example_dag_decorator']) retrieved from /home/airflow/.local/lib/python3.7/site-packages/airflow/example_dags/example_dag_decorator.py
[2023-03-20T11:13:33.732+0000] {logging_mixin.py:137} INFO - [2023-03-20T11:13:33.732+0000] {dag.py:2693} INFO - Sync 1 DAGs
[2023-03-20T11:13:33.778+0000] {logging_mixin.py:137} INFO - [2023-03-20T11:13:33.778+0000] {dag.py:3444} INFO - Setting next_dagrun for example_dag_decorator to None, run_after=None
[2023-03-20T11:13:33.799+0000] {processor.py:175} INFO - Processing /home/airflow/.local/lib/python3.7/site-packages/airflow/example_dags/example_dag_decorator.py took 0.210 seconds
[2023-03-20T11:14:03.921+0000] {processor.py:153} INFO - Started process (PID=118) to work on /home/airflow/.local/lib/python3.7/site-packages/airflow/example_dags/example_dag_decorator.py
[2023-03-20T11:14:03.922+0000] {processor.py:743} INFO - Processing file /home/airflow/.local/lib/python3.7/site-packages/airflow/example_dags/example_dag_decorator.py for tasks to queue
[2023-03-20T11:14:03.923+0000] {logging_mixin.py:137} INFO - [2023-03-20T11:14:03.923+0000] {dagbag.py:532} INFO - Filling up the DagBag from /home/airflow/.local/lib/python3.7/site-packages/airflow/example_dags/example_dag_decorator.py
[2023-03-20T11:14:03.936+0000] {logging_mixin.py:137} INFO - [2023-03-20T11:14:03.936+0000] {taskmixin.py:211} WARNING - Dependency <Task(_PythonDecoratedOperator): prepare_email>, send_email already registered for DAG: example_dag_decorator
[2023-03-20T11:14:03.937+0000] {logging_mixin.py:137} INFO - [2023-03-20T11:14:03.937+0000] {taskmixin.py:211} WARNING - Dependency <Task(EmailOperator): send_email>, prepare_email already registered for DAG: example_dag_decorator
[2023-03-20T11:14:03.947+0000] {processor.py:753} INFO - DAG(s) dict_keys(['example_dag_decorator']) retrieved from /home/airflow/.local/lib/python3.7/site-packages/airflow/example_dags/example_dag_decorator.py
[2023-03-20T11:14:03.999+0000] {logging_mixin.py:137} INFO - [2023-03-20T11:14:03.999+0000] {dag.py:2693} INFO - Sync 1 DAGs
[2023-03-20T11:14:04.015+0000] {logging_mixin.py:137} INFO - [2023-03-20T11:14:04.014+0000] {dag.py:3444} INFO - Setting next_dagrun for example_dag_decorator to None, run_after=None
[2023-03-20T11:14:04.031+0000] {processor.py:175} INFO - Processing /home/airflow/.local/lib/python3.7/site-packages/airflow/example_dags/example_dag_decorator.py took 0.113 seconds
[2023-03-20T11:14:34.982+0000] {processor.py:153} INFO - Started process (PID=168) to work on /home/airflow/.local/lib/python3.7/site-packages/airflow/example_dags/example_dag_decorator.py
[2023-03-20T11:14:34.984+0000] {processor.py:743} INFO - Processing file /home/airflow/.local/lib/python3.7/site-packages/airflow/example_dags/example_dag_decorator.py for tasks to queue
[2023-03-20T11:14:34.985+0000] {logging_mixin.py:137} INFO - [2023-03-20T11:14:34.985+0000] {dagbag.py:532} INFO - Filling up the DagBag from /home/airflow/.local/lib/python3.7/site-packages/airflow/example_dags/example_dag_decorator.py
[2023-03-20T11:14:35.013+0000] {logging_mixin.py:137} INFO - [2023-03-20T11:14:35.013+0000] {taskmixin.py:211} WARNING - Dependency <Task(_PythonDecoratedOperator): prepare_email>, send_email already registered for DAG: example_dag_decorator
[2023-03-20T11:14:35.015+0000] {logging_mixin.py:137} INFO - [2023-03-20T11:14:35.015+0000] {taskmixin.py:211} WARNING - Dependency <Task(EmailOperator): send_email>, prepare_email already registered for DAG: example_dag_decorator
[2023-03-20T11:14:35.043+0000] {processor.py:753} INFO - DAG(s) dict_keys(['example_dag_decorator']) retrieved from /home/airflow/.local/lib/python3.7/site-packages/airflow/example_dags/example_dag_decorator.py
[2023-03-20T11:14:35.060+0000] {logging_mixin.py:137} INFO - [2023-03-20T11:14:35.060+0000] {dag.py:2693} INFO - Sync 1 DAGs
[2023-03-20T11:14:35.084+0000] {logging_mixin.py:137} INFO - [2023-03-20T11:14:35.084+0000] {dag.py:3444} INFO - Setting next_dagrun for example_dag_decorator to None, run_after=None
[2023-03-20T11:14:35.105+0000] {processor.py:175} INFO - Processing /home/airflow/.local/lib/python3.7/site-packages/airflow/example_dags/example_dag_decorator.py took 0.129 seconds
[2023-03-20T11:15:05.851+0000] {processor.py:153} INFO - Started process (PID=217) to work on /home/airflow/.local/lib/python3.7/site-packages/airflow/example_dags/example_dag_decorator.py
[2023-03-20T11:15:05.853+0000] {processor.py:743} INFO - Processing file /home/airflow/.local/lib/python3.7/site-packages/airflow/example_dags/example_dag_decorator.py for tasks to queue
[2023-03-20T11:15:05.855+0000] {logging_mixin.py:137} INFO - [2023-03-20T11:15:05.855+0000] {dagbag.py:532} INFO - Filling up the DagBag from /home/airflow/.local/lib/python3.7/site-packages/airflow/example_dags/example_dag_decorator.py
[2023-03-20T11:15:05.876+0000] {logging_mixin.py:137} INFO - [2023-03-20T11:15:05.876+0000] {taskmixin.py:211} WARNING - Dependency <Task(_PythonDecoratedOperator): prepare_email>, send_email already registered for DAG: example_dag_decorator
[2023-03-20T11:15:05.877+0000] {logging_mixin.py:137} INFO - [2023-03-20T11:15:05.877+0000] {taskmixin.py:211} WARNING - Dependency <Task(EmailOperator): send_email>, prepare_email already registered for DAG: example_dag_decorator
[2023-03-20T11:15:05.889+0000] {processor.py:753} INFO - DAG(s) dict_keys(['example_dag_decorator']) retrieved from /home/airflow/.local/lib/python3.7/site-packages/airflow/example_dags/example_dag_decorator.py
[2023-03-20T11:15:05.934+0000] {logging_mixin.py:137} INFO - [2023-03-20T11:15:05.934+0000] {dag.py:2693} INFO - Sync 1 DAGs
[2023-03-20T11:15:05.950+0000] {logging_mixin.py:137} INFO - [2023-03-20T11:15:05.950+0000] {dag.py:3444} INFO - Setting next_dagrun for example_dag_decorator to None, run_after=None
[2023-03-20T11:15:05.964+0000] {processor.py:175} INFO - Processing /home/airflow/.local/lib/python3.7/site-packages/airflow/example_dags/example_dag_decorator.py took 0.121 seconds
[2023-03-20T11:15:36.401+0000] {processor.py:153} INFO - Started process (PID=266) to work on /home/airflow/.local/lib/python3.7/site-packages/airflow/example_dags/example_dag_decorator.py
[2023-03-20T11:15:36.404+0000] {processor.py:743} INFO - Processing file /home/airflow/.local/lib/python3.7/site-packages/airflow/example_dags/example_dag_decorator.py for tasks to queue
[2023-03-20T11:15:36.405+0000] {logging_mixin.py:137} INFO - [2023-03-20T11:15:36.405+0000] {dagbag.py:532} INFO - Filling up the DagBag from /home/airflow/.local/lib/python3.7/site-packages/airflow/example_dags/example_dag_decorator.py
[2023-03-20T11:15:36.425+0000] {logging_mixin.py:137} INFO - [2023-03-20T11:15:36.425+0000] {taskmixin.py:211} WARNING - Dependency <Task(_PythonDecoratedOperator): prepare_email>, send_email already registered for DAG: example_dag_decorator
[2023-03-20T11:15:36.426+0000] {logging_mixin.py:137} INFO - [2023-03-20T11:15:36.426+0000] {taskmixin.py:211} WARNING - Dependency <Task(EmailOperator): send_email>, prepare_email already registered for DAG: example_dag_decorator
[2023-03-20T11:15:36.442+0000] {processor.py:753} INFO - DAG(s) dict_keys(['example_dag_decorator']) retrieved from /home/airflow/.local/lib/python3.7/site-packages/airflow/example_dags/example_dag_decorator.py
[2023-03-20T11:15:36.492+0000] {logging_mixin.py:137} INFO - [2023-03-20T11:15:36.492+0000] {dag.py:2693} INFO - Sync 1 DAGs
[2023-03-20T11:15:36.509+0000] {logging_mixin.py:137} INFO - [2023-03-20T11:15:36.508+0000] {dag.py:3444} INFO - Setting next_dagrun for example_dag_decorator to None, run_after=None
[2023-03-20T11:15:36.521+0000] {processor.py:175} INFO - Processing /home/airflow/.local/lib/python3.7/site-packages/airflow/example_dags/example_dag_decorator.py took 0.126 seconds
[2023-03-20T11:16:06.814+0000] {processor.py:153} INFO - Started process (PID=315) to work on /home/airflow/.local/lib/python3.7/site-packages/airflow/example_dags/example_dag_decorator.py
[2023-03-20T11:16:06.817+0000] {processor.py:743} INFO - Processing file /home/airflow/.local/lib/python3.7/site-packages/airflow/example_dags/example_dag_decorator.py for tasks to queue
[2023-03-20T11:16:06.818+0000] {logging_mixin.py:137} INFO - [2023-03-20T11:16:06.818+0000] {dagbag.py:532} INFO - Filling up the DagBag from /home/airflow/.local/lib/python3.7/site-packages/airflow/example_dags/example_dag_decorator.py
[2023-03-20T11:16:06.841+0000] {logging_mixin.py:137} INFO - [2023-03-20T11:16:06.841+0000] {taskmixin.py:211} WARNING - Dependency <Task(_PythonDecoratedOperator): prepare_email>, send_email already registered for DAG: example_dag_decorator
[2023-03-20T11:16:06.842+0000] {logging_mixin.py:137} INFO - [2023-03-20T11:16:06.842+0000] {taskmixin.py:211} WARNING - Dependency <Task(EmailOperator): send_email>, prepare_email already registered for DAG: example_dag_decorator
[2023-03-20T11:16:06.853+0000] {processor.py:753} INFO - DAG(s) dict_keys(['example_dag_decorator']) retrieved from /home/airflow/.local/lib/python3.7/site-packages/airflow/example_dags/example_dag_decorator.py
[2023-03-20T11:16:06.898+0000] {logging_mixin.py:137} INFO - [2023-03-20T11:16:06.898+0000] {dag.py:2693} INFO - Sync 1 DAGs
[2023-03-20T11:16:06.913+0000] {logging_mixin.py:137} INFO - [2023-03-20T11:16:06.913+0000] {dag.py:3444} INFO - Setting next_dagrun for example_dag_decorator to None, run_after=None
[2023-03-20T11:16:06.933+0000] {processor.py:175} INFO - Processing /home/airflow/.local/lib/python3.7/site-packages/airflow/example_dags/example_dag_decorator.py took 0.125 seconds
[2023-03-20T11:16:37.341+0000] {processor.py:153} INFO - Started process (PID=364) to work on /home/airflow/.local/lib/python3.7/site-packages/airflow/example_dags/example_dag_decorator.py
[2023-03-20T11:16:37.344+0000] {processor.py:743} INFO - Processing file /home/airflow/.local/lib/python3.7/site-packages/airflow/example_dags/example_dag_decorator.py for tasks to queue
[2023-03-20T11:16:37.345+0000] {logging_mixin.py:137} INFO - [2023-03-20T11:16:37.345+0000] {dagbag.py:532} INFO - Filling up the DagBag from /home/airflow/.local/lib/python3.7/site-packages/airflow/example_dags/example_dag_decorator.py
[2023-03-20T11:16:37.368+0000] {logging_mixin.py:137} INFO - [2023-03-20T11:16:37.368+0000] {taskmixin.py:211} WARNING - Dependency <Task(_PythonDecoratedOperator): prepare_email>, send_email already registered for DAG: example_dag_decorator
[2023-03-20T11:16:37.369+0000] {logging_mixin.py:137} INFO - [2023-03-20T11:16:37.369+0000] {taskmixin.py:211} WARNING - Dependency <Task(EmailOperator): send_email>, prepare_email already registered for DAG: example_dag_decorator
[2023-03-20T11:16:37.380+0000] {processor.py:753} INFO - DAG(s) dict_keys(['example_dag_decorator']) retrieved from /home/airflow/.local/lib/python3.7/site-packages/airflow/example_dags/example_dag_decorator.py
[2023-03-20T11:16:37.424+0000] {logging_mixin.py:137} INFO - [2023-03-20T11:16:37.424+0000] {dag.py:2693} INFO - Sync 1 DAGs
[2023-03-20T11:16:37.440+0000] {logging_mixin.py:137} INFO - [2023-03-20T11:16:37.440+0000] {dag.py:3444} INFO - Setting next_dagrun for example_dag_decorator to None, run_after=None
[2023-03-20T11:16:37.453+0000] {processor.py:175} INFO - Processing /home/airflow/.local/lib/python3.7/site-packages/airflow/example_dags/example_dag_decorator.py took 0.119 seconds
[2023-03-20T11:17:08.118+0000] {processor.py:153} INFO - Started process (PID=413) to work on /home/airflow/.local/lib/python3.7/site-packages/airflow/example_dags/example_dag_decorator.py
[2023-03-20T11:17:08.126+0000] {processor.py:743} INFO - Processing file /home/airflow/.local/lib/python3.7/site-packages/airflow/example_dags/example_dag_decorator.py for tasks to queue
[2023-03-20T11:17:08.134+0000] {logging_mixin.py:137} INFO - [2023-03-20T11:17:08.133+0000] {dagbag.py:532} INFO - Filling up the DagBag from /home/airflow/.local/lib/python3.7/site-packages/airflow/example_dags/example_dag_decorator.py
[2023-03-20T11:17:08.177+0000] {logging_mixin.py:137} INFO - [2023-03-20T11:17:08.176+0000] {taskmixin.py:211} WARNING - Dependency <Task(_PythonDecoratedOperator): prepare_email>, send_email already registered for DAG: example_dag_decorator
[2023-03-20T11:17:08.180+0000] {logging_mixin.py:137} INFO - [2023-03-20T11:17:08.180+0000] {taskmixin.py:211} WARNING - Dependency <Task(EmailOperator): send_email>, prepare_email already registered for DAG: example_dag_decorator
[2023-03-20T11:17:08.199+0000] {processor.py:753} INFO - DAG(s) dict_keys(['example_dag_decorator']) retrieved from /home/airflow/.local/lib/python3.7/site-packages/airflow/example_dags/example_dag_decorator.py
[2023-03-20T11:17:08.253+0000] {logging_mixin.py:137} INFO - [2023-03-20T11:17:08.253+0000] {dag.py:2693} INFO - Sync 1 DAGs
[2023-03-20T11:17:08.274+0000] {logging_mixin.py:137} INFO - [2023-03-20T11:17:08.274+0000] {dag.py:3444} INFO - Setting next_dagrun for example_dag_decorator to None, run_after=None
[2023-03-20T11:17:08.290+0000] {processor.py:175} INFO - Processing /home/airflow/.local/lib/python3.7/site-packages/airflow/example_dags/example_dag_decorator.py took 0.181 seconds
[2023-03-20T11:17:38.696+0000] {processor.py:153} INFO - Started process (PID=462) to work on /home/airflow/.local/lib/python3.7/site-packages/airflow/example_dags/example_dag_decorator.py
[2023-03-20T11:17:38.697+0000] {processor.py:743} INFO - Processing file /home/airflow/.local/lib/python3.7/site-packages/airflow/example_dags/example_dag_decorator.py for tasks to queue
[2023-03-20T11:17:38.698+0000] {logging_mixin.py:137} INFO - [2023-03-20T11:17:38.698+0000] {dagbag.py:532} INFO - Filling up the DagBag from /home/airflow/.local/lib/python3.7/site-packages/airflow/example_dags/example_dag_decorator.py
[2023-03-20T11:17:38.711+0000] {logging_mixin.py:137} INFO - [2023-03-20T11:17:38.711+0000] {taskmixin.py:211} WARNING - Dependency <Task(_PythonDecoratedOperator): prepare_email>, send_email already registered for DAG: example_dag_decorator
[2023-03-20T11:17:38.712+0000] {logging_mixin.py:137} INFO - [2023-03-20T11:17:38.712+0000] {taskmixin.py:211} WARNING - Dependency <Task(EmailOperator): send_email>, prepare_email already registered for DAG: example_dag_decorator
[2023-03-20T11:17:38.721+0000] {processor.py:753} INFO - DAG(s) dict_keys(['example_dag_decorator']) retrieved from /home/airflow/.local/lib/python3.7/site-packages/airflow/example_dags/example_dag_decorator.py
[2023-03-20T11:17:38.769+0000] {logging_mixin.py:137} INFO - [2023-03-20T11:17:38.769+0000] {dag.py:2693} INFO - Sync 1 DAGs
[2023-03-20T11:17:38.785+0000] {logging_mixin.py:137} INFO - [2023-03-20T11:17:38.785+0000] {dag.py:3444} INFO - Setting next_dagrun for example_dag_decorator to None, run_after=None
[2023-03-20T11:17:38.801+0000] {processor.py:175} INFO - Processing /home/airflow/.local/lib/python3.7/site-packages/airflow/example_dags/example_dag_decorator.py took 0.109 seconds
[2023-03-20T11:18:09.208+0000] {processor.py:153} INFO - Started process (PID=511) to work on /home/airflow/.local/lib/python3.7/site-packages/airflow/example_dags/example_dag_decorator.py
[2023-03-20T11:18:09.210+0000] {processor.py:743} INFO - Processing file /home/airflow/.local/lib/python3.7/site-packages/airflow/example_dags/example_dag_decorator.py for tasks to queue
[2023-03-20T11:18:09.212+0000] {logging_mixin.py:137} INFO - [2023-03-20T11:18:09.212+0000] {dagbag.py:532} INFO - Filling up the DagBag from /home/airflow/.local/lib/python3.7/site-packages/airflow/example_dags/example_dag_decorator.py
[2023-03-20T11:18:09.231+0000] {logging_mixin.py:137} INFO - [2023-03-20T11:18:09.231+0000] {taskmixin.py:211} WARNING - Dependency <Task(_PythonDecoratedOperator): prepare_email>, send_email already registered for DAG: example_dag_decorator
[2023-03-20T11:18:09.232+0000] {logging_mixin.py:137} INFO - [2023-03-20T11:18:09.232+0000] {taskmixin.py:211} WARNING - Dependency <Task(EmailOperator): send_email>, prepare_email already registered for DAG: example_dag_decorator
[2023-03-20T11:18:09.247+0000] {processor.py:753} INFO - DAG(s) dict_keys(['example_dag_decorator']) retrieved from /home/airflow/.local/lib/python3.7/site-packages/airflow/example_dags/example_dag_decorator.py
[2023-03-20T11:18:09.371+0000] {logging_mixin.py:137} INFO - [2023-03-20T11:18:09.370+0000] {dag.py:2693} INFO - Sync 1 DAGs
[2023-03-20T11:18:09.393+0000] {logging_mixin.py:137} INFO - [2023-03-20T11:18:09.393+0000] {dag.py:3444} INFO - Setting next_dagrun for example_dag_decorator to None, run_after=None
[2023-03-20T11:18:09.406+0000] {processor.py:175} INFO - Processing /home/airflow/.local/lib/python3.7/site-packages/airflow/example_dags/example_dag_decorator.py took 0.201 seconds
[2023-03-20T11:18:39.919+0000] {processor.py:153} INFO - Started process (PID=560) to work on /home/airflow/.local/lib/python3.7/site-packages/airflow/example_dags/example_dag_decorator.py
[2023-03-20T11:18:39.922+0000] {processor.py:743} INFO - Processing file /home/airflow/.local/lib/python3.7/site-packages/airflow/example_dags/example_dag_decorator.py for tasks to queue
[2023-03-20T11:18:39.923+0000] {logging_mixin.py:137} INFO - [2023-03-20T11:18:39.923+0000] {dagbag.py:532} INFO - Filling up the DagBag from /home/airflow/.local/lib/python3.7/site-packages/airflow/example_dags/example_dag_decorator.py
[2023-03-20T11:18:39.944+0000] {logging_mixin.py:137} INFO - [2023-03-20T11:18:39.944+0000] {taskmixin.py:211} WARNING - Dependency <Task(_PythonDecoratedOperator): prepare_email>, send_email already registered for DAG: example_dag_decorator
[2023-03-20T11:18:39.945+0000] {logging_mixin.py:137} INFO - [2023-03-20T11:18:39.945+0000] {taskmixin.py:211} WARNING - Dependency <Task(EmailOperator): send_email>, prepare_email already registered for DAG: example_dag_decorator
[2023-03-20T11:18:39.956+0000] {processor.py:753} INFO - DAG(s) dict_keys(['example_dag_decorator']) retrieved from /home/airflow/.local/lib/python3.7/site-packages/airflow/example_dags/example_dag_decorator.py
[2023-03-20T11:18:39.999+0000] {logging_mixin.py:137} INFO - [2023-03-20T11:18:39.999+0000] {dag.py:2693} INFO - Sync 1 DAGs
[2023-03-20T11:18:40.014+0000] {logging_mixin.py:137} INFO - [2023-03-20T11:18:40.014+0000] {dag.py:3444} INFO - Setting next_dagrun for example_dag_decorator to None, run_after=None
[2023-03-20T11:18:40.029+0000] {processor.py:175} INFO - Processing /home/airflow/.local/lib/python3.7/site-packages/airflow/example_dags/example_dag_decorator.py took 0.116 seconds
[2023-03-20T11:19:10.308+0000] {processor.py:153} INFO - Started process (PID=609) to work on /home/airflow/.local/lib/python3.7/site-packages/airflow/example_dags/example_dag_decorator.py
[2023-03-20T11:19:10.310+0000] {processor.py:743} INFO - Processing file /home/airflow/.local/lib/python3.7/site-packages/airflow/example_dags/example_dag_decorator.py for tasks to queue
[2023-03-20T11:19:10.311+0000] {logging_mixin.py:137} INFO - [2023-03-20T11:19:10.311+0000] {dagbag.py:532} INFO - Filling up the DagBag from /home/airflow/.local/lib/python3.7/site-packages/airflow/example_dags/example_dag_decorator.py
[2023-03-20T11:19:10.328+0000] {logging_mixin.py:137} INFO - [2023-03-20T11:19:10.328+0000] {taskmixin.py:211} WARNING - Dependency <Task(_PythonDecoratedOperator): prepare_email>, send_email already registered for DAG: example_dag_decorator
[2023-03-20T11:19:10.329+0000] {logging_mixin.py:137} INFO - [2023-03-20T11:19:10.329+0000] {taskmixin.py:211} WARNING - Dependency <Task(EmailOperator): send_email>, prepare_email already registered for DAG: example_dag_decorator
[2023-03-20T11:19:10.339+0000] {processor.py:753} INFO - DAG(s) dict_keys(['example_dag_decorator']) retrieved from /home/airflow/.local/lib/python3.7/site-packages/airflow/example_dags/example_dag_decorator.py
[2023-03-20T11:19:10.383+0000] {logging_mixin.py:137} INFO - [2023-03-20T11:19:10.383+0000] {dag.py:2693} INFO - Sync 1 DAGs
[2023-03-20T11:19:10.398+0000] {logging_mixin.py:137} INFO - [2023-03-20T11:19:10.398+0000] {dag.py:3444} INFO - Setting next_dagrun for example_dag_decorator to None, run_after=None
[2023-03-20T11:19:10.411+0000] {processor.py:175} INFO - Processing /home/airflow/.local/lib/python3.7/site-packages/airflow/example_dags/example_dag_decorator.py took 0.108 seconds
[2023-03-20T11:19:40.665+0000] {processor.py:153} INFO - Started process (PID=658) to work on /home/airflow/.local/lib/python3.7/site-packages/airflow/example_dags/example_dag_decorator.py
[2023-03-20T11:19:40.668+0000] {processor.py:743} INFO - Processing file /home/airflow/.local/lib/python3.7/site-packages/airflow/example_dags/example_dag_decorator.py for tasks to queue
[2023-03-20T11:19:40.669+0000] {logging_mixin.py:137} INFO - [2023-03-20T11:19:40.669+0000] {dagbag.py:532} INFO - Filling up the DagBag from /home/airflow/.local/lib/python3.7/site-packages/airflow/example_dags/example_dag_decorator.py
[2023-03-20T11:19:40.686+0000] {logging_mixin.py:137} INFO - [2023-03-20T11:19:40.686+0000] {taskmixin.py:211} WARNING - Dependency <Task(_PythonDecoratedOperator): prepare_email>, send_email already registered for DAG: example_dag_decorator
[2023-03-20T11:19:40.687+0000] {logging_mixin.py:137} INFO - [2023-03-20T11:19:40.687+0000] {taskmixin.py:211} WARNING - Dependency <Task(EmailOperator): send_email>, prepare_email already registered for DAG: example_dag_decorator
[2023-03-20T11:19:40.697+0000] {processor.py:753} INFO - DAG(s) dict_keys(['example_dag_decorator']) retrieved from /home/airflow/.local/lib/python3.7/site-packages/airflow/example_dags/example_dag_decorator.py
[2023-03-20T11:19:40.740+0000] {logging_mixin.py:137} INFO - [2023-03-20T11:19:40.740+0000] {dag.py:2693} INFO - Sync 1 DAGs
[2023-03-20T11:19:40.754+0000] {logging_mixin.py:137} INFO - [2023-03-20T11:19:40.754+0000] {dag.py:3444} INFO - Setting next_dagrun for example_dag_decorator to None, run_after=None
[2023-03-20T11:19:40.768+0000] {processor.py:175} INFO - Processing /home/airflow/.local/lib/python3.7/site-packages/airflow/example_dags/example_dag_decorator.py took 0.108 seconds
[2023-03-20T11:20:11.047+0000] {processor.py:153} INFO - Started process (PID=707) to work on /home/airflow/.local/lib/python3.7/site-packages/airflow/example_dags/example_dag_decorator.py
[2023-03-20T11:20:11.049+0000] {processor.py:743} INFO - Processing file /home/airflow/.local/lib/python3.7/site-packages/airflow/example_dags/example_dag_decorator.py for tasks to queue
[2023-03-20T11:20:11.051+0000] {logging_mixin.py:137} INFO - [2023-03-20T11:20:11.051+0000] {dagbag.py:532} INFO - Filling up the DagBag from /home/airflow/.local/lib/python3.7/site-packages/airflow/example_dags/example_dag_decorator.py
[2023-03-20T11:20:11.068+0000] {logging_mixin.py:137} INFO - [2023-03-20T11:20:11.068+0000] {taskmixin.py:211} WARNING - Dependency <Task(_PythonDecoratedOperator): prepare_email>, send_email already registered for DAG: example_dag_decorator
[2023-03-20T11:20:11.069+0000] {logging_mixin.py:137} INFO - [2023-03-20T11:20:11.069+0000] {taskmixin.py:211} WARNING - Dependency <Task(EmailOperator): send_email>, prepare_email already registered for DAG: example_dag_decorator
[2023-03-20T11:20:11.081+0000] {processor.py:753} INFO - DAG(s) dict_keys(['example_dag_decorator']) retrieved from /home/airflow/.local/lib/python3.7/site-packages/airflow/example_dags/example_dag_decorator.py
[2023-03-20T11:20:11.128+0000] {logging_mixin.py:137} INFO - [2023-03-20T11:20:11.128+0000] {dag.py:2693} INFO - Sync 1 DAGs
[2023-03-20T11:20:11.145+0000] {logging_mixin.py:137} INFO - [2023-03-20T11:20:11.144+0000] {dag.py:3444} INFO - Setting next_dagrun for example_dag_decorator to None, run_after=None
[2023-03-20T11:20:11.156+0000] {processor.py:175} INFO - Processing /home/airflow/.local/lib/python3.7/site-packages/airflow/example_dags/example_dag_decorator.py took 0.117 seconds
[2023-03-20T11:20:41.511+0000] {processor.py:153} INFO - Started process (PID=756) to work on /home/airflow/.local/lib/python3.7/site-packages/airflow/example_dags/example_dag_decorator.py
[2023-03-20T11:20:41.513+0000] {processor.py:743} INFO - Processing file /home/airflow/.local/lib/python3.7/site-packages/airflow/example_dags/example_dag_decorator.py for tasks to queue
[2023-03-20T11:20:41.515+0000] {logging_mixin.py:137} INFO - [2023-03-20T11:20:41.515+0000] {dagbag.py:532} INFO - Filling up the DagBag from /home/airflow/.local/lib/python3.7/site-packages/airflow/example_dags/example_dag_decorator.py
[2023-03-20T11:20:41.533+0000] {logging_mixin.py:137} INFO - [2023-03-20T11:20:41.533+0000] {taskmixin.py:211} WARNING - Dependency <Task(_PythonDecoratedOperator): prepare_email>, send_email already registered for DAG: example_dag_decorator
[2023-03-20T11:20:41.534+0000] {logging_mixin.py:137} INFO - [2023-03-20T11:20:41.534+0000] {taskmixin.py:211} WARNING - Dependency <Task(EmailOperator): send_email>, prepare_email already registered for DAG: example_dag_decorator
[2023-03-20T11:20:41.545+0000] {processor.py:753} INFO - DAG(s) dict_keys(['example_dag_decorator']) retrieved from /home/airflow/.local/lib/python3.7/site-packages/airflow/example_dags/example_dag_decorator.py
[2023-03-20T11:20:41.588+0000] {logging_mixin.py:137} INFO - [2023-03-20T11:20:41.588+0000] {dag.py:2693} INFO - Sync 1 DAGs
[2023-03-20T11:20:41.602+0000] {logging_mixin.py:137} INFO - [2023-03-20T11:20:41.602+0000] {dag.py:3444} INFO - Setting next_dagrun for example_dag_decorator to None, run_after=None
[2023-03-20T11:20:41.615+0000] {processor.py:175} INFO - Processing /home/airflow/.local/lib/python3.7/site-packages/airflow/example_dags/example_dag_decorator.py took 0.109 seconds
[2023-03-20T11:21:11.906+0000] {processor.py:153} INFO - Started process (PID=805) to work on /home/airflow/.local/lib/python3.7/site-packages/airflow/example_dags/example_dag_decorator.py
[2023-03-20T11:21:11.909+0000] {processor.py:743} INFO - Processing file /home/airflow/.local/lib/python3.7/site-packages/airflow/example_dags/example_dag_decorator.py for tasks to queue
[2023-03-20T11:21:11.911+0000] {logging_mixin.py:137} INFO - [2023-03-20T11:21:11.911+0000] {dagbag.py:532} INFO - Filling up the DagBag from /home/airflow/.local/lib/python3.7/site-packages/airflow/example_dags/example_dag_decorator.py
[2023-03-20T11:21:11.931+0000] {logging_mixin.py:137} INFO - [2023-03-20T11:21:11.931+0000] {taskmixin.py:211} WARNING - Dependency <Task(_PythonDecoratedOperator): prepare_email>, send_email already registered for DAG: example_dag_decorator
[2023-03-20T11:21:11.932+0000] {logging_mixin.py:137} INFO - [2023-03-20T11:21:11.932+0000] {taskmixin.py:211} WARNING - Dependency <Task(EmailOperator): send_email>, prepare_email already registered for DAG: example_dag_decorator
[2023-03-20T11:21:11.943+0000] {processor.py:753} INFO - DAG(s) dict_keys(['example_dag_decorator']) retrieved from /home/airflow/.local/lib/python3.7/site-packages/airflow/example_dags/example_dag_decorator.py
[2023-03-20T11:21:11.987+0000] {logging_mixin.py:137} INFO - [2023-03-20T11:21:11.987+0000] {dag.py:2693} INFO - Sync 1 DAGs
[2023-03-20T11:21:12.002+0000] {logging_mixin.py:137} INFO - [2023-03-20T11:21:12.002+0000] {dag.py:3444} INFO - Setting next_dagrun for example_dag_decorator to None, run_after=None
[2023-03-20T11:21:12.015+0000] {processor.py:175} INFO - Processing /home/airflow/.local/lib/python3.7/site-packages/airflow/example_dags/example_dag_decorator.py took 0.115 seconds
[2023-03-20T11:21:42.216+0000] {processor.py:153} INFO - Started process (PID=854) to work on /home/airflow/.local/lib/python3.7/site-packages/airflow/example_dags/example_dag_decorator.py
[2023-03-20T11:21:42.218+0000] {processor.py:743} INFO - Processing file /home/airflow/.local/lib/python3.7/site-packages/airflow/example_dags/example_dag_decorator.py for tasks to queue
[2023-03-20T11:21:42.220+0000] {logging_mixin.py:137} INFO - [2023-03-20T11:21:42.220+0000] {dagbag.py:532} INFO - Filling up the DagBag from /home/airflow/.local/lib/python3.7/site-packages/airflow/example_dags/example_dag_decorator.py
[2023-03-20T11:21:42.235+0000] {logging_mixin.py:137} INFO - [2023-03-20T11:21:42.235+0000] {taskmixin.py:211} WARNING - Dependency <Task(_PythonDecoratedOperator): prepare_email>, send_email already registered for DAG: example_dag_decorator
[2023-03-20T11:21:42.236+0000] {logging_mixin.py:137} INFO - [2023-03-20T11:21:42.236+0000] {taskmixin.py:211} WARNING - Dependency <Task(EmailOperator): send_email>, prepare_email already registered for DAG: example_dag_decorator
[2023-03-20T11:21:42.246+0000] {processor.py:753} INFO - DAG(s) dict_keys(['example_dag_decorator']) retrieved from /home/airflow/.local/lib/python3.7/site-packages/airflow/example_dags/example_dag_decorator.py
[2023-03-20T11:21:42.290+0000] {logging_mixin.py:137} INFO - [2023-03-20T11:21:42.289+0000] {dag.py:2693} INFO - Sync 1 DAGs
[2023-03-20T11:21:42.306+0000] {logging_mixin.py:137} INFO - [2023-03-20T11:21:42.306+0000] {dag.py:3444} INFO - Setting next_dagrun for example_dag_decorator to None, run_after=None
[2023-03-20T11:21:42.318+0000] {processor.py:175} INFO - Processing /home/airflow/.local/lib/python3.7/site-packages/airflow/example_dags/example_dag_decorator.py took 0.108 seconds
[2023-03-20T11:22:12.586+0000] {processor.py:153} INFO - Started process (PID=903) to work on /home/airflow/.local/lib/python3.7/site-packages/airflow/example_dags/example_dag_decorator.py
[2023-03-20T11:22:12.589+0000] {processor.py:743} INFO - Processing file /home/airflow/.local/lib/python3.7/site-packages/airflow/example_dags/example_dag_decorator.py for tasks to queue
[2023-03-20T11:22:12.591+0000] {logging_mixin.py:137} INFO - [2023-03-20T11:22:12.591+0000] {dagbag.py:532} INFO - Filling up the DagBag from /home/airflow/.local/lib/python3.7/site-packages/airflow/example_dags/example_dag_decorator.py
[2023-03-20T11:22:12.612+0000] {logging_mixin.py:137} INFO - [2023-03-20T11:22:12.612+0000] {taskmixin.py:211} WARNING - Dependency <Task(_PythonDecoratedOperator): prepare_email>, send_email already registered for DAG: example_dag_decorator
[2023-03-20T11:22:12.613+0000] {logging_mixin.py:137} INFO - [2023-03-20T11:22:12.613+0000] {taskmixin.py:211} WARNING - Dependency <Task(EmailOperator): send_email>, prepare_email already registered for DAG: example_dag_decorator
[2023-03-20T11:22:12.624+0000] {processor.py:753} INFO - DAG(s) dict_keys(['example_dag_decorator']) retrieved from /home/airflow/.local/lib/python3.7/site-packages/airflow/example_dags/example_dag_decorator.py
[2023-03-20T11:22:12.667+0000] {logging_mixin.py:137} INFO - [2023-03-20T11:22:12.667+0000] {dag.py:2693} INFO - Sync 1 DAGs
[2023-03-20T11:22:12.683+0000] {logging_mixin.py:137} INFO - [2023-03-20T11:22:12.683+0000] {dag.py:3444} INFO - Setting next_dagrun for example_dag_decorator to None, run_after=None
[2023-03-20T11:22:12.696+0000] {processor.py:175} INFO - Processing /home/airflow/.local/lib/python3.7/site-packages/airflow/example_dags/example_dag_decorator.py took 0.117 seconds
[2023-03-20T11:22:43.535+0000] {processor.py:153} INFO - Started process (PID=952) to work on /home/airflow/.local/lib/python3.7/site-packages/airflow/example_dags/example_dag_decorator.py
[2023-03-20T11:22:43.538+0000] {processor.py:743} INFO - Processing file /home/airflow/.local/lib/python3.7/site-packages/airflow/example_dags/example_dag_decorator.py for tasks to queue
[2023-03-20T11:22:43.540+0000] {logging_mixin.py:137} INFO - [2023-03-20T11:22:43.540+0000] {dagbag.py:532} INFO - Filling up the DagBag from /home/airflow/.local/lib/python3.7/site-packages/airflow/example_dags/example_dag_decorator.py
[2023-03-20T11:22:43.560+0000] {logging_mixin.py:137} INFO - [2023-03-20T11:22:43.559+0000] {taskmixin.py:211} WARNING - Dependency <Task(_PythonDecoratedOperator): prepare_email>, send_email already registered for DAG: example_dag_decorator
[2023-03-20T11:22:43.560+0000] {logging_mixin.py:137} INFO - [2023-03-20T11:22:43.560+0000] {taskmixin.py:211} WARNING - Dependency <Task(EmailOperator): send_email>, prepare_email already registered for DAG: example_dag_decorator
[2023-03-20T11:22:43.571+0000] {processor.py:753} INFO - DAG(s) dict_keys(['example_dag_decorator']) retrieved from /home/airflow/.local/lib/python3.7/site-packages/airflow/example_dags/example_dag_decorator.py
[2023-03-20T11:22:43.616+0000] {logging_mixin.py:137} INFO - [2023-03-20T11:22:43.616+0000] {dag.py:2693} INFO - Sync 1 DAGs
[2023-03-20T11:22:43.632+0000] {logging_mixin.py:137} INFO - [2023-03-20T11:22:43.632+0000] {dag.py:3444} INFO - Setting next_dagrun for example_dag_decorator to None, run_after=None
[2023-03-20T11:22:43.645+0000] {processor.py:175} INFO - Processing /home/airflow/.local/lib/python3.7/site-packages/airflow/example_dags/example_dag_decorator.py took 0.116 seconds
[2023-03-20T11:23:13.936+0000] {processor.py:153} INFO - Started process (PID=1001) to work on /home/airflow/.local/lib/python3.7/site-packages/airflow/example_dags/example_dag_decorator.py
[2023-03-20T11:23:13.939+0000] {processor.py:743} INFO - Processing file /home/airflow/.local/lib/python3.7/site-packages/airflow/example_dags/example_dag_decorator.py for tasks to queue
[2023-03-20T11:23:13.940+0000] {logging_mixin.py:137} INFO - [2023-03-20T11:23:13.940+0000] {dagbag.py:532} INFO - Filling up the DagBag from /home/airflow/.local/lib/python3.7/site-packages/airflow/example_dags/example_dag_decorator.py
[2023-03-20T11:23:13.957+0000] {logging_mixin.py:137} INFO - [2023-03-20T11:23:13.957+0000] {taskmixin.py:211} WARNING - Dependency <Task(_PythonDecoratedOperator): prepare_email>, send_email already registered for DAG: example_dag_decorator
[2023-03-20T11:23:13.957+0000] {logging_mixin.py:137} INFO - [2023-03-20T11:23:13.957+0000] {taskmixin.py:211} WARNING - Dependency <Task(EmailOperator): send_email>, prepare_email already registered for DAG: example_dag_decorator
[2023-03-20T11:23:13.967+0000] {processor.py:753} INFO - DAG(s) dict_keys(['example_dag_decorator']) retrieved from /home/airflow/.local/lib/python3.7/site-packages/airflow/example_dags/example_dag_decorator.py
[2023-03-20T11:23:14.015+0000] {logging_mixin.py:137} INFO - [2023-03-20T11:23:14.015+0000] {dag.py:2693} INFO - Sync 1 DAGs
[2023-03-20T11:23:14.031+0000] {logging_mixin.py:137} INFO - [2023-03-20T11:23:14.031+0000] {dag.py:3444} INFO - Setting next_dagrun for example_dag_decorator to None, run_after=None
[2023-03-20T11:23:14.047+0000] {processor.py:175} INFO - Processing /home/airflow/.local/lib/python3.7/site-packages/airflow/example_dags/example_dag_decorator.py took 0.118 seconds
[2023-03-20T11:23:44.466+0000] {processor.py:153} INFO - Started process (PID=1050) to work on /home/airflow/.local/lib/python3.7/site-packages/airflow/example_dags/example_dag_decorator.py
[2023-03-20T11:23:44.469+0000] {processor.py:743} INFO - Processing file /home/airflow/.local/lib/python3.7/site-packages/airflow/example_dags/example_dag_decorator.py for tasks to queue
[2023-03-20T11:23:44.471+0000] {logging_mixin.py:137} INFO - [2023-03-20T11:23:44.471+0000] {dagbag.py:532} INFO - Filling up the DagBag from /home/airflow/.local/lib/python3.7/site-packages/airflow/example_dags/example_dag_decorator.py
[2023-03-20T11:23:44.496+0000] {logging_mixin.py:137} INFO - [2023-03-20T11:23:44.495+0000] {taskmixin.py:211} WARNING - Dependency <Task(_PythonDecoratedOperator): prepare_email>, send_email already registered for DAG: example_dag_decorator
[2023-03-20T11:23:44.496+0000] {logging_mixin.py:137} INFO - [2023-03-20T11:23:44.496+0000] {taskmixin.py:211} WARNING - Dependency <Task(EmailOperator): send_email>, prepare_email already registered for DAG: example_dag_decorator
[2023-03-20T11:23:44.508+0000] {processor.py:753} INFO - DAG(s) dict_keys(['example_dag_decorator']) retrieved from /home/airflow/.local/lib/python3.7/site-packages/airflow/example_dags/example_dag_decorator.py
[2023-03-20T11:23:44.554+0000] {logging_mixin.py:137} INFO - [2023-03-20T11:23:44.554+0000] {dag.py:2693} INFO - Sync 1 DAGs
[2023-03-20T11:23:44.571+0000] {logging_mixin.py:137} INFO - [2023-03-20T11:23:44.571+0000] {dag.py:3444} INFO - Setting next_dagrun for example_dag_decorator to None, run_after=None
[2023-03-20T11:23:44.583+0000] {processor.py:175} INFO - Processing /home/airflow/.local/lib/python3.7/site-packages/airflow/example_dags/example_dag_decorator.py took 0.126 seconds
[2023-03-20 11:37:59,880] {scheduler_job.py:182} INFO - Started process (PID=43) to work on /home/airflow/.local/lib/python3.6/site-packages/airflow/example_dags/example_dag_decorator.py
[2023-03-20 11:37:59,882] {scheduler_job.py:629} INFO - Processing file /home/airflow/.local/lib/python3.6/site-packages/airflow/example_dags/example_dag_decorator.py for tasks to queue
[2023-03-20 11:37:59,886] {logging_mixin.py:104} INFO - [2023-03-20 11:37:59,885] {dagbag.py:451} INFO - Filling up the DagBag from /home/airflow/.local/lib/python3.6/site-packages/airflow/example_dags/example_dag_decorator.py
[2023-03-20 11:37:59,931] {scheduler_job.py:639} INFO - DAG(s) dict_keys(['example_dag_decorator']) retrieved from /home/airflow/.local/lib/python3.6/site-packages/airflow/example_dags/example_dag_decorator.py
[2023-03-20 11:37:59,990] {logging_mixin.py:104} INFO - [2023-03-20 11:37:59,989] {dag.py:1824} INFO - Sync 1 DAGs
[2023-03-20 11:38:00,037] {logging_mixin.py:104} INFO - [2023-03-20 11:38:00,037] {dag.py:1843} INFO - Creating ORM DAG for example_dag_decorator
[2023-03-20 11:38:00,051] {logging_mixin.py:104} INFO - [2023-03-20 11:38:00,051] {dag.py:2280} INFO - Setting next_dagrun for example_dag_decorator to None
[2023-03-20 11:38:00,193] {scheduler_job.py:190} INFO - Processing /home/airflow/.local/lib/python3.6/site-packages/airflow/example_dags/example_dag_decorator.py took 0.321 seconds
[2023-03-20 11:38:30,935] {scheduler_job.py:182} INFO - Started process (PID=69) to work on /home/airflow/.local/lib/python3.6/site-packages/airflow/example_dags/example_dag_decorator.py
[2023-03-20 11:38:30,937] {scheduler_job.py:629} INFO - Processing file /home/airflow/.local/lib/python3.6/site-packages/airflow/example_dags/example_dag_decorator.py for tasks to queue
[2023-03-20 11:38:30,938] {logging_mixin.py:104} INFO - [2023-03-20 11:38:30,938] {dagbag.py:451} INFO - Filling up the DagBag from /home/airflow/.local/lib/python3.6/site-packages/airflow/example_dags/example_dag_decorator.py
[2023-03-20 11:38:30,955] {scheduler_job.py:639} INFO - DAG(s) dict_keys(['example_dag_decorator']) retrieved from /home/airflow/.local/lib/python3.6/site-packages/airflow/example_dags/example_dag_decorator.py
[2023-03-20 11:38:30,981] {logging_mixin.py:104} INFO - [2023-03-20 11:38:30,981] {dag.py:1824} INFO - Sync 1 DAGs
[2023-03-20 11:38:30,991] {logging_mixin.py:104} INFO - [2023-03-20 11:38:30,991] {dag.py:2280} INFO - Setting next_dagrun for example_dag_decorator to None
[2023-03-20 11:38:30,999] {scheduler_job.py:190} INFO - Processing /home/airflow/.local/lib/python3.6/site-packages/airflow/example_dags/example_dag_decorator.py took 0.067 seconds
[2023-03-20 11:39:01,833] {scheduler_job.py:182} INFO - Started process (PID=95) to work on /home/airflow/.local/lib/python3.6/site-packages/airflow/example_dags/example_dag_decorator.py
[2023-03-20 11:39:01,835] {scheduler_job.py:629} INFO - Processing file /home/airflow/.local/lib/python3.6/site-packages/airflow/example_dags/example_dag_decorator.py for tasks to queue
[2023-03-20 11:39:01,836] {logging_mixin.py:104} INFO - [2023-03-20 11:39:01,836] {dagbag.py:451} INFO - Filling up the DagBag from /home/airflow/.local/lib/python3.6/site-packages/airflow/example_dags/example_dag_decorator.py
[2023-03-20 11:39:01,853] {scheduler_job.py:639} INFO - DAG(s) dict_keys(['example_dag_decorator']) retrieved from /home/airflow/.local/lib/python3.6/site-packages/airflow/example_dags/example_dag_decorator.py
[2023-03-20 11:39:01,884] {logging_mixin.py:104} INFO - [2023-03-20 11:39:01,883] {dag.py:1824} INFO - Sync 1 DAGs
[2023-03-20 11:39:01,895] {logging_mixin.py:104} INFO - [2023-03-20 11:39:01,895] {dag.py:2280} INFO - Setting next_dagrun for example_dag_decorator to None
[2023-03-20 11:39:01,904] {scheduler_job.py:190} INFO - Processing /home/airflow/.local/lib/python3.6/site-packages/airflow/example_dags/example_dag_decorator.py took 0.074 seconds
[2023-03-20 11:39:32,457] {scheduler_job.py:182} INFO - Started process (PID=121) to work on /home/airflow/.local/lib/python3.6/site-packages/airflow/example_dags/example_dag_decorator.py
[2023-03-20 11:39:32,459] {scheduler_job.py:629} INFO - Processing file /home/airflow/.local/lib/python3.6/site-packages/airflow/example_dags/example_dag_decorator.py for tasks to queue
[2023-03-20 11:39:32,460] {logging_mixin.py:104} INFO - [2023-03-20 11:39:32,460] {dagbag.py:451} INFO - Filling up the DagBag from /home/airflow/.local/lib/python3.6/site-packages/airflow/example_dags/example_dag_decorator.py
[2023-03-20 11:39:32,475] {scheduler_job.py:639} INFO - DAG(s) dict_keys(['example_dag_decorator']) retrieved from /home/airflow/.local/lib/python3.6/site-packages/airflow/example_dags/example_dag_decorator.py
[2023-03-20 11:39:32,505] {logging_mixin.py:104} INFO - [2023-03-20 11:39:32,505] {dag.py:1824} INFO - Sync 1 DAGs
[2023-03-20 11:39:32,516] {logging_mixin.py:104} INFO - [2023-03-20 11:39:32,516] {dag.py:2280} INFO - Setting next_dagrun for example_dag_decorator to None
[2023-03-20 11:39:32,524] {scheduler_job.py:190} INFO - Processing /home/airflow/.local/lib/python3.6/site-packages/airflow/example_dags/example_dag_decorator.py took 0.070 seconds
[2023-03-20 11:40:03,239] {scheduler_job.py:182} INFO - Started process (PID=147) to work on /home/airflow/.local/lib/python3.6/site-packages/airflow/example_dags/example_dag_decorator.py
[2023-03-20 11:40:03,241] {scheduler_job.py:629} INFO - Processing file /home/airflow/.local/lib/python3.6/site-packages/airflow/example_dags/example_dag_decorator.py for tasks to queue
[2023-03-20 11:40:03,242] {logging_mixin.py:104} INFO - [2023-03-20 11:40:03,242] {dagbag.py:451} INFO - Filling up the DagBag from /home/airflow/.local/lib/python3.6/site-packages/airflow/example_dags/example_dag_decorator.py
[2023-03-20 11:40:03,259] {scheduler_job.py:639} INFO - DAG(s) dict_keys(['example_dag_decorator']) retrieved from /home/airflow/.local/lib/python3.6/site-packages/airflow/example_dags/example_dag_decorator.py
[2023-03-20 11:40:03,294] {logging_mixin.py:104} INFO - [2023-03-20 11:40:03,294] {dag.py:1824} INFO - Sync 1 DAGs
[2023-03-20 11:40:03,306] {logging_mixin.py:104} INFO - [2023-03-20 11:40:03,305] {dag.py:2280} INFO - Setting next_dagrun for example_dag_decorator to None
[2023-03-20 11:40:03,314] {scheduler_job.py:190} INFO - Processing /home/airflow/.local/lib/python3.6/site-packages/airflow/example_dags/example_dag_decorator.py took 0.079 seconds
[2023-03-20 11:40:34,197] {scheduler_job.py:182} INFO - Started process (PID=173) to work on /home/airflow/.local/lib/python3.6/site-packages/airflow/example_dags/example_dag_decorator.py
[2023-03-20 11:40:34,199] {scheduler_job.py:629} INFO - Processing file /home/airflow/.local/lib/python3.6/site-packages/airflow/example_dags/example_dag_decorator.py for tasks to queue
[2023-03-20 11:40:34,200] {logging_mixin.py:104} INFO - [2023-03-20 11:40:34,200] {dagbag.py:451} INFO - Filling up the DagBag from /home/airflow/.local/lib/python3.6/site-packages/airflow/example_dags/example_dag_decorator.py
[2023-03-20 11:40:34,216] {scheduler_job.py:639} INFO - DAG(s) dict_keys(['example_dag_decorator']) retrieved from /home/airflow/.local/lib/python3.6/site-packages/airflow/example_dags/example_dag_decorator.py
[2023-03-20 11:40:34,248] {logging_mixin.py:104} INFO - [2023-03-20 11:40:34,248] {dag.py:1824} INFO - Sync 1 DAGs
[2023-03-20 11:40:34,258] {logging_mixin.py:104} INFO - [2023-03-20 11:40:34,258] {dag.py:2280} INFO - Setting next_dagrun for example_dag_decorator to None
[2023-03-20 11:40:34,267] {scheduler_job.py:190} INFO - Processing /home/airflow/.local/lib/python3.6/site-packages/airflow/example_dags/example_dag_decorator.py took 0.073 seconds
[2023-03-20 11:41:04,790] {scheduler_job.py:182} INFO - Started process (PID=199) to work on /home/airflow/.local/lib/python3.6/site-packages/airflow/example_dags/example_dag_decorator.py
[2023-03-20 11:41:04,792] {scheduler_job.py:629} INFO - Processing file /home/airflow/.local/lib/python3.6/site-packages/airflow/example_dags/example_dag_decorator.py for tasks to queue
[2023-03-20 11:41:04,793] {logging_mixin.py:104} INFO - [2023-03-20 11:41:04,793] {dagbag.py:451} INFO - Filling up the DagBag from /home/airflow/.local/lib/python3.6/site-packages/airflow/example_dags/example_dag_decorator.py
[2023-03-20 11:41:04,811] {scheduler_job.py:639} INFO - DAG(s) dict_keys(['example_dag_decorator']) retrieved from /home/airflow/.local/lib/python3.6/site-packages/airflow/example_dags/example_dag_decorator.py
[2023-03-20 11:41:04,834] {logging_mixin.py:104} INFO - [2023-03-20 11:41:04,833] {dag.py:1824} INFO - Sync 1 DAGs
[2023-03-20 11:41:04,844] {logging_mixin.py:104} INFO - [2023-03-20 11:41:04,844] {dag.py:2280} INFO - Setting next_dagrun for example_dag_decorator to None
[2023-03-20 11:41:04,853] {scheduler_job.py:190} INFO - Processing /home/airflow/.local/lib/python3.6/site-packages/airflow/example_dags/example_dag_decorator.py took 0.065 seconds
[2023-03-20 14:55:27,830] {scheduler_job.py:182} INFO - Started process (PID=50) to work on /home/airflow/.local/lib/python3.6/site-packages/airflow/example_dags/example_dag_decorator.py
[2023-03-20 14:55:27,833] {scheduler_job.py:629} INFO - Processing file /home/airflow/.local/lib/python3.6/site-packages/airflow/example_dags/example_dag_decorator.py for tasks to queue
[2023-03-20 14:55:27,834] {logging_mixin.py:104} INFO - [2023-03-20 14:55:27,834] {dagbag.py:451} INFO - Filling up the DagBag from /home/airflow/.local/lib/python3.6/site-packages/airflow/example_dags/example_dag_decorator.py
[2023-03-20 14:55:27,861] {scheduler_job.py:639} INFO - DAG(s) dict_keys(['example_dag_decorator']) retrieved from /home/airflow/.local/lib/python3.6/site-packages/airflow/example_dags/example_dag_decorator.py
[2023-03-20 14:55:27,925] {logging_mixin.py:104} INFO - [2023-03-20 14:55:27,925] {dag.py:1824} INFO - Sync 1 DAGs
[2023-03-20 14:55:27,937] {logging_mixin.py:104} INFO - [2023-03-20 14:55:27,937] {dag.py:1843} INFO - Creating ORM DAG for example_dag_decorator
[2023-03-20 14:55:27,944] {logging_mixin.py:104} INFO - [2023-03-20 14:55:27,944] {dag.py:2280} INFO - Setting next_dagrun for example_dag_decorator to None
[2023-03-20 14:55:27,960] {scheduler_job.py:190} INFO - Processing /home/airflow/.local/lib/python3.6/site-packages/airflow/example_dags/example_dag_decorator.py took 0.135 seconds
[2023-03-20 14:55:58,009] {scheduler_job.py:182} INFO - Started process (PID=72) to work on /home/airflow/.local/lib/python3.6/site-packages/airflow/example_dags/example_dag_decorator.py
[2023-03-20 14:55:58,010] {scheduler_job.py:629} INFO - Processing file /home/airflow/.local/lib/python3.6/site-packages/airflow/example_dags/example_dag_decorator.py for tasks to queue
[2023-03-20 14:55:58,011] {logging_mixin.py:104} INFO - [2023-03-20 14:55:58,011] {dagbag.py:451} INFO - Filling up the DagBag from /home/airflow/.local/lib/python3.6/site-packages/airflow/example_dags/example_dag_decorator.py
[2023-03-20 14:55:58,025] {scheduler_job.py:639} INFO - DAG(s) dict_keys(['example_dag_decorator']) retrieved from /home/airflow/.local/lib/python3.6/site-packages/airflow/example_dags/example_dag_decorator.py
[2023-03-20 14:55:58,058] {logging_mixin.py:104} INFO - [2023-03-20 14:55:58,057] {dag.py:1824} INFO - Sync 1 DAGs
[2023-03-20 14:55:58,075] {logging_mixin.py:104} INFO - [2023-03-20 14:55:58,075] {dag.py:2280} INFO - Setting next_dagrun for example_dag_decorator to None
[2023-03-20 14:55:58,088] {scheduler_job.py:190} INFO - Processing /home/airflow/.local/lib/python3.6/site-packages/airflow/example_dags/example_dag_decorator.py took 0.082 seconds
[2023-03-20 14:56:28,483] {scheduler_job.py:182} INFO - Started process (PID=94) to work on /home/airflow/.local/lib/python3.6/site-packages/airflow/example_dags/example_dag_decorator.py
[2023-03-20 14:56:28,484] {scheduler_job.py:629} INFO - Processing file /home/airflow/.local/lib/python3.6/site-packages/airflow/example_dags/example_dag_decorator.py for tasks to queue
[2023-03-20 14:56:28,485] {logging_mixin.py:104} INFO - [2023-03-20 14:56:28,485] {dagbag.py:451} INFO - Filling up the DagBag from /home/airflow/.local/lib/python3.6/site-packages/airflow/example_dags/example_dag_decorator.py
[2023-03-20 14:56:28,499] {scheduler_job.py:639} INFO - DAG(s) dict_keys(['example_dag_decorator']) retrieved from /home/airflow/.local/lib/python3.6/site-packages/airflow/example_dags/example_dag_decorator.py
[2023-03-20 14:56:28,525] {logging_mixin.py:104} INFO - [2023-03-20 14:56:28,525] {dag.py:1824} INFO - Sync 1 DAGs
[2023-03-20 14:56:28,540] {logging_mixin.py:104} INFO - [2023-03-20 14:56:28,540] {dag.py:2280} INFO - Setting next_dagrun for example_dag_decorator to None
[2023-03-20 14:56:28,548] {scheduler_job.py:190} INFO - Processing /home/airflow/.local/lib/python3.6/site-packages/airflow/example_dags/example_dag_decorator.py took 0.068 seconds
[2023-03-20 14:56:59,408] {scheduler_job.py:182} INFO - Started process (PID=120) to work on /home/airflow/.local/lib/python3.6/site-packages/airflow/example_dags/example_dag_decorator.py
[2023-03-20 14:56:59,411] {scheduler_job.py:629} INFO - Processing file /home/airflow/.local/lib/python3.6/site-packages/airflow/example_dags/example_dag_decorator.py for tasks to queue
[2023-03-20 14:56:59,414] {logging_mixin.py:104} INFO - [2023-03-20 14:56:59,414] {dagbag.py:451} INFO - Filling up the DagBag from /home/airflow/.local/lib/python3.6/site-packages/airflow/example_dags/example_dag_decorator.py
[2023-03-20 14:56:59,447] {scheduler_job.py:639} INFO - DAG(s) dict_keys(['example_dag_decorator']) retrieved from /home/airflow/.local/lib/python3.6/site-packages/airflow/example_dags/example_dag_decorator.py
[2023-03-20 14:56:59,512] {logging_mixin.py:104} INFO - [2023-03-20 14:56:59,512] {dag.py:1824} INFO - Sync 1 DAGs
[2023-03-20 14:56:59,536] {logging_mixin.py:104} INFO - [2023-03-20 14:56:59,536] {dag.py:2280} INFO - Setting next_dagrun for example_dag_decorator to None
[2023-03-20 14:56:59,564] {scheduler_job.py:190} INFO - Processing /home/airflow/.local/lib/python3.6/site-packages/airflow/example_dags/example_dag_decorator.py took 0.161 seconds
[2023-03-20 14:57:29,984] {scheduler_job.py:182} INFO - Started process (PID=144) to work on /home/airflow/.local/lib/python3.6/site-packages/airflow/example_dags/example_dag_decorator.py
[2023-03-20 14:57:29,988] {scheduler_job.py:629} INFO - Processing file /home/airflow/.local/lib/python3.6/site-packages/airflow/example_dags/example_dag_decorator.py for tasks to queue
[2023-03-20 14:57:29,991] {logging_mixin.py:104} INFO - [2023-03-20 14:57:29,990] {dagbag.py:451} INFO - Filling up the DagBag from /home/airflow/.local/lib/python3.6/site-packages/airflow/example_dags/example_dag_decorator.py
[2023-03-20 14:57:30,047] {scheduler_job.py:639} INFO - DAG(s) dict_keys(['example_dag_decorator']) retrieved from /home/airflow/.local/lib/python3.6/site-packages/airflow/example_dags/example_dag_decorator.py
[2023-03-20 14:57:30,155] {logging_mixin.py:104} INFO - [2023-03-20 14:57:30,154] {dag.py:1824} INFO - Sync 1 DAGs
[2023-03-20 14:57:30,202] {logging_mixin.py:104} INFO - [2023-03-20 14:57:30,202] {dag.py:2280} INFO - Setting next_dagrun for example_dag_decorator to None
[2023-03-20 14:57:30,228] {scheduler_job.py:190} INFO - Processing /home/airflow/.local/lib/python3.6/site-packages/airflow/example_dags/example_dag_decorator.py took 0.248 seconds
[2023-03-20 14:58:00,849] {scheduler_job.py:182} INFO - Started process (PID=171) to work on /home/airflow/.local/lib/python3.6/site-packages/airflow/example_dags/example_dag_decorator.py
[2023-03-20 14:58:00,857] {scheduler_job.py:629} INFO - Processing file /home/airflow/.local/lib/python3.6/site-packages/airflow/example_dags/example_dag_decorator.py for tasks to queue
[2023-03-20 14:58:00,862] {logging_mixin.py:104} INFO - [2023-03-20 14:58:00,862] {dagbag.py:451} INFO - Filling up the DagBag from /home/airflow/.local/lib/python3.6/site-packages/airflow/example_dags/example_dag_decorator.py
[2023-03-20 14:58:00,891] {scheduler_job.py:639} INFO - DAG(s) dict_keys(['example_dag_decorator']) retrieved from /home/airflow/.local/lib/python3.6/site-packages/airflow/example_dags/example_dag_decorator.py
[2023-03-20 14:58:00,962] {logging_mixin.py:104} INFO - [2023-03-20 14:58:00,961] {dag.py:1824} INFO - Sync 1 DAGs
[2023-03-20 14:58:00,980] {logging_mixin.py:104} INFO - [2023-03-20 14:58:00,980] {dag.py:2280} INFO - Setting next_dagrun for example_dag_decorator to None
[2023-03-20 14:58:00,992] {scheduler_job.py:190} INFO - Processing /home/airflow/.local/lib/python3.6/site-packages/airflow/example_dags/example_dag_decorator.py took 0.147 seconds
[2023-03-20 14:58:31,844] {scheduler_job.py:182} INFO - Started process (PID=198) to work on /home/airflow/.local/lib/python3.6/site-packages/airflow/example_dags/example_dag_decorator.py
[2023-03-20 14:58:31,846] {scheduler_job.py:629} INFO - Processing file /home/airflow/.local/lib/python3.6/site-packages/airflow/example_dags/example_dag_decorator.py for tasks to queue
[2023-03-20 14:58:31,846] {logging_mixin.py:104} INFO - [2023-03-20 14:58:31,846] {dagbag.py:451} INFO - Filling up the DagBag from /home/airflow/.local/lib/python3.6/site-packages/airflow/example_dags/example_dag_decorator.py
[2023-03-20 14:58:31,863] {scheduler_job.py:639} INFO - DAG(s) dict_keys(['example_dag_decorator']) retrieved from /home/airflow/.local/lib/python3.6/site-packages/airflow/example_dags/example_dag_decorator.py
[2023-03-20 14:58:31,886] {logging_mixin.py:104} INFO - [2023-03-20 14:58:31,886] {dag.py:1824} INFO - Sync 1 DAGs
[2023-03-20 14:58:31,897] {logging_mixin.py:104} INFO - [2023-03-20 14:58:31,897] {dag.py:2280} INFO - Setting next_dagrun for example_dag_decorator to None
[2023-03-20 14:58:31,906] {scheduler_job.py:190} INFO - Processing /home/airflow/.local/lib/python3.6/site-packages/airflow/example_dags/example_dag_decorator.py took 0.065 seconds
[2023-03-20 14:59:02,401] {scheduler_job.py:182} INFO - Started process (PID=224) to work on /home/airflow/.local/lib/python3.6/site-packages/airflow/example_dags/example_dag_decorator.py
[2023-03-20 14:59:02,402] {scheduler_job.py:629} INFO - Processing file /home/airflow/.local/lib/python3.6/site-packages/airflow/example_dags/example_dag_decorator.py for tasks to queue
[2023-03-20 14:59:02,403] {logging_mixin.py:104} INFO - [2023-03-20 14:59:02,403] {dagbag.py:451} INFO - Filling up the DagBag from /home/airflow/.local/lib/python3.6/site-packages/airflow/example_dags/example_dag_decorator.py
[2023-03-20 14:59:02,420] {scheduler_job.py:639} INFO - DAG(s) dict_keys(['example_dag_decorator']) retrieved from /home/airflow/.local/lib/python3.6/site-packages/airflow/example_dags/example_dag_decorator.py
[2023-03-20 14:59:02,442] {logging_mixin.py:104} INFO - [2023-03-20 14:59:02,442] {dag.py:1824} INFO - Sync 1 DAGs
[2023-03-20 14:59:02,453] {logging_mixin.py:104} INFO - [2023-03-20 14:59:02,453] {dag.py:2280} INFO - Setting next_dagrun for example_dag_decorator to None
[2023-03-20 14:59:02,463] {scheduler_job.py:190} INFO - Processing /home/airflow/.local/lib/python3.6/site-packages/airflow/example_dags/example_dag_decorator.py took 0.065 seconds
[2023-03-20 14:59:32,957] {scheduler_job.py:182} INFO - Started process (PID=250) to work on /home/airflow/.local/lib/python3.6/site-packages/airflow/example_dags/example_dag_decorator.py
[2023-03-20 14:59:32,959] {scheduler_job.py:629} INFO - Processing file /home/airflow/.local/lib/python3.6/site-packages/airflow/example_dags/example_dag_decorator.py for tasks to queue
[2023-03-20 14:59:32,960] {logging_mixin.py:104} INFO - [2023-03-20 14:59:32,960] {dagbag.py:451} INFO - Filling up the DagBag from /home/airflow/.local/lib/python3.6/site-packages/airflow/example_dags/example_dag_decorator.py
[2023-03-20 14:59:32,977] {scheduler_job.py:639} INFO - DAG(s) dict_keys(['example_dag_decorator']) retrieved from /home/airflow/.local/lib/python3.6/site-packages/airflow/example_dags/example_dag_decorator.py
[2023-03-20 14:59:33,000] {logging_mixin.py:104} INFO - [2023-03-20 14:59:33,000] {dag.py:1824} INFO - Sync 1 DAGs
[2023-03-20 14:59:33,011] {logging_mixin.py:104} INFO - [2023-03-20 14:59:33,011] {dag.py:2280} INFO - Setting next_dagrun for example_dag_decorator to None
[2023-03-20 14:59:33,020] {scheduler_job.py:190} INFO - Processing /home/airflow/.local/lib/python3.6/site-packages/airflow/example_dags/example_dag_decorator.py took 0.065 seconds
[2023-03-20 15:00:03,395] {scheduler_job.py:182} INFO - Started process (PID=276) to work on /home/airflow/.local/lib/python3.6/site-packages/airflow/example_dags/example_dag_decorator.py
[2023-03-20 15:00:03,396] {scheduler_job.py:629} INFO - Processing file /home/airflow/.local/lib/python3.6/site-packages/airflow/example_dags/example_dag_decorator.py for tasks to queue
[2023-03-20 15:00:03,397] {logging_mixin.py:104} INFO - [2023-03-20 15:00:03,397] {dagbag.py:451} INFO - Filling up the DagBag from /home/airflow/.local/lib/python3.6/site-packages/airflow/example_dags/example_dag_decorator.py
[2023-03-20 15:00:03,414] {scheduler_job.py:639} INFO - DAG(s) dict_keys(['example_dag_decorator']) retrieved from /home/airflow/.local/lib/python3.6/site-packages/airflow/example_dags/example_dag_decorator.py
[2023-03-20 15:00:03,436] {logging_mixin.py:104} INFO - [2023-03-20 15:00:03,436] {dag.py:1824} INFO - Sync 1 DAGs
[2023-03-20 15:00:03,447] {logging_mixin.py:104} INFO - [2023-03-20 15:00:03,447] {dag.py:2280} INFO - Setting next_dagrun for example_dag_decorator to None
[2023-03-20 15:00:03,457] {scheduler_job.py:190} INFO - Processing /home/airflow/.local/lib/python3.6/site-packages/airflow/example_dags/example_dag_decorator.py took 0.065 seconds
[2023-03-20 15:00:33,959] {scheduler_job.py:182} INFO - Started process (PID=302) to work on /home/airflow/.local/lib/python3.6/site-packages/airflow/example_dags/example_dag_decorator.py
[2023-03-20 15:00:33,960] {scheduler_job.py:629} INFO - Processing file /home/airflow/.local/lib/python3.6/site-packages/airflow/example_dags/example_dag_decorator.py for tasks to queue
[2023-03-20 15:00:33,961] {logging_mixin.py:104} INFO - [2023-03-20 15:00:33,961] {dagbag.py:451} INFO - Filling up the DagBag from /home/airflow/.local/lib/python3.6/site-packages/airflow/example_dags/example_dag_decorator.py
[2023-03-20 15:00:33,978] {scheduler_job.py:639} INFO - DAG(s) dict_keys(['example_dag_decorator']) retrieved from /home/airflow/.local/lib/python3.6/site-packages/airflow/example_dags/example_dag_decorator.py
[2023-03-20 15:00:34,001] {logging_mixin.py:104} INFO - [2023-03-20 15:00:34,001] {dag.py:1824} INFO - Sync 1 DAGs
[2023-03-20 15:00:34,017] {logging_mixin.py:104} INFO - [2023-03-20 15:00:34,017] {dag.py:2280} INFO - Setting next_dagrun for example_dag_decorator to None
[2023-03-20 15:00:34,033] {scheduler_job.py:190} INFO - Processing /home/airflow/.local/lib/python3.6/site-packages/airflow/example_dags/example_dag_decorator.py took 0.077 seconds
[2023-03-20 15:01:04,467] {scheduler_job.py:182} INFO - Started process (PID=328) to work on /home/airflow/.local/lib/python3.6/site-packages/airflow/example_dags/example_dag_decorator.py
[2023-03-20 15:01:04,469] {scheduler_job.py:629} INFO - Processing file /home/airflow/.local/lib/python3.6/site-packages/airflow/example_dags/example_dag_decorator.py for tasks to queue
[2023-03-20 15:01:04,470] {logging_mixin.py:104} INFO - [2023-03-20 15:01:04,469] {dagbag.py:451} INFO - Filling up the DagBag from /home/airflow/.local/lib/python3.6/site-packages/airflow/example_dags/example_dag_decorator.py
[2023-03-20 15:01:04,487] {scheduler_job.py:639} INFO - DAG(s) dict_keys(['example_dag_decorator']) retrieved from /home/airflow/.local/lib/python3.6/site-packages/airflow/example_dags/example_dag_decorator.py
[2023-03-20 15:01:04,509] {logging_mixin.py:104} INFO - [2023-03-20 15:01:04,509] {dag.py:1824} INFO - Sync 1 DAGs
[2023-03-20 15:01:04,526] {logging_mixin.py:104} INFO - [2023-03-20 15:01:04,526] {dag.py:2280} INFO - Setting next_dagrun for example_dag_decorator to None
[2023-03-20 15:01:04,535] {scheduler_job.py:190} INFO - Processing /home/airflow/.local/lib/python3.6/site-packages/airflow/example_dags/example_dag_decorator.py took 0.071 seconds
[2023-03-20 15:01:34,868] {scheduler_job.py:182} INFO - Started process (PID=354) to work on /home/airflow/.local/lib/python3.6/site-packages/airflow/example_dags/example_dag_decorator.py
[2023-03-20 15:01:34,870] {scheduler_job.py:629} INFO - Processing file /home/airflow/.local/lib/python3.6/site-packages/airflow/example_dags/example_dag_decorator.py for tasks to queue
[2023-03-20 15:01:34,870] {logging_mixin.py:104} INFO - [2023-03-20 15:01:34,870] {dagbag.py:451} INFO - Filling up the DagBag from /home/airflow/.local/lib/python3.6/site-packages/airflow/example_dags/example_dag_decorator.py
[2023-03-20 15:01:34,886] {scheduler_job.py:639} INFO - DAG(s) dict_keys(['example_dag_decorator']) retrieved from /home/airflow/.local/lib/python3.6/site-packages/airflow/example_dags/example_dag_decorator.py
[2023-03-20 15:01:34,908] {logging_mixin.py:104} INFO - [2023-03-20 15:01:34,908] {dag.py:1824} INFO - Sync 1 DAGs
[2023-03-20 15:01:34,918] {logging_mixin.py:104} INFO - [2023-03-20 15:01:34,918] {dag.py:2280} INFO - Setting next_dagrun for example_dag_decorator to None
[2023-03-20 15:01:34,927] {scheduler_job.py:190} INFO - Processing /home/airflow/.local/lib/python3.6/site-packages/airflow/example_dags/example_dag_decorator.py took 0.062 seconds
[2023-03-20 15:02:05,323] {scheduler_job.py:182} INFO - Started process (PID=380) to work on /home/airflow/.local/lib/python3.6/site-packages/airflow/example_dags/example_dag_decorator.py
[2023-03-20 15:02:05,324] {scheduler_job.py:629} INFO - Processing file /home/airflow/.local/lib/python3.6/site-packages/airflow/example_dags/example_dag_decorator.py for tasks to queue
[2023-03-20 15:02:05,325] {logging_mixin.py:104} INFO - [2023-03-20 15:02:05,325] {dagbag.py:451} INFO - Filling up the DagBag from /home/airflow/.local/lib/python3.6/site-packages/airflow/example_dags/example_dag_decorator.py
[2023-03-20 15:02:05,342] {scheduler_job.py:639} INFO - DAG(s) dict_keys(['example_dag_decorator']) retrieved from /home/airflow/.local/lib/python3.6/site-packages/airflow/example_dags/example_dag_decorator.py
[2023-03-20 15:02:05,365] {logging_mixin.py:104} INFO - [2023-03-20 15:02:05,364] {dag.py:1824} INFO - Sync 1 DAGs
[2023-03-20 15:02:05,377] {logging_mixin.py:104} INFO - [2023-03-20 15:02:05,376] {dag.py:2280} INFO - Setting next_dagrun for example_dag_decorator to None
[2023-03-20 15:02:05,389] {scheduler_job.py:190} INFO - Processing /home/airflow/.local/lib/python3.6/site-packages/airflow/example_dags/example_dag_decorator.py took 0.069 seconds
[2023-03-20 15:02:35,767] {scheduler_job.py:182} INFO - Started process (PID=406) to work on /home/airflow/.local/lib/python3.6/site-packages/airflow/example_dags/example_dag_decorator.py
[2023-03-20 15:02:35,773] {scheduler_job.py:629} INFO - Processing file /home/airflow/.local/lib/python3.6/site-packages/airflow/example_dags/example_dag_decorator.py for tasks to queue
[2023-03-20 15:02:35,774] {logging_mixin.py:104} INFO - [2023-03-20 15:02:35,774] {dagbag.py:451} INFO - Filling up the DagBag from /home/airflow/.local/lib/python3.6/site-packages/airflow/example_dags/example_dag_decorator.py
[2023-03-20 15:02:35,785] {scheduler_job.py:639} INFO - DAG(s) dict_keys(['example_dag_decorator']) retrieved from /home/airflow/.local/lib/python3.6/site-packages/airflow/example_dags/example_dag_decorator.py
[2023-03-20 15:02:35,806] {logging_mixin.py:104} INFO - [2023-03-20 15:02:35,806] {dag.py:1824} INFO - Sync 1 DAGs
[2023-03-20 15:02:35,817] {logging_mixin.py:104} INFO - [2023-03-20 15:02:35,817] {dag.py:2280} INFO - Setting next_dagrun for example_dag_decorator to None
[2023-03-20 15:02:35,826] {scheduler_job.py:190} INFO - Processing /home/airflow/.local/lib/python3.6/site-packages/airflow/example_dags/example_dag_decorator.py took 0.061 seconds
[2023-03-20 15:03:06,272] {scheduler_job.py:182} INFO - Started process (PID=432) to work on /home/airflow/.local/lib/python3.6/site-packages/airflow/example_dags/example_dag_decorator.py
[2023-03-20 15:03:06,273] {scheduler_job.py:629} INFO - Processing file /home/airflow/.local/lib/python3.6/site-packages/airflow/example_dags/example_dag_decorator.py for tasks to queue
[2023-03-20 15:03:06,274] {logging_mixin.py:104} INFO - [2023-03-20 15:03:06,274] {dagbag.py:451} INFO - Filling up the DagBag from /home/airflow/.local/lib/python3.6/site-packages/airflow/example_dags/example_dag_decorator.py
[2023-03-20 15:03:06,287] {scheduler_job.py:639} INFO - DAG(s) dict_keys(['example_dag_decorator']) retrieved from /home/airflow/.local/lib/python3.6/site-packages/airflow/example_dags/example_dag_decorator.py
[2023-03-20 15:03:06,308] {logging_mixin.py:104} INFO - [2023-03-20 15:03:06,308] {dag.py:1824} INFO - Sync 1 DAGs
[2023-03-20 15:03:06,319] {logging_mixin.py:104} INFO - [2023-03-20 15:03:06,319] {dag.py:2280} INFO - Setting next_dagrun for example_dag_decorator to None
[2023-03-20 15:03:06,329] {scheduler_job.py:190} INFO - Processing /home/airflow/.local/lib/python3.6/site-packages/airflow/example_dags/example_dag_decorator.py took 0.060 seconds
[2023-03-20 15:03:36,845] {scheduler_job.py:182} INFO - Started process (PID=458) to work on /home/airflow/.local/lib/python3.6/site-packages/airflow/example_dags/example_dag_decorator.py
[2023-03-20 15:03:36,847] {scheduler_job.py:629} INFO - Processing file /home/airflow/.local/lib/python3.6/site-packages/airflow/example_dags/example_dag_decorator.py for tasks to queue
[2023-03-20 15:03:36,848] {logging_mixin.py:104} INFO - [2023-03-20 15:03:36,848] {dagbag.py:451} INFO - Filling up the DagBag from /home/airflow/.local/lib/python3.6/site-packages/airflow/example_dags/example_dag_decorator.py
[2023-03-20 15:03:36,861] {scheduler_job.py:639} INFO - DAG(s) dict_keys(['example_dag_decorator']) retrieved from /home/airflow/.local/lib/python3.6/site-packages/airflow/example_dags/example_dag_decorator.py
[2023-03-20 15:03:36,884] {logging_mixin.py:104} INFO - [2023-03-20 15:03:36,884] {dag.py:1824} INFO - Sync 1 DAGs
[2023-03-20 15:03:36,895] {logging_mixin.py:104} INFO - [2023-03-20 15:03:36,895] {dag.py:2280} INFO - Setting next_dagrun for example_dag_decorator to None
[2023-03-20 15:03:36,904] {scheduler_job.py:190} INFO - Processing /home/airflow/.local/lib/python3.6/site-packages/airflow/example_dags/example_dag_decorator.py took 0.061 seconds
[2023-03-20 15:04:07,417] {scheduler_job.py:182} INFO - Started process (PID=484) to work on /home/airflow/.local/lib/python3.6/site-packages/airflow/example_dags/example_dag_decorator.py
[2023-03-20 15:04:07,418] {scheduler_job.py:629} INFO - Processing file /home/airflow/.local/lib/python3.6/site-packages/airflow/example_dags/example_dag_decorator.py for tasks to queue
[2023-03-20 15:04:07,419] {logging_mixin.py:104} INFO - [2023-03-20 15:04:07,419] {dagbag.py:451} INFO - Filling up the DagBag from /home/airflow/.local/lib/python3.6/site-packages/airflow/example_dags/example_dag_decorator.py
[2023-03-20 15:04:07,433] {scheduler_job.py:639} INFO - DAG(s) dict_keys(['example_dag_decorator']) retrieved from /home/airflow/.local/lib/python3.6/site-packages/airflow/example_dags/example_dag_decorator.py
[2023-03-20 15:04:07,456] {logging_mixin.py:104} INFO - [2023-03-20 15:04:07,455] {dag.py:1824} INFO - Sync 1 DAGs
[2023-03-20 15:04:07,467] {logging_mixin.py:104} INFO - [2023-03-20 15:04:07,467] {dag.py:2280} INFO - Setting next_dagrun for example_dag_decorator to None
[2023-03-20 15:04:07,477] {scheduler_job.py:190} INFO - Processing /home/airflow/.local/lib/python3.6/site-packages/airflow/example_dags/example_dag_decorator.py took 0.063 seconds
[2023-03-20 15:04:37,874] {scheduler_job.py:182} INFO - Started process (PID=510) to work on /home/airflow/.local/lib/python3.6/site-packages/airflow/example_dags/example_dag_decorator.py
[2023-03-20 15:04:37,875] {scheduler_job.py:629} INFO - Processing file /home/airflow/.local/lib/python3.6/site-packages/airflow/example_dags/example_dag_decorator.py for tasks to queue
[2023-03-20 15:04:37,877] {logging_mixin.py:104} INFO - [2023-03-20 15:04:37,877] {dagbag.py:451} INFO - Filling up the DagBag from /home/airflow/.local/lib/python3.6/site-packages/airflow/example_dags/example_dag_decorator.py
[2023-03-20 15:04:37,893] {scheduler_job.py:639} INFO - DAG(s) dict_keys(['example_dag_decorator']) retrieved from /home/airflow/.local/lib/python3.6/site-packages/airflow/example_dags/example_dag_decorator.py
[2023-03-20 15:04:37,919] {logging_mixin.py:104} INFO - [2023-03-20 15:04:37,919] {dag.py:1824} INFO - Sync 1 DAGs
[2023-03-20 15:04:37,931] {logging_mixin.py:104} INFO - [2023-03-20 15:04:37,931] {dag.py:2280} INFO - Setting next_dagrun for example_dag_decorator to None
[2023-03-20 15:04:37,940] {scheduler_job.py:190} INFO - Processing /home/airflow/.local/lib/python3.6/site-packages/airflow/example_dags/example_dag_decorator.py took 0.069 seconds
[2023-03-20 15:05:08,493] {scheduler_job.py:182} INFO - Started process (PID=536) to work on /home/airflow/.local/lib/python3.6/site-packages/airflow/example_dags/example_dag_decorator.py
[2023-03-20 15:05:08,494] {scheduler_job.py:629} INFO - Processing file /home/airflow/.local/lib/python3.6/site-packages/airflow/example_dags/example_dag_decorator.py for tasks to queue
[2023-03-20 15:05:08,495] {logging_mixin.py:104} INFO - [2023-03-20 15:05:08,495] {dagbag.py:451} INFO - Filling up the DagBag from /home/airflow/.local/lib/python3.6/site-packages/airflow/example_dags/example_dag_decorator.py
[2023-03-20 15:05:08,509] {scheduler_job.py:639} INFO - DAG(s) dict_keys(['example_dag_decorator']) retrieved from /home/airflow/.local/lib/python3.6/site-packages/airflow/example_dags/example_dag_decorator.py
[2023-03-20 15:05:08,532] {logging_mixin.py:104} INFO - [2023-03-20 15:05:08,531] {dag.py:1824} INFO - Sync 1 DAGs
[2023-03-20 15:05:08,550] {logging_mixin.py:104} INFO - [2023-03-20 15:05:08,549] {dag.py:2280} INFO - Setting next_dagrun for example_dag_decorator to None
[2023-03-20 15:05:08,564] {scheduler_job.py:190} INFO - Processing /home/airflow/.local/lib/python3.6/site-packages/airflow/example_dags/example_dag_decorator.py took 0.074 seconds
[2023-03-20 15:05:39,067] {scheduler_job.py:182} INFO - Started process (PID=562) to work on /home/airflow/.local/lib/python3.6/site-packages/airflow/example_dags/example_dag_decorator.py
[2023-03-20 15:05:39,068] {scheduler_job.py:629} INFO - Processing file /home/airflow/.local/lib/python3.6/site-packages/airflow/example_dags/example_dag_decorator.py for tasks to queue
[2023-03-20 15:05:39,069] {logging_mixin.py:104} INFO - [2023-03-20 15:05:39,069] {dagbag.py:451} INFO - Filling up the DagBag from /home/airflow/.local/lib/python3.6/site-packages/airflow/example_dags/example_dag_decorator.py
[2023-03-20 15:05:39,083] {scheduler_job.py:639} INFO - DAG(s) dict_keys(['example_dag_decorator']) retrieved from /home/airflow/.local/lib/python3.6/site-packages/airflow/example_dags/example_dag_decorator.py
[2023-03-20 15:05:39,106] {logging_mixin.py:104} INFO - [2023-03-20 15:05:39,106] {dag.py:1824} INFO - Sync 1 DAGs
[2023-03-20 15:05:39,118] {logging_mixin.py:104} INFO - [2023-03-20 15:05:39,118] {dag.py:2280} INFO - Setting next_dagrun for example_dag_decorator to None
[2023-03-20 15:05:39,127] {scheduler_job.py:190} INFO - Processing /home/airflow/.local/lib/python3.6/site-packages/airflow/example_dags/example_dag_decorator.py took 0.063 seconds
[2023-03-20 15:06:09,636] {scheduler_job.py:182} INFO - Started process (PID=588) to work on /home/airflow/.local/lib/python3.6/site-packages/airflow/example_dags/example_dag_decorator.py
[2023-03-20 15:06:09,638] {scheduler_job.py:629} INFO - Processing file /home/airflow/.local/lib/python3.6/site-packages/airflow/example_dags/example_dag_decorator.py for tasks to queue
[2023-03-20 15:06:09,639] {logging_mixin.py:104} INFO - [2023-03-20 15:06:09,639] {dagbag.py:451} INFO - Filling up the DagBag from /home/airflow/.local/lib/python3.6/site-packages/airflow/example_dags/example_dag_decorator.py
[2023-03-20 15:06:09,653] {scheduler_job.py:639} INFO - DAG(s) dict_keys(['example_dag_decorator']) retrieved from /home/airflow/.local/lib/python3.6/site-packages/airflow/example_dags/example_dag_decorator.py
[2023-03-20 15:06:09,675] {logging_mixin.py:104} INFO - [2023-03-20 15:06:09,675] {dag.py:1824} INFO - Sync 1 DAGs
[2023-03-20 15:06:09,686] {logging_mixin.py:104} INFO - [2023-03-20 15:06:09,686] {dag.py:2280} INFO - Setting next_dagrun for example_dag_decorator to None
[2023-03-20 15:06:09,695] {scheduler_job.py:190} INFO - Processing /home/airflow/.local/lib/python3.6/site-packages/airflow/example_dags/example_dag_decorator.py took 0.062 seconds
[2023-03-20 15:06:40,269] {scheduler_job.py:182} INFO - Started process (PID=614) to work on /home/airflow/.local/lib/python3.6/site-packages/airflow/example_dags/example_dag_decorator.py
[2023-03-20 15:06:40,271] {scheduler_job.py:629} INFO - Processing file /home/airflow/.local/lib/python3.6/site-packages/airflow/example_dags/example_dag_decorator.py for tasks to queue
[2023-03-20 15:06:40,273] {logging_mixin.py:104} INFO - [2023-03-20 15:06:40,273] {dagbag.py:451} INFO - Filling up the DagBag from /home/airflow/.local/lib/python3.6/site-packages/airflow/example_dags/example_dag_decorator.py
[2023-03-20 15:06:40,289] {scheduler_job.py:639} INFO - DAG(s) dict_keys(['example_dag_decorator']) retrieved from /home/airflow/.local/lib/python3.6/site-packages/airflow/example_dags/example_dag_decorator.py
[2023-03-20 15:06:40,328] {logging_mixin.py:104} INFO - [2023-03-20 15:06:40,328] {dag.py:1824} INFO - Sync 1 DAGs
[2023-03-20 15:06:40,345] {logging_mixin.py:104} INFO - [2023-03-20 15:06:40,345] {dag.py:2280} INFO - Setting next_dagrun for example_dag_decorator to None
[2023-03-20 15:06:40,361] {scheduler_job.py:190} INFO - Processing /home/airflow/.local/lib/python3.6/site-packages/airflow/example_dags/example_dag_decorator.py took 0.096 seconds
[2023-03-20 15:07:11,094] {scheduler_job.py:182} INFO - Started process (PID=640) to work on /home/airflow/.local/lib/python3.6/site-packages/airflow/example_dags/example_dag_decorator.py
[2023-03-20 15:07:11,095] {scheduler_job.py:629} INFO - Processing file /home/airflow/.local/lib/python3.6/site-packages/airflow/example_dags/example_dag_decorator.py for tasks to queue
[2023-03-20 15:07:11,096] {logging_mixin.py:104} INFO - [2023-03-20 15:07:11,096] {dagbag.py:451} INFO - Filling up the DagBag from /home/airflow/.local/lib/python3.6/site-packages/airflow/example_dags/example_dag_decorator.py
[2023-03-20 15:07:11,112] {scheduler_job.py:639} INFO - DAG(s) dict_keys(['example_dag_decorator']) retrieved from /home/airflow/.local/lib/python3.6/site-packages/airflow/example_dags/example_dag_decorator.py
[2023-03-20 15:07:11,137] {logging_mixin.py:104} INFO - [2023-03-20 15:07:11,137] {dag.py:1824} INFO - Sync 1 DAGs
[2023-03-20 15:07:11,149] {logging_mixin.py:104} INFO - [2023-03-20 15:07:11,149] {dag.py:2280} INFO - Setting next_dagrun for example_dag_decorator to None
[2023-03-20 15:07:11,157] {scheduler_job.py:190} INFO - Processing /home/airflow/.local/lib/python3.6/site-packages/airflow/example_dags/example_dag_decorator.py took 0.067 seconds
[2023-03-20 15:07:41,965] {scheduler_job.py:182} INFO - Started process (PID=666) to work on /home/airflow/.local/lib/python3.6/site-packages/airflow/example_dags/example_dag_decorator.py
[2023-03-20 15:07:41,967] {scheduler_job.py:629} INFO - Processing file /home/airflow/.local/lib/python3.6/site-packages/airflow/example_dags/example_dag_decorator.py for tasks to queue
[2023-03-20 15:07:41,968] {logging_mixin.py:104} INFO - [2023-03-20 15:07:41,968] {dagbag.py:451} INFO - Filling up the DagBag from /home/airflow/.local/lib/python3.6/site-packages/airflow/example_dags/example_dag_decorator.py
[2023-03-20 15:07:41,984] {scheduler_job.py:639} INFO - DAG(s) dict_keys(['example_dag_decorator']) retrieved from /home/airflow/.local/lib/python3.6/site-packages/airflow/example_dags/example_dag_decorator.py
[2023-03-20 15:07:42,012] {logging_mixin.py:104} INFO - [2023-03-20 15:07:42,012] {dag.py:1824} INFO - Sync 1 DAGs
[2023-03-20 15:07:42,028] {logging_mixin.py:104} INFO - [2023-03-20 15:07:42,028] {dag.py:2280} INFO - Setting next_dagrun for example_dag_decorator to None
[2023-03-20 15:07:42,038] {scheduler_job.py:190} INFO - Processing /home/airflow/.local/lib/python3.6/site-packages/airflow/example_dags/example_dag_decorator.py took 0.076 seconds
[2023-03-20 15:08:12,728] {scheduler_job.py:182} INFO - Started process (PID=692) to work on /home/airflow/.local/lib/python3.6/site-packages/airflow/example_dags/example_dag_decorator.py
[2023-03-20 15:08:12,729] {scheduler_job.py:629} INFO - Processing file /home/airflow/.local/lib/python3.6/site-packages/airflow/example_dags/example_dag_decorator.py for tasks to queue
[2023-03-20 15:08:12,730] {logging_mixin.py:104} INFO - [2023-03-20 15:08:12,730] {dagbag.py:451} INFO - Filling up the DagBag from /home/airflow/.local/lib/python3.6/site-packages/airflow/example_dags/example_dag_decorator.py
[2023-03-20 15:08:12,744] {scheduler_job.py:639} INFO - DAG(s) dict_keys(['example_dag_decorator']) retrieved from /home/airflow/.local/lib/python3.6/site-packages/airflow/example_dags/example_dag_decorator.py
[2023-03-20 15:08:12,766] {logging_mixin.py:104} INFO - [2023-03-20 15:08:12,766] {dag.py:1824} INFO - Sync 1 DAGs
[2023-03-20 15:08:12,777] {logging_mixin.py:104} INFO - [2023-03-20 15:08:12,776] {dag.py:2280} INFO - Setting next_dagrun for example_dag_decorator to None
[2023-03-20 15:08:12,786] {scheduler_job.py:190} INFO - Processing /home/airflow/.local/lib/python3.6/site-packages/airflow/example_dags/example_dag_decorator.py took 0.062 seconds
[2023-03-20 15:08:43,473] {scheduler_job.py:182} INFO - Started process (PID=718) to work on /home/airflow/.local/lib/python3.6/site-packages/airflow/example_dags/example_dag_decorator.py
[2023-03-20 15:08:43,475] {scheduler_job.py:629} INFO - Processing file /home/airflow/.local/lib/python3.6/site-packages/airflow/example_dags/example_dag_decorator.py for tasks to queue
[2023-03-20 15:08:43,476] {logging_mixin.py:104} INFO - [2023-03-20 15:08:43,476] {dagbag.py:451} INFO - Filling up the DagBag from /home/airflow/.local/lib/python3.6/site-packages/airflow/example_dags/example_dag_decorator.py
[2023-03-20 15:08:43,490] {scheduler_job.py:639} INFO - DAG(s) dict_keys(['example_dag_decorator']) retrieved from /home/airflow/.local/lib/python3.6/site-packages/airflow/example_dags/example_dag_decorator.py
[2023-03-20 15:08:43,519] {logging_mixin.py:104} INFO - [2023-03-20 15:08:43,519] {dag.py:1824} INFO - Sync 1 DAGs
[2023-03-20 15:08:43,534] {logging_mixin.py:104} INFO - [2023-03-20 15:08:43,534] {dag.py:2280} INFO - Setting next_dagrun for example_dag_decorator to None
[2023-03-20 15:08:43,546] {scheduler_job.py:190} INFO - Processing /home/airflow/.local/lib/python3.6/site-packages/airflow/example_dags/example_dag_decorator.py took 0.076 seconds
[2023-03-20 15:09:14,227] {scheduler_job.py:182} INFO - Started process (PID=744) to work on /home/airflow/.local/lib/python3.6/site-packages/airflow/example_dags/example_dag_decorator.py
[2023-03-20 15:09:14,229] {scheduler_job.py:629} INFO - Processing file /home/airflow/.local/lib/python3.6/site-packages/airflow/example_dags/example_dag_decorator.py for tasks to queue
[2023-03-20 15:09:14,230] {logging_mixin.py:104} INFO - [2023-03-20 15:09:14,230] {dagbag.py:451} INFO - Filling up the DagBag from /home/airflow/.local/lib/python3.6/site-packages/airflow/example_dags/example_dag_decorator.py
[2023-03-20 15:09:14,249] {scheduler_job.py:639} INFO - DAG(s) dict_keys(['example_dag_decorator']) retrieved from /home/airflow/.local/lib/python3.6/site-packages/airflow/example_dags/example_dag_decorator.py
[2023-03-20 15:09:14,274] {logging_mixin.py:104} INFO - [2023-03-20 15:09:14,274] {dag.py:1824} INFO - Sync 1 DAGs
[2023-03-20 15:09:14,286] {logging_mixin.py:104} INFO - [2023-03-20 15:09:14,286] {dag.py:2280} INFO - Setting next_dagrun for example_dag_decorator to None
[2023-03-20 15:09:14,296] {scheduler_job.py:190} INFO - Processing /home/airflow/.local/lib/python3.6/site-packages/airflow/example_dags/example_dag_decorator.py took 0.073 seconds
