[2023-03-20T11:13:31.515+0000] {processor.py:153} INFO - Started process (PID=53) to work on /home/airflow/.local/lib/python3.7/site-packages/airflow/example_dags/example_branch_day_of_week_operator.py
[2023-03-20T11:13:31.517+0000] {processor.py:743} INFO - Processing file /home/airflow/.local/lib/python3.7/site-packages/airflow/example_dags/example_branch_day_of_week_operator.py for tasks to queue
[2023-03-20T11:13:31.518+0000] {logging_mixin.py:137} INFO - [2023-03-20T11:13:31.518+0000] {dagbag.py:532} INFO - Filling up the DagBag from /home/airflow/.local/lib/python3.7/site-packages/airflow/example_dags/example_branch_day_of_week_operator.py
[2023-03-20T11:13:31.542+0000] {processor.py:753} INFO - DAG(s) dict_keys(['example_weekday_branch_operator']) retrieved from /home/airflow/.local/lib/python3.7/site-packages/airflow/example_dags/example_branch_day_of_week_operator.py
[2023-03-20T11:13:31.578+0000] {logging_mixin.py:137} INFO - [2023-03-20T11:13:31.578+0000] {dag.py:2693} INFO - Sync 1 DAGs
[2023-03-20T11:13:31.625+0000] {logging_mixin.py:137} INFO - [2023-03-20T11:13:31.625+0000] {dag.py:3444} INFO - Setting next_dagrun for example_weekday_branch_operator to 2023-03-19T00:00:00+00:00, run_after=2023-03-20T00:00:00+00:00
[2023-03-20T11:13:31.650+0000] {processor.py:175} INFO - Processing /home/airflow/.local/lib/python3.7/site-packages/airflow/example_dags/example_branch_day_of_week_operator.py took 0.139 seconds
[2023-03-20T11:14:02.567+0000] {processor.py:153} INFO - Started process (PID=102) to work on /home/airflow/.local/lib/python3.7/site-packages/airflow/example_dags/example_branch_day_of_week_operator.py
[2023-03-20T11:14:02.569+0000] {processor.py:743} INFO - Processing file /home/airflow/.local/lib/python3.7/site-packages/airflow/example_dags/example_branch_day_of_week_operator.py for tasks to queue
[2023-03-20T11:14:02.570+0000] {logging_mixin.py:137} INFO - [2023-03-20T11:14:02.570+0000] {dagbag.py:532} INFO - Filling up the DagBag from /home/airflow/.local/lib/python3.7/site-packages/airflow/example_dags/example_branch_day_of_week_operator.py
[2023-03-20T11:14:02.597+0000] {processor.py:753} INFO - DAG(s) dict_keys(['example_weekday_branch_operator']) retrieved from /home/airflow/.local/lib/python3.7/site-packages/airflow/example_dags/example_branch_day_of_week_operator.py
[2023-03-20T11:14:02.632+0000] {logging_mixin.py:137} INFO - [2023-03-20T11:14:02.632+0000] {dag.py:2693} INFO - Sync 1 DAGs
[2023-03-20T11:14:02.655+0000] {logging_mixin.py:137} INFO - [2023-03-20T11:14:02.655+0000] {dag.py:3444} INFO - Setting next_dagrun for example_weekday_branch_operator to 2023-03-19T00:00:00+00:00, run_after=2023-03-20T00:00:00+00:00
[2023-03-20T11:14:02.669+0000] {processor.py:175} INFO - Processing /home/airflow/.local/lib/python3.7/site-packages/airflow/example_dags/example_branch_day_of_week_operator.py took 0.106 seconds
[2023-03-20T11:14:32.980+0000] {processor.py:153} INFO - Started process (PID=152) to work on /home/airflow/.local/lib/python3.7/site-packages/airflow/example_dags/example_branch_day_of_week_operator.py
[2023-03-20T11:14:32.981+0000] {processor.py:743} INFO - Processing file /home/airflow/.local/lib/python3.7/site-packages/airflow/example_dags/example_branch_day_of_week_operator.py for tasks to queue
[2023-03-20T11:14:32.982+0000] {logging_mixin.py:137} INFO - [2023-03-20T11:14:32.982+0000] {dagbag.py:532} INFO - Filling up the DagBag from /home/airflow/.local/lib/python3.7/site-packages/airflow/example_dags/example_branch_day_of_week_operator.py
[2023-03-20T11:14:32.994+0000] {processor.py:753} INFO - DAG(s) dict_keys(['example_weekday_branch_operator']) retrieved from /home/airflow/.local/lib/python3.7/site-packages/airflow/example_dags/example_branch_day_of_week_operator.py
[2023-03-20T11:14:33.006+0000] {logging_mixin.py:137} INFO - [2023-03-20T11:14:33.006+0000] {dag.py:2693} INFO - Sync 1 DAGs
[2023-03-20T11:14:33.026+0000] {logging_mixin.py:137} INFO - [2023-03-20T11:14:33.026+0000] {dag.py:3444} INFO - Setting next_dagrun for example_weekday_branch_operator to 2023-03-19T00:00:00+00:00, run_after=2023-03-20T00:00:00+00:00
[2023-03-20T11:14:33.042+0000] {processor.py:175} INFO - Processing /home/airflow/.local/lib/python3.7/site-packages/airflow/example_dags/example_branch_day_of_week_operator.py took 0.066 seconds
[2023-03-20T11:15:03.801+0000] {processor.py:153} INFO - Started process (PID=201) to work on /home/airflow/.local/lib/python3.7/site-packages/airflow/example_dags/example_branch_day_of_week_operator.py
[2023-03-20T11:15:03.803+0000] {processor.py:743} INFO - Processing file /home/airflow/.local/lib/python3.7/site-packages/airflow/example_dags/example_branch_day_of_week_operator.py for tasks to queue
[2023-03-20T11:15:03.804+0000] {logging_mixin.py:137} INFO - [2023-03-20T11:15:03.804+0000] {dagbag.py:532} INFO - Filling up the DagBag from /home/airflow/.local/lib/python3.7/site-packages/airflow/example_dags/example_branch_day_of_week_operator.py
[2023-03-20T11:15:03.824+0000] {processor.py:753} INFO - DAG(s) dict_keys(['example_weekday_branch_operator']) retrieved from /home/airflow/.local/lib/python3.7/site-packages/airflow/example_dags/example_branch_day_of_week_operator.py
[2023-03-20T11:15:03.892+0000] {logging_mixin.py:137} INFO - [2023-03-20T11:15:03.892+0000] {dag.py:2693} INFO - Sync 1 DAGs
[2023-03-20T11:15:03.925+0000] {logging_mixin.py:137} INFO - [2023-03-20T11:15:03.925+0000] {dag.py:3444} INFO - Setting next_dagrun for example_weekday_branch_operator to 2023-03-19T00:00:00+00:00, run_after=2023-03-20T00:00:00+00:00
[2023-03-20T11:15:03.939+0000] {processor.py:175} INFO - Processing /home/airflow/.local/lib/python3.7/site-packages/airflow/example_dags/example_branch_day_of_week_operator.py took 0.141 seconds
[2023-03-20T11:15:34.563+0000] {processor.py:153} INFO - Started process (PID=250) to work on /home/airflow/.local/lib/python3.7/site-packages/airflow/example_dags/example_branch_day_of_week_operator.py
[2023-03-20T11:15:34.564+0000] {processor.py:743} INFO - Processing file /home/airflow/.local/lib/python3.7/site-packages/airflow/example_dags/example_branch_day_of_week_operator.py for tasks to queue
[2023-03-20T11:15:34.565+0000] {logging_mixin.py:137} INFO - [2023-03-20T11:15:34.565+0000] {dagbag.py:532} INFO - Filling up the DagBag from /home/airflow/.local/lib/python3.7/site-packages/airflow/example_dags/example_branch_day_of_week_operator.py
[2023-03-20T11:15:34.577+0000] {processor.py:753} INFO - DAG(s) dict_keys(['example_weekday_branch_operator']) retrieved from /home/airflow/.local/lib/python3.7/site-packages/airflow/example_dags/example_branch_day_of_week_operator.py
[2023-03-20T11:15:34.599+0000] {logging_mixin.py:137} INFO - [2023-03-20T11:15:34.599+0000] {dag.py:2693} INFO - Sync 1 DAGs
[2023-03-20T11:15:34.620+0000] {logging_mixin.py:137} INFO - [2023-03-20T11:15:34.620+0000] {dag.py:3444} INFO - Setting next_dagrun for example_weekday_branch_operator to 2023-03-19T00:00:00+00:00, run_after=2023-03-20T00:00:00+00:00
[2023-03-20T11:15:34.636+0000] {processor.py:175} INFO - Processing /home/airflow/.local/lib/python3.7/site-packages/airflow/example_dags/example_branch_day_of_week_operator.py took 0.076 seconds
[2023-03-20T11:16:05.001+0000] {processor.py:153} INFO - Started process (PID=299) to work on /home/airflow/.local/lib/python3.7/site-packages/airflow/example_dags/example_branch_day_of_week_operator.py
[2023-03-20T11:16:05.002+0000] {processor.py:743} INFO - Processing file /home/airflow/.local/lib/python3.7/site-packages/airflow/example_dags/example_branch_day_of_week_operator.py for tasks to queue
[2023-03-20T11:16:05.002+0000] {logging_mixin.py:137} INFO - [2023-03-20T11:16:05.002+0000] {dagbag.py:532} INFO - Filling up the DagBag from /home/airflow/.local/lib/python3.7/site-packages/airflow/example_dags/example_branch_day_of_week_operator.py
[2023-03-20T11:16:05.013+0000] {processor.py:753} INFO - DAG(s) dict_keys(['example_weekday_branch_operator']) retrieved from /home/airflow/.local/lib/python3.7/site-packages/airflow/example_dags/example_branch_day_of_week_operator.py
[2023-03-20T11:16:05.034+0000] {logging_mixin.py:137} INFO - [2023-03-20T11:16:05.034+0000] {dag.py:2693} INFO - Sync 1 DAGs
[2023-03-20T11:16:05.052+0000] {logging_mixin.py:137} INFO - [2023-03-20T11:16:05.051+0000] {dag.py:3444} INFO - Setting next_dagrun for example_weekday_branch_operator to 2023-03-19T00:00:00+00:00, run_after=2023-03-20T00:00:00+00:00
[2023-03-20T11:16:05.066+0000] {processor.py:175} INFO - Processing /home/airflow/.local/lib/python3.7/site-packages/airflow/example_dags/example_branch_day_of_week_operator.py took 0.069 seconds
[2023-03-20T11:16:35.516+0000] {processor.py:153} INFO - Started process (PID=348) to work on /home/airflow/.local/lib/python3.7/site-packages/airflow/example_dags/example_branch_day_of_week_operator.py
[2023-03-20T11:16:35.518+0000] {processor.py:743} INFO - Processing file /home/airflow/.local/lib/python3.7/site-packages/airflow/example_dags/example_branch_day_of_week_operator.py for tasks to queue
[2023-03-20T11:16:35.519+0000] {logging_mixin.py:137} INFO - [2023-03-20T11:16:35.519+0000] {dagbag.py:532} INFO - Filling up the DagBag from /home/airflow/.local/lib/python3.7/site-packages/airflow/example_dags/example_branch_day_of_week_operator.py
[2023-03-20T11:16:35.531+0000] {processor.py:753} INFO - DAG(s) dict_keys(['example_weekday_branch_operator']) retrieved from /home/airflow/.local/lib/python3.7/site-packages/airflow/example_dags/example_branch_day_of_week_operator.py
[2023-03-20T11:16:35.553+0000] {logging_mixin.py:137} INFO - [2023-03-20T11:16:35.553+0000] {dag.py:2693} INFO - Sync 1 DAGs
[2023-03-20T11:16:35.570+0000] {logging_mixin.py:137} INFO - [2023-03-20T11:16:35.570+0000] {dag.py:3444} INFO - Setting next_dagrun for example_weekday_branch_operator to 2023-03-19T00:00:00+00:00, run_after=2023-03-20T00:00:00+00:00
[2023-03-20T11:16:35.582+0000] {processor.py:175} INFO - Processing /home/airflow/.local/lib/python3.7/site-packages/airflow/example_dags/example_branch_day_of_week_operator.py took 0.069 seconds
[2023-03-20T11:17:05.965+0000] {processor.py:153} INFO - Started process (PID=397) to work on /home/airflow/.local/lib/python3.7/site-packages/airflow/example_dags/example_branch_day_of_week_operator.py
[2023-03-20T11:17:05.967+0000] {processor.py:743} INFO - Processing file /home/airflow/.local/lib/python3.7/site-packages/airflow/example_dags/example_branch_day_of_week_operator.py for tasks to queue
[2023-03-20T11:17:05.967+0000] {logging_mixin.py:137} INFO - [2023-03-20T11:17:05.967+0000] {dagbag.py:532} INFO - Filling up the DagBag from /home/airflow/.local/lib/python3.7/site-packages/airflow/example_dags/example_branch_day_of_week_operator.py
[2023-03-20T11:17:05.981+0000] {processor.py:753} INFO - DAG(s) dict_keys(['example_weekday_branch_operator']) retrieved from /home/airflow/.local/lib/python3.7/site-packages/airflow/example_dags/example_branch_day_of_week_operator.py
[2023-03-20T11:17:06.005+0000] {logging_mixin.py:137} INFO - [2023-03-20T11:17:06.005+0000] {dag.py:2693} INFO - Sync 1 DAGs
[2023-03-20T11:17:06.031+0000] {logging_mixin.py:137} INFO - [2023-03-20T11:17:06.030+0000] {dag.py:3444} INFO - Setting next_dagrun for example_weekday_branch_operator to 2023-03-19T00:00:00+00:00, run_after=2023-03-20T00:00:00+00:00
[2023-03-20T11:17:06.054+0000] {processor.py:175} INFO - Processing /home/airflow/.local/lib/python3.7/site-packages/airflow/example_dags/example_branch_day_of_week_operator.py took 0.092 seconds
[2023-03-20T11:17:36.888+0000] {processor.py:153} INFO - Started process (PID=446) to work on /home/airflow/.local/lib/python3.7/site-packages/airflow/example_dags/example_branch_day_of_week_operator.py
[2023-03-20T11:17:36.890+0000] {processor.py:743} INFO - Processing file /home/airflow/.local/lib/python3.7/site-packages/airflow/example_dags/example_branch_day_of_week_operator.py for tasks to queue
[2023-03-20T11:17:36.893+0000] {logging_mixin.py:137} INFO - [2023-03-20T11:17:36.892+0000] {dagbag.py:532} INFO - Filling up the DagBag from /home/airflow/.local/lib/python3.7/site-packages/airflow/example_dags/example_branch_day_of_week_operator.py
[2023-03-20T11:17:36.908+0000] {processor.py:753} INFO - DAG(s) dict_keys(['example_weekday_branch_operator']) retrieved from /home/airflow/.local/lib/python3.7/site-packages/airflow/example_dags/example_branch_day_of_week_operator.py
[2023-03-20T11:17:36.934+0000] {logging_mixin.py:137} INFO - [2023-03-20T11:17:36.934+0000] {dag.py:2693} INFO - Sync 1 DAGs
[2023-03-20T11:17:36.952+0000] {logging_mixin.py:137} INFO - [2023-03-20T11:17:36.952+0000] {dag.py:3444} INFO - Setting next_dagrun for example_weekday_branch_operator to 2023-03-19T00:00:00+00:00, run_after=2023-03-20T00:00:00+00:00
[2023-03-20T11:17:36.964+0000] {processor.py:175} INFO - Processing /home/airflow/.local/lib/python3.7/site-packages/airflow/example_dags/example_branch_day_of_week_operator.py took 0.079 seconds
[2023-03-20T11:18:07.331+0000] {processor.py:153} INFO - Started process (PID=495) to work on /home/airflow/.local/lib/python3.7/site-packages/airflow/example_dags/example_branch_day_of_week_operator.py
[2023-03-20T11:18:07.332+0000] {processor.py:743} INFO - Processing file /home/airflow/.local/lib/python3.7/site-packages/airflow/example_dags/example_branch_day_of_week_operator.py for tasks to queue
[2023-03-20T11:18:07.333+0000] {logging_mixin.py:137} INFO - [2023-03-20T11:18:07.333+0000] {dagbag.py:532} INFO - Filling up the DagBag from /home/airflow/.local/lib/python3.7/site-packages/airflow/example_dags/example_branch_day_of_week_operator.py
[2023-03-20T11:18:07.344+0000] {processor.py:753} INFO - DAG(s) dict_keys(['example_weekday_branch_operator']) retrieved from /home/airflow/.local/lib/python3.7/site-packages/airflow/example_dags/example_branch_day_of_week_operator.py
[2023-03-20T11:18:07.365+0000] {logging_mixin.py:137} INFO - [2023-03-20T11:18:07.365+0000] {dag.py:2693} INFO - Sync 1 DAGs
[2023-03-20T11:18:07.382+0000] {logging_mixin.py:137} INFO - [2023-03-20T11:18:07.382+0000] {dag.py:3444} INFO - Setting next_dagrun for example_weekday_branch_operator to 2023-03-19T00:00:00+00:00, run_after=2023-03-20T00:00:00+00:00
[2023-03-20T11:18:07.395+0000] {processor.py:175} INFO - Processing /home/airflow/.local/lib/python3.7/site-packages/airflow/example_dags/example_branch_day_of_week_operator.py took 0.067 seconds
[2023-03-20T11:18:38.189+0000] {processor.py:153} INFO - Started process (PID=544) to work on /home/airflow/.local/lib/python3.7/site-packages/airflow/example_dags/example_branch_day_of_week_operator.py
[2023-03-20T11:18:38.190+0000] {processor.py:743} INFO - Processing file /home/airflow/.local/lib/python3.7/site-packages/airflow/example_dags/example_branch_day_of_week_operator.py for tasks to queue
[2023-03-20T11:18:38.191+0000] {logging_mixin.py:137} INFO - [2023-03-20T11:18:38.191+0000] {dagbag.py:532} INFO - Filling up the DagBag from /home/airflow/.local/lib/python3.7/site-packages/airflow/example_dags/example_branch_day_of_week_operator.py
[2023-03-20T11:18:38.203+0000] {processor.py:753} INFO - DAG(s) dict_keys(['example_weekday_branch_operator']) retrieved from /home/airflow/.local/lib/python3.7/site-packages/airflow/example_dags/example_branch_day_of_week_operator.py
[2023-03-20T11:18:38.224+0000] {logging_mixin.py:137} INFO - [2023-03-20T11:18:38.224+0000] {dag.py:2693} INFO - Sync 1 DAGs
[2023-03-20T11:18:38.241+0000] {logging_mixin.py:137} INFO - [2023-03-20T11:18:38.240+0000] {dag.py:3444} INFO - Setting next_dagrun for example_weekday_branch_operator to 2023-03-19T00:00:00+00:00, run_after=2023-03-20T00:00:00+00:00
[2023-03-20T11:18:38.252+0000] {processor.py:175} INFO - Processing /home/airflow/.local/lib/python3.7/site-packages/airflow/example_dags/example_branch_day_of_week_operator.py took 0.065 seconds
[2023-03-20T11:19:08.584+0000] {processor.py:153} INFO - Started process (PID=593) to work on /home/airflow/.local/lib/python3.7/site-packages/airflow/example_dags/example_branch_day_of_week_operator.py
[2023-03-20T11:19:08.585+0000] {processor.py:743} INFO - Processing file /home/airflow/.local/lib/python3.7/site-packages/airflow/example_dags/example_branch_day_of_week_operator.py for tasks to queue
[2023-03-20T11:19:08.586+0000] {logging_mixin.py:137} INFO - [2023-03-20T11:19:08.586+0000] {dagbag.py:532} INFO - Filling up the DagBag from /home/airflow/.local/lib/python3.7/site-packages/airflow/example_dags/example_branch_day_of_week_operator.py
[2023-03-20T11:19:08.598+0000] {processor.py:753} INFO - DAG(s) dict_keys(['example_weekday_branch_operator']) retrieved from /home/airflow/.local/lib/python3.7/site-packages/airflow/example_dags/example_branch_day_of_week_operator.py
[2023-03-20T11:19:08.620+0000] {logging_mixin.py:137} INFO - [2023-03-20T11:19:08.620+0000] {dag.py:2693} INFO - Sync 1 DAGs
[2023-03-20T11:19:08.637+0000] {logging_mixin.py:137} INFO - [2023-03-20T11:19:08.637+0000] {dag.py:3444} INFO - Setting next_dagrun for example_weekday_branch_operator to 2023-03-19T00:00:00+00:00, run_after=2023-03-20T00:00:00+00:00
[2023-03-20T11:19:08.648+0000] {processor.py:175} INFO - Processing /home/airflow/.local/lib/python3.7/site-packages/airflow/example_dags/example_branch_day_of_week_operator.py took 0.067 seconds
[2023-03-20T11:19:38.942+0000] {processor.py:153} INFO - Started process (PID=642) to work on /home/airflow/.local/lib/python3.7/site-packages/airflow/example_dags/example_branch_day_of_week_operator.py
[2023-03-20T11:19:38.943+0000] {processor.py:743} INFO - Processing file /home/airflow/.local/lib/python3.7/site-packages/airflow/example_dags/example_branch_day_of_week_operator.py for tasks to queue
[2023-03-20T11:19:38.944+0000] {logging_mixin.py:137} INFO - [2023-03-20T11:19:38.944+0000] {dagbag.py:532} INFO - Filling up the DagBag from /home/airflow/.local/lib/python3.7/site-packages/airflow/example_dags/example_branch_day_of_week_operator.py
[2023-03-20T11:19:38.956+0000] {processor.py:753} INFO - DAG(s) dict_keys(['example_weekday_branch_operator']) retrieved from /home/airflow/.local/lib/python3.7/site-packages/airflow/example_dags/example_branch_day_of_week_operator.py
[2023-03-20T11:19:38.977+0000] {logging_mixin.py:137} INFO - [2023-03-20T11:19:38.977+0000] {dag.py:2693} INFO - Sync 1 DAGs
[2023-03-20T11:19:38.994+0000] {logging_mixin.py:137} INFO - [2023-03-20T11:19:38.994+0000] {dag.py:3444} INFO - Setting next_dagrun for example_weekday_branch_operator to 2023-03-19T00:00:00+00:00, run_after=2023-03-20T00:00:00+00:00
[2023-03-20T11:19:39.005+0000] {processor.py:175} INFO - Processing /home/airflow/.local/lib/python3.7/site-packages/airflow/example_dags/example_branch_day_of_week_operator.py took 0.065 seconds
[2023-03-20T11:20:09.306+0000] {processor.py:153} INFO - Started process (PID=691) to work on /home/airflow/.local/lib/python3.7/site-packages/airflow/example_dags/example_branch_day_of_week_operator.py
[2023-03-20T11:20:09.307+0000] {processor.py:743} INFO - Processing file /home/airflow/.local/lib/python3.7/site-packages/airflow/example_dags/example_branch_day_of_week_operator.py for tasks to queue
[2023-03-20T11:20:09.308+0000] {logging_mixin.py:137} INFO - [2023-03-20T11:20:09.308+0000] {dagbag.py:532} INFO - Filling up the DagBag from /home/airflow/.local/lib/python3.7/site-packages/airflow/example_dags/example_branch_day_of_week_operator.py
[2023-03-20T11:20:09.320+0000] {processor.py:753} INFO - DAG(s) dict_keys(['example_weekday_branch_operator']) retrieved from /home/airflow/.local/lib/python3.7/site-packages/airflow/example_dags/example_branch_day_of_week_operator.py
[2023-03-20T11:20:09.341+0000] {logging_mixin.py:137} INFO - [2023-03-20T11:20:09.341+0000] {dag.py:2693} INFO - Sync 1 DAGs
[2023-03-20T11:20:09.357+0000] {logging_mixin.py:137} INFO - [2023-03-20T11:20:09.357+0000] {dag.py:3444} INFO - Setting next_dagrun for example_weekday_branch_operator to 2023-03-19T00:00:00+00:00, run_after=2023-03-20T00:00:00+00:00
[2023-03-20T11:20:09.368+0000] {processor.py:175} INFO - Processing /home/airflow/.local/lib/python3.7/site-packages/airflow/example_dags/example_branch_day_of_week_operator.py took 0.065 seconds
[2023-03-20T11:20:39.774+0000] {processor.py:153} INFO - Started process (PID=740) to work on /home/airflow/.local/lib/python3.7/site-packages/airflow/example_dags/example_branch_day_of_week_operator.py
[2023-03-20T11:20:39.776+0000] {processor.py:743} INFO - Processing file /home/airflow/.local/lib/python3.7/site-packages/airflow/example_dags/example_branch_day_of_week_operator.py for tasks to queue
[2023-03-20T11:20:39.777+0000] {logging_mixin.py:137} INFO - [2023-03-20T11:20:39.777+0000] {dagbag.py:532} INFO - Filling up the DagBag from /home/airflow/.local/lib/python3.7/site-packages/airflow/example_dags/example_branch_day_of_week_operator.py
[2023-03-20T11:20:39.789+0000] {processor.py:753} INFO - DAG(s) dict_keys(['example_weekday_branch_operator']) retrieved from /home/airflow/.local/lib/python3.7/site-packages/airflow/example_dags/example_branch_day_of_week_operator.py
[2023-03-20T11:20:39.810+0000] {logging_mixin.py:137} INFO - [2023-03-20T11:20:39.810+0000] {dag.py:2693} INFO - Sync 1 DAGs
[2023-03-20T11:20:39.827+0000] {logging_mixin.py:137} INFO - [2023-03-20T11:20:39.827+0000] {dag.py:3444} INFO - Setting next_dagrun for example_weekday_branch_operator to 2023-03-19T00:00:00+00:00, run_after=2023-03-20T00:00:00+00:00
[2023-03-20T11:20:39.838+0000] {processor.py:175} INFO - Processing /home/airflow/.local/lib/python3.7/site-packages/airflow/example_dags/example_branch_day_of_week_operator.py took 0.067 seconds
[2023-03-20T11:21:10.067+0000] {processor.py:153} INFO - Started process (PID=789) to work on /home/airflow/.local/lib/python3.7/site-packages/airflow/example_dags/example_branch_day_of_week_operator.py
[2023-03-20T11:21:10.068+0000] {processor.py:743} INFO - Processing file /home/airflow/.local/lib/python3.7/site-packages/airflow/example_dags/example_branch_day_of_week_operator.py for tasks to queue
[2023-03-20T11:21:10.069+0000] {logging_mixin.py:137} INFO - [2023-03-20T11:21:10.069+0000] {dagbag.py:532} INFO - Filling up the DagBag from /home/airflow/.local/lib/python3.7/site-packages/airflow/example_dags/example_branch_day_of_week_operator.py
[2023-03-20T11:21:10.079+0000] {processor.py:753} INFO - DAG(s) dict_keys(['example_weekday_branch_operator']) retrieved from /home/airflow/.local/lib/python3.7/site-packages/airflow/example_dags/example_branch_day_of_week_operator.py
[2023-03-20T11:21:10.100+0000] {logging_mixin.py:137} INFO - [2023-03-20T11:21:10.100+0000] {dag.py:2693} INFO - Sync 1 DAGs
[2023-03-20T11:21:10.117+0000] {logging_mixin.py:137} INFO - [2023-03-20T11:21:10.117+0000] {dag.py:3444} INFO - Setting next_dagrun for example_weekday_branch_operator to 2023-03-19T00:00:00+00:00, run_after=2023-03-20T00:00:00+00:00
[2023-03-20T11:21:10.129+0000] {processor.py:175} INFO - Processing /home/airflow/.local/lib/python3.7/site-packages/airflow/example_dags/example_branch_day_of_week_operator.py took 0.064 seconds
[2023-03-20T11:21:40.489+0000] {processor.py:153} INFO - Started process (PID=838) to work on /home/airflow/.local/lib/python3.7/site-packages/airflow/example_dags/example_branch_day_of_week_operator.py
[2023-03-20T11:21:40.490+0000] {processor.py:743} INFO - Processing file /home/airflow/.local/lib/python3.7/site-packages/airflow/example_dags/example_branch_day_of_week_operator.py for tasks to queue
[2023-03-20T11:21:40.491+0000] {logging_mixin.py:137} INFO - [2023-03-20T11:21:40.491+0000] {dagbag.py:532} INFO - Filling up the DagBag from /home/airflow/.local/lib/python3.7/site-packages/airflow/example_dags/example_branch_day_of_week_operator.py
[2023-03-20T11:21:40.502+0000] {processor.py:753} INFO - DAG(s) dict_keys(['example_weekday_branch_operator']) retrieved from /home/airflow/.local/lib/python3.7/site-packages/airflow/example_dags/example_branch_day_of_week_operator.py
[2023-03-20T11:21:40.526+0000] {logging_mixin.py:137} INFO - [2023-03-20T11:21:40.526+0000] {dag.py:2693} INFO - Sync 1 DAGs
[2023-03-20T11:21:40.543+0000] {logging_mixin.py:137} INFO - [2023-03-20T11:21:40.543+0000] {dag.py:3444} INFO - Setting next_dagrun for example_weekday_branch_operator to 2023-03-19T00:00:00+00:00, run_after=2023-03-20T00:00:00+00:00
[2023-03-20T11:21:40.554+0000] {processor.py:175} INFO - Processing /home/airflow/.local/lib/python3.7/site-packages/airflow/example_dags/example_branch_day_of_week_operator.py took 0.068 seconds
[2023-03-20T11:22:10.842+0000] {processor.py:153} INFO - Started process (PID=887) to work on /home/airflow/.local/lib/python3.7/site-packages/airflow/example_dags/example_branch_day_of_week_operator.py
[2023-03-20T11:22:10.843+0000] {processor.py:743} INFO - Processing file /home/airflow/.local/lib/python3.7/site-packages/airflow/example_dags/example_branch_day_of_week_operator.py for tasks to queue
[2023-03-20T11:22:10.844+0000] {logging_mixin.py:137} INFO - [2023-03-20T11:22:10.844+0000] {dagbag.py:532} INFO - Filling up the DagBag from /home/airflow/.local/lib/python3.7/site-packages/airflow/example_dags/example_branch_day_of_week_operator.py
[2023-03-20T11:22:10.856+0000] {processor.py:753} INFO - DAG(s) dict_keys(['example_weekday_branch_operator']) retrieved from /home/airflow/.local/lib/python3.7/site-packages/airflow/example_dags/example_branch_day_of_week_operator.py
[2023-03-20T11:22:10.877+0000] {logging_mixin.py:137} INFO - [2023-03-20T11:22:10.877+0000] {dag.py:2693} INFO - Sync 1 DAGs
[2023-03-20T11:22:10.896+0000] {logging_mixin.py:137} INFO - [2023-03-20T11:22:10.895+0000] {dag.py:3444} INFO - Setting next_dagrun for example_weekday_branch_operator to 2023-03-19T00:00:00+00:00, run_after=2023-03-20T00:00:00+00:00
[2023-03-20T11:22:10.906+0000] {processor.py:175} INFO - Processing /home/airflow/.local/lib/python3.7/site-packages/airflow/example_dags/example_branch_day_of_week_operator.py took 0.067 seconds
[2023-03-20T11:22:41.627+0000] {processor.py:153} INFO - Started process (PID=936) to work on /home/airflow/.local/lib/python3.7/site-packages/airflow/example_dags/example_branch_day_of_week_operator.py
[2023-03-20T11:22:41.628+0000] {processor.py:743} INFO - Processing file /home/airflow/.local/lib/python3.7/site-packages/airflow/example_dags/example_branch_day_of_week_operator.py for tasks to queue
[2023-03-20T11:22:41.629+0000] {logging_mixin.py:137} INFO - [2023-03-20T11:22:41.629+0000] {dagbag.py:532} INFO - Filling up the DagBag from /home/airflow/.local/lib/python3.7/site-packages/airflow/example_dags/example_branch_day_of_week_operator.py
[2023-03-20T11:22:41.643+0000] {processor.py:753} INFO - DAG(s) dict_keys(['example_weekday_branch_operator']) retrieved from /home/airflow/.local/lib/python3.7/site-packages/airflow/example_dags/example_branch_day_of_week_operator.py
[2023-03-20T11:22:41.668+0000] {logging_mixin.py:137} INFO - [2023-03-20T11:22:41.668+0000] {dag.py:2693} INFO - Sync 1 DAGs
[2023-03-20T11:22:41.686+0000] {logging_mixin.py:137} INFO - [2023-03-20T11:22:41.686+0000] {dag.py:3444} INFO - Setting next_dagrun for example_weekday_branch_operator to 2023-03-19T00:00:00+00:00, run_after=2023-03-20T00:00:00+00:00
[2023-03-20T11:22:41.698+0000] {processor.py:175} INFO - Processing /home/airflow/.local/lib/python3.7/site-packages/airflow/example_dags/example_branch_day_of_week_operator.py took 0.075 seconds
[2023-03-20T11:23:12.126+0000] {processor.py:153} INFO - Started process (PID=985) to work on /home/airflow/.local/lib/python3.7/site-packages/airflow/example_dags/example_branch_day_of_week_operator.py
[2023-03-20T11:23:12.127+0000] {processor.py:743} INFO - Processing file /home/airflow/.local/lib/python3.7/site-packages/airflow/example_dags/example_branch_day_of_week_operator.py for tasks to queue
[2023-03-20T11:23:12.128+0000] {logging_mixin.py:137} INFO - [2023-03-20T11:23:12.128+0000] {dagbag.py:532} INFO - Filling up the DagBag from /home/airflow/.local/lib/python3.7/site-packages/airflow/example_dags/example_branch_day_of_week_operator.py
[2023-03-20T11:23:12.139+0000] {processor.py:753} INFO - DAG(s) dict_keys(['example_weekday_branch_operator']) retrieved from /home/airflow/.local/lib/python3.7/site-packages/airflow/example_dags/example_branch_day_of_week_operator.py
[2023-03-20T11:23:12.160+0000] {logging_mixin.py:137} INFO - [2023-03-20T11:23:12.160+0000] {dag.py:2693} INFO - Sync 1 DAGs
[2023-03-20T11:23:12.178+0000] {logging_mixin.py:137} INFO - [2023-03-20T11:23:12.177+0000] {dag.py:3444} INFO - Setting next_dagrun for example_weekday_branch_operator to 2023-03-19T00:00:00+00:00, run_after=2023-03-20T00:00:00+00:00
[2023-03-20T11:23:12.192+0000] {processor.py:175} INFO - Processing /home/airflow/.local/lib/python3.7/site-packages/airflow/example_dags/example_branch_day_of_week_operator.py took 0.068 seconds
[2023-03-20T11:23:42.667+0000] {processor.py:153} INFO - Started process (PID=1034) to work on /home/airflow/.local/lib/python3.7/site-packages/airflow/example_dags/example_branch_day_of_week_operator.py
[2023-03-20T11:23:42.669+0000] {processor.py:743} INFO - Processing file /home/airflow/.local/lib/python3.7/site-packages/airflow/example_dags/example_branch_day_of_week_operator.py for tasks to queue
[2023-03-20T11:23:42.669+0000] {logging_mixin.py:137} INFO - [2023-03-20T11:23:42.669+0000] {dagbag.py:532} INFO - Filling up the DagBag from /home/airflow/.local/lib/python3.7/site-packages/airflow/example_dags/example_branch_day_of_week_operator.py
[2023-03-20T11:23:42.682+0000] {processor.py:753} INFO - DAG(s) dict_keys(['example_weekday_branch_operator']) retrieved from /home/airflow/.local/lib/python3.7/site-packages/airflow/example_dags/example_branch_day_of_week_operator.py
[2023-03-20T11:23:42.705+0000] {logging_mixin.py:137} INFO - [2023-03-20T11:23:42.705+0000] {dag.py:2693} INFO - Sync 1 DAGs
[2023-03-20T11:23:42.722+0000] {logging_mixin.py:137} INFO - [2023-03-20T11:23:42.721+0000] {dag.py:3444} INFO - Setting next_dagrun for example_weekday_branch_operator to 2023-03-19T00:00:00+00:00, run_after=2023-03-20T00:00:00+00:00
[2023-03-20T11:23:42.733+0000] {processor.py:175} INFO - Processing /home/airflow/.local/lib/python3.7/site-packages/airflow/example_dags/example_branch_day_of_week_operator.py took 0.069 seconds
