[2023-03-20T11:13:32.198+0000] {processor.py:153} INFO - Started process (PID=58) to work on /home/airflow/.local/lib/python3.7/site-packages/airflow/example_dags/example_task_group.py
[2023-03-20T11:13:32.204+0000] {processor.py:743} INFO - Processing file /home/airflow/.local/lib/python3.7/site-packages/airflow/example_dags/example_task_group.py for tasks to queue
[2023-03-20T11:13:32.207+0000] {logging_mixin.py:137} INFO - [2023-03-20T11:13:32.207+0000] {dagbag.py:532} INFO - Filling up the DagBag from /home/airflow/.local/lib/python3.7/site-packages/airflow/example_dags/example_task_group.py
[2023-03-20T11:13:32.289+0000] {processor.py:753} INFO - DAG(s) dict_keys(['example_task_group']) retrieved from /home/airflow/.local/lib/python3.7/site-packages/airflow/example_dags/example_task_group.py
[2023-03-20T11:13:32.347+0000] {logging_mixin.py:137} INFO - [2023-03-20T11:13:32.347+0000] {dag.py:2693} INFO - Sync 1 DAGs
[2023-03-20T11:13:32.398+0000] {logging_mixin.py:137} INFO - [2023-03-20T11:13:32.397+0000] {dag.py:3444} INFO - Setting next_dagrun for example_task_group to 2023-03-19T11:13:32.397359+00:00, run_after=2023-03-20T11:13:32.397359+00:00
[2023-03-20T11:13:32.422+0000] {processor.py:175} INFO - Processing /home/airflow/.local/lib/python3.7/site-packages/airflow/example_dags/example_task_group.py took 0.240 seconds
[2023-03-20T11:14:03.068+0000] {processor.py:153} INFO - Started process (PID=107) to work on /home/airflow/.local/lib/python3.7/site-packages/airflow/example_dags/example_task_group.py
[2023-03-20T11:14:03.071+0000] {processor.py:743} INFO - Processing file /home/airflow/.local/lib/python3.7/site-packages/airflow/example_dags/example_task_group.py for tasks to queue
[2023-03-20T11:14:03.072+0000] {logging_mixin.py:137} INFO - [2023-03-20T11:14:03.072+0000] {dagbag.py:532} INFO - Filling up the DagBag from /home/airflow/.local/lib/python3.7/site-packages/airflow/example_dags/example_task_group.py
[2023-03-20T11:14:03.096+0000] {processor.py:753} INFO - DAG(s) dict_keys(['example_task_group']) retrieved from /home/airflow/.local/lib/python3.7/site-packages/airflow/example_dags/example_task_group.py
[2023-03-20T11:14:03.131+0000] {logging_mixin.py:137} INFO - [2023-03-20T11:14:03.131+0000] {dag.py:2693} INFO - Sync 1 DAGs
[2023-03-20T11:14:03.155+0000] {logging_mixin.py:137} INFO - [2023-03-20T11:14:03.155+0000] {dag.py:3444} INFO - Setting next_dagrun for example_task_group to 2023-03-19T11:14:03.154914+00:00, run_after=2023-03-20T11:14:03.154914+00:00
[2023-03-20T11:14:03.172+0000] {processor.py:175} INFO - Processing /home/airflow/.local/lib/python3.7/site-packages/airflow/example_dags/example_task_group.py took 0.115 seconds
[2023-03-20T11:14:33.224+0000] {processor.py:153} INFO - Started process (PID=157) to work on /home/airflow/.local/lib/python3.7/site-packages/airflow/example_dags/example_task_group.py
[2023-03-20T11:14:33.226+0000] {processor.py:743} INFO - Processing file /home/airflow/.local/lib/python3.7/site-packages/airflow/example_dags/example_task_group.py for tasks to queue
[2023-03-20T11:14:33.226+0000] {logging_mixin.py:137} INFO - [2023-03-20T11:14:33.226+0000] {dagbag.py:532} INFO - Filling up the DagBag from /home/airflow/.local/lib/python3.7/site-packages/airflow/example_dags/example_task_group.py
[2023-03-20T11:14:33.238+0000] {processor.py:753} INFO - DAG(s) dict_keys(['example_task_group']) retrieved from /home/airflow/.local/lib/python3.7/site-packages/airflow/example_dags/example_task_group.py
[2023-03-20T11:14:33.255+0000] {logging_mixin.py:137} INFO - [2023-03-20T11:14:33.255+0000] {dag.py:2693} INFO - Sync 1 DAGs
[2023-03-20T11:14:33.274+0000] {logging_mixin.py:137} INFO - [2023-03-20T11:14:33.274+0000] {dag.py:3444} INFO - Setting next_dagrun for example_task_group to 2023-03-19T11:14:33.273997+00:00, run_after=2023-03-20T11:14:33.273997+00:00
[2023-03-20T11:14:33.285+0000] {processor.py:175} INFO - Processing /home/airflow/.local/lib/python3.7/site-packages/airflow/example_dags/example_task_group.py took 0.064 seconds
[2023-03-20T11:15:04.090+0000] {processor.py:153} INFO - Started process (PID=206) to work on /home/airflow/.local/lib/python3.7/site-packages/airflow/example_dags/example_task_group.py
[2023-03-20T11:15:04.092+0000] {processor.py:743} INFO - Processing file /home/airflow/.local/lib/python3.7/site-packages/airflow/example_dags/example_task_group.py for tasks to queue
[2023-03-20T11:15:04.093+0000] {logging_mixin.py:137} INFO - [2023-03-20T11:15:04.093+0000] {dagbag.py:532} INFO - Filling up the DagBag from /home/airflow/.local/lib/python3.7/site-packages/airflow/example_dags/example_task_group.py
[2023-03-20T11:15:04.104+0000] {processor.py:753} INFO - DAG(s) dict_keys(['example_task_group']) retrieved from /home/airflow/.local/lib/python3.7/site-packages/airflow/example_dags/example_task_group.py
[2023-03-20T11:15:04.138+0000] {logging_mixin.py:137} INFO - [2023-03-20T11:15:04.138+0000] {dag.py:2693} INFO - Sync 1 DAGs
[2023-03-20T11:15:04.170+0000] {logging_mixin.py:137} INFO - [2023-03-20T11:15:04.169+0000] {dag.py:3444} INFO - Setting next_dagrun for example_task_group to 2023-03-19T11:15:04.169576+00:00, run_after=2023-03-20T11:15:04.169576+00:00
[2023-03-20T11:15:04.189+0000] {processor.py:175} INFO - Processing /home/airflow/.local/lib/python3.7/site-packages/airflow/example_dags/example_task_group.py took 0.101 seconds
[2023-03-20T11:15:34.881+0000] {processor.py:153} INFO - Started process (PID=255) to work on /home/airflow/.local/lib/python3.7/site-packages/airflow/example_dags/example_task_group.py
[2023-03-20T11:15:34.883+0000] {processor.py:743} INFO - Processing file /home/airflow/.local/lib/python3.7/site-packages/airflow/example_dags/example_task_group.py for tasks to queue
[2023-03-20T11:15:34.884+0000] {logging_mixin.py:137} INFO - [2023-03-20T11:15:34.884+0000] {dagbag.py:532} INFO - Filling up the DagBag from /home/airflow/.local/lib/python3.7/site-packages/airflow/example_dags/example_task_group.py
[2023-03-20T11:15:34.896+0000] {processor.py:753} INFO - DAG(s) dict_keys(['example_task_group']) retrieved from /home/airflow/.local/lib/python3.7/site-packages/airflow/example_dags/example_task_group.py
[2023-03-20T11:15:34.918+0000] {logging_mixin.py:137} INFO - [2023-03-20T11:15:34.918+0000] {dag.py:2693} INFO - Sync 1 DAGs
[2023-03-20T11:15:34.934+0000] {logging_mixin.py:137} INFO - [2023-03-20T11:15:34.934+0000] {dag.py:3444} INFO - Setting next_dagrun for example_task_group to 2023-03-19T11:15:34.934176+00:00, run_after=2023-03-20T11:15:34.934176+00:00
[2023-03-20T11:15:34.946+0000] {processor.py:175} INFO - Processing /home/airflow/.local/lib/python3.7/site-packages/airflow/example_dags/example_task_group.py took 0.068 seconds
[2023-03-20T11:16:05.256+0000] {processor.py:153} INFO - Started process (PID=304) to work on /home/airflow/.local/lib/python3.7/site-packages/airflow/example_dags/example_task_group.py
[2023-03-20T11:16:05.257+0000] {processor.py:743} INFO - Processing file /home/airflow/.local/lib/python3.7/site-packages/airflow/example_dags/example_task_group.py for tasks to queue
[2023-03-20T11:16:05.258+0000] {logging_mixin.py:137} INFO - [2023-03-20T11:16:05.258+0000] {dagbag.py:532} INFO - Filling up the DagBag from /home/airflow/.local/lib/python3.7/site-packages/airflow/example_dags/example_task_group.py
[2023-03-20T11:16:05.270+0000] {processor.py:753} INFO - DAG(s) dict_keys(['example_task_group']) retrieved from /home/airflow/.local/lib/python3.7/site-packages/airflow/example_dags/example_task_group.py
[2023-03-20T11:16:05.289+0000] {logging_mixin.py:137} INFO - [2023-03-20T11:16:05.289+0000] {dag.py:2693} INFO - Sync 1 DAGs
[2023-03-20T11:16:05.304+0000] {logging_mixin.py:137} INFO - [2023-03-20T11:16:05.304+0000] {dag.py:3444} INFO - Setting next_dagrun for example_task_group to 2023-03-19T11:16:05.304672+00:00, run_after=2023-03-20T11:16:05.304672+00:00
[2023-03-20T11:16:05.316+0000] {processor.py:175} INFO - Processing /home/airflow/.local/lib/python3.7/site-packages/airflow/example_dags/example_task_group.py took 0.063 seconds
[2023-03-20T11:16:35.756+0000] {processor.py:153} INFO - Started process (PID=353) to work on /home/airflow/.local/lib/python3.7/site-packages/airflow/example_dags/example_task_group.py
[2023-03-20T11:16:35.758+0000] {processor.py:743} INFO - Processing file /home/airflow/.local/lib/python3.7/site-packages/airflow/example_dags/example_task_group.py for tasks to queue
[2023-03-20T11:16:35.759+0000] {logging_mixin.py:137} INFO - [2023-03-20T11:16:35.759+0000] {dagbag.py:532} INFO - Filling up the DagBag from /home/airflow/.local/lib/python3.7/site-packages/airflow/example_dags/example_task_group.py
[2023-03-20T11:16:35.772+0000] {processor.py:753} INFO - DAG(s) dict_keys(['example_task_group']) retrieved from /home/airflow/.local/lib/python3.7/site-packages/airflow/example_dags/example_task_group.py
[2023-03-20T11:16:35.796+0000] {logging_mixin.py:137} INFO - [2023-03-20T11:16:35.796+0000] {dag.py:2693} INFO - Sync 1 DAGs
[2023-03-20T11:16:35.813+0000] {logging_mixin.py:137} INFO - [2023-03-20T11:16:35.813+0000] {dag.py:3444} INFO - Setting next_dagrun for example_task_group to 2023-03-19T11:16:35.813019+00:00, run_after=2023-03-20T11:16:35.813019+00:00
[2023-03-20T11:16:35.825+0000] {processor.py:175} INFO - Processing /home/airflow/.local/lib/python3.7/site-packages/airflow/example_dags/example_task_group.py took 0.074 seconds
[2023-03-20T11:17:06.330+0000] {processor.py:153} INFO - Started process (PID=402) to work on /home/airflow/.local/lib/python3.7/site-packages/airflow/example_dags/example_task_group.py
[2023-03-20T11:17:06.338+0000] {processor.py:743} INFO - Processing file /home/airflow/.local/lib/python3.7/site-packages/airflow/example_dags/example_task_group.py for tasks to queue
[2023-03-20T11:17:06.345+0000] {logging_mixin.py:137} INFO - [2023-03-20T11:17:06.345+0000] {dagbag.py:532} INFO - Filling up the DagBag from /home/airflow/.local/lib/python3.7/site-packages/airflow/example_dags/example_task_group.py
[2023-03-20T11:17:06.375+0000] {processor.py:753} INFO - DAG(s) dict_keys(['example_task_group']) retrieved from /home/airflow/.local/lib/python3.7/site-packages/airflow/example_dags/example_task_group.py
[2023-03-20T11:17:06.415+0000] {logging_mixin.py:137} INFO - [2023-03-20T11:17:06.414+0000] {dag.py:2693} INFO - Sync 1 DAGs
[2023-03-20T11:17:06.438+0000] {logging_mixin.py:137} INFO - [2023-03-20T11:17:06.438+0000] {dag.py:3444} INFO - Setting next_dagrun for example_task_group to 2023-03-19T11:17:06.437775+00:00, run_after=2023-03-20T11:17:06.437775+00:00
[2023-03-20T11:17:06.454+0000] {processor.py:175} INFO - Processing /home/airflow/.local/lib/python3.7/site-packages/airflow/example_dags/example_task_group.py took 0.127 seconds
[2023-03-20T11:17:37.126+0000] {processor.py:153} INFO - Started process (PID=451) to work on /home/airflow/.local/lib/python3.7/site-packages/airflow/example_dags/example_task_group.py
[2023-03-20T11:17:37.127+0000] {processor.py:743} INFO - Processing file /home/airflow/.local/lib/python3.7/site-packages/airflow/example_dags/example_task_group.py for tasks to queue
[2023-03-20T11:17:37.128+0000] {logging_mixin.py:137} INFO - [2023-03-20T11:17:37.128+0000] {dagbag.py:532} INFO - Filling up the DagBag from /home/airflow/.local/lib/python3.7/site-packages/airflow/example_dags/example_task_group.py
[2023-03-20T11:17:37.140+0000] {processor.py:753} INFO - DAG(s) dict_keys(['example_task_group']) retrieved from /home/airflow/.local/lib/python3.7/site-packages/airflow/example_dags/example_task_group.py
[2023-03-20T11:17:37.163+0000] {logging_mixin.py:137} INFO - [2023-03-20T11:17:37.163+0000] {dag.py:2693} INFO - Sync 1 DAGs
[2023-03-20T11:17:37.182+0000] {logging_mixin.py:137} INFO - [2023-03-20T11:17:37.182+0000] {dag.py:3444} INFO - Setting next_dagrun for example_task_group to 2023-03-19T11:17:37.182123+00:00, run_after=2023-03-20T11:17:37.182123+00:00
[2023-03-20T11:17:37.195+0000] {processor.py:175} INFO - Processing /home/airflow/.local/lib/python3.7/site-packages/airflow/example_dags/example_task_group.py took 0.073 seconds
[2023-03-20T11:18:07.598+0000] {processor.py:153} INFO - Started process (PID=500) to work on /home/airflow/.local/lib/python3.7/site-packages/airflow/example_dags/example_task_group.py
[2023-03-20T11:18:07.599+0000] {processor.py:743} INFO - Processing file /home/airflow/.local/lib/python3.7/site-packages/airflow/example_dags/example_task_group.py for tasks to queue
[2023-03-20T11:18:07.600+0000] {logging_mixin.py:137} INFO - [2023-03-20T11:18:07.600+0000] {dagbag.py:532} INFO - Filling up the DagBag from /home/airflow/.local/lib/python3.7/site-packages/airflow/example_dags/example_task_group.py
[2023-03-20T11:18:07.614+0000] {processor.py:753} INFO - DAG(s) dict_keys(['example_task_group']) retrieved from /home/airflow/.local/lib/python3.7/site-packages/airflow/example_dags/example_task_group.py
[2023-03-20T11:18:07.634+0000] {logging_mixin.py:137} INFO - [2023-03-20T11:18:07.634+0000] {dag.py:2693} INFO - Sync 1 DAGs
[2023-03-20T11:18:07.650+0000] {logging_mixin.py:137} INFO - [2023-03-20T11:18:07.650+0000] {dag.py:3444} INFO - Setting next_dagrun for example_task_group to 2023-03-19T11:18:07.650529+00:00, run_after=2023-03-20T11:18:07.650529+00:00
[2023-03-20T11:18:07.662+0000] {processor.py:175} INFO - Processing /home/airflow/.local/lib/python3.7/site-packages/airflow/example_dags/example_task_group.py took 0.066 seconds
[2023-03-20T11:18:38.397+0000] {processor.py:153} INFO - Started process (PID=549) to work on /home/airflow/.local/lib/python3.7/site-packages/airflow/example_dags/example_task_group.py
[2023-03-20T11:18:38.399+0000] {processor.py:743} INFO - Processing file /home/airflow/.local/lib/python3.7/site-packages/airflow/example_dags/example_task_group.py for tasks to queue
[2023-03-20T11:18:38.399+0000] {logging_mixin.py:137} INFO - [2023-03-20T11:18:38.399+0000] {dagbag.py:532} INFO - Filling up the DagBag from /home/airflow/.local/lib/python3.7/site-packages/airflow/example_dags/example_task_group.py
[2023-03-20T11:18:38.411+0000] {processor.py:753} INFO - DAG(s) dict_keys(['example_task_group']) retrieved from /home/airflow/.local/lib/python3.7/site-packages/airflow/example_dags/example_task_group.py
[2023-03-20T11:18:38.432+0000] {logging_mixin.py:137} INFO - [2023-03-20T11:18:38.432+0000] {dag.py:2693} INFO - Sync 1 DAGs
[2023-03-20T11:18:38.448+0000] {logging_mixin.py:137} INFO - [2023-03-20T11:18:38.448+0000] {dag.py:3444} INFO - Setting next_dagrun for example_task_group to 2023-03-19T11:18:38.448605+00:00, run_after=2023-03-20T11:18:38.448605+00:00
[2023-03-20T11:18:38.459+0000] {processor.py:175} INFO - Processing /home/airflow/.local/lib/python3.7/site-packages/airflow/example_dags/example_task_group.py took 0.065 seconds
[2023-03-20T11:19:08.800+0000] {processor.py:153} INFO - Started process (PID=598) to work on /home/airflow/.local/lib/python3.7/site-packages/airflow/example_dags/example_task_group.py
[2023-03-20T11:19:08.801+0000] {processor.py:743} INFO - Processing file /home/airflow/.local/lib/python3.7/site-packages/airflow/example_dags/example_task_group.py for tasks to queue
[2023-03-20T11:19:08.802+0000] {logging_mixin.py:137} INFO - [2023-03-20T11:19:08.802+0000] {dagbag.py:532} INFO - Filling up the DagBag from /home/airflow/.local/lib/python3.7/site-packages/airflow/example_dags/example_task_group.py
[2023-03-20T11:19:08.814+0000] {processor.py:753} INFO - DAG(s) dict_keys(['example_task_group']) retrieved from /home/airflow/.local/lib/python3.7/site-packages/airflow/example_dags/example_task_group.py
[2023-03-20T11:19:08.836+0000] {logging_mixin.py:137} INFO - [2023-03-20T11:19:08.836+0000] {dag.py:2693} INFO - Sync 1 DAGs
[2023-03-20T11:19:08.854+0000] {logging_mixin.py:137} INFO - [2023-03-20T11:19:08.854+0000] {dag.py:3444} INFO - Setting next_dagrun for example_task_group to 2023-03-19T11:19:08.853890+00:00, run_after=2023-03-20T11:19:08.853890+00:00
[2023-03-20T11:19:08.867+0000] {processor.py:175} INFO - Processing /home/airflow/.local/lib/python3.7/site-packages/airflow/example_dags/example_task_group.py took 0.069 seconds
[2023-03-20T11:19:39.157+0000] {processor.py:153} INFO - Started process (PID=647) to work on /home/airflow/.local/lib/python3.7/site-packages/airflow/example_dags/example_task_group.py
[2023-03-20T11:19:39.159+0000] {processor.py:743} INFO - Processing file /home/airflow/.local/lib/python3.7/site-packages/airflow/example_dags/example_task_group.py for tasks to queue
[2023-03-20T11:19:39.160+0000] {logging_mixin.py:137} INFO - [2023-03-20T11:19:39.160+0000] {dagbag.py:532} INFO - Filling up the DagBag from /home/airflow/.local/lib/python3.7/site-packages/airflow/example_dags/example_task_group.py
[2023-03-20T11:19:39.171+0000] {processor.py:753} INFO - DAG(s) dict_keys(['example_task_group']) retrieved from /home/airflow/.local/lib/python3.7/site-packages/airflow/example_dags/example_task_group.py
[2023-03-20T11:19:39.192+0000] {logging_mixin.py:137} INFO - [2023-03-20T11:19:39.191+0000] {dag.py:2693} INFO - Sync 1 DAGs
[2023-03-20T11:19:39.209+0000] {logging_mixin.py:137} INFO - [2023-03-20T11:19:39.209+0000] {dag.py:3444} INFO - Setting next_dagrun for example_task_group to 2023-03-19T11:19:39.209034+00:00, run_after=2023-03-20T11:19:39.209034+00:00
[2023-03-20T11:19:39.219+0000] {processor.py:175} INFO - Processing /home/airflow/.local/lib/python3.7/site-packages/airflow/example_dags/example_task_group.py took 0.065 seconds
[2023-03-20T11:20:09.512+0000] {processor.py:153} INFO - Started process (PID=696) to work on /home/airflow/.local/lib/python3.7/site-packages/airflow/example_dags/example_task_group.py
[2023-03-20T11:20:09.514+0000] {processor.py:743} INFO - Processing file /home/airflow/.local/lib/python3.7/site-packages/airflow/example_dags/example_task_group.py for tasks to queue
[2023-03-20T11:20:09.514+0000] {logging_mixin.py:137} INFO - [2023-03-20T11:20:09.514+0000] {dagbag.py:532} INFO - Filling up the DagBag from /home/airflow/.local/lib/python3.7/site-packages/airflow/example_dags/example_task_group.py
[2023-03-20T11:20:09.525+0000] {processor.py:753} INFO - DAG(s) dict_keys(['example_task_group']) retrieved from /home/airflow/.local/lib/python3.7/site-packages/airflow/example_dags/example_task_group.py
[2023-03-20T11:20:09.547+0000] {logging_mixin.py:137} INFO - [2023-03-20T11:20:09.547+0000] {dag.py:2693} INFO - Sync 1 DAGs
[2023-03-20T11:20:09.563+0000] {logging_mixin.py:137} INFO - [2023-03-20T11:20:09.563+0000] {dag.py:3444} INFO - Setting next_dagrun for example_task_group to 2023-03-19T11:20:09.563598+00:00, run_after=2023-03-20T11:20:09.563598+00:00
[2023-03-20T11:20:09.575+0000] {processor.py:175} INFO - Processing /home/airflow/.local/lib/python3.7/site-packages/airflow/example_dags/example_task_group.py took 0.065 seconds
[2023-03-20T11:20:39.995+0000] {processor.py:153} INFO - Started process (PID=745) to work on /home/airflow/.local/lib/python3.7/site-packages/airflow/example_dags/example_task_group.py
[2023-03-20T11:20:39.996+0000] {processor.py:743} INFO - Processing file /home/airflow/.local/lib/python3.7/site-packages/airflow/example_dags/example_task_group.py for tasks to queue
[2023-03-20T11:20:39.997+0000] {logging_mixin.py:137} INFO - [2023-03-20T11:20:39.997+0000] {dagbag.py:532} INFO - Filling up the DagBag from /home/airflow/.local/lib/python3.7/site-packages/airflow/example_dags/example_task_group.py
[2023-03-20T11:20:40.009+0000] {processor.py:753} INFO - DAG(s) dict_keys(['example_task_group']) retrieved from /home/airflow/.local/lib/python3.7/site-packages/airflow/example_dags/example_task_group.py
[2023-03-20T11:20:40.031+0000] {logging_mixin.py:137} INFO - [2023-03-20T11:20:40.031+0000] {dag.py:2693} INFO - Sync 1 DAGs
[2023-03-20T11:20:40.048+0000] {logging_mixin.py:137} INFO - [2023-03-20T11:20:40.048+0000] {dag.py:3444} INFO - Setting next_dagrun for example_task_group to 2023-03-19T11:20:40.048001+00:00, run_after=2023-03-20T11:20:40.048001+00:00
[2023-03-20T11:20:40.059+0000] {processor.py:175} INFO - Processing /home/airflow/.local/lib/python3.7/site-packages/airflow/example_dags/example_task_group.py took 0.067 seconds
[2023-03-20T11:21:10.321+0000] {processor.py:153} INFO - Started process (PID=794) to work on /home/airflow/.local/lib/python3.7/site-packages/airflow/example_dags/example_task_group.py
[2023-03-20T11:21:10.322+0000] {processor.py:743} INFO - Processing file /home/airflow/.local/lib/python3.7/site-packages/airflow/example_dags/example_task_group.py for tasks to queue
[2023-03-20T11:21:10.323+0000] {logging_mixin.py:137} INFO - [2023-03-20T11:21:10.323+0000] {dagbag.py:532} INFO - Filling up the DagBag from /home/airflow/.local/lib/python3.7/site-packages/airflow/example_dags/example_task_group.py
[2023-03-20T11:21:10.334+0000] {processor.py:753} INFO - DAG(s) dict_keys(['example_task_group']) retrieved from /home/airflow/.local/lib/python3.7/site-packages/airflow/example_dags/example_task_group.py
[2023-03-20T11:21:10.354+0000] {logging_mixin.py:137} INFO - [2023-03-20T11:21:10.354+0000] {dag.py:2693} INFO - Sync 1 DAGs
[2023-03-20T11:21:10.369+0000] {logging_mixin.py:137} INFO - [2023-03-20T11:21:10.369+0000] {dag.py:3444} INFO - Setting next_dagrun for example_task_group to 2023-03-19T11:21:10.369214+00:00, run_after=2023-03-20T11:21:10.369214+00:00
[2023-03-20T11:21:10.380+0000] {processor.py:175} INFO - Processing /home/airflow/.local/lib/python3.7/site-packages/airflow/example_dags/example_task_group.py took 0.062 seconds
[2023-03-20T11:21:40.716+0000] {processor.py:153} INFO - Started process (PID=843) to work on /home/airflow/.local/lib/python3.7/site-packages/airflow/example_dags/example_task_group.py
[2023-03-20T11:21:40.717+0000] {processor.py:743} INFO - Processing file /home/airflow/.local/lib/python3.7/site-packages/airflow/example_dags/example_task_group.py for tasks to queue
[2023-03-20T11:21:40.718+0000] {logging_mixin.py:137} INFO - [2023-03-20T11:21:40.718+0000] {dagbag.py:532} INFO - Filling up the DagBag from /home/airflow/.local/lib/python3.7/site-packages/airflow/example_dags/example_task_group.py
[2023-03-20T11:21:40.730+0000] {processor.py:753} INFO - DAG(s) dict_keys(['example_task_group']) retrieved from /home/airflow/.local/lib/python3.7/site-packages/airflow/example_dags/example_task_group.py
[2023-03-20T11:21:40.752+0000] {logging_mixin.py:137} INFO - [2023-03-20T11:21:40.752+0000] {dag.py:2693} INFO - Sync 1 DAGs
[2023-03-20T11:21:40.769+0000] {logging_mixin.py:137} INFO - [2023-03-20T11:21:40.769+0000] {dag.py:3444} INFO - Setting next_dagrun for example_task_group to 2023-03-19T11:21:40.768908+00:00, run_after=2023-03-20T11:21:40.768908+00:00
[2023-03-20T11:21:40.780+0000] {processor.py:175} INFO - Processing /home/airflow/.local/lib/python3.7/site-packages/airflow/example_dags/example_task_group.py took 0.067 seconds
[2023-03-20T11:22:11.074+0000] {processor.py:153} INFO - Started process (PID=892) to work on /home/airflow/.local/lib/python3.7/site-packages/airflow/example_dags/example_task_group.py
[2023-03-20T11:22:11.076+0000] {processor.py:743} INFO - Processing file /home/airflow/.local/lib/python3.7/site-packages/airflow/example_dags/example_task_group.py for tasks to queue
[2023-03-20T11:22:11.077+0000] {logging_mixin.py:137} INFO - [2023-03-20T11:22:11.077+0000] {dagbag.py:532} INFO - Filling up the DagBag from /home/airflow/.local/lib/python3.7/site-packages/airflow/example_dags/example_task_group.py
[2023-03-20T11:22:11.089+0000] {processor.py:753} INFO - DAG(s) dict_keys(['example_task_group']) retrieved from /home/airflow/.local/lib/python3.7/site-packages/airflow/example_dags/example_task_group.py
[2023-03-20T11:22:11.110+0000] {logging_mixin.py:137} INFO - [2023-03-20T11:22:11.110+0000] {dag.py:2693} INFO - Sync 1 DAGs
[2023-03-20T11:22:11.125+0000] {logging_mixin.py:137} INFO - [2023-03-20T11:22:11.125+0000] {dag.py:3444} INFO - Setting next_dagrun for example_task_group to 2023-03-19T11:22:11.125146+00:00, run_after=2023-03-20T11:22:11.125146+00:00
[2023-03-20T11:22:11.136+0000] {processor.py:175} INFO - Processing /home/airflow/.local/lib/python3.7/site-packages/airflow/example_dags/example_task_group.py took 0.065 seconds
[2023-03-20T11:22:41.906+0000] {processor.py:153} INFO - Started process (PID=941) to work on /home/airflow/.local/lib/python3.7/site-packages/airflow/example_dags/example_task_group.py
[2023-03-20T11:22:41.907+0000] {processor.py:743} INFO - Processing file /home/airflow/.local/lib/python3.7/site-packages/airflow/example_dags/example_task_group.py for tasks to queue
[2023-03-20T11:22:41.908+0000] {logging_mixin.py:137} INFO - [2023-03-20T11:22:41.908+0000] {dagbag.py:532} INFO - Filling up the DagBag from /home/airflow/.local/lib/python3.7/site-packages/airflow/example_dags/example_task_group.py
[2023-03-20T11:22:41.922+0000] {processor.py:753} INFO - DAG(s) dict_keys(['example_task_group']) retrieved from /home/airflow/.local/lib/python3.7/site-packages/airflow/example_dags/example_task_group.py
[2023-03-20T11:22:41.946+0000] {logging_mixin.py:137} INFO - [2023-03-20T11:22:41.946+0000] {dag.py:2693} INFO - Sync 1 DAGs
[2023-03-20T11:22:41.963+0000] {logging_mixin.py:137} INFO - [2023-03-20T11:22:41.962+0000] {dag.py:3444} INFO - Setting next_dagrun for example_task_group to 2023-03-19T11:22:41.962724+00:00, run_after=2023-03-20T11:22:41.962724+00:00
[2023-03-20T11:22:41.975+0000] {processor.py:175} INFO - Processing /home/airflow/.local/lib/python3.7/site-packages/airflow/example_dags/example_task_group.py took 0.071 seconds
[2023-03-20T11:23:12.373+0000] {processor.py:153} INFO - Started process (PID=990) to work on /home/airflow/.local/lib/python3.7/site-packages/airflow/example_dags/example_task_group.py
[2023-03-20T11:23:12.375+0000] {processor.py:743} INFO - Processing file /home/airflow/.local/lib/python3.7/site-packages/airflow/example_dags/example_task_group.py for tasks to queue
[2023-03-20T11:23:12.375+0000] {logging_mixin.py:137} INFO - [2023-03-20T11:23:12.375+0000] {dagbag.py:532} INFO - Filling up the DagBag from /home/airflow/.local/lib/python3.7/site-packages/airflow/example_dags/example_task_group.py
[2023-03-20T11:23:12.387+0000] {processor.py:753} INFO - DAG(s) dict_keys(['example_task_group']) retrieved from /home/airflow/.local/lib/python3.7/site-packages/airflow/example_dags/example_task_group.py
[2023-03-20T11:23:12.408+0000] {logging_mixin.py:137} INFO - [2023-03-20T11:23:12.407+0000] {dag.py:2693} INFO - Sync 1 DAGs
[2023-03-20T11:23:12.424+0000] {logging_mixin.py:137} INFO - [2023-03-20T11:23:12.424+0000] {dag.py:3444} INFO - Setting next_dagrun for example_task_group to 2023-03-19T11:23:12.424044+00:00, run_after=2023-03-20T11:23:12.424044+00:00
[2023-03-20T11:23:12.435+0000] {processor.py:175} INFO - Processing /home/airflow/.local/lib/python3.7/site-packages/airflow/example_dags/example_task_group.py took 0.064 seconds
[2023-03-20T11:23:42.893+0000] {processor.py:153} INFO - Started process (PID=1039) to work on /home/airflow/.local/lib/python3.7/site-packages/airflow/example_dags/example_task_group.py
[2023-03-20T11:23:42.894+0000] {processor.py:743} INFO - Processing file /home/airflow/.local/lib/python3.7/site-packages/airflow/example_dags/example_task_group.py for tasks to queue
[2023-03-20T11:23:42.895+0000] {logging_mixin.py:137} INFO - [2023-03-20T11:23:42.895+0000] {dagbag.py:532} INFO - Filling up the DagBag from /home/airflow/.local/lib/python3.7/site-packages/airflow/example_dags/example_task_group.py
[2023-03-20T11:23:42.908+0000] {processor.py:753} INFO - DAG(s) dict_keys(['example_task_group']) retrieved from /home/airflow/.local/lib/python3.7/site-packages/airflow/example_dags/example_task_group.py
[2023-03-20T11:23:42.931+0000] {logging_mixin.py:137} INFO - [2023-03-20T11:23:42.931+0000] {dag.py:2693} INFO - Sync 1 DAGs
[2023-03-20T11:23:42.953+0000] {logging_mixin.py:137} INFO - [2023-03-20T11:23:42.952+0000] {dag.py:3444} INFO - Setting next_dagrun for example_task_group to 2023-03-19T11:23:42.952551+00:00, run_after=2023-03-20T11:23:42.952551+00:00
[2023-03-20T11:23:42.971+0000] {processor.py:175} INFO - Processing /home/airflow/.local/lib/python3.7/site-packages/airflow/example_dags/example_task_group.py took 0.081 seconds
[2023-03-20 11:38:01,722] {scheduler_job.py:182} INFO - Started process (PID=51) to work on /home/airflow/.local/lib/python3.6/site-packages/airflow/example_dags/example_task_group.py
[2023-03-20 11:38:01,726] {scheduler_job.py:629} INFO - Processing file /home/airflow/.local/lib/python3.6/site-packages/airflow/example_dags/example_task_group.py for tasks to queue
[2023-03-20 11:38:01,730] {logging_mixin.py:104} INFO - [2023-03-20 11:38:01,730] {dagbag.py:451} INFO - Filling up the DagBag from /home/airflow/.local/lib/python3.6/site-packages/airflow/example_dags/example_task_group.py
[2023-03-20 11:38:01,795] {scheduler_job.py:639} INFO - DAG(s) dict_keys(['example_task_group']) retrieved from /home/airflow/.local/lib/python3.6/site-packages/airflow/example_dags/example_task_group.py
[2023-03-20 11:38:01,898] {logging_mixin.py:104} INFO - [2023-03-20 11:38:01,898] {dag.py:1824} INFO - Sync 1 DAGs
[2023-03-20 11:38:01,948] {logging_mixin.py:104} INFO - [2023-03-20 11:38:01,947] {dag.py:1843} INFO - Creating ORM DAG for example_task_group
[2023-03-20 11:38:01,960] {logging_mixin.py:104} INFO - [2023-03-20 11:38:01,960] {dag.py:2280} INFO - Setting next_dagrun for example_task_group to 2023-03-18 00:00:00+00:00
[2023-03-20 11:38:01,990] {scheduler_job.py:190} INFO - Processing /home/airflow/.local/lib/python3.6/site-packages/airflow/example_dags/example_task_group.py took 0.276 seconds
[2023-03-20 11:38:32,363] {scheduler_job.py:182} INFO - Started process (PID=77) to work on /home/airflow/.local/lib/python3.6/site-packages/airflow/example_dags/example_task_group.py
[2023-03-20 11:38:32,365] {scheduler_job.py:629} INFO - Processing file /home/airflow/.local/lib/python3.6/site-packages/airflow/example_dags/example_task_group.py for tasks to queue
[2023-03-20 11:38:32,366] {logging_mixin.py:104} INFO - [2023-03-20 11:38:32,366] {dagbag.py:451} INFO - Filling up the DagBag from /home/airflow/.local/lib/python3.6/site-packages/airflow/example_dags/example_task_group.py
[2023-03-20 11:38:32,377] {scheduler_job.py:639} INFO - DAG(s) dict_keys(['example_task_group']) retrieved from /home/airflow/.local/lib/python3.6/site-packages/airflow/example_dags/example_task_group.py
[2023-03-20 11:38:32,402] {logging_mixin.py:104} INFO - [2023-03-20 11:38:32,402] {dag.py:1824} INFO - Sync 1 DAGs
[2023-03-20 11:38:32,424] {logging_mixin.py:104} INFO - [2023-03-20 11:38:32,424] {dag.py:2280} INFO - Setting next_dagrun for example_task_group to 2023-03-18 00:00:00+00:00
[2023-03-20 11:38:32,433] {scheduler_job.py:190} INFO - Processing /home/airflow/.local/lib/python3.6/site-packages/airflow/example_dags/example_task_group.py took 0.072 seconds
[2023-03-20 11:39:03,156] {scheduler_job.py:182} INFO - Started process (PID=103) to work on /home/airflow/.local/lib/python3.6/site-packages/airflow/example_dags/example_task_group.py
[2023-03-20 11:39:03,158] {scheduler_job.py:629} INFO - Processing file /home/airflow/.local/lib/python3.6/site-packages/airflow/example_dags/example_task_group.py for tasks to queue
[2023-03-20 11:39:03,159] {logging_mixin.py:104} INFO - [2023-03-20 11:39:03,158] {dagbag.py:451} INFO - Filling up the DagBag from /home/airflow/.local/lib/python3.6/site-packages/airflow/example_dags/example_task_group.py
[2023-03-20 11:39:03,169] {scheduler_job.py:639} INFO - DAG(s) dict_keys(['example_task_group']) retrieved from /home/airflow/.local/lib/python3.6/site-packages/airflow/example_dags/example_task_group.py
[2023-03-20 11:39:03,189] {logging_mixin.py:104} INFO - [2023-03-20 11:39:03,189] {dag.py:1824} INFO - Sync 1 DAGs
[2023-03-20 11:39:03,203] {logging_mixin.py:104} INFO - [2023-03-20 11:39:03,203] {dag.py:2280} INFO - Setting next_dagrun for example_task_group to 2023-03-18 00:00:00+00:00
[2023-03-20 11:39:03,210] {scheduler_job.py:190} INFO - Processing /home/airflow/.local/lib/python3.6/site-packages/airflow/example_dags/example_task_group.py took 0.057 seconds
[2023-03-20 11:39:33,989] {scheduler_job.py:182} INFO - Started process (PID=129) to work on /home/airflow/.local/lib/python3.6/site-packages/airflow/example_dags/example_task_group.py
[2023-03-20 11:39:33,991] {scheduler_job.py:629} INFO - Processing file /home/airflow/.local/lib/python3.6/site-packages/airflow/example_dags/example_task_group.py for tasks to queue
[2023-03-20 11:39:33,992] {logging_mixin.py:104} INFO - [2023-03-20 11:39:33,992] {dagbag.py:451} INFO - Filling up the DagBag from /home/airflow/.local/lib/python3.6/site-packages/airflow/example_dags/example_task_group.py
[2023-03-20 11:39:34,006] {scheduler_job.py:639} INFO - DAG(s) dict_keys(['example_task_group']) retrieved from /home/airflow/.local/lib/python3.6/site-packages/airflow/example_dags/example_task_group.py
[2023-03-20 11:39:34,034] {logging_mixin.py:104} INFO - [2023-03-20 11:39:34,034] {dag.py:1824} INFO - Sync 1 DAGs
[2023-03-20 11:39:34,048] {logging_mixin.py:104} INFO - [2023-03-20 11:39:34,048] {dag.py:2280} INFO - Setting next_dagrun for example_task_group to 2023-03-18 00:00:00+00:00
[2023-03-20 11:39:34,056] {scheduler_job.py:190} INFO - Processing /home/airflow/.local/lib/python3.6/site-packages/airflow/example_dags/example_task_group.py took 0.070 seconds
[2023-03-20 11:40:04,786] {scheduler_job.py:182} INFO - Started process (PID=155) to work on /home/airflow/.local/lib/python3.6/site-packages/airflow/example_dags/example_task_group.py
[2023-03-20 11:40:04,788] {scheduler_job.py:629} INFO - Processing file /home/airflow/.local/lib/python3.6/site-packages/airflow/example_dags/example_task_group.py for tasks to queue
[2023-03-20 11:40:04,789] {logging_mixin.py:104} INFO - [2023-03-20 11:40:04,789] {dagbag.py:451} INFO - Filling up the DagBag from /home/airflow/.local/lib/python3.6/site-packages/airflow/example_dags/example_task_group.py
[2023-03-20 11:40:04,802] {scheduler_job.py:639} INFO - DAG(s) dict_keys(['example_task_group']) retrieved from /home/airflow/.local/lib/python3.6/site-packages/airflow/example_dags/example_task_group.py
[2023-03-20 11:40:04,825] {logging_mixin.py:104} INFO - [2023-03-20 11:40:04,825] {dag.py:1824} INFO - Sync 1 DAGs
[2023-03-20 11:40:04,839] {logging_mixin.py:104} INFO - [2023-03-20 11:40:04,839] {dag.py:2280} INFO - Setting next_dagrun for example_task_group to 2023-03-18 00:00:00+00:00
[2023-03-20 11:40:04,846] {scheduler_job.py:190} INFO - Processing /home/airflow/.local/lib/python3.6/site-packages/airflow/example_dags/example_task_group.py took 0.063 seconds
[2023-03-20 11:40:35,527] {scheduler_job.py:182} INFO - Started process (PID=181) to work on /home/airflow/.local/lib/python3.6/site-packages/airflow/example_dags/example_task_group.py
[2023-03-20 11:40:35,529] {scheduler_job.py:629} INFO - Processing file /home/airflow/.local/lib/python3.6/site-packages/airflow/example_dags/example_task_group.py for tasks to queue
[2023-03-20 11:40:35,530] {logging_mixin.py:104} INFO - [2023-03-20 11:40:35,530] {dagbag.py:451} INFO - Filling up the DagBag from /home/airflow/.local/lib/python3.6/site-packages/airflow/example_dags/example_task_group.py
[2023-03-20 11:40:35,540] {scheduler_job.py:639} INFO - DAG(s) dict_keys(['example_task_group']) retrieved from /home/airflow/.local/lib/python3.6/site-packages/airflow/example_dags/example_task_group.py
[2023-03-20 11:40:35,560] {logging_mixin.py:104} INFO - [2023-03-20 11:40:35,560] {dag.py:1824} INFO - Sync 1 DAGs
[2023-03-20 11:40:35,574] {logging_mixin.py:104} INFO - [2023-03-20 11:40:35,574] {dag.py:2280} INFO - Setting next_dagrun for example_task_group to 2023-03-18 00:00:00+00:00
[2023-03-20 11:40:35,581] {scheduler_job.py:190} INFO - Processing /home/airflow/.local/lib/python3.6/site-packages/airflow/example_dags/example_task_group.py took 0.057 seconds
[2023-03-20 11:41:06,194] {scheduler_job.py:182} INFO - Started process (PID=207) to work on /home/airflow/.local/lib/python3.6/site-packages/airflow/example_dags/example_task_group.py
[2023-03-20 11:41:06,196] {scheduler_job.py:629} INFO - Processing file /home/airflow/.local/lib/python3.6/site-packages/airflow/example_dags/example_task_group.py for tasks to queue
[2023-03-20 11:41:06,197] {logging_mixin.py:104} INFO - [2023-03-20 11:41:06,197] {dagbag.py:451} INFO - Filling up the DagBag from /home/airflow/.local/lib/python3.6/site-packages/airflow/example_dags/example_task_group.py
[2023-03-20 11:41:06,209] {scheduler_job.py:639} INFO - DAG(s) dict_keys(['example_task_group']) retrieved from /home/airflow/.local/lib/python3.6/site-packages/airflow/example_dags/example_task_group.py
[2023-03-20 11:41:06,233] {logging_mixin.py:104} INFO - [2023-03-20 11:41:06,233] {dag.py:1824} INFO - Sync 1 DAGs
[2023-03-20 11:41:06,245] {logging_mixin.py:104} INFO - [2023-03-20 11:41:06,245] {dag.py:2280} INFO - Setting next_dagrun for example_task_group to 2023-03-18 00:00:00+00:00
[2023-03-20 11:41:06,252] {scheduler_job.py:190} INFO - Processing /home/airflow/.local/lib/python3.6/site-packages/airflow/example_dags/example_task_group.py took 0.060 seconds
[2023-03-20 14:55:25,632] {scheduler_job.py:182} INFO - Started process (PID=32) to work on /home/airflow/.local/lib/python3.6/site-packages/airflow/example_dags/example_task_group.py
[2023-03-20 14:55:25,634] {scheduler_job.py:629} INFO - Processing file /home/airflow/.local/lib/python3.6/site-packages/airflow/example_dags/example_task_group.py for tasks to queue
[2023-03-20 14:55:25,636] {logging_mixin.py:104} INFO - [2023-03-20 14:55:25,636] {dagbag.py:451} INFO - Filling up the DagBag from /home/airflow/.local/lib/python3.6/site-packages/airflow/example_dags/example_task_group.py
[2023-03-20 14:55:25,660] {scheduler_job.py:639} INFO - DAG(s) dict_keys(['example_task_group']) retrieved from /home/airflow/.local/lib/python3.6/site-packages/airflow/example_dags/example_task_group.py
[2023-03-20 14:55:25,697] {logging_mixin.py:104} INFO - [2023-03-20 14:55:25,696] {dag.py:1824} INFO - Sync 1 DAGs
[2023-03-20 14:55:25,709] {logging_mixin.py:104} INFO - [2023-03-20 14:55:25,709] {dag.py:1843} INFO - Creating ORM DAG for example_task_group
[2023-03-20 14:55:25,714] {logging_mixin.py:104} INFO - [2023-03-20 14:55:25,714] {dag.py:2280} INFO - Setting next_dagrun for example_task_group to 2023-03-18 00:00:00+00:00
[2023-03-20 14:55:25,740] {scheduler_job.py:190} INFO - Processing /home/airflow/.local/lib/python3.6/site-packages/airflow/example_dags/example_task_group.py took 0.113 seconds
[2023-03-20 14:55:55,939] {scheduler_job.py:182} INFO - Started process (PID=58) to work on /home/airflow/.local/lib/python3.6/site-packages/airflow/example_dags/example_task_group.py
[2023-03-20 14:55:55,942] {scheduler_job.py:629} INFO - Processing file /home/airflow/.local/lib/python3.6/site-packages/airflow/example_dags/example_task_group.py for tasks to queue
[2023-03-20 14:55:55,944] {logging_mixin.py:104} INFO - [2023-03-20 14:55:55,944] {dagbag.py:451} INFO - Filling up the DagBag from /home/airflow/.local/lib/python3.6/site-packages/airflow/example_dags/example_task_group.py
[2023-03-20 14:55:55,984] {scheduler_job.py:639} INFO - DAG(s) dict_keys(['example_task_group']) retrieved from /home/airflow/.local/lib/python3.6/site-packages/airflow/example_dags/example_task_group.py
[2023-03-20 14:55:56,049] {logging_mixin.py:104} INFO - [2023-03-20 14:55:56,049] {dag.py:1824} INFO - Sync 1 DAGs
[2023-03-20 14:55:56,075] {logging_mixin.py:104} INFO - [2023-03-20 14:55:56,074] {dag.py:2280} INFO - Setting next_dagrun for example_task_group to 2023-03-18 00:00:00+00:00
[2023-03-20 14:55:56,099] {scheduler_job.py:190} INFO - Processing /home/airflow/.local/lib/python3.6/site-packages/airflow/example_dags/example_task_group.py took 0.165 seconds
[2023-03-20 14:56:26,972] {scheduler_job.py:182} INFO - Started process (PID=84) to work on /home/airflow/.local/lib/python3.6/site-packages/airflow/example_dags/example_task_group.py
[2023-03-20 14:56:26,974] {scheduler_job.py:629} INFO - Processing file /home/airflow/.local/lib/python3.6/site-packages/airflow/example_dags/example_task_group.py for tasks to queue
[2023-03-20 14:56:26,976] {logging_mixin.py:104} INFO - [2023-03-20 14:56:26,976] {dagbag.py:451} INFO - Filling up the DagBag from /home/airflow/.local/lib/python3.6/site-packages/airflow/example_dags/example_task_group.py
[2023-03-20 14:56:27,007] {scheduler_job.py:639} INFO - DAG(s) dict_keys(['example_task_group']) retrieved from /home/airflow/.local/lib/python3.6/site-packages/airflow/example_dags/example_task_group.py
[2023-03-20 14:56:27,052] {logging_mixin.py:104} INFO - [2023-03-20 14:56:27,052] {dag.py:1824} INFO - Sync 1 DAGs
[2023-03-20 14:56:27,076] {logging_mixin.py:104} INFO - [2023-03-20 14:56:27,076] {dag.py:2280} INFO - Setting next_dagrun for example_task_group to 2023-03-18 00:00:00+00:00
[2023-03-20 14:56:27,085] {scheduler_job.py:190} INFO - Processing /home/airflow/.local/lib/python3.6/site-packages/airflow/example_dags/example_task_group.py took 0.119 seconds
[2023-03-20 14:56:57,520] {scheduler_job.py:182} INFO - Started process (PID=110) to work on /home/airflow/.local/lib/python3.6/site-packages/airflow/example_dags/example_task_group.py
[2023-03-20 14:56:57,524] {scheduler_job.py:629} INFO - Processing file /home/airflow/.local/lib/python3.6/site-packages/airflow/example_dags/example_task_group.py for tasks to queue
[2023-03-20 14:56:57,530] {logging_mixin.py:104} INFO - [2023-03-20 14:56:57,529] {dagbag.py:451} INFO - Filling up the DagBag from /home/airflow/.local/lib/python3.6/site-packages/airflow/example_dags/example_task_group.py
[2023-03-20 14:56:57,571] {scheduler_job.py:639} INFO - DAG(s) dict_keys(['example_task_group']) retrieved from /home/airflow/.local/lib/python3.6/site-packages/airflow/example_dags/example_task_group.py
[2023-03-20 14:56:57,639] {logging_mixin.py:104} INFO - [2023-03-20 14:56:57,639] {dag.py:1824} INFO - Sync 1 DAGs
[2023-03-20 14:56:57,666] {logging_mixin.py:104} INFO - [2023-03-20 14:56:57,666] {dag.py:2280} INFO - Setting next_dagrun for example_task_group to 2023-03-18 00:00:00+00:00
[2023-03-20 14:56:57,677] {scheduler_job.py:190} INFO - Processing /home/airflow/.local/lib/python3.6/site-packages/airflow/example_dags/example_task_group.py took 0.163 seconds
[2023-03-20 14:57:28,154] {scheduler_job.py:182} INFO - Started process (PID=136) to work on /home/airflow/.local/lib/python3.6/site-packages/airflow/example_dags/example_task_group.py
[2023-03-20 14:57:28,158] {scheduler_job.py:629} INFO - Processing file /home/airflow/.local/lib/python3.6/site-packages/airflow/example_dags/example_task_group.py for tasks to queue
[2023-03-20 14:57:28,160] {logging_mixin.py:104} INFO - [2023-03-20 14:57:28,160] {dagbag.py:451} INFO - Filling up the DagBag from /home/airflow/.local/lib/python3.6/site-packages/airflow/example_dags/example_task_group.py
[2023-03-20 14:57:28,185] {scheduler_job.py:639} INFO - DAG(s) dict_keys(['example_task_group']) retrieved from /home/airflow/.local/lib/python3.6/site-packages/airflow/example_dags/example_task_group.py
[2023-03-20 14:57:28,282] {logging_mixin.py:104} INFO - [2023-03-20 14:57:28,282] {dag.py:1824} INFO - Sync 1 DAGs
[2023-03-20 14:57:28,349] {logging_mixin.py:104} INFO - [2023-03-20 14:57:28,349] {dag.py:2280} INFO - Setting next_dagrun for example_task_group to 2023-03-18 00:00:00+00:00
[2023-03-20 14:57:28,380] {scheduler_job.py:190} INFO - Processing /home/airflow/.local/lib/python3.6/site-packages/airflow/example_dags/example_task_group.py took 0.237 seconds
[2023-03-20 14:57:59,461] {scheduler_job.py:182} INFO - Started process (PID=163) to work on /home/airflow/.local/lib/python3.6/site-packages/airflow/example_dags/example_task_group.py
[2023-03-20 14:57:59,468] {scheduler_job.py:629} INFO - Processing file /home/airflow/.local/lib/python3.6/site-packages/airflow/example_dags/example_task_group.py for tasks to queue
[2023-03-20 14:57:59,471] {logging_mixin.py:104} INFO - [2023-03-20 14:57:59,471] {dagbag.py:451} INFO - Filling up the DagBag from /home/airflow/.local/lib/python3.6/site-packages/airflow/example_dags/example_task_group.py
[2023-03-20 14:57:59,551] {scheduler_job.py:639} INFO - DAG(s) dict_keys(['example_task_group']) retrieved from /home/airflow/.local/lib/python3.6/site-packages/airflow/example_dags/example_task_group.py
[2023-03-20 14:57:59,640] {logging_mixin.py:104} INFO - [2023-03-20 14:57:59,639] {dag.py:1824} INFO - Sync 1 DAGs
[2023-03-20 14:57:59,685] {logging_mixin.py:104} INFO - [2023-03-20 14:57:59,684] {dag.py:2280} INFO - Setting next_dagrun for example_task_group to 2023-03-18 00:00:00+00:00
[2023-03-20 14:57:59,710] {scheduler_job.py:190} INFO - Processing /home/airflow/.local/lib/python3.6/site-packages/airflow/example_dags/example_task_group.py took 0.262 seconds
[2023-03-20 14:58:30,460] {scheduler_job.py:182} INFO - Started process (PID=190) to work on /home/airflow/.local/lib/python3.6/site-packages/airflow/example_dags/example_task_group.py
[2023-03-20 14:58:30,461] {scheduler_job.py:629} INFO - Processing file /home/airflow/.local/lib/python3.6/site-packages/airflow/example_dags/example_task_group.py for tasks to queue
[2023-03-20 14:58:30,462] {logging_mixin.py:104} INFO - [2023-03-20 14:58:30,462] {dagbag.py:451} INFO - Filling up the DagBag from /home/airflow/.local/lib/python3.6/site-packages/airflow/example_dags/example_task_group.py
[2023-03-20 14:58:30,473] {scheduler_job.py:639} INFO - DAG(s) dict_keys(['example_task_group']) retrieved from /home/airflow/.local/lib/python3.6/site-packages/airflow/example_dags/example_task_group.py
[2023-03-20 14:58:30,496] {logging_mixin.py:104} INFO - [2023-03-20 14:58:30,496] {dag.py:1824} INFO - Sync 1 DAGs
[2023-03-20 14:58:30,510] {logging_mixin.py:104} INFO - [2023-03-20 14:58:30,509] {dag.py:2280} INFO - Setting next_dagrun for example_task_group to 2023-03-18 00:00:00+00:00
[2023-03-20 14:58:30,517] {scheduler_job.py:190} INFO - Processing /home/airflow/.local/lib/python3.6/site-packages/airflow/example_dags/example_task_group.py took 0.060 seconds
[2023-03-20 14:59:00,872] {scheduler_job.py:182} INFO - Started process (PID=214) to work on /home/airflow/.local/lib/python3.6/site-packages/airflow/example_dags/example_task_group.py
[2023-03-20 14:59:00,875] {scheduler_job.py:629} INFO - Processing file /home/airflow/.local/lib/python3.6/site-packages/airflow/example_dags/example_task_group.py for tasks to queue
[2023-03-20 14:59:00,877] {logging_mixin.py:104} INFO - [2023-03-20 14:59:00,877] {dagbag.py:451} INFO - Filling up the DagBag from /home/airflow/.local/lib/python3.6/site-packages/airflow/example_dags/example_task_group.py
[2023-03-20 14:59:00,905] {scheduler_job.py:639} INFO - DAG(s) dict_keys(['example_task_group']) retrieved from /home/airflow/.local/lib/python3.6/site-packages/airflow/example_dags/example_task_group.py
[2023-03-20 14:59:00,962] {logging_mixin.py:104} INFO - [2023-03-20 14:59:00,962] {dag.py:1824} INFO - Sync 1 DAGs
[2023-03-20 14:59:00,980] {logging_mixin.py:104} INFO - [2023-03-20 14:59:00,980] {dag.py:2280} INFO - Setting next_dagrun for example_task_group to 2023-03-18 00:00:00+00:00
[2023-03-20 14:59:00,999] {scheduler_job.py:190} INFO - Processing /home/airflow/.local/lib/python3.6/site-packages/airflow/example_dags/example_task_group.py took 0.132 seconds
[2023-03-20 14:59:31,485] {scheduler_job.py:182} INFO - Started process (PID=240) to work on /home/airflow/.local/lib/python3.6/site-packages/airflow/example_dags/example_task_group.py
[2023-03-20 14:59:31,488] {scheduler_job.py:629} INFO - Processing file /home/airflow/.local/lib/python3.6/site-packages/airflow/example_dags/example_task_group.py for tasks to queue
[2023-03-20 14:59:31,490] {logging_mixin.py:104} INFO - [2023-03-20 14:59:31,489] {dagbag.py:451} INFO - Filling up the DagBag from /home/airflow/.local/lib/python3.6/site-packages/airflow/example_dags/example_task_group.py
[2023-03-20 14:59:31,512] {scheduler_job.py:639} INFO - DAG(s) dict_keys(['example_task_group']) retrieved from /home/airflow/.local/lib/python3.6/site-packages/airflow/example_dags/example_task_group.py
[2023-03-20 14:59:31,545] {logging_mixin.py:104} INFO - [2023-03-20 14:59:31,545] {dag.py:1824} INFO - Sync 1 DAGs
[2023-03-20 14:59:31,559] {logging_mixin.py:104} INFO - [2023-03-20 14:59:31,559] {dag.py:2280} INFO - Setting next_dagrun for example_task_group to 2023-03-18 00:00:00+00:00
[2023-03-20 14:59:31,568] {scheduler_job.py:190} INFO - Processing /home/airflow/.local/lib/python3.6/site-packages/airflow/example_dags/example_task_group.py took 0.089 seconds
[2023-03-20 15:00:01,913] {scheduler_job.py:182} INFO - Started process (PID=266) to work on /home/airflow/.local/lib/python3.6/site-packages/airflow/example_dags/example_task_group.py
[2023-03-20 15:00:01,916] {scheduler_job.py:629} INFO - Processing file /home/airflow/.local/lib/python3.6/site-packages/airflow/example_dags/example_task_group.py for tasks to queue
[2023-03-20 15:00:01,918] {logging_mixin.py:104} INFO - [2023-03-20 15:00:01,918] {dagbag.py:451} INFO - Filling up the DagBag from /home/airflow/.local/lib/python3.6/site-packages/airflow/example_dags/example_task_group.py
[2023-03-20 15:00:01,939] {scheduler_job.py:639} INFO - DAG(s) dict_keys(['example_task_group']) retrieved from /home/airflow/.local/lib/python3.6/site-packages/airflow/example_dags/example_task_group.py
[2023-03-20 15:00:01,972] {logging_mixin.py:104} INFO - [2023-03-20 15:00:01,972] {dag.py:1824} INFO - Sync 1 DAGs
[2023-03-20 15:00:01,986] {logging_mixin.py:104} INFO - [2023-03-20 15:00:01,986] {dag.py:2280} INFO - Setting next_dagrun for example_task_group to 2023-03-18 00:00:00+00:00
[2023-03-20 15:00:01,993] {scheduler_job.py:190} INFO - Processing /home/airflow/.local/lib/python3.6/site-packages/airflow/example_dags/example_task_group.py took 0.086 seconds
[2023-03-20 15:00:32,443] {scheduler_job.py:182} INFO - Started process (PID=292) to work on /home/airflow/.local/lib/python3.6/site-packages/airflow/example_dags/example_task_group.py
[2023-03-20 15:00:32,446] {scheduler_job.py:629} INFO - Processing file /home/airflow/.local/lib/python3.6/site-packages/airflow/example_dags/example_task_group.py for tasks to queue
[2023-03-20 15:00:32,448] {logging_mixin.py:104} INFO - [2023-03-20 15:00:32,448] {dagbag.py:451} INFO - Filling up the DagBag from /home/airflow/.local/lib/python3.6/site-packages/airflow/example_dags/example_task_group.py
[2023-03-20 15:00:32,485] {scheduler_job.py:639} INFO - DAG(s) dict_keys(['example_task_group']) retrieved from /home/airflow/.local/lib/python3.6/site-packages/airflow/example_dags/example_task_group.py
[2023-03-20 15:00:32,525] {logging_mixin.py:104} INFO - [2023-03-20 15:00:32,525] {dag.py:1824} INFO - Sync 1 DAGs
[2023-03-20 15:00:32,544] {logging_mixin.py:104} INFO - [2023-03-20 15:00:32,544] {dag.py:2280} INFO - Setting next_dagrun for example_task_group to 2023-03-18 00:00:00+00:00
[2023-03-20 15:00:32,556] {scheduler_job.py:190} INFO - Processing /home/airflow/.local/lib/python3.6/site-packages/airflow/example_dags/example_task_group.py took 0.119 seconds
[2023-03-20 15:01:02,937] {scheduler_job.py:182} INFO - Started process (PID=318) to work on /home/airflow/.local/lib/python3.6/site-packages/airflow/example_dags/example_task_group.py
[2023-03-20 15:01:02,941] {scheduler_job.py:629} INFO - Processing file /home/airflow/.local/lib/python3.6/site-packages/airflow/example_dags/example_task_group.py for tasks to queue
[2023-03-20 15:01:02,943] {logging_mixin.py:104} INFO - [2023-03-20 15:01:02,943] {dagbag.py:451} INFO - Filling up the DagBag from /home/airflow/.local/lib/python3.6/site-packages/airflow/example_dags/example_task_group.py
[2023-03-20 15:01:02,995] {scheduler_job.py:639} INFO - DAG(s) dict_keys(['example_task_group']) retrieved from /home/airflow/.local/lib/python3.6/site-packages/airflow/example_dags/example_task_group.py
[2023-03-20 15:01:03,030] {logging_mixin.py:104} INFO - [2023-03-20 15:01:03,029] {dag.py:1824} INFO - Sync 1 DAGs
[2023-03-20 15:01:03,048] {logging_mixin.py:104} INFO - [2023-03-20 15:01:03,048] {dag.py:2280} INFO - Setting next_dagrun for example_task_group to 2023-03-18 00:00:00+00:00
[2023-03-20 15:01:03,057] {scheduler_job.py:190} INFO - Processing /home/airflow/.local/lib/python3.6/site-packages/airflow/example_dags/example_task_group.py took 0.124 seconds
[2023-03-20 15:01:33,422] {scheduler_job.py:182} INFO - Started process (PID=344) to work on /home/airflow/.local/lib/python3.6/site-packages/airflow/example_dags/example_task_group.py
[2023-03-20 15:01:33,425] {scheduler_job.py:629} INFO - Processing file /home/airflow/.local/lib/python3.6/site-packages/airflow/example_dags/example_task_group.py for tasks to queue
[2023-03-20 15:01:33,427] {logging_mixin.py:104} INFO - [2023-03-20 15:01:33,426] {dagbag.py:451} INFO - Filling up the DagBag from /home/airflow/.local/lib/python3.6/site-packages/airflow/example_dags/example_task_group.py
[2023-03-20 15:01:33,450] {scheduler_job.py:639} INFO - DAG(s) dict_keys(['example_task_group']) retrieved from /home/airflow/.local/lib/python3.6/site-packages/airflow/example_dags/example_task_group.py
[2023-03-20 15:01:33,473] {logging_mixin.py:104} INFO - [2023-03-20 15:01:33,473] {dag.py:1824} INFO - Sync 1 DAGs
[2023-03-20 15:01:33,484] {logging_mixin.py:104} INFO - [2023-03-20 15:01:33,484] {dag.py:2280} INFO - Setting next_dagrun for example_task_group to 2023-03-18 00:00:00+00:00
[2023-03-20 15:01:33,492] {scheduler_job.py:190} INFO - Processing /home/airflow/.local/lib/python3.6/site-packages/airflow/example_dags/example_task_group.py took 0.076 seconds
[2023-03-20 15:02:03,823] {scheduler_job.py:182} INFO - Started process (PID=370) to work on /home/airflow/.local/lib/python3.6/site-packages/airflow/example_dags/example_task_group.py
[2023-03-20 15:02:03,826] {scheduler_job.py:629} INFO - Processing file /home/airflow/.local/lib/python3.6/site-packages/airflow/example_dags/example_task_group.py for tasks to queue
[2023-03-20 15:02:03,828] {logging_mixin.py:104} INFO - [2023-03-20 15:02:03,827] {dagbag.py:451} INFO - Filling up the DagBag from /home/airflow/.local/lib/python3.6/site-packages/airflow/example_dags/example_task_group.py
[2023-03-20 15:02:03,862] {scheduler_job.py:639} INFO - DAG(s) dict_keys(['example_task_group']) retrieved from /home/airflow/.local/lib/python3.6/site-packages/airflow/example_dags/example_task_group.py
[2023-03-20 15:02:03,894] {logging_mixin.py:104} INFO - [2023-03-20 15:02:03,893] {dag.py:1824} INFO - Sync 1 DAGs
[2023-03-20 15:02:03,910] {logging_mixin.py:104} INFO - [2023-03-20 15:02:03,910] {dag.py:2280} INFO - Setting next_dagrun for example_task_group to 2023-03-18 00:00:00+00:00
[2023-03-20 15:02:03,921] {scheduler_job.py:190} INFO - Processing /home/airflow/.local/lib/python3.6/site-packages/airflow/example_dags/example_task_group.py took 0.104 seconds
[2023-03-20 15:02:34,336] {scheduler_job.py:182} INFO - Started process (PID=396) to work on /home/airflow/.local/lib/python3.6/site-packages/airflow/example_dags/example_task_group.py
[2023-03-20 15:02:34,347] {scheduler_job.py:629} INFO - Processing file /home/airflow/.local/lib/python3.6/site-packages/airflow/example_dags/example_task_group.py for tasks to queue
[2023-03-20 15:02:34,349] {logging_mixin.py:104} INFO - [2023-03-20 15:02:34,349] {dagbag.py:451} INFO - Filling up the DagBag from /home/airflow/.local/lib/python3.6/site-packages/airflow/example_dags/example_task_group.py
[2023-03-20 15:02:34,366] {scheduler_job.py:639} INFO - DAG(s) dict_keys(['example_task_group']) retrieved from /home/airflow/.local/lib/python3.6/site-packages/airflow/example_dags/example_task_group.py
[2023-03-20 15:02:34,391] {logging_mixin.py:104} INFO - [2023-03-20 15:02:34,391] {dag.py:1824} INFO - Sync 1 DAGs
[2023-03-20 15:02:34,404] {logging_mixin.py:104} INFO - [2023-03-20 15:02:34,404] {dag.py:2280} INFO - Setting next_dagrun for example_task_group to 2023-03-18 00:00:00+00:00
[2023-03-20 15:02:34,413] {scheduler_job.py:190} INFO - Processing /home/airflow/.local/lib/python3.6/site-packages/airflow/example_dags/example_task_group.py took 0.082 seconds
[2023-03-20 15:03:04,803] {scheduler_job.py:182} INFO - Started process (PID=422) to work on /home/airflow/.local/lib/python3.6/site-packages/airflow/example_dags/example_task_group.py
[2023-03-20 15:03:04,806] {scheduler_job.py:629} INFO - Processing file /home/airflow/.local/lib/python3.6/site-packages/airflow/example_dags/example_task_group.py for tasks to queue
[2023-03-20 15:03:04,808] {logging_mixin.py:104} INFO - [2023-03-20 15:03:04,807] {dagbag.py:451} INFO - Filling up the DagBag from /home/airflow/.local/lib/python3.6/site-packages/airflow/example_dags/example_task_group.py
[2023-03-20 15:03:04,832] {scheduler_job.py:639} INFO - DAG(s) dict_keys(['example_task_group']) retrieved from /home/airflow/.local/lib/python3.6/site-packages/airflow/example_dags/example_task_group.py
[2023-03-20 15:03:04,883] {logging_mixin.py:104} INFO - [2023-03-20 15:03:04,882] {dag.py:1824} INFO - Sync 1 DAGs
[2023-03-20 15:03:04,905] {logging_mixin.py:104} INFO - [2023-03-20 15:03:04,905] {dag.py:2280} INFO - Setting next_dagrun for example_task_group to 2023-03-18 00:00:00+00:00
[2023-03-20 15:03:04,917] {scheduler_job.py:190} INFO - Processing /home/airflow/.local/lib/python3.6/site-packages/airflow/example_dags/example_task_group.py took 0.123 seconds
[2023-03-20 15:03:35,299] {scheduler_job.py:182} INFO - Started process (PID=448) to work on /home/airflow/.local/lib/python3.6/site-packages/airflow/example_dags/example_task_group.py
[2023-03-20 15:03:35,302] {scheduler_job.py:629} INFO - Processing file /home/airflow/.local/lib/python3.6/site-packages/airflow/example_dags/example_task_group.py for tasks to queue
[2023-03-20 15:03:35,304] {logging_mixin.py:104} INFO - [2023-03-20 15:03:35,304] {dagbag.py:451} INFO - Filling up the DagBag from /home/airflow/.local/lib/python3.6/site-packages/airflow/example_dags/example_task_group.py
[2023-03-20 15:03:35,336] {scheduler_job.py:639} INFO - DAG(s) dict_keys(['example_task_group']) retrieved from /home/airflow/.local/lib/python3.6/site-packages/airflow/example_dags/example_task_group.py
[2023-03-20 15:03:35,373] {logging_mixin.py:104} INFO - [2023-03-20 15:03:35,373] {dag.py:1824} INFO - Sync 1 DAGs
[2023-03-20 15:03:35,396] {logging_mixin.py:104} INFO - [2023-03-20 15:03:35,396] {dag.py:2280} INFO - Setting next_dagrun for example_task_group to 2023-03-18 00:00:00+00:00
[2023-03-20 15:03:35,408] {scheduler_job.py:190} INFO - Processing /home/airflow/.local/lib/python3.6/site-packages/airflow/example_dags/example_task_group.py took 0.118 seconds
[2023-03-20 15:04:05,865] {scheduler_job.py:182} INFO - Started process (PID=474) to work on /home/airflow/.local/lib/python3.6/site-packages/airflow/example_dags/example_task_group.py
[2023-03-20 15:04:05,868] {scheduler_job.py:629} INFO - Processing file /home/airflow/.local/lib/python3.6/site-packages/airflow/example_dags/example_task_group.py for tasks to queue
[2023-03-20 15:04:05,870] {logging_mixin.py:104} INFO - [2023-03-20 15:04:05,869] {dagbag.py:451} INFO - Filling up the DagBag from /home/airflow/.local/lib/python3.6/site-packages/airflow/example_dags/example_task_group.py
[2023-03-20 15:04:05,909] {scheduler_job.py:639} INFO - DAG(s) dict_keys(['example_task_group']) retrieved from /home/airflow/.local/lib/python3.6/site-packages/airflow/example_dags/example_task_group.py
[2023-03-20 15:04:05,948] {logging_mixin.py:104} INFO - [2023-03-20 15:04:05,948] {dag.py:1824} INFO - Sync 1 DAGs
[2023-03-20 15:04:05,969] {logging_mixin.py:104} INFO - [2023-03-20 15:04:05,969] {dag.py:2280} INFO - Setting next_dagrun for example_task_group to 2023-03-18 00:00:00+00:00
[2023-03-20 15:04:05,980] {scheduler_job.py:190} INFO - Processing /home/airflow/.local/lib/python3.6/site-packages/airflow/example_dags/example_task_group.py took 0.123 seconds
[2023-03-20 15:04:36,365] {scheduler_job.py:182} INFO - Started process (PID=500) to work on /home/airflow/.local/lib/python3.6/site-packages/airflow/example_dags/example_task_group.py
[2023-03-20 15:04:36,367] {scheduler_job.py:629} INFO - Processing file /home/airflow/.local/lib/python3.6/site-packages/airflow/example_dags/example_task_group.py for tasks to queue
[2023-03-20 15:04:36,369] {logging_mixin.py:104} INFO - [2023-03-20 15:04:36,369] {dagbag.py:451} INFO - Filling up the DagBag from /home/airflow/.local/lib/python3.6/site-packages/airflow/example_dags/example_task_group.py
[2023-03-20 15:04:36,392] {scheduler_job.py:639} INFO - DAG(s) dict_keys(['example_task_group']) retrieved from /home/airflow/.local/lib/python3.6/site-packages/airflow/example_dags/example_task_group.py
[2023-03-20 15:04:36,424] {logging_mixin.py:104} INFO - [2023-03-20 15:04:36,424] {dag.py:1824} INFO - Sync 1 DAGs
[2023-03-20 15:04:36,442] {logging_mixin.py:104} INFO - [2023-03-20 15:04:36,442] {dag.py:2280} INFO - Setting next_dagrun for example_task_group to 2023-03-18 00:00:00+00:00
[2023-03-20 15:04:36,451] {scheduler_job.py:190} INFO - Processing /home/airflow/.local/lib/python3.6/site-packages/airflow/example_dags/example_task_group.py took 0.094 seconds
[2023-03-20 15:05:06,916] {scheduler_job.py:182} INFO - Started process (PID=526) to work on /home/airflow/.local/lib/python3.6/site-packages/airflow/example_dags/example_task_group.py
[2023-03-20 15:05:06,920] {scheduler_job.py:629} INFO - Processing file /home/airflow/.local/lib/python3.6/site-packages/airflow/example_dags/example_task_group.py for tasks to queue
[2023-03-20 15:05:06,922] {logging_mixin.py:104} INFO - [2023-03-20 15:05:06,922] {dagbag.py:451} INFO - Filling up the DagBag from /home/airflow/.local/lib/python3.6/site-packages/airflow/example_dags/example_task_group.py
[2023-03-20 15:05:06,970] {scheduler_job.py:639} INFO - DAG(s) dict_keys(['example_task_group']) retrieved from /home/airflow/.local/lib/python3.6/site-packages/airflow/example_dags/example_task_group.py
[2023-03-20 15:05:07,005] {logging_mixin.py:104} INFO - [2023-03-20 15:05:07,005] {dag.py:1824} INFO - Sync 1 DAGs
[2023-03-20 15:05:07,034] {logging_mixin.py:104} INFO - [2023-03-20 15:05:07,034] {dag.py:2280} INFO - Setting next_dagrun for example_task_group to 2023-03-18 00:00:00+00:00
[2023-03-20 15:05:07,050] {scheduler_job.py:190} INFO - Processing /home/airflow/.local/lib/python3.6/site-packages/airflow/example_dags/example_task_group.py took 0.141 seconds
[2023-03-20 15:05:37,528] {scheduler_job.py:182} INFO - Started process (PID=552) to work on /home/airflow/.local/lib/python3.6/site-packages/airflow/example_dags/example_task_group.py
[2023-03-20 15:05:37,532] {scheduler_job.py:629} INFO - Processing file /home/airflow/.local/lib/python3.6/site-packages/airflow/example_dags/example_task_group.py for tasks to queue
[2023-03-20 15:05:37,534] {logging_mixin.py:104} INFO - [2023-03-20 15:05:37,534] {dagbag.py:451} INFO - Filling up the DagBag from /home/airflow/.local/lib/python3.6/site-packages/airflow/example_dags/example_task_group.py
[2023-03-20 15:05:37,569] {scheduler_job.py:639} INFO - DAG(s) dict_keys(['example_task_group']) retrieved from /home/airflow/.local/lib/python3.6/site-packages/airflow/example_dags/example_task_group.py
[2023-03-20 15:05:37,612] {logging_mixin.py:104} INFO - [2023-03-20 15:05:37,612] {dag.py:1824} INFO - Sync 1 DAGs
[2023-03-20 15:05:37,634] {logging_mixin.py:104} INFO - [2023-03-20 15:05:37,634] {dag.py:2280} INFO - Setting next_dagrun for example_task_group to 2023-03-18 00:00:00+00:00
[2023-03-20 15:05:37,646] {scheduler_job.py:190} INFO - Processing /home/airflow/.local/lib/python3.6/site-packages/airflow/example_dags/example_task_group.py took 0.125 seconds
[2023-03-20 15:06:08,120] {scheduler_job.py:182} INFO - Started process (PID=578) to work on /home/airflow/.local/lib/python3.6/site-packages/airflow/example_dags/example_task_group.py
[2023-03-20 15:06:08,123] {scheduler_job.py:629} INFO - Processing file /home/airflow/.local/lib/python3.6/site-packages/airflow/example_dags/example_task_group.py for tasks to queue
[2023-03-20 15:06:08,125] {logging_mixin.py:104} INFO - [2023-03-20 15:06:08,124] {dagbag.py:451} INFO - Filling up the DagBag from /home/airflow/.local/lib/python3.6/site-packages/airflow/example_dags/example_task_group.py
[2023-03-20 15:06:08,150] {scheduler_job.py:639} INFO - DAG(s) dict_keys(['example_task_group']) retrieved from /home/airflow/.local/lib/python3.6/site-packages/airflow/example_dags/example_task_group.py
[2023-03-20 15:06:08,205] {logging_mixin.py:104} INFO - [2023-03-20 15:06:08,205] {dag.py:1824} INFO - Sync 1 DAGs
[2023-03-20 15:06:08,228] {logging_mixin.py:104} INFO - [2023-03-20 15:06:08,228] {dag.py:2280} INFO - Setting next_dagrun for example_task_group to 2023-03-18 00:00:00+00:00
[2023-03-20 15:06:08,240] {scheduler_job.py:190} INFO - Processing /home/airflow/.local/lib/python3.6/site-packages/airflow/example_dags/example_task_group.py took 0.131 seconds
[2023-03-20 15:06:38,767] {scheduler_job.py:182} INFO - Started process (PID=604) to work on /home/airflow/.local/lib/python3.6/site-packages/airflow/example_dags/example_task_group.py
[2023-03-20 15:06:38,770] {scheduler_job.py:629} INFO - Processing file /home/airflow/.local/lib/python3.6/site-packages/airflow/example_dags/example_task_group.py for tasks to queue
[2023-03-20 15:06:38,772] {logging_mixin.py:104} INFO - [2023-03-20 15:06:38,772] {dagbag.py:451} INFO - Filling up the DagBag from /home/airflow/.local/lib/python3.6/site-packages/airflow/example_dags/example_task_group.py
[2023-03-20 15:06:38,809] {scheduler_job.py:639} INFO - DAG(s) dict_keys(['example_task_group']) retrieved from /home/airflow/.local/lib/python3.6/site-packages/airflow/example_dags/example_task_group.py
[2023-03-20 15:06:38,851] {logging_mixin.py:104} INFO - [2023-03-20 15:06:38,851] {dag.py:1824} INFO - Sync 1 DAGs
[2023-03-20 15:06:38,872] {logging_mixin.py:104} INFO - [2023-03-20 15:06:38,872] {dag.py:2280} INFO - Setting next_dagrun for example_task_group to 2023-03-18 00:00:00+00:00
[2023-03-20 15:06:38,883] {scheduler_job.py:190} INFO - Processing /home/airflow/.local/lib/python3.6/site-packages/airflow/example_dags/example_task_group.py took 0.127 seconds
[2023-03-20 15:07:09,449] {scheduler_job.py:182} INFO - Started process (PID=630) to work on /home/airflow/.local/lib/python3.6/site-packages/airflow/example_dags/example_task_group.py
[2023-03-20 15:07:09,452] {scheduler_job.py:629} INFO - Processing file /home/airflow/.local/lib/python3.6/site-packages/airflow/example_dags/example_task_group.py for tasks to queue
[2023-03-20 15:07:09,453] {logging_mixin.py:104} INFO - [2023-03-20 15:07:09,453] {dagbag.py:451} INFO - Filling up the DagBag from /home/airflow/.local/lib/python3.6/site-packages/airflow/example_dags/example_task_group.py
[2023-03-20 15:07:09,480] {scheduler_job.py:639} INFO - DAG(s) dict_keys(['example_task_group']) retrieved from /home/airflow/.local/lib/python3.6/site-packages/airflow/example_dags/example_task_group.py
[2023-03-20 15:07:09,532] {logging_mixin.py:104} INFO - [2023-03-20 15:07:09,532] {dag.py:1824} INFO - Sync 1 DAGs
[2023-03-20 15:07:09,554] {logging_mixin.py:104} INFO - [2023-03-20 15:07:09,554] {dag.py:2280} INFO - Setting next_dagrun for example_task_group to 2023-03-18 00:00:00+00:00
[2023-03-20 15:07:09,565] {scheduler_job.py:190} INFO - Processing /home/airflow/.local/lib/python3.6/site-packages/airflow/example_dags/example_task_group.py took 0.125 seconds
[2023-03-20 15:07:40,266] {scheduler_job.py:182} INFO - Started process (PID=656) to work on /home/airflow/.local/lib/python3.6/site-packages/airflow/example_dags/example_task_group.py
[2023-03-20 15:07:40,271] {scheduler_job.py:629} INFO - Processing file /home/airflow/.local/lib/python3.6/site-packages/airflow/example_dags/example_task_group.py for tasks to queue
[2023-03-20 15:07:40,273] {logging_mixin.py:104} INFO - [2023-03-20 15:07:40,273] {dagbag.py:451} INFO - Filling up the DagBag from /home/airflow/.local/lib/python3.6/site-packages/airflow/example_dags/example_task_group.py
[2023-03-20 15:07:40,306] {scheduler_job.py:639} INFO - DAG(s) dict_keys(['example_task_group']) retrieved from /home/airflow/.local/lib/python3.6/site-packages/airflow/example_dags/example_task_group.py
[2023-03-20 15:07:40,376] {logging_mixin.py:104} INFO - [2023-03-20 15:07:40,376] {dag.py:1824} INFO - Sync 1 DAGs
[2023-03-20 15:07:40,403] {logging_mixin.py:104} INFO - [2023-03-20 15:07:40,402] {dag.py:2280} INFO - Setting next_dagrun for example_task_group to 2023-03-18 00:00:00+00:00
[2023-03-20 15:07:40,434] {scheduler_job.py:190} INFO - Processing /home/airflow/.local/lib/python3.6/site-packages/airflow/example_dags/example_task_group.py took 0.178 seconds
[2023-03-20 15:08:11,218] {scheduler_job.py:182} INFO - Started process (PID=682) to work on /home/airflow/.local/lib/python3.6/site-packages/airflow/example_dags/example_task_group.py
[2023-03-20 15:08:11,221] {scheduler_job.py:629} INFO - Processing file /home/airflow/.local/lib/python3.6/site-packages/airflow/example_dags/example_task_group.py for tasks to queue
[2023-03-20 15:08:11,223] {logging_mixin.py:104} INFO - [2023-03-20 15:08:11,223] {dagbag.py:451} INFO - Filling up the DagBag from /home/airflow/.local/lib/python3.6/site-packages/airflow/example_dags/example_task_group.py
[2023-03-20 15:08:11,272] {scheduler_job.py:639} INFO - DAG(s) dict_keys(['example_task_group']) retrieved from /home/airflow/.local/lib/python3.6/site-packages/airflow/example_dags/example_task_group.py
[2023-03-20 15:08:11,317] {logging_mixin.py:104} INFO - [2023-03-20 15:08:11,317] {dag.py:1824} INFO - Sync 1 DAGs
[2023-03-20 15:08:11,351] {logging_mixin.py:104} INFO - [2023-03-20 15:08:11,351] {dag.py:2280} INFO - Setting next_dagrun for example_task_group to 2023-03-18 00:00:00+00:00
[2023-03-20 15:08:11,368] {scheduler_job.py:190} INFO - Processing /home/airflow/.local/lib/python3.6/site-packages/airflow/example_dags/example_task_group.py took 0.159 seconds
[2023-03-20 15:08:41,868] {scheduler_job.py:182} INFO - Started process (PID=708) to work on /home/airflow/.local/lib/python3.6/site-packages/airflow/example_dags/example_task_group.py
[2023-03-20 15:08:41,871] {scheduler_job.py:629} INFO - Processing file /home/airflow/.local/lib/python3.6/site-packages/airflow/example_dags/example_task_group.py for tasks to queue
[2023-03-20 15:08:41,873] {logging_mixin.py:104} INFO - [2023-03-20 15:08:41,873] {dagbag.py:451} INFO - Filling up the DagBag from /home/airflow/.local/lib/python3.6/site-packages/airflow/example_dags/example_task_group.py
[2023-03-20 15:08:41,899] {scheduler_job.py:639} INFO - DAG(s) dict_keys(['example_task_group']) retrieved from /home/airflow/.local/lib/python3.6/site-packages/airflow/example_dags/example_task_group.py
[2023-03-20 15:08:41,945] {logging_mixin.py:104} INFO - [2023-03-20 15:08:41,945] {dag.py:1824} INFO - Sync 1 DAGs
[2023-03-20 15:08:41,968] {logging_mixin.py:104} INFO - [2023-03-20 15:08:41,968] {dag.py:2280} INFO - Setting next_dagrun for example_task_group to 2023-03-18 00:00:00+00:00
[2023-03-20 15:08:41,979] {scheduler_job.py:190} INFO - Processing /home/airflow/.local/lib/python3.6/site-packages/airflow/example_dags/example_task_group.py took 0.120 seconds
[2023-03-20 15:09:12,622] {scheduler_job.py:182} INFO - Started process (PID=734) to work on /home/airflow/.local/lib/python3.6/site-packages/airflow/example_dags/example_task_group.py
[2023-03-20 15:09:12,625] {scheduler_job.py:629} INFO - Processing file /home/airflow/.local/lib/python3.6/site-packages/airflow/example_dags/example_task_group.py for tasks to queue
[2023-03-20 15:09:12,626] {logging_mixin.py:104} INFO - [2023-03-20 15:09:12,626] {dagbag.py:451} INFO - Filling up the DagBag from /home/airflow/.local/lib/python3.6/site-packages/airflow/example_dags/example_task_group.py
[2023-03-20 15:09:12,673] {scheduler_job.py:639} INFO - DAG(s) dict_keys(['example_task_group']) retrieved from /home/airflow/.local/lib/python3.6/site-packages/airflow/example_dags/example_task_group.py
[2023-03-20 15:09:12,719] {logging_mixin.py:104} INFO - [2023-03-20 15:09:12,718] {dag.py:1824} INFO - Sync 1 DAGs
[2023-03-20 15:09:12,745] {logging_mixin.py:104} INFO - [2023-03-20 15:09:12,745] {dag.py:2280} INFO - Setting next_dagrun for example_task_group to 2023-03-18 00:00:00+00:00
[2023-03-20 15:09:12,757] {scheduler_job.py:190} INFO - Processing /home/airflow/.local/lib/python3.6/site-packages/airflow/example_dags/example_task_group.py took 0.141 seconds
[2023-03-20 15:09:43,587] {scheduler_job.py:182} INFO - Started process (PID=760) to work on /home/airflow/.local/lib/python3.6/site-packages/airflow/example_dags/example_task_group.py
[2023-03-20 15:09:43,615] {scheduler_job.py:629} INFO - Processing file /home/airflow/.local/lib/python3.6/site-packages/airflow/example_dags/example_task_group.py for tasks to queue
[2023-03-20 15:09:43,622] {logging_mixin.py:104} INFO - [2023-03-20 15:09:43,621] {dagbag.py:451} INFO - Filling up the DagBag from /home/airflow/.local/lib/python3.6/site-packages/airflow/example_dags/example_task_group.py
[2023-03-20 15:09:43,769] {scheduler_job.py:639} INFO - DAG(s) dict_keys(['example_task_group']) retrieved from /home/airflow/.local/lib/python3.6/site-packages/airflow/example_dags/example_task_group.py
[2023-03-20 15:09:46,848] {logging_mixin.py:104} INFO - [2023-03-20 15:09:46,847] {process_utils.py:206} INFO - Waiting up to 5 seconds for processes to exit...
