[2023-03-20T11:13:33.945+0000] {processor.py:153} INFO - Started process (PID=72) to work on /home/airflow/.local/lib/python3.7/site-packages/airflow/example_dags/example_branch_datetime_operator.py
[2023-03-20T11:13:33.946+0000] {processor.py:743} INFO - Processing file /home/airflow/.local/lib/python3.7/site-packages/airflow/example_dags/example_branch_datetime_operator.py for tasks to queue
[2023-03-20T11:13:33.947+0000] {logging_mixin.py:137} INFO - [2023-03-20T11:13:33.947+0000] {dagbag.py:532} INFO - Filling up the DagBag from /home/airflow/.local/lib/python3.7/site-packages/airflow/example_dags/example_branch_datetime_operator.py
[2023-03-20T11:13:33.971+0000] {processor.py:753} INFO - DAG(s) dict_keys(['example_branch_datetime_operator_3', 'example_branch_datetime_operator_2', 'example_branch_datetime_operator']) retrieved from /home/airflow/.local/lib/python3.7/site-packages/airflow/example_dags/example_branch_datetime_operator.py
[2023-03-20T11:13:33.987+0000] {logging_mixin.py:137} INFO - [2023-03-20T11:13:33.987+0000] {dag.py:2693} INFO - Sync 3 DAGs
[2023-03-20T11:13:34.022+0000] {logging_mixin.py:137} INFO - [2023-03-20T11:13:34.022+0000] {dag.py:3444} INFO - Setting next_dagrun for example_branch_datetime_operator to 2023-03-19T00:00:00+00:00, run_after=2023-03-20T00:00:00+00:00
[2023-03-20T11:13:34.028+0000] {logging_mixin.py:137} INFO - [2023-03-20T11:13:34.028+0000] {dag.py:3444} INFO - Setting next_dagrun for example_branch_datetime_operator_2 to 2023-03-19T00:00:00+00:00, run_after=2023-03-20T00:00:00+00:00
[2023-03-20T11:13:34.032+0000] {logging_mixin.py:137} INFO - [2023-03-20T11:13:34.032+0000] {dag.py:3444} INFO - Setting next_dagrun for example_branch_datetime_operator_3 to 2023-03-19T00:00:00+00:00, run_after=2023-03-20T00:00:00+00:00
[2023-03-20T11:13:34.052+0000] {processor.py:175} INFO - Processing /home/airflow/.local/lib/python3.7/site-packages/airflow/example_dags/example_branch_datetime_operator.py took 0.110 seconds
[2023-03-20T11:14:04.168+0000] {processor.py:153} INFO - Started process (PID=121) to work on /home/airflow/.local/lib/python3.7/site-packages/airflow/example_dags/example_branch_datetime_operator.py
[2023-03-20T11:14:04.169+0000] {processor.py:743} INFO - Processing file /home/airflow/.local/lib/python3.7/site-packages/airflow/example_dags/example_branch_datetime_operator.py for tasks to queue
[2023-03-20T11:14:04.170+0000] {logging_mixin.py:137} INFO - [2023-03-20T11:14:04.170+0000] {dagbag.py:532} INFO - Filling up the DagBag from /home/airflow/.local/lib/python3.7/site-packages/airflow/example_dags/example_branch_datetime_operator.py
[2023-03-20T11:14:04.183+0000] {processor.py:753} INFO - DAG(s) dict_keys(['example_branch_datetime_operator_3', 'example_branch_datetime_operator_2', 'example_branch_datetime_operator']) retrieved from /home/airflow/.local/lib/python3.7/site-packages/airflow/example_dags/example_branch_datetime_operator.py
[2023-03-20T11:14:04.212+0000] {logging_mixin.py:137} INFO - [2023-03-20T11:14:04.212+0000] {dag.py:2693} INFO - Sync 3 DAGs
[2023-03-20T11:14:04.235+0000] {logging_mixin.py:137} INFO - [2023-03-20T11:14:04.235+0000] {dag.py:3444} INFO - Setting next_dagrun for example_branch_datetime_operator to 2023-03-19T00:00:00+00:00, run_after=2023-03-20T00:00:00+00:00
[2023-03-20T11:14:04.239+0000] {logging_mixin.py:137} INFO - [2023-03-20T11:14:04.239+0000] {dag.py:3444} INFO - Setting next_dagrun for example_branch_datetime_operator_2 to 2023-03-19T00:00:00+00:00, run_after=2023-03-20T00:00:00+00:00
[2023-03-20T11:14:04.241+0000] {logging_mixin.py:137} INFO - [2023-03-20T11:14:04.241+0000] {dag.py:3444} INFO - Setting next_dagrun for example_branch_datetime_operator_3 to 2023-03-19T00:00:00+00:00, run_after=2023-03-20T00:00:00+00:00
[2023-03-20T11:14:04.252+0000] {processor.py:175} INFO - Processing /home/airflow/.local/lib/python3.7/site-packages/airflow/example_dags/example_branch_datetime_operator.py took 0.087 seconds
[2023-03-20T11:14:35.138+0000] {processor.py:153} INFO - Started process (PID=171) to work on /home/airflow/.local/lib/python3.7/site-packages/airflow/example_dags/example_branch_datetime_operator.py
[2023-03-20T11:14:35.140+0000] {processor.py:743} INFO - Processing file /home/airflow/.local/lib/python3.7/site-packages/airflow/example_dags/example_branch_datetime_operator.py for tasks to queue
[2023-03-20T11:14:35.141+0000] {logging_mixin.py:137} INFO - [2023-03-20T11:14:35.141+0000] {dagbag.py:532} INFO - Filling up the DagBag from /home/airflow/.local/lib/python3.7/site-packages/airflow/example_dags/example_branch_datetime_operator.py
[2023-03-20T11:14:35.160+0000] {processor.py:753} INFO - DAG(s) dict_keys(['example_branch_datetime_operator', 'example_branch_datetime_operator_3', 'example_branch_datetime_operator_2']) retrieved from /home/airflow/.local/lib/python3.7/site-packages/airflow/example_dags/example_branch_datetime_operator.py
[2023-03-20T11:14:35.177+0000] {logging_mixin.py:137} INFO - [2023-03-20T11:14:35.177+0000] {dag.py:2693} INFO - Sync 3 DAGs
[2023-03-20T11:14:35.200+0000] {logging_mixin.py:137} INFO - [2023-03-20T11:14:35.200+0000] {dag.py:3444} INFO - Setting next_dagrun for example_branch_datetime_operator to 2023-03-19T00:00:00+00:00, run_after=2023-03-20T00:00:00+00:00
[2023-03-20T11:14:35.204+0000] {logging_mixin.py:137} INFO - [2023-03-20T11:14:35.204+0000] {dag.py:3444} INFO - Setting next_dagrun for example_branch_datetime_operator_2 to 2023-03-19T00:00:00+00:00, run_after=2023-03-20T00:00:00+00:00
[2023-03-20T11:14:35.206+0000] {logging_mixin.py:137} INFO - [2023-03-20T11:14:35.206+0000] {dag.py:3444} INFO - Setting next_dagrun for example_branch_datetime_operator_3 to 2023-03-19T00:00:00+00:00, run_after=2023-03-20T00:00:00+00:00
[2023-03-20T11:14:35.221+0000] {processor.py:175} INFO - Processing /home/airflow/.local/lib/python3.7/site-packages/airflow/example_dags/example_branch_datetime_operator.py took 0.087 seconds
[2023-03-20T11:15:05.989+0000] {processor.py:153} INFO - Started process (PID=220) to work on /home/airflow/.local/lib/python3.7/site-packages/airflow/example_dags/example_branch_datetime_operator.py
[2023-03-20T11:15:05.991+0000] {processor.py:743} INFO - Processing file /home/airflow/.local/lib/python3.7/site-packages/airflow/example_dags/example_branch_datetime_operator.py for tasks to queue
[2023-03-20T11:15:05.991+0000] {logging_mixin.py:137} INFO - [2023-03-20T11:15:05.991+0000] {dagbag.py:532} INFO - Filling up the DagBag from /home/airflow/.local/lib/python3.7/site-packages/airflow/example_dags/example_branch_datetime_operator.py
[2023-03-20T11:15:06.004+0000] {processor.py:753} INFO - DAG(s) dict_keys(['example_branch_datetime_operator_3', 'example_branch_datetime_operator_2', 'example_branch_datetime_operator']) retrieved from /home/airflow/.local/lib/python3.7/site-packages/airflow/example_dags/example_branch_datetime_operator.py
[2023-03-20T11:15:06.032+0000] {logging_mixin.py:137} INFO - [2023-03-20T11:15:06.032+0000] {dag.py:2693} INFO - Sync 3 DAGs
[2023-03-20T11:15:06.051+0000] {logging_mixin.py:137} INFO - [2023-03-20T11:15:06.051+0000] {dag.py:3444} INFO - Setting next_dagrun for example_branch_datetime_operator to 2023-03-19T00:00:00+00:00, run_after=2023-03-20T00:00:00+00:00
[2023-03-20T11:15:06.055+0000] {logging_mixin.py:137} INFO - [2023-03-20T11:15:06.055+0000] {dag.py:3444} INFO - Setting next_dagrun for example_branch_datetime_operator_2 to 2023-03-19T00:00:00+00:00, run_after=2023-03-20T00:00:00+00:00
[2023-03-20T11:15:06.057+0000] {logging_mixin.py:137} INFO - [2023-03-20T11:15:06.057+0000] {dag.py:3444} INFO - Setting next_dagrun for example_branch_datetime_operator_3 to 2023-03-19T00:00:00+00:00, run_after=2023-03-20T00:00:00+00:00
[2023-03-20T11:15:06.070+0000] {processor.py:175} INFO - Processing /home/airflow/.local/lib/python3.7/site-packages/airflow/example_dags/example_branch_datetime_operator.py took 0.084 seconds
[2023-03-20T11:15:36.548+0000] {processor.py:153} INFO - Started process (PID=269) to work on /home/airflow/.local/lib/python3.7/site-packages/airflow/example_dags/example_branch_datetime_operator.py
[2023-03-20T11:15:36.549+0000] {processor.py:743} INFO - Processing file /home/airflow/.local/lib/python3.7/site-packages/airflow/example_dags/example_branch_datetime_operator.py for tasks to queue
[2023-03-20T11:15:36.551+0000] {logging_mixin.py:137} INFO - [2023-03-20T11:15:36.550+0000] {dagbag.py:532} INFO - Filling up the DagBag from /home/airflow/.local/lib/python3.7/site-packages/airflow/example_dags/example_branch_datetime_operator.py
[2023-03-20T11:15:36.563+0000] {processor.py:753} INFO - DAG(s) dict_keys(['example_branch_datetime_operator_2', 'example_branch_datetime_operator_3', 'example_branch_datetime_operator']) retrieved from /home/airflow/.local/lib/python3.7/site-packages/airflow/example_dags/example_branch_datetime_operator.py
[2023-03-20T11:15:36.589+0000] {logging_mixin.py:137} INFO - [2023-03-20T11:15:36.589+0000] {dag.py:2693} INFO - Sync 3 DAGs
[2023-03-20T11:15:36.607+0000] {logging_mixin.py:137} INFO - [2023-03-20T11:15:36.607+0000] {dag.py:3444} INFO - Setting next_dagrun for example_branch_datetime_operator to 2023-03-19T00:00:00+00:00, run_after=2023-03-20T00:00:00+00:00
[2023-03-20T11:15:36.611+0000] {logging_mixin.py:137} INFO - [2023-03-20T11:15:36.611+0000] {dag.py:3444} INFO - Setting next_dagrun for example_branch_datetime_operator_2 to 2023-03-19T00:00:00+00:00, run_after=2023-03-20T00:00:00+00:00
[2023-03-20T11:15:36.613+0000] {logging_mixin.py:137} INFO - [2023-03-20T11:15:36.613+0000] {dag.py:3444} INFO - Setting next_dagrun for example_branch_datetime_operator_3 to 2023-03-19T00:00:00+00:00, run_after=2023-03-20T00:00:00+00:00
[2023-03-20T11:15:36.623+0000] {processor.py:175} INFO - Processing /home/airflow/.local/lib/python3.7/site-packages/airflow/example_dags/example_branch_datetime_operator.py took 0.078 seconds
[2023-03-20T11:16:06.963+0000] {processor.py:153} INFO - Started process (PID=318) to work on /home/airflow/.local/lib/python3.7/site-packages/airflow/example_dags/example_branch_datetime_operator.py
[2023-03-20T11:16:06.964+0000] {processor.py:743} INFO - Processing file /home/airflow/.local/lib/python3.7/site-packages/airflow/example_dags/example_branch_datetime_operator.py for tasks to queue
[2023-03-20T11:16:06.965+0000] {logging_mixin.py:137} INFO - [2023-03-20T11:16:06.965+0000] {dagbag.py:532} INFO - Filling up the DagBag from /home/airflow/.local/lib/python3.7/site-packages/airflow/example_dags/example_branch_datetime_operator.py
[2023-03-20T11:16:06.983+0000] {processor.py:753} INFO - DAG(s) dict_keys(['example_branch_datetime_operator', 'example_branch_datetime_operator_2', 'example_branch_datetime_operator_3']) retrieved from /home/airflow/.local/lib/python3.7/site-packages/airflow/example_dags/example_branch_datetime_operator.py
[2023-03-20T11:16:07.012+0000] {logging_mixin.py:137} INFO - [2023-03-20T11:16:07.012+0000] {dag.py:2693} INFO - Sync 3 DAGs
[2023-03-20T11:16:07.031+0000] {logging_mixin.py:137} INFO - [2023-03-20T11:16:07.031+0000] {dag.py:3444} INFO - Setting next_dagrun for example_branch_datetime_operator to 2023-03-19T00:00:00+00:00, run_after=2023-03-20T00:00:00+00:00
[2023-03-20T11:16:07.035+0000] {logging_mixin.py:137} INFO - [2023-03-20T11:16:07.035+0000] {dag.py:3444} INFO - Setting next_dagrun for example_branch_datetime_operator_2 to 2023-03-19T00:00:00+00:00, run_after=2023-03-20T00:00:00+00:00
[2023-03-20T11:16:07.036+0000] {logging_mixin.py:137} INFO - [2023-03-20T11:16:07.036+0000] {dag.py:3444} INFO - Setting next_dagrun for example_branch_datetime_operator_3 to 2023-03-19T00:00:00+00:00, run_after=2023-03-20T00:00:00+00:00
[2023-03-20T11:16:07.046+0000] {processor.py:175} INFO - Processing /home/airflow/.local/lib/python3.7/site-packages/airflow/example_dags/example_branch_datetime_operator.py took 0.086 seconds
[2023-03-20T11:16:37.484+0000] {processor.py:153} INFO - Started process (PID=367) to work on /home/airflow/.local/lib/python3.7/site-packages/airflow/example_dags/example_branch_datetime_operator.py
[2023-03-20T11:16:37.486+0000] {processor.py:743} INFO - Processing file /home/airflow/.local/lib/python3.7/site-packages/airflow/example_dags/example_branch_datetime_operator.py for tasks to queue
[2023-03-20T11:16:37.487+0000] {logging_mixin.py:137} INFO - [2023-03-20T11:16:37.487+0000] {dagbag.py:532} INFO - Filling up the DagBag from /home/airflow/.local/lib/python3.7/site-packages/airflow/example_dags/example_branch_datetime_operator.py
[2023-03-20T11:16:37.500+0000] {processor.py:753} INFO - DAG(s) dict_keys(['example_branch_datetime_operator', 'example_branch_datetime_operator_2', 'example_branch_datetime_operator_3']) retrieved from /home/airflow/.local/lib/python3.7/site-packages/airflow/example_dags/example_branch_datetime_operator.py
[2023-03-20T11:16:37.526+0000] {logging_mixin.py:137} INFO - [2023-03-20T11:16:37.526+0000] {dag.py:2693} INFO - Sync 3 DAGs
[2023-03-20T11:16:37.544+0000] {logging_mixin.py:137} INFO - [2023-03-20T11:16:37.544+0000] {dag.py:3444} INFO - Setting next_dagrun for example_branch_datetime_operator to 2023-03-19T00:00:00+00:00, run_after=2023-03-20T00:00:00+00:00
[2023-03-20T11:16:37.548+0000] {logging_mixin.py:137} INFO - [2023-03-20T11:16:37.548+0000] {dag.py:3444} INFO - Setting next_dagrun for example_branch_datetime_operator_2 to 2023-03-19T00:00:00+00:00, run_after=2023-03-20T00:00:00+00:00
[2023-03-20T11:16:37.549+0000] {logging_mixin.py:137} INFO - [2023-03-20T11:16:37.549+0000] {dag.py:3444} INFO - Setting next_dagrun for example_branch_datetime_operator_3 to 2023-03-19T00:00:00+00:00, run_after=2023-03-20T00:00:00+00:00
[2023-03-20T11:16:37.559+0000] {processor.py:175} INFO - Processing /home/airflow/.local/lib/python3.7/site-packages/airflow/example_dags/example_branch_datetime_operator.py took 0.078 seconds
[2023-03-20T11:17:08.335+0000] {processor.py:153} INFO - Started process (PID=416) to work on /home/airflow/.local/lib/python3.7/site-packages/airflow/example_dags/example_branch_datetime_operator.py
[2023-03-20T11:17:08.337+0000] {processor.py:743} INFO - Processing file /home/airflow/.local/lib/python3.7/site-packages/airflow/example_dags/example_branch_datetime_operator.py for tasks to queue
[2023-03-20T11:17:08.338+0000] {logging_mixin.py:137} INFO - [2023-03-20T11:17:08.338+0000] {dagbag.py:532} INFO - Filling up the DagBag from /home/airflow/.local/lib/python3.7/site-packages/airflow/example_dags/example_branch_datetime_operator.py
[2023-03-20T11:17:08.353+0000] {processor.py:753} INFO - DAG(s) dict_keys(['example_branch_datetime_operator_3', 'example_branch_datetime_operator', 'example_branch_datetime_operator_2']) retrieved from /home/airflow/.local/lib/python3.7/site-packages/airflow/example_dags/example_branch_datetime_operator.py
[2023-03-20T11:17:08.382+0000] {logging_mixin.py:137} INFO - [2023-03-20T11:17:08.382+0000] {dag.py:2693} INFO - Sync 3 DAGs
[2023-03-20T11:17:08.403+0000] {logging_mixin.py:137} INFO - [2023-03-20T11:17:08.403+0000] {dag.py:3444} INFO - Setting next_dagrun for example_branch_datetime_operator to 2023-03-19T00:00:00+00:00, run_after=2023-03-20T00:00:00+00:00
[2023-03-20T11:17:08.408+0000] {logging_mixin.py:137} INFO - [2023-03-20T11:17:08.408+0000] {dag.py:3444} INFO - Setting next_dagrun for example_branch_datetime_operator_2 to 2023-03-19T00:00:00+00:00, run_after=2023-03-20T00:00:00+00:00
[2023-03-20T11:17:08.410+0000] {logging_mixin.py:137} INFO - [2023-03-20T11:17:08.410+0000] {dag.py:3444} INFO - Setting next_dagrun for example_branch_datetime_operator_3 to 2023-03-19T00:00:00+00:00, run_after=2023-03-20T00:00:00+00:00
[2023-03-20T11:17:08.422+0000] {processor.py:175} INFO - Processing /home/airflow/.local/lib/python3.7/site-packages/airflow/example_dags/example_branch_datetime_operator.py took 0.091 seconds
[2023-03-20T11:17:38.830+0000] {processor.py:153} INFO - Started process (PID=465) to work on /home/airflow/.local/lib/python3.7/site-packages/airflow/example_dags/example_branch_datetime_operator.py
[2023-03-20T11:17:38.832+0000] {processor.py:743} INFO - Processing file /home/airflow/.local/lib/python3.7/site-packages/airflow/example_dags/example_branch_datetime_operator.py for tasks to queue
[2023-03-20T11:17:38.835+0000] {logging_mixin.py:137} INFO - [2023-03-20T11:17:38.835+0000] {dagbag.py:532} INFO - Filling up the DagBag from /home/airflow/.local/lib/python3.7/site-packages/airflow/example_dags/example_branch_datetime_operator.py
[2023-03-20T11:17:38.856+0000] {processor.py:753} INFO - DAG(s) dict_keys(['example_branch_datetime_operator_3', 'example_branch_datetime_operator_2', 'example_branch_datetime_operator']) retrieved from /home/airflow/.local/lib/python3.7/site-packages/airflow/example_dags/example_branch_datetime_operator.py
[2023-03-20T11:17:38.887+0000] {logging_mixin.py:137} INFO - [2023-03-20T11:17:38.887+0000] {dag.py:2693} INFO - Sync 3 DAGs
[2023-03-20T11:17:38.911+0000] {logging_mixin.py:137} INFO - [2023-03-20T11:17:38.911+0000] {dag.py:3444} INFO - Setting next_dagrun for example_branch_datetime_operator to 2023-03-19T00:00:00+00:00, run_after=2023-03-20T00:00:00+00:00
[2023-03-20T11:17:38.916+0000] {logging_mixin.py:137} INFO - [2023-03-20T11:17:38.916+0000] {dag.py:3444} INFO - Setting next_dagrun for example_branch_datetime_operator_2 to 2023-03-19T00:00:00+00:00, run_after=2023-03-20T00:00:00+00:00
[2023-03-20T11:17:38.918+0000] {logging_mixin.py:137} INFO - [2023-03-20T11:17:38.918+0000] {dag.py:3444} INFO - Setting next_dagrun for example_branch_datetime_operator_3 to 2023-03-19T00:00:00+00:00, run_after=2023-03-20T00:00:00+00:00
[2023-03-20T11:17:38.929+0000] {processor.py:175} INFO - Processing /home/airflow/.local/lib/python3.7/site-packages/airflow/example_dags/example_branch_datetime_operator.py took 0.102 seconds
[2023-03-20T11:18:09.440+0000] {processor.py:153} INFO - Started process (PID=514) to work on /home/airflow/.local/lib/python3.7/site-packages/airflow/example_dags/example_branch_datetime_operator.py
[2023-03-20T11:18:09.441+0000] {processor.py:743} INFO - Processing file /home/airflow/.local/lib/python3.7/site-packages/airflow/example_dags/example_branch_datetime_operator.py for tasks to queue
[2023-03-20T11:18:09.442+0000] {logging_mixin.py:137} INFO - [2023-03-20T11:18:09.442+0000] {dagbag.py:532} INFO - Filling up the DagBag from /home/airflow/.local/lib/python3.7/site-packages/airflow/example_dags/example_branch_datetime_operator.py
[2023-03-20T11:18:09.457+0000] {processor.py:753} INFO - DAG(s) dict_keys(['example_branch_datetime_operator_3', 'example_branch_datetime_operator_2', 'example_branch_datetime_operator']) retrieved from /home/airflow/.local/lib/python3.7/site-packages/airflow/example_dags/example_branch_datetime_operator.py
[2023-03-20T11:18:09.503+0000] {logging_mixin.py:137} INFO - [2023-03-20T11:18:09.503+0000] {dag.py:2693} INFO - Sync 3 DAGs
[2023-03-20T11:18:09.522+0000] {logging_mixin.py:137} INFO - [2023-03-20T11:18:09.522+0000] {dag.py:3444} INFO - Setting next_dagrun for example_branch_datetime_operator to 2023-03-19T00:00:00+00:00, run_after=2023-03-20T00:00:00+00:00
[2023-03-20T11:18:09.527+0000] {logging_mixin.py:137} INFO - [2023-03-20T11:18:09.527+0000] {dag.py:3444} INFO - Setting next_dagrun for example_branch_datetime_operator_2 to 2023-03-19T00:00:00+00:00, run_after=2023-03-20T00:00:00+00:00
[2023-03-20T11:18:09.529+0000] {logging_mixin.py:137} INFO - [2023-03-20T11:18:09.529+0000] {dag.py:3444} INFO - Setting next_dagrun for example_branch_datetime_operator_3 to 2023-03-19T00:00:00+00:00, run_after=2023-03-20T00:00:00+00:00
[2023-03-20T11:18:09.542+0000] {processor.py:175} INFO - Processing /home/airflow/.local/lib/python3.7/site-packages/airflow/example_dags/example_branch_datetime_operator.py took 0.106 seconds
[2023-03-20T11:18:40.058+0000] {processor.py:153} INFO - Started process (PID=563) to work on /home/airflow/.local/lib/python3.7/site-packages/airflow/example_dags/example_branch_datetime_operator.py
[2023-03-20T11:18:40.059+0000] {processor.py:743} INFO - Processing file /home/airflow/.local/lib/python3.7/site-packages/airflow/example_dags/example_branch_datetime_operator.py for tasks to queue
[2023-03-20T11:18:40.060+0000] {logging_mixin.py:137} INFO - [2023-03-20T11:18:40.060+0000] {dagbag.py:532} INFO - Filling up the DagBag from /home/airflow/.local/lib/python3.7/site-packages/airflow/example_dags/example_branch_datetime_operator.py
[2023-03-20T11:18:40.072+0000] {processor.py:753} INFO - DAG(s) dict_keys(['example_branch_datetime_operator_3', 'example_branch_datetime_operator_2', 'example_branch_datetime_operator']) retrieved from /home/airflow/.local/lib/python3.7/site-packages/airflow/example_dags/example_branch_datetime_operator.py
[2023-03-20T11:18:40.097+0000] {logging_mixin.py:137} INFO - [2023-03-20T11:18:40.097+0000] {dag.py:2693} INFO - Sync 3 DAGs
[2023-03-20T11:18:40.115+0000] {logging_mixin.py:137} INFO - [2023-03-20T11:18:40.115+0000] {dag.py:3444} INFO - Setting next_dagrun for example_branch_datetime_operator to 2023-03-19T00:00:00+00:00, run_after=2023-03-20T00:00:00+00:00
[2023-03-20T11:18:40.118+0000] {logging_mixin.py:137} INFO - [2023-03-20T11:18:40.118+0000] {dag.py:3444} INFO - Setting next_dagrun for example_branch_datetime_operator_2 to 2023-03-19T00:00:00+00:00, run_after=2023-03-20T00:00:00+00:00
[2023-03-20T11:18:40.120+0000] {logging_mixin.py:137} INFO - [2023-03-20T11:18:40.120+0000] {dag.py:3444} INFO - Setting next_dagrun for example_branch_datetime_operator_3 to 2023-03-19T00:00:00+00:00, run_after=2023-03-20T00:00:00+00:00
[2023-03-20T11:18:40.129+0000] {processor.py:175} INFO - Processing /home/airflow/.local/lib/python3.7/site-packages/airflow/example_dags/example_branch_datetime_operator.py took 0.076 seconds
[2023-03-20T11:19:10.441+0000] {processor.py:153} INFO - Started process (PID=612) to work on /home/airflow/.local/lib/python3.7/site-packages/airflow/example_dags/example_branch_datetime_operator.py
[2023-03-20T11:19:10.443+0000] {processor.py:743} INFO - Processing file /home/airflow/.local/lib/python3.7/site-packages/airflow/example_dags/example_branch_datetime_operator.py for tasks to queue
[2023-03-20T11:19:10.443+0000] {logging_mixin.py:137} INFO - [2023-03-20T11:19:10.443+0000] {dagbag.py:532} INFO - Filling up the DagBag from /home/airflow/.local/lib/python3.7/site-packages/airflow/example_dags/example_branch_datetime_operator.py
[2023-03-20T11:19:10.456+0000] {processor.py:753} INFO - DAG(s) dict_keys(['example_branch_datetime_operator_3', 'example_branch_datetime_operator', 'example_branch_datetime_operator_2']) retrieved from /home/airflow/.local/lib/python3.7/site-packages/airflow/example_dags/example_branch_datetime_operator.py
[2023-03-20T11:19:10.480+0000] {logging_mixin.py:137} INFO - [2023-03-20T11:19:10.480+0000] {dag.py:2693} INFO - Sync 3 DAGs
[2023-03-20T11:19:10.499+0000] {logging_mixin.py:137} INFO - [2023-03-20T11:19:10.499+0000] {dag.py:3444} INFO - Setting next_dagrun for example_branch_datetime_operator to 2023-03-19T00:00:00+00:00, run_after=2023-03-20T00:00:00+00:00
[2023-03-20T11:19:10.503+0000] {logging_mixin.py:137} INFO - [2023-03-20T11:19:10.503+0000] {dag.py:3444} INFO - Setting next_dagrun for example_branch_datetime_operator_2 to 2023-03-19T00:00:00+00:00, run_after=2023-03-20T00:00:00+00:00
[2023-03-20T11:19:10.505+0000] {logging_mixin.py:137} INFO - [2023-03-20T11:19:10.505+0000] {dag.py:3444} INFO - Setting next_dagrun for example_branch_datetime_operator_3 to 2023-03-19T00:00:00+00:00, run_after=2023-03-20T00:00:00+00:00
[2023-03-20T11:19:10.514+0000] {processor.py:175} INFO - Processing /home/airflow/.local/lib/python3.7/site-packages/airflow/example_dags/example_branch_datetime_operator.py took 0.079 seconds
[2023-03-20T11:19:40.799+0000] {processor.py:153} INFO - Started process (PID=661) to work on /home/airflow/.local/lib/python3.7/site-packages/airflow/example_dags/example_branch_datetime_operator.py
[2023-03-20T11:19:40.800+0000] {processor.py:743} INFO - Processing file /home/airflow/.local/lib/python3.7/site-packages/airflow/example_dags/example_branch_datetime_operator.py for tasks to queue
[2023-03-20T11:19:40.801+0000] {logging_mixin.py:137} INFO - [2023-03-20T11:19:40.801+0000] {dagbag.py:532} INFO - Filling up the DagBag from /home/airflow/.local/lib/python3.7/site-packages/airflow/example_dags/example_branch_datetime_operator.py
[2023-03-20T11:19:40.814+0000] {processor.py:753} INFO - DAG(s) dict_keys(['example_branch_datetime_operator_2', 'example_branch_datetime_operator', 'example_branch_datetime_operator_3']) retrieved from /home/airflow/.local/lib/python3.7/site-packages/airflow/example_dags/example_branch_datetime_operator.py
[2023-03-20T11:19:40.838+0000] {logging_mixin.py:137} INFO - [2023-03-20T11:19:40.838+0000] {dag.py:2693} INFO - Sync 3 DAGs
[2023-03-20T11:19:40.856+0000] {logging_mixin.py:137} INFO - [2023-03-20T11:19:40.856+0000] {dag.py:3444} INFO - Setting next_dagrun for example_branch_datetime_operator to 2023-03-19T00:00:00+00:00, run_after=2023-03-20T00:00:00+00:00
[2023-03-20T11:19:40.859+0000] {logging_mixin.py:137} INFO - [2023-03-20T11:19:40.859+0000] {dag.py:3444} INFO - Setting next_dagrun for example_branch_datetime_operator_2 to 2023-03-19T00:00:00+00:00, run_after=2023-03-20T00:00:00+00:00
[2023-03-20T11:19:40.861+0000] {logging_mixin.py:137} INFO - [2023-03-20T11:19:40.861+0000] {dag.py:3444} INFO - Setting next_dagrun for example_branch_datetime_operator_3 to 2023-03-19T00:00:00+00:00, run_after=2023-03-20T00:00:00+00:00
[2023-03-20T11:19:40.871+0000] {processor.py:175} INFO - Processing /home/airflow/.local/lib/python3.7/site-packages/airflow/example_dags/example_branch_datetime_operator.py took 0.075 seconds
[2023-03-20T11:20:11.190+0000] {processor.py:153} INFO - Started process (PID=710) to work on /home/airflow/.local/lib/python3.7/site-packages/airflow/example_dags/example_branch_datetime_operator.py
[2023-03-20T11:20:11.191+0000] {processor.py:743} INFO - Processing file /home/airflow/.local/lib/python3.7/site-packages/airflow/example_dags/example_branch_datetime_operator.py for tasks to queue
[2023-03-20T11:20:11.192+0000] {logging_mixin.py:137} INFO - [2023-03-20T11:20:11.192+0000] {dagbag.py:532} INFO - Filling up the DagBag from /home/airflow/.local/lib/python3.7/site-packages/airflow/example_dags/example_branch_datetime_operator.py
[2023-03-20T11:20:11.204+0000] {processor.py:753} INFO - DAG(s) dict_keys(['example_branch_datetime_operator_3', 'example_branch_datetime_operator', 'example_branch_datetime_operator_2']) retrieved from /home/airflow/.local/lib/python3.7/site-packages/airflow/example_dags/example_branch_datetime_operator.py
[2023-03-20T11:20:11.229+0000] {logging_mixin.py:137} INFO - [2023-03-20T11:20:11.229+0000] {dag.py:2693} INFO - Sync 3 DAGs
[2023-03-20T11:20:11.247+0000] {logging_mixin.py:137} INFO - [2023-03-20T11:20:11.247+0000] {dag.py:3444} INFO - Setting next_dagrun for example_branch_datetime_operator to 2023-03-19T00:00:00+00:00, run_after=2023-03-20T00:00:00+00:00
[2023-03-20T11:20:11.250+0000] {logging_mixin.py:137} INFO - [2023-03-20T11:20:11.250+0000] {dag.py:3444} INFO - Setting next_dagrun for example_branch_datetime_operator_2 to 2023-03-19T00:00:00+00:00, run_after=2023-03-20T00:00:00+00:00
[2023-03-20T11:20:11.252+0000] {logging_mixin.py:137} INFO - [2023-03-20T11:20:11.252+0000] {dag.py:3444} INFO - Setting next_dagrun for example_branch_datetime_operator_3 to 2023-03-19T00:00:00+00:00, run_after=2023-03-20T00:00:00+00:00
[2023-03-20T11:20:11.261+0000] {processor.py:175} INFO - Processing /home/airflow/.local/lib/python3.7/site-packages/airflow/example_dags/example_branch_datetime_operator.py took 0.075 seconds
[2023-03-20T11:20:41.639+0000] {processor.py:153} INFO - Started process (PID=759) to work on /home/airflow/.local/lib/python3.7/site-packages/airflow/example_dags/example_branch_datetime_operator.py
[2023-03-20T11:20:41.641+0000] {processor.py:743} INFO - Processing file /home/airflow/.local/lib/python3.7/site-packages/airflow/example_dags/example_branch_datetime_operator.py for tasks to queue
[2023-03-20T11:20:41.641+0000] {logging_mixin.py:137} INFO - [2023-03-20T11:20:41.641+0000] {dagbag.py:532} INFO - Filling up the DagBag from /home/airflow/.local/lib/python3.7/site-packages/airflow/example_dags/example_branch_datetime_operator.py
[2023-03-20T11:20:41.653+0000] {processor.py:753} INFO - DAG(s) dict_keys(['example_branch_datetime_operator_2', 'example_branch_datetime_operator', 'example_branch_datetime_operator_3']) retrieved from /home/airflow/.local/lib/python3.7/site-packages/airflow/example_dags/example_branch_datetime_operator.py
[2023-03-20T11:20:41.678+0000] {logging_mixin.py:137} INFO - [2023-03-20T11:20:41.678+0000] {dag.py:2693} INFO - Sync 3 DAGs
[2023-03-20T11:20:41.696+0000] {logging_mixin.py:137} INFO - [2023-03-20T11:20:41.696+0000] {dag.py:3444} INFO - Setting next_dagrun for example_branch_datetime_operator to 2023-03-19T00:00:00+00:00, run_after=2023-03-20T00:00:00+00:00
[2023-03-20T11:20:41.700+0000] {logging_mixin.py:137} INFO - [2023-03-20T11:20:41.700+0000] {dag.py:3444} INFO - Setting next_dagrun for example_branch_datetime_operator_2 to 2023-03-19T00:00:00+00:00, run_after=2023-03-20T00:00:00+00:00
[2023-03-20T11:20:41.701+0000] {logging_mixin.py:137} INFO - [2023-03-20T11:20:41.701+0000] {dag.py:3444} INFO - Setting next_dagrun for example_branch_datetime_operator_3 to 2023-03-19T00:00:00+00:00, run_after=2023-03-20T00:00:00+00:00
[2023-03-20T11:20:41.711+0000] {processor.py:175} INFO - Processing /home/airflow/.local/lib/python3.7/site-packages/airflow/example_dags/example_branch_datetime_operator.py took 0.074 seconds
[2023-03-20T11:21:12.047+0000] {processor.py:153} INFO - Started process (PID=808) to work on /home/airflow/.local/lib/python3.7/site-packages/airflow/example_dags/example_branch_datetime_operator.py
[2023-03-20T11:21:12.048+0000] {processor.py:743} INFO - Processing file /home/airflow/.local/lib/python3.7/site-packages/airflow/example_dags/example_branch_datetime_operator.py for tasks to queue
[2023-03-20T11:21:12.049+0000] {logging_mixin.py:137} INFO - [2023-03-20T11:21:12.049+0000] {dagbag.py:532} INFO - Filling up the DagBag from /home/airflow/.local/lib/python3.7/site-packages/airflow/example_dags/example_branch_datetime_operator.py
[2023-03-20T11:21:12.061+0000] {processor.py:753} INFO - DAG(s) dict_keys(['example_branch_datetime_operator', 'example_branch_datetime_operator_3', 'example_branch_datetime_operator_2']) retrieved from /home/airflow/.local/lib/python3.7/site-packages/airflow/example_dags/example_branch_datetime_operator.py
[2023-03-20T11:21:12.085+0000] {logging_mixin.py:137} INFO - [2023-03-20T11:21:12.085+0000] {dag.py:2693} INFO - Sync 3 DAGs
[2023-03-20T11:21:12.103+0000] {logging_mixin.py:137} INFO - [2023-03-20T11:21:12.103+0000] {dag.py:3444} INFO - Setting next_dagrun for example_branch_datetime_operator to 2023-03-19T00:00:00+00:00, run_after=2023-03-20T00:00:00+00:00
[2023-03-20T11:21:12.107+0000] {logging_mixin.py:137} INFO - [2023-03-20T11:21:12.106+0000] {dag.py:3444} INFO - Setting next_dagrun for example_branch_datetime_operator_2 to 2023-03-19T00:00:00+00:00, run_after=2023-03-20T00:00:00+00:00
[2023-03-20T11:21:12.108+0000] {logging_mixin.py:137} INFO - [2023-03-20T11:21:12.108+0000] {dag.py:3444} INFO - Setting next_dagrun for example_branch_datetime_operator_3 to 2023-03-19T00:00:00+00:00, run_after=2023-03-20T00:00:00+00:00
[2023-03-20T11:21:12.117+0000] {processor.py:175} INFO - Processing /home/airflow/.local/lib/python3.7/site-packages/airflow/example_dags/example_branch_datetime_operator.py took 0.074 seconds
[2023-03-20T11:21:42.349+0000] {processor.py:153} INFO - Started process (PID=857) to work on /home/airflow/.local/lib/python3.7/site-packages/airflow/example_dags/example_branch_datetime_operator.py
[2023-03-20T11:21:42.350+0000] {processor.py:743} INFO - Processing file /home/airflow/.local/lib/python3.7/site-packages/airflow/example_dags/example_branch_datetime_operator.py for tasks to queue
[2023-03-20T11:21:42.351+0000] {logging_mixin.py:137} INFO - [2023-03-20T11:21:42.351+0000] {dagbag.py:532} INFO - Filling up the DagBag from /home/airflow/.local/lib/python3.7/site-packages/airflow/example_dags/example_branch_datetime_operator.py
[2023-03-20T11:21:42.363+0000] {processor.py:753} INFO - DAG(s) dict_keys(['example_branch_datetime_operator_2', 'example_branch_datetime_operator', 'example_branch_datetime_operator_3']) retrieved from /home/airflow/.local/lib/python3.7/site-packages/airflow/example_dags/example_branch_datetime_operator.py
[2023-03-20T11:21:42.389+0000] {logging_mixin.py:137} INFO - [2023-03-20T11:21:42.389+0000] {dag.py:2693} INFO - Sync 3 DAGs
[2023-03-20T11:21:42.407+0000] {logging_mixin.py:137} INFO - [2023-03-20T11:21:42.407+0000] {dag.py:3444} INFO - Setting next_dagrun for example_branch_datetime_operator to 2023-03-19T00:00:00+00:00, run_after=2023-03-20T00:00:00+00:00
[2023-03-20T11:21:42.410+0000] {logging_mixin.py:137} INFO - [2023-03-20T11:21:42.410+0000] {dag.py:3444} INFO - Setting next_dagrun for example_branch_datetime_operator_2 to 2023-03-19T00:00:00+00:00, run_after=2023-03-20T00:00:00+00:00
[2023-03-20T11:21:42.412+0000] {logging_mixin.py:137} INFO - [2023-03-20T11:21:42.412+0000] {dag.py:3444} INFO - Setting next_dagrun for example_branch_datetime_operator_3 to 2023-03-19T00:00:00+00:00, run_after=2023-03-20T00:00:00+00:00
[2023-03-20T11:21:42.422+0000] {processor.py:175} INFO - Processing /home/airflow/.local/lib/python3.7/site-packages/airflow/example_dags/example_branch_datetime_operator.py took 0.076 seconds
[2023-03-20T11:22:12.728+0000] {processor.py:153} INFO - Started process (PID=906) to work on /home/airflow/.local/lib/python3.7/site-packages/airflow/example_dags/example_branch_datetime_operator.py
[2023-03-20T11:22:12.730+0000] {processor.py:743} INFO - Processing file /home/airflow/.local/lib/python3.7/site-packages/airflow/example_dags/example_branch_datetime_operator.py for tasks to queue
[2023-03-20T11:22:12.731+0000] {logging_mixin.py:137} INFO - [2023-03-20T11:22:12.731+0000] {dagbag.py:532} INFO - Filling up the DagBag from /home/airflow/.local/lib/python3.7/site-packages/airflow/example_dags/example_branch_datetime_operator.py
[2023-03-20T11:22:12.744+0000] {processor.py:753} INFO - DAG(s) dict_keys(['example_branch_datetime_operator', 'example_branch_datetime_operator_3', 'example_branch_datetime_operator_2']) retrieved from /home/airflow/.local/lib/python3.7/site-packages/airflow/example_dags/example_branch_datetime_operator.py
[2023-03-20T11:22:12.770+0000] {logging_mixin.py:137} INFO - [2023-03-20T11:22:12.770+0000] {dag.py:2693} INFO - Sync 3 DAGs
[2023-03-20T11:22:12.788+0000] {logging_mixin.py:137} INFO - [2023-03-20T11:22:12.788+0000] {dag.py:3444} INFO - Setting next_dagrun for example_branch_datetime_operator to 2023-03-19T00:00:00+00:00, run_after=2023-03-20T00:00:00+00:00
[2023-03-20T11:22:12.791+0000] {logging_mixin.py:137} INFO - [2023-03-20T11:22:12.791+0000] {dag.py:3444} INFO - Setting next_dagrun for example_branch_datetime_operator_2 to 2023-03-19T00:00:00+00:00, run_after=2023-03-20T00:00:00+00:00
[2023-03-20T11:22:12.793+0000] {logging_mixin.py:137} INFO - [2023-03-20T11:22:12.793+0000] {dag.py:3444} INFO - Setting next_dagrun for example_branch_datetime_operator_3 to 2023-03-19T00:00:00+00:00, run_after=2023-03-20T00:00:00+00:00
[2023-03-20T11:22:12.803+0000] {processor.py:175} INFO - Processing /home/airflow/.local/lib/python3.7/site-packages/airflow/example_dags/example_branch_datetime_operator.py took 0.079 seconds
[2023-03-20T11:22:43.669+0000] {processor.py:153} INFO - Started process (PID=955) to work on /home/airflow/.local/lib/python3.7/site-packages/airflow/example_dags/example_branch_datetime_operator.py
[2023-03-20T11:22:43.670+0000] {processor.py:743} INFO - Processing file /home/airflow/.local/lib/python3.7/site-packages/airflow/example_dags/example_branch_datetime_operator.py for tasks to queue
[2023-03-20T11:22:43.671+0000] {logging_mixin.py:137} INFO - [2023-03-20T11:22:43.671+0000] {dagbag.py:532} INFO - Filling up the DagBag from /home/airflow/.local/lib/python3.7/site-packages/airflow/example_dags/example_branch_datetime_operator.py
[2023-03-20T11:22:43.683+0000] {processor.py:753} INFO - DAG(s) dict_keys(['example_branch_datetime_operator_3', 'example_branch_datetime_operator', 'example_branch_datetime_operator_2']) retrieved from /home/airflow/.local/lib/python3.7/site-packages/airflow/example_dags/example_branch_datetime_operator.py
[2023-03-20T11:22:43.708+0000] {logging_mixin.py:137} INFO - [2023-03-20T11:22:43.708+0000] {dag.py:2693} INFO - Sync 3 DAGs
[2023-03-20T11:22:43.726+0000] {logging_mixin.py:137} INFO - [2023-03-20T11:22:43.726+0000] {dag.py:3444} INFO - Setting next_dagrun for example_branch_datetime_operator to 2023-03-19T00:00:00+00:00, run_after=2023-03-20T00:00:00+00:00
[2023-03-20T11:22:43.730+0000] {logging_mixin.py:137} INFO - [2023-03-20T11:22:43.730+0000] {dag.py:3444} INFO - Setting next_dagrun for example_branch_datetime_operator_2 to 2023-03-19T00:00:00+00:00, run_after=2023-03-20T00:00:00+00:00
[2023-03-20T11:22:43.732+0000] {logging_mixin.py:137} INFO - [2023-03-20T11:22:43.732+0000] {dag.py:3444} INFO - Setting next_dagrun for example_branch_datetime_operator_3 to 2023-03-19T00:00:00+00:00, run_after=2023-03-20T00:00:00+00:00
[2023-03-20T11:22:43.742+0000] {processor.py:175} INFO - Processing /home/airflow/.local/lib/python3.7/site-packages/airflow/example_dags/example_branch_datetime_operator.py took 0.076 seconds
[2023-03-20T11:23:14.073+0000] {processor.py:153} INFO - Started process (PID=1004) to work on /home/airflow/.local/lib/python3.7/site-packages/airflow/example_dags/example_branch_datetime_operator.py
[2023-03-20T11:23:14.074+0000] {processor.py:743} INFO - Processing file /home/airflow/.local/lib/python3.7/site-packages/airflow/example_dags/example_branch_datetime_operator.py for tasks to queue
[2023-03-20T11:23:14.075+0000] {logging_mixin.py:137} INFO - [2023-03-20T11:23:14.075+0000] {dagbag.py:532} INFO - Filling up the DagBag from /home/airflow/.local/lib/python3.7/site-packages/airflow/example_dags/example_branch_datetime_operator.py
[2023-03-20T11:23:14.087+0000] {processor.py:753} INFO - DAG(s) dict_keys(['example_branch_datetime_operator', 'example_branch_datetime_operator_3', 'example_branch_datetime_operator_2']) retrieved from /home/airflow/.local/lib/python3.7/site-packages/airflow/example_dags/example_branch_datetime_operator.py
[2023-03-20T11:23:14.112+0000] {logging_mixin.py:137} INFO - [2023-03-20T11:23:14.112+0000] {dag.py:2693} INFO - Sync 3 DAGs
[2023-03-20T11:23:14.130+0000] {logging_mixin.py:137} INFO - [2023-03-20T11:23:14.130+0000] {dag.py:3444} INFO - Setting next_dagrun for example_branch_datetime_operator to 2023-03-19T00:00:00+00:00, run_after=2023-03-20T00:00:00+00:00
[2023-03-20T11:23:14.133+0000] {logging_mixin.py:137} INFO - [2023-03-20T11:23:14.133+0000] {dag.py:3444} INFO - Setting next_dagrun for example_branch_datetime_operator_2 to 2023-03-19T00:00:00+00:00, run_after=2023-03-20T00:00:00+00:00
[2023-03-20T11:23:14.135+0000] {logging_mixin.py:137} INFO - [2023-03-20T11:23:14.135+0000] {dag.py:3444} INFO - Setting next_dagrun for example_branch_datetime_operator_3 to 2023-03-19T00:00:00+00:00, run_after=2023-03-20T00:00:00+00:00
[2023-03-20T11:23:14.144+0000] {processor.py:175} INFO - Processing /home/airflow/.local/lib/python3.7/site-packages/airflow/example_dags/example_branch_datetime_operator.py took 0.074 seconds
[2023-03-20T11:23:44.609+0000] {processor.py:153} INFO - Started process (PID=1053) to work on /home/airflow/.local/lib/python3.7/site-packages/airflow/example_dags/example_branch_datetime_operator.py
[2023-03-20T11:23:44.611+0000] {processor.py:743} INFO - Processing file /home/airflow/.local/lib/python3.7/site-packages/airflow/example_dags/example_branch_datetime_operator.py for tasks to queue
[2023-03-20T11:23:44.612+0000] {logging_mixin.py:137} INFO - [2023-03-20T11:23:44.611+0000] {dagbag.py:532} INFO - Filling up the DagBag from /home/airflow/.local/lib/python3.7/site-packages/airflow/example_dags/example_branch_datetime_operator.py
[2023-03-20T11:23:44.623+0000] {processor.py:753} INFO - DAG(s) dict_keys(['example_branch_datetime_operator_3', 'example_branch_datetime_operator', 'example_branch_datetime_operator_2']) retrieved from /home/airflow/.local/lib/python3.7/site-packages/airflow/example_dags/example_branch_datetime_operator.py
[2023-03-20T11:23:44.649+0000] {logging_mixin.py:137} INFO - [2023-03-20T11:23:44.649+0000] {dag.py:2693} INFO - Sync 3 DAGs
[2023-03-20T11:23:44.666+0000] {logging_mixin.py:137} INFO - [2023-03-20T11:23:44.666+0000] {dag.py:3444} INFO - Setting next_dagrun for example_branch_datetime_operator to 2023-03-19T00:00:00+00:00, run_after=2023-03-20T00:00:00+00:00
[2023-03-20T11:23:44.670+0000] {logging_mixin.py:137} INFO - [2023-03-20T11:23:44.670+0000] {dag.py:3444} INFO - Setting next_dagrun for example_branch_datetime_operator_2 to 2023-03-19T00:00:00+00:00, run_after=2023-03-20T00:00:00+00:00
[2023-03-20T11:23:44.671+0000] {logging_mixin.py:137} INFO - [2023-03-20T11:23:44.671+0000] {dag.py:3444} INFO - Setting next_dagrun for example_branch_datetime_operator_3 to 2023-03-19T00:00:00+00:00, run_after=2023-03-20T00:00:00+00:00
[2023-03-20T11:23:44.681+0000] {processor.py:175} INFO - Processing /home/airflow/.local/lib/python3.7/site-packages/airflow/example_dags/example_branch_datetime_operator.py took 0.075 seconds
