[2023-03-20T11:13:32.612+0000] {processor.py:153} INFO - Started process (PID=60) to work on /home/airflow/.local/lib/python3.7/site-packages/airflow/example_dags/example_bash_operator.py
[2023-03-20T11:13:32.614+0000] {processor.py:743} INFO - Processing file /home/airflow/.local/lib/python3.7/site-packages/airflow/example_dags/example_bash_operator.py for tasks to queue
[2023-03-20T11:13:32.616+0000] {logging_mixin.py:137} INFO - [2023-03-20T11:13:32.616+0000] {dagbag.py:532} INFO - Filling up the DagBag from /home/airflow/.local/lib/python3.7/site-packages/airflow/example_dags/example_bash_operator.py
[2023-03-20T11:13:32.672+0000] {processor.py:753} INFO - DAG(s) dict_keys(['example_bash_operator']) retrieved from /home/airflow/.local/lib/python3.7/site-packages/airflow/example_dags/example_bash_operator.py
[2023-03-20T11:13:32.695+0000] {logging_mixin.py:137} INFO - [2023-03-20T11:13:32.695+0000] {dag.py:2693} INFO - Sync 1 DAGs
[2023-03-20T11:13:32.744+0000] {logging_mixin.py:137} INFO - [2023-03-20T11:13:32.744+0000] {dag.py:3444} INFO - Setting next_dagrun for example_bash_operator to 2023-03-19T00:00:00+00:00, run_after=2023-03-20T00:00:00+00:00
[2023-03-20T11:13:32.784+0000] {processor.py:175} INFO - Processing /home/airflow/.local/lib/python3.7/site-packages/airflow/example_dags/example_bash_operator.py took 0.179 seconds
[2023-03-20T11:14:03.211+0000] {processor.py:153} INFO - Started process (PID=109) to work on /home/airflow/.local/lib/python3.7/site-packages/airflow/example_dags/example_bash_operator.py
[2023-03-20T11:14:03.213+0000] {processor.py:743} INFO - Processing file /home/airflow/.local/lib/python3.7/site-packages/airflow/example_dags/example_bash_operator.py for tasks to queue
[2023-03-20T11:14:03.214+0000] {logging_mixin.py:137} INFO - [2023-03-20T11:14:03.214+0000] {dagbag.py:532} INFO - Filling up the DagBag from /home/airflow/.local/lib/python3.7/site-packages/airflow/example_dags/example_bash_operator.py
[2023-03-20T11:14:03.234+0000] {processor.py:753} INFO - DAG(s) dict_keys(['example_bash_operator']) retrieved from /home/airflow/.local/lib/python3.7/site-packages/airflow/example_dags/example_bash_operator.py
[2023-03-20T11:14:03.276+0000] {logging_mixin.py:137} INFO - [2023-03-20T11:14:03.276+0000] {dag.py:2693} INFO - Sync 1 DAGs
[2023-03-20T11:14:03.304+0000] {logging_mixin.py:137} INFO - [2023-03-20T11:14:03.304+0000] {dag.py:3444} INFO - Setting next_dagrun for example_bash_operator to 2023-03-19T00:00:00+00:00, run_after=2023-03-20T00:00:00+00:00
[2023-03-20T11:14:03.321+0000] {processor.py:175} INFO - Processing /home/airflow/.local/lib/python3.7/site-packages/airflow/example_dags/example_bash_operator.py took 0.114 seconds
[2023-03-20T11:14:33.380+0000] {processor.py:153} INFO - Started process (PID=159) to work on /home/airflow/.local/lib/python3.7/site-packages/airflow/example_dags/example_bash_operator.py
[2023-03-20T11:14:33.381+0000] {processor.py:743} INFO - Processing file /home/airflow/.local/lib/python3.7/site-packages/airflow/example_dags/example_bash_operator.py for tasks to queue
[2023-03-20T11:14:33.382+0000] {logging_mixin.py:137} INFO - [2023-03-20T11:14:33.382+0000] {dagbag.py:532} INFO - Filling up the DagBag from /home/airflow/.local/lib/python3.7/site-packages/airflow/example_dags/example_bash_operator.py
[2023-03-20T11:14:33.397+0000] {processor.py:753} INFO - DAG(s) dict_keys(['example_bash_operator']) retrieved from /home/airflow/.local/lib/python3.7/site-packages/airflow/example_dags/example_bash_operator.py
[2023-03-20T11:14:33.409+0000] {logging_mixin.py:137} INFO - [2023-03-20T11:14:33.409+0000] {dag.py:2693} INFO - Sync 1 DAGs
[2023-03-20T11:14:33.426+0000] {logging_mixin.py:137} INFO - [2023-03-20T11:14:33.426+0000] {dag.py:3444} INFO - Setting next_dagrun for example_bash_operator to 2023-03-19T00:00:00+00:00, run_after=2023-03-20T00:00:00+00:00
[2023-03-20T11:14:33.437+0000] {processor.py:175} INFO - Processing /home/airflow/.local/lib/python3.7/site-packages/airflow/example_dags/example_bash_operator.py took 0.060 seconds
[2023-03-20T11:15:04.249+0000] {processor.py:153} INFO - Started process (PID=208) to work on /home/airflow/.local/lib/python3.7/site-packages/airflow/example_dags/example_bash_operator.py
[2023-03-20T11:15:04.252+0000] {processor.py:743} INFO - Processing file /home/airflow/.local/lib/python3.7/site-packages/airflow/example_dags/example_bash_operator.py for tasks to queue
[2023-03-20T11:15:04.253+0000] {logging_mixin.py:137} INFO - [2023-03-20T11:15:04.253+0000] {dagbag.py:532} INFO - Filling up the DagBag from /home/airflow/.local/lib/python3.7/site-packages/airflow/example_dags/example_bash_operator.py
[2023-03-20T11:15:04.274+0000] {processor.py:753} INFO - DAG(s) dict_keys(['example_bash_operator']) retrieved from /home/airflow/.local/lib/python3.7/site-packages/airflow/example_dags/example_bash_operator.py
[2023-03-20T11:15:04.321+0000] {logging_mixin.py:137} INFO - [2023-03-20T11:15:04.321+0000] {dag.py:2693} INFO - Sync 1 DAGs
[2023-03-20T11:15:04.345+0000] {logging_mixin.py:137} INFO - [2023-03-20T11:15:04.345+0000] {dag.py:3444} INFO - Setting next_dagrun for example_bash_operator to 2023-03-19T00:00:00+00:00, run_after=2023-03-20T00:00:00+00:00
[2023-03-20T11:15:04.365+0000] {processor.py:175} INFO - Processing /home/airflow/.local/lib/python3.7/site-packages/airflow/example_dags/example_bash_operator.py took 0.119 seconds
[2023-03-20T11:15:34.971+0000] {processor.py:153} INFO - Started process (PID=257) to work on /home/airflow/.local/lib/python3.7/site-packages/airflow/example_dags/example_bash_operator.py
[2023-03-20T11:15:34.974+0000] {processor.py:743} INFO - Processing file /home/airflow/.local/lib/python3.7/site-packages/airflow/example_dags/example_bash_operator.py for tasks to queue
[2023-03-20T11:15:34.975+0000] {logging_mixin.py:137} INFO - [2023-03-20T11:15:34.975+0000] {dagbag.py:532} INFO - Filling up the DagBag from /home/airflow/.local/lib/python3.7/site-packages/airflow/example_dags/example_bash_operator.py
[2023-03-20T11:15:34.991+0000] {processor.py:753} INFO - DAG(s) dict_keys(['example_bash_operator']) retrieved from /home/airflow/.local/lib/python3.7/site-packages/airflow/example_dags/example_bash_operator.py
[2023-03-20T11:15:35.018+0000] {logging_mixin.py:137} INFO - [2023-03-20T11:15:35.018+0000] {dag.py:2693} INFO - Sync 1 DAGs
[2023-03-20T11:15:35.036+0000] {logging_mixin.py:137} INFO - [2023-03-20T11:15:35.036+0000] {dag.py:3444} INFO - Setting next_dagrun for example_bash_operator to 2023-03-19T00:00:00+00:00, run_after=2023-03-20T00:00:00+00:00
[2023-03-20T11:15:35.048+0000] {processor.py:175} INFO - Processing /home/airflow/.local/lib/python3.7/site-packages/airflow/example_dags/example_bash_operator.py took 0.081 seconds
[2023-03-20T11:16:05.339+0000] {processor.py:153} INFO - Started process (PID=306) to work on /home/airflow/.local/lib/python3.7/site-packages/airflow/example_dags/example_bash_operator.py
[2023-03-20T11:16:05.340+0000] {processor.py:743} INFO - Processing file /home/airflow/.local/lib/python3.7/site-packages/airflow/example_dags/example_bash_operator.py for tasks to queue
[2023-03-20T11:16:05.341+0000] {logging_mixin.py:137} INFO - [2023-03-20T11:16:05.341+0000] {dagbag.py:532} INFO - Filling up the DagBag from /home/airflow/.local/lib/python3.7/site-packages/airflow/example_dags/example_bash_operator.py
[2023-03-20T11:16:05.356+0000] {processor.py:753} INFO - DAG(s) dict_keys(['example_bash_operator']) retrieved from /home/airflow/.local/lib/python3.7/site-packages/airflow/example_dags/example_bash_operator.py
[2023-03-20T11:16:05.388+0000] {logging_mixin.py:137} INFO - [2023-03-20T11:16:05.387+0000] {dag.py:2693} INFO - Sync 1 DAGs
[2023-03-20T11:16:05.405+0000] {logging_mixin.py:137} INFO - [2023-03-20T11:16:05.405+0000] {dag.py:3444} INFO - Setting next_dagrun for example_bash_operator to 2023-03-19T00:00:00+00:00, run_after=2023-03-20T00:00:00+00:00
[2023-03-20T11:16:05.418+0000] {processor.py:175} INFO - Processing /home/airflow/.local/lib/python3.7/site-packages/airflow/example_dags/example_bash_operator.py took 0.081 seconds
[2023-03-20T11:16:35.850+0000] {processor.py:153} INFO - Started process (PID=355) to work on /home/airflow/.local/lib/python3.7/site-packages/airflow/example_dags/example_bash_operator.py
[2023-03-20T11:16:35.852+0000] {processor.py:743} INFO - Processing file /home/airflow/.local/lib/python3.7/site-packages/airflow/example_dags/example_bash_operator.py for tasks to queue
[2023-03-20T11:16:35.853+0000] {logging_mixin.py:137} INFO - [2023-03-20T11:16:35.853+0000] {dagbag.py:532} INFO - Filling up the DagBag from /home/airflow/.local/lib/python3.7/site-packages/airflow/example_dags/example_bash_operator.py
[2023-03-20T11:16:35.872+0000] {processor.py:753} INFO - DAG(s) dict_keys(['example_bash_operator']) retrieved from /home/airflow/.local/lib/python3.7/site-packages/airflow/example_dags/example_bash_operator.py
[2023-03-20T11:16:35.905+0000] {logging_mixin.py:137} INFO - [2023-03-20T11:16:35.905+0000] {dag.py:2693} INFO - Sync 1 DAGs
[2023-03-20T11:16:35.926+0000] {logging_mixin.py:137} INFO - [2023-03-20T11:16:35.926+0000] {dag.py:3444} INFO - Setting next_dagrun for example_bash_operator to 2023-03-19T00:00:00+00:00, run_after=2023-03-20T00:00:00+00:00
[2023-03-20T11:16:35.940+0000] {processor.py:175} INFO - Processing /home/airflow/.local/lib/python3.7/site-packages/airflow/example_dags/example_bash_operator.py took 0.094 seconds
[2023-03-20T11:17:06.487+0000] {processor.py:153} INFO - Started process (PID=404) to work on /home/airflow/.local/lib/python3.7/site-packages/airflow/example_dags/example_bash_operator.py
[2023-03-20T11:17:06.489+0000] {processor.py:743} INFO - Processing file /home/airflow/.local/lib/python3.7/site-packages/airflow/example_dags/example_bash_operator.py for tasks to queue
[2023-03-20T11:17:06.491+0000] {logging_mixin.py:137} INFO - [2023-03-20T11:17:06.491+0000] {dagbag.py:532} INFO - Filling up the DagBag from /home/airflow/.local/lib/python3.7/site-packages/airflow/example_dags/example_bash_operator.py
[2023-03-20T11:17:06.521+0000] {processor.py:753} INFO - DAG(s) dict_keys(['example_bash_operator']) retrieved from /home/airflow/.local/lib/python3.7/site-packages/airflow/example_dags/example_bash_operator.py
[2023-03-20T11:17:06.561+0000] {logging_mixin.py:137} INFO - [2023-03-20T11:17:06.561+0000] {dag.py:2693} INFO - Sync 1 DAGs
[2023-03-20T11:17:06.598+0000] {logging_mixin.py:137} INFO - [2023-03-20T11:17:06.598+0000] {dag.py:3444} INFO - Setting next_dagrun for example_bash_operator to 2023-03-19T00:00:00+00:00, run_after=2023-03-20T00:00:00+00:00
[2023-03-20T11:17:06.625+0000] {processor.py:175} INFO - Processing /home/airflow/.local/lib/python3.7/site-packages/airflow/example_dags/example_bash_operator.py took 0.144 seconds
[2023-03-20T11:17:37.223+0000] {processor.py:153} INFO - Started process (PID=453) to work on /home/airflow/.local/lib/python3.7/site-packages/airflow/example_dags/example_bash_operator.py
[2023-03-20T11:17:37.224+0000] {processor.py:743} INFO - Processing file /home/airflow/.local/lib/python3.7/site-packages/airflow/example_dags/example_bash_operator.py for tasks to queue
[2023-03-20T11:17:37.226+0000] {logging_mixin.py:137} INFO - [2023-03-20T11:17:37.226+0000] {dagbag.py:532} INFO - Filling up the DagBag from /home/airflow/.local/lib/python3.7/site-packages/airflow/example_dags/example_bash_operator.py
[2023-03-20T11:17:37.245+0000] {processor.py:753} INFO - DAG(s) dict_keys(['example_bash_operator']) retrieved from /home/airflow/.local/lib/python3.7/site-packages/airflow/example_dags/example_bash_operator.py
[2023-03-20T11:17:37.277+0000] {logging_mixin.py:137} INFO - [2023-03-20T11:17:37.277+0000] {dag.py:2693} INFO - Sync 1 DAGs
[2023-03-20T11:17:37.296+0000] {logging_mixin.py:137} INFO - [2023-03-20T11:17:37.296+0000] {dag.py:3444} INFO - Setting next_dagrun for example_bash_operator to 2023-03-19T00:00:00+00:00, run_after=2023-03-20T00:00:00+00:00
[2023-03-20T11:17:37.310+0000] {processor.py:175} INFO - Processing /home/airflow/.local/lib/python3.7/site-packages/airflow/example_dags/example_bash_operator.py took 0.092 seconds
[2023-03-20T11:18:07.684+0000] {processor.py:153} INFO - Started process (PID=502) to work on /home/airflow/.local/lib/python3.7/site-packages/airflow/example_dags/example_bash_operator.py
[2023-03-20T11:18:07.685+0000] {processor.py:743} INFO - Processing file /home/airflow/.local/lib/python3.7/site-packages/airflow/example_dags/example_bash_operator.py for tasks to queue
[2023-03-20T11:18:07.686+0000] {logging_mixin.py:137} INFO - [2023-03-20T11:18:07.686+0000] {dagbag.py:532} INFO - Filling up the DagBag from /home/airflow/.local/lib/python3.7/site-packages/airflow/example_dags/example_bash_operator.py
[2023-03-20T11:18:07.702+0000] {processor.py:753} INFO - DAG(s) dict_keys(['example_bash_operator']) retrieved from /home/airflow/.local/lib/python3.7/site-packages/airflow/example_dags/example_bash_operator.py
[2023-03-20T11:18:07.728+0000] {logging_mixin.py:137} INFO - [2023-03-20T11:18:07.728+0000] {dag.py:2693} INFO - Sync 1 DAGs
[2023-03-20T11:18:07.744+0000] {logging_mixin.py:137} INFO - [2023-03-20T11:18:07.744+0000] {dag.py:3444} INFO - Setting next_dagrun for example_bash_operator to 2023-03-19T00:00:00+00:00, run_after=2023-03-20T00:00:00+00:00
[2023-03-20T11:18:07.755+0000] {processor.py:175} INFO - Processing /home/airflow/.local/lib/python3.7/site-packages/airflow/example_dags/example_bash_operator.py took 0.074 seconds
[2023-03-20T11:18:38.481+0000] {processor.py:153} INFO - Started process (PID=551) to work on /home/airflow/.local/lib/python3.7/site-packages/airflow/example_dags/example_bash_operator.py
[2023-03-20T11:18:38.482+0000] {processor.py:743} INFO - Processing file /home/airflow/.local/lib/python3.7/site-packages/airflow/example_dags/example_bash_operator.py for tasks to queue
[2023-03-20T11:18:38.483+0000] {logging_mixin.py:137} INFO - [2023-03-20T11:18:38.483+0000] {dagbag.py:532} INFO - Filling up the DagBag from /home/airflow/.local/lib/python3.7/site-packages/airflow/example_dags/example_bash_operator.py
[2023-03-20T11:18:38.498+0000] {processor.py:753} INFO - DAG(s) dict_keys(['example_bash_operator']) retrieved from /home/airflow/.local/lib/python3.7/site-packages/airflow/example_dags/example_bash_operator.py
[2023-03-20T11:18:38.524+0000] {logging_mixin.py:137} INFO - [2023-03-20T11:18:38.524+0000] {dag.py:2693} INFO - Sync 1 DAGs
[2023-03-20T11:18:38.541+0000] {logging_mixin.py:137} INFO - [2023-03-20T11:18:38.541+0000] {dag.py:3444} INFO - Setting next_dagrun for example_bash_operator to 2023-03-19T00:00:00+00:00, run_after=2023-03-20T00:00:00+00:00
[2023-03-20T11:18:38.551+0000] {processor.py:175} INFO - Processing /home/airflow/.local/lib/python3.7/site-packages/airflow/example_dags/example_bash_operator.py took 0.073 seconds
[2023-03-20T11:19:08.890+0000] {processor.py:153} INFO - Started process (PID=600) to work on /home/airflow/.local/lib/python3.7/site-packages/airflow/example_dags/example_bash_operator.py
[2023-03-20T11:19:08.891+0000] {processor.py:743} INFO - Processing file /home/airflow/.local/lib/python3.7/site-packages/airflow/example_dags/example_bash_operator.py for tasks to queue
[2023-03-20T11:19:08.892+0000] {logging_mixin.py:137} INFO - [2023-03-20T11:19:08.892+0000] {dagbag.py:532} INFO - Filling up the DagBag from /home/airflow/.local/lib/python3.7/site-packages/airflow/example_dags/example_bash_operator.py
[2023-03-20T11:19:08.907+0000] {processor.py:753} INFO - DAG(s) dict_keys(['example_bash_operator']) retrieved from /home/airflow/.local/lib/python3.7/site-packages/airflow/example_dags/example_bash_operator.py
[2023-03-20T11:19:08.934+0000] {logging_mixin.py:137} INFO - [2023-03-20T11:19:08.934+0000] {dag.py:2693} INFO - Sync 1 DAGs
[2023-03-20T11:19:08.951+0000] {logging_mixin.py:137} INFO - [2023-03-20T11:19:08.951+0000] {dag.py:3444} INFO - Setting next_dagrun for example_bash_operator to 2023-03-19T00:00:00+00:00, run_after=2023-03-20T00:00:00+00:00
[2023-03-20T11:19:08.962+0000] {processor.py:175} INFO - Processing /home/airflow/.local/lib/python3.7/site-packages/airflow/example_dags/example_bash_operator.py took 0.075 seconds
[2023-03-20T11:19:39.242+0000] {processor.py:153} INFO - Started process (PID=649) to work on /home/airflow/.local/lib/python3.7/site-packages/airflow/example_dags/example_bash_operator.py
[2023-03-20T11:19:39.244+0000] {processor.py:743} INFO - Processing file /home/airflow/.local/lib/python3.7/site-packages/airflow/example_dags/example_bash_operator.py for tasks to queue
[2023-03-20T11:19:39.245+0000] {logging_mixin.py:137} INFO - [2023-03-20T11:19:39.245+0000] {dagbag.py:532} INFO - Filling up the DagBag from /home/airflow/.local/lib/python3.7/site-packages/airflow/example_dags/example_bash_operator.py
[2023-03-20T11:19:39.259+0000] {processor.py:753} INFO - DAG(s) dict_keys(['example_bash_operator']) retrieved from /home/airflow/.local/lib/python3.7/site-packages/airflow/example_dags/example_bash_operator.py
[2023-03-20T11:19:39.286+0000] {logging_mixin.py:137} INFO - [2023-03-20T11:19:39.286+0000] {dag.py:2693} INFO - Sync 1 DAGs
[2023-03-20T11:19:39.303+0000] {logging_mixin.py:137} INFO - [2023-03-20T11:19:39.302+0000] {dag.py:3444} INFO - Setting next_dagrun for example_bash_operator to 2023-03-19T00:00:00+00:00, run_after=2023-03-20T00:00:00+00:00
[2023-03-20T11:19:39.313+0000] {processor.py:175} INFO - Processing /home/airflow/.local/lib/python3.7/site-packages/airflow/example_dags/example_bash_operator.py took 0.074 seconds
[2023-03-20T11:20:09.597+0000] {processor.py:153} INFO - Started process (PID=698) to work on /home/airflow/.local/lib/python3.7/site-packages/airflow/example_dags/example_bash_operator.py
[2023-03-20T11:20:09.599+0000] {processor.py:743} INFO - Processing file /home/airflow/.local/lib/python3.7/site-packages/airflow/example_dags/example_bash_operator.py for tasks to queue
[2023-03-20T11:20:09.599+0000] {logging_mixin.py:137} INFO - [2023-03-20T11:20:09.599+0000] {dagbag.py:532} INFO - Filling up the DagBag from /home/airflow/.local/lib/python3.7/site-packages/airflow/example_dags/example_bash_operator.py
[2023-03-20T11:20:09.614+0000] {processor.py:753} INFO - DAG(s) dict_keys(['example_bash_operator']) retrieved from /home/airflow/.local/lib/python3.7/site-packages/airflow/example_dags/example_bash_operator.py
[2023-03-20T11:20:09.641+0000] {logging_mixin.py:137} INFO - [2023-03-20T11:20:09.641+0000] {dag.py:2693} INFO - Sync 1 DAGs
[2023-03-20T11:20:09.659+0000] {logging_mixin.py:137} INFO - [2023-03-20T11:20:09.658+0000] {dag.py:3444} INFO - Setting next_dagrun for example_bash_operator to 2023-03-19T00:00:00+00:00, run_after=2023-03-20T00:00:00+00:00
[2023-03-20T11:20:09.670+0000] {processor.py:175} INFO - Processing /home/airflow/.local/lib/python3.7/site-packages/airflow/example_dags/example_bash_operator.py took 0.075 seconds
[2023-03-20T11:20:40.083+0000] {processor.py:153} INFO - Started process (PID=747) to work on /home/airflow/.local/lib/python3.7/site-packages/airflow/example_dags/example_bash_operator.py
[2023-03-20T11:20:40.084+0000] {processor.py:743} INFO - Processing file /home/airflow/.local/lib/python3.7/site-packages/airflow/example_dags/example_bash_operator.py for tasks to queue
[2023-03-20T11:20:40.085+0000] {logging_mixin.py:137} INFO - [2023-03-20T11:20:40.085+0000] {dagbag.py:532} INFO - Filling up the DagBag from /home/airflow/.local/lib/python3.7/site-packages/airflow/example_dags/example_bash_operator.py
[2023-03-20T11:20:40.101+0000] {processor.py:753} INFO - DAG(s) dict_keys(['example_bash_operator']) retrieved from /home/airflow/.local/lib/python3.7/site-packages/airflow/example_dags/example_bash_operator.py
[2023-03-20T11:20:40.128+0000] {logging_mixin.py:137} INFO - [2023-03-20T11:20:40.128+0000] {dag.py:2693} INFO - Sync 1 DAGs
[2023-03-20T11:20:40.145+0000] {logging_mixin.py:137} INFO - [2023-03-20T11:20:40.145+0000] {dag.py:3444} INFO - Setting next_dagrun for example_bash_operator to 2023-03-19T00:00:00+00:00, run_after=2023-03-20T00:00:00+00:00
[2023-03-20T11:20:40.157+0000] {processor.py:175} INFO - Processing /home/airflow/.local/lib/python3.7/site-packages/airflow/example_dags/example_bash_operator.py took 0.077 seconds
[2023-03-20T11:21:10.479+0000] {processor.py:153} INFO - Started process (PID=796) to work on /home/airflow/.local/lib/python3.7/site-packages/airflow/example_dags/example_bash_operator.py
[2023-03-20T11:21:10.480+0000] {processor.py:743} INFO - Processing file /home/airflow/.local/lib/python3.7/site-packages/airflow/example_dags/example_bash_operator.py for tasks to queue
[2023-03-20T11:21:10.481+0000] {logging_mixin.py:137} INFO - [2023-03-20T11:21:10.481+0000] {dagbag.py:532} INFO - Filling up the DagBag from /home/airflow/.local/lib/python3.7/site-packages/airflow/example_dags/example_bash_operator.py
[2023-03-20T11:21:10.497+0000] {processor.py:753} INFO - DAG(s) dict_keys(['example_bash_operator']) retrieved from /home/airflow/.local/lib/python3.7/site-packages/airflow/example_dags/example_bash_operator.py
[2023-03-20T11:21:10.521+0000] {logging_mixin.py:137} INFO - [2023-03-20T11:21:10.521+0000] {dag.py:2693} INFO - Sync 1 DAGs
[2023-03-20T11:21:10.538+0000] {logging_mixin.py:137} INFO - [2023-03-20T11:21:10.537+0000] {dag.py:3444} INFO - Setting next_dagrun for example_bash_operator to 2023-03-19T00:00:00+00:00, run_after=2023-03-20T00:00:00+00:00
[2023-03-20T11:21:10.549+0000] {processor.py:175} INFO - Processing /home/airflow/.local/lib/python3.7/site-packages/airflow/example_dags/example_bash_operator.py took 0.073 seconds
[2023-03-20T11:21:40.803+0000] {processor.py:153} INFO - Started process (PID=845) to work on /home/airflow/.local/lib/python3.7/site-packages/airflow/example_dags/example_bash_operator.py
[2023-03-20T11:21:40.804+0000] {processor.py:743} INFO - Processing file /home/airflow/.local/lib/python3.7/site-packages/airflow/example_dags/example_bash_operator.py for tasks to queue
[2023-03-20T11:21:40.805+0000] {logging_mixin.py:137} INFO - [2023-03-20T11:21:40.805+0000] {dagbag.py:532} INFO - Filling up the DagBag from /home/airflow/.local/lib/python3.7/site-packages/airflow/example_dags/example_bash_operator.py
[2023-03-20T11:21:40.820+0000] {processor.py:753} INFO - DAG(s) dict_keys(['example_bash_operator']) retrieved from /home/airflow/.local/lib/python3.7/site-packages/airflow/example_dags/example_bash_operator.py
[2023-03-20T11:21:40.847+0000] {logging_mixin.py:137} INFO - [2023-03-20T11:21:40.847+0000] {dag.py:2693} INFO - Sync 1 DAGs
[2023-03-20T11:21:40.863+0000] {logging_mixin.py:137} INFO - [2023-03-20T11:21:40.863+0000] {dag.py:3444} INFO - Setting next_dagrun for example_bash_operator to 2023-03-19T00:00:00+00:00, run_after=2023-03-20T00:00:00+00:00
[2023-03-20T11:21:40.874+0000] {processor.py:175} INFO - Processing /home/airflow/.local/lib/python3.7/site-packages/airflow/example_dags/example_bash_operator.py took 0.074 seconds
[2023-03-20T11:22:11.160+0000] {processor.py:153} INFO - Started process (PID=894) to work on /home/airflow/.local/lib/python3.7/site-packages/airflow/example_dags/example_bash_operator.py
[2023-03-20T11:22:11.161+0000] {processor.py:743} INFO - Processing file /home/airflow/.local/lib/python3.7/site-packages/airflow/example_dags/example_bash_operator.py for tasks to queue
[2023-03-20T11:22:11.162+0000] {logging_mixin.py:137} INFO - [2023-03-20T11:22:11.162+0000] {dagbag.py:532} INFO - Filling up the DagBag from /home/airflow/.local/lib/python3.7/site-packages/airflow/example_dags/example_bash_operator.py
[2023-03-20T11:22:11.178+0000] {processor.py:753} INFO - DAG(s) dict_keys(['example_bash_operator']) retrieved from /home/airflow/.local/lib/python3.7/site-packages/airflow/example_dags/example_bash_operator.py
[2023-03-20T11:22:11.202+0000] {logging_mixin.py:137} INFO - [2023-03-20T11:22:11.202+0000] {dag.py:2693} INFO - Sync 1 DAGs
[2023-03-20T11:22:11.219+0000] {logging_mixin.py:137} INFO - [2023-03-20T11:22:11.219+0000] {dag.py:3444} INFO - Setting next_dagrun for example_bash_operator to 2023-03-19T00:00:00+00:00, run_after=2023-03-20T00:00:00+00:00
[2023-03-20T11:22:11.229+0000] {processor.py:175} INFO - Processing /home/airflow/.local/lib/python3.7/site-packages/airflow/example_dags/example_bash_operator.py took 0.073 seconds
[2023-03-20T11:22:41.998+0000] {processor.py:153} INFO - Started process (PID=943) to work on /home/airflow/.local/lib/python3.7/site-packages/airflow/example_dags/example_bash_operator.py
[2023-03-20T11:22:42.000+0000] {processor.py:743} INFO - Processing file /home/airflow/.local/lib/python3.7/site-packages/airflow/example_dags/example_bash_operator.py for tasks to queue
[2023-03-20T11:22:42.001+0000] {logging_mixin.py:137} INFO - [2023-03-20T11:22:42.001+0000] {dagbag.py:532} INFO - Filling up the DagBag from /home/airflow/.local/lib/python3.7/site-packages/airflow/example_dags/example_bash_operator.py
[2023-03-20T11:22:42.017+0000] {processor.py:753} INFO - DAG(s) dict_keys(['example_bash_operator']) retrieved from /home/airflow/.local/lib/python3.7/site-packages/airflow/example_dags/example_bash_operator.py
[2023-03-20T11:22:42.043+0000] {logging_mixin.py:137} INFO - [2023-03-20T11:22:42.043+0000] {dag.py:2693} INFO - Sync 1 DAGs
[2023-03-20T11:22:42.059+0000] {logging_mixin.py:137} INFO - [2023-03-20T11:22:42.059+0000] {dag.py:3444} INFO - Setting next_dagrun for example_bash_operator to 2023-03-19T00:00:00+00:00, run_after=2023-03-20T00:00:00+00:00
[2023-03-20T11:22:42.071+0000] {processor.py:175} INFO - Processing /home/airflow/.local/lib/python3.7/site-packages/airflow/example_dags/example_bash_operator.py took 0.075 seconds
[2023-03-20T11:23:12.458+0000] {processor.py:153} INFO - Started process (PID=992) to work on /home/airflow/.local/lib/python3.7/site-packages/airflow/example_dags/example_bash_operator.py
[2023-03-20T11:23:12.459+0000] {processor.py:743} INFO - Processing file /home/airflow/.local/lib/python3.7/site-packages/airflow/example_dags/example_bash_operator.py for tasks to queue
[2023-03-20T11:23:12.459+0000] {logging_mixin.py:137} INFO - [2023-03-20T11:23:12.459+0000] {dagbag.py:532} INFO - Filling up the DagBag from /home/airflow/.local/lib/python3.7/site-packages/airflow/example_dags/example_bash_operator.py
[2023-03-20T11:23:12.476+0000] {processor.py:753} INFO - DAG(s) dict_keys(['example_bash_operator']) retrieved from /home/airflow/.local/lib/python3.7/site-packages/airflow/example_dags/example_bash_operator.py
[2023-03-20T11:23:12.500+0000] {logging_mixin.py:137} INFO - [2023-03-20T11:23:12.500+0000] {dag.py:2693} INFO - Sync 1 DAGs
[2023-03-20T11:23:12.516+0000] {logging_mixin.py:137} INFO - [2023-03-20T11:23:12.516+0000] {dag.py:3444} INFO - Setting next_dagrun for example_bash_operator to 2023-03-19T00:00:00+00:00, run_after=2023-03-20T00:00:00+00:00
[2023-03-20T11:23:12.528+0000] {processor.py:175} INFO - Processing /home/airflow/.local/lib/python3.7/site-packages/airflow/example_dags/example_bash_operator.py took 0.073 seconds
[2023-03-20T11:23:42.999+0000] {processor.py:153} INFO - Started process (PID=1041) to work on /home/airflow/.local/lib/python3.7/site-packages/airflow/example_dags/example_bash_operator.py
[2023-03-20T11:23:43.001+0000] {processor.py:743} INFO - Processing file /home/airflow/.local/lib/python3.7/site-packages/airflow/example_dags/example_bash_operator.py for tasks to queue
[2023-03-20T11:23:43.001+0000] {logging_mixin.py:137} INFO - [2023-03-20T11:23:43.001+0000] {dagbag.py:532} INFO - Filling up the DagBag from /home/airflow/.local/lib/python3.7/site-packages/airflow/example_dags/example_bash_operator.py
[2023-03-20T11:23:43.018+0000] {processor.py:753} INFO - DAG(s) dict_keys(['example_bash_operator']) retrieved from /home/airflow/.local/lib/python3.7/site-packages/airflow/example_dags/example_bash_operator.py
[2023-03-20T11:23:43.047+0000] {logging_mixin.py:137} INFO - [2023-03-20T11:23:43.047+0000] {dag.py:2693} INFO - Sync 1 DAGs
[2023-03-20T11:23:43.063+0000] {logging_mixin.py:137} INFO - [2023-03-20T11:23:43.063+0000] {dag.py:3444} INFO - Setting next_dagrun for example_bash_operator to 2023-03-19T00:00:00+00:00, run_after=2023-03-20T00:00:00+00:00
[2023-03-20T11:23:43.075+0000] {processor.py:175} INFO - Processing /home/airflow/.local/lib/python3.7/site-packages/airflow/example_dags/example_bash_operator.py took 0.079 seconds
[2023-03-20 11:38:00,237] {scheduler_job.py:182} INFO - Started process (PID=44) to work on /home/airflow/.local/lib/python3.6/site-packages/airflow/example_dags/example_bash_operator.py
[2023-03-20 11:38:00,275] {scheduler_job.py:629} INFO - Processing file /home/airflow/.local/lib/python3.6/site-packages/airflow/example_dags/example_bash_operator.py for tasks to queue
[2023-03-20 11:38:00,353] {logging_mixin.py:104} INFO - [2023-03-20 11:38:00,352] {dagbag.py:451} INFO - Filling up the DagBag from /home/airflow/.local/lib/python3.6/site-packages/airflow/example_dags/example_bash_operator.py
[2023-03-20 11:38:00,483] {scheduler_job.py:639} INFO - DAG(s) dict_keys(['example_bash_operator']) retrieved from /home/airflow/.local/lib/python3.6/site-packages/airflow/example_dags/example_bash_operator.py
[2023-03-20 11:38:00,732] {logging_mixin.py:104} INFO - [2023-03-20 11:38:00,732] {dag.py:1824} INFO - Sync 1 DAGs
[2023-03-20 11:38:00,781] {logging_mixin.py:104} INFO - [2023-03-20 11:38:00,781] {dag.py:1843} INFO - Creating ORM DAG for example_bash_operator
[2023-03-20 11:38:00,815] {logging_mixin.py:104} INFO - [2023-03-20 11:38:00,814] {dag.py:2280} INFO - Setting next_dagrun for example_bash_operator to 2023-03-18 00:00:00+00:00
[2023-03-20 11:38:00,844] {scheduler_job.py:190} INFO - Processing /home/airflow/.local/lib/python3.6/site-packages/airflow/example_dags/example_bash_operator.py took 0.654 seconds
[2023-03-20 11:38:31,021] {scheduler_job.py:182} INFO - Started process (PID=71) to work on /home/airflow/.local/lib/python3.6/site-packages/airflow/example_dags/example_bash_operator.py
[2023-03-20 11:38:31,022] {scheduler_job.py:629} INFO - Processing file /home/airflow/.local/lib/python3.6/site-packages/airflow/example_dags/example_bash_operator.py for tasks to queue
[2023-03-20 11:38:31,023] {logging_mixin.py:104} INFO - [2023-03-20 11:38:31,023] {dagbag.py:451} INFO - Filling up the DagBag from /home/airflow/.local/lib/python3.6/site-packages/airflow/example_dags/example_bash_operator.py
[2023-03-20 11:38:31,034] {scheduler_job.py:639} INFO - DAG(s) dict_keys(['example_bash_operator']) retrieved from /home/airflow/.local/lib/python3.6/site-packages/airflow/example_dags/example_bash_operator.py
[2023-03-20 11:38:31,058] {logging_mixin.py:104} INFO - [2023-03-20 11:38:31,058] {dag.py:1824} INFO - Sync 1 DAGs
[2023-03-20 11:38:31,077] {logging_mixin.py:104} INFO - [2023-03-20 11:38:31,077] {dag.py:2280} INFO - Setting next_dagrun for example_bash_operator to 2023-03-18 00:00:00+00:00
[2023-03-20 11:38:31,085] {scheduler_job.py:190} INFO - Processing /home/airflow/.local/lib/python3.6/site-packages/airflow/example_dags/example_bash_operator.py took 0.067 seconds
[2023-03-20 11:39:01,845] {scheduler_job.py:182} INFO - Started process (PID=96) to work on /home/airflow/.local/lib/python3.6/site-packages/airflow/example_dags/example_bash_operator.py
[2023-03-20 11:39:01,847] {scheduler_job.py:629} INFO - Processing file /home/airflow/.local/lib/python3.6/site-packages/airflow/example_dags/example_bash_operator.py for tasks to queue
[2023-03-20 11:39:01,848] {logging_mixin.py:104} INFO - [2023-03-20 11:39:01,848] {dagbag.py:451} INFO - Filling up the DagBag from /home/airflow/.local/lib/python3.6/site-packages/airflow/example_dags/example_bash_operator.py
[2023-03-20 11:39:01,862] {scheduler_job.py:639} INFO - DAG(s) dict_keys(['example_bash_operator']) retrieved from /home/airflow/.local/lib/python3.6/site-packages/airflow/example_dags/example_bash_operator.py
[2023-03-20 11:39:01,886] {logging_mixin.py:104} INFO - [2023-03-20 11:39:01,886] {dag.py:1824} INFO - Sync 1 DAGs
[2023-03-20 11:39:01,906] {logging_mixin.py:104} INFO - [2023-03-20 11:39:01,906] {dag.py:2280} INFO - Setting next_dagrun for example_bash_operator to 2023-03-18 00:00:00+00:00
[2023-03-20 11:39:01,915] {scheduler_job.py:190} INFO - Processing /home/airflow/.local/lib/python3.6/site-packages/airflow/example_dags/example_bash_operator.py took 0.073 seconds
[2023-03-20 11:39:32,470] {scheduler_job.py:182} INFO - Started process (PID=122) to work on /home/airflow/.local/lib/python3.6/site-packages/airflow/example_dags/example_bash_operator.py
[2023-03-20 11:39:32,472] {scheduler_job.py:629} INFO - Processing file /home/airflow/.local/lib/python3.6/site-packages/airflow/example_dags/example_bash_operator.py for tasks to queue
[2023-03-20 11:39:32,473] {logging_mixin.py:104} INFO - [2023-03-20 11:39:32,473] {dagbag.py:451} INFO - Filling up the DagBag from /home/airflow/.local/lib/python3.6/site-packages/airflow/example_dags/example_bash_operator.py
[2023-03-20 11:39:32,489] {scheduler_job.py:639} INFO - DAG(s) dict_keys(['example_bash_operator']) retrieved from /home/airflow/.local/lib/python3.6/site-packages/airflow/example_dags/example_bash_operator.py
[2023-03-20 11:39:32,511] {logging_mixin.py:104} INFO - [2023-03-20 11:39:32,511] {dag.py:1824} INFO - Sync 1 DAGs
[2023-03-20 11:39:32,531] {logging_mixin.py:104} INFO - [2023-03-20 11:39:32,531] {dag.py:2280} INFO - Setting next_dagrun for example_bash_operator to 2023-03-18 00:00:00+00:00
[2023-03-20 11:39:32,539] {scheduler_job.py:190} INFO - Processing /home/airflow/.local/lib/python3.6/site-packages/airflow/example_dags/example_bash_operator.py took 0.072 seconds
[2023-03-20 11:40:03,255] {scheduler_job.py:182} INFO - Started process (PID=148) to work on /home/airflow/.local/lib/python3.6/site-packages/airflow/example_dags/example_bash_operator.py
[2023-03-20 11:40:03,257] {scheduler_job.py:629} INFO - Processing file /home/airflow/.local/lib/python3.6/site-packages/airflow/example_dags/example_bash_operator.py for tasks to queue
[2023-03-20 11:40:03,258] {logging_mixin.py:104} INFO - [2023-03-20 11:40:03,258] {dagbag.py:451} INFO - Filling up the DagBag from /home/airflow/.local/lib/python3.6/site-packages/airflow/example_dags/example_bash_operator.py
[2023-03-20 11:40:03,274] {scheduler_job.py:639} INFO - DAG(s) dict_keys(['example_bash_operator']) retrieved from /home/airflow/.local/lib/python3.6/site-packages/airflow/example_dags/example_bash_operator.py
[2023-03-20 11:40:03,300] {logging_mixin.py:104} INFO - [2023-03-20 11:40:03,300] {dag.py:1824} INFO - Sync 1 DAGs
[2023-03-20 11:40:03,321] {logging_mixin.py:104} INFO - [2023-03-20 11:40:03,321] {dag.py:2280} INFO - Setting next_dagrun for example_bash_operator to 2023-03-18 00:00:00+00:00
[2023-03-20 11:40:03,331] {scheduler_job.py:190} INFO - Processing /home/airflow/.local/lib/python3.6/site-packages/airflow/example_dags/example_bash_operator.py took 0.079 seconds
[2023-03-20 11:40:34,211] {scheduler_job.py:182} INFO - Started process (PID=174) to work on /home/airflow/.local/lib/python3.6/site-packages/airflow/example_dags/example_bash_operator.py
[2023-03-20 11:40:34,213] {scheduler_job.py:629} INFO - Processing file /home/airflow/.local/lib/python3.6/site-packages/airflow/example_dags/example_bash_operator.py for tasks to queue
[2023-03-20 11:40:34,214] {logging_mixin.py:104} INFO - [2023-03-20 11:40:34,213] {dagbag.py:451} INFO - Filling up the DagBag from /home/airflow/.local/lib/python3.6/site-packages/airflow/example_dags/example_bash_operator.py
[2023-03-20 11:40:34,231] {scheduler_job.py:639} INFO - DAG(s) dict_keys(['example_bash_operator']) retrieved from /home/airflow/.local/lib/python3.6/site-packages/airflow/example_dags/example_bash_operator.py
[2023-03-20 11:40:34,253] {logging_mixin.py:104} INFO - [2023-03-20 11:40:34,253] {dag.py:1824} INFO - Sync 1 DAGs
[2023-03-20 11:40:34,274] {logging_mixin.py:104} INFO - [2023-03-20 11:40:34,274] {dag.py:2280} INFO - Setting next_dagrun for example_bash_operator to 2023-03-18 00:00:00+00:00
[2023-03-20 11:40:34,282] {scheduler_job.py:190} INFO - Processing /home/airflow/.local/lib/python3.6/site-packages/airflow/example_dags/example_bash_operator.py took 0.074 seconds
[2023-03-20 11:41:04,803] {scheduler_job.py:182} INFO - Started process (PID=200) to work on /home/airflow/.local/lib/python3.6/site-packages/airflow/example_dags/example_bash_operator.py
[2023-03-20 11:41:04,805] {scheduler_job.py:629} INFO - Processing file /home/airflow/.local/lib/python3.6/site-packages/airflow/example_dags/example_bash_operator.py for tasks to queue
[2023-03-20 11:41:04,806] {logging_mixin.py:104} INFO - [2023-03-20 11:41:04,806] {dagbag.py:451} INFO - Filling up the DagBag from /home/airflow/.local/lib/python3.6/site-packages/airflow/example_dags/example_bash_operator.py
[2023-03-20 11:41:04,819] {scheduler_job.py:639} INFO - DAG(s) dict_keys(['example_bash_operator']) retrieved from /home/airflow/.local/lib/python3.6/site-packages/airflow/example_dags/example_bash_operator.py
[2023-03-20 11:41:04,843] {logging_mixin.py:104} INFO - [2023-03-20 11:41:04,843] {dag.py:1824} INFO - Sync 1 DAGs
[2023-03-20 11:41:04,859] {logging_mixin.py:104} INFO - [2023-03-20 11:41:04,859] {dag.py:2280} INFO - Setting next_dagrun for example_bash_operator to 2023-03-18 00:00:00+00:00
[2023-03-20 11:41:04,868] {scheduler_job.py:190} INFO - Processing /home/airflow/.local/lib/python3.6/site-packages/airflow/example_dags/example_bash_operator.py took 0.067 seconds
[2023-03-20 14:55:27,591] {scheduler_job.py:182} INFO - Started process (PID=48) to work on /home/airflow/.local/lib/python3.6/site-packages/airflow/example_dags/example_bash_operator.py
[2023-03-20 14:55:27,595] {scheduler_job.py:629} INFO - Processing file /home/airflow/.local/lib/python3.6/site-packages/airflow/example_dags/example_bash_operator.py for tasks to queue
[2023-03-20 14:55:27,598] {logging_mixin.py:104} INFO - [2023-03-20 14:55:27,598] {dagbag.py:451} INFO - Filling up the DagBag from /home/airflow/.local/lib/python3.6/site-packages/airflow/example_dags/example_bash_operator.py
[2023-03-20 14:55:27,619] {scheduler_job.py:639} INFO - DAG(s) dict_keys(['example_bash_operator']) retrieved from /home/airflow/.local/lib/python3.6/site-packages/airflow/example_dags/example_bash_operator.py
[2023-03-20 14:55:27,706] {logging_mixin.py:104} INFO - [2023-03-20 14:55:27,705] {dag.py:1824} INFO - Sync 1 DAGs
[2023-03-20 14:55:27,726] {logging_mixin.py:104} INFO - [2023-03-20 14:55:27,726] {dag.py:1843} INFO - Creating ORM DAG for example_bash_operator
[2023-03-20 14:55:27,754] {logging_mixin.py:104} INFO - [2023-03-20 14:55:27,753] {dag.py:2280} INFO - Setting next_dagrun for example_bash_operator to 2023-03-18 00:00:00+00:00
[2023-03-20 14:55:27,785] {scheduler_job.py:190} INFO - Processing /home/airflow/.local/lib/python3.6/site-packages/airflow/example_dags/example_bash_operator.py took 0.198 seconds
[2023-03-20 14:55:58,112] {scheduler_job.py:182} INFO - Started process (PID=74) to work on /home/airflow/.local/lib/python3.6/site-packages/airflow/example_dags/example_bash_operator.py
[2023-03-20 14:55:58,114] {scheduler_job.py:629} INFO - Processing file /home/airflow/.local/lib/python3.6/site-packages/airflow/example_dags/example_bash_operator.py for tasks to queue
[2023-03-20 14:55:58,115] {logging_mixin.py:104} INFO - [2023-03-20 14:55:58,115] {dagbag.py:451} INFO - Filling up the DagBag from /home/airflow/.local/lib/python3.6/site-packages/airflow/example_dags/example_bash_operator.py
[2023-03-20 14:55:58,128] {scheduler_job.py:639} INFO - DAG(s) dict_keys(['example_bash_operator']) retrieved from /home/airflow/.local/lib/python3.6/site-packages/airflow/example_dags/example_bash_operator.py
[2023-03-20 14:55:58,150] {logging_mixin.py:104} INFO - [2023-03-20 14:55:58,150] {dag.py:1824} INFO - Sync 1 DAGs
[2023-03-20 14:55:58,171] {logging_mixin.py:104} INFO - [2023-03-20 14:55:58,171] {dag.py:2280} INFO - Setting next_dagrun for example_bash_operator to 2023-03-18 00:00:00+00:00
[2023-03-20 14:55:58,179] {scheduler_job.py:190} INFO - Processing /home/airflow/.local/lib/python3.6/site-packages/airflow/example_dags/example_bash_operator.py took 0.070 seconds
[2023-03-20 14:56:28,389] {scheduler_job.py:182} INFO - Started process (PID=92) to work on /home/airflow/.local/lib/python3.6/site-packages/airflow/example_dags/example_bash_operator.py
[2023-03-20 14:56:28,391] {scheduler_job.py:629} INFO - Processing file /home/airflow/.local/lib/python3.6/site-packages/airflow/example_dags/example_bash_operator.py for tasks to queue
[2023-03-20 14:56:28,392] {logging_mixin.py:104} INFO - [2023-03-20 14:56:28,392] {dagbag.py:451} INFO - Filling up the DagBag from /home/airflow/.local/lib/python3.6/site-packages/airflow/example_dags/example_bash_operator.py
[2023-03-20 14:56:28,411] {scheduler_job.py:639} INFO - DAG(s) dict_keys(['example_bash_operator']) retrieved from /home/airflow/.local/lib/python3.6/site-packages/airflow/example_dags/example_bash_operator.py
[2023-03-20 14:56:28,434] {logging_mixin.py:104} INFO - [2023-03-20 14:56:28,434] {dag.py:1824} INFO - Sync 1 DAGs
[2023-03-20 14:56:28,452] {logging_mixin.py:104} INFO - [2023-03-20 14:56:28,452] {dag.py:2280} INFO - Setting next_dagrun for example_bash_operator to 2023-03-18 00:00:00+00:00
[2023-03-20 14:56:28,461] {scheduler_job.py:190} INFO - Processing /home/airflow/.local/lib/python3.6/site-packages/airflow/example_dags/example_bash_operator.py took 0.078 seconds
[2023-03-20 14:56:59,067] {scheduler_job.py:182} INFO - Started process (PID=118) to work on /home/airflow/.local/lib/python3.6/site-packages/airflow/example_dags/example_bash_operator.py
[2023-03-20 14:56:59,070] {scheduler_job.py:629} INFO - Processing file /home/airflow/.local/lib/python3.6/site-packages/airflow/example_dags/example_bash_operator.py for tasks to queue
[2023-03-20 14:56:59,072] {logging_mixin.py:104} INFO - [2023-03-20 14:56:59,072] {dagbag.py:451} INFO - Filling up the DagBag from /home/airflow/.local/lib/python3.6/site-packages/airflow/example_dags/example_bash_operator.py
[2023-03-20 14:56:59,110] {scheduler_job.py:639} INFO - DAG(s) dict_keys(['example_bash_operator']) retrieved from /home/airflow/.local/lib/python3.6/site-packages/airflow/example_dags/example_bash_operator.py
[2023-03-20 14:56:59,154] {logging_mixin.py:104} INFO - [2023-03-20 14:56:59,154] {dag.py:1824} INFO - Sync 1 DAGs
[2023-03-20 14:56:59,202] {logging_mixin.py:104} INFO - [2023-03-20 14:56:59,202] {dag.py:2280} INFO - Setting next_dagrun for example_bash_operator to 2023-03-18 00:00:00+00:00
[2023-03-20 14:56:59,221] {scheduler_job.py:190} INFO - Processing /home/airflow/.local/lib/python3.6/site-packages/airflow/example_dags/example_bash_operator.py took 0.160 seconds
[2023-03-20 14:57:30,474] {scheduler_job.py:182} INFO - Started process (PID=146) to work on /home/airflow/.local/lib/python3.6/site-packages/airflow/example_dags/example_bash_operator.py
[2023-03-20 14:57:30,477] {scheduler_job.py:629} INFO - Processing file /home/airflow/.local/lib/python3.6/site-packages/airflow/example_dags/example_bash_operator.py for tasks to queue
[2023-03-20 14:57:30,479] {logging_mixin.py:104} INFO - [2023-03-20 14:57:30,479] {dagbag.py:451} INFO - Filling up the DagBag from /home/airflow/.local/lib/python3.6/site-packages/airflow/example_dags/example_bash_operator.py
[2023-03-20 14:57:30,493] {scheduler_job.py:639} INFO - DAG(s) dict_keys(['example_bash_operator']) retrieved from /home/airflow/.local/lib/python3.6/site-packages/airflow/example_dags/example_bash_operator.py
[2023-03-20 14:57:30,553] {logging_mixin.py:104} INFO - [2023-03-20 14:57:30,552] {dag.py:1824} INFO - Sync 1 DAGs
[2023-03-20 14:57:30,632] {logging_mixin.py:104} INFO - [2023-03-20 14:57:30,631] {dag.py:2280} INFO - Setting next_dagrun for example_bash_operator to 2023-03-18 00:00:00+00:00
[2023-03-20 14:57:30,650] {scheduler_job.py:190} INFO - Processing /home/airflow/.local/lib/python3.6/site-packages/airflow/example_dags/example_bash_operator.py took 0.180 seconds
[2023-03-20 14:58:00,869] {scheduler_job.py:182} INFO - Started process (PID=172) to work on /home/airflow/.local/lib/python3.6/site-packages/airflow/example_dags/example_bash_operator.py
[2023-03-20 14:58:00,874] {scheduler_job.py:629} INFO - Processing file /home/airflow/.local/lib/python3.6/site-packages/airflow/example_dags/example_bash_operator.py for tasks to queue
[2023-03-20 14:58:00,876] {logging_mixin.py:104} INFO - [2023-03-20 14:58:00,876] {dagbag.py:451} INFO - Filling up the DagBag from /home/airflow/.local/lib/python3.6/site-packages/airflow/example_dags/example_bash_operator.py
[2023-03-20 14:58:00,910] {scheduler_job.py:639} INFO - DAG(s) dict_keys(['example_bash_operator']) retrieved from /home/airflow/.local/lib/python3.6/site-packages/airflow/example_dags/example_bash_operator.py
[2023-03-20 14:58:00,970] {logging_mixin.py:104} INFO - [2023-03-20 14:58:00,970] {dag.py:1824} INFO - Sync 1 DAGs
[2023-03-20 14:58:00,998] {logging_mixin.py:104} INFO - [2023-03-20 14:58:00,998] {dag.py:2280} INFO - Setting next_dagrun for example_bash_operator to 2023-03-18 00:00:00+00:00
[2023-03-20 14:58:01,011] {scheduler_job.py:190} INFO - Processing /home/airflow/.local/lib/python3.6/site-packages/airflow/example_dags/example_bash_operator.py took 0.150 seconds
[2023-03-20 14:58:31,743] {scheduler_job.py:182} INFO - Started process (PID=196) to work on /home/airflow/.local/lib/python3.6/site-packages/airflow/example_dags/example_bash_operator.py
[2023-03-20 14:58:31,747] {scheduler_job.py:629} INFO - Processing file /home/airflow/.local/lib/python3.6/site-packages/airflow/example_dags/example_bash_operator.py for tasks to queue
[2023-03-20 14:58:31,748] {logging_mixin.py:104} INFO - [2023-03-20 14:58:31,748] {dagbag.py:451} INFO - Filling up the DagBag from /home/airflow/.local/lib/python3.6/site-packages/airflow/example_dags/example_bash_operator.py
[2023-03-20 14:58:31,772] {scheduler_job.py:639} INFO - DAG(s) dict_keys(['example_bash_operator']) retrieved from /home/airflow/.local/lib/python3.6/site-packages/airflow/example_dags/example_bash_operator.py
[2023-03-20 14:58:31,799] {logging_mixin.py:104} INFO - [2023-03-20 14:58:31,799] {dag.py:1824} INFO - Sync 1 DAGs
[2023-03-20 14:58:31,815] {logging_mixin.py:104} INFO - [2023-03-20 14:58:31,814] {dag.py:2280} INFO - Setting next_dagrun for example_bash_operator to 2023-03-18 00:00:00+00:00
[2023-03-20 14:58:31,823] {scheduler_job.py:190} INFO - Processing /home/airflow/.local/lib/python3.6/site-packages/airflow/example_dags/example_bash_operator.py took 0.085 seconds
[2023-03-20 14:59:02,303] {scheduler_job.py:182} INFO - Started process (PID=222) to work on /home/airflow/.local/lib/python3.6/site-packages/airflow/example_dags/example_bash_operator.py
[2023-03-20 14:59:02,305] {scheduler_job.py:629} INFO - Processing file /home/airflow/.local/lib/python3.6/site-packages/airflow/example_dags/example_bash_operator.py for tasks to queue
[2023-03-20 14:59:02,307] {logging_mixin.py:104} INFO - [2023-03-20 14:59:02,307] {dagbag.py:451} INFO - Filling up the DagBag from /home/airflow/.local/lib/python3.6/site-packages/airflow/example_dags/example_bash_operator.py
[2023-03-20 14:59:02,327] {scheduler_job.py:639} INFO - DAG(s) dict_keys(['example_bash_operator']) retrieved from /home/airflow/.local/lib/python3.6/site-packages/airflow/example_dags/example_bash_operator.py
[2023-03-20 14:59:02,355] {logging_mixin.py:104} INFO - [2023-03-20 14:59:02,355] {dag.py:1824} INFO - Sync 1 DAGs
[2023-03-20 14:59:02,370] {logging_mixin.py:104} INFO - [2023-03-20 14:59:02,370] {dag.py:2280} INFO - Setting next_dagrun for example_bash_operator to 2023-03-18 00:00:00+00:00
[2023-03-20 14:59:02,379] {scheduler_job.py:190} INFO - Processing /home/airflow/.local/lib/python3.6/site-packages/airflow/example_dags/example_bash_operator.py took 0.083 seconds
[2023-03-20 14:59:32,860] {scheduler_job.py:182} INFO - Started process (PID=248) to work on /home/airflow/.local/lib/python3.6/site-packages/airflow/example_dags/example_bash_operator.py
[2023-03-20 14:59:32,863] {scheduler_job.py:629} INFO - Processing file /home/airflow/.local/lib/python3.6/site-packages/airflow/example_dags/example_bash_operator.py for tasks to queue
[2023-03-20 14:59:32,865] {logging_mixin.py:104} INFO - [2023-03-20 14:59:32,865] {dagbag.py:451} INFO - Filling up the DagBag from /home/airflow/.local/lib/python3.6/site-packages/airflow/example_dags/example_bash_operator.py
[2023-03-20 14:59:32,884] {scheduler_job.py:639} INFO - DAG(s) dict_keys(['example_bash_operator']) retrieved from /home/airflow/.local/lib/python3.6/site-packages/airflow/example_dags/example_bash_operator.py
[2023-03-20 14:59:32,911] {logging_mixin.py:104} INFO - [2023-03-20 14:59:32,911] {dag.py:1824} INFO - Sync 1 DAGs
[2023-03-20 14:59:32,927] {logging_mixin.py:104} INFO - [2023-03-20 14:59:32,927] {dag.py:2280} INFO - Setting next_dagrun for example_bash_operator to 2023-03-18 00:00:00+00:00
[2023-03-20 14:59:32,936] {scheduler_job.py:190} INFO - Processing /home/airflow/.local/lib/python3.6/site-packages/airflow/example_dags/example_bash_operator.py took 0.081 seconds
[2023-03-20 15:00:03,297] {scheduler_job.py:182} INFO - Started process (PID=274) to work on /home/airflow/.local/lib/python3.6/site-packages/airflow/example_dags/example_bash_operator.py
[2023-03-20 15:00:03,299] {scheduler_job.py:629} INFO - Processing file /home/airflow/.local/lib/python3.6/site-packages/airflow/example_dags/example_bash_operator.py for tasks to queue
[2023-03-20 15:00:03,300] {logging_mixin.py:104} INFO - [2023-03-20 15:00:03,300] {dagbag.py:451} INFO - Filling up the DagBag from /home/airflow/.local/lib/python3.6/site-packages/airflow/example_dags/example_bash_operator.py
[2023-03-20 15:00:03,320] {scheduler_job.py:639} INFO - DAG(s) dict_keys(['example_bash_operator']) retrieved from /home/airflow/.local/lib/python3.6/site-packages/airflow/example_dags/example_bash_operator.py
[2023-03-20 15:00:03,349] {logging_mixin.py:104} INFO - [2023-03-20 15:00:03,348] {dag.py:1824} INFO - Sync 1 DAGs
[2023-03-20 15:00:03,364] {logging_mixin.py:104} INFO - [2023-03-20 15:00:03,364] {dag.py:2280} INFO - Setting next_dagrun for example_bash_operator to 2023-03-18 00:00:00+00:00
[2023-03-20 15:00:03,372] {scheduler_job.py:190} INFO - Processing /home/airflow/.local/lib/python3.6/site-packages/airflow/example_dags/example_bash_operator.py took 0.081 seconds
[2023-03-20 15:00:33,858] {scheduler_job.py:182} INFO - Started process (PID=300) to work on /home/airflow/.local/lib/python3.6/site-packages/airflow/example_dags/example_bash_operator.py
[2023-03-20 15:00:33,860] {scheduler_job.py:629} INFO - Processing file /home/airflow/.local/lib/python3.6/site-packages/airflow/example_dags/example_bash_operator.py for tasks to queue
[2023-03-20 15:00:33,862] {logging_mixin.py:104} INFO - [2023-03-20 15:00:33,862] {dagbag.py:451} INFO - Filling up the DagBag from /home/airflow/.local/lib/python3.6/site-packages/airflow/example_dags/example_bash_operator.py
[2023-03-20 15:00:33,888] {scheduler_job.py:639} INFO - DAG(s) dict_keys(['example_bash_operator']) retrieved from /home/airflow/.local/lib/python3.6/site-packages/airflow/example_dags/example_bash_operator.py
[2023-03-20 15:00:33,911] {logging_mixin.py:104} INFO - [2023-03-20 15:00:33,911] {dag.py:1824} INFO - Sync 1 DAGs
[2023-03-20 15:00:33,927] {logging_mixin.py:104} INFO - [2023-03-20 15:00:33,927] {dag.py:2280} INFO - Setting next_dagrun for example_bash_operator to 2023-03-18 00:00:00+00:00
[2023-03-20 15:00:33,937] {scheduler_job.py:190} INFO - Processing /home/airflow/.local/lib/python3.6/site-packages/airflow/example_dags/example_bash_operator.py took 0.086 seconds
[2023-03-20 15:01:04,361] {scheduler_job.py:182} INFO - Started process (PID=326) to work on /home/airflow/.local/lib/python3.6/site-packages/airflow/example_dags/example_bash_operator.py
[2023-03-20 15:01:04,363] {scheduler_job.py:629} INFO - Processing file /home/airflow/.local/lib/python3.6/site-packages/airflow/example_dags/example_bash_operator.py for tasks to queue
[2023-03-20 15:01:04,364] {logging_mixin.py:104} INFO - [2023-03-20 15:01:04,364] {dagbag.py:451} INFO - Filling up the DagBag from /home/airflow/.local/lib/python3.6/site-packages/airflow/example_dags/example_bash_operator.py
[2023-03-20 15:01:04,393] {scheduler_job.py:639} INFO - DAG(s) dict_keys(['example_bash_operator']) retrieved from /home/airflow/.local/lib/python3.6/site-packages/airflow/example_dags/example_bash_operator.py
[2023-03-20 15:01:04,417] {logging_mixin.py:104} INFO - [2023-03-20 15:01:04,417] {dag.py:1824} INFO - Sync 1 DAGs
[2023-03-20 15:01:04,436] {logging_mixin.py:104} INFO - [2023-03-20 15:01:04,436] {dag.py:2280} INFO - Setting next_dagrun for example_bash_operator to 2023-03-18 00:00:00+00:00
[2023-03-20 15:01:04,445] {scheduler_job.py:190} INFO - Processing /home/airflow/.local/lib/python3.6/site-packages/airflow/example_dags/example_bash_operator.py took 0.089 seconds
[2023-03-20 15:01:34,774] {scheduler_job.py:182} INFO - Started process (PID=352) to work on /home/airflow/.local/lib/python3.6/site-packages/airflow/example_dags/example_bash_operator.py
[2023-03-20 15:01:34,777] {scheduler_job.py:629} INFO - Processing file /home/airflow/.local/lib/python3.6/site-packages/airflow/example_dags/example_bash_operator.py for tasks to queue
[2023-03-20 15:01:34,779] {logging_mixin.py:104} INFO - [2023-03-20 15:01:34,778] {dagbag.py:451} INFO - Filling up the DagBag from /home/airflow/.local/lib/python3.6/site-packages/airflow/example_dags/example_bash_operator.py
[2023-03-20 15:01:34,801] {scheduler_job.py:639} INFO - DAG(s) dict_keys(['example_bash_operator']) retrieved from /home/airflow/.local/lib/python3.6/site-packages/airflow/example_dags/example_bash_operator.py
[2023-03-20 15:01:34,823] {logging_mixin.py:104} INFO - [2023-03-20 15:01:34,822] {dag.py:1824} INFO - Sync 1 DAGs
[2023-03-20 15:01:34,837] {logging_mixin.py:104} INFO - [2023-03-20 15:01:34,837] {dag.py:2280} INFO - Setting next_dagrun for example_bash_operator to 2023-03-18 00:00:00+00:00
[2023-03-20 15:01:34,845] {scheduler_job.py:190} INFO - Processing /home/airflow/.local/lib/python3.6/site-packages/airflow/example_dags/example_bash_operator.py took 0.076 seconds
[2023-03-20 15:02:05,232] {scheduler_job.py:182} INFO - Started process (PID=378) to work on /home/airflow/.local/lib/python3.6/site-packages/airflow/example_dags/example_bash_operator.py
[2023-03-20 15:02:05,235] {scheduler_job.py:629} INFO - Processing file /home/airflow/.local/lib/python3.6/site-packages/airflow/example_dags/example_bash_operator.py for tasks to queue
[2023-03-20 15:02:05,236] {logging_mixin.py:104} INFO - [2023-03-20 15:02:05,236] {dagbag.py:451} INFO - Filling up the DagBag from /home/airflow/.local/lib/python3.6/site-packages/airflow/example_dags/example_bash_operator.py
[2023-03-20 15:02:05,256] {scheduler_job.py:639} INFO - DAG(s) dict_keys(['example_bash_operator']) retrieved from /home/airflow/.local/lib/python3.6/site-packages/airflow/example_dags/example_bash_operator.py
[2023-03-20 15:02:05,277] {logging_mixin.py:104} INFO - [2023-03-20 15:02:05,277] {dag.py:1824} INFO - Sync 1 DAGs
[2023-03-20 15:02:05,292] {logging_mixin.py:104} INFO - [2023-03-20 15:02:05,292] {dag.py:2280} INFO - Setting next_dagrun for example_bash_operator to 2023-03-18 00:00:00+00:00
[2023-03-20 15:02:05,300] {scheduler_job.py:190} INFO - Processing /home/airflow/.local/lib/python3.6/site-packages/airflow/example_dags/example_bash_operator.py took 0.073 seconds
[2023-03-20 15:02:35,680] {scheduler_job.py:182} INFO - Started process (PID=404) to work on /home/airflow/.local/lib/python3.6/site-packages/airflow/example_dags/example_bash_operator.py
[2023-03-20 15:02:35,688] {scheduler_job.py:629} INFO - Processing file /home/airflow/.local/lib/python3.6/site-packages/airflow/example_dags/example_bash_operator.py for tasks to queue
[2023-03-20 15:02:35,689] {logging_mixin.py:104} INFO - [2023-03-20 15:02:35,688] {dagbag.py:451} INFO - Filling up the DagBag from /home/airflow/.local/lib/python3.6/site-packages/airflow/example_dags/example_bash_operator.py
[2023-03-20 15:02:35,701] {scheduler_job.py:639} INFO - DAG(s) dict_keys(['example_bash_operator']) retrieved from /home/airflow/.local/lib/python3.6/site-packages/airflow/example_dags/example_bash_operator.py
[2023-03-20 15:02:35,721] {logging_mixin.py:104} INFO - [2023-03-20 15:02:35,721] {dag.py:1824} INFO - Sync 1 DAGs
[2023-03-20 15:02:35,737] {logging_mixin.py:104} INFO - [2023-03-20 15:02:35,737] {dag.py:2280} INFO - Setting next_dagrun for example_bash_operator to 2023-03-18 00:00:00+00:00
[2023-03-20 15:02:35,745] {scheduler_job.py:190} INFO - Processing /home/airflow/.local/lib/python3.6/site-packages/airflow/example_dags/example_bash_operator.py took 0.068 seconds
[2023-03-20 15:03:06,191] {scheduler_job.py:182} INFO - Started process (PID=430) to work on /home/airflow/.local/lib/python3.6/site-packages/airflow/example_dags/example_bash_operator.py
[2023-03-20 15:03:06,192] {scheduler_job.py:629} INFO - Processing file /home/airflow/.local/lib/python3.6/site-packages/airflow/example_dags/example_bash_operator.py for tasks to queue
[2023-03-20 15:03:06,193] {logging_mixin.py:104} INFO - [2023-03-20 15:03:06,193] {dagbag.py:451} INFO - Filling up the DagBag from /home/airflow/.local/lib/python3.6/site-packages/airflow/example_dags/example_bash_operator.py
[2023-03-20 15:03:06,206] {scheduler_job.py:639} INFO - DAG(s) dict_keys(['example_bash_operator']) retrieved from /home/airflow/.local/lib/python3.6/site-packages/airflow/example_dags/example_bash_operator.py
[2023-03-20 15:03:06,225] {logging_mixin.py:104} INFO - [2023-03-20 15:03:06,225] {dag.py:1824} INFO - Sync 1 DAGs
[2023-03-20 15:03:06,242] {logging_mixin.py:104} INFO - [2023-03-20 15:03:06,242] {dag.py:2280} INFO - Setting next_dagrun for example_bash_operator to 2023-03-18 00:00:00+00:00
[2023-03-20 15:03:06,249] {scheduler_job.py:190} INFO - Processing /home/airflow/.local/lib/python3.6/site-packages/airflow/example_dags/example_bash_operator.py took 0.061 seconds
[2023-03-20 15:03:36,735] {scheduler_job.py:182} INFO - Started process (PID=456) to work on /home/airflow/.local/lib/python3.6/site-packages/airflow/example_dags/example_bash_operator.py
[2023-03-20 15:03:36,737] {scheduler_job.py:629} INFO - Processing file /home/airflow/.local/lib/python3.6/site-packages/airflow/example_dags/example_bash_operator.py for tasks to queue
[2023-03-20 15:03:36,739] {logging_mixin.py:104} INFO - [2023-03-20 15:03:36,738] {dagbag.py:451} INFO - Filling up the DagBag from /home/airflow/.local/lib/python3.6/site-packages/airflow/example_dags/example_bash_operator.py
[2023-03-20 15:03:36,756] {scheduler_job.py:639} INFO - DAG(s) dict_keys(['example_bash_operator']) retrieved from /home/airflow/.local/lib/python3.6/site-packages/airflow/example_dags/example_bash_operator.py
[2023-03-20 15:03:36,786] {logging_mixin.py:104} INFO - [2023-03-20 15:03:36,785] {dag.py:1824} INFO - Sync 1 DAGs
[2023-03-20 15:03:36,811] {logging_mixin.py:104} INFO - [2023-03-20 15:03:36,811] {dag.py:2280} INFO - Setting next_dagrun for example_bash_operator to 2023-03-18 00:00:00+00:00
[2023-03-20 15:03:36,821] {scheduler_job.py:190} INFO - Processing /home/airflow/.local/lib/python3.6/site-packages/airflow/example_dags/example_bash_operator.py took 0.092 seconds
[2023-03-20 15:04:07,298] {scheduler_job.py:182} INFO - Started process (PID=482) to work on /home/airflow/.local/lib/python3.6/site-packages/airflow/example_dags/example_bash_operator.py
[2023-03-20 15:04:07,301] {scheduler_job.py:629} INFO - Processing file /home/airflow/.local/lib/python3.6/site-packages/airflow/example_dags/example_bash_operator.py for tasks to queue
[2023-03-20 15:04:07,303] {logging_mixin.py:104} INFO - [2023-03-20 15:04:07,302] {dagbag.py:451} INFO - Filling up the DagBag from /home/airflow/.local/lib/python3.6/site-packages/airflow/example_dags/example_bash_operator.py
[2023-03-20 15:04:07,321] {scheduler_job.py:639} INFO - DAG(s) dict_keys(['example_bash_operator']) retrieved from /home/airflow/.local/lib/python3.6/site-packages/airflow/example_dags/example_bash_operator.py
[2023-03-20 15:04:07,355] {logging_mixin.py:104} INFO - [2023-03-20 15:04:07,355] {dag.py:1824} INFO - Sync 1 DAGs
[2023-03-20 15:04:07,383] {logging_mixin.py:104} INFO - [2023-03-20 15:04:07,383] {dag.py:2280} INFO - Setting next_dagrun for example_bash_operator to 2023-03-18 00:00:00+00:00
[2023-03-20 15:04:07,394] {scheduler_job.py:190} INFO - Processing /home/airflow/.local/lib/python3.6/site-packages/airflow/example_dags/example_bash_operator.py took 0.101 seconds
[2023-03-20 15:04:37,761] {scheduler_job.py:182} INFO - Started process (PID=508) to work on /home/airflow/.local/lib/python3.6/site-packages/airflow/example_dags/example_bash_operator.py
[2023-03-20 15:04:37,764] {scheduler_job.py:629} INFO - Processing file /home/airflow/.local/lib/python3.6/site-packages/airflow/example_dags/example_bash_operator.py for tasks to queue
[2023-03-20 15:04:37,765] {logging_mixin.py:104} INFO - [2023-03-20 15:04:37,765] {dagbag.py:451} INFO - Filling up the DagBag from /home/airflow/.local/lib/python3.6/site-packages/airflow/example_dags/example_bash_operator.py
[2023-03-20 15:04:37,785] {scheduler_job.py:639} INFO - DAG(s) dict_keys(['example_bash_operator']) retrieved from /home/airflow/.local/lib/python3.6/site-packages/airflow/example_dags/example_bash_operator.py
[2023-03-20 15:04:37,811] {logging_mixin.py:104} INFO - [2023-03-20 15:04:37,810] {dag.py:1824} INFO - Sync 1 DAGs
[2023-03-20 15:04:37,834] {logging_mixin.py:104} INFO - [2023-03-20 15:04:37,833] {dag.py:2280} INFO - Setting next_dagrun for example_bash_operator to 2023-03-18 00:00:00+00:00
[2023-03-20 15:04:37,846] {scheduler_job.py:190} INFO - Processing /home/airflow/.local/lib/python3.6/site-packages/airflow/example_dags/example_bash_operator.py took 0.091 seconds
[2023-03-20 15:05:08,376] {scheduler_job.py:182} INFO - Started process (PID=534) to work on /home/airflow/.local/lib/python3.6/site-packages/airflow/example_dags/example_bash_operator.py
[2023-03-20 15:05:08,379] {scheduler_job.py:629} INFO - Processing file /home/airflow/.local/lib/python3.6/site-packages/airflow/example_dags/example_bash_operator.py for tasks to queue
[2023-03-20 15:05:08,381] {logging_mixin.py:104} INFO - [2023-03-20 15:05:08,381] {dagbag.py:451} INFO - Filling up the DagBag from /home/airflow/.local/lib/python3.6/site-packages/airflow/example_dags/example_bash_operator.py
[2023-03-20 15:05:08,404] {scheduler_job.py:639} INFO - DAG(s) dict_keys(['example_bash_operator']) retrieved from /home/airflow/.local/lib/python3.6/site-packages/airflow/example_dags/example_bash_operator.py
[2023-03-20 15:05:08,430] {logging_mixin.py:104} INFO - [2023-03-20 15:05:08,429] {dag.py:1824} INFO - Sync 1 DAGs
[2023-03-20 15:05:08,457] {logging_mixin.py:104} INFO - [2023-03-20 15:05:08,457] {dag.py:2280} INFO - Setting next_dagrun for example_bash_operator to 2023-03-18 00:00:00+00:00
[2023-03-20 15:05:08,470] {scheduler_job.py:190} INFO - Processing /home/airflow/.local/lib/python3.6/site-packages/airflow/example_dags/example_bash_operator.py took 0.102 seconds
[2023-03-20 15:05:38,955] {scheduler_job.py:182} INFO - Started process (PID=560) to work on /home/airflow/.local/lib/python3.6/site-packages/airflow/example_dags/example_bash_operator.py
[2023-03-20 15:05:38,957] {scheduler_job.py:629} INFO - Processing file /home/airflow/.local/lib/python3.6/site-packages/airflow/example_dags/example_bash_operator.py for tasks to queue
[2023-03-20 15:05:38,959] {logging_mixin.py:104} INFO - [2023-03-20 15:05:38,959] {dagbag.py:451} INFO - Filling up the DagBag from /home/airflow/.local/lib/python3.6/site-packages/airflow/example_dags/example_bash_operator.py
[2023-03-20 15:05:38,976] {scheduler_job.py:639} INFO - DAG(s) dict_keys(['example_bash_operator']) retrieved from /home/airflow/.local/lib/python3.6/site-packages/airflow/example_dags/example_bash_operator.py
[2023-03-20 15:05:39,005] {logging_mixin.py:104} INFO - [2023-03-20 15:05:39,005] {dag.py:1824} INFO - Sync 1 DAGs
[2023-03-20 15:05:39,034] {logging_mixin.py:104} INFO - [2023-03-20 15:05:39,034] {dag.py:2280} INFO - Setting next_dagrun for example_bash_operator to 2023-03-18 00:00:00+00:00
[2023-03-20 15:05:39,044] {scheduler_job.py:190} INFO - Processing /home/airflow/.local/lib/python3.6/site-packages/airflow/example_dags/example_bash_operator.py took 0.095 seconds
[2023-03-20 15:06:09,538] {scheduler_job.py:182} INFO - Started process (PID=586) to work on /home/airflow/.local/lib/python3.6/site-packages/airflow/example_dags/example_bash_operator.py
[2023-03-20 15:06:09,540] {scheduler_job.py:629} INFO - Processing file /home/airflow/.local/lib/python3.6/site-packages/airflow/example_dags/example_bash_operator.py for tasks to queue
[2023-03-20 15:06:09,541] {logging_mixin.py:104} INFO - [2023-03-20 15:06:09,541] {dagbag.py:451} INFO - Filling up the DagBag from /home/airflow/.local/lib/python3.6/site-packages/airflow/example_dags/example_bash_operator.py
[2023-03-20 15:06:09,558] {scheduler_job.py:639} INFO - DAG(s) dict_keys(['example_bash_operator']) retrieved from /home/airflow/.local/lib/python3.6/site-packages/airflow/example_dags/example_bash_operator.py
[2023-03-20 15:06:09,584] {logging_mixin.py:104} INFO - [2023-03-20 15:06:09,584] {dag.py:1824} INFO - Sync 1 DAGs
[2023-03-20 15:06:09,603] {logging_mixin.py:104} INFO - [2023-03-20 15:06:09,603] {dag.py:2280} INFO - Setting next_dagrun for example_bash_operator to 2023-03-18 00:00:00+00:00
[2023-03-20 15:06:09,613] {scheduler_job.py:190} INFO - Processing /home/airflow/.local/lib/python3.6/site-packages/airflow/example_dags/example_bash_operator.py took 0.078 seconds
[2023-03-20 15:06:40,173] {scheduler_job.py:182} INFO - Started process (PID=612) to work on /home/airflow/.local/lib/python3.6/site-packages/airflow/example_dags/example_bash_operator.py
[2023-03-20 15:06:40,175] {scheduler_job.py:629} INFO - Processing file /home/airflow/.local/lib/python3.6/site-packages/airflow/example_dags/example_bash_operator.py for tasks to queue
[2023-03-20 15:06:40,177] {logging_mixin.py:104} INFO - [2023-03-20 15:06:40,177] {dagbag.py:451} INFO - Filling up the DagBag from /home/airflow/.local/lib/python3.6/site-packages/airflow/example_dags/example_bash_operator.py
[2023-03-20 15:06:40,190] {scheduler_job.py:639} INFO - DAG(s) dict_keys(['example_bash_operator']) retrieved from /home/airflow/.local/lib/python3.6/site-packages/airflow/example_dags/example_bash_operator.py
[2023-03-20 15:06:40,211] {logging_mixin.py:104} INFO - [2023-03-20 15:06:40,211] {dag.py:1824} INFO - Sync 1 DAGs
[2023-03-20 15:06:40,230] {logging_mixin.py:104} INFO - [2023-03-20 15:06:40,230] {dag.py:2280} INFO - Setting next_dagrun for example_bash_operator to 2023-03-18 00:00:00+00:00
[2023-03-20 15:06:40,239] {scheduler_job.py:190} INFO - Processing /home/airflow/.local/lib/python3.6/site-packages/airflow/example_dags/example_bash_operator.py took 0.070 seconds
[2023-03-20 15:07:10,891] {scheduler_job.py:182} INFO - Started process (PID=638) to work on /home/airflow/.local/lib/python3.6/site-packages/airflow/example_dags/example_bash_operator.py
[2023-03-20 15:07:10,895] {scheduler_job.py:629} INFO - Processing file /home/airflow/.local/lib/python3.6/site-packages/airflow/example_dags/example_bash_operator.py for tasks to queue
[2023-03-20 15:07:10,899] {logging_mixin.py:104} INFO - [2023-03-20 15:07:10,899] {dagbag.py:451} INFO - Filling up the DagBag from /home/airflow/.local/lib/python3.6/site-packages/airflow/example_dags/example_bash_operator.py
[2023-03-20 15:07:10,923] {scheduler_job.py:639} INFO - DAG(s) dict_keys(['example_bash_operator']) retrieved from /home/airflow/.local/lib/python3.6/site-packages/airflow/example_dags/example_bash_operator.py
[2023-03-20 15:07:10,988] {logging_mixin.py:104} INFO - [2023-03-20 15:07:10,988] {dag.py:1824} INFO - Sync 1 DAGs
[2023-03-20 15:07:11,028] {logging_mixin.py:104} INFO - [2023-03-20 15:07:11,028] {dag.py:2280} INFO - Setting next_dagrun for example_bash_operator to 2023-03-18 00:00:00+00:00
[2023-03-20 15:07:11,050] {scheduler_job.py:190} INFO - Processing /home/airflow/.local/lib/python3.6/site-packages/airflow/example_dags/example_bash_operator.py took 0.168 seconds
[2023-03-20 15:07:41,784] {scheduler_job.py:182} INFO - Started process (PID=664) to work on /home/airflow/.local/lib/python3.6/site-packages/airflow/example_dags/example_bash_operator.py
[2023-03-20 15:07:41,787] {scheduler_job.py:629} INFO - Processing file /home/airflow/.local/lib/python3.6/site-packages/airflow/example_dags/example_bash_operator.py for tasks to queue
[2023-03-20 15:07:41,788] {logging_mixin.py:104} INFO - [2023-03-20 15:07:41,788] {dagbag.py:451} INFO - Filling up the DagBag from /home/airflow/.local/lib/python3.6/site-packages/airflow/example_dags/example_bash_operator.py
[2023-03-20 15:07:41,818] {scheduler_job.py:639} INFO - DAG(s) dict_keys(['example_bash_operator']) retrieved from /home/airflow/.local/lib/python3.6/site-packages/airflow/example_dags/example_bash_operator.py
[2023-03-20 15:07:41,878] {logging_mixin.py:104} INFO - [2023-03-20 15:07:41,878] {dag.py:1824} INFO - Sync 1 DAGs
[2023-03-20 15:07:41,919] {logging_mixin.py:104} INFO - [2023-03-20 15:07:41,919] {dag.py:2280} INFO - Setting next_dagrun for example_bash_operator to 2023-03-18 00:00:00+00:00
[2023-03-20 15:07:41,937] {scheduler_job.py:190} INFO - Processing /home/airflow/.local/lib/python3.6/site-packages/airflow/example_dags/example_bash_operator.py took 0.157 seconds
[2023-03-20 15:08:12,647] {scheduler_job.py:182} INFO - Started process (PID=690) to work on /home/airflow/.local/lib/python3.6/site-packages/airflow/example_dags/example_bash_operator.py
[2023-03-20 15:08:12,648] {scheduler_job.py:629} INFO - Processing file /home/airflow/.local/lib/python3.6/site-packages/airflow/example_dags/example_bash_operator.py for tasks to queue
[2023-03-20 15:08:12,649] {logging_mixin.py:104} INFO - [2023-03-20 15:08:12,649] {dagbag.py:451} INFO - Filling up the DagBag from /home/airflow/.local/lib/python3.6/site-packages/airflow/example_dags/example_bash_operator.py
[2023-03-20 15:08:12,662] {scheduler_job.py:639} INFO - DAG(s) dict_keys(['example_bash_operator']) retrieved from /home/airflow/.local/lib/python3.6/site-packages/airflow/example_dags/example_bash_operator.py
[2023-03-20 15:08:12,681] {logging_mixin.py:104} INFO - [2023-03-20 15:08:12,681] {dag.py:1824} INFO - Sync 1 DAGs
[2023-03-20 15:08:12,697] {logging_mixin.py:104} INFO - [2023-03-20 15:08:12,697] {dag.py:2280} INFO - Setting next_dagrun for example_bash_operator to 2023-03-18 00:00:00+00:00
[2023-03-20 15:08:12,704] {scheduler_job.py:190} INFO - Processing /home/airflow/.local/lib/python3.6/site-packages/airflow/example_dags/example_bash_operator.py took 0.061 seconds
[2023-03-20 15:08:43,302] {scheduler_job.py:182} INFO - Started process (PID=716) to work on /home/airflow/.local/lib/python3.6/site-packages/airflow/example_dags/example_bash_operator.py
[2023-03-20 15:08:43,307] {scheduler_job.py:629} INFO - Processing file /home/airflow/.local/lib/python3.6/site-packages/airflow/example_dags/example_bash_operator.py for tasks to queue
[2023-03-20 15:08:43,310] {logging_mixin.py:104} INFO - [2023-03-20 15:08:43,310] {dagbag.py:451} INFO - Filling up the DagBag from /home/airflow/.local/lib/python3.6/site-packages/airflow/example_dags/example_bash_operator.py
[2023-03-20 15:08:43,340] {scheduler_job.py:639} INFO - DAG(s) dict_keys(['example_bash_operator']) retrieved from /home/airflow/.local/lib/python3.6/site-packages/airflow/example_dags/example_bash_operator.py
[2023-03-20 15:08:43,390] {logging_mixin.py:104} INFO - [2023-03-20 15:08:43,390] {dag.py:1824} INFO - Sync 1 DAGs
[2023-03-20 15:08:43,438] {logging_mixin.py:104} INFO - [2023-03-20 15:08:43,438] {dag.py:2280} INFO - Setting next_dagrun for example_bash_operator to 2023-03-18 00:00:00+00:00
[2023-03-20 15:08:43,449] {scheduler_job.py:190} INFO - Processing /home/airflow/.local/lib/python3.6/site-packages/airflow/example_dags/example_bash_operator.py took 0.152 seconds
[2023-03-20 15:09:14,062] {scheduler_job.py:182} INFO - Started process (PID=742) to work on /home/airflow/.local/lib/python3.6/site-packages/airflow/example_dags/example_bash_operator.py
[2023-03-20 15:09:14,064] {scheduler_job.py:629} INFO - Processing file /home/airflow/.local/lib/python3.6/site-packages/airflow/example_dags/example_bash_operator.py for tasks to queue
[2023-03-20 15:09:14,066] {logging_mixin.py:104} INFO - [2023-03-20 15:09:14,066] {dagbag.py:451} INFO - Filling up the DagBag from /home/airflow/.local/lib/python3.6/site-packages/airflow/example_dags/example_bash_operator.py
[2023-03-20 15:09:14,090] {scheduler_job.py:639} INFO - DAG(s) dict_keys(['example_bash_operator']) retrieved from /home/airflow/.local/lib/python3.6/site-packages/airflow/example_dags/example_bash_operator.py
[2023-03-20 15:09:14,153] {logging_mixin.py:104} INFO - [2023-03-20 15:09:14,153] {dag.py:1824} INFO - Sync 1 DAGs
[2023-03-20 15:09:14,179] {logging_mixin.py:104} INFO - [2023-03-20 15:09:14,179] {dag.py:2280} INFO - Setting next_dagrun for example_bash_operator to 2023-03-18 00:00:00+00:00
[2023-03-20 15:09:14,189] {scheduler_job.py:190} INFO - Processing /home/airflow/.local/lib/python3.6/site-packages/airflow/example_dags/example_bash_operator.py took 0.131 seconds
