[2023-03-20T11:13:31.496+0000] {processor.py:153} INFO - Started process (PID=52) to work on /home/airflow/.local/lib/python3.7/site-packages/airflow/example_dags/example_sla_dag.py
[2023-03-20T11:13:31.498+0000] {processor.py:743} INFO - Processing file /home/airflow/.local/lib/python3.7/site-packages/airflow/example_dags/example_sla_dag.py for tasks to queue
[2023-03-20T11:13:31.500+0000] {logging_mixin.py:137} INFO - [2023-03-20T11:13:31.499+0000] {dagbag.py:532} INFO - Filling up the DagBag from /home/airflow/.local/lib/python3.7/site-packages/airflow/example_dags/example_sla_dag.py
[2023-03-20T11:13:31.525+0000] {processor.py:753} INFO - DAG(s) dict_keys(['example_sla_dag']) retrieved from /home/airflow/.local/lib/python3.7/site-packages/airflow/example_dags/example_sla_dag.py
[2023-03-20T11:13:31.550+0000] {logging_mixin.py:137} INFO - [2023-03-20T11:13:31.550+0000] {dag.py:2693} INFO - Sync 1 DAGs
[2023-03-20T11:13:31.607+0000] {logging_mixin.py:137} INFO - [2023-03-20T11:13:31.606+0000] {dag.py:3444} INFO - Setting next_dagrun for example_sla_dag to 2023-03-20T11:10:00+00:00, run_after=2023-03-20T11:12:00+00:00
[2023-03-20T11:13:31.640+0000] {processor.py:175} INFO - Processing /home/airflow/.local/lib/python3.7/site-packages/airflow/example_dags/example_sla_dag.py took 0.146 seconds
[2023-03-20T11:14:02.498+0000] {processor.py:153} INFO - Started process (PID=101) to work on /home/airflow/.local/lib/python3.7/site-packages/airflow/example_dags/example_sla_dag.py
[2023-03-20T11:14:02.501+0000] {processor.py:743} INFO - Processing file /home/airflow/.local/lib/python3.7/site-packages/airflow/example_dags/example_sla_dag.py for tasks to queue
[2023-03-20T11:14:02.502+0000] {logging_mixin.py:137} INFO - [2023-03-20T11:14:02.502+0000] {dagbag.py:532} INFO - Filling up the DagBag from /home/airflow/.local/lib/python3.7/site-packages/airflow/example_dags/example_sla_dag.py
[2023-03-20T11:14:02.527+0000] {processor.py:753} INFO - DAG(s) dict_keys(['example_sla_dag']) retrieved from /home/airflow/.local/lib/python3.7/site-packages/airflow/example_dags/example_sla_dag.py
[2023-03-20T11:14:02.556+0000] {logging_mixin.py:137} INFO - [2023-03-20T11:14:02.556+0000] {dag.py:2693} INFO - Sync 1 DAGs
[2023-03-20T11:14:02.592+0000] {logging_mixin.py:137} INFO - [2023-03-20T11:14:02.591+0000] {dag.py:3444} INFO - Setting next_dagrun for example_sla_dag to 2023-03-20T11:12:00+00:00, run_after=2023-03-20T11:14:00+00:00
[2023-03-20T11:14:02.612+0000] {processor.py:175} INFO - Processing /home/airflow/.local/lib/python3.7/site-packages/airflow/example_dags/example_sla_dag.py took 0.120 seconds
[2023-03-20T11:14:32.905+0000] {processor.py:153} INFO - Started process (PID=151) to work on /home/airflow/.local/lib/python3.7/site-packages/airflow/example_dags/example_sla_dag.py
[2023-03-20T11:14:32.906+0000] {processor.py:743} INFO - Processing file /home/airflow/.local/lib/python3.7/site-packages/airflow/example_dags/example_sla_dag.py for tasks to queue
[2023-03-20T11:14:32.907+0000] {logging_mixin.py:137} INFO - [2023-03-20T11:14:32.907+0000] {dagbag.py:532} INFO - Filling up the DagBag from /home/airflow/.local/lib/python3.7/site-packages/airflow/example_dags/example_sla_dag.py
[2023-03-20T11:14:32.924+0000] {processor.py:753} INFO - DAG(s) dict_keys(['example_sla_dag']) retrieved from /home/airflow/.local/lib/python3.7/site-packages/airflow/example_dags/example_sla_dag.py
[2023-03-20T11:14:32.937+0000] {logging_mixin.py:137} INFO - [2023-03-20T11:14:32.936+0000] {dag.py:2693} INFO - Sync 1 DAGs
[2023-03-20T11:14:32.955+0000] {logging_mixin.py:137} INFO - [2023-03-20T11:14:32.955+0000] {dag.py:3444} INFO - Setting next_dagrun for example_sla_dag to 2023-03-20T11:12:00+00:00, run_after=2023-03-20T11:14:00+00:00
[2023-03-20T11:14:32.969+0000] {processor.py:175} INFO - Processing /home/airflow/.local/lib/python3.7/site-packages/airflow/example_dags/example_sla_dag.py took 0.067 seconds
[2023-03-20T11:15:03.678+0000] {processor.py:153} INFO - Started process (PID=200) to work on /home/airflow/.local/lib/python3.7/site-packages/airflow/example_dags/example_sla_dag.py
[2023-03-20T11:15:03.680+0000] {processor.py:743} INFO - Processing file /home/airflow/.local/lib/python3.7/site-packages/airflow/example_dags/example_sla_dag.py for tasks to queue
[2023-03-20T11:15:03.681+0000] {logging_mixin.py:137} INFO - [2023-03-20T11:15:03.681+0000] {dagbag.py:532} INFO - Filling up the DagBag from /home/airflow/.local/lib/python3.7/site-packages/airflow/example_dags/example_sla_dag.py
[2023-03-20T11:15:03.703+0000] {processor.py:753} INFO - DAG(s) dict_keys(['example_sla_dag']) retrieved from /home/airflow/.local/lib/python3.7/site-packages/airflow/example_dags/example_sla_dag.py
[2023-03-20T11:15:03.738+0000] {logging_mixin.py:137} INFO - [2023-03-20T11:15:03.738+0000] {dag.py:2693} INFO - Sync 1 DAGs
[2023-03-20T11:15:03.766+0000] {logging_mixin.py:137} INFO - [2023-03-20T11:15:03.766+0000] {dag.py:3444} INFO - Setting next_dagrun for example_sla_dag to 2023-03-20T11:12:00+00:00, run_after=2023-03-20T11:14:00+00:00
[2023-03-20T11:15:03.785+0000] {processor.py:175} INFO - Processing /home/airflow/.local/lib/python3.7/site-packages/airflow/example_dags/example_sla_dag.py took 0.110 seconds
[2023-03-20T11:15:34.523+0000] {processor.py:153} INFO - Started process (PID=249) to work on /home/airflow/.local/lib/python3.7/site-packages/airflow/example_dags/example_sla_dag.py
[2023-03-20T11:15:34.524+0000] {processor.py:743} INFO - Processing file /home/airflow/.local/lib/python3.7/site-packages/airflow/example_dags/example_sla_dag.py for tasks to queue
[2023-03-20T11:15:34.525+0000] {logging_mixin.py:137} INFO - [2023-03-20T11:15:34.525+0000] {dagbag.py:532} INFO - Filling up the DagBag from /home/airflow/.local/lib/python3.7/site-packages/airflow/example_dags/example_sla_dag.py
[2023-03-20T11:15:34.544+0000] {processor.py:753} INFO - DAG(s) dict_keys(['example_sla_dag']) retrieved from /home/airflow/.local/lib/python3.7/site-packages/airflow/example_dags/example_sla_dag.py
[2023-03-20T11:15:34.568+0000] {logging_mixin.py:137} INFO - [2023-03-20T11:15:34.568+0000] {dag.py:2693} INFO - Sync 1 DAGs
[2023-03-20T11:15:34.587+0000] {logging_mixin.py:137} INFO - [2023-03-20T11:15:34.587+0000] {dag.py:3444} INFO - Setting next_dagrun for example_sla_dag to 2023-03-20T11:12:00+00:00, run_after=2023-03-20T11:14:00+00:00
[2023-03-20T11:15:34.598+0000] {processor.py:175} INFO - Processing /home/airflow/.local/lib/python3.7/site-packages/airflow/example_dags/example_sla_dag.py took 0.078 seconds
[2023-03-20T11:16:04.987+0000] {processor.py:153} INFO - Started process (PID=298) to work on /home/airflow/.local/lib/python3.7/site-packages/airflow/example_dags/example_sla_dag.py
[2023-03-20T11:16:04.988+0000] {processor.py:743} INFO - Processing file /home/airflow/.local/lib/python3.7/site-packages/airflow/example_dags/example_sla_dag.py for tasks to queue
[2023-03-20T11:16:04.989+0000] {logging_mixin.py:137} INFO - [2023-03-20T11:16:04.989+0000] {dagbag.py:532} INFO - Filling up the DagBag from /home/airflow/.local/lib/python3.7/site-packages/airflow/example_dags/example_sla_dag.py
[2023-03-20T11:16:05.005+0000] {processor.py:753} INFO - DAG(s) dict_keys(['example_sla_dag']) retrieved from /home/airflow/.local/lib/python3.7/site-packages/airflow/example_dags/example_sla_dag.py
[2023-03-20T11:16:05.025+0000] {logging_mixin.py:137} INFO - [2023-03-20T11:16:05.024+0000] {dag.py:2693} INFO - Sync 1 DAGs
[2023-03-20T11:16:05.043+0000] {logging_mixin.py:137} INFO - [2023-03-20T11:16:05.043+0000] {dag.py:3444} INFO - Setting next_dagrun for example_sla_dag to 2023-03-20T11:14:00+00:00, run_after=2023-03-20T11:16:00+00:00
[2023-03-20T11:16:05.055+0000] {processor.py:175} INFO - Processing /home/airflow/.local/lib/python3.7/site-packages/airflow/example_dags/example_sla_dag.py took 0.071 seconds
[2023-03-20T11:16:35.450+0000] {processor.py:153} INFO - Started process (PID=347) to work on /home/airflow/.local/lib/python3.7/site-packages/airflow/example_dags/example_sla_dag.py
[2023-03-20T11:16:35.452+0000] {processor.py:743} INFO - Processing file /home/airflow/.local/lib/python3.7/site-packages/airflow/example_dags/example_sla_dag.py for tasks to queue
[2023-03-20T11:16:35.453+0000] {logging_mixin.py:137} INFO - [2023-03-20T11:16:35.453+0000] {dagbag.py:532} INFO - Filling up the DagBag from /home/airflow/.local/lib/python3.7/site-packages/airflow/example_dags/example_sla_dag.py
[2023-03-20T11:16:35.470+0000] {processor.py:753} INFO - DAG(s) dict_keys(['example_sla_dag']) retrieved from /home/airflow/.local/lib/python3.7/site-packages/airflow/example_dags/example_sla_dag.py
[2023-03-20T11:16:35.491+0000] {logging_mixin.py:137} INFO - [2023-03-20T11:16:35.491+0000] {dag.py:2693} INFO - Sync 1 DAGs
[2023-03-20T11:16:35.510+0000] {logging_mixin.py:137} INFO - [2023-03-20T11:16:35.510+0000] {dag.py:3444} INFO - Setting next_dagrun for example_sla_dag to 2023-03-20T11:14:00+00:00, run_after=2023-03-20T11:16:00+00:00
[2023-03-20T11:16:35.523+0000] {processor.py:175} INFO - Processing /home/airflow/.local/lib/python3.7/site-packages/airflow/example_dags/example_sla_dag.py took 0.076 seconds
[2023-03-20T11:17:05.889+0000] {processor.py:153} INFO - Started process (PID=396) to work on /home/airflow/.local/lib/python3.7/site-packages/airflow/example_dags/example_sla_dag.py
[2023-03-20T11:17:05.890+0000] {processor.py:743} INFO - Processing file /home/airflow/.local/lib/python3.7/site-packages/airflow/example_dags/example_sla_dag.py for tasks to queue
[2023-03-20T11:17:05.891+0000] {logging_mixin.py:137} INFO - [2023-03-20T11:17:05.891+0000] {dagbag.py:532} INFO - Filling up the DagBag from /home/airflow/.local/lib/python3.7/site-packages/airflow/example_dags/example_sla_dag.py
[2023-03-20T11:17:05.909+0000] {processor.py:753} INFO - DAG(s) dict_keys(['example_sla_dag']) retrieved from /home/airflow/.local/lib/python3.7/site-packages/airflow/example_dags/example_sla_dag.py
[2023-03-20T11:17:05.940+0000] {logging_mixin.py:137} INFO - [2023-03-20T11:17:05.939+0000] {dag.py:2693} INFO - Sync 1 DAGs
[2023-03-20T11:17:05.965+0000] {logging_mixin.py:137} INFO - [2023-03-20T11:17:05.965+0000] {dag.py:3444} INFO - Setting next_dagrun for example_sla_dag to 2023-03-20T11:14:00+00:00, run_after=2023-03-20T11:16:00+00:00
[2023-03-20T11:17:05.978+0000] {processor.py:175} INFO - Processing /home/airflow/.local/lib/python3.7/site-packages/airflow/example_dags/example_sla_dag.py took 0.093 seconds
[2023-03-20T11:17:36.816+0000] {processor.py:153} INFO - Started process (PID=445) to work on /home/airflow/.local/lib/python3.7/site-packages/airflow/example_dags/example_sla_dag.py
[2023-03-20T11:17:36.822+0000] {processor.py:743} INFO - Processing file /home/airflow/.local/lib/python3.7/site-packages/airflow/example_dags/example_sla_dag.py for tasks to queue
[2023-03-20T11:17:36.823+0000] {logging_mixin.py:137} INFO - [2023-03-20T11:17:36.823+0000] {dagbag.py:532} INFO - Filling up the DagBag from /home/airflow/.local/lib/python3.7/site-packages/airflow/example_dags/example_sla_dag.py
[2023-03-20T11:17:36.843+0000] {processor.py:753} INFO - DAG(s) dict_keys(['example_sla_dag']) retrieved from /home/airflow/.local/lib/python3.7/site-packages/airflow/example_dags/example_sla_dag.py
[2023-03-20T11:17:36.865+0000] {logging_mixin.py:137} INFO - [2023-03-20T11:17:36.865+0000] {dag.py:2693} INFO - Sync 1 DAGs
[2023-03-20T11:17:36.887+0000] {logging_mixin.py:137} INFO - [2023-03-20T11:17:36.887+0000] {dag.py:3444} INFO - Setting next_dagrun for example_sla_dag to 2023-03-20T11:14:00+00:00, run_after=2023-03-20T11:16:00+00:00
[2023-03-20T11:17:36.901+0000] {processor.py:175} INFO - Processing /home/airflow/.local/lib/python3.7/site-packages/airflow/example_dags/example_sla_dag.py took 0.088 seconds
[2023-03-20T11:18:07.305+0000] {processor.py:153} INFO - Started process (PID=494) to work on /home/airflow/.local/lib/python3.7/site-packages/airflow/example_dags/example_sla_dag.py
[2023-03-20T11:18:07.306+0000] {processor.py:743} INFO - Processing file /home/airflow/.local/lib/python3.7/site-packages/airflow/example_dags/example_sla_dag.py for tasks to queue
[2023-03-20T11:18:07.307+0000] {logging_mixin.py:137} INFO - [2023-03-20T11:18:07.306+0000] {dagbag.py:532} INFO - Filling up the DagBag from /home/airflow/.local/lib/python3.7/site-packages/airflow/example_dags/example_sla_dag.py
[2023-03-20T11:18:07.325+0000] {processor.py:753} INFO - DAG(s) dict_keys(['example_sla_dag']) retrieved from /home/airflow/.local/lib/python3.7/site-packages/airflow/example_dags/example_sla_dag.py
[2023-03-20T11:18:07.346+0000] {logging_mixin.py:137} INFO - [2023-03-20T11:18:07.346+0000] {dag.py:2693} INFO - Sync 1 DAGs
[2023-03-20T11:18:07.363+0000] {logging_mixin.py:137} INFO - [2023-03-20T11:18:07.363+0000] {dag.py:3444} INFO - Setting next_dagrun for example_sla_dag to 2023-03-20T11:16:00+00:00, run_after=2023-03-20T11:18:00+00:00
[2023-03-20T11:18:07.375+0000] {processor.py:175} INFO - Processing /home/airflow/.local/lib/python3.7/site-packages/airflow/example_dags/example_sla_dag.py took 0.073 seconds
[2023-03-20T11:18:38.131+0000] {processor.py:153} INFO - Started process (PID=543) to work on /home/airflow/.local/lib/python3.7/site-packages/airflow/example_dags/example_sla_dag.py
[2023-03-20T11:18:38.132+0000] {processor.py:743} INFO - Processing file /home/airflow/.local/lib/python3.7/site-packages/airflow/example_dags/example_sla_dag.py for tasks to queue
[2023-03-20T11:18:38.133+0000] {logging_mixin.py:137} INFO - [2023-03-20T11:18:38.133+0000] {dagbag.py:532} INFO - Filling up the DagBag from /home/airflow/.local/lib/python3.7/site-packages/airflow/example_dags/example_sla_dag.py
[2023-03-20T11:18:38.148+0000] {processor.py:753} INFO - DAG(s) dict_keys(['example_sla_dag']) retrieved from /home/airflow/.local/lib/python3.7/site-packages/airflow/example_dags/example_sla_dag.py
[2023-03-20T11:18:38.167+0000] {logging_mixin.py:137} INFO - [2023-03-20T11:18:38.167+0000] {dag.py:2693} INFO - Sync 1 DAGs
[2023-03-20T11:18:38.186+0000] {logging_mixin.py:137} INFO - [2023-03-20T11:18:38.185+0000] {dag.py:3444} INFO - Setting next_dagrun for example_sla_dag to 2023-03-20T11:16:00+00:00, run_after=2023-03-20T11:18:00+00:00
[2023-03-20T11:18:38.196+0000] {processor.py:175} INFO - Processing /home/airflow/.local/lib/python3.7/site-packages/airflow/example_dags/example_sla_dag.py took 0.068 seconds
[2023-03-20T11:19:08.523+0000] {processor.py:153} INFO - Started process (PID=592) to work on /home/airflow/.local/lib/python3.7/site-packages/airflow/example_dags/example_sla_dag.py
[2023-03-20T11:19:08.524+0000] {processor.py:743} INFO - Processing file /home/airflow/.local/lib/python3.7/site-packages/airflow/example_dags/example_sla_dag.py for tasks to queue
[2023-03-20T11:19:08.525+0000] {logging_mixin.py:137} INFO - [2023-03-20T11:19:08.525+0000] {dagbag.py:532} INFO - Filling up the DagBag from /home/airflow/.local/lib/python3.7/site-packages/airflow/example_dags/example_sla_dag.py
[2023-03-20T11:19:08.541+0000] {processor.py:753} INFO - DAG(s) dict_keys(['example_sla_dag']) retrieved from /home/airflow/.local/lib/python3.7/site-packages/airflow/example_dags/example_sla_dag.py
[2023-03-20T11:19:08.561+0000] {logging_mixin.py:137} INFO - [2023-03-20T11:19:08.561+0000] {dag.py:2693} INFO - Sync 1 DAGs
[2023-03-20T11:19:08.580+0000] {logging_mixin.py:137} INFO - [2023-03-20T11:19:08.580+0000] {dag.py:3444} INFO - Setting next_dagrun for example_sla_dag to 2023-03-20T11:16:00+00:00, run_after=2023-03-20T11:18:00+00:00
[2023-03-20T11:19:08.591+0000] {processor.py:175} INFO - Processing /home/airflow/.local/lib/python3.7/site-packages/airflow/example_dags/example_sla_dag.py took 0.071 seconds
[2023-03-20T11:19:38.879+0000] {processor.py:153} INFO - Started process (PID=641) to work on /home/airflow/.local/lib/python3.7/site-packages/airflow/example_dags/example_sla_dag.py
[2023-03-20T11:19:38.880+0000] {processor.py:743} INFO - Processing file /home/airflow/.local/lib/python3.7/site-packages/airflow/example_dags/example_sla_dag.py for tasks to queue
[2023-03-20T11:19:38.881+0000] {logging_mixin.py:137} INFO - [2023-03-20T11:19:38.881+0000] {dagbag.py:532} INFO - Filling up the DagBag from /home/airflow/.local/lib/python3.7/site-packages/airflow/example_dags/example_sla_dag.py
[2023-03-20T11:19:38.897+0000] {processor.py:753} INFO - DAG(s) dict_keys(['example_sla_dag']) retrieved from /home/airflow/.local/lib/python3.7/site-packages/airflow/example_dags/example_sla_dag.py
[2023-03-20T11:19:38.917+0000] {logging_mixin.py:137} INFO - [2023-03-20T11:19:38.917+0000] {dag.py:2693} INFO - Sync 1 DAGs
[2023-03-20T11:19:38.936+0000] {logging_mixin.py:137} INFO - [2023-03-20T11:19:38.936+0000] {dag.py:3444} INFO - Setting next_dagrun for example_sla_dag to 2023-03-20T11:16:00+00:00, run_after=2023-03-20T11:18:00+00:00
[2023-03-20T11:19:38.947+0000] {processor.py:175} INFO - Processing /home/airflow/.local/lib/python3.7/site-packages/airflow/example_dags/example_sla_dag.py took 0.072 seconds
[2023-03-20T11:20:09.243+0000] {processor.py:153} INFO - Started process (PID=690) to work on /home/airflow/.local/lib/python3.7/site-packages/airflow/example_dags/example_sla_dag.py
[2023-03-20T11:20:09.244+0000] {processor.py:743} INFO - Processing file /home/airflow/.local/lib/python3.7/site-packages/airflow/example_dags/example_sla_dag.py for tasks to queue
[2023-03-20T11:20:09.245+0000] {logging_mixin.py:137} INFO - [2023-03-20T11:20:09.245+0000] {dagbag.py:532} INFO - Filling up the DagBag from /home/airflow/.local/lib/python3.7/site-packages/airflow/example_dags/example_sla_dag.py
[2023-03-20T11:20:09.261+0000] {processor.py:753} INFO - DAG(s) dict_keys(['example_sla_dag']) retrieved from /home/airflow/.local/lib/python3.7/site-packages/airflow/example_dags/example_sla_dag.py
[2023-03-20T11:20:09.281+0000] {logging_mixin.py:137} INFO - [2023-03-20T11:20:09.281+0000] {dag.py:2693} INFO - Sync 1 DAGs
[2023-03-20T11:20:09.298+0000] {logging_mixin.py:137} INFO - [2023-03-20T11:20:09.298+0000] {dag.py:3444} INFO - Setting next_dagrun for example_sla_dag to 2023-03-20T11:18:00+00:00, run_after=2023-03-20T11:20:00+00:00
[2023-03-20T11:20:09.310+0000] {processor.py:175} INFO - Processing /home/airflow/.local/lib/python3.7/site-packages/airflow/example_dags/example_sla_dag.py took 0.070 seconds
[2023-03-20T11:20:39.715+0000] {processor.py:153} INFO - Started process (PID=739) to work on /home/airflow/.local/lib/python3.7/site-packages/airflow/example_dags/example_sla_dag.py
[2023-03-20T11:20:39.716+0000] {processor.py:743} INFO - Processing file /home/airflow/.local/lib/python3.7/site-packages/airflow/example_dags/example_sla_dag.py for tasks to queue
[2023-03-20T11:20:39.717+0000] {logging_mixin.py:137} INFO - [2023-03-20T11:20:39.717+0000] {dagbag.py:532} INFO - Filling up the DagBag from /home/airflow/.local/lib/python3.7/site-packages/airflow/example_dags/example_sla_dag.py
[2023-03-20T11:20:39.733+0000] {processor.py:753} INFO - DAG(s) dict_keys(['example_sla_dag']) retrieved from /home/airflow/.local/lib/python3.7/site-packages/airflow/example_dags/example_sla_dag.py
[2023-03-20T11:20:39.753+0000] {logging_mixin.py:137} INFO - [2023-03-20T11:20:39.753+0000] {dag.py:2693} INFO - Sync 1 DAGs
[2023-03-20T11:20:39.771+0000] {logging_mixin.py:137} INFO - [2023-03-20T11:20:39.771+0000] {dag.py:3444} INFO - Setting next_dagrun for example_sla_dag to 2023-03-20T11:18:00+00:00, run_after=2023-03-20T11:20:00+00:00
[2023-03-20T11:20:39.783+0000] {processor.py:175} INFO - Processing /home/airflow/.local/lib/python3.7/site-packages/airflow/example_dags/example_sla_dag.py took 0.070 seconds
[2023-03-20T11:21:10.065+0000] {processor.py:153} INFO - Started process (PID=788) to work on /home/airflow/.local/lib/python3.7/site-packages/airflow/example_dags/example_sla_dag.py
[2023-03-20T11:21:10.066+0000] {processor.py:743} INFO - Processing file /home/airflow/.local/lib/python3.7/site-packages/airflow/example_dags/example_sla_dag.py for tasks to queue
[2023-03-20T11:21:10.067+0000] {logging_mixin.py:137} INFO - [2023-03-20T11:21:10.067+0000] {dagbag.py:532} INFO - Filling up the DagBag from /home/airflow/.local/lib/python3.7/site-packages/airflow/example_dags/example_sla_dag.py
[2023-03-20T11:21:10.082+0000] {processor.py:753} INFO - DAG(s) dict_keys(['example_sla_dag']) retrieved from /home/airflow/.local/lib/python3.7/site-packages/airflow/example_dags/example_sla_dag.py
[2023-03-20T11:21:10.101+0000] {logging_mixin.py:137} INFO - [2023-03-20T11:21:10.101+0000] {dag.py:2693} INFO - Sync 1 DAGs
[2023-03-20T11:21:10.117+0000] {logging_mixin.py:137} INFO - [2023-03-20T11:21:10.117+0000] {dag.py:3444} INFO - Setting next_dagrun for example_sla_dag to 2023-03-20T11:18:00+00:00, run_after=2023-03-20T11:20:00+00:00
[2023-03-20T11:21:10.129+0000] {processor.py:175} INFO - Processing /home/airflow/.local/lib/python3.7/site-packages/airflow/example_dags/example_sla_dag.py took 0.067 seconds
[2023-03-20T11:21:40.428+0000] {processor.py:153} INFO - Started process (PID=837) to work on /home/airflow/.local/lib/python3.7/site-packages/airflow/example_dags/example_sla_dag.py
[2023-03-20T11:21:40.429+0000] {processor.py:743} INFO - Processing file /home/airflow/.local/lib/python3.7/site-packages/airflow/example_dags/example_sla_dag.py for tasks to queue
[2023-03-20T11:21:40.430+0000] {logging_mixin.py:137} INFO - [2023-03-20T11:21:40.430+0000] {dagbag.py:532} INFO - Filling up the DagBag from /home/airflow/.local/lib/python3.7/site-packages/airflow/example_dags/example_sla_dag.py
[2023-03-20T11:21:40.446+0000] {processor.py:753} INFO - DAG(s) dict_keys(['example_sla_dag']) retrieved from /home/airflow/.local/lib/python3.7/site-packages/airflow/example_dags/example_sla_dag.py
[2023-03-20T11:21:40.466+0000] {logging_mixin.py:137} INFO - [2023-03-20T11:21:40.466+0000] {dag.py:2693} INFO - Sync 1 DAGs
[2023-03-20T11:21:40.485+0000] {logging_mixin.py:137} INFO - [2023-03-20T11:21:40.485+0000] {dag.py:3444} INFO - Setting next_dagrun for example_sla_dag to 2023-03-20T11:18:00+00:00, run_after=2023-03-20T11:20:00+00:00
[2023-03-20T11:21:40.496+0000] {processor.py:175} INFO - Processing /home/airflow/.local/lib/python3.7/site-packages/airflow/example_dags/example_sla_dag.py took 0.072 seconds
[2023-03-20T11:22:10.803+0000] {processor.py:153} INFO - Started process (PID=886) to work on /home/airflow/.local/lib/python3.7/site-packages/airflow/example_dags/example_sla_dag.py
[2023-03-20T11:22:10.804+0000] {processor.py:743} INFO - Processing file /home/airflow/.local/lib/python3.7/site-packages/airflow/example_dags/example_sla_dag.py for tasks to queue
[2023-03-20T11:22:10.805+0000] {logging_mixin.py:137} INFO - [2023-03-20T11:22:10.805+0000] {dagbag.py:532} INFO - Filling up the DagBag from /home/airflow/.local/lib/python3.7/site-packages/airflow/example_dags/example_sla_dag.py
[2023-03-20T11:22:10.821+0000] {processor.py:753} INFO - DAG(s) dict_keys(['example_sla_dag']) retrieved from /home/airflow/.local/lib/python3.7/site-packages/airflow/example_dags/example_sla_dag.py
[2023-03-20T11:22:10.842+0000] {logging_mixin.py:137} INFO - [2023-03-20T11:22:10.842+0000] {dag.py:2693} INFO - Sync 1 DAGs
[2023-03-20T11:22:10.861+0000] {logging_mixin.py:137} INFO - [2023-03-20T11:22:10.861+0000] {dag.py:3444} INFO - Setting next_dagrun for example_sla_dag to 2023-03-20T11:20:00+00:00, run_after=2023-03-20T11:22:00+00:00
[2023-03-20T11:22:10.872+0000] {processor.py:175} INFO - Processing /home/airflow/.local/lib/python3.7/site-packages/airflow/example_dags/example_sla_dag.py took 0.072 seconds
[2023-03-20T11:22:41.529+0000] {processor.py:153} INFO - Started process (PID=935) to work on /home/airflow/.local/lib/python3.7/site-packages/airflow/example_dags/example_sla_dag.py
[2023-03-20T11:22:41.531+0000] {processor.py:743} INFO - Processing file /home/airflow/.local/lib/python3.7/site-packages/airflow/example_dags/example_sla_dag.py for tasks to queue
[2023-03-20T11:22:41.531+0000] {logging_mixin.py:137} INFO - [2023-03-20T11:22:41.531+0000] {dagbag.py:532} INFO - Filling up the DagBag from /home/airflow/.local/lib/python3.7/site-packages/airflow/example_dags/example_sla_dag.py
[2023-03-20T11:22:41.551+0000] {processor.py:753} INFO - DAG(s) dict_keys(['example_sla_dag']) retrieved from /home/airflow/.local/lib/python3.7/site-packages/airflow/example_dags/example_sla_dag.py
[2023-03-20T11:22:41.572+0000] {logging_mixin.py:137} INFO - [2023-03-20T11:22:41.572+0000] {dag.py:2693} INFO - Sync 1 DAGs
[2023-03-20T11:22:41.590+0000] {logging_mixin.py:137} INFO - [2023-03-20T11:22:41.590+0000] {dag.py:3444} INFO - Setting next_dagrun for example_sla_dag to 2023-03-20T11:20:00+00:00, run_after=2023-03-20T11:22:00+00:00
[2023-03-20T11:22:41.602+0000] {processor.py:175} INFO - Processing /home/airflow/.local/lib/python3.7/site-packages/airflow/example_dags/example_sla_dag.py took 0.076 seconds
[2023-03-20T11:23:12.099+0000] {processor.py:153} INFO - Started process (PID=984) to work on /home/airflow/.local/lib/python3.7/site-packages/airflow/example_dags/example_sla_dag.py
[2023-03-20T11:23:12.100+0000] {processor.py:743} INFO - Processing file /home/airflow/.local/lib/python3.7/site-packages/airflow/example_dags/example_sla_dag.py for tasks to queue
[2023-03-20T11:23:12.101+0000] {logging_mixin.py:137} INFO - [2023-03-20T11:23:12.101+0000] {dagbag.py:532} INFO - Filling up the DagBag from /home/airflow/.local/lib/python3.7/site-packages/airflow/example_dags/example_sla_dag.py
[2023-03-20T11:23:12.118+0000] {processor.py:753} INFO - DAG(s) dict_keys(['example_sla_dag']) retrieved from /home/airflow/.local/lib/python3.7/site-packages/airflow/example_dags/example_sla_dag.py
[2023-03-20T11:23:12.138+0000] {logging_mixin.py:137} INFO - [2023-03-20T11:23:12.138+0000] {dag.py:2693} INFO - Sync 1 DAGs
[2023-03-20T11:23:12.155+0000] {logging_mixin.py:137} INFO - [2023-03-20T11:23:12.155+0000] {dag.py:3444} INFO - Setting next_dagrun for example_sla_dag to 2023-03-20T11:20:00+00:00, run_after=2023-03-20T11:22:00+00:00
[2023-03-20T11:23:12.166+0000] {processor.py:175} INFO - Processing /home/airflow/.local/lib/python3.7/site-packages/airflow/example_dags/example_sla_dag.py took 0.070 seconds
[2023-03-20T11:23:42.598+0000] {processor.py:153} INFO - Started process (PID=1033) to work on /home/airflow/.local/lib/python3.7/site-packages/airflow/example_dags/example_sla_dag.py
[2023-03-20T11:23:42.601+0000] {processor.py:743} INFO - Processing file /home/airflow/.local/lib/python3.7/site-packages/airflow/example_dags/example_sla_dag.py for tasks to queue
[2023-03-20T11:23:42.603+0000] {logging_mixin.py:137} INFO - [2023-03-20T11:23:42.602+0000] {dagbag.py:532} INFO - Filling up the DagBag from /home/airflow/.local/lib/python3.7/site-packages/airflow/example_dags/example_sla_dag.py
[2023-03-20T11:23:42.621+0000] {processor.py:753} INFO - DAG(s) dict_keys(['example_sla_dag']) retrieved from /home/airflow/.local/lib/python3.7/site-packages/airflow/example_dags/example_sla_dag.py
[2023-03-20T11:23:42.648+0000] {logging_mixin.py:137} INFO - [2023-03-20T11:23:42.647+0000] {dag.py:2693} INFO - Sync 1 DAGs
[2023-03-20T11:23:42.668+0000] {logging_mixin.py:137} INFO - [2023-03-20T11:23:42.668+0000] {dag.py:3444} INFO - Setting next_dagrun for example_sla_dag to 2023-03-20T11:20:00+00:00, run_after=2023-03-20T11:22:00+00:00
[2023-03-20T11:23:42.680+0000] {processor.py:175} INFO - Processing /home/airflow/.local/lib/python3.7/site-packages/airflow/example_dags/example_sla_dag.py took 0.086 seconds
