[2023-03-20T11:13:31.331+0000] {processor.py:153} INFO - Started process (PID=51) to work on /home/airflow/.local/lib/python3.7/site-packages/airflow/example_dags/example_branch_operator.py
[2023-03-20T11:13:31.333+0000] {processor.py:743} INFO - Processing file /home/airflow/.local/lib/python3.7/site-packages/airflow/example_dags/example_branch_operator.py for tasks to queue
[2023-03-20T11:13:31.335+0000] {logging_mixin.py:137} INFO - [2023-03-20T11:13:31.335+0000] {dagbag.py:532} INFO - Filling up the DagBag from /home/airflow/.local/lib/python3.7/site-packages/airflow/example_dags/example_branch_operator.py
[2023-03-20T11:13:31.364+0000] {processor.py:753} INFO - DAG(s) dict_keys(['example_branch_operator']) retrieved from /home/airflow/.local/lib/python3.7/site-packages/airflow/example_dags/example_branch_operator.py
[2023-03-20T11:13:31.409+0000] {logging_mixin.py:137} INFO - [2023-03-20T11:13:31.409+0000] {dag.py:2693} INFO - Sync 1 DAGs
[2023-03-20T11:13:31.453+0000] {logging_mixin.py:137} INFO - [2023-03-20T11:13:31.453+0000] {dag.py:3444} INFO - Setting next_dagrun for example_branch_operator to 2023-03-19T00:00:00+00:00, run_after=2023-03-20T00:00:00+00:00
[2023-03-20T11:13:31.479+0000] {processor.py:175} INFO - Processing /home/airflow/.local/lib/python3.7/site-packages/airflow/example_dags/example_branch_operator.py took 0.155 seconds
[2023-03-20T11:14:02.396+0000] {processor.py:153} INFO - Started process (PID=100) to work on /home/airflow/.local/lib/python3.7/site-packages/airflow/example_dags/example_branch_operator.py
[2023-03-20T11:14:02.398+0000] {processor.py:743} INFO - Processing file /home/airflow/.local/lib/python3.7/site-packages/airflow/example_dags/example_branch_operator.py for tasks to queue
[2023-03-20T11:14:02.400+0000] {logging_mixin.py:137} INFO - [2023-03-20T11:14:02.400+0000] {dagbag.py:532} INFO - Filling up the DagBag from /home/airflow/.local/lib/python3.7/site-packages/airflow/example_dags/example_branch_operator.py
[2023-03-20T11:14:02.437+0000] {processor.py:753} INFO - DAG(s) dict_keys(['example_branch_operator']) retrieved from /home/airflow/.local/lib/python3.7/site-packages/airflow/example_dags/example_branch_operator.py
[2023-03-20T11:14:02.491+0000] {logging_mixin.py:137} INFO - [2023-03-20T11:14:02.491+0000] {dag.py:2693} INFO - Sync 1 DAGs
[2023-03-20T11:14:02.518+0000] {logging_mixin.py:137} INFO - [2023-03-20T11:14:02.517+0000] {dag.py:3444} INFO - Setting next_dagrun for example_branch_operator to 2023-03-19T00:00:00+00:00, run_after=2023-03-20T00:00:00+00:00
[2023-03-20T11:14:02.534+0000] {processor.py:175} INFO - Processing /home/airflow/.local/lib/python3.7/site-packages/airflow/example_dags/example_branch_operator.py took 0.144 seconds
[2023-03-20T11:14:32.897+0000] {processor.py:153} INFO - Started process (PID=150) to work on /home/airflow/.local/lib/python3.7/site-packages/airflow/example_dags/example_branch_operator.py
[2023-03-20T11:14:32.898+0000] {processor.py:743} INFO - Processing file /home/airflow/.local/lib/python3.7/site-packages/airflow/example_dags/example_branch_operator.py for tasks to queue
[2023-03-20T11:14:32.899+0000] {logging_mixin.py:137} INFO - [2023-03-20T11:14:32.899+0000] {dagbag.py:532} INFO - Filling up the DagBag from /home/airflow/.local/lib/python3.7/site-packages/airflow/example_dags/example_branch_operator.py
[2023-03-20T11:14:32.911+0000] {processor.py:753} INFO - DAG(s) dict_keys(['example_branch_operator']) retrieved from /home/airflow/.local/lib/python3.7/site-packages/airflow/example_dags/example_branch_operator.py
[2023-03-20T11:14:32.924+0000] {logging_mixin.py:137} INFO - [2023-03-20T11:14:32.924+0000] {dag.py:2693} INFO - Sync 1 DAGs
[2023-03-20T11:14:32.942+0000] {logging_mixin.py:137} INFO - [2023-03-20T11:14:32.942+0000] {dag.py:3444} INFO - Setting next_dagrun for example_branch_operator to 2023-03-19T00:00:00+00:00, run_after=2023-03-20T00:00:00+00:00
[2023-03-20T11:14:32.954+0000] {processor.py:175} INFO - Processing /home/airflow/.local/lib/python3.7/site-packages/airflow/example_dags/example_branch_operator.py took 0.060 seconds
[2023-03-20T11:15:03.668+0000] {processor.py:153} INFO - Started process (PID=199) to work on /home/airflow/.local/lib/python3.7/site-packages/airflow/example_dags/example_branch_operator.py
[2023-03-20T11:15:03.671+0000] {processor.py:743} INFO - Processing file /home/airflow/.local/lib/python3.7/site-packages/airflow/example_dags/example_branch_operator.py for tasks to queue
[2023-03-20T11:15:03.672+0000] {logging_mixin.py:137} INFO - [2023-03-20T11:15:03.672+0000] {dagbag.py:532} INFO - Filling up the DagBag from /home/airflow/.local/lib/python3.7/site-packages/airflow/example_dags/example_branch_operator.py
[2023-03-20T11:15:03.687+0000] {processor.py:753} INFO - DAG(s) dict_keys(['example_branch_operator']) retrieved from /home/airflow/.local/lib/python3.7/site-packages/airflow/example_dags/example_branch_operator.py
[2023-03-20T11:15:03.714+0000] {logging_mixin.py:137} INFO - [2023-03-20T11:15:03.714+0000] {dag.py:2693} INFO - Sync 1 DAGs
[2023-03-20T11:15:03.747+0000] {logging_mixin.py:137} INFO - [2023-03-20T11:15:03.747+0000] {dag.py:3444} INFO - Setting next_dagrun for example_branch_operator to 2023-03-19T00:00:00+00:00, run_after=2023-03-20T00:00:00+00:00
[2023-03-20T11:15:03.768+0000] {processor.py:175} INFO - Processing /home/airflow/.local/lib/python3.7/site-packages/airflow/example_dags/example_branch_operator.py took 0.108 seconds
[2023-03-20T11:15:34.462+0000] {processor.py:153} INFO - Started process (PID=248) to work on /home/airflow/.local/lib/python3.7/site-packages/airflow/example_dags/example_branch_operator.py
[2023-03-20T11:15:34.463+0000] {processor.py:743} INFO - Processing file /home/airflow/.local/lib/python3.7/site-packages/airflow/example_dags/example_branch_operator.py for tasks to queue
[2023-03-20T11:15:34.464+0000] {logging_mixin.py:137} INFO - [2023-03-20T11:15:34.464+0000] {dagbag.py:532} INFO - Filling up the DagBag from /home/airflow/.local/lib/python3.7/site-packages/airflow/example_dags/example_branch_operator.py
[2023-03-20T11:15:34.477+0000] {processor.py:753} INFO - DAG(s) dict_keys(['example_branch_operator']) retrieved from /home/airflow/.local/lib/python3.7/site-packages/airflow/example_dags/example_branch_operator.py
[2023-03-20T11:15:34.502+0000] {logging_mixin.py:137} INFO - [2023-03-20T11:15:34.502+0000] {dag.py:2693} INFO - Sync 1 DAGs
[2023-03-20T11:15:34.522+0000] {logging_mixin.py:137} INFO - [2023-03-20T11:15:34.522+0000] {dag.py:3444} INFO - Setting next_dagrun for example_branch_operator to 2023-03-19T00:00:00+00:00, run_after=2023-03-20T00:00:00+00:00
[2023-03-20T11:15:34.536+0000] {processor.py:175} INFO - Processing /home/airflow/.local/lib/python3.7/site-packages/airflow/example_dags/example_branch_operator.py took 0.077 seconds
[2023-03-20T11:16:04.907+0000] {processor.py:153} INFO - Started process (PID=297) to work on /home/airflow/.local/lib/python3.7/site-packages/airflow/example_dags/example_branch_operator.py
[2023-03-20T11:16:04.909+0000] {processor.py:743} INFO - Processing file /home/airflow/.local/lib/python3.7/site-packages/airflow/example_dags/example_branch_operator.py for tasks to queue
[2023-03-20T11:16:04.909+0000] {logging_mixin.py:137} INFO - [2023-03-20T11:16:04.909+0000] {dagbag.py:532} INFO - Filling up the DagBag from /home/airflow/.local/lib/python3.7/site-packages/airflow/example_dags/example_branch_operator.py
[2023-03-20T11:16:04.922+0000] {processor.py:753} INFO - DAG(s) dict_keys(['example_branch_operator']) retrieved from /home/airflow/.local/lib/python3.7/site-packages/airflow/example_dags/example_branch_operator.py
[2023-03-20T11:16:04.944+0000] {logging_mixin.py:137} INFO - [2023-03-20T11:16:04.944+0000] {dag.py:2693} INFO - Sync 1 DAGs
[2023-03-20T11:16:04.962+0000] {logging_mixin.py:137} INFO - [2023-03-20T11:16:04.962+0000] {dag.py:3444} INFO - Setting next_dagrun for example_branch_operator to 2023-03-19T00:00:00+00:00, run_after=2023-03-20T00:00:00+00:00
[2023-03-20T11:16:04.975+0000] {processor.py:175} INFO - Processing /home/airflow/.local/lib/python3.7/site-packages/airflow/example_dags/example_branch_operator.py took 0.072 seconds
[2023-03-20T11:16:35.423+0000] {processor.py:153} INFO - Started process (PID=346) to work on /home/airflow/.local/lib/python3.7/site-packages/airflow/example_dags/example_branch_operator.py
[2023-03-20T11:16:35.425+0000] {processor.py:743} INFO - Processing file /home/airflow/.local/lib/python3.7/site-packages/airflow/example_dags/example_branch_operator.py for tasks to queue
[2023-03-20T11:16:35.425+0000] {logging_mixin.py:137} INFO - [2023-03-20T11:16:35.425+0000] {dagbag.py:532} INFO - Filling up the DagBag from /home/airflow/.local/lib/python3.7/site-packages/airflow/example_dags/example_branch_operator.py
[2023-03-20T11:16:35.439+0000] {processor.py:753} INFO - DAG(s) dict_keys(['example_branch_operator']) retrieved from /home/airflow/.local/lib/python3.7/site-packages/airflow/example_dags/example_branch_operator.py
[2023-03-20T11:16:35.463+0000] {logging_mixin.py:137} INFO - [2023-03-20T11:16:35.463+0000] {dag.py:2693} INFO - Sync 1 DAGs
[2023-03-20T11:16:35.480+0000] {logging_mixin.py:137} INFO - [2023-03-20T11:16:35.480+0000] {dag.py:3444} INFO - Setting next_dagrun for example_branch_operator to 2023-03-19T00:00:00+00:00, run_after=2023-03-20T00:00:00+00:00
[2023-03-20T11:16:35.492+0000] {processor.py:175} INFO - Processing /home/airflow/.local/lib/python3.7/site-packages/airflow/example_dags/example_branch_operator.py took 0.072 seconds
[2023-03-20T11:17:05.858+0000] {processor.py:153} INFO - Started process (PID=395) to work on /home/airflow/.local/lib/python3.7/site-packages/airflow/example_dags/example_branch_operator.py
[2023-03-20T11:17:05.860+0000] {processor.py:743} INFO - Processing file /home/airflow/.local/lib/python3.7/site-packages/airflow/example_dags/example_branch_operator.py for tasks to queue
[2023-03-20T11:17:05.861+0000] {logging_mixin.py:137} INFO - [2023-03-20T11:17:05.861+0000] {dagbag.py:532} INFO - Filling up the DagBag from /home/airflow/.local/lib/python3.7/site-packages/airflow/example_dags/example_branch_operator.py
[2023-03-20T11:17:05.875+0000] {processor.py:753} INFO - DAG(s) dict_keys(['example_branch_operator']) retrieved from /home/airflow/.local/lib/python3.7/site-packages/airflow/example_dags/example_branch_operator.py
[2023-03-20T11:17:05.898+0000] {logging_mixin.py:137} INFO - [2023-03-20T11:17:05.898+0000] {dag.py:2693} INFO - Sync 1 DAGs
[2023-03-20T11:17:05.919+0000] {logging_mixin.py:137} INFO - [2023-03-20T11:17:05.919+0000] {dag.py:3444} INFO - Setting next_dagrun for example_branch_operator to 2023-03-19T00:00:00+00:00, run_after=2023-03-20T00:00:00+00:00
[2023-03-20T11:17:05.937+0000] {processor.py:175} INFO - Processing /home/airflow/.local/lib/python3.7/site-packages/airflow/example_dags/example_branch_operator.py took 0.082 seconds
[2023-03-20T11:17:36.788+0000] {processor.py:153} INFO - Started process (PID=444) to work on /home/airflow/.local/lib/python3.7/site-packages/airflow/example_dags/example_branch_operator.py
[2023-03-20T11:17:36.789+0000] {processor.py:743} INFO - Processing file /home/airflow/.local/lib/python3.7/site-packages/airflow/example_dags/example_branch_operator.py for tasks to queue
[2023-03-20T11:17:36.790+0000] {logging_mixin.py:137} INFO - [2023-03-20T11:17:36.790+0000] {dagbag.py:532} INFO - Filling up the DagBag from /home/airflow/.local/lib/python3.7/site-packages/airflow/example_dags/example_branch_operator.py
[2023-03-20T11:17:36.803+0000] {processor.py:753} INFO - DAG(s) dict_keys(['example_branch_operator']) retrieved from /home/airflow/.local/lib/python3.7/site-packages/airflow/example_dags/example_branch_operator.py
[2023-03-20T11:17:36.828+0000] {logging_mixin.py:137} INFO - [2023-03-20T11:17:36.828+0000] {dag.py:2693} INFO - Sync 1 DAGs
[2023-03-20T11:17:36.850+0000] {logging_mixin.py:137} INFO - [2023-03-20T11:17:36.849+0000] {dag.py:3444} INFO - Setting next_dagrun for example_branch_operator to 2023-03-19T00:00:00+00:00, run_after=2023-03-20T00:00:00+00:00
[2023-03-20T11:17:36.861+0000] {processor.py:175} INFO - Processing /home/airflow/.local/lib/python3.7/site-packages/airflow/example_dags/example_branch_operator.py took 0.076 seconds
[2023-03-20T11:18:07.238+0000] {processor.py:153} INFO - Started process (PID=493) to work on /home/airflow/.local/lib/python3.7/site-packages/airflow/example_dags/example_branch_operator.py
[2023-03-20T11:18:07.240+0000] {processor.py:743} INFO - Processing file /home/airflow/.local/lib/python3.7/site-packages/airflow/example_dags/example_branch_operator.py for tasks to queue
[2023-03-20T11:18:07.240+0000] {logging_mixin.py:137} INFO - [2023-03-20T11:18:07.240+0000] {dagbag.py:532} INFO - Filling up the DagBag from /home/airflow/.local/lib/python3.7/site-packages/airflow/example_dags/example_branch_operator.py
[2023-03-20T11:18:07.252+0000] {processor.py:753} INFO - DAG(s) dict_keys(['example_branch_operator']) retrieved from /home/airflow/.local/lib/python3.7/site-packages/airflow/example_dags/example_branch_operator.py
[2023-03-20T11:18:07.275+0000] {logging_mixin.py:137} INFO - [2023-03-20T11:18:07.275+0000] {dag.py:2693} INFO - Sync 1 DAGs
[2023-03-20T11:18:07.292+0000] {logging_mixin.py:137} INFO - [2023-03-20T11:18:07.292+0000] {dag.py:3444} INFO - Setting next_dagrun for example_branch_operator to 2023-03-19T00:00:00+00:00, run_after=2023-03-20T00:00:00+00:00
[2023-03-20T11:18:07.308+0000] {processor.py:175} INFO - Processing /home/airflow/.local/lib/python3.7/site-packages/airflow/example_dags/example_branch_operator.py took 0.072 seconds
[2023-03-20T11:18:38.103+0000] {processor.py:153} INFO - Started process (PID=542) to work on /home/airflow/.local/lib/python3.7/site-packages/airflow/example_dags/example_branch_operator.py
[2023-03-20T11:18:38.105+0000] {processor.py:743} INFO - Processing file /home/airflow/.local/lib/python3.7/site-packages/airflow/example_dags/example_branch_operator.py for tasks to queue
[2023-03-20T11:18:38.105+0000] {logging_mixin.py:137} INFO - [2023-03-20T11:18:38.105+0000] {dagbag.py:532} INFO - Filling up the DagBag from /home/airflow/.local/lib/python3.7/site-packages/airflow/example_dags/example_branch_operator.py
[2023-03-20T11:18:38.118+0000] {processor.py:753} INFO - DAG(s) dict_keys(['example_branch_operator']) retrieved from /home/airflow/.local/lib/python3.7/site-packages/airflow/example_dags/example_branch_operator.py
[2023-03-20T11:18:38.140+0000] {logging_mixin.py:137} INFO - [2023-03-20T11:18:38.140+0000] {dag.py:2693} INFO - Sync 1 DAGs
[2023-03-20T11:18:38.156+0000] {logging_mixin.py:137} INFO - [2023-03-20T11:18:38.156+0000] {dag.py:3444} INFO - Setting next_dagrun for example_branch_operator to 2023-03-19T00:00:00+00:00, run_after=2023-03-20T00:00:00+00:00
[2023-03-20T11:18:38.167+0000] {processor.py:175} INFO - Processing /home/airflow/.local/lib/python3.7/site-packages/airflow/example_dags/example_branch_operator.py took 0.066 seconds
[2023-03-20T11:19:08.497+0000] {processor.py:153} INFO - Started process (PID=591) to work on /home/airflow/.local/lib/python3.7/site-packages/airflow/example_dags/example_branch_operator.py
[2023-03-20T11:19:08.499+0000] {processor.py:743} INFO - Processing file /home/airflow/.local/lib/python3.7/site-packages/airflow/example_dags/example_branch_operator.py for tasks to queue
[2023-03-20T11:19:08.499+0000] {logging_mixin.py:137} INFO - [2023-03-20T11:19:08.499+0000] {dagbag.py:532} INFO - Filling up the DagBag from /home/airflow/.local/lib/python3.7/site-packages/airflow/example_dags/example_branch_operator.py
[2023-03-20T11:19:08.512+0000] {processor.py:753} INFO - DAG(s) dict_keys(['example_branch_operator']) retrieved from /home/airflow/.local/lib/python3.7/site-packages/airflow/example_dags/example_branch_operator.py
[2023-03-20T11:19:08.533+0000] {logging_mixin.py:137} INFO - [2023-03-20T11:19:08.533+0000] {dag.py:2693} INFO - Sync 1 DAGs
[2023-03-20T11:19:08.550+0000] {logging_mixin.py:137} INFO - [2023-03-20T11:19:08.550+0000] {dag.py:3444} INFO - Setting next_dagrun for example_branch_operator to 2023-03-19T00:00:00+00:00, run_after=2023-03-20T00:00:00+00:00
[2023-03-20T11:19:08.561+0000] {processor.py:175} INFO - Processing /home/airflow/.local/lib/python3.7/site-packages/airflow/example_dags/example_branch_operator.py took 0.067 seconds
[2023-03-20T11:19:38.851+0000] {processor.py:153} INFO - Started process (PID=640) to work on /home/airflow/.local/lib/python3.7/site-packages/airflow/example_dags/example_branch_operator.py
[2023-03-20T11:19:38.853+0000] {processor.py:743} INFO - Processing file /home/airflow/.local/lib/python3.7/site-packages/airflow/example_dags/example_branch_operator.py for tasks to queue
[2023-03-20T11:19:38.853+0000] {logging_mixin.py:137} INFO - [2023-03-20T11:19:38.853+0000] {dagbag.py:532} INFO - Filling up the DagBag from /home/airflow/.local/lib/python3.7/site-packages/airflow/example_dags/example_branch_operator.py
[2023-03-20T11:19:38.867+0000] {processor.py:753} INFO - DAG(s) dict_keys(['example_branch_operator']) retrieved from /home/airflow/.local/lib/python3.7/site-packages/airflow/example_dags/example_branch_operator.py
[2023-03-20T11:19:38.890+0000] {logging_mixin.py:137} INFO - [2023-03-20T11:19:38.890+0000] {dag.py:2693} INFO - Sync 1 DAGs
[2023-03-20T11:19:38.907+0000] {logging_mixin.py:137} INFO - [2023-03-20T11:19:38.907+0000] {dag.py:3444} INFO - Setting next_dagrun for example_branch_operator to 2023-03-19T00:00:00+00:00, run_after=2023-03-20T00:00:00+00:00
[2023-03-20T11:19:38.919+0000] {processor.py:175} INFO - Processing /home/airflow/.local/lib/python3.7/site-packages/airflow/example_dags/example_branch_operator.py took 0.070 seconds
[2023-03-20T11:20:09.220+0000] {processor.py:153} INFO - Started process (PID=689) to work on /home/airflow/.local/lib/python3.7/site-packages/airflow/example_dags/example_branch_operator.py
[2023-03-20T11:20:09.221+0000] {processor.py:743} INFO - Processing file /home/airflow/.local/lib/python3.7/site-packages/airflow/example_dags/example_branch_operator.py for tasks to queue
[2023-03-20T11:20:09.222+0000] {logging_mixin.py:137} INFO - [2023-03-20T11:20:09.222+0000] {dagbag.py:532} INFO - Filling up the DagBag from /home/airflow/.local/lib/python3.7/site-packages/airflow/example_dags/example_branch_operator.py
[2023-03-20T11:20:09.235+0000] {processor.py:753} INFO - DAG(s) dict_keys(['example_branch_operator']) retrieved from /home/airflow/.local/lib/python3.7/site-packages/airflow/example_dags/example_branch_operator.py
[2023-03-20T11:20:09.257+0000] {logging_mixin.py:137} INFO - [2023-03-20T11:20:09.257+0000] {dag.py:2693} INFO - Sync 1 DAGs
[2023-03-20T11:20:09.273+0000] {logging_mixin.py:137} INFO - [2023-03-20T11:20:09.273+0000] {dag.py:3444} INFO - Setting next_dagrun for example_branch_operator to 2023-03-19T00:00:00+00:00, run_after=2023-03-20T00:00:00+00:00
[2023-03-20T11:20:09.284+0000] {processor.py:175} INFO - Processing /home/airflow/.local/lib/python3.7/site-packages/airflow/example_dags/example_branch_operator.py took 0.067 seconds
[2023-03-20T11:20:39.688+0000] {processor.py:153} INFO - Started process (PID=738) to work on /home/airflow/.local/lib/python3.7/site-packages/airflow/example_dags/example_branch_operator.py
[2023-03-20T11:20:39.689+0000] {processor.py:743} INFO - Processing file /home/airflow/.local/lib/python3.7/site-packages/airflow/example_dags/example_branch_operator.py for tasks to queue
[2023-03-20T11:20:39.689+0000] {logging_mixin.py:137} INFO - [2023-03-20T11:20:39.689+0000] {dagbag.py:532} INFO - Filling up the DagBag from /home/airflow/.local/lib/python3.7/site-packages/airflow/example_dags/example_branch_operator.py
[2023-03-20T11:20:39.702+0000] {processor.py:753} INFO - DAG(s) dict_keys(['example_branch_operator']) retrieved from /home/airflow/.local/lib/python3.7/site-packages/airflow/example_dags/example_branch_operator.py
[2023-03-20T11:20:39.724+0000] {logging_mixin.py:137} INFO - [2023-03-20T11:20:39.724+0000] {dag.py:2693} INFO - Sync 1 DAGs
[2023-03-20T11:20:39.740+0000] {logging_mixin.py:137} INFO - [2023-03-20T11:20:39.740+0000] {dag.py:3444} INFO - Setting next_dagrun for example_branch_operator to 2023-03-19T00:00:00+00:00, run_after=2023-03-20T00:00:00+00:00
[2023-03-20T11:20:39.751+0000] {processor.py:175} INFO - Processing /home/airflow/.local/lib/python3.7/site-packages/airflow/example_dags/example_branch_operator.py took 0.066 seconds
[2023-03-20T11:21:09.983+0000] {processor.py:153} INFO - Started process (PID=787) to work on /home/airflow/.local/lib/python3.7/site-packages/airflow/example_dags/example_branch_operator.py
[2023-03-20T11:21:09.984+0000] {processor.py:743} INFO - Processing file /home/airflow/.local/lib/python3.7/site-packages/airflow/example_dags/example_branch_operator.py for tasks to queue
[2023-03-20T11:21:09.985+0000] {logging_mixin.py:137} INFO - [2023-03-20T11:21:09.985+0000] {dagbag.py:532} INFO - Filling up the DagBag from /home/airflow/.local/lib/python3.7/site-packages/airflow/example_dags/example_branch_operator.py
[2023-03-20T11:21:09.996+0000] {processor.py:753} INFO - DAG(s) dict_keys(['example_branch_operator']) retrieved from /home/airflow/.local/lib/python3.7/site-packages/airflow/example_dags/example_branch_operator.py
[2023-03-20T11:21:10.017+0000] {logging_mixin.py:137} INFO - [2023-03-20T11:21:10.017+0000] {dag.py:2693} INFO - Sync 1 DAGs
[2023-03-20T11:21:10.032+0000] {logging_mixin.py:137} INFO - [2023-03-20T11:21:10.032+0000] {dag.py:3444} INFO - Setting next_dagrun for example_branch_operator to 2023-03-19T00:00:00+00:00, run_after=2023-03-20T00:00:00+00:00
[2023-03-20T11:21:10.043+0000] {processor.py:175} INFO - Processing /home/airflow/.local/lib/python3.7/site-packages/airflow/example_dags/example_branch_operator.py took 0.063 seconds
[2023-03-20T11:21:40.399+0000] {processor.py:153} INFO - Started process (PID=836) to work on /home/airflow/.local/lib/python3.7/site-packages/airflow/example_dags/example_branch_operator.py
[2023-03-20T11:21:40.401+0000] {processor.py:743} INFO - Processing file /home/airflow/.local/lib/python3.7/site-packages/airflow/example_dags/example_branch_operator.py for tasks to queue
[2023-03-20T11:21:40.401+0000] {logging_mixin.py:137} INFO - [2023-03-20T11:21:40.401+0000] {dagbag.py:532} INFO - Filling up the DagBag from /home/airflow/.local/lib/python3.7/site-packages/airflow/example_dags/example_branch_operator.py
[2023-03-20T11:21:40.415+0000] {processor.py:753} INFO - DAG(s) dict_keys(['example_branch_operator']) retrieved from /home/airflow/.local/lib/python3.7/site-packages/airflow/example_dags/example_branch_operator.py
[2023-03-20T11:21:40.437+0000] {logging_mixin.py:137} INFO - [2023-03-20T11:21:40.437+0000] {dag.py:2693} INFO - Sync 1 DAGs
[2023-03-20T11:21:40.454+0000] {logging_mixin.py:137} INFO - [2023-03-20T11:21:40.454+0000] {dag.py:3444} INFO - Setting next_dagrun for example_branch_operator to 2023-03-19T00:00:00+00:00, run_after=2023-03-20T00:00:00+00:00
[2023-03-20T11:21:40.465+0000] {processor.py:175} INFO - Processing /home/airflow/.local/lib/python3.7/site-packages/airflow/example_dags/example_branch_operator.py took 0.069 seconds
[2023-03-20T11:22:10.753+0000] {processor.py:153} INFO - Started process (PID=885) to work on /home/airflow/.local/lib/python3.7/site-packages/airflow/example_dags/example_branch_operator.py
[2023-03-20T11:22:10.754+0000] {processor.py:743} INFO - Processing file /home/airflow/.local/lib/python3.7/site-packages/airflow/example_dags/example_branch_operator.py for tasks to queue
[2023-03-20T11:22:10.755+0000] {logging_mixin.py:137} INFO - [2023-03-20T11:22:10.755+0000] {dagbag.py:532} INFO - Filling up the DagBag from /home/airflow/.local/lib/python3.7/site-packages/airflow/example_dags/example_branch_operator.py
[2023-03-20T11:22:10.767+0000] {processor.py:753} INFO - DAG(s) dict_keys(['example_branch_operator']) retrieved from /home/airflow/.local/lib/python3.7/site-packages/airflow/example_dags/example_branch_operator.py
[2023-03-20T11:22:10.789+0000] {logging_mixin.py:137} INFO - [2023-03-20T11:22:10.789+0000] {dag.py:2693} INFO - Sync 1 DAGs
[2023-03-20T11:22:10.807+0000] {logging_mixin.py:137} INFO - [2023-03-20T11:22:10.807+0000] {dag.py:3444} INFO - Setting next_dagrun for example_branch_operator to 2023-03-19T00:00:00+00:00, run_after=2023-03-20T00:00:00+00:00
[2023-03-20T11:22:10.818+0000] {processor.py:175} INFO - Processing /home/airflow/.local/lib/python3.7/site-packages/airflow/example_dags/example_branch_operator.py took 0.068 seconds
[2023-03-20T11:22:41.401+0000] {processor.py:153} INFO - Started process (PID=934) to work on /home/airflow/.local/lib/python3.7/site-packages/airflow/example_dags/example_branch_operator.py
[2023-03-20T11:22:41.403+0000] {processor.py:743} INFO - Processing file /home/airflow/.local/lib/python3.7/site-packages/airflow/example_dags/example_branch_operator.py for tasks to queue
[2023-03-20T11:22:41.405+0000] {logging_mixin.py:137} INFO - [2023-03-20T11:22:41.405+0000] {dagbag.py:532} INFO - Filling up the DagBag from /home/airflow/.local/lib/python3.7/site-packages/airflow/example_dags/example_branch_operator.py
[2023-03-20T11:22:41.421+0000] {processor.py:753} INFO - DAG(s) dict_keys(['example_branch_operator']) retrieved from /home/airflow/.local/lib/python3.7/site-packages/airflow/example_dags/example_branch_operator.py
[2023-03-20T11:22:41.453+0000] {logging_mixin.py:137} INFO - [2023-03-20T11:22:41.453+0000] {dag.py:2693} INFO - Sync 1 DAGs
[2023-03-20T11:22:41.478+0000] {logging_mixin.py:137} INFO - [2023-03-20T11:22:41.478+0000] {dag.py:3444} INFO - Setting next_dagrun for example_branch_operator to 2023-03-19T00:00:00+00:00, run_after=2023-03-20T00:00:00+00:00
[2023-03-20T11:22:41.497+0000] {processor.py:175} INFO - Processing /home/airflow/.local/lib/python3.7/site-packages/airflow/example_dags/example_branch_operator.py took 0.103 seconds
[2023-03-20T11:23:12.037+0000] {processor.py:153} INFO - Started process (PID=983) to work on /home/airflow/.local/lib/python3.7/site-packages/airflow/example_dags/example_branch_operator.py
[2023-03-20T11:23:12.038+0000] {processor.py:743} INFO - Processing file /home/airflow/.local/lib/python3.7/site-packages/airflow/example_dags/example_branch_operator.py for tasks to queue
[2023-03-20T11:23:12.039+0000] {logging_mixin.py:137} INFO - [2023-03-20T11:23:12.039+0000] {dagbag.py:532} INFO - Filling up the DagBag from /home/airflow/.local/lib/python3.7/site-packages/airflow/example_dags/example_branch_operator.py
[2023-03-20T11:23:12.051+0000] {processor.py:753} INFO - DAG(s) dict_keys(['example_branch_operator']) retrieved from /home/airflow/.local/lib/python3.7/site-packages/airflow/example_dags/example_branch_operator.py
[2023-03-20T11:23:12.073+0000] {logging_mixin.py:137} INFO - [2023-03-20T11:23:12.073+0000] {dag.py:2693} INFO - Sync 1 DAGs
[2023-03-20T11:23:12.091+0000] {logging_mixin.py:137} INFO - [2023-03-20T11:23:12.091+0000] {dag.py:3444} INFO - Setting next_dagrun for example_branch_operator to 2023-03-19T00:00:00+00:00, run_after=2023-03-20T00:00:00+00:00
[2023-03-20T11:23:12.103+0000] {processor.py:175} INFO - Processing /home/airflow/.local/lib/python3.7/site-packages/airflow/example_dags/example_branch_operator.py took 0.069 seconds
[2023-03-20T11:23:42.562+0000] {processor.py:153} INFO - Started process (PID=1032) to work on /home/airflow/.local/lib/python3.7/site-packages/airflow/example_dags/example_branch_operator.py
[2023-03-20T11:23:42.563+0000] {processor.py:743} INFO - Processing file /home/airflow/.local/lib/python3.7/site-packages/airflow/example_dags/example_branch_operator.py for tasks to queue
[2023-03-20T11:23:42.564+0000] {logging_mixin.py:137} INFO - [2023-03-20T11:23:42.564+0000] {dagbag.py:532} INFO - Filling up the DagBag from /home/airflow/.local/lib/python3.7/site-packages/airflow/example_dags/example_branch_operator.py
[2023-03-20T11:23:42.577+0000] {processor.py:753} INFO - DAG(s) dict_keys(['example_branch_operator']) retrieved from /home/airflow/.local/lib/python3.7/site-packages/airflow/example_dags/example_branch_operator.py
[2023-03-20T11:23:42.607+0000] {logging_mixin.py:137} INFO - [2023-03-20T11:23:42.607+0000] {dag.py:2693} INFO - Sync 1 DAGs
[2023-03-20T11:23:42.625+0000] {logging_mixin.py:137} INFO - [2023-03-20T11:23:42.625+0000] {dag.py:3444} INFO - Setting next_dagrun for example_branch_operator to 2023-03-19T00:00:00+00:00, run_after=2023-03-20T00:00:00+00:00
[2023-03-20T11:23:42.638+0000] {processor.py:175} INFO - Processing /home/airflow/.local/lib/python3.7/site-packages/airflow/example_dags/example_branch_operator.py took 0.079 seconds
[2023-03-20 11:37:58,885] {scheduler_job.py:182} INFO - Started process (PID=32) to work on /home/airflow/.local/lib/python3.6/site-packages/airflow/example_dags/example_branch_operator.py
[2023-03-20 11:37:58,890] {scheduler_job.py:629} INFO - Processing file /home/airflow/.local/lib/python3.6/site-packages/airflow/example_dags/example_branch_operator.py for tasks to queue
[2023-03-20 11:37:58,892] {logging_mixin.py:104} INFO - [2023-03-20 11:37:58,892] {dagbag.py:451} INFO - Filling up the DagBag from /home/airflow/.local/lib/python3.6/site-packages/airflow/example_dags/example_branch_operator.py
[2023-03-20 11:37:58,948] {scheduler_job.py:639} INFO - DAG(s) dict_keys(['example_branch_operator']) retrieved from /home/airflow/.local/lib/python3.6/site-packages/airflow/example_dags/example_branch_operator.py
[2023-03-20 11:37:58,986] {logging_mixin.py:104} INFO - [2023-03-20 11:37:58,985] {dag.py:1824} INFO - Sync 1 DAGs
[2023-03-20 11:37:58,995] {logging_mixin.py:104} INFO - [2023-03-20 11:37:58,995] {dag.py:1843} INFO - Creating ORM DAG for example_branch_operator
[2023-03-20 11:37:59,018] {logging_mixin.py:104} INFO - [2023-03-20 11:37:59,018] {dag.py:2280} INFO - Setting next_dagrun for example_branch_operator to 2023-03-18 00:00:00+00:00
[2023-03-20 11:37:59,052] {scheduler_job.py:190} INFO - Processing /home/airflow/.local/lib/python3.6/site-packages/airflow/example_dags/example_branch_operator.py took 0.174 seconds
[2023-03-20 11:38:29,220] {scheduler_job.py:182} INFO - Started process (PID=58) to work on /home/airflow/.local/lib/python3.6/site-packages/airflow/example_dags/example_branch_operator.py
[2023-03-20 11:38:29,224] {scheduler_job.py:629} INFO - Processing file /home/airflow/.local/lib/python3.6/site-packages/airflow/example_dags/example_branch_operator.py for tasks to queue
[2023-03-20 11:38:29,226] {logging_mixin.py:104} INFO - [2023-03-20 11:38:29,226] {dagbag.py:451} INFO - Filling up the DagBag from /home/airflow/.local/lib/python3.6/site-packages/airflow/example_dags/example_branch_operator.py
[2023-03-20 11:38:29,284] {scheduler_job.py:639} INFO - DAG(s) dict_keys(['example_branch_operator']) retrieved from /home/airflow/.local/lib/python3.6/site-packages/airflow/example_dags/example_branch_operator.py
[2023-03-20 11:38:29,343] {logging_mixin.py:104} INFO - [2023-03-20 11:38:29,343] {dag.py:1824} INFO - Sync 1 DAGs
[2023-03-20 11:38:29,382] {logging_mixin.py:104} INFO - [2023-03-20 11:38:29,382] {dag.py:2280} INFO - Setting next_dagrun for example_branch_operator to 2023-03-18 00:00:00+00:00
[2023-03-20 11:38:29,401] {scheduler_job.py:190} INFO - Processing /home/airflow/.local/lib/python3.6/site-packages/airflow/example_dags/example_branch_operator.py took 0.194 seconds
[2023-03-20 11:39:00,092] {scheduler_job.py:182} INFO - Started process (PID=85) to work on /home/airflow/.local/lib/python3.6/site-packages/airflow/example_dags/example_branch_operator.py
[2023-03-20 11:39:00,095] {scheduler_job.py:629} INFO - Processing file /home/airflow/.local/lib/python3.6/site-packages/airflow/example_dags/example_branch_operator.py for tasks to queue
[2023-03-20 11:39:00,096] {logging_mixin.py:104} INFO - [2023-03-20 11:39:00,096] {dagbag.py:451} INFO - Filling up the DagBag from /home/airflow/.local/lib/python3.6/site-packages/airflow/example_dags/example_branch_operator.py
[2023-03-20 11:39:00,151] {scheduler_job.py:639} INFO - DAG(s) dict_keys(['example_branch_operator']) retrieved from /home/airflow/.local/lib/python3.6/site-packages/airflow/example_dags/example_branch_operator.py
[2023-03-20 11:39:00,197] {logging_mixin.py:104} INFO - [2023-03-20 11:39:00,197] {dag.py:1824} INFO - Sync 1 DAGs
[2023-03-20 11:39:00,258] {logging_mixin.py:104} INFO - [2023-03-20 11:39:00,258] {dag.py:2280} INFO - Setting next_dagrun for example_branch_operator to 2023-03-18 00:00:00+00:00
[2023-03-20 11:39:00,277] {scheduler_job.py:190} INFO - Processing /home/airflow/.local/lib/python3.6/site-packages/airflow/example_dags/example_branch_operator.py took 0.192 seconds
[2023-03-20 11:39:30,855] {scheduler_job.py:182} INFO - Started process (PID=111) to work on /home/airflow/.local/lib/python3.6/site-packages/airflow/example_dags/example_branch_operator.py
[2023-03-20 11:39:30,857] {scheduler_job.py:629} INFO - Processing file /home/airflow/.local/lib/python3.6/site-packages/airflow/example_dags/example_branch_operator.py for tasks to queue
[2023-03-20 11:39:30,858] {logging_mixin.py:104} INFO - [2023-03-20 11:39:30,858] {dagbag.py:451} INFO - Filling up the DagBag from /home/airflow/.local/lib/python3.6/site-packages/airflow/example_dags/example_branch_operator.py
[2023-03-20 11:39:30,904] {scheduler_job.py:639} INFO - DAG(s) dict_keys(['example_branch_operator']) retrieved from /home/airflow/.local/lib/python3.6/site-packages/airflow/example_dags/example_branch_operator.py
[2023-03-20 11:39:30,963] {logging_mixin.py:104} INFO - [2023-03-20 11:39:30,963] {dag.py:1824} INFO - Sync 1 DAGs
[2023-03-20 11:39:31,004] {logging_mixin.py:104} INFO - [2023-03-20 11:39:31,004] {dag.py:2280} INFO - Setting next_dagrun for example_branch_operator to 2023-03-18 00:00:00+00:00
[2023-03-20 11:39:31,015] {scheduler_job.py:190} INFO - Processing /home/airflow/.local/lib/python3.6/site-packages/airflow/example_dags/example_branch_operator.py took 0.165 seconds
[2023-03-20 11:40:01,601] {scheduler_job.py:182} INFO - Started process (PID=137) to work on /home/airflow/.local/lib/python3.6/site-packages/airflow/example_dags/example_branch_operator.py
[2023-03-20 11:40:01,604] {scheduler_job.py:629} INFO - Processing file /home/airflow/.local/lib/python3.6/site-packages/airflow/example_dags/example_branch_operator.py for tasks to queue
[2023-03-20 11:40:01,606] {logging_mixin.py:104} INFO - [2023-03-20 11:40:01,606] {dagbag.py:451} INFO - Filling up the DagBag from /home/airflow/.local/lib/python3.6/site-packages/airflow/example_dags/example_branch_operator.py
[2023-03-20 11:40:01,662] {scheduler_job.py:639} INFO - DAG(s) dict_keys(['example_branch_operator']) retrieved from /home/airflow/.local/lib/python3.6/site-packages/airflow/example_dags/example_branch_operator.py
[2023-03-20 11:40:01,722] {logging_mixin.py:104} INFO - [2023-03-20 11:40:01,722] {dag.py:1824} INFO - Sync 1 DAGs
[2023-03-20 11:40:01,751] {logging_mixin.py:104} INFO - [2023-03-20 11:40:01,751] {dag.py:2280} INFO - Setting next_dagrun for example_branch_operator to 2023-03-18 00:00:00+00:00
[2023-03-20 11:40:01,759] {scheduler_job.py:190} INFO - Processing /home/airflow/.local/lib/python3.6/site-packages/airflow/example_dags/example_branch_operator.py took 0.167 seconds
[2023-03-20 11:40:32,450] {scheduler_job.py:182} INFO - Started process (PID=163) to work on /home/airflow/.local/lib/python3.6/site-packages/airflow/example_dags/example_branch_operator.py
[2023-03-20 11:40:32,455] {scheduler_job.py:629} INFO - Processing file /home/airflow/.local/lib/python3.6/site-packages/airflow/example_dags/example_branch_operator.py for tasks to queue
[2023-03-20 11:40:32,459] {logging_mixin.py:104} INFO - [2023-03-20 11:40:32,459] {dagbag.py:451} INFO - Filling up the DagBag from /home/airflow/.local/lib/python3.6/site-packages/airflow/example_dags/example_branch_operator.py
[2023-03-20 11:40:32,524] {scheduler_job.py:639} INFO - DAG(s) dict_keys(['example_branch_operator']) retrieved from /home/airflow/.local/lib/python3.6/site-packages/airflow/example_dags/example_branch_operator.py
[2023-03-20 11:40:32,593] {logging_mixin.py:104} INFO - [2023-03-20 11:40:32,593] {dag.py:1824} INFO - Sync 1 DAGs
[2023-03-20 11:40:32,625] {logging_mixin.py:104} INFO - [2023-03-20 11:40:32,624] {dag.py:2280} INFO - Setting next_dagrun for example_branch_operator to 2023-03-18 00:00:00+00:00
[2023-03-20 11:40:32,638] {scheduler_job.py:190} INFO - Processing /home/airflow/.local/lib/python3.6/site-packages/airflow/example_dags/example_branch_operator.py took 0.203 seconds
[2023-03-20 11:41:03,190] {scheduler_job.py:182} INFO - Started process (PID=189) to work on /home/airflow/.local/lib/python3.6/site-packages/airflow/example_dags/example_branch_operator.py
[2023-03-20 11:41:03,193] {scheduler_job.py:629} INFO - Processing file /home/airflow/.local/lib/python3.6/site-packages/airflow/example_dags/example_branch_operator.py for tasks to queue
[2023-03-20 11:41:03,195] {logging_mixin.py:104} INFO - [2023-03-20 11:41:03,195] {dagbag.py:451} INFO - Filling up the DagBag from /home/airflow/.local/lib/python3.6/site-packages/airflow/example_dags/example_branch_operator.py
[2023-03-20 11:41:03,239] {scheduler_job.py:639} INFO - DAG(s) dict_keys(['example_branch_operator']) retrieved from /home/airflow/.local/lib/python3.6/site-packages/airflow/example_dags/example_branch_operator.py
[2023-03-20 11:41:03,308] {logging_mixin.py:104} INFO - [2023-03-20 11:41:03,307] {dag.py:1824} INFO - Sync 1 DAGs
[2023-03-20 11:41:03,344] {logging_mixin.py:104} INFO - [2023-03-20 11:41:03,344] {dag.py:2280} INFO - Setting next_dagrun for example_branch_operator to 2023-03-18 00:00:00+00:00
[2023-03-20 11:41:03,356] {scheduler_job.py:190} INFO - Processing /home/airflow/.local/lib/python3.6/site-packages/airflow/example_dags/example_branch_operator.py took 0.171 seconds
[2023-03-20 14:55:26,611] {scheduler_job.py:182} INFO - Started process (PID=41) to work on /home/airflow/.local/lib/python3.6/site-packages/airflow/example_dags/example_branch_operator.py
[2023-03-20 14:55:26,616] {scheduler_job.py:629} INFO - Processing file /home/airflow/.local/lib/python3.6/site-packages/airflow/example_dags/example_branch_operator.py for tasks to queue
[2023-03-20 14:55:26,620] {logging_mixin.py:104} INFO - [2023-03-20 14:55:26,620] {dagbag.py:451} INFO - Filling up the DagBag from /home/airflow/.local/lib/python3.6/site-packages/airflow/example_dags/example_branch_operator.py
[2023-03-20 14:55:26,654] {scheduler_job.py:639} INFO - DAG(s) dict_keys(['example_branch_operator']) retrieved from /home/airflow/.local/lib/python3.6/site-packages/airflow/example_dags/example_branch_operator.py
[2023-03-20 14:55:26,713] {logging_mixin.py:104} INFO - [2023-03-20 14:55:26,713] {dag.py:1824} INFO - Sync 1 DAGs
[2023-03-20 14:55:26,728] {logging_mixin.py:104} INFO - [2023-03-20 14:55:26,728] {dag.py:1843} INFO - Creating ORM DAG for example_branch_operator
[2023-03-20 14:55:26,747] {logging_mixin.py:104} INFO - [2023-03-20 14:55:26,747] {dag.py:2280} INFO - Setting next_dagrun for example_branch_operator to 2023-03-18 00:00:00+00:00
[2023-03-20 14:55:26,773] {scheduler_job.py:190} INFO - Processing /home/airflow/.local/lib/python3.6/site-packages/airflow/example_dags/example_branch_operator.py took 0.172 seconds
[2023-03-20 14:55:57,822] {scheduler_job.py:182} INFO - Started process (PID=68) to work on /home/airflow/.local/lib/python3.6/site-packages/airflow/example_dags/example_branch_operator.py
[2023-03-20 14:55:57,824] {scheduler_job.py:629} INFO - Processing file /home/airflow/.local/lib/python3.6/site-packages/airflow/example_dags/example_branch_operator.py for tasks to queue
[2023-03-20 14:55:57,825] {logging_mixin.py:104} INFO - [2023-03-20 14:55:57,825] {dagbag.py:451} INFO - Filling up the DagBag from /home/airflow/.local/lib/python3.6/site-packages/airflow/example_dags/example_branch_operator.py
[2023-03-20 14:55:57,844] {scheduler_job.py:639} INFO - DAG(s) dict_keys(['example_branch_operator']) retrieved from /home/airflow/.local/lib/python3.6/site-packages/airflow/example_dags/example_branch_operator.py
[2023-03-20 14:55:57,868] {logging_mixin.py:104} INFO - [2023-03-20 14:55:57,868] {dag.py:1824} INFO - Sync 1 DAGs
[2023-03-20 14:55:57,891] {logging_mixin.py:104} INFO - [2023-03-20 14:55:57,891] {dag.py:2280} INFO - Setting next_dagrun for example_branch_operator to 2023-03-18 00:00:00+00:00
[2023-03-20 14:55:57,900] {scheduler_job.py:190} INFO - Processing /home/airflow/.local/lib/python3.6/site-packages/airflow/example_dags/example_branch_operator.py took 0.083 seconds
[2023-03-20 14:56:28,757] {scheduler_job.py:182} INFO - Started process (PID=100) to work on /home/airflow/.local/lib/python3.6/site-packages/airflow/example_dags/example_branch_operator.py
[2023-03-20 14:56:28,759] {scheduler_job.py:629} INFO - Processing file /home/airflow/.local/lib/python3.6/site-packages/airflow/example_dags/example_branch_operator.py for tasks to queue
[2023-03-20 14:56:28,760] {logging_mixin.py:104} INFO - [2023-03-20 14:56:28,760] {dagbag.py:451} INFO - Filling up the DagBag from /home/airflow/.local/lib/python3.6/site-packages/airflow/example_dags/example_branch_operator.py
[2023-03-20 14:56:28,774] {scheduler_job.py:639} INFO - DAG(s) dict_keys(['example_branch_operator']) retrieved from /home/airflow/.local/lib/python3.6/site-packages/airflow/example_dags/example_branch_operator.py
[2023-03-20 14:56:28,795] {logging_mixin.py:104} INFO - [2023-03-20 14:56:28,795] {dag.py:1824} INFO - Sync 1 DAGs
[2023-03-20 14:56:28,815] {logging_mixin.py:104} INFO - [2023-03-20 14:56:28,814] {dag.py:2280} INFO - Setting next_dagrun for example_branch_operator to 2023-03-18 00:00:00+00:00
[2023-03-20 14:56:28,821] {scheduler_job.py:190} INFO - Processing /home/airflow/.local/lib/python3.6/site-packages/airflow/example_dags/example_branch_operator.py took 0.067 seconds
[2023-03-20 14:57:00,028] {scheduler_job.py:182} INFO - Started process (PID=126) to work on /home/airflow/.local/lib/python3.6/site-packages/airflow/example_dags/example_branch_operator.py
[2023-03-20 14:57:00,037] {scheduler_job.py:629} INFO - Processing file /home/airflow/.local/lib/python3.6/site-packages/airflow/example_dags/example_branch_operator.py for tasks to queue
[2023-03-20 14:57:00,039] {logging_mixin.py:104} INFO - [2023-03-20 14:57:00,039] {dagbag.py:451} INFO - Filling up the DagBag from /home/airflow/.local/lib/python3.6/site-packages/airflow/example_dags/example_branch_operator.py
[2023-03-20 14:57:00,088] {scheduler_job.py:639} INFO - DAG(s) dict_keys(['example_branch_operator']) retrieved from /home/airflow/.local/lib/python3.6/site-packages/airflow/example_dags/example_branch_operator.py
[2023-03-20 14:57:00,147] {logging_mixin.py:104} INFO - [2023-03-20 14:57:00,146] {dag.py:1824} INFO - Sync 1 DAGs
[2023-03-20 14:57:00,196] {logging_mixin.py:104} INFO - [2023-03-20 14:57:00,195] {dag.py:2280} INFO - Setting next_dagrun for example_branch_operator to 2023-03-18 00:00:00+00:00
[2023-03-20 14:57:00,213] {scheduler_job.py:190} INFO - Processing /home/airflow/.local/lib/python3.6/site-packages/airflow/example_dags/example_branch_operator.py took 0.192 seconds
[2023-03-20 14:57:31,456] {scheduler_job.py:182} INFO - Started process (PID=154) to work on /home/airflow/.local/lib/python3.6/site-packages/airflow/example_dags/example_branch_operator.py
[2023-03-20 14:57:31,462] {scheduler_job.py:629} INFO - Processing file /home/airflow/.local/lib/python3.6/site-packages/airflow/example_dags/example_branch_operator.py for tasks to queue
[2023-03-20 14:57:31,465] {logging_mixin.py:104} INFO - [2023-03-20 14:57:31,465] {dagbag.py:451} INFO - Filling up the DagBag from /home/airflow/.local/lib/python3.6/site-packages/airflow/example_dags/example_branch_operator.py
[2023-03-20 14:57:31,499] {scheduler_job.py:639} INFO - DAG(s) dict_keys(['example_branch_operator']) retrieved from /home/airflow/.local/lib/python3.6/site-packages/airflow/example_dags/example_branch_operator.py
[2023-03-20 14:57:31,569] {logging_mixin.py:104} INFO - [2023-03-20 14:57:31,569] {dag.py:1824} INFO - Sync 1 DAGs
[2023-03-20 14:57:31,641] {logging_mixin.py:104} INFO - [2023-03-20 14:57:31,640] {dag.py:2280} INFO - Setting next_dagrun for example_branch_operator to 2023-03-18 00:00:00+00:00
[2023-03-20 14:57:31,654] {scheduler_job.py:190} INFO - Processing /home/airflow/.local/lib/python3.6/site-packages/airflow/example_dags/example_branch_operator.py took 0.203 seconds
[2023-03-20 14:58:02,505] {scheduler_job.py:182} INFO - Started process (PID=180) to work on /home/airflow/.local/lib/python3.6/site-packages/airflow/example_dags/example_branch_operator.py
[2023-03-20 14:58:02,508] {scheduler_job.py:629} INFO - Processing file /home/airflow/.local/lib/python3.6/site-packages/airflow/example_dags/example_branch_operator.py for tasks to queue
[2023-03-20 14:58:02,510] {logging_mixin.py:104} INFO - [2023-03-20 14:58:02,510] {dagbag.py:451} INFO - Filling up the DagBag from /home/airflow/.local/lib/python3.6/site-packages/airflow/example_dags/example_branch_operator.py
[2023-03-20 14:58:02,535] {scheduler_job.py:639} INFO - DAG(s) dict_keys(['example_branch_operator']) retrieved from /home/airflow/.local/lib/python3.6/site-packages/airflow/example_dags/example_branch_operator.py
[2023-03-20 14:58:02,566] {logging_mixin.py:104} INFO - [2023-03-20 14:58:02,565] {dag.py:1824} INFO - Sync 1 DAGs
[2023-03-20 14:58:02,585] {logging_mixin.py:104} INFO - [2023-03-20 14:58:02,585] {dag.py:2280} INFO - Setting next_dagrun for example_branch_operator to 2023-03-18 00:00:00+00:00
[2023-03-20 14:58:02,593] {scheduler_job.py:190} INFO - Processing /home/airflow/.local/lib/python3.6/site-packages/airflow/example_dags/example_branch_operator.py took 0.092 seconds
[2023-03-20 14:58:33,232] {scheduler_job.py:182} INFO - Started process (PID=206) to work on /home/airflow/.local/lib/python3.6/site-packages/airflow/example_dags/example_branch_operator.py
[2023-03-20 14:58:33,234] {scheduler_job.py:629} INFO - Processing file /home/airflow/.local/lib/python3.6/site-packages/airflow/example_dags/example_branch_operator.py for tasks to queue
[2023-03-20 14:58:33,234] {logging_mixin.py:104} INFO - [2023-03-20 14:58:33,234] {dagbag.py:451} INFO - Filling up the DagBag from /home/airflow/.local/lib/python3.6/site-packages/airflow/example_dags/example_branch_operator.py
[2023-03-20 14:58:33,253] {scheduler_job.py:639} INFO - DAG(s) dict_keys(['example_branch_operator']) retrieved from /home/airflow/.local/lib/python3.6/site-packages/airflow/example_dags/example_branch_operator.py
[2023-03-20 14:58:33,282] {logging_mixin.py:104} INFO - [2023-03-20 14:58:33,282] {dag.py:1824} INFO - Sync 1 DAGs
[2023-03-20 14:58:33,312] {logging_mixin.py:104} INFO - [2023-03-20 14:58:33,312] {dag.py:2280} INFO - Setting next_dagrun for example_branch_operator to 2023-03-18 00:00:00+00:00
[2023-03-20 14:58:33,324] {scheduler_job.py:190} INFO - Processing /home/airflow/.local/lib/python3.6/site-packages/airflow/example_dags/example_branch_operator.py took 0.094 seconds
[2023-03-20 14:59:03,901] {scheduler_job.py:182} INFO - Started process (PID=232) to work on /home/airflow/.local/lib/python3.6/site-packages/airflow/example_dags/example_branch_operator.py
[2023-03-20 14:59:03,903] {scheduler_job.py:629} INFO - Processing file /home/airflow/.local/lib/python3.6/site-packages/airflow/example_dags/example_branch_operator.py for tasks to queue
[2023-03-20 14:59:03,904] {logging_mixin.py:104} INFO - [2023-03-20 14:59:03,903] {dagbag.py:451} INFO - Filling up the DagBag from /home/airflow/.local/lib/python3.6/site-packages/airflow/example_dags/example_branch_operator.py
[2023-03-20 14:59:03,918] {scheduler_job.py:639} INFO - DAG(s) dict_keys(['example_branch_operator']) retrieved from /home/airflow/.local/lib/python3.6/site-packages/airflow/example_dags/example_branch_operator.py
[2023-03-20 14:59:03,942] {logging_mixin.py:104} INFO - [2023-03-20 14:59:03,942] {dag.py:1824} INFO - Sync 1 DAGs
[2023-03-20 14:59:03,963] {logging_mixin.py:104} INFO - [2023-03-20 14:59:03,963] {dag.py:2280} INFO - Setting next_dagrun for example_branch_operator to 2023-03-18 00:00:00+00:00
[2023-03-20 14:59:03,972] {scheduler_job.py:190} INFO - Processing /home/airflow/.local/lib/python3.6/site-packages/airflow/example_dags/example_branch_operator.py took 0.075 seconds
[2023-03-20 14:59:34,346] {scheduler_job.py:182} INFO - Started process (PID=258) to work on /home/airflow/.local/lib/python3.6/site-packages/airflow/example_dags/example_branch_operator.py
[2023-03-20 14:59:34,348] {scheduler_job.py:629} INFO - Processing file /home/airflow/.local/lib/python3.6/site-packages/airflow/example_dags/example_branch_operator.py for tasks to queue
[2023-03-20 14:59:34,349] {logging_mixin.py:104} INFO - [2023-03-20 14:59:34,349] {dagbag.py:451} INFO - Filling up the DagBag from /home/airflow/.local/lib/python3.6/site-packages/airflow/example_dags/example_branch_operator.py
[2023-03-20 14:59:34,367] {scheduler_job.py:639} INFO - DAG(s) dict_keys(['example_branch_operator']) retrieved from /home/airflow/.local/lib/python3.6/site-packages/airflow/example_dags/example_branch_operator.py
[2023-03-20 14:59:34,387] {logging_mixin.py:104} INFO - [2023-03-20 14:59:34,387] {dag.py:1824} INFO - Sync 1 DAGs
[2023-03-20 14:59:34,403] {logging_mixin.py:104} INFO - [2023-03-20 14:59:34,403] {dag.py:2280} INFO - Setting next_dagrun for example_branch_operator to 2023-03-18 00:00:00+00:00
[2023-03-20 14:59:34,411] {scheduler_job.py:190} INFO - Processing /home/airflow/.local/lib/python3.6/site-packages/airflow/example_dags/example_branch_operator.py took 0.067 seconds
[2023-03-20 15:00:04,756] {scheduler_job.py:182} INFO - Started process (PID=284) to work on /home/airflow/.local/lib/python3.6/site-packages/airflow/example_dags/example_branch_operator.py
[2023-03-20 15:00:04,758] {scheduler_job.py:629} INFO - Processing file /home/airflow/.local/lib/python3.6/site-packages/airflow/example_dags/example_branch_operator.py for tasks to queue
[2023-03-20 15:00:04,759] {logging_mixin.py:104} INFO - [2023-03-20 15:00:04,759] {dagbag.py:451} INFO - Filling up the DagBag from /home/airflow/.local/lib/python3.6/site-packages/airflow/example_dags/example_branch_operator.py
[2023-03-20 15:00:04,796] {scheduler_job.py:639} INFO - DAG(s) dict_keys(['example_branch_operator']) retrieved from /home/airflow/.local/lib/python3.6/site-packages/airflow/example_dags/example_branch_operator.py
[2023-03-20 15:00:04,818] {logging_mixin.py:104} INFO - [2023-03-20 15:00:04,818] {dag.py:1824} INFO - Sync 1 DAGs
[2023-03-20 15:00:04,836] {logging_mixin.py:104} INFO - [2023-03-20 15:00:04,836] {dag.py:2280} INFO - Setting next_dagrun for example_branch_operator to 2023-03-18 00:00:00+00:00
[2023-03-20 15:00:04,844] {scheduler_job.py:190} INFO - Processing /home/airflow/.local/lib/python3.6/site-packages/airflow/example_dags/example_branch_operator.py took 0.091 seconds
[2023-03-20 15:00:35,314] {scheduler_job.py:182} INFO - Started process (PID=310) to work on /home/airflow/.local/lib/python3.6/site-packages/airflow/example_dags/example_branch_operator.py
[2023-03-20 15:00:35,316] {scheduler_job.py:629} INFO - Processing file /home/airflow/.local/lib/python3.6/site-packages/airflow/example_dags/example_branch_operator.py for tasks to queue
[2023-03-20 15:00:35,316] {logging_mixin.py:104} INFO - [2023-03-20 15:00:35,316] {dagbag.py:451} INFO - Filling up the DagBag from /home/airflow/.local/lib/python3.6/site-packages/airflow/example_dags/example_branch_operator.py
[2023-03-20 15:00:35,333] {scheduler_job.py:639} INFO - DAG(s) dict_keys(['example_branch_operator']) retrieved from /home/airflow/.local/lib/python3.6/site-packages/airflow/example_dags/example_branch_operator.py
[2023-03-20 15:00:35,353] {logging_mixin.py:104} INFO - [2023-03-20 15:00:35,353] {dag.py:1824} INFO - Sync 1 DAGs
[2023-03-20 15:00:35,369] {logging_mixin.py:104} INFO - [2023-03-20 15:00:35,369] {dag.py:2280} INFO - Setting next_dagrun for example_branch_operator to 2023-03-18 00:00:00+00:00
[2023-03-20 15:00:35,376] {scheduler_job.py:190} INFO - Processing /home/airflow/.local/lib/python3.6/site-packages/airflow/example_dags/example_branch_operator.py took 0.065 seconds
[2023-03-20 15:01:05,871] {scheduler_job.py:182} INFO - Started process (PID=336) to work on /home/airflow/.local/lib/python3.6/site-packages/airflow/example_dags/example_branch_operator.py
[2023-03-20 15:01:05,873] {scheduler_job.py:629} INFO - Processing file /home/airflow/.local/lib/python3.6/site-packages/airflow/example_dags/example_branch_operator.py for tasks to queue
[2023-03-20 15:01:05,874] {logging_mixin.py:104} INFO - [2023-03-20 15:01:05,874] {dagbag.py:451} INFO - Filling up the DagBag from /home/airflow/.local/lib/python3.6/site-packages/airflow/example_dags/example_branch_operator.py
[2023-03-20 15:01:05,891] {scheduler_job.py:639} INFO - DAG(s) dict_keys(['example_branch_operator']) retrieved from /home/airflow/.local/lib/python3.6/site-packages/airflow/example_dags/example_branch_operator.py
[2023-03-20 15:01:05,911] {logging_mixin.py:104} INFO - [2023-03-20 15:01:05,911] {dag.py:1824} INFO - Sync 1 DAGs
[2023-03-20 15:01:05,927] {logging_mixin.py:104} INFO - [2023-03-20 15:01:05,926] {dag.py:2280} INFO - Setting next_dagrun for example_branch_operator to 2023-03-18 00:00:00+00:00
[2023-03-20 15:01:05,934] {scheduler_job.py:190} INFO - Processing /home/airflow/.local/lib/python3.6/site-packages/airflow/example_dags/example_branch_operator.py took 0.065 seconds
[2023-03-20 15:01:36,249] {scheduler_job.py:182} INFO - Started process (PID=362) to work on /home/airflow/.local/lib/python3.6/site-packages/airflow/example_dags/example_branch_operator.py
[2023-03-20 15:01:36,251] {scheduler_job.py:629} INFO - Processing file /home/airflow/.local/lib/python3.6/site-packages/airflow/example_dags/example_branch_operator.py for tasks to queue
[2023-03-20 15:01:36,252] {logging_mixin.py:104} INFO - [2023-03-20 15:01:36,251] {dagbag.py:451} INFO - Filling up the DagBag from /home/airflow/.local/lib/python3.6/site-packages/airflow/example_dags/example_branch_operator.py
[2023-03-20 15:01:36,269] {scheduler_job.py:639} INFO - DAG(s) dict_keys(['example_branch_operator']) retrieved from /home/airflow/.local/lib/python3.6/site-packages/airflow/example_dags/example_branch_operator.py
[2023-03-20 15:01:36,289] {logging_mixin.py:104} INFO - [2023-03-20 15:01:36,289] {dag.py:1824} INFO - Sync 1 DAGs
[2023-03-20 15:01:36,305] {logging_mixin.py:104} INFO - [2023-03-20 15:01:36,305] {dag.py:2280} INFO - Setting next_dagrun for example_branch_operator to 2023-03-18 00:00:00+00:00
[2023-03-20 15:01:36,311] {scheduler_job.py:190} INFO - Processing /home/airflow/.local/lib/python3.6/site-packages/airflow/example_dags/example_branch_operator.py took 0.065 seconds
[2023-03-20 15:02:06,722] {scheduler_job.py:182} INFO - Started process (PID=388) to work on /home/airflow/.local/lib/python3.6/site-packages/airflow/example_dags/example_branch_operator.py
[2023-03-20 15:02:06,724] {scheduler_job.py:629} INFO - Processing file /home/airflow/.local/lib/python3.6/site-packages/airflow/example_dags/example_branch_operator.py for tasks to queue
[2023-03-20 15:02:06,725] {logging_mixin.py:104} INFO - [2023-03-20 15:02:06,725] {dagbag.py:451} INFO - Filling up the DagBag from /home/airflow/.local/lib/python3.6/site-packages/airflow/example_dags/example_branch_operator.py
[2023-03-20 15:02:06,742] {scheduler_job.py:639} INFO - DAG(s) dict_keys(['example_branch_operator']) retrieved from /home/airflow/.local/lib/python3.6/site-packages/airflow/example_dags/example_branch_operator.py
[2023-03-20 15:02:06,762] {logging_mixin.py:104} INFO - [2023-03-20 15:02:06,762] {dag.py:1824} INFO - Sync 1 DAGs
[2023-03-20 15:02:06,777] {logging_mixin.py:104} INFO - [2023-03-20 15:02:06,777] {dag.py:2280} INFO - Setting next_dagrun for example_branch_operator to 2023-03-18 00:00:00+00:00
[2023-03-20 15:02:06,784] {scheduler_job.py:190} INFO - Processing /home/airflow/.local/lib/python3.6/site-packages/airflow/example_dags/example_branch_operator.py took 0.064 seconds
[2023-03-20 15:02:37,175] {scheduler_job.py:182} INFO - Started process (PID=414) to work on /home/airflow/.local/lib/python3.6/site-packages/airflow/example_dags/example_branch_operator.py
[2023-03-20 15:02:37,181] {scheduler_job.py:629} INFO - Processing file /home/airflow/.local/lib/python3.6/site-packages/airflow/example_dags/example_branch_operator.py for tasks to queue
[2023-03-20 15:02:37,182] {logging_mixin.py:104} INFO - [2023-03-20 15:02:37,182] {dagbag.py:451} INFO - Filling up the DagBag from /home/airflow/.local/lib/python3.6/site-packages/airflow/example_dags/example_branch_operator.py
[2023-03-20 15:02:37,194] {scheduler_job.py:639} INFO - DAG(s) dict_keys(['example_branch_operator']) retrieved from /home/airflow/.local/lib/python3.6/site-packages/airflow/example_dags/example_branch_operator.py
[2023-03-20 15:02:37,215] {logging_mixin.py:104} INFO - [2023-03-20 15:02:37,215] {dag.py:1824} INFO - Sync 1 DAGs
[2023-03-20 15:02:37,230] {logging_mixin.py:104} INFO - [2023-03-20 15:02:37,230] {dag.py:2280} INFO - Setting next_dagrun for example_branch_operator to 2023-03-18 00:00:00+00:00
[2023-03-20 15:02:37,237] {scheduler_job.py:190} INFO - Processing /home/airflow/.local/lib/python3.6/site-packages/airflow/example_dags/example_branch_operator.py took 0.065 seconds
[2023-03-20 15:03:07,663] {scheduler_job.py:182} INFO - Started process (PID=440) to work on /home/airflow/.local/lib/python3.6/site-packages/airflow/example_dags/example_branch_operator.py
[2023-03-20 15:03:07,665] {scheduler_job.py:629} INFO - Processing file /home/airflow/.local/lib/python3.6/site-packages/airflow/example_dags/example_branch_operator.py for tasks to queue
[2023-03-20 15:03:07,666] {logging_mixin.py:104} INFO - [2023-03-20 15:03:07,666] {dagbag.py:451} INFO - Filling up the DagBag from /home/airflow/.local/lib/python3.6/site-packages/airflow/example_dags/example_branch_operator.py
[2023-03-20 15:03:07,681] {scheduler_job.py:639} INFO - DAG(s) dict_keys(['example_branch_operator']) retrieved from /home/airflow/.local/lib/python3.6/site-packages/airflow/example_dags/example_branch_operator.py
[2023-03-20 15:03:07,701] {logging_mixin.py:104} INFO - [2023-03-20 15:03:07,701] {dag.py:1824} INFO - Sync 1 DAGs
[2023-03-20 15:03:07,717] {logging_mixin.py:104} INFO - [2023-03-20 15:03:07,717] {dag.py:2280} INFO - Setting next_dagrun for example_branch_operator to 2023-03-18 00:00:00+00:00
[2023-03-20 15:03:07,724] {scheduler_job.py:190} INFO - Processing /home/airflow/.local/lib/python3.6/site-packages/airflow/example_dags/example_branch_operator.py took 0.065 seconds
[2023-03-20 15:03:38,227] {scheduler_job.py:182} INFO - Started process (PID=466) to work on /home/airflow/.local/lib/python3.6/site-packages/airflow/example_dags/example_branch_operator.py
[2023-03-20 15:03:38,228] {scheduler_job.py:629} INFO - Processing file /home/airflow/.local/lib/python3.6/site-packages/airflow/example_dags/example_branch_operator.py for tasks to queue
[2023-03-20 15:03:38,229] {logging_mixin.py:104} INFO - [2023-03-20 15:03:38,229] {dagbag.py:451} INFO - Filling up the DagBag from /home/airflow/.local/lib/python3.6/site-packages/airflow/example_dags/example_branch_operator.py
[2023-03-20 15:03:38,243] {scheduler_job.py:639} INFO - DAG(s) dict_keys(['example_branch_operator']) retrieved from /home/airflow/.local/lib/python3.6/site-packages/airflow/example_dags/example_branch_operator.py
[2023-03-20 15:03:38,263] {logging_mixin.py:104} INFO - [2023-03-20 15:03:38,263] {dag.py:1824} INFO - Sync 1 DAGs
[2023-03-20 15:03:38,280] {logging_mixin.py:104} INFO - [2023-03-20 15:03:38,280] {dag.py:2280} INFO - Setting next_dagrun for example_branch_operator to 2023-03-18 00:00:00+00:00
[2023-03-20 15:03:38,287] {scheduler_job.py:190} INFO - Processing /home/airflow/.local/lib/python3.6/site-packages/airflow/example_dags/example_branch_operator.py took 0.064 seconds
[2023-03-20 15:04:08,807] {scheduler_job.py:182} INFO - Started process (PID=492) to work on /home/airflow/.local/lib/python3.6/site-packages/airflow/example_dags/example_branch_operator.py
[2023-03-20 15:04:08,809] {scheduler_job.py:629} INFO - Processing file /home/airflow/.local/lib/python3.6/site-packages/airflow/example_dags/example_branch_operator.py for tasks to queue
[2023-03-20 15:04:08,809] {logging_mixin.py:104} INFO - [2023-03-20 15:04:08,809] {dagbag.py:451} INFO - Filling up the DagBag from /home/airflow/.local/lib/python3.6/site-packages/airflow/example_dags/example_branch_operator.py
[2023-03-20 15:04:08,823] {scheduler_job.py:639} INFO - DAG(s) dict_keys(['example_branch_operator']) retrieved from /home/airflow/.local/lib/python3.6/site-packages/airflow/example_dags/example_branch_operator.py
[2023-03-20 15:04:08,844] {logging_mixin.py:104} INFO - [2023-03-20 15:04:08,844] {dag.py:1824} INFO - Sync 1 DAGs
[2023-03-20 15:04:08,859] {logging_mixin.py:104} INFO - [2023-03-20 15:04:08,859] {dag.py:2280} INFO - Setting next_dagrun for example_branch_operator to 2023-03-18 00:00:00+00:00
[2023-03-20 15:04:08,867] {scheduler_job.py:190} INFO - Processing /home/airflow/.local/lib/python3.6/site-packages/airflow/example_dags/example_branch_operator.py took 0.063 seconds
[2023-03-20 15:04:39,287] {scheduler_job.py:182} INFO - Started process (PID=518) to work on /home/airflow/.local/lib/python3.6/site-packages/airflow/example_dags/example_branch_operator.py
[2023-03-20 15:04:39,289] {scheduler_job.py:629} INFO - Processing file /home/airflow/.local/lib/python3.6/site-packages/airflow/example_dags/example_branch_operator.py for tasks to queue
[2023-03-20 15:04:39,290] {logging_mixin.py:104} INFO - [2023-03-20 15:04:39,290] {dagbag.py:451} INFO - Filling up the DagBag from /home/airflow/.local/lib/python3.6/site-packages/airflow/example_dags/example_branch_operator.py
[2023-03-20 15:04:39,307] {scheduler_job.py:639} INFO - DAG(s) dict_keys(['example_branch_operator']) retrieved from /home/airflow/.local/lib/python3.6/site-packages/airflow/example_dags/example_branch_operator.py
[2023-03-20 15:04:39,328] {logging_mixin.py:104} INFO - [2023-03-20 15:04:39,327] {dag.py:1824} INFO - Sync 1 DAGs
[2023-03-20 15:04:39,344] {logging_mixin.py:104} INFO - [2023-03-20 15:04:39,344] {dag.py:2280} INFO - Setting next_dagrun for example_branch_operator to 2023-03-18 00:00:00+00:00
[2023-03-20 15:04:39,351] {scheduler_job.py:190} INFO - Processing /home/airflow/.local/lib/python3.6/site-packages/airflow/example_dags/example_branch_operator.py took 0.067 seconds
[2023-03-20 15:05:09,872] {scheduler_job.py:182} INFO - Started process (PID=544) to work on /home/airflow/.local/lib/python3.6/site-packages/airflow/example_dags/example_branch_operator.py
[2023-03-20 15:05:09,873] {scheduler_job.py:629} INFO - Processing file /home/airflow/.local/lib/python3.6/site-packages/airflow/example_dags/example_branch_operator.py for tasks to queue
[2023-03-20 15:05:09,874] {logging_mixin.py:104} INFO - [2023-03-20 15:05:09,874] {dagbag.py:451} INFO - Filling up the DagBag from /home/airflow/.local/lib/python3.6/site-packages/airflow/example_dags/example_branch_operator.py
[2023-03-20 15:05:09,889] {scheduler_job.py:639} INFO - DAG(s) dict_keys(['example_branch_operator']) retrieved from /home/airflow/.local/lib/python3.6/site-packages/airflow/example_dags/example_branch_operator.py
[2023-03-20 15:05:09,909] {logging_mixin.py:104} INFO - [2023-03-20 15:05:09,909] {dag.py:1824} INFO - Sync 1 DAGs
[2023-03-20 15:05:09,925] {logging_mixin.py:104} INFO - [2023-03-20 15:05:09,925] {dag.py:2280} INFO - Setting next_dagrun for example_branch_operator to 2023-03-18 00:00:00+00:00
[2023-03-20 15:05:09,932] {scheduler_job.py:190} INFO - Processing /home/airflow/.local/lib/python3.6/site-packages/airflow/example_dags/example_branch_operator.py took 0.063 seconds
[2023-03-20 15:05:40,480] {scheduler_job.py:182} INFO - Started process (PID=570) to work on /home/airflow/.local/lib/python3.6/site-packages/airflow/example_dags/example_branch_operator.py
[2023-03-20 15:05:40,482] {scheduler_job.py:629} INFO - Processing file /home/airflow/.local/lib/python3.6/site-packages/airflow/example_dags/example_branch_operator.py for tasks to queue
[2023-03-20 15:05:40,483] {logging_mixin.py:104} INFO - [2023-03-20 15:05:40,483] {dagbag.py:451} INFO - Filling up the DagBag from /home/airflow/.local/lib/python3.6/site-packages/airflow/example_dags/example_branch_operator.py
[2023-03-20 15:05:40,497] {scheduler_job.py:639} INFO - DAG(s) dict_keys(['example_branch_operator']) retrieved from /home/airflow/.local/lib/python3.6/site-packages/airflow/example_dags/example_branch_operator.py
[2023-03-20 15:05:40,518] {logging_mixin.py:104} INFO - [2023-03-20 15:05:40,518] {dag.py:1824} INFO - Sync 1 DAGs
[2023-03-20 15:05:40,533] {logging_mixin.py:104} INFO - [2023-03-20 15:05:40,533] {dag.py:2280} INFO - Setting next_dagrun for example_branch_operator to 2023-03-18 00:00:00+00:00
[2023-03-20 15:05:40,541] {scheduler_job.py:190} INFO - Processing /home/airflow/.local/lib/python3.6/site-packages/airflow/example_dags/example_branch_operator.py took 0.064 seconds
[2023-03-20 15:06:11,087] {scheduler_job.py:182} INFO - Started process (PID=596) to work on /home/airflow/.local/lib/python3.6/site-packages/airflow/example_dags/example_branch_operator.py
[2023-03-20 15:06:11,089] {scheduler_job.py:629} INFO - Processing file /home/airflow/.local/lib/python3.6/site-packages/airflow/example_dags/example_branch_operator.py for tasks to queue
[2023-03-20 15:06:11,090] {logging_mixin.py:104} INFO - [2023-03-20 15:06:11,090] {dagbag.py:451} INFO - Filling up the DagBag from /home/airflow/.local/lib/python3.6/site-packages/airflow/example_dags/example_branch_operator.py
[2023-03-20 15:06:11,105] {scheduler_job.py:639} INFO - DAG(s) dict_keys(['example_branch_operator']) retrieved from /home/airflow/.local/lib/python3.6/site-packages/airflow/example_dags/example_branch_operator.py
[2023-03-20 15:06:11,125] {logging_mixin.py:104} INFO - [2023-03-20 15:06:11,125] {dag.py:1824} INFO - Sync 1 DAGs
[2023-03-20 15:06:11,141] {logging_mixin.py:104} INFO - [2023-03-20 15:06:11,141] {dag.py:2280} INFO - Setting next_dagrun for example_branch_operator to 2023-03-18 00:00:00+00:00
[2023-03-20 15:06:11,148] {scheduler_job.py:190} INFO - Processing /home/airflow/.local/lib/python3.6/site-packages/airflow/example_dags/example_branch_operator.py took 0.063 seconds
[2023-03-20 15:06:41,717] {scheduler_job.py:182} INFO - Started process (PID=622) to work on /home/airflow/.local/lib/python3.6/site-packages/airflow/example_dags/example_branch_operator.py
[2023-03-20 15:06:41,718] {scheduler_job.py:629} INFO - Processing file /home/airflow/.local/lib/python3.6/site-packages/airflow/example_dags/example_branch_operator.py for tasks to queue
[2023-03-20 15:06:41,719] {logging_mixin.py:104} INFO - [2023-03-20 15:06:41,719] {dagbag.py:451} INFO - Filling up the DagBag from /home/airflow/.local/lib/python3.6/site-packages/airflow/example_dags/example_branch_operator.py
[2023-03-20 15:06:41,733] {scheduler_job.py:639} INFO - DAG(s) dict_keys(['example_branch_operator']) retrieved from /home/airflow/.local/lib/python3.6/site-packages/airflow/example_dags/example_branch_operator.py
[2023-03-20 15:06:41,754] {logging_mixin.py:104} INFO - [2023-03-20 15:06:41,754] {dag.py:1824} INFO - Sync 1 DAGs
[2023-03-20 15:06:41,770] {logging_mixin.py:104} INFO - [2023-03-20 15:06:41,769] {dag.py:2280} INFO - Setting next_dagrun for example_branch_operator to 2023-03-18 00:00:00+00:00
[2023-03-20 15:06:41,776] {scheduler_job.py:190} INFO - Processing /home/airflow/.local/lib/python3.6/site-packages/airflow/example_dags/example_branch_operator.py took 0.063 seconds
[2023-03-20 15:07:12,475] {scheduler_job.py:182} INFO - Started process (PID=648) to work on /home/airflow/.local/lib/python3.6/site-packages/airflow/example_dags/example_branch_operator.py
[2023-03-20 15:07:12,477] {scheduler_job.py:629} INFO - Processing file /home/airflow/.local/lib/python3.6/site-packages/airflow/example_dags/example_branch_operator.py for tasks to queue
[2023-03-20 15:07:12,478] {logging_mixin.py:104} INFO - [2023-03-20 15:07:12,478] {dagbag.py:451} INFO - Filling up the DagBag from /home/airflow/.local/lib/python3.6/site-packages/airflow/example_dags/example_branch_operator.py
[2023-03-20 15:07:12,496] {scheduler_job.py:639} INFO - DAG(s) dict_keys(['example_branch_operator']) retrieved from /home/airflow/.local/lib/python3.6/site-packages/airflow/example_dags/example_branch_operator.py
[2023-03-20 15:07:12,519] {logging_mixin.py:104} INFO - [2023-03-20 15:07:12,518] {dag.py:1824} INFO - Sync 1 DAGs
[2023-03-20 15:07:12,536] {logging_mixin.py:104} INFO - [2023-03-20 15:07:12,535] {dag.py:2280} INFO - Setting next_dagrun for example_branch_operator to 2023-03-18 00:00:00+00:00
[2023-03-20 15:07:12,543] {scheduler_job.py:190} INFO - Processing /home/airflow/.local/lib/python3.6/site-packages/airflow/example_dags/example_branch_operator.py took 0.071 seconds
[2023-03-20 15:07:43,422] {scheduler_job.py:182} INFO - Started process (PID=674) to work on /home/airflow/.local/lib/python3.6/site-packages/airflow/example_dags/example_branch_operator.py
[2023-03-20 15:07:43,424] {scheduler_job.py:629} INFO - Processing file /home/airflow/.local/lib/python3.6/site-packages/airflow/example_dags/example_branch_operator.py for tasks to queue
[2023-03-20 15:07:43,426] {logging_mixin.py:104} INFO - [2023-03-20 15:07:43,426] {dagbag.py:451} INFO - Filling up the DagBag from /home/airflow/.local/lib/python3.6/site-packages/airflow/example_dags/example_branch_operator.py
[2023-03-20 15:07:43,440] {scheduler_job.py:639} INFO - DAG(s) dict_keys(['example_branch_operator']) retrieved from /home/airflow/.local/lib/python3.6/site-packages/airflow/example_dags/example_branch_operator.py
[2023-03-20 15:07:43,462] {logging_mixin.py:104} INFO - [2023-03-20 15:07:43,462] {dag.py:1824} INFO - Sync 1 DAGs
[2023-03-20 15:07:43,488] {logging_mixin.py:104} INFO - [2023-03-20 15:07:43,488] {dag.py:2280} INFO - Setting next_dagrun for example_branch_operator to 2023-03-18 00:00:00+00:00
[2023-03-20 15:07:43,511] {scheduler_job.py:190} INFO - Processing /home/airflow/.local/lib/python3.6/site-packages/airflow/example_dags/example_branch_operator.py took 0.093 seconds
[2023-03-20 15:08:14,154] {scheduler_job.py:182} INFO - Started process (PID=700) to work on /home/airflow/.local/lib/python3.6/site-packages/airflow/example_dags/example_branch_operator.py
[2023-03-20 15:08:14,156] {scheduler_job.py:629} INFO - Processing file /home/airflow/.local/lib/python3.6/site-packages/airflow/example_dags/example_branch_operator.py for tasks to queue
[2023-03-20 15:08:14,157] {logging_mixin.py:104} INFO - [2023-03-20 15:08:14,157] {dagbag.py:451} INFO - Filling up the DagBag from /home/airflow/.local/lib/python3.6/site-packages/airflow/example_dags/example_branch_operator.py
[2023-03-20 15:08:14,172] {scheduler_job.py:639} INFO - DAG(s) dict_keys(['example_branch_operator']) retrieved from /home/airflow/.local/lib/python3.6/site-packages/airflow/example_dags/example_branch_operator.py
[2023-03-20 15:08:14,193] {logging_mixin.py:104} INFO - [2023-03-20 15:08:14,193] {dag.py:1824} INFO - Sync 1 DAGs
[2023-03-20 15:08:14,211] {logging_mixin.py:104} INFO - [2023-03-20 15:08:14,211] {dag.py:2280} INFO - Setting next_dagrun for example_branch_operator to 2023-03-18 00:00:00+00:00
[2023-03-20 15:08:14,218] {scheduler_job.py:190} INFO - Processing /home/airflow/.local/lib/python3.6/site-packages/airflow/example_dags/example_branch_operator.py took 0.067 seconds
[2023-03-20 15:08:44,908] {scheduler_job.py:182} INFO - Started process (PID=726) to work on /home/airflow/.local/lib/python3.6/site-packages/airflow/example_dags/example_branch_operator.py
[2023-03-20 15:08:44,909] {scheduler_job.py:629} INFO - Processing file /home/airflow/.local/lib/python3.6/site-packages/airflow/example_dags/example_branch_operator.py for tasks to queue
[2023-03-20 15:08:44,910] {logging_mixin.py:104} INFO - [2023-03-20 15:08:44,910] {dagbag.py:451} INFO - Filling up the DagBag from /home/airflow/.local/lib/python3.6/site-packages/airflow/example_dags/example_branch_operator.py
[2023-03-20 15:08:44,927] {scheduler_job.py:639} INFO - DAG(s) dict_keys(['example_branch_operator']) retrieved from /home/airflow/.local/lib/python3.6/site-packages/airflow/example_dags/example_branch_operator.py
[2023-03-20 15:08:44,949] {logging_mixin.py:104} INFO - [2023-03-20 15:08:44,949] {dag.py:1824} INFO - Sync 1 DAGs
[2023-03-20 15:08:44,968] {logging_mixin.py:104} INFO - [2023-03-20 15:08:44,967] {dag.py:2280} INFO - Setting next_dagrun for example_branch_operator to 2023-03-18 00:00:00+00:00
[2023-03-20 15:08:44,976] {scheduler_job.py:190} INFO - Processing /home/airflow/.local/lib/python3.6/site-packages/airflow/example_dags/example_branch_operator.py took 0.071 seconds
[2023-03-20 15:09:15,717] {scheduler_job.py:182} INFO - Started process (PID=752) to work on /home/airflow/.local/lib/python3.6/site-packages/airflow/example_dags/example_branch_operator.py
[2023-03-20 15:09:15,718] {scheduler_job.py:629} INFO - Processing file /home/airflow/.local/lib/python3.6/site-packages/airflow/example_dags/example_branch_operator.py for tasks to queue
[2023-03-20 15:09:15,719] {logging_mixin.py:104} INFO - [2023-03-20 15:09:15,719] {dagbag.py:451} INFO - Filling up the DagBag from /home/airflow/.local/lib/python3.6/site-packages/airflow/example_dags/example_branch_operator.py
[2023-03-20 15:09:15,736] {scheduler_job.py:639} INFO - DAG(s) dict_keys(['example_branch_operator']) retrieved from /home/airflow/.local/lib/python3.6/site-packages/airflow/example_dags/example_branch_operator.py
[2023-03-20 15:09:15,762] {logging_mixin.py:104} INFO - [2023-03-20 15:09:15,762] {dag.py:1824} INFO - Sync 1 DAGs
[2023-03-20 15:09:15,780] {logging_mixin.py:104} INFO - [2023-03-20 15:09:15,780] {dag.py:2280} INFO - Setting next_dagrun for example_branch_operator to 2023-03-18 00:00:00+00:00
[2023-03-20 15:09:15,789] {scheduler_job.py:190} INFO - Processing /home/airflow/.local/lib/python3.6/site-packages/airflow/example_dags/example_branch_operator.py took 0.075 seconds
