[2023-03-20T11:13:34.243+0000] {processor.py:153} INFO - Started process (PID=76) to work on /home/airflow/.local/lib/python3.7/site-packages/airflow/example_dags/example_short_circuit_decorator.py
[2023-03-20T11:13:34.245+0000] {processor.py:743} INFO - Processing file /home/airflow/.local/lib/python3.7/site-packages/airflow/example_dags/example_short_circuit_decorator.py for tasks to queue
[2023-03-20T11:13:34.245+0000] {logging_mixin.py:137} INFO - [2023-03-20T11:13:34.245+0000] {dagbag.py:532} INFO - Filling up the DagBag from /home/airflow/.local/lib/python3.7/site-packages/airflow/example_dags/example_short_circuit_decorator.py
[2023-03-20T11:13:34.267+0000] {processor.py:753} INFO - DAG(s) dict_keys(['example_short_circuit_decorator']) retrieved from /home/airflow/.local/lib/python3.7/site-packages/airflow/example_dags/example_short_circuit_decorator.py
[2023-03-20T11:13:34.279+0000] {logging_mixin.py:137} INFO - [2023-03-20T11:13:34.279+0000] {dag.py:2693} INFO - Sync 1 DAGs
[2023-03-20T11:13:34.298+0000] {logging_mixin.py:137} INFO - [2023-03-20T11:13:34.298+0000] {dag.py:3444} INFO - Setting next_dagrun for example_short_circuit_decorator to 2023-03-19T11:13:34.297854+00:00, run_after=2023-03-20T11:13:34.297854+00:00
[2023-03-20T11:13:34.322+0000] {processor.py:175} INFO - Processing /home/airflow/.local/lib/python3.7/site-packages/airflow/example_dags/example_short_circuit_decorator.py took 0.081 seconds
[2023-03-20T11:14:04.497+0000] {processor.py:153} INFO - Started process (PID=125) to work on /home/airflow/.local/lib/python3.7/site-packages/airflow/example_dags/example_short_circuit_decorator.py
[2023-03-20T11:14:04.501+0000] {processor.py:743} INFO - Processing file /home/airflow/.local/lib/python3.7/site-packages/airflow/example_dags/example_short_circuit_decorator.py for tasks to queue
[2023-03-20T11:14:04.502+0000] {logging_mixin.py:137} INFO - [2023-03-20T11:14:04.502+0000] {dagbag.py:532} INFO - Filling up the DagBag from /home/airflow/.local/lib/python3.7/site-packages/airflow/example_dags/example_short_circuit_decorator.py
[2023-03-20T11:14:04.523+0000] {processor.py:753} INFO - DAG(s) dict_keys(['example_short_circuit_decorator']) retrieved from /home/airflow/.local/lib/python3.7/site-packages/airflow/example_dags/example_short_circuit_decorator.py
[2023-03-20T11:14:04.553+0000] {logging_mixin.py:137} INFO - [2023-03-20T11:14:04.553+0000] {dag.py:2693} INFO - Sync 1 DAGs
[2023-03-20T11:14:04.579+0000] {logging_mixin.py:137} INFO - [2023-03-20T11:14:04.579+0000] {dag.py:3444} INFO - Setting next_dagrun for example_short_circuit_decorator to 2023-03-19T11:14:04.579029+00:00, run_after=2023-03-20T11:14:04.579029+00:00
[2023-03-20T11:14:04.635+0000] {processor.py:175} INFO - Processing /home/airflow/.local/lib/python3.7/site-packages/airflow/example_dags/example_short_circuit_decorator.py took 0.141 seconds
[2023-03-20T11:14:35.351+0000] {processor.py:153} INFO - Started process (PID=175) to work on /home/airflow/.local/lib/python3.7/site-packages/airflow/example_dags/example_short_circuit_decorator.py
[2023-03-20T11:14:35.352+0000] {processor.py:743} INFO - Processing file /home/airflow/.local/lib/python3.7/site-packages/airflow/example_dags/example_short_circuit_decorator.py for tasks to queue
[2023-03-20T11:14:35.353+0000] {logging_mixin.py:137} INFO - [2023-03-20T11:14:35.353+0000] {dagbag.py:532} INFO - Filling up the DagBag from /home/airflow/.local/lib/python3.7/site-packages/airflow/example_dags/example_short_circuit_decorator.py
[2023-03-20T11:14:35.372+0000] {processor.py:753} INFO - DAG(s) dict_keys(['example_short_circuit_decorator']) retrieved from /home/airflow/.local/lib/python3.7/site-packages/airflow/example_dags/example_short_circuit_decorator.py
[2023-03-20T11:14:35.385+0000] {logging_mixin.py:137} INFO - [2023-03-20T11:14:35.385+0000] {dag.py:2693} INFO - Sync 1 DAGs
[2023-03-20T11:14:35.403+0000] {logging_mixin.py:137} INFO - [2023-03-20T11:14:35.403+0000] {dag.py:3444} INFO - Setting next_dagrun for example_short_circuit_decorator to 2023-03-19T11:14:35.403563+00:00, run_after=2023-03-20T11:14:35.403563+00:00
[2023-03-20T11:14:35.418+0000] {processor.py:175} INFO - Processing /home/airflow/.local/lib/python3.7/site-packages/airflow/example_dags/example_short_circuit_decorator.py took 0.070 seconds
[2023-03-20T11:15:06.188+0000] {processor.py:153} INFO - Started process (PID=224) to work on /home/airflow/.local/lib/python3.7/site-packages/airflow/example_dags/example_short_circuit_decorator.py
[2023-03-20T11:15:06.189+0000] {processor.py:743} INFO - Processing file /home/airflow/.local/lib/python3.7/site-packages/airflow/example_dags/example_short_circuit_decorator.py for tasks to queue
[2023-03-20T11:15:06.190+0000] {logging_mixin.py:137} INFO - [2023-03-20T11:15:06.190+0000] {dagbag.py:532} INFO - Filling up the DagBag from /home/airflow/.local/lib/python3.7/site-packages/airflow/example_dags/example_short_circuit_decorator.py
[2023-03-20T11:15:06.206+0000] {processor.py:753} INFO - DAG(s) dict_keys(['example_short_circuit_decorator']) retrieved from /home/airflow/.local/lib/python3.7/site-packages/airflow/example_dags/example_short_circuit_decorator.py
[2023-03-20T11:15:06.228+0000] {logging_mixin.py:137} INFO - [2023-03-20T11:15:06.228+0000] {dag.py:2693} INFO - Sync 1 DAGs
[2023-03-20T11:15:06.246+0000] {logging_mixin.py:137} INFO - [2023-03-20T11:15:06.245+0000] {dag.py:3444} INFO - Setting next_dagrun for example_short_circuit_decorator to 2023-03-19T11:15:06.245727+00:00, run_after=2023-03-20T11:15:06.245727+00:00
[2023-03-20T11:15:06.258+0000] {processor.py:175} INFO - Processing /home/airflow/.local/lib/python3.7/site-packages/airflow/example_dags/example_short_circuit_decorator.py took 0.073 seconds
[2023-03-20T11:15:36.744+0000] {processor.py:153} INFO - Started process (PID=273) to work on /home/airflow/.local/lib/python3.7/site-packages/airflow/example_dags/example_short_circuit_decorator.py
[2023-03-20T11:15:36.745+0000] {processor.py:743} INFO - Processing file /home/airflow/.local/lib/python3.7/site-packages/airflow/example_dags/example_short_circuit_decorator.py for tasks to queue
[2023-03-20T11:15:36.746+0000] {logging_mixin.py:137} INFO - [2023-03-20T11:15:36.746+0000] {dagbag.py:532} INFO - Filling up the DagBag from /home/airflow/.local/lib/python3.7/site-packages/airflow/example_dags/example_short_circuit_decorator.py
[2023-03-20T11:15:36.763+0000] {processor.py:753} INFO - DAG(s) dict_keys(['example_short_circuit_decorator']) retrieved from /home/airflow/.local/lib/python3.7/site-packages/airflow/example_dags/example_short_circuit_decorator.py
[2023-03-20T11:15:36.786+0000] {logging_mixin.py:137} INFO - [2023-03-20T11:15:36.786+0000] {dag.py:2693} INFO - Sync 1 DAGs
[2023-03-20T11:15:36.803+0000] {logging_mixin.py:137} INFO - [2023-03-20T11:15:36.803+0000] {dag.py:3444} INFO - Setting next_dagrun for example_short_circuit_decorator to 2023-03-19T11:15:36.803634+00:00, run_after=2023-03-20T11:15:36.803634+00:00
[2023-03-20T11:15:36.817+0000] {processor.py:175} INFO - Processing /home/airflow/.local/lib/python3.7/site-packages/airflow/example_dags/example_short_circuit_decorator.py took 0.076 seconds
[2023-03-20T11:16:07.163+0000] {processor.py:153} INFO - Started process (PID=322) to work on /home/airflow/.local/lib/python3.7/site-packages/airflow/example_dags/example_short_circuit_decorator.py
[2023-03-20T11:16:07.164+0000] {processor.py:743} INFO - Processing file /home/airflow/.local/lib/python3.7/site-packages/airflow/example_dags/example_short_circuit_decorator.py for tasks to queue
[2023-03-20T11:16:07.165+0000] {logging_mixin.py:137} INFO - [2023-03-20T11:16:07.165+0000] {dagbag.py:532} INFO - Filling up the DagBag from /home/airflow/.local/lib/python3.7/site-packages/airflow/example_dags/example_short_circuit_decorator.py
[2023-03-20T11:16:07.182+0000] {processor.py:753} INFO - DAG(s) dict_keys(['example_short_circuit_decorator']) retrieved from /home/airflow/.local/lib/python3.7/site-packages/airflow/example_dags/example_short_circuit_decorator.py
[2023-03-20T11:16:07.205+0000] {logging_mixin.py:137} INFO - [2023-03-20T11:16:07.205+0000] {dag.py:2693} INFO - Sync 1 DAGs
[2023-03-20T11:16:07.222+0000] {logging_mixin.py:137} INFO - [2023-03-20T11:16:07.221+0000] {dag.py:3444} INFO - Setting next_dagrun for example_short_circuit_decorator to 2023-03-19T11:16:07.221711+00:00, run_after=2023-03-20T11:16:07.221711+00:00
[2023-03-20T11:16:07.235+0000] {processor.py:175} INFO - Processing /home/airflow/.local/lib/python3.7/site-packages/airflow/example_dags/example_short_circuit_decorator.py took 0.075 seconds
[2023-03-20T11:16:37.674+0000] {processor.py:153} INFO - Started process (PID=371) to work on /home/airflow/.local/lib/python3.7/site-packages/airflow/example_dags/example_short_circuit_decorator.py
[2023-03-20T11:16:37.675+0000] {processor.py:743} INFO - Processing file /home/airflow/.local/lib/python3.7/site-packages/airflow/example_dags/example_short_circuit_decorator.py for tasks to queue
[2023-03-20T11:16:37.676+0000] {logging_mixin.py:137} INFO - [2023-03-20T11:16:37.676+0000] {dagbag.py:532} INFO - Filling up the DagBag from /home/airflow/.local/lib/python3.7/site-packages/airflow/example_dags/example_short_circuit_decorator.py
[2023-03-20T11:16:37.692+0000] {processor.py:753} INFO - DAG(s) dict_keys(['example_short_circuit_decorator']) retrieved from /home/airflow/.local/lib/python3.7/site-packages/airflow/example_dags/example_short_circuit_decorator.py
[2023-03-20T11:16:37.714+0000] {logging_mixin.py:137} INFO - [2023-03-20T11:16:37.714+0000] {dag.py:2693} INFO - Sync 1 DAGs
[2023-03-20T11:16:37.730+0000] {logging_mixin.py:137} INFO - [2023-03-20T11:16:37.730+0000] {dag.py:3444} INFO - Setting next_dagrun for example_short_circuit_decorator to 2023-03-19T11:16:37.730235+00:00, run_after=2023-03-20T11:16:37.730235+00:00
[2023-03-20T11:16:37.741+0000] {processor.py:175} INFO - Processing /home/airflow/.local/lib/python3.7/site-packages/airflow/example_dags/example_short_circuit_decorator.py took 0.070 seconds
[2023-03-20T11:17:08.555+0000] {processor.py:153} INFO - Started process (PID=420) to work on /home/airflow/.local/lib/python3.7/site-packages/airflow/example_dags/example_short_circuit_decorator.py
[2023-03-20T11:17:08.557+0000] {processor.py:743} INFO - Processing file /home/airflow/.local/lib/python3.7/site-packages/airflow/example_dags/example_short_circuit_decorator.py for tasks to queue
[2023-03-20T11:17:08.558+0000] {logging_mixin.py:137} INFO - [2023-03-20T11:17:08.557+0000] {dagbag.py:532} INFO - Filling up the DagBag from /home/airflow/.local/lib/python3.7/site-packages/airflow/example_dags/example_short_circuit_decorator.py
[2023-03-20T11:17:08.576+0000] {processor.py:753} INFO - DAG(s) dict_keys(['example_short_circuit_decorator']) retrieved from /home/airflow/.local/lib/python3.7/site-packages/airflow/example_dags/example_short_circuit_decorator.py
[2023-03-20T11:17:08.599+0000] {logging_mixin.py:137} INFO - [2023-03-20T11:17:08.599+0000] {dag.py:2693} INFO - Sync 1 DAGs
[2023-03-20T11:17:08.618+0000] {logging_mixin.py:137} INFO - [2023-03-20T11:17:08.618+0000] {dag.py:3444} INFO - Setting next_dagrun for example_short_circuit_decorator to 2023-03-19T11:17:08.618058+00:00, run_after=2023-03-20T11:17:08.618058+00:00
[2023-03-20T11:17:08.631+0000] {processor.py:175} INFO - Processing /home/airflow/.local/lib/python3.7/site-packages/airflow/example_dags/example_short_circuit_decorator.py took 0.079 seconds
[2023-03-20T11:17:39.115+0000] {processor.py:153} INFO - Started process (PID=469) to work on /home/airflow/.local/lib/python3.7/site-packages/airflow/example_dags/example_short_circuit_decorator.py
[2023-03-20T11:17:39.116+0000] {processor.py:743} INFO - Processing file /home/airflow/.local/lib/python3.7/site-packages/airflow/example_dags/example_short_circuit_decorator.py for tasks to queue
[2023-03-20T11:17:39.117+0000] {logging_mixin.py:137} INFO - [2023-03-20T11:17:39.117+0000] {dagbag.py:532} INFO - Filling up the DagBag from /home/airflow/.local/lib/python3.7/site-packages/airflow/example_dags/example_short_circuit_decorator.py
[2023-03-20T11:17:39.135+0000] {processor.py:753} INFO - DAG(s) dict_keys(['example_short_circuit_decorator']) retrieved from /home/airflow/.local/lib/python3.7/site-packages/airflow/example_dags/example_short_circuit_decorator.py
[2023-03-20T11:17:39.159+0000] {logging_mixin.py:137} INFO - [2023-03-20T11:17:39.159+0000] {dag.py:2693} INFO - Sync 1 DAGs
[2023-03-20T11:17:39.178+0000] {logging_mixin.py:137} INFO - [2023-03-20T11:17:39.178+0000] {dag.py:3444} INFO - Setting next_dagrun for example_short_circuit_decorator to 2023-03-19T11:17:39.178162+00:00, run_after=2023-03-20T11:17:39.178162+00:00
[2023-03-20T11:17:39.191+0000] {processor.py:175} INFO - Processing /home/airflow/.local/lib/python3.7/site-packages/airflow/example_dags/example_short_circuit_decorator.py took 0.081 seconds
[2023-03-20T11:18:09.753+0000] {processor.py:153} INFO - Started process (PID=519) to work on /home/airflow/.local/lib/python3.7/site-packages/airflow/example_dags/example_short_circuit_decorator.py
[2023-03-20T11:18:09.754+0000] {processor.py:743} INFO - Processing file /home/airflow/.local/lib/python3.7/site-packages/airflow/example_dags/example_short_circuit_decorator.py for tasks to queue
[2023-03-20T11:18:09.755+0000] {logging_mixin.py:137} INFO - [2023-03-20T11:18:09.755+0000] {dagbag.py:532} INFO - Filling up the DagBag from /home/airflow/.local/lib/python3.7/site-packages/airflow/example_dags/example_short_circuit_decorator.py
[2023-03-20T11:18:09.774+0000] {processor.py:753} INFO - DAG(s) dict_keys(['example_short_circuit_decorator']) retrieved from /home/airflow/.local/lib/python3.7/site-packages/airflow/example_dags/example_short_circuit_decorator.py
[2023-03-20T11:18:09.798+0000] {logging_mixin.py:137} INFO - [2023-03-20T11:18:09.798+0000] {dag.py:2693} INFO - Sync 1 DAGs
[2023-03-20T11:18:09.824+0000] {logging_mixin.py:137} INFO - [2023-03-20T11:18:09.824+0000] {dag.py:3444} INFO - Setting next_dagrun for example_short_circuit_decorator to 2023-03-19T11:18:09.824133+00:00, run_after=2023-03-20T11:18:09.824133+00:00
[2023-03-20T11:18:09.848+0000] {processor.py:175} INFO - Processing /home/airflow/.local/lib/python3.7/site-packages/airflow/example_dags/example_short_circuit_decorator.py took 0.098 seconds
[2023-03-20T11:18:40.242+0000] {processor.py:153} INFO - Started process (PID=567) to work on /home/airflow/.local/lib/python3.7/site-packages/airflow/example_dags/example_short_circuit_decorator.py
[2023-03-20T11:18:40.243+0000] {processor.py:743} INFO - Processing file /home/airflow/.local/lib/python3.7/site-packages/airflow/example_dags/example_short_circuit_decorator.py for tasks to queue
[2023-03-20T11:18:40.244+0000] {logging_mixin.py:137} INFO - [2023-03-20T11:18:40.244+0000] {dagbag.py:532} INFO - Filling up the DagBag from /home/airflow/.local/lib/python3.7/site-packages/airflow/example_dags/example_short_circuit_decorator.py
[2023-03-20T11:18:40.265+0000] {processor.py:753} INFO - DAG(s) dict_keys(['example_short_circuit_decorator']) retrieved from /home/airflow/.local/lib/python3.7/site-packages/airflow/example_dags/example_short_circuit_decorator.py
[2023-03-20T11:18:40.285+0000] {logging_mixin.py:137} INFO - [2023-03-20T11:18:40.285+0000] {dag.py:2693} INFO - Sync 1 DAGs
[2023-03-20T11:18:40.305+0000] {logging_mixin.py:137} INFO - [2023-03-20T11:18:40.305+0000] {dag.py:3444} INFO - Setting next_dagrun for example_short_circuit_decorator to 2023-03-19T11:18:40.305172+00:00, run_after=2023-03-20T11:18:40.305172+00:00
[2023-03-20T11:18:40.318+0000] {processor.py:175} INFO - Processing /home/airflow/.local/lib/python3.7/site-packages/airflow/example_dags/example_short_circuit_decorator.py took 0.079 seconds
[2023-03-20T11:19:10.629+0000] {processor.py:153} INFO - Started process (PID=616) to work on /home/airflow/.local/lib/python3.7/site-packages/airflow/example_dags/example_short_circuit_decorator.py
[2023-03-20T11:19:10.630+0000] {processor.py:743} INFO - Processing file /home/airflow/.local/lib/python3.7/site-packages/airflow/example_dags/example_short_circuit_decorator.py for tasks to queue
[2023-03-20T11:19:10.631+0000] {logging_mixin.py:137} INFO - [2023-03-20T11:19:10.631+0000] {dagbag.py:532} INFO - Filling up the DagBag from /home/airflow/.local/lib/python3.7/site-packages/airflow/example_dags/example_short_circuit_decorator.py
[2023-03-20T11:19:10.647+0000] {processor.py:753} INFO - DAG(s) dict_keys(['example_short_circuit_decorator']) retrieved from /home/airflow/.local/lib/python3.7/site-packages/airflow/example_dags/example_short_circuit_decorator.py
[2023-03-20T11:19:10.669+0000] {logging_mixin.py:137} INFO - [2023-03-20T11:19:10.669+0000] {dag.py:2693} INFO - Sync 1 DAGs
[2023-03-20T11:19:10.685+0000] {logging_mixin.py:137} INFO - [2023-03-20T11:19:10.685+0000] {dag.py:3444} INFO - Setting next_dagrun for example_short_circuit_decorator to 2023-03-19T11:19:10.685642+00:00, run_after=2023-03-20T11:19:10.685642+00:00
[2023-03-20T11:19:10.697+0000] {processor.py:175} INFO - Processing /home/airflow/.local/lib/python3.7/site-packages/airflow/example_dags/example_short_circuit_decorator.py took 0.071 seconds
[2023-03-20T11:19:40.987+0000] {processor.py:153} INFO - Started process (PID=665) to work on /home/airflow/.local/lib/python3.7/site-packages/airflow/example_dags/example_short_circuit_decorator.py
[2023-03-20T11:19:40.988+0000] {processor.py:743} INFO - Processing file /home/airflow/.local/lib/python3.7/site-packages/airflow/example_dags/example_short_circuit_decorator.py for tasks to queue
[2023-03-20T11:19:40.989+0000] {logging_mixin.py:137} INFO - [2023-03-20T11:19:40.989+0000] {dagbag.py:532} INFO - Filling up the DagBag from /home/airflow/.local/lib/python3.7/site-packages/airflow/example_dags/example_short_circuit_decorator.py
[2023-03-20T11:19:41.005+0000] {processor.py:753} INFO - DAG(s) dict_keys(['example_short_circuit_decorator']) retrieved from /home/airflow/.local/lib/python3.7/site-packages/airflow/example_dags/example_short_circuit_decorator.py
[2023-03-20T11:19:41.027+0000] {logging_mixin.py:137} INFO - [2023-03-20T11:19:41.027+0000] {dag.py:2693} INFO - Sync 1 DAGs
[2023-03-20T11:19:41.043+0000] {logging_mixin.py:137} INFO - [2023-03-20T11:19:41.043+0000] {dag.py:3444} INFO - Setting next_dagrun for example_short_circuit_decorator to 2023-03-19T11:19:41.043548+00:00, run_after=2023-03-20T11:19:41.043548+00:00
[2023-03-20T11:19:41.054+0000] {processor.py:175} INFO - Processing /home/airflow/.local/lib/python3.7/site-packages/airflow/example_dags/example_short_circuit_decorator.py took 0.070 seconds
[2023-03-20T11:20:11.375+0000] {processor.py:153} INFO - Started process (PID=714) to work on /home/airflow/.local/lib/python3.7/site-packages/airflow/example_dags/example_short_circuit_decorator.py
[2023-03-20T11:20:11.377+0000] {processor.py:743} INFO - Processing file /home/airflow/.local/lib/python3.7/site-packages/airflow/example_dags/example_short_circuit_decorator.py for tasks to queue
[2023-03-20T11:20:11.377+0000] {logging_mixin.py:137} INFO - [2023-03-20T11:20:11.377+0000] {dagbag.py:532} INFO - Filling up the DagBag from /home/airflow/.local/lib/python3.7/site-packages/airflow/example_dags/example_short_circuit_decorator.py
[2023-03-20T11:20:11.394+0000] {processor.py:753} INFO - DAG(s) dict_keys(['example_short_circuit_decorator']) retrieved from /home/airflow/.local/lib/python3.7/site-packages/airflow/example_dags/example_short_circuit_decorator.py
[2023-03-20T11:20:11.415+0000] {logging_mixin.py:137} INFO - [2023-03-20T11:20:11.415+0000] {dag.py:2693} INFO - Sync 1 DAGs
[2023-03-20T11:20:11.432+0000] {logging_mixin.py:137} INFO - [2023-03-20T11:20:11.432+0000] {dag.py:3444} INFO - Setting next_dagrun for example_short_circuit_decorator to 2023-03-19T11:20:11.432671+00:00, run_after=2023-03-20T11:20:11.432671+00:00
[2023-03-20T11:20:11.444+0000] {processor.py:175} INFO - Processing /home/airflow/.local/lib/python3.7/site-packages/airflow/example_dags/example_short_circuit_decorator.py took 0.071 seconds
[2023-03-20T11:20:41.826+0000] {processor.py:153} INFO - Started process (PID=763) to work on /home/airflow/.local/lib/python3.7/site-packages/airflow/example_dags/example_short_circuit_decorator.py
[2023-03-20T11:20:41.827+0000] {processor.py:743} INFO - Processing file /home/airflow/.local/lib/python3.7/site-packages/airflow/example_dags/example_short_circuit_decorator.py for tasks to queue
[2023-03-20T11:20:41.828+0000] {logging_mixin.py:137} INFO - [2023-03-20T11:20:41.828+0000] {dagbag.py:532} INFO - Filling up the DagBag from /home/airflow/.local/lib/python3.7/site-packages/airflow/example_dags/example_short_circuit_decorator.py
[2023-03-20T11:20:41.845+0000] {processor.py:753} INFO - DAG(s) dict_keys(['example_short_circuit_decorator']) retrieved from /home/airflow/.local/lib/python3.7/site-packages/airflow/example_dags/example_short_circuit_decorator.py
[2023-03-20T11:20:41.867+0000] {logging_mixin.py:137} INFO - [2023-03-20T11:20:41.867+0000] {dag.py:2693} INFO - Sync 1 DAGs
[2023-03-20T11:20:41.884+0000] {logging_mixin.py:137} INFO - [2023-03-20T11:20:41.884+0000] {dag.py:3444} INFO - Setting next_dagrun for example_short_circuit_decorator to 2023-03-19T11:20:41.884174+00:00, run_after=2023-03-20T11:20:41.884174+00:00
[2023-03-20T11:20:41.896+0000] {processor.py:175} INFO - Processing /home/airflow/.local/lib/python3.7/site-packages/airflow/example_dags/example_short_circuit_decorator.py took 0.073 seconds
[2023-03-20T11:21:12.231+0000] {processor.py:153} INFO - Started process (PID=812) to work on /home/airflow/.local/lib/python3.7/site-packages/airflow/example_dags/example_short_circuit_decorator.py
[2023-03-20T11:21:12.232+0000] {processor.py:743} INFO - Processing file /home/airflow/.local/lib/python3.7/site-packages/airflow/example_dags/example_short_circuit_decorator.py for tasks to queue
[2023-03-20T11:21:12.233+0000] {logging_mixin.py:137} INFO - [2023-03-20T11:21:12.233+0000] {dagbag.py:532} INFO - Filling up the DagBag from /home/airflow/.local/lib/python3.7/site-packages/airflow/example_dags/example_short_circuit_decorator.py
[2023-03-20T11:21:12.249+0000] {processor.py:753} INFO - DAG(s) dict_keys(['example_short_circuit_decorator']) retrieved from /home/airflow/.local/lib/python3.7/site-packages/airflow/example_dags/example_short_circuit_decorator.py
[2023-03-20T11:21:12.271+0000] {logging_mixin.py:137} INFO - [2023-03-20T11:21:12.271+0000] {dag.py:2693} INFO - Sync 1 DAGs
[2023-03-20T11:21:12.287+0000] {logging_mixin.py:137} INFO - [2023-03-20T11:21:12.287+0000] {dag.py:3444} INFO - Setting next_dagrun for example_short_circuit_decorator to 2023-03-19T11:21:12.287614+00:00, run_after=2023-03-20T11:21:12.287614+00:00
[2023-03-20T11:21:12.299+0000] {processor.py:175} INFO - Processing /home/airflow/.local/lib/python3.7/site-packages/airflow/example_dags/example_short_circuit_decorator.py took 0.071 seconds
[2023-03-20T11:21:42.537+0000] {processor.py:153} INFO - Started process (PID=861) to work on /home/airflow/.local/lib/python3.7/site-packages/airflow/example_dags/example_short_circuit_decorator.py
[2023-03-20T11:21:42.538+0000] {processor.py:743} INFO - Processing file /home/airflow/.local/lib/python3.7/site-packages/airflow/example_dags/example_short_circuit_decorator.py for tasks to queue
[2023-03-20T11:21:42.539+0000] {logging_mixin.py:137} INFO - [2023-03-20T11:21:42.539+0000] {dagbag.py:532} INFO - Filling up the DagBag from /home/airflow/.local/lib/python3.7/site-packages/airflow/example_dags/example_short_circuit_decorator.py
[2023-03-20T11:21:42.555+0000] {processor.py:753} INFO - DAG(s) dict_keys(['example_short_circuit_decorator']) retrieved from /home/airflow/.local/lib/python3.7/site-packages/airflow/example_dags/example_short_circuit_decorator.py
[2023-03-20T11:21:42.578+0000] {logging_mixin.py:137} INFO - [2023-03-20T11:21:42.578+0000] {dag.py:2693} INFO - Sync 1 DAGs
[2023-03-20T11:21:42.593+0000] {logging_mixin.py:137} INFO - [2023-03-20T11:21:42.593+0000] {dag.py:3444} INFO - Setting next_dagrun for example_short_circuit_decorator to 2023-03-19T11:21:42.593571+00:00, run_after=2023-03-20T11:21:42.593571+00:00
[2023-03-20T11:21:42.606+0000] {processor.py:175} INFO - Processing /home/airflow/.local/lib/python3.7/site-packages/airflow/example_dags/example_short_circuit_decorator.py took 0.071 seconds
[2023-03-20T11:22:12.921+0000] {processor.py:153} INFO - Started process (PID=910) to work on /home/airflow/.local/lib/python3.7/site-packages/airflow/example_dags/example_short_circuit_decorator.py
[2023-03-20T11:22:12.923+0000] {processor.py:743} INFO - Processing file /home/airflow/.local/lib/python3.7/site-packages/airflow/example_dags/example_short_circuit_decorator.py for tasks to queue
[2023-03-20T11:22:12.924+0000] {logging_mixin.py:137} INFO - [2023-03-20T11:22:12.924+0000] {dagbag.py:532} INFO - Filling up the DagBag from /home/airflow/.local/lib/python3.7/site-packages/airflow/example_dags/example_short_circuit_decorator.py
[2023-03-20T11:22:12.940+0000] {processor.py:753} INFO - DAG(s) dict_keys(['example_short_circuit_decorator']) retrieved from /home/airflow/.local/lib/python3.7/site-packages/airflow/example_dags/example_short_circuit_decorator.py
[2023-03-20T11:22:12.963+0000] {logging_mixin.py:137} INFO - [2023-03-20T11:22:12.963+0000] {dag.py:2693} INFO - Sync 1 DAGs
[2023-03-20T11:22:12.979+0000] {logging_mixin.py:137} INFO - [2023-03-20T11:22:12.978+0000] {dag.py:3444} INFO - Setting next_dagrun for example_short_circuit_decorator to 2023-03-19T11:22:12.978788+00:00, run_after=2023-03-20T11:22:12.978788+00:00
[2023-03-20T11:22:12.990+0000] {processor.py:175} INFO - Processing /home/airflow/.local/lib/python3.7/site-packages/airflow/example_dags/example_short_circuit_decorator.py took 0.072 seconds
[2023-03-20T11:22:43.864+0000] {processor.py:153} INFO - Started process (PID=959) to work on /home/airflow/.local/lib/python3.7/site-packages/airflow/example_dags/example_short_circuit_decorator.py
[2023-03-20T11:22:43.866+0000] {processor.py:743} INFO - Processing file /home/airflow/.local/lib/python3.7/site-packages/airflow/example_dags/example_short_circuit_decorator.py for tasks to queue
[2023-03-20T11:22:43.866+0000] {logging_mixin.py:137} INFO - [2023-03-20T11:22:43.866+0000] {dagbag.py:532} INFO - Filling up the DagBag from /home/airflow/.local/lib/python3.7/site-packages/airflow/example_dags/example_short_circuit_decorator.py
[2023-03-20T11:22:43.887+0000] {processor.py:753} INFO - DAG(s) dict_keys(['example_short_circuit_decorator']) retrieved from /home/airflow/.local/lib/python3.7/site-packages/airflow/example_dags/example_short_circuit_decorator.py
[2023-03-20T11:22:43.913+0000] {logging_mixin.py:137} INFO - [2023-03-20T11:22:43.913+0000] {dag.py:2693} INFO - Sync 1 DAGs
[2023-03-20T11:22:43.930+0000] {logging_mixin.py:137} INFO - [2023-03-20T11:22:43.930+0000] {dag.py:3444} INFO - Setting next_dagrun for example_short_circuit_decorator to 2023-03-19T11:22:43.930383+00:00, run_after=2023-03-20T11:22:43.930383+00:00
[2023-03-20T11:22:43.943+0000] {processor.py:175} INFO - Processing /home/airflow/.local/lib/python3.7/site-packages/airflow/example_dags/example_short_circuit_decorator.py took 0.083 seconds
[2023-03-20T11:23:14.261+0000] {processor.py:153} INFO - Started process (PID=1008) to work on /home/airflow/.local/lib/python3.7/site-packages/airflow/example_dags/example_short_circuit_decorator.py
[2023-03-20T11:23:14.263+0000] {processor.py:743} INFO - Processing file /home/airflow/.local/lib/python3.7/site-packages/airflow/example_dags/example_short_circuit_decorator.py for tasks to queue
[2023-03-20T11:23:14.263+0000] {logging_mixin.py:137} INFO - [2023-03-20T11:23:14.263+0000] {dagbag.py:532} INFO - Filling up the DagBag from /home/airflow/.local/lib/python3.7/site-packages/airflow/example_dags/example_short_circuit_decorator.py
[2023-03-20T11:23:14.280+0000] {processor.py:753} INFO - DAG(s) dict_keys(['example_short_circuit_decorator']) retrieved from /home/airflow/.local/lib/python3.7/site-packages/airflow/example_dags/example_short_circuit_decorator.py
[2023-03-20T11:23:14.303+0000] {logging_mixin.py:137} INFO - [2023-03-20T11:23:14.302+0000] {dag.py:2693} INFO - Sync 1 DAGs
[2023-03-20T11:23:14.319+0000] {logging_mixin.py:137} INFO - [2023-03-20T11:23:14.319+0000] {dag.py:3444} INFO - Setting next_dagrun for example_short_circuit_decorator to 2023-03-19T11:23:14.319279+00:00, run_after=2023-03-20T11:23:14.319279+00:00
[2023-03-20T11:23:14.331+0000] {processor.py:175} INFO - Processing /home/airflow/.local/lib/python3.7/site-packages/airflow/example_dags/example_short_circuit_decorator.py took 0.073 seconds
[2023-03-20T11:23:44.797+0000] {processor.py:153} INFO - Started process (PID=1057) to work on /home/airflow/.local/lib/python3.7/site-packages/airflow/example_dags/example_short_circuit_decorator.py
[2023-03-20T11:23:44.798+0000] {processor.py:743} INFO - Processing file /home/airflow/.local/lib/python3.7/site-packages/airflow/example_dags/example_short_circuit_decorator.py for tasks to queue
[2023-03-20T11:23:44.799+0000] {logging_mixin.py:137} INFO - [2023-03-20T11:23:44.799+0000] {dagbag.py:532} INFO - Filling up the DagBag from /home/airflow/.local/lib/python3.7/site-packages/airflow/example_dags/example_short_circuit_decorator.py
[2023-03-20T11:23:44.816+0000] {processor.py:753} INFO - DAG(s) dict_keys(['example_short_circuit_decorator']) retrieved from /home/airflow/.local/lib/python3.7/site-packages/airflow/example_dags/example_short_circuit_decorator.py
[2023-03-20T11:23:44.838+0000] {logging_mixin.py:137} INFO - [2023-03-20T11:23:44.838+0000] {dag.py:2693} INFO - Sync 1 DAGs
[2023-03-20T11:23:44.854+0000] {logging_mixin.py:137} INFO - [2023-03-20T11:23:44.854+0000] {dag.py:3444} INFO - Setting next_dagrun for example_short_circuit_decorator to 2023-03-19T11:23:44.854436+00:00, run_after=2023-03-20T11:23:44.854436+00:00
[2023-03-20T11:23:44.866+0000] {processor.py:175} INFO - Processing /home/airflow/.local/lib/python3.7/site-packages/airflow/example_dags/example_short_circuit_decorator.py took 0.072 seconds
