[2023-03-20T11:13:31.703+0000] {processor.py:153} INFO - Started process (PID=55) to work on /home/airflow/.local/lib/python3.7/site-packages/airflow/example_dags/example_latest_only.py
[2023-03-20T11:13:31.705+0000] {processor.py:743} INFO - Processing file /home/airflow/.local/lib/python3.7/site-packages/airflow/example_dags/example_latest_only.py for tasks to queue
[2023-03-20T11:13:31.706+0000] {logging_mixin.py:137} INFO - [2023-03-20T11:13:31.706+0000] {dagbag.py:532} INFO - Filling up the DagBag from /home/airflow/.local/lib/python3.7/site-packages/airflow/example_dags/example_latest_only.py
[2023-03-20T11:13:31.733+0000] {processor.py:753} INFO - DAG(s) dict_keys(['latest_only']) retrieved from /home/airflow/.local/lib/python3.7/site-packages/airflow/example_dags/example_latest_only.py
[2023-03-20T11:13:31.776+0000] {logging_mixin.py:137} INFO - [2023-03-20T11:13:31.775+0000] {dag.py:2693} INFO - Sync 1 DAGs
[2023-03-20T11:13:31.823+0000] {logging_mixin.py:137} INFO - [2023-03-20T11:13:31.823+0000] {dag.py:3444} INFO - Setting next_dagrun for latest_only to 2023-03-20T07:13:31.822631+00:00, run_after=2023-03-20T11:13:31.822631+00:00
[2023-03-20T11:13:31.851+0000] {processor.py:175} INFO - Processing /home/airflow/.local/lib/python3.7/site-packages/airflow/example_dags/example_latest_only.py took 0.151 seconds
[2023-03-20T11:14:02.703+0000] {processor.py:153} INFO - Started process (PID=104) to work on /home/airflow/.local/lib/python3.7/site-packages/airflow/example_dags/example_latest_only.py
[2023-03-20T11:14:02.704+0000] {processor.py:743} INFO - Processing file /home/airflow/.local/lib/python3.7/site-packages/airflow/example_dags/example_latest_only.py for tasks to queue
[2023-03-20T11:14:02.706+0000] {logging_mixin.py:137} INFO - [2023-03-20T11:14:02.706+0000] {dagbag.py:532} INFO - Filling up the DagBag from /home/airflow/.local/lib/python3.7/site-packages/airflow/example_dags/example_latest_only.py
[2023-03-20T11:14:02.728+0000] {processor.py:753} INFO - DAG(s) dict_keys(['latest_only']) retrieved from /home/airflow/.local/lib/python3.7/site-packages/airflow/example_dags/example_latest_only.py
[2023-03-20T11:14:02.809+0000] {logging_mixin.py:137} INFO - [2023-03-20T11:14:02.809+0000] {dag.py:2693} INFO - Sync 1 DAGs
[2023-03-20T11:14:02.863+0000] {logging_mixin.py:137} INFO - [2023-03-20T11:14:02.863+0000] {dag.py:3444} INFO - Setting next_dagrun for latest_only to 2023-03-20T07:14:02.863023+00:00, run_after=2023-03-20T11:14:02.863023+00:00
[2023-03-20T11:14:02.894+0000] {processor.py:175} INFO - Processing /home/airflow/.local/lib/python3.7/site-packages/airflow/example_dags/example_latest_only.py took 0.198 seconds
[2023-03-20T11:14:33.070+0000] {processor.py:153} INFO - Started process (PID=154) to work on /home/airflow/.local/lib/python3.7/site-packages/airflow/example_dags/example_latest_only.py
[2023-03-20T11:14:33.072+0000] {processor.py:743} INFO - Processing file /home/airflow/.local/lib/python3.7/site-packages/airflow/example_dags/example_latest_only.py for tasks to queue
[2023-03-20T11:14:33.073+0000] {logging_mixin.py:137} INFO - [2023-03-20T11:14:33.073+0000] {dagbag.py:532} INFO - Filling up the DagBag from /home/airflow/.local/lib/python3.7/site-packages/airflow/example_dags/example_latest_only.py
[2023-03-20T11:14:33.083+0000] {processor.py:753} INFO - DAG(s) dict_keys(['latest_only']) retrieved from /home/airflow/.local/lib/python3.7/site-packages/airflow/example_dags/example_latest_only.py
[2023-03-20T11:14:33.095+0000] {logging_mixin.py:137} INFO - [2023-03-20T11:14:33.095+0000] {dag.py:2693} INFO - Sync 1 DAGs
[2023-03-20T11:14:33.112+0000] {logging_mixin.py:137} INFO - [2023-03-20T11:14:33.112+0000] {dag.py:3444} INFO - Setting next_dagrun for latest_only to 2023-03-20T07:14:33.112617+00:00, run_after=2023-03-20T11:14:33.112617+00:00
[2023-03-20T11:14:33.124+0000] {processor.py:175} INFO - Processing /home/airflow/.local/lib/python3.7/site-packages/airflow/example_dags/example_latest_only.py took 0.058 seconds
[2023-03-20T11:15:03.970+0000] {processor.py:153} INFO - Started process (PID=203) to work on /home/airflow/.local/lib/python3.7/site-packages/airflow/example_dags/example_latest_only.py
[2023-03-20T11:15:03.972+0000] {processor.py:743} INFO - Processing file /home/airflow/.local/lib/python3.7/site-packages/airflow/example_dags/example_latest_only.py for tasks to queue
[2023-03-20T11:15:03.973+0000] {logging_mixin.py:137} INFO - [2023-03-20T11:15:03.973+0000] {dagbag.py:532} INFO - Filling up the DagBag from /home/airflow/.local/lib/python3.7/site-packages/airflow/example_dags/example_latest_only.py
[2023-03-20T11:15:03.986+0000] {processor.py:753} INFO - DAG(s) dict_keys(['latest_only']) retrieved from /home/airflow/.local/lib/python3.7/site-packages/airflow/example_dags/example_latest_only.py
[2023-03-20T11:15:04.006+0000] {logging_mixin.py:137} INFO - [2023-03-20T11:15:04.006+0000] {dag.py:2693} INFO - Sync 1 DAGs
[2023-03-20T11:15:04.025+0000] {logging_mixin.py:137} INFO - [2023-03-20T11:15:04.025+0000] {dag.py:3444} INFO - Setting next_dagrun for latest_only to 2023-03-20T07:15:04.025083+00:00, run_after=2023-03-20T11:15:04.025083+00:00
[2023-03-20T11:15:04.037+0000] {processor.py:175} INFO - Processing /home/airflow/.local/lib/python3.7/site-packages/airflow/example_dags/example_latest_only.py took 0.070 seconds
[2023-03-20T11:15:34.671+0000] {processor.py:153} INFO - Started process (PID=252) to work on /home/airflow/.local/lib/python3.7/site-packages/airflow/example_dags/example_latest_only.py
[2023-03-20T11:15:34.674+0000] {processor.py:743} INFO - Processing file /home/airflow/.local/lib/python3.7/site-packages/airflow/example_dags/example_latest_only.py for tasks to queue
[2023-03-20T11:15:34.675+0000] {logging_mixin.py:137} INFO - [2023-03-20T11:15:34.675+0000] {dagbag.py:532} INFO - Filling up the DagBag from /home/airflow/.local/lib/python3.7/site-packages/airflow/example_dags/example_latest_only.py
[2023-03-20T11:15:34.696+0000] {processor.py:753} INFO - DAG(s) dict_keys(['latest_only']) retrieved from /home/airflow/.local/lib/python3.7/site-packages/airflow/example_dags/example_latest_only.py
[2023-03-20T11:15:34.722+0000] {logging_mixin.py:137} INFO - [2023-03-20T11:15:34.722+0000] {dag.py:2693} INFO - Sync 1 DAGs
[2023-03-20T11:15:34.746+0000] {logging_mixin.py:137} INFO - [2023-03-20T11:15:34.746+0000] {dag.py:3444} INFO - Setting next_dagrun for latest_only to 2023-03-20T07:15:34.746175+00:00, run_after=2023-03-20T11:15:34.746175+00:00
[2023-03-20T11:15:34.776+0000] {processor.py:175} INFO - Processing /home/airflow/.local/lib/python3.7/site-packages/airflow/example_dags/example_latest_only.py took 0.110 seconds
[2023-03-20T11:16:05.091+0000] {processor.py:153} INFO - Started process (PID=301) to work on /home/airflow/.local/lib/python3.7/site-packages/airflow/example_dags/example_latest_only.py
[2023-03-20T11:16:05.092+0000] {processor.py:743} INFO - Processing file /home/airflow/.local/lib/python3.7/site-packages/airflow/example_dags/example_latest_only.py for tasks to queue
[2023-03-20T11:16:05.093+0000] {logging_mixin.py:137} INFO - [2023-03-20T11:16:05.093+0000] {dagbag.py:532} INFO - Filling up the DagBag from /home/airflow/.local/lib/python3.7/site-packages/airflow/example_dags/example_latest_only.py
[2023-03-20T11:16:05.103+0000] {processor.py:753} INFO - DAG(s) dict_keys(['latest_only']) retrieved from /home/airflow/.local/lib/python3.7/site-packages/airflow/example_dags/example_latest_only.py
[2023-03-20T11:16:05.123+0000] {logging_mixin.py:137} INFO - [2023-03-20T11:16:05.123+0000] {dag.py:2693} INFO - Sync 1 DAGs
[2023-03-20T11:16:05.138+0000] {logging_mixin.py:137} INFO - [2023-03-20T11:16:05.138+0000] {dag.py:3444} INFO - Setting next_dagrun for latest_only to 2023-03-20T07:16:05.138678+00:00, run_after=2023-03-20T11:16:05.138678+00:00
[2023-03-20T11:16:05.151+0000] {processor.py:175} INFO - Processing /home/airflow/.local/lib/python3.7/site-packages/airflow/example_dags/example_latest_only.py took 0.062 seconds
[2023-03-20T11:16:35.606+0000] {processor.py:153} INFO - Started process (PID=350) to work on /home/airflow/.local/lib/python3.7/site-packages/airflow/example_dags/example_latest_only.py
[2023-03-20T11:16:35.608+0000] {processor.py:743} INFO - Processing file /home/airflow/.local/lib/python3.7/site-packages/airflow/example_dags/example_latest_only.py for tasks to queue
[2023-03-20T11:16:35.609+0000] {logging_mixin.py:137} INFO - [2023-03-20T11:16:35.609+0000] {dagbag.py:532} INFO - Filling up the DagBag from /home/airflow/.local/lib/python3.7/site-packages/airflow/example_dags/example_latest_only.py
[2023-03-20T11:16:35.620+0000] {processor.py:753} INFO - DAG(s) dict_keys(['latest_only']) retrieved from /home/airflow/.local/lib/python3.7/site-packages/airflow/example_dags/example_latest_only.py
[2023-03-20T11:16:35.646+0000] {logging_mixin.py:137} INFO - [2023-03-20T11:16:35.646+0000] {dag.py:2693} INFO - Sync 1 DAGs
[2023-03-20T11:16:35.665+0000] {logging_mixin.py:137} INFO - [2023-03-20T11:16:35.665+0000] {dag.py:3444} INFO - Setting next_dagrun for latest_only to 2023-03-20T07:16:35.665172+00:00, run_after=2023-03-20T11:16:35.665172+00:00
[2023-03-20T11:16:35.679+0000] {processor.py:175} INFO - Processing /home/airflow/.local/lib/python3.7/site-packages/airflow/example_dags/example_latest_only.py took 0.075 seconds
[2023-03-20T11:17:06.089+0000] {processor.py:153} INFO - Started process (PID=399) to work on /home/airflow/.local/lib/python3.7/site-packages/airflow/example_dags/example_latest_only.py
[2023-03-20T11:17:06.091+0000] {processor.py:743} INFO - Processing file /home/airflow/.local/lib/python3.7/site-packages/airflow/example_dags/example_latest_only.py for tasks to queue
[2023-03-20T11:17:06.092+0000] {logging_mixin.py:137} INFO - [2023-03-20T11:17:06.092+0000] {dagbag.py:532} INFO - Filling up the DagBag from /home/airflow/.local/lib/python3.7/site-packages/airflow/example_dags/example_latest_only.py
[2023-03-20T11:17:06.106+0000] {processor.py:753} INFO - DAG(s) dict_keys(['latest_only']) retrieved from /home/airflow/.local/lib/python3.7/site-packages/airflow/example_dags/example_latest_only.py
[2023-03-20T11:17:06.144+0000] {logging_mixin.py:137} INFO - [2023-03-20T11:17:06.144+0000] {dag.py:2693} INFO - Sync 1 DAGs
[2023-03-20T11:17:06.163+0000] {logging_mixin.py:137} INFO - [2023-03-20T11:17:06.163+0000] {dag.py:3444} INFO - Setting next_dagrun for latest_only to 2023-03-20T07:17:06.163099+00:00, run_after=2023-03-20T11:17:06.163099+00:00
[2023-03-20T11:17:06.181+0000] {processor.py:175} INFO - Processing /home/airflow/.local/lib/python3.7/site-packages/airflow/example_dags/example_latest_only.py took 0.096 seconds
[2023-03-20T11:17:36.990+0000] {processor.py:153} INFO - Started process (PID=448) to work on /home/airflow/.local/lib/python3.7/site-packages/airflow/example_dags/example_latest_only.py
[2023-03-20T11:17:36.991+0000] {processor.py:743} INFO - Processing file /home/airflow/.local/lib/python3.7/site-packages/airflow/example_dags/example_latest_only.py for tasks to queue
[2023-03-20T11:17:36.992+0000] {logging_mixin.py:137} INFO - [2023-03-20T11:17:36.992+0000] {dagbag.py:532} INFO - Filling up the DagBag from /home/airflow/.local/lib/python3.7/site-packages/airflow/example_dags/example_latest_only.py
[2023-03-20T11:17:37.003+0000] {processor.py:753} INFO - DAG(s) dict_keys(['latest_only']) retrieved from /home/airflow/.local/lib/python3.7/site-packages/airflow/example_dags/example_latest_only.py
[2023-03-20T11:17:37.025+0000] {logging_mixin.py:137} INFO - [2023-03-20T11:17:37.025+0000] {dag.py:2693} INFO - Sync 1 DAGs
[2023-03-20T11:17:37.043+0000] {logging_mixin.py:137} INFO - [2023-03-20T11:17:37.043+0000] {dag.py:3444} INFO - Setting next_dagrun for latest_only to 2023-03-20T07:17:37.042863+00:00, run_after=2023-03-20T11:17:37.042863+00:00
[2023-03-20T11:17:37.055+0000] {processor.py:175} INFO - Processing /home/airflow/.local/lib/python3.7/site-packages/airflow/example_dags/example_latest_only.py took 0.068 seconds
[2023-03-20T11:18:07.425+0000] {processor.py:153} INFO - Started process (PID=497) to work on /home/airflow/.local/lib/python3.7/site-packages/airflow/example_dags/example_latest_only.py
[2023-03-20T11:18:07.428+0000] {processor.py:743} INFO - Processing file /home/airflow/.local/lib/python3.7/site-packages/airflow/example_dags/example_latest_only.py for tasks to queue
[2023-03-20T11:18:07.432+0000] {logging_mixin.py:137} INFO - [2023-03-20T11:18:07.431+0000] {dagbag.py:532} INFO - Filling up the DagBag from /home/airflow/.local/lib/python3.7/site-packages/airflow/example_dags/example_latest_only.py
[2023-03-20T11:18:07.448+0000] {processor.py:753} INFO - DAG(s) dict_keys(['latest_only']) retrieved from /home/airflow/.local/lib/python3.7/site-packages/airflow/example_dags/example_latest_only.py
[2023-03-20T11:18:07.469+0000] {logging_mixin.py:137} INFO - [2023-03-20T11:18:07.469+0000] {dag.py:2693} INFO - Sync 1 DAGs
[2023-03-20T11:18:07.486+0000] {logging_mixin.py:137} INFO - [2023-03-20T11:18:07.485+0000] {dag.py:3444} INFO - Setting next_dagrun for latest_only to 2023-03-20T07:18:07.485593+00:00, run_after=2023-03-20T11:18:07.485593+00:00
[2023-03-20T11:18:07.498+0000] {processor.py:175} INFO - Processing /home/airflow/.local/lib/python3.7/site-packages/airflow/example_dags/example_latest_only.py took 0.078 seconds
[2023-03-20T11:18:38.274+0000] {processor.py:153} INFO - Started process (PID=546) to work on /home/airflow/.local/lib/python3.7/site-packages/airflow/example_dags/example_latest_only.py
[2023-03-20T11:18:38.275+0000] {processor.py:743} INFO - Processing file /home/airflow/.local/lib/python3.7/site-packages/airflow/example_dags/example_latest_only.py for tasks to queue
[2023-03-20T11:18:38.276+0000] {logging_mixin.py:137} INFO - [2023-03-20T11:18:38.276+0000] {dagbag.py:532} INFO - Filling up the DagBag from /home/airflow/.local/lib/python3.7/site-packages/airflow/example_dags/example_latest_only.py
[2023-03-20T11:18:38.286+0000] {processor.py:753} INFO - DAG(s) dict_keys(['latest_only']) retrieved from /home/airflow/.local/lib/python3.7/site-packages/airflow/example_dags/example_latest_only.py
[2023-03-20T11:18:38.306+0000] {logging_mixin.py:137} INFO - [2023-03-20T11:18:38.306+0000] {dag.py:2693} INFO - Sync 1 DAGs
[2023-03-20T11:18:38.322+0000] {logging_mixin.py:137} INFO - [2023-03-20T11:18:38.322+0000] {dag.py:3444} INFO - Setting next_dagrun for latest_only to 2023-03-20T07:18:38.322435+00:00, run_after=2023-03-20T11:18:38.322435+00:00
[2023-03-20T11:18:38.334+0000] {processor.py:175} INFO - Processing /home/airflow/.local/lib/python3.7/site-packages/airflow/example_dags/example_latest_only.py took 0.062 seconds
[2023-03-20T11:19:08.672+0000] {processor.py:153} INFO - Started process (PID=595) to work on /home/airflow/.local/lib/python3.7/site-packages/airflow/example_dags/example_latest_only.py
[2023-03-20T11:19:08.673+0000] {processor.py:743} INFO - Processing file /home/airflow/.local/lib/python3.7/site-packages/airflow/example_dags/example_latest_only.py for tasks to queue
[2023-03-20T11:19:08.674+0000] {logging_mixin.py:137} INFO - [2023-03-20T11:19:08.673+0000] {dagbag.py:532} INFO - Filling up the DagBag from /home/airflow/.local/lib/python3.7/site-packages/airflow/example_dags/example_latest_only.py
[2023-03-20T11:19:08.684+0000] {processor.py:753} INFO - DAG(s) dict_keys(['latest_only']) retrieved from /home/airflow/.local/lib/python3.7/site-packages/airflow/example_dags/example_latest_only.py
[2023-03-20T11:19:08.704+0000] {logging_mixin.py:137} INFO - [2023-03-20T11:19:08.704+0000] {dag.py:2693} INFO - Sync 1 DAGs
[2023-03-20T11:19:08.720+0000] {logging_mixin.py:137} INFO - [2023-03-20T11:19:08.720+0000] {dag.py:3444} INFO - Setting next_dagrun for latest_only to 2023-03-20T07:19:08.719908+00:00, run_after=2023-03-20T11:19:08.719908+00:00
[2023-03-20T11:19:08.731+0000] {processor.py:175} INFO - Processing /home/airflow/.local/lib/python3.7/site-packages/airflow/example_dags/example_latest_only.py took 0.063 seconds
[2023-03-20T11:19:39.028+0000] {processor.py:153} INFO - Started process (PID=644) to work on /home/airflow/.local/lib/python3.7/site-packages/airflow/example_dags/example_latest_only.py
[2023-03-20T11:19:39.029+0000] {processor.py:743} INFO - Processing file /home/airflow/.local/lib/python3.7/site-packages/airflow/example_dags/example_latest_only.py for tasks to queue
[2023-03-20T11:19:39.030+0000] {logging_mixin.py:137} INFO - [2023-03-20T11:19:39.030+0000] {dagbag.py:532} INFO - Filling up the DagBag from /home/airflow/.local/lib/python3.7/site-packages/airflow/example_dags/example_latest_only.py
[2023-03-20T11:19:39.040+0000] {processor.py:753} INFO - DAG(s) dict_keys(['latest_only']) retrieved from /home/airflow/.local/lib/python3.7/site-packages/airflow/example_dags/example_latest_only.py
[2023-03-20T11:19:39.070+0000] {logging_mixin.py:137} INFO - [2023-03-20T11:19:39.070+0000] {dag.py:2693} INFO - Sync 1 DAGs
[2023-03-20T11:19:39.087+0000] {logging_mixin.py:137} INFO - [2023-03-20T11:19:39.086+0000] {dag.py:3444} INFO - Setting next_dagrun for latest_only to 2023-03-20T07:19:39.086788+00:00, run_after=2023-03-20T11:19:39.086788+00:00
[2023-03-20T11:19:39.098+0000] {processor.py:175} INFO - Processing /home/airflow/.local/lib/python3.7/site-packages/airflow/example_dags/example_latest_only.py took 0.073 seconds
[2023-03-20T11:20:09.391+0000] {processor.py:153} INFO - Started process (PID=693) to work on /home/airflow/.local/lib/python3.7/site-packages/airflow/example_dags/example_latest_only.py
[2023-03-20T11:20:09.392+0000] {processor.py:743} INFO - Processing file /home/airflow/.local/lib/python3.7/site-packages/airflow/example_dags/example_latest_only.py for tasks to queue
[2023-03-20T11:20:09.393+0000] {logging_mixin.py:137} INFO - [2023-03-20T11:20:09.393+0000] {dagbag.py:532} INFO - Filling up the DagBag from /home/airflow/.local/lib/python3.7/site-packages/airflow/example_dags/example_latest_only.py
[2023-03-20T11:20:09.403+0000] {processor.py:753} INFO - DAG(s) dict_keys(['latest_only']) retrieved from /home/airflow/.local/lib/python3.7/site-packages/airflow/example_dags/example_latest_only.py
[2023-03-20T11:20:09.424+0000] {logging_mixin.py:137} INFO - [2023-03-20T11:20:09.424+0000] {dag.py:2693} INFO - Sync 1 DAGs
[2023-03-20T11:20:09.439+0000] {logging_mixin.py:137} INFO - [2023-03-20T11:20:09.439+0000] {dag.py:3444} INFO - Setting next_dagrun for latest_only to 2023-03-20T07:20:09.439528+00:00, run_after=2023-03-20T11:20:09.439528+00:00
[2023-03-20T11:20:09.451+0000] {processor.py:175} INFO - Processing /home/airflow/.local/lib/python3.7/site-packages/airflow/example_dags/example_latest_only.py took 0.063 seconds
[2023-03-20T11:20:39.861+0000] {processor.py:153} INFO - Started process (PID=742) to work on /home/airflow/.local/lib/python3.7/site-packages/airflow/example_dags/example_latest_only.py
[2023-03-20T11:20:39.863+0000] {processor.py:743} INFO - Processing file /home/airflow/.local/lib/python3.7/site-packages/airflow/example_dags/example_latest_only.py for tasks to queue
[2023-03-20T11:20:39.864+0000] {logging_mixin.py:137} INFO - [2023-03-20T11:20:39.863+0000] {dagbag.py:532} INFO - Filling up the DagBag from /home/airflow/.local/lib/python3.7/site-packages/airflow/example_dags/example_latest_only.py
[2023-03-20T11:20:39.874+0000] {processor.py:753} INFO - DAG(s) dict_keys(['latest_only']) retrieved from /home/airflow/.local/lib/python3.7/site-packages/airflow/example_dags/example_latest_only.py
[2023-03-20T11:20:39.897+0000] {logging_mixin.py:137} INFO - [2023-03-20T11:20:39.897+0000] {dag.py:2693} INFO - Sync 1 DAGs
[2023-03-20T11:20:39.913+0000] {logging_mixin.py:137} INFO - [2023-03-20T11:20:39.913+0000] {dag.py:3444} INFO - Setting next_dagrun for latest_only to 2023-03-20T07:20:39.913309+00:00, run_after=2023-03-20T11:20:39.913309+00:00
[2023-03-20T11:20:39.925+0000] {processor.py:175} INFO - Processing /home/airflow/.local/lib/python3.7/site-packages/airflow/example_dags/example_latest_only.py took 0.067 seconds
[2023-03-20T11:21:10.155+0000] {processor.py:153} INFO - Started process (PID=791) to work on /home/airflow/.local/lib/python3.7/site-packages/airflow/example_dags/example_latest_only.py
[2023-03-20T11:21:10.156+0000] {processor.py:743} INFO - Processing file /home/airflow/.local/lib/python3.7/site-packages/airflow/example_dags/example_latest_only.py for tasks to queue
[2023-03-20T11:21:10.156+0000] {logging_mixin.py:137} INFO - [2023-03-20T11:21:10.156+0000] {dagbag.py:532} INFO - Filling up the DagBag from /home/airflow/.local/lib/python3.7/site-packages/airflow/example_dags/example_latest_only.py
[2023-03-20T11:21:10.166+0000] {processor.py:753} INFO - DAG(s) dict_keys(['latest_only']) retrieved from /home/airflow/.local/lib/python3.7/site-packages/airflow/example_dags/example_latest_only.py
[2023-03-20T11:21:10.186+0000] {logging_mixin.py:137} INFO - [2023-03-20T11:21:10.186+0000] {dag.py:2693} INFO - Sync 1 DAGs
[2023-03-20T11:21:10.202+0000] {logging_mixin.py:137} INFO - [2023-03-20T11:21:10.202+0000] {dag.py:3444} INFO - Setting next_dagrun for latest_only to 2023-03-20T07:21:10.201922+00:00, run_after=2023-03-20T11:21:10.201922+00:00
[2023-03-20T11:21:10.213+0000] {processor.py:175} INFO - Processing /home/airflow/.local/lib/python3.7/site-packages/airflow/example_dags/example_latest_only.py took 0.062 seconds
[2023-03-20T11:21:40.578+0000] {processor.py:153} INFO - Started process (PID=840) to work on /home/airflow/.local/lib/python3.7/site-packages/airflow/example_dags/example_latest_only.py
[2023-03-20T11:21:40.579+0000] {processor.py:743} INFO - Processing file /home/airflow/.local/lib/python3.7/site-packages/airflow/example_dags/example_latest_only.py for tasks to queue
[2023-03-20T11:21:40.580+0000] {logging_mixin.py:137} INFO - [2023-03-20T11:21:40.580+0000] {dagbag.py:532} INFO - Filling up the DagBag from /home/airflow/.local/lib/python3.7/site-packages/airflow/example_dags/example_latest_only.py
[2023-03-20T11:21:40.590+0000] {processor.py:753} INFO - DAG(s) dict_keys(['latest_only']) retrieved from /home/airflow/.local/lib/python3.7/site-packages/airflow/example_dags/example_latest_only.py
[2023-03-20T11:21:40.622+0000] {logging_mixin.py:137} INFO - [2023-03-20T11:21:40.621+0000] {dag.py:2693} INFO - Sync 1 DAGs
[2023-03-20T11:21:40.638+0000] {logging_mixin.py:137} INFO - [2023-03-20T11:21:40.638+0000] {dag.py:3444} INFO - Setting next_dagrun for latest_only to 2023-03-20T07:21:40.638597+00:00, run_after=2023-03-20T11:21:40.638597+00:00
[2023-03-20T11:21:40.650+0000] {processor.py:175} INFO - Processing /home/airflow/.local/lib/python3.7/site-packages/airflow/example_dags/example_latest_only.py took 0.075 seconds
[2023-03-20T11:22:10.929+0000] {processor.py:153} INFO - Started process (PID=889) to work on /home/airflow/.local/lib/python3.7/site-packages/airflow/example_dags/example_latest_only.py
[2023-03-20T11:22:10.931+0000] {processor.py:743} INFO - Processing file /home/airflow/.local/lib/python3.7/site-packages/airflow/example_dags/example_latest_only.py for tasks to queue
[2023-03-20T11:22:10.931+0000] {logging_mixin.py:137} INFO - [2023-03-20T11:22:10.931+0000] {dagbag.py:532} INFO - Filling up the DagBag from /home/airflow/.local/lib/python3.7/site-packages/airflow/example_dags/example_latest_only.py
[2023-03-20T11:22:10.941+0000] {processor.py:753} INFO - DAG(s) dict_keys(['latest_only']) retrieved from /home/airflow/.local/lib/python3.7/site-packages/airflow/example_dags/example_latest_only.py
[2023-03-20T11:22:10.961+0000] {logging_mixin.py:137} INFO - [2023-03-20T11:22:10.961+0000] {dag.py:2693} INFO - Sync 1 DAGs
[2023-03-20T11:22:10.978+0000] {logging_mixin.py:137} INFO - [2023-03-20T11:22:10.978+0000] {dag.py:3444} INFO - Setting next_dagrun for latest_only to 2023-03-20T07:22:10.978099+00:00, run_after=2023-03-20T11:22:10.978099+00:00
[2023-03-20T11:22:10.989+0000] {processor.py:175} INFO - Processing /home/airflow/.local/lib/python3.7/site-packages/airflow/example_dags/example_latest_only.py took 0.063 seconds
[2023-03-20T11:22:41.724+0000] {processor.py:153} INFO - Started process (PID=938) to work on /home/airflow/.local/lib/python3.7/site-packages/airflow/example_dags/example_latest_only.py
[2023-03-20T11:22:41.725+0000] {processor.py:743} INFO - Processing file /home/airflow/.local/lib/python3.7/site-packages/airflow/example_dags/example_latest_only.py for tasks to queue
[2023-03-20T11:22:41.726+0000] {logging_mixin.py:137} INFO - [2023-03-20T11:22:41.726+0000] {dagbag.py:532} INFO - Filling up the DagBag from /home/airflow/.local/lib/python3.7/site-packages/airflow/example_dags/example_latest_only.py
[2023-03-20T11:22:41.738+0000] {processor.py:753} INFO - DAG(s) dict_keys(['latest_only']) retrieved from /home/airflow/.local/lib/python3.7/site-packages/airflow/example_dags/example_latest_only.py
[2023-03-20T11:22:41.762+0000] {logging_mixin.py:137} INFO - [2023-03-20T11:22:41.762+0000] {dag.py:2693} INFO - Sync 1 DAGs
[2023-03-20T11:22:41.779+0000] {logging_mixin.py:137} INFO - [2023-03-20T11:22:41.779+0000] {dag.py:3444} INFO - Setting next_dagrun for latest_only to 2023-03-20T07:22:41.779582+00:00, run_after=2023-03-20T11:22:41.779582+00:00
[2023-03-20T11:22:41.791+0000] {processor.py:175} INFO - Processing /home/airflow/.local/lib/python3.7/site-packages/airflow/example_dags/example_latest_only.py took 0.070 seconds
[2023-03-20T11:23:12.217+0000] {processor.py:153} INFO - Started process (PID=987) to work on /home/airflow/.local/lib/python3.7/site-packages/airflow/example_dags/example_latest_only.py
[2023-03-20T11:23:12.218+0000] {processor.py:743} INFO - Processing file /home/airflow/.local/lib/python3.7/site-packages/airflow/example_dags/example_latest_only.py for tasks to queue
[2023-03-20T11:23:12.218+0000] {logging_mixin.py:137} INFO - [2023-03-20T11:23:12.218+0000] {dagbag.py:532} INFO - Filling up the DagBag from /home/airflow/.local/lib/python3.7/site-packages/airflow/example_dags/example_latest_only.py
[2023-03-20T11:23:12.228+0000] {processor.py:753} INFO - DAG(s) dict_keys(['latest_only']) retrieved from /home/airflow/.local/lib/python3.7/site-packages/airflow/example_dags/example_latest_only.py
[2023-03-20T11:23:12.248+0000] {logging_mixin.py:137} INFO - [2023-03-20T11:23:12.248+0000] {dag.py:2693} INFO - Sync 1 DAGs
[2023-03-20T11:23:12.265+0000] {logging_mixin.py:137} INFO - [2023-03-20T11:23:12.265+0000] {dag.py:3444} INFO - Setting next_dagrun for latest_only to 2023-03-20T07:23:12.264878+00:00, run_after=2023-03-20T11:23:12.264878+00:00
[2023-03-20T11:23:12.277+0000] {processor.py:175} INFO - Processing /home/airflow/.local/lib/python3.7/site-packages/airflow/example_dags/example_latest_only.py took 0.063 seconds
[2023-03-20T11:23:42.758+0000] {processor.py:153} INFO - Started process (PID=1036) to work on /home/airflow/.local/lib/python3.7/site-packages/airflow/example_dags/example_latest_only.py
[2023-03-20T11:23:42.759+0000] {processor.py:743} INFO - Processing file /home/airflow/.local/lib/python3.7/site-packages/airflow/example_dags/example_latest_only.py for tasks to queue
[2023-03-20T11:23:42.760+0000] {logging_mixin.py:137} INFO - [2023-03-20T11:23:42.760+0000] {dagbag.py:532} INFO - Filling up the DagBag from /home/airflow/.local/lib/python3.7/site-packages/airflow/example_dags/example_latest_only.py
[2023-03-20T11:23:42.771+0000] {processor.py:753} INFO - DAG(s) dict_keys(['latest_only']) retrieved from /home/airflow/.local/lib/python3.7/site-packages/airflow/example_dags/example_latest_only.py
[2023-03-20T11:23:42.793+0000] {logging_mixin.py:137} INFO - [2023-03-20T11:23:42.793+0000] {dag.py:2693} INFO - Sync 1 DAGs
[2023-03-20T11:23:42.810+0000] {logging_mixin.py:137} INFO - [2023-03-20T11:23:42.810+0000] {dag.py:3444} INFO - Setting next_dagrun for latest_only to 2023-03-20T07:23:42.810215+00:00, run_after=2023-03-20T11:23:42.810215+00:00
[2023-03-20T11:23:42.823+0000] {processor.py:175} INFO - Processing /home/airflow/.local/lib/python3.7/site-packages/airflow/example_dags/example_latest_only.py took 0.068 seconds
[2023-03-20 11:37:59,542] {scheduler_job.py:182} INFO - Started process (PID=39) to work on /home/airflow/.local/lib/python3.6/site-packages/airflow/example_dags/example_latest_only.py
[2023-03-20 11:37:59,550] {scheduler_job.py:629} INFO - Processing file /home/airflow/.local/lib/python3.6/site-packages/airflow/example_dags/example_latest_only.py for tasks to queue
[2023-03-20 11:37:59,554] {logging_mixin.py:104} INFO - [2023-03-20 11:37:59,553] {dagbag.py:451} INFO - Filling up the DagBag from /home/airflow/.local/lib/python3.6/site-packages/airflow/example_dags/example_latest_only.py
[2023-03-20 11:37:59,578] {scheduler_job.py:639} INFO - DAG(s) dict_keys(['latest_only']) retrieved from /home/airflow/.local/lib/python3.6/site-packages/airflow/example_dags/example_latest_only.py
[2023-03-20 11:37:59,629] {logging_mixin.py:104} INFO - [2023-03-20 11:37:59,629] {dag.py:1824} INFO - Sync 1 DAGs
[2023-03-20 11:37:59,654] {logging_mixin.py:104} INFO - [2023-03-20 11:37:59,654] {dag.py:1843} INFO - Creating ORM DAG for latest_only
[2023-03-20 11:37:59,666] {logging_mixin.py:104} INFO - [2023-03-20 11:37:59,666] {dag.py:2280} INFO - Setting next_dagrun for latest_only to 2023-03-18 00:00:00+00:00
[2023-03-20 11:37:59,689] {scheduler_job.py:190} INFO - Processing /home/airflow/.local/lib/python3.6/site-packages/airflow/example_dags/example_latest_only.py took 0.152 seconds
[2023-03-20 11:38:29,715] {scheduler_job.py:182} INFO - Started process (PID=65) to work on /home/airflow/.local/lib/python3.6/site-packages/airflow/example_dags/example_latest_only.py
[2023-03-20 11:38:29,717] {scheduler_job.py:629} INFO - Processing file /home/airflow/.local/lib/python3.6/site-packages/airflow/example_dags/example_latest_only.py for tasks to queue
[2023-03-20 11:38:29,718] {logging_mixin.py:104} INFO - [2023-03-20 11:38:29,718] {dagbag.py:451} INFO - Filling up the DagBag from /home/airflow/.local/lib/python3.6/site-packages/airflow/example_dags/example_latest_only.py
[2023-03-20 11:38:29,728] {scheduler_job.py:639} INFO - DAG(s) dict_keys(['latest_only']) retrieved from /home/airflow/.local/lib/python3.6/site-packages/airflow/example_dags/example_latest_only.py
[2023-03-20 11:38:29,751] {logging_mixin.py:104} INFO - [2023-03-20 11:38:29,751] {dag.py:1824} INFO - Sync 1 DAGs
[2023-03-20 11:38:29,767] {logging_mixin.py:104} INFO - [2023-03-20 11:38:29,767] {dag.py:2280} INFO - Setting next_dagrun for latest_only to 2023-03-18 00:00:00+00:00
[2023-03-20 11:38:29,775] {scheduler_job.py:190} INFO - Processing /home/airflow/.local/lib/python3.6/site-packages/airflow/example_dags/example_latest_only.py took 0.062 seconds
[2023-03-20 11:39:00,623] {scheduler_job.py:182} INFO - Started process (PID=91) to work on /home/airflow/.local/lib/python3.6/site-packages/airflow/example_dags/example_latest_only.py
[2023-03-20 11:39:00,624] {scheduler_job.py:629} INFO - Processing file /home/airflow/.local/lib/python3.6/site-packages/airflow/example_dags/example_latest_only.py for tasks to queue
[2023-03-20 11:39:00,626] {logging_mixin.py:104} INFO - [2023-03-20 11:39:00,625] {dagbag.py:451} INFO - Filling up the DagBag from /home/airflow/.local/lib/python3.6/site-packages/airflow/example_dags/example_latest_only.py
[2023-03-20 11:39:00,640] {scheduler_job.py:639} INFO - DAG(s) dict_keys(['latest_only']) retrieved from /home/airflow/.local/lib/python3.6/site-packages/airflow/example_dags/example_latest_only.py
[2023-03-20 11:39:00,662] {logging_mixin.py:104} INFO - [2023-03-20 11:39:00,661] {dag.py:1824} INFO - Sync 1 DAGs
[2023-03-20 11:39:00,676] {logging_mixin.py:104} INFO - [2023-03-20 11:39:00,676] {dag.py:2280} INFO - Setting next_dagrun for latest_only to 2023-03-18 00:00:00+00:00
[2023-03-20 11:39:00,684] {scheduler_job.py:190} INFO - Processing /home/airflow/.local/lib/python3.6/site-packages/airflow/example_dags/example_latest_only.py took 0.065 seconds
[2023-03-20 11:39:31,318] {scheduler_job.py:182} INFO - Started process (PID=117) to work on /home/airflow/.local/lib/python3.6/site-packages/airflow/example_dags/example_latest_only.py
[2023-03-20 11:39:31,320] {scheduler_job.py:629} INFO - Processing file /home/airflow/.local/lib/python3.6/site-packages/airflow/example_dags/example_latest_only.py for tasks to queue
[2023-03-20 11:39:31,321] {logging_mixin.py:104} INFO - [2023-03-20 11:39:31,321] {dagbag.py:451} INFO - Filling up the DagBag from /home/airflow/.local/lib/python3.6/site-packages/airflow/example_dags/example_latest_only.py
[2023-03-20 11:39:31,330] {scheduler_job.py:639} INFO - DAG(s) dict_keys(['latest_only']) retrieved from /home/airflow/.local/lib/python3.6/site-packages/airflow/example_dags/example_latest_only.py
[2023-03-20 11:39:31,350] {logging_mixin.py:104} INFO - [2023-03-20 11:39:31,350] {dag.py:1824} INFO - Sync 1 DAGs
[2023-03-20 11:39:31,364] {logging_mixin.py:104} INFO - [2023-03-20 11:39:31,364] {dag.py:2280} INFO - Setting next_dagrun for latest_only to 2023-03-18 00:00:00+00:00
[2023-03-20 11:39:31,371] {scheduler_job.py:190} INFO - Processing /home/airflow/.local/lib/python3.6/site-packages/airflow/example_dags/example_latest_only.py took 0.055 seconds
[2023-03-20 11:40:02,006] {scheduler_job.py:182} INFO - Started process (PID=143) to work on /home/airflow/.local/lib/python3.6/site-packages/airflow/example_dags/example_latest_only.py
[2023-03-20 11:40:02,007] {scheduler_job.py:629} INFO - Processing file /home/airflow/.local/lib/python3.6/site-packages/airflow/example_dags/example_latest_only.py for tasks to queue
[2023-03-20 11:40:02,008] {logging_mixin.py:104} INFO - [2023-03-20 11:40:02,008] {dagbag.py:451} INFO - Filling up the DagBag from /home/airflow/.local/lib/python3.6/site-packages/airflow/example_dags/example_latest_only.py
[2023-03-20 11:40:02,018] {scheduler_job.py:639} INFO - DAG(s) dict_keys(['latest_only']) retrieved from /home/airflow/.local/lib/python3.6/site-packages/airflow/example_dags/example_latest_only.py
[2023-03-20 11:40:02,038] {logging_mixin.py:104} INFO - [2023-03-20 11:40:02,038] {dag.py:1824} INFO - Sync 1 DAGs
[2023-03-20 11:40:02,053] {logging_mixin.py:104} INFO - [2023-03-20 11:40:02,052] {dag.py:2280} INFO - Setting next_dagrun for latest_only to 2023-03-18 00:00:00+00:00
[2023-03-20 11:40:02,061] {scheduler_job.py:190} INFO - Processing /home/airflow/.local/lib/python3.6/site-packages/airflow/example_dags/example_latest_only.py took 0.058 seconds
[2023-03-20 11:40:32,985] {scheduler_job.py:182} INFO - Started process (PID=169) to work on /home/airflow/.local/lib/python3.6/site-packages/airflow/example_dags/example_latest_only.py
[2023-03-20 11:40:32,987] {scheduler_job.py:629} INFO - Processing file /home/airflow/.local/lib/python3.6/site-packages/airflow/example_dags/example_latest_only.py for tasks to queue
[2023-03-20 11:40:32,987] {logging_mixin.py:104} INFO - [2023-03-20 11:40:32,987] {dagbag.py:451} INFO - Filling up the DagBag from /home/airflow/.local/lib/python3.6/site-packages/airflow/example_dags/example_latest_only.py
[2023-03-20 11:40:32,996] {scheduler_job.py:639} INFO - DAG(s) dict_keys(['latest_only']) retrieved from /home/airflow/.local/lib/python3.6/site-packages/airflow/example_dags/example_latest_only.py
[2023-03-20 11:40:33,016] {logging_mixin.py:104} INFO - [2023-03-20 11:40:33,015] {dag.py:1824} INFO - Sync 1 DAGs
[2023-03-20 11:40:33,029] {logging_mixin.py:104} INFO - [2023-03-20 11:40:33,029] {dag.py:2280} INFO - Setting next_dagrun for latest_only to 2023-03-18 00:00:00+00:00
[2023-03-20 11:40:33,035] {scheduler_job.py:190} INFO - Processing /home/airflow/.local/lib/python3.6/site-packages/airflow/example_dags/example_latest_only.py took 0.053 seconds
[2023-03-20 11:41:03,578] {scheduler_job.py:182} INFO - Started process (PID=195) to work on /home/airflow/.local/lib/python3.6/site-packages/airflow/example_dags/example_latest_only.py
[2023-03-20 11:41:03,579] {scheduler_job.py:629} INFO - Processing file /home/airflow/.local/lib/python3.6/site-packages/airflow/example_dags/example_latest_only.py for tasks to queue
[2023-03-20 11:41:03,580] {logging_mixin.py:104} INFO - [2023-03-20 11:41:03,580] {dagbag.py:451} INFO - Filling up the DagBag from /home/airflow/.local/lib/python3.6/site-packages/airflow/example_dags/example_latest_only.py
[2023-03-20 11:41:03,589] {scheduler_job.py:639} INFO - DAG(s) dict_keys(['latest_only']) retrieved from /home/airflow/.local/lib/python3.6/site-packages/airflow/example_dags/example_latest_only.py
[2023-03-20 11:41:03,612] {logging_mixin.py:104} INFO - [2023-03-20 11:41:03,612] {dag.py:1824} INFO - Sync 1 DAGs
[2023-03-20 11:41:03,623] {logging_mixin.py:104} INFO - [2023-03-20 11:41:03,623] {dag.py:2280} INFO - Setting next_dagrun for latest_only to 2023-03-18 00:00:00+00:00
[2023-03-20 11:41:03,632] {scheduler_job.py:190} INFO - Processing /home/airflow/.local/lib/python3.6/site-packages/airflow/example_dags/example_latest_only.py took 0.057 seconds
[2023-03-20 14:55:25,630] {scheduler_job.py:182} INFO - Started process (PID=31) to work on /home/airflow/.local/lib/python3.6/site-packages/airflow/example_dags/example_latest_only.py
[2023-03-20 14:55:25,633] {scheduler_job.py:629} INFO - Processing file /home/airflow/.local/lib/python3.6/site-packages/airflow/example_dags/example_latest_only.py for tasks to queue
[2023-03-20 14:55:25,635] {logging_mixin.py:104} INFO - [2023-03-20 14:55:25,635] {dagbag.py:451} INFO - Filling up the DagBag from /home/airflow/.local/lib/python3.6/site-packages/airflow/example_dags/example_latest_only.py
[2023-03-20 14:55:25,655] {scheduler_job.py:639} INFO - DAG(s) dict_keys(['latest_only']) retrieved from /home/airflow/.local/lib/python3.6/site-packages/airflow/example_dags/example_latest_only.py
[2023-03-20 14:55:25,705] {logging_mixin.py:104} INFO - [2023-03-20 14:55:25,705] {dag.py:1824} INFO - Sync 1 DAGs
[2023-03-20 14:55:25,715] {logging_mixin.py:104} INFO - [2023-03-20 14:55:25,715] {dag.py:1843} INFO - Creating ORM DAG for latest_only
[2023-03-20 14:55:25,723] {logging_mixin.py:104} INFO - [2023-03-20 14:55:25,722] {dag.py:2280} INFO - Setting next_dagrun for latest_only to 2023-03-18 00:00:00+00:00
[2023-03-20 14:55:25,746] {scheduler_job.py:190} INFO - Processing /home/airflow/.local/lib/python3.6/site-packages/airflow/example_dags/example_latest_only.py took 0.122 seconds
[2023-03-20 14:55:55,940] {scheduler_job.py:182} INFO - Started process (PID=57) to work on /home/airflow/.local/lib/python3.6/site-packages/airflow/example_dags/example_latest_only.py
[2023-03-20 14:55:55,942] {scheduler_job.py:629} INFO - Processing file /home/airflow/.local/lib/python3.6/site-packages/airflow/example_dags/example_latest_only.py for tasks to queue
[2023-03-20 14:55:55,944] {logging_mixin.py:104} INFO - [2023-03-20 14:55:55,944] {dagbag.py:451} INFO - Filling up the DagBag from /home/airflow/.local/lib/python3.6/site-packages/airflow/example_dags/example_latest_only.py
[2023-03-20 14:55:55,984] {scheduler_job.py:639} INFO - DAG(s) dict_keys(['latest_only']) retrieved from /home/airflow/.local/lib/python3.6/site-packages/airflow/example_dags/example_latest_only.py
[2023-03-20 14:55:56,049] {logging_mixin.py:104} INFO - [2023-03-20 14:55:56,049] {dag.py:1824} INFO - Sync 1 DAGs
[2023-03-20 14:55:56,074] {logging_mixin.py:104} INFO - [2023-03-20 14:55:56,074] {dag.py:2280} INFO - Setting next_dagrun for latest_only to 2023-03-18 00:00:00+00:00
[2023-03-20 14:55:56,099] {scheduler_job.py:190} INFO - Processing /home/airflow/.local/lib/python3.6/site-packages/airflow/example_dags/example_latest_only.py took 0.167 seconds
[2023-03-20 14:56:26,971] {scheduler_job.py:182} INFO - Started process (PID=83) to work on /home/airflow/.local/lib/python3.6/site-packages/airflow/example_dags/example_latest_only.py
[2023-03-20 14:56:26,974] {scheduler_job.py:629} INFO - Processing file /home/airflow/.local/lib/python3.6/site-packages/airflow/example_dags/example_latest_only.py for tasks to queue
[2023-03-20 14:56:26,976] {logging_mixin.py:104} INFO - [2023-03-20 14:56:26,975] {dagbag.py:451} INFO - Filling up the DagBag from /home/airflow/.local/lib/python3.6/site-packages/airflow/example_dags/example_latest_only.py
[2023-03-20 14:56:27,007] {scheduler_job.py:639} INFO - DAG(s) dict_keys(['latest_only']) retrieved from /home/airflow/.local/lib/python3.6/site-packages/airflow/example_dags/example_latest_only.py
[2023-03-20 14:56:27,052] {logging_mixin.py:104} INFO - [2023-03-20 14:56:27,052] {dag.py:1824} INFO - Sync 1 DAGs
[2023-03-20 14:56:27,075] {logging_mixin.py:104} INFO - [2023-03-20 14:56:27,075] {dag.py:2280} INFO - Setting next_dagrun for latest_only to 2023-03-18 00:00:00+00:00
[2023-03-20 14:56:27,085] {scheduler_job.py:190} INFO - Processing /home/airflow/.local/lib/python3.6/site-packages/airflow/example_dags/example_latest_only.py took 0.123 seconds
[2023-03-20 14:56:57,521] {scheduler_job.py:182} INFO - Started process (PID=109) to work on /home/airflow/.local/lib/python3.6/site-packages/airflow/example_dags/example_latest_only.py
[2023-03-20 14:56:57,526] {scheduler_job.py:629} INFO - Processing file /home/airflow/.local/lib/python3.6/site-packages/airflow/example_dags/example_latest_only.py for tasks to queue
[2023-03-20 14:56:57,540] {logging_mixin.py:104} INFO - [2023-03-20 14:56:57,539] {dagbag.py:451} INFO - Filling up the DagBag from /home/airflow/.local/lib/python3.6/site-packages/airflow/example_dags/example_latest_only.py
[2023-03-20 14:56:57,573] {scheduler_job.py:639} INFO - DAG(s) dict_keys(['latest_only']) retrieved from /home/airflow/.local/lib/python3.6/site-packages/airflow/example_dags/example_latest_only.py
[2023-03-20 14:56:57,638] {logging_mixin.py:104} INFO - [2023-03-20 14:56:57,637] {dag.py:1824} INFO - Sync 1 DAGs
[2023-03-20 14:56:57,665] {logging_mixin.py:104} INFO - [2023-03-20 14:56:57,665] {dag.py:2280} INFO - Setting next_dagrun for latest_only to 2023-03-18 00:00:00+00:00
[2023-03-20 14:56:57,677] {scheduler_job.py:190} INFO - Processing /home/airflow/.local/lib/python3.6/site-packages/airflow/example_dags/example_latest_only.py took 0.164 seconds
[2023-03-20 14:57:28,154] {scheduler_job.py:182} INFO - Started process (PID=135) to work on /home/airflow/.local/lib/python3.6/site-packages/airflow/example_dags/example_latest_only.py
[2023-03-20 14:57:28,157] {scheduler_job.py:629} INFO - Processing file /home/airflow/.local/lib/python3.6/site-packages/airflow/example_dags/example_latest_only.py for tasks to queue
[2023-03-20 14:57:28,160] {logging_mixin.py:104} INFO - [2023-03-20 14:57:28,160] {dagbag.py:451} INFO - Filling up the DagBag from /home/airflow/.local/lib/python3.6/site-packages/airflow/example_dags/example_latest_only.py
[2023-03-20 14:57:28,185] {scheduler_job.py:639} INFO - DAG(s) dict_keys(['latest_only']) retrieved from /home/airflow/.local/lib/python3.6/site-packages/airflow/example_dags/example_latest_only.py
[2023-03-20 14:57:28,282] {logging_mixin.py:104} INFO - [2023-03-20 14:57:28,282] {dag.py:1824} INFO - Sync 1 DAGs
[2023-03-20 14:57:28,350] {logging_mixin.py:104} INFO - [2023-03-20 14:57:28,350] {dag.py:2280} INFO - Setting next_dagrun for latest_only to 2023-03-18 00:00:00+00:00
[2023-03-20 14:57:28,379] {scheduler_job.py:190} INFO - Processing /home/airflow/.local/lib/python3.6/site-packages/airflow/example_dags/example_latest_only.py took 0.236 seconds
[2023-03-20 14:57:58,763] {scheduler_job.py:182} INFO - Started process (PID=161) to work on /home/airflow/.local/lib/python3.6/site-packages/airflow/example_dags/example_latest_only.py
[2023-03-20 14:57:58,778] {scheduler_job.py:629} INFO - Processing file /home/airflow/.local/lib/python3.6/site-packages/airflow/example_dags/example_latest_only.py for tasks to queue
[2023-03-20 14:57:58,788] {logging_mixin.py:104} INFO - [2023-03-20 14:57:58,786] {dagbag.py:451} INFO - Filling up the DagBag from /home/airflow/.local/lib/python3.6/site-packages/airflow/example_dags/example_latest_only.py
[2023-03-20 14:57:58,868] {scheduler_job.py:639} INFO - DAG(s) dict_keys(['latest_only']) retrieved from /home/airflow/.local/lib/python3.6/site-packages/airflow/example_dags/example_latest_only.py
[2023-03-20 14:57:59,055] {logging_mixin.py:104} INFO - [2023-03-20 14:57:59,053] {dag.py:1824} INFO - Sync 1 DAGs
[2023-03-20 14:57:59,209] {logging_mixin.py:104} INFO - [2023-03-20 14:57:59,205] {dag.py:2280} INFO - Setting next_dagrun for latest_only to 2023-03-18 00:00:00+00:00
[2023-03-20 14:57:59,301] {scheduler_job.py:190} INFO - Processing /home/airflow/.local/lib/python3.6/site-packages/airflow/example_dags/example_latest_only.py took 0.571 seconds
[2023-03-20 14:58:30,227] {scheduler_job.py:182} INFO - Started process (PID=187) to work on /home/airflow/.local/lib/python3.6/site-packages/airflow/example_dags/example_latest_only.py
[2023-03-20 14:58:30,232] {scheduler_job.py:629} INFO - Processing file /home/airflow/.local/lib/python3.6/site-packages/airflow/example_dags/example_latest_only.py for tasks to queue
[2023-03-20 14:58:30,236] {logging_mixin.py:104} INFO - [2023-03-20 14:58:30,235] {dagbag.py:451} INFO - Filling up the DagBag from /home/airflow/.local/lib/python3.6/site-packages/airflow/example_dags/example_latest_only.py
[2023-03-20 14:58:30,265] {scheduler_job.py:639} INFO - DAG(s) dict_keys(['latest_only']) retrieved from /home/airflow/.local/lib/python3.6/site-packages/airflow/example_dags/example_latest_only.py
[2023-03-20 14:58:30,317] {logging_mixin.py:104} INFO - [2023-03-20 14:58:30,317] {dag.py:1824} INFO - Sync 1 DAGs
[2023-03-20 14:58:30,337] {logging_mixin.py:104} INFO - [2023-03-20 14:58:30,337] {dag.py:2280} INFO - Setting next_dagrun for latest_only to 2023-03-18 00:00:00+00:00
[2023-03-20 14:58:30,348] {scheduler_job.py:190} INFO - Processing /home/airflow/.local/lib/python3.6/site-packages/airflow/example_dags/example_latest_only.py took 0.130 seconds
[2023-03-20 14:59:00,871] {scheduler_job.py:182} INFO - Started process (PID=213) to work on /home/airflow/.local/lib/python3.6/site-packages/airflow/example_dags/example_latest_only.py
[2023-03-20 14:59:00,875] {scheduler_job.py:629} INFO - Processing file /home/airflow/.local/lib/python3.6/site-packages/airflow/example_dags/example_latest_only.py for tasks to queue
[2023-03-20 14:59:00,877] {logging_mixin.py:104} INFO - [2023-03-20 14:59:00,877] {dagbag.py:451} INFO - Filling up the DagBag from /home/airflow/.local/lib/python3.6/site-packages/airflow/example_dags/example_latest_only.py
[2023-03-20 14:59:00,905] {scheduler_job.py:639} INFO - DAG(s) dict_keys(['latest_only']) retrieved from /home/airflow/.local/lib/python3.6/site-packages/airflow/example_dags/example_latest_only.py
[2023-03-20 14:59:00,961] {logging_mixin.py:104} INFO - [2023-03-20 14:59:00,961] {dag.py:1824} INFO - Sync 1 DAGs
[2023-03-20 14:59:00,980] {logging_mixin.py:104} INFO - [2023-03-20 14:59:00,980] {dag.py:2280} INFO - Setting next_dagrun for latest_only to 2023-03-18 00:00:00+00:00
[2023-03-20 14:59:00,999] {scheduler_job.py:190} INFO - Processing /home/airflow/.local/lib/python3.6/site-packages/airflow/example_dags/example_latest_only.py took 0.134 seconds
[2023-03-20 14:59:31,481] {scheduler_job.py:182} INFO - Started process (PID=239) to work on /home/airflow/.local/lib/python3.6/site-packages/airflow/example_dags/example_latest_only.py
[2023-03-20 14:59:31,485] {scheduler_job.py:629} INFO - Processing file /home/airflow/.local/lib/python3.6/site-packages/airflow/example_dags/example_latest_only.py for tasks to queue
[2023-03-20 14:59:31,487] {logging_mixin.py:104} INFO - [2023-03-20 14:59:31,487] {dagbag.py:451} INFO - Filling up the DagBag from /home/airflow/.local/lib/python3.6/site-packages/airflow/example_dags/example_latest_only.py
[2023-03-20 14:59:31,511] {scheduler_job.py:639} INFO - DAG(s) dict_keys(['latest_only']) retrieved from /home/airflow/.local/lib/python3.6/site-packages/airflow/example_dags/example_latest_only.py
[2023-03-20 14:59:31,545] {logging_mixin.py:104} INFO - [2023-03-20 14:59:31,545] {dag.py:1824} INFO - Sync 1 DAGs
[2023-03-20 14:59:31,559] {logging_mixin.py:104} INFO - [2023-03-20 14:59:31,559] {dag.py:2280} INFO - Setting next_dagrun for latest_only to 2023-03-18 00:00:00+00:00
[2023-03-20 14:59:31,568] {scheduler_job.py:190} INFO - Processing /home/airflow/.local/lib/python3.6/site-packages/airflow/example_dags/example_latest_only.py took 0.095 seconds
[2023-03-20 15:00:01,909] {scheduler_job.py:182} INFO - Started process (PID=265) to work on /home/airflow/.local/lib/python3.6/site-packages/airflow/example_dags/example_latest_only.py
[2023-03-20 15:00:01,912] {scheduler_job.py:629} INFO - Processing file /home/airflow/.local/lib/python3.6/site-packages/airflow/example_dags/example_latest_only.py for tasks to queue
[2023-03-20 15:00:01,914] {logging_mixin.py:104} INFO - [2023-03-20 15:00:01,914] {dagbag.py:451} INFO - Filling up the DagBag from /home/airflow/.local/lib/python3.6/site-packages/airflow/example_dags/example_latest_only.py
[2023-03-20 15:00:01,934] {scheduler_job.py:639} INFO - DAG(s) dict_keys(['latest_only']) retrieved from /home/airflow/.local/lib/python3.6/site-packages/airflow/example_dags/example_latest_only.py
[2023-03-20 15:00:01,969] {logging_mixin.py:104} INFO - [2023-03-20 15:00:01,969] {dag.py:1824} INFO - Sync 1 DAGs
[2023-03-20 15:00:01,984] {logging_mixin.py:104} INFO - [2023-03-20 15:00:01,984] {dag.py:2280} INFO - Setting next_dagrun for latest_only to 2023-03-18 00:00:00+00:00
[2023-03-20 15:00:01,993] {scheduler_job.py:190} INFO - Processing /home/airflow/.local/lib/python3.6/site-packages/airflow/example_dags/example_latest_only.py took 0.091 seconds
[2023-03-20 15:00:32,440] {scheduler_job.py:182} INFO - Started process (PID=291) to work on /home/airflow/.local/lib/python3.6/site-packages/airflow/example_dags/example_latest_only.py
[2023-03-20 15:00:32,444] {scheduler_job.py:629} INFO - Processing file /home/airflow/.local/lib/python3.6/site-packages/airflow/example_dags/example_latest_only.py for tasks to queue
[2023-03-20 15:00:32,446] {logging_mixin.py:104} INFO - [2023-03-20 15:00:32,446] {dagbag.py:451} INFO - Filling up the DagBag from /home/airflow/.local/lib/python3.6/site-packages/airflow/example_dags/example_latest_only.py
[2023-03-20 15:00:32,482] {scheduler_job.py:639} INFO - DAG(s) dict_keys(['latest_only']) retrieved from /home/airflow/.local/lib/python3.6/site-packages/airflow/example_dags/example_latest_only.py
[2023-03-20 15:00:32,525] {logging_mixin.py:104} INFO - [2023-03-20 15:00:32,525] {dag.py:1824} INFO - Sync 1 DAGs
[2023-03-20 15:00:32,544] {logging_mixin.py:104} INFO - [2023-03-20 15:00:32,544] {dag.py:2280} INFO - Setting next_dagrun for latest_only to 2023-03-18 00:00:00+00:00
[2023-03-20 15:00:32,556] {scheduler_job.py:190} INFO - Processing /home/airflow/.local/lib/python3.6/site-packages/airflow/example_dags/example_latest_only.py took 0.123 seconds
[2023-03-20 15:01:02,937] {scheduler_job.py:182} INFO - Started process (PID=317) to work on /home/airflow/.local/lib/python3.6/site-packages/airflow/example_dags/example_latest_only.py
[2023-03-20 15:01:02,941] {scheduler_job.py:629} INFO - Processing file /home/airflow/.local/lib/python3.6/site-packages/airflow/example_dags/example_latest_only.py for tasks to queue
[2023-03-20 15:01:02,943] {logging_mixin.py:104} INFO - [2023-03-20 15:01:02,943] {dagbag.py:451} INFO - Filling up the DagBag from /home/airflow/.local/lib/python3.6/site-packages/airflow/example_dags/example_latest_only.py
[2023-03-20 15:01:02,995] {scheduler_job.py:639} INFO - DAG(s) dict_keys(['latest_only']) retrieved from /home/airflow/.local/lib/python3.6/site-packages/airflow/example_dags/example_latest_only.py
[2023-03-20 15:01:03,030] {logging_mixin.py:104} INFO - [2023-03-20 15:01:03,029] {dag.py:1824} INFO - Sync 1 DAGs
[2023-03-20 15:01:03,048] {logging_mixin.py:104} INFO - [2023-03-20 15:01:03,048] {dag.py:2280} INFO - Setting next_dagrun for latest_only to 2023-03-18 00:00:00+00:00
[2023-03-20 15:01:03,057] {scheduler_job.py:190} INFO - Processing /home/airflow/.local/lib/python3.6/site-packages/airflow/example_dags/example_latest_only.py took 0.127 seconds
[2023-03-20 15:01:33,417] {scheduler_job.py:182} INFO - Started process (PID=343) to work on /home/airflow/.local/lib/python3.6/site-packages/airflow/example_dags/example_latest_only.py
[2023-03-20 15:01:33,421] {scheduler_job.py:629} INFO - Processing file /home/airflow/.local/lib/python3.6/site-packages/airflow/example_dags/example_latest_only.py for tasks to queue
[2023-03-20 15:01:33,423] {logging_mixin.py:104} INFO - [2023-03-20 15:01:33,423] {dagbag.py:451} INFO - Filling up the DagBag from /home/airflow/.local/lib/python3.6/site-packages/airflow/example_dags/example_latest_only.py
[2023-03-20 15:01:33,448] {scheduler_job.py:639} INFO - DAG(s) dict_keys(['latest_only']) retrieved from /home/airflow/.local/lib/python3.6/site-packages/airflow/example_dags/example_latest_only.py
[2023-03-20 15:01:33,473] {logging_mixin.py:104} INFO - [2023-03-20 15:01:33,473] {dag.py:1824} INFO - Sync 1 DAGs
[2023-03-20 15:01:33,484] {logging_mixin.py:104} INFO - [2023-03-20 15:01:33,484] {dag.py:2280} INFO - Setting next_dagrun for latest_only to 2023-03-18 00:00:00+00:00
[2023-03-20 15:01:33,492] {scheduler_job.py:190} INFO - Processing /home/airflow/.local/lib/python3.6/site-packages/airflow/example_dags/example_latest_only.py took 0.083 seconds
[2023-03-20 15:02:03,820] {scheduler_job.py:182} INFO - Started process (PID=369) to work on /home/airflow/.local/lib/python3.6/site-packages/airflow/example_dags/example_latest_only.py
[2023-03-20 15:02:03,823] {scheduler_job.py:629} INFO - Processing file /home/airflow/.local/lib/python3.6/site-packages/airflow/example_dags/example_latest_only.py for tasks to queue
[2023-03-20 15:02:03,825] {logging_mixin.py:104} INFO - [2023-03-20 15:02:03,825] {dagbag.py:451} INFO - Filling up the DagBag from /home/airflow/.local/lib/python3.6/site-packages/airflow/example_dags/example_latest_only.py
[2023-03-20 15:02:03,862] {scheduler_job.py:639} INFO - DAG(s) dict_keys(['latest_only']) retrieved from /home/airflow/.local/lib/python3.6/site-packages/airflow/example_dags/example_latest_only.py
[2023-03-20 15:02:03,894] {logging_mixin.py:104} INFO - [2023-03-20 15:02:03,893] {dag.py:1824} INFO - Sync 1 DAGs
[2023-03-20 15:02:03,910] {logging_mixin.py:104} INFO - [2023-03-20 15:02:03,910] {dag.py:2280} INFO - Setting next_dagrun for latest_only to 2023-03-18 00:00:00+00:00
[2023-03-20 15:02:03,921] {scheduler_job.py:190} INFO - Processing /home/airflow/.local/lib/python3.6/site-packages/airflow/example_dags/example_latest_only.py took 0.109 seconds
[2023-03-20 15:02:34,336] {scheduler_job.py:182} INFO - Started process (PID=395) to work on /home/airflow/.local/lib/python3.6/site-packages/airflow/example_dags/example_latest_only.py
[2023-03-20 15:02:34,347] {scheduler_job.py:629} INFO - Processing file /home/airflow/.local/lib/python3.6/site-packages/airflow/example_dags/example_latest_only.py for tasks to queue
[2023-03-20 15:02:34,349] {logging_mixin.py:104} INFO - [2023-03-20 15:02:34,349] {dagbag.py:451} INFO - Filling up the DagBag from /home/airflow/.local/lib/python3.6/site-packages/airflow/example_dags/example_latest_only.py
[2023-03-20 15:02:34,363] {scheduler_job.py:639} INFO - DAG(s) dict_keys(['latest_only']) retrieved from /home/airflow/.local/lib/python3.6/site-packages/airflow/example_dags/example_latest_only.py
[2023-03-20 15:02:34,391] {logging_mixin.py:104} INFO - [2023-03-20 15:02:34,391] {dag.py:1824} INFO - Sync 1 DAGs
[2023-03-20 15:02:34,404] {logging_mixin.py:104} INFO - [2023-03-20 15:02:34,404] {dag.py:2280} INFO - Setting next_dagrun for latest_only to 2023-03-18 00:00:00+00:00
[2023-03-20 15:02:34,413] {scheduler_job.py:190} INFO - Processing /home/airflow/.local/lib/python3.6/site-packages/airflow/example_dags/example_latest_only.py took 0.084 seconds
[2023-03-20 15:03:04,794] {scheduler_job.py:182} INFO - Started process (PID=421) to work on /home/airflow/.local/lib/python3.6/site-packages/airflow/example_dags/example_latest_only.py
[2023-03-20 15:03:04,798] {scheduler_job.py:629} INFO - Processing file /home/airflow/.local/lib/python3.6/site-packages/airflow/example_dags/example_latest_only.py for tasks to queue
[2023-03-20 15:03:04,800] {logging_mixin.py:104} INFO - [2023-03-20 15:03:04,800] {dagbag.py:451} INFO - Filling up the DagBag from /home/airflow/.local/lib/python3.6/site-packages/airflow/example_dags/example_latest_only.py
[2023-03-20 15:03:04,828] {scheduler_job.py:639} INFO - DAG(s) dict_keys(['latest_only']) retrieved from /home/airflow/.local/lib/python3.6/site-packages/airflow/example_dags/example_latest_only.py
[2023-03-20 15:03:04,883] {logging_mixin.py:104} INFO - [2023-03-20 15:03:04,882] {dag.py:1824} INFO - Sync 1 DAGs
[2023-03-20 15:03:04,905] {logging_mixin.py:104} INFO - [2023-03-20 15:03:04,905] {dag.py:2280} INFO - Setting next_dagrun for latest_only to 2023-03-18 00:00:00+00:00
[2023-03-20 15:03:04,917] {scheduler_job.py:190} INFO - Processing /home/airflow/.local/lib/python3.6/site-packages/airflow/example_dags/example_latest_only.py took 0.131 seconds
[2023-03-20 15:03:35,290] {scheduler_job.py:182} INFO - Started process (PID=447) to work on /home/airflow/.local/lib/python3.6/site-packages/airflow/example_dags/example_latest_only.py
[2023-03-20 15:03:35,294] {scheduler_job.py:629} INFO - Processing file /home/airflow/.local/lib/python3.6/site-packages/airflow/example_dags/example_latest_only.py for tasks to queue
[2023-03-20 15:03:35,296] {logging_mixin.py:104} INFO - [2023-03-20 15:03:35,296] {dagbag.py:451} INFO - Filling up the DagBag from /home/airflow/.local/lib/python3.6/site-packages/airflow/example_dags/example_latest_only.py
[2023-03-20 15:03:35,329] {scheduler_job.py:639} INFO - DAG(s) dict_keys(['latest_only']) retrieved from /home/airflow/.local/lib/python3.6/site-packages/airflow/example_dags/example_latest_only.py
[2023-03-20 15:03:35,373] {logging_mixin.py:104} INFO - [2023-03-20 15:03:35,373] {dag.py:1824} INFO - Sync 1 DAGs
[2023-03-20 15:03:35,396] {logging_mixin.py:104} INFO - [2023-03-20 15:03:35,396] {dag.py:2280} INFO - Setting next_dagrun for latest_only to 2023-03-18 00:00:00+00:00
[2023-03-20 15:03:35,408] {scheduler_job.py:190} INFO - Processing /home/airflow/.local/lib/python3.6/site-packages/airflow/example_dags/example_latest_only.py took 0.126 seconds
[2023-03-20 15:04:05,860] {scheduler_job.py:182} INFO - Started process (PID=473) to work on /home/airflow/.local/lib/python3.6/site-packages/airflow/example_dags/example_latest_only.py
[2023-03-20 15:04:05,864] {scheduler_job.py:629} INFO - Processing file /home/airflow/.local/lib/python3.6/site-packages/airflow/example_dags/example_latest_only.py for tasks to queue
[2023-03-20 15:04:05,866] {logging_mixin.py:104} INFO - [2023-03-20 15:04:05,865] {dagbag.py:451} INFO - Filling up the DagBag from /home/airflow/.local/lib/python3.6/site-packages/airflow/example_dags/example_latest_only.py
[2023-03-20 15:04:05,909] {scheduler_job.py:639} INFO - DAG(s) dict_keys(['latest_only']) retrieved from /home/airflow/.local/lib/python3.6/site-packages/airflow/example_dags/example_latest_only.py
[2023-03-20 15:04:05,945] {logging_mixin.py:104} INFO - [2023-03-20 15:04:05,945] {dag.py:1824} INFO - Sync 1 DAGs
[2023-03-20 15:04:05,967] {logging_mixin.py:104} INFO - [2023-03-20 15:04:05,967] {dag.py:2280} INFO - Setting next_dagrun for latest_only to 2023-03-18 00:00:00+00:00
[2023-03-20 15:04:05,980] {scheduler_job.py:190} INFO - Processing /home/airflow/.local/lib/python3.6/site-packages/airflow/example_dags/example_latest_only.py took 0.129 seconds
[2023-03-20 15:04:36,361] {scheduler_job.py:182} INFO - Started process (PID=499) to work on /home/airflow/.local/lib/python3.6/site-packages/airflow/example_dags/example_latest_only.py
[2023-03-20 15:04:36,365] {scheduler_job.py:629} INFO - Processing file /home/airflow/.local/lib/python3.6/site-packages/airflow/example_dags/example_latest_only.py for tasks to queue
[2023-03-20 15:04:36,367] {logging_mixin.py:104} INFO - [2023-03-20 15:04:36,366] {dagbag.py:451} INFO - Filling up the DagBag from /home/airflow/.local/lib/python3.6/site-packages/airflow/example_dags/example_latest_only.py
[2023-03-20 15:04:36,392] {scheduler_job.py:639} INFO - DAG(s) dict_keys(['latest_only']) retrieved from /home/airflow/.local/lib/python3.6/site-packages/airflow/example_dags/example_latest_only.py
[2023-03-20 15:04:36,423] {logging_mixin.py:104} INFO - [2023-03-20 15:04:36,423] {dag.py:1824} INFO - Sync 1 DAGs
[2023-03-20 15:04:36,442] {logging_mixin.py:104} INFO - [2023-03-20 15:04:36,442] {dag.py:2280} INFO - Setting next_dagrun for latest_only to 2023-03-18 00:00:00+00:00
[2023-03-20 15:04:36,451] {scheduler_job.py:190} INFO - Processing /home/airflow/.local/lib/python3.6/site-packages/airflow/example_dags/example_latest_only.py took 0.097 seconds
[2023-03-20 15:05:06,916] {scheduler_job.py:182} INFO - Started process (PID=525) to work on /home/airflow/.local/lib/python3.6/site-packages/airflow/example_dags/example_latest_only.py
[2023-03-20 15:05:06,920] {scheduler_job.py:629} INFO - Processing file /home/airflow/.local/lib/python3.6/site-packages/airflow/example_dags/example_latest_only.py for tasks to queue
[2023-03-20 15:05:06,922] {logging_mixin.py:104} INFO - [2023-03-20 15:05:06,922] {dagbag.py:451} INFO - Filling up the DagBag from /home/airflow/.local/lib/python3.6/site-packages/airflow/example_dags/example_latest_only.py
[2023-03-20 15:05:06,970] {scheduler_job.py:639} INFO - DAG(s) dict_keys(['latest_only']) retrieved from /home/airflow/.local/lib/python3.6/site-packages/airflow/example_dags/example_latest_only.py
[2023-03-20 15:05:07,005] {logging_mixin.py:104} INFO - [2023-03-20 15:05:07,005] {dag.py:1824} INFO - Sync 1 DAGs
[2023-03-20 15:05:07,034] {logging_mixin.py:104} INFO - [2023-03-20 15:05:07,034] {dag.py:2280} INFO - Setting next_dagrun for latest_only to 2023-03-18 00:00:00+00:00
[2023-03-20 15:05:07,050] {scheduler_job.py:190} INFO - Processing /home/airflow/.local/lib/python3.6/site-packages/airflow/example_dags/example_latest_only.py took 0.141 seconds
[2023-03-20 15:05:37,528] {scheduler_job.py:182} INFO - Started process (PID=551) to work on /home/airflow/.local/lib/python3.6/site-packages/airflow/example_dags/example_latest_only.py
[2023-03-20 15:05:37,532] {scheduler_job.py:629} INFO - Processing file /home/airflow/.local/lib/python3.6/site-packages/airflow/example_dags/example_latest_only.py for tasks to queue
[2023-03-20 15:05:37,534] {logging_mixin.py:104} INFO - [2023-03-20 15:05:37,534] {dagbag.py:451} INFO - Filling up the DagBag from /home/airflow/.local/lib/python3.6/site-packages/airflow/example_dags/example_latest_only.py
[2023-03-20 15:05:37,569] {scheduler_job.py:639} INFO - DAG(s) dict_keys(['latest_only']) retrieved from /home/airflow/.local/lib/python3.6/site-packages/airflow/example_dags/example_latest_only.py
[2023-03-20 15:05:37,612] {logging_mixin.py:104} INFO - [2023-03-20 15:05:37,612] {dag.py:1824} INFO - Sync 1 DAGs
[2023-03-20 15:05:37,634] {logging_mixin.py:104} INFO - [2023-03-20 15:05:37,634] {dag.py:2280} INFO - Setting next_dagrun for latest_only to 2023-03-18 00:00:00+00:00
[2023-03-20 15:05:37,646] {scheduler_job.py:190} INFO - Processing /home/airflow/.local/lib/python3.6/site-packages/airflow/example_dags/example_latest_only.py took 0.125 seconds
[2023-03-20 15:06:08,111] {scheduler_job.py:182} INFO - Started process (PID=577) to work on /home/airflow/.local/lib/python3.6/site-packages/airflow/example_dags/example_latest_only.py
[2023-03-20 15:06:08,115] {scheduler_job.py:629} INFO - Processing file /home/airflow/.local/lib/python3.6/site-packages/airflow/example_dags/example_latest_only.py for tasks to queue
[2023-03-20 15:06:08,118] {logging_mixin.py:104} INFO - [2023-03-20 15:06:08,118] {dagbag.py:451} INFO - Filling up the DagBag from /home/airflow/.local/lib/python3.6/site-packages/airflow/example_dags/example_latest_only.py
[2023-03-20 15:06:08,149] {scheduler_job.py:639} INFO - DAG(s) dict_keys(['latest_only']) retrieved from /home/airflow/.local/lib/python3.6/site-packages/airflow/example_dags/example_latest_only.py
[2023-03-20 15:06:08,204] {logging_mixin.py:104} INFO - [2023-03-20 15:06:08,204] {dag.py:1824} INFO - Sync 1 DAGs
[2023-03-20 15:06:08,228] {logging_mixin.py:104} INFO - [2023-03-20 15:06:08,227] {dag.py:2280} INFO - Setting next_dagrun for latest_only to 2023-03-18 00:00:00+00:00
[2023-03-20 15:06:08,240] {scheduler_job.py:190} INFO - Processing /home/airflow/.local/lib/python3.6/site-packages/airflow/example_dags/example_latest_only.py took 0.138 seconds
[2023-03-20 15:06:38,756] {scheduler_job.py:182} INFO - Started process (PID=603) to work on /home/airflow/.local/lib/python3.6/site-packages/airflow/example_dags/example_latest_only.py
[2023-03-20 15:06:38,760] {scheduler_job.py:629} INFO - Processing file /home/airflow/.local/lib/python3.6/site-packages/airflow/example_dags/example_latest_only.py for tasks to queue
[2023-03-20 15:06:38,762] {logging_mixin.py:104} INFO - [2023-03-20 15:06:38,762] {dagbag.py:451} INFO - Filling up the DagBag from /home/airflow/.local/lib/python3.6/site-packages/airflow/example_dags/example_latest_only.py
[2023-03-20 15:06:38,801] {scheduler_job.py:639} INFO - DAG(s) dict_keys(['latest_only']) retrieved from /home/airflow/.local/lib/python3.6/site-packages/airflow/example_dags/example_latest_only.py
[2023-03-20 15:06:38,851] {logging_mixin.py:104} INFO - [2023-03-20 15:06:38,851] {dag.py:1824} INFO - Sync 1 DAGs
[2023-03-20 15:06:38,870] {logging_mixin.py:104} INFO - [2023-03-20 15:06:38,870] {dag.py:2280} INFO - Setting next_dagrun for latest_only to 2023-03-18 00:00:00+00:00
[2023-03-20 15:06:38,883] {scheduler_job.py:190} INFO - Processing /home/airflow/.local/lib/python3.6/site-packages/airflow/example_dags/example_latest_only.py took 0.133 seconds
[2023-03-20 15:07:09,447] {scheduler_job.py:182} INFO - Started process (PID=629) to work on /home/airflow/.local/lib/python3.6/site-packages/airflow/example_dags/example_latest_only.py
[2023-03-20 15:07:09,451] {scheduler_job.py:629} INFO - Processing file /home/airflow/.local/lib/python3.6/site-packages/airflow/example_dags/example_latest_only.py for tasks to queue
[2023-03-20 15:07:09,453] {logging_mixin.py:104} INFO - [2023-03-20 15:07:09,452] {dagbag.py:451} INFO - Filling up the DagBag from /home/airflow/.local/lib/python3.6/site-packages/airflow/example_dags/example_latest_only.py
[2023-03-20 15:07:09,479] {scheduler_job.py:639} INFO - DAG(s) dict_keys(['latest_only']) retrieved from /home/airflow/.local/lib/python3.6/site-packages/airflow/example_dags/example_latest_only.py
[2023-03-20 15:07:09,532] {logging_mixin.py:104} INFO - [2023-03-20 15:07:09,532] {dag.py:1824} INFO - Sync 1 DAGs
[2023-03-20 15:07:09,554] {logging_mixin.py:104} INFO - [2023-03-20 15:07:09,554] {dag.py:2280} INFO - Setting next_dagrun for latest_only to 2023-03-18 00:00:00+00:00
[2023-03-20 15:07:09,565] {scheduler_job.py:190} INFO - Processing /home/airflow/.local/lib/python3.6/site-packages/airflow/example_dags/example_latest_only.py took 0.129 seconds
[2023-03-20 15:07:40,262] {scheduler_job.py:182} INFO - Started process (PID=655) to work on /home/airflow/.local/lib/python3.6/site-packages/airflow/example_dags/example_latest_only.py
[2023-03-20 15:07:40,267] {scheduler_job.py:629} INFO - Processing file /home/airflow/.local/lib/python3.6/site-packages/airflow/example_dags/example_latest_only.py for tasks to queue
[2023-03-20 15:07:40,269] {logging_mixin.py:104} INFO - [2023-03-20 15:07:40,269] {dagbag.py:451} INFO - Filling up the DagBag from /home/airflow/.local/lib/python3.6/site-packages/airflow/example_dags/example_latest_only.py
[2023-03-20 15:07:40,306] {scheduler_job.py:639} INFO - DAG(s) dict_keys(['latest_only']) retrieved from /home/airflow/.local/lib/python3.6/site-packages/airflow/example_dags/example_latest_only.py
[2023-03-20 15:07:40,376] {logging_mixin.py:104} INFO - [2023-03-20 15:07:40,376] {dag.py:1824} INFO - Sync 1 DAGs
[2023-03-20 15:07:40,403] {logging_mixin.py:104} INFO - [2023-03-20 15:07:40,402] {dag.py:2280} INFO - Setting next_dagrun for latest_only to 2023-03-18 00:00:00+00:00
[2023-03-20 15:07:40,434] {scheduler_job.py:190} INFO - Processing /home/airflow/.local/lib/python3.6/site-packages/airflow/example_dags/example_latest_only.py took 0.184 seconds
[2023-03-20 15:08:11,218] {scheduler_job.py:182} INFO - Started process (PID=681) to work on /home/airflow/.local/lib/python3.6/site-packages/airflow/example_dags/example_latest_only.py
[2023-03-20 15:08:11,221] {scheduler_job.py:629} INFO - Processing file /home/airflow/.local/lib/python3.6/site-packages/airflow/example_dags/example_latest_only.py for tasks to queue
[2023-03-20 15:08:11,223] {logging_mixin.py:104} INFO - [2023-03-20 15:08:11,223] {dagbag.py:451} INFO - Filling up the DagBag from /home/airflow/.local/lib/python3.6/site-packages/airflow/example_dags/example_latest_only.py
[2023-03-20 15:08:11,272] {scheduler_job.py:639} INFO - DAG(s) dict_keys(['latest_only']) retrieved from /home/airflow/.local/lib/python3.6/site-packages/airflow/example_dags/example_latest_only.py
[2023-03-20 15:08:11,317] {logging_mixin.py:104} INFO - [2023-03-20 15:08:11,317] {dag.py:1824} INFO - Sync 1 DAGs
[2023-03-20 15:08:11,352] {logging_mixin.py:104} INFO - [2023-03-20 15:08:11,351] {dag.py:2280} INFO - Setting next_dagrun for latest_only to 2023-03-18 00:00:00+00:00
[2023-03-20 15:08:11,368] {scheduler_job.py:190} INFO - Processing /home/airflow/.local/lib/python3.6/site-packages/airflow/example_dags/example_latest_only.py took 0.162 seconds
[2023-03-20 15:08:41,854] {scheduler_job.py:182} INFO - Started process (PID=707) to work on /home/airflow/.local/lib/python3.6/site-packages/airflow/example_dags/example_latest_only.py
[2023-03-20 15:08:41,856] {scheduler_job.py:629} INFO - Processing file /home/airflow/.local/lib/python3.6/site-packages/airflow/example_dags/example_latest_only.py for tasks to queue
[2023-03-20 15:08:41,858] {logging_mixin.py:104} INFO - [2023-03-20 15:08:41,858] {dagbag.py:451} INFO - Filling up the DagBag from /home/airflow/.local/lib/python3.6/site-packages/airflow/example_dags/example_latest_only.py
[2023-03-20 15:08:41,888] {scheduler_job.py:639} INFO - DAG(s) dict_keys(['latest_only']) retrieved from /home/airflow/.local/lib/python3.6/site-packages/airflow/example_dags/example_latest_only.py
[2023-03-20 15:08:41,940] {logging_mixin.py:104} INFO - [2023-03-20 15:08:41,940] {dag.py:1824} INFO - Sync 1 DAGs
[2023-03-20 15:08:41,961] {logging_mixin.py:104} INFO - [2023-03-20 15:08:41,961] {dag.py:2280} INFO - Setting next_dagrun for latest_only to 2023-03-18 00:00:00+00:00
[2023-03-20 15:08:41,973] {scheduler_job.py:190} INFO - Processing /home/airflow/.local/lib/python3.6/site-packages/airflow/example_dags/example_latest_only.py took 0.127 seconds
[2023-03-20 15:09:12,621] {scheduler_job.py:182} INFO - Started process (PID=733) to work on /home/airflow/.local/lib/python3.6/site-packages/airflow/example_dags/example_latest_only.py
[2023-03-20 15:09:12,624] {scheduler_job.py:629} INFO - Processing file /home/airflow/.local/lib/python3.6/site-packages/airflow/example_dags/example_latest_only.py for tasks to queue
[2023-03-20 15:09:12,626] {logging_mixin.py:104} INFO - [2023-03-20 15:09:12,626] {dagbag.py:451} INFO - Filling up the DagBag from /home/airflow/.local/lib/python3.6/site-packages/airflow/example_dags/example_latest_only.py
[2023-03-20 15:09:12,673] {scheduler_job.py:639} INFO - DAG(s) dict_keys(['latest_only']) retrieved from /home/airflow/.local/lib/python3.6/site-packages/airflow/example_dags/example_latest_only.py
[2023-03-20 15:09:12,719] {logging_mixin.py:104} INFO - [2023-03-20 15:09:12,719] {dag.py:1824} INFO - Sync 1 DAGs
[2023-03-20 15:09:12,745] {logging_mixin.py:104} INFO - [2023-03-20 15:09:12,745] {dag.py:2280} INFO - Setting next_dagrun for latest_only to 2023-03-18 00:00:00+00:00
[2023-03-20 15:09:12,757] {scheduler_job.py:190} INFO - Processing /home/airflow/.local/lib/python3.6/site-packages/airflow/example_dags/example_latest_only.py took 0.144 seconds
[2023-03-20 15:09:43,587] {scheduler_job.py:182} INFO - Started process (PID=759) to work on /home/airflow/.local/lib/python3.6/site-packages/airflow/example_dags/example_latest_only.py
[2023-03-20 15:09:43,614] {scheduler_job.py:629} INFO - Processing file /home/airflow/.local/lib/python3.6/site-packages/airflow/example_dags/example_latest_only.py for tasks to queue
[2023-03-20 15:09:43,622] {logging_mixin.py:104} INFO - [2023-03-20 15:09:43,621] {dagbag.py:451} INFO - Filling up the DagBag from /home/airflow/.local/lib/python3.6/site-packages/airflow/example_dags/example_latest_only.py
[2023-03-20 15:09:43,762] {scheduler_job.py:639} INFO - DAG(s) dict_keys(['latest_only']) retrieved from /home/airflow/.local/lib/python3.6/site-packages/airflow/example_dags/example_latest_only.py
