[2023-03-20T11:13:34.138+0000] {processor.py:153} INFO - Started process (PID=75) to work on /home/airflow/.local/lib/python3.7/site-packages/airflow/example_dags/example_trigger_controller_dag.py
[2023-03-20T11:13:34.139+0000] {processor.py:743} INFO - Processing file /home/airflow/.local/lib/python3.7/site-packages/airflow/example_dags/example_trigger_controller_dag.py for tasks to queue
[2023-03-20T11:13:34.140+0000] {logging_mixin.py:137} INFO - [2023-03-20T11:13:34.140+0000] {dagbag.py:532} INFO - Filling up the DagBag from /home/airflow/.local/lib/python3.7/site-packages/airflow/example_dags/example_trigger_controller_dag.py
[2023-03-20T11:13:34.154+0000] {processor.py:753} INFO - DAG(s) dict_keys(['example_trigger_controller_dag']) retrieved from /home/airflow/.local/lib/python3.7/site-packages/airflow/example_dags/example_trigger_controller_dag.py
[2023-03-20T11:13:34.169+0000] {logging_mixin.py:137} INFO - [2023-03-20T11:13:34.169+0000] {dag.py:2693} INFO - Sync 1 DAGs
[2023-03-20T11:13:34.208+0000] {logging_mixin.py:137} INFO - [2023-03-20T11:13:34.208+0000] {dag.py:3444} INFO - Setting next_dagrun for example_trigger_controller_dag to 2021-01-01T00:00:00+00:00, run_after=2021-01-01T00:00:00+00:00
[2023-03-20T11:13:34.228+0000] {processor.py:175} INFO - Processing /home/airflow/.local/lib/python3.7/site-packages/airflow/example_dags/example_trigger_controller_dag.py took 0.096 seconds
[2023-03-20T11:14:04.384+0000] {processor.py:153} INFO - Started process (PID=124) to work on /home/airflow/.local/lib/python3.7/site-packages/airflow/example_dags/example_trigger_controller_dag.py
[2023-03-20T11:14:04.385+0000] {processor.py:743} INFO - Processing file /home/airflow/.local/lib/python3.7/site-packages/airflow/example_dags/example_trigger_controller_dag.py for tasks to queue
[2023-03-20T11:14:04.386+0000] {logging_mixin.py:137} INFO - [2023-03-20T11:14:04.386+0000] {dagbag.py:532} INFO - Filling up the DagBag from /home/airflow/.local/lib/python3.7/site-packages/airflow/example_dags/example_trigger_controller_dag.py
[2023-03-20T11:14:04.395+0000] {processor.py:753} INFO - DAG(s) dict_keys(['example_trigger_controller_dag']) retrieved from /home/airflow/.local/lib/python3.7/site-packages/airflow/example_dags/example_trigger_controller_dag.py
[2023-03-20T11:14:04.424+0000] {logging_mixin.py:137} INFO - [2023-03-20T11:14:04.424+0000] {dag.py:2693} INFO - Sync 1 DAGs
[2023-03-20T11:14:04.445+0000] {logging_mixin.py:137} INFO - [2023-03-20T11:14:04.444+0000] {dag.py:3444} INFO - Setting next_dagrun for example_trigger_controller_dag to 2021-01-01T00:00:00+00:00, run_after=2021-01-01T00:00:00+00:00
[2023-03-20T11:14:04.463+0000] {processor.py:175} INFO - Processing /home/airflow/.local/lib/python3.7/site-packages/airflow/example_dags/example_trigger_controller_dag.py took 0.083 seconds
[2023-03-20T11:14:35.333+0000] {processor.py:153} INFO - Started process (PID=174) to work on /home/airflow/.local/lib/python3.7/site-packages/airflow/example_dags/example_trigger_controller_dag.py
[2023-03-20T11:14:35.335+0000] {processor.py:743} INFO - Processing file /home/airflow/.local/lib/python3.7/site-packages/airflow/example_dags/example_trigger_controller_dag.py for tasks to queue
[2023-03-20T11:14:35.336+0000] {logging_mixin.py:137} INFO - [2023-03-20T11:14:35.336+0000] {dagbag.py:532} INFO - Filling up the DagBag from /home/airflow/.local/lib/python3.7/site-packages/airflow/example_dags/example_trigger_controller_dag.py
[2023-03-20T11:14:35.346+0000] {processor.py:753} INFO - DAG(s) dict_keys(['example_trigger_controller_dag']) retrieved from /home/airflow/.local/lib/python3.7/site-packages/airflow/example_dags/example_trigger_controller_dag.py
[2023-03-20T11:14:35.358+0000] {logging_mixin.py:137} INFO - [2023-03-20T11:14:35.358+0000] {dag.py:2693} INFO - Sync 1 DAGs
[2023-03-20T11:14:35.377+0000] {logging_mixin.py:137} INFO - [2023-03-20T11:14:35.377+0000] {dag.py:3444} INFO - Setting next_dagrun for example_trigger_controller_dag to 2021-01-01T00:00:00+00:00, run_after=2021-01-01T00:00:00+00:00
[2023-03-20T11:14:35.389+0000] {processor.py:175} INFO - Processing /home/airflow/.local/lib/python3.7/site-packages/airflow/example_dags/example_trigger_controller_dag.py took 0.059 seconds
[2023-03-20T11:15:06.152+0000] {processor.py:153} INFO - Started process (PID=223) to work on /home/airflow/.local/lib/python3.7/site-packages/airflow/example_dags/example_trigger_controller_dag.py
[2023-03-20T11:15:06.153+0000] {processor.py:743} INFO - Processing file /home/airflow/.local/lib/python3.7/site-packages/airflow/example_dags/example_trigger_controller_dag.py for tasks to queue
[2023-03-20T11:15:06.154+0000] {logging_mixin.py:137} INFO - [2023-03-20T11:15:06.154+0000] {dagbag.py:532} INFO - Filling up the DagBag from /home/airflow/.local/lib/python3.7/site-packages/airflow/example_dags/example_trigger_controller_dag.py
[2023-03-20T11:15:06.163+0000] {processor.py:753} INFO - DAG(s) dict_keys(['example_trigger_controller_dag']) retrieved from /home/airflow/.local/lib/python3.7/site-packages/airflow/example_dags/example_trigger_controller_dag.py
[2023-03-20T11:15:06.185+0000] {logging_mixin.py:137} INFO - [2023-03-20T11:15:06.185+0000] {dag.py:2693} INFO - Sync 1 DAGs
[2023-03-20T11:15:06.201+0000] {logging_mixin.py:137} INFO - [2023-03-20T11:15:06.201+0000] {dag.py:3444} INFO - Setting next_dagrun for example_trigger_controller_dag to 2021-01-01T00:00:00+00:00, run_after=2021-01-01T00:00:00+00:00
[2023-03-20T11:15:06.212+0000] {processor.py:175} INFO - Processing /home/airflow/.local/lib/python3.7/site-packages/airflow/example_dags/example_trigger_controller_dag.py took 0.063 seconds
[2023-03-20T11:15:36.701+0000] {processor.py:153} INFO - Started process (PID=272) to work on /home/airflow/.local/lib/python3.7/site-packages/airflow/example_dags/example_trigger_controller_dag.py
[2023-03-20T11:15:36.703+0000] {processor.py:743} INFO - Processing file /home/airflow/.local/lib/python3.7/site-packages/airflow/example_dags/example_trigger_controller_dag.py for tasks to queue
[2023-03-20T11:15:36.703+0000] {logging_mixin.py:137} INFO - [2023-03-20T11:15:36.703+0000] {dagbag.py:532} INFO - Filling up the DagBag from /home/airflow/.local/lib/python3.7/site-packages/airflow/example_dags/example_trigger_controller_dag.py
[2023-03-20T11:15:36.712+0000] {processor.py:753} INFO - DAG(s) dict_keys(['example_trigger_controller_dag']) retrieved from /home/airflow/.local/lib/python3.7/site-packages/airflow/example_dags/example_trigger_controller_dag.py
[2023-03-20T11:15:36.734+0000] {logging_mixin.py:137} INFO - [2023-03-20T11:15:36.734+0000] {dag.py:2693} INFO - Sync 1 DAGs
[2023-03-20T11:15:36.751+0000] {logging_mixin.py:137} INFO - [2023-03-20T11:15:36.751+0000] {dag.py:3444} INFO - Setting next_dagrun for example_trigger_controller_dag to 2021-01-01T00:00:00+00:00, run_after=2021-01-01T00:00:00+00:00
[2023-03-20T11:15:36.763+0000] {processor.py:175} INFO - Processing /home/airflow/.local/lib/python3.7/site-packages/airflow/example_dags/example_trigger_controller_dag.py took 0.065 seconds
[2023-03-20T11:16:07.125+0000] {processor.py:153} INFO - Started process (PID=321) to work on /home/airflow/.local/lib/python3.7/site-packages/airflow/example_dags/example_trigger_controller_dag.py
[2023-03-20T11:16:07.127+0000] {processor.py:743} INFO - Processing file /home/airflow/.local/lib/python3.7/site-packages/airflow/example_dags/example_trigger_controller_dag.py for tasks to queue
[2023-03-20T11:16:07.128+0000] {logging_mixin.py:137} INFO - [2023-03-20T11:16:07.128+0000] {dagbag.py:532} INFO - Filling up the DagBag from /home/airflow/.local/lib/python3.7/site-packages/airflow/example_dags/example_trigger_controller_dag.py
[2023-03-20T11:16:07.136+0000] {processor.py:753} INFO - DAG(s) dict_keys(['example_trigger_controller_dag']) retrieved from /home/airflow/.local/lib/python3.7/site-packages/airflow/example_dags/example_trigger_controller_dag.py
[2023-03-20T11:16:07.157+0000] {logging_mixin.py:137} INFO - [2023-03-20T11:16:07.157+0000] {dag.py:2693} INFO - Sync 1 DAGs
[2023-03-20T11:16:07.174+0000] {logging_mixin.py:137} INFO - [2023-03-20T11:16:07.174+0000] {dag.py:3444} INFO - Setting next_dagrun for example_trigger_controller_dag to 2021-01-01T00:00:00+00:00, run_after=2021-01-01T00:00:00+00:00
[2023-03-20T11:16:07.185+0000] {processor.py:175} INFO - Processing /home/airflow/.local/lib/python3.7/site-packages/airflow/example_dags/example_trigger_controller_dag.py took 0.063 seconds
[2023-03-20T11:16:37.639+0000] {processor.py:153} INFO - Started process (PID=370) to work on /home/airflow/.local/lib/python3.7/site-packages/airflow/example_dags/example_trigger_controller_dag.py
[2023-03-20T11:16:37.640+0000] {processor.py:743} INFO - Processing file /home/airflow/.local/lib/python3.7/site-packages/airflow/example_dags/example_trigger_controller_dag.py for tasks to queue
[2023-03-20T11:16:37.640+0000] {logging_mixin.py:137} INFO - [2023-03-20T11:16:37.640+0000] {dagbag.py:532} INFO - Filling up the DagBag from /home/airflow/.local/lib/python3.7/site-packages/airflow/example_dags/example_trigger_controller_dag.py
[2023-03-20T11:16:37.649+0000] {processor.py:753} INFO - DAG(s) dict_keys(['example_trigger_controller_dag']) retrieved from /home/airflow/.local/lib/python3.7/site-packages/airflow/example_dags/example_trigger_controller_dag.py
[2023-03-20T11:16:37.670+0000] {logging_mixin.py:137} INFO - [2023-03-20T11:16:37.670+0000] {dag.py:2693} INFO - Sync 1 DAGs
[2023-03-20T11:16:37.685+0000] {logging_mixin.py:137} INFO - [2023-03-20T11:16:37.685+0000] {dag.py:3444} INFO - Setting next_dagrun for example_trigger_controller_dag to 2021-01-01T00:00:00+00:00, run_after=2021-01-01T00:00:00+00:00
[2023-03-20T11:16:37.697+0000] {processor.py:175} INFO - Processing /home/airflow/.local/lib/python3.7/site-packages/airflow/example_dags/example_trigger_controller_dag.py took 0.061 seconds
[2023-03-20T11:17:08.517+0000] {processor.py:153} INFO - Started process (PID=419) to work on /home/airflow/.local/lib/python3.7/site-packages/airflow/example_dags/example_trigger_controller_dag.py
[2023-03-20T11:17:08.519+0000] {processor.py:743} INFO - Processing file /home/airflow/.local/lib/python3.7/site-packages/airflow/example_dags/example_trigger_controller_dag.py for tasks to queue
[2023-03-20T11:17:08.520+0000] {logging_mixin.py:137} INFO - [2023-03-20T11:17:08.520+0000] {dagbag.py:532} INFO - Filling up the DagBag from /home/airflow/.local/lib/python3.7/site-packages/airflow/example_dags/example_trigger_controller_dag.py
[2023-03-20T11:17:08.531+0000] {processor.py:753} INFO - DAG(s) dict_keys(['example_trigger_controller_dag']) retrieved from /home/airflow/.local/lib/python3.7/site-packages/airflow/example_dags/example_trigger_controller_dag.py
[2023-03-20T11:17:08.556+0000] {logging_mixin.py:137} INFO - [2023-03-20T11:17:08.556+0000] {dag.py:2693} INFO - Sync 1 DAGs
[2023-03-20T11:17:08.573+0000] {logging_mixin.py:137} INFO - [2023-03-20T11:17:08.573+0000] {dag.py:3444} INFO - Setting next_dagrun for example_trigger_controller_dag to 2021-01-01T00:00:00+00:00, run_after=2021-01-01T00:00:00+00:00
[2023-03-20T11:17:08.586+0000] {processor.py:175} INFO - Processing /home/airflow/.local/lib/python3.7/site-packages/airflow/example_dags/example_trigger_controller_dag.py took 0.071 seconds
[2023-03-20T11:17:39.012+0000] {processor.py:153} INFO - Started process (PID=468) to work on /home/airflow/.local/lib/python3.7/site-packages/airflow/example_dags/example_trigger_controller_dag.py
[2023-03-20T11:17:39.013+0000] {processor.py:743} INFO - Processing file /home/airflow/.local/lib/python3.7/site-packages/airflow/example_dags/example_trigger_controller_dag.py for tasks to queue
[2023-03-20T11:17:39.014+0000] {logging_mixin.py:137} INFO - [2023-03-20T11:17:39.014+0000] {dagbag.py:532} INFO - Filling up the DagBag from /home/airflow/.local/lib/python3.7/site-packages/airflow/example_dags/example_trigger_controller_dag.py
[2023-03-20T11:17:39.022+0000] {processor.py:753} INFO - DAG(s) dict_keys(['example_trigger_controller_dag']) retrieved from /home/airflow/.local/lib/python3.7/site-packages/airflow/example_dags/example_trigger_controller_dag.py
[2023-03-20T11:17:39.051+0000] {logging_mixin.py:137} INFO - [2023-03-20T11:17:39.051+0000] {dag.py:2693} INFO - Sync 1 DAGs
[2023-03-20T11:17:39.114+0000] {logging_mixin.py:137} INFO - [2023-03-20T11:17:39.114+0000] {dag.py:3444} INFO - Setting next_dagrun for example_trigger_controller_dag to 2021-01-01T00:00:00+00:00, run_after=2021-01-01T00:00:00+00:00
[2023-03-20T11:17:39.126+0000] {processor.py:175} INFO - Processing /home/airflow/.local/lib/python3.7/site-packages/airflow/example_dags/example_trigger_controller_dag.py took 0.118 seconds
[2023-03-20T11:18:09.642+0000] {processor.py:153} INFO - Started process (PID=517) to work on /home/airflow/.local/lib/python3.7/site-packages/airflow/example_dags/example_trigger_controller_dag.py
[2023-03-20T11:18:09.643+0000] {processor.py:743} INFO - Processing file /home/airflow/.local/lib/python3.7/site-packages/airflow/example_dags/example_trigger_controller_dag.py for tasks to queue
[2023-03-20T11:18:09.644+0000] {logging_mixin.py:137} INFO - [2023-03-20T11:18:09.644+0000] {dagbag.py:532} INFO - Filling up the DagBag from /home/airflow/.local/lib/python3.7/site-packages/airflow/example_dags/example_trigger_controller_dag.py
[2023-03-20T11:18:09.654+0000] {processor.py:753} INFO - DAG(s) dict_keys(['example_trigger_controller_dag']) retrieved from /home/airflow/.local/lib/python3.7/site-packages/airflow/example_dags/example_trigger_controller_dag.py
[2023-03-20T11:18:09.687+0000] {logging_mixin.py:137} INFO - [2023-03-20T11:18:09.687+0000] {dag.py:2693} INFO - Sync 1 DAGs
[2023-03-20T11:18:09.710+0000] {logging_mixin.py:137} INFO - [2023-03-20T11:18:09.710+0000] {dag.py:3444} INFO - Setting next_dagrun for example_trigger_controller_dag to 2021-01-01T00:00:00+00:00, run_after=2021-01-01T00:00:00+00:00
[2023-03-20T11:18:09.726+0000] {processor.py:175} INFO - Processing /home/airflow/.local/lib/python3.7/site-packages/airflow/example_dags/example_trigger_controller_dag.py took 0.087 seconds
[2023-03-20T11:18:40.206+0000] {processor.py:153} INFO - Started process (PID=566) to work on /home/airflow/.local/lib/python3.7/site-packages/airflow/example_dags/example_trigger_controller_dag.py
[2023-03-20T11:18:40.208+0000] {processor.py:743} INFO - Processing file /home/airflow/.local/lib/python3.7/site-packages/airflow/example_dags/example_trigger_controller_dag.py for tasks to queue
[2023-03-20T11:18:40.208+0000] {logging_mixin.py:137} INFO - [2023-03-20T11:18:40.208+0000] {dagbag.py:532} INFO - Filling up the DagBag from /home/airflow/.local/lib/python3.7/site-packages/airflow/example_dags/example_trigger_controller_dag.py
[2023-03-20T11:18:40.217+0000] {processor.py:753} INFO - DAG(s) dict_keys(['example_trigger_controller_dag']) retrieved from /home/airflow/.local/lib/python3.7/site-packages/airflow/example_dags/example_trigger_controller_dag.py
[2023-03-20T11:18:40.238+0000] {logging_mixin.py:137} INFO - [2023-03-20T11:18:40.238+0000] {dag.py:2693} INFO - Sync 1 DAGs
[2023-03-20T11:18:40.256+0000] {logging_mixin.py:137} INFO - [2023-03-20T11:18:40.256+0000] {dag.py:3444} INFO - Setting next_dagrun for example_trigger_controller_dag to 2021-01-01T00:00:00+00:00, run_after=2021-01-01T00:00:00+00:00
[2023-03-20T11:18:40.271+0000] {processor.py:175} INFO - Processing /home/airflow/.local/lib/python3.7/site-packages/airflow/example_dags/example_trigger_controller_dag.py took 0.067 seconds
[2023-03-20T11:19:10.593+0000] {processor.py:153} INFO - Started process (PID=615) to work on /home/airflow/.local/lib/python3.7/site-packages/airflow/example_dags/example_trigger_controller_dag.py
[2023-03-20T11:19:10.594+0000] {processor.py:743} INFO - Processing file /home/airflow/.local/lib/python3.7/site-packages/airflow/example_dags/example_trigger_controller_dag.py for tasks to queue
[2023-03-20T11:19:10.595+0000] {logging_mixin.py:137} INFO - [2023-03-20T11:19:10.595+0000] {dagbag.py:532} INFO - Filling up the DagBag from /home/airflow/.local/lib/python3.7/site-packages/airflow/example_dags/example_trigger_controller_dag.py
[2023-03-20T11:19:10.604+0000] {processor.py:753} INFO - DAG(s) dict_keys(['example_trigger_controller_dag']) retrieved from /home/airflow/.local/lib/python3.7/site-packages/airflow/example_dags/example_trigger_controller_dag.py
[2023-03-20T11:19:10.626+0000] {logging_mixin.py:137} INFO - [2023-03-20T11:19:10.626+0000] {dag.py:2693} INFO - Sync 1 DAGs
[2023-03-20T11:19:10.642+0000] {logging_mixin.py:137} INFO - [2023-03-20T11:19:10.642+0000] {dag.py:3444} INFO - Setting next_dagrun for example_trigger_controller_dag to 2021-01-01T00:00:00+00:00, run_after=2021-01-01T00:00:00+00:00
[2023-03-20T11:19:10.653+0000] {processor.py:175} INFO - Processing /home/airflow/.local/lib/python3.7/site-packages/airflow/example_dags/example_trigger_controller_dag.py took 0.063 seconds
[2023-03-20T11:19:40.953+0000] {processor.py:153} INFO - Started process (PID=664) to work on /home/airflow/.local/lib/python3.7/site-packages/airflow/example_dags/example_trigger_controller_dag.py
[2023-03-20T11:19:40.955+0000] {processor.py:743} INFO - Processing file /home/airflow/.local/lib/python3.7/site-packages/airflow/example_dags/example_trigger_controller_dag.py for tasks to queue
[2023-03-20T11:19:40.955+0000] {logging_mixin.py:137} INFO - [2023-03-20T11:19:40.955+0000] {dagbag.py:532} INFO - Filling up the DagBag from /home/airflow/.local/lib/python3.7/site-packages/airflow/example_dags/example_trigger_controller_dag.py
[2023-03-20T11:19:40.964+0000] {processor.py:753} INFO - DAG(s) dict_keys(['example_trigger_controller_dag']) retrieved from /home/airflow/.local/lib/python3.7/site-packages/airflow/example_dags/example_trigger_controller_dag.py
[2023-03-20T11:19:40.986+0000] {logging_mixin.py:137} INFO - [2023-03-20T11:19:40.986+0000] {dag.py:2693} INFO - Sync 1 DAGs
[2023-03-20T11:19:41.002+0000] {logging_mixin.py:137} INFO - [2023-03-20T11:19:41.002+0000] {dag.py:3444} INFO - Setting next_dagrun for example_trigger_controller_dag to 2021-01-01T00:00:00+00:00, run_after=2021-01-01T00:00:00+00:00
[2023-03-20T11:19:41.013+0000] {processor.py:175} INFO - Processing /home/airflow/.local/lib/python3.7/site-packages/airflow/example_dags/example_trigger_controller_dag.py took 0.063 seconds
[2023-03-20T11:20:11.339+0000] {processor.py:153} INFO - Started process (PID=713) to work on /home/airflow/.local/lib/python3.7/site-packages/airflow/example_dags/example_trigger_controller_dag.py
[2023-03-20T11:20:11.340+0000] {processor.py:743} INFO - Processing file /home/airflow/.local/lib/python3.7/site-packages/airflow/example_dags/example_trigger_controller_dag.py for tasks to queue
[2023-03-20T11:20:11.341+0000] {logging_mixin.py:137} INFO - [2023-03-20T11:20:11.341+0000] {dagbag.py:532} INFO - Filling up the DagBag from /home/airflow/.local/lib/python3.7/site-packages/airflow/example_dags/example_trigger_controller_dag.py
[2023-03-20T11:20:11.350+0000] {processor.py:753} INFO - DAG(s) dict_keys(['example_trigger_controller_dag']) retrieved from /home/airflow/.local/lib/python3.7/site-packages/airflow/example_dags/example_trigger_controller_dag.py
[2023-03-20T11:20:11.372+0000] {logging_mixin.py:137} INFO - [2023-03-20T11:20:11.372+0000] {dag.py:2693} INFO - Sync 1 DAGs
[2023-03-20T11:20:11.388+0000] {logging_mixin.py:137} INFO - [2023-03-20T11:20:11.387+0000] {dag.py:3444} INFO - Setting next_dagrun for example_trigger_controller_dag to 2021-01-01T00:00:00+00:00, run_after=2021-01-01T00:00:00+00:00
[2023-03-20T11:20:11.399+0000] {processor.py:175} INFO - Processing /home/airflow/.local/lib/python3.7/site-packages/airflow/example_dags/example_trigger_controller_dag.py took 0.063 seconds
[2023-03-20T11:20:41.788+0000] {processor.py:153} INFO - Started process (PID=762) to work on /home/airflow/.local/lib/python3.7/site-packages/airflow/example_dags/example_trigger_controller_dag.py
[2023-03-20T11:20:41.789+0000] {processor.py:743} INFO - Processing file /home/airflow/.local/lib/python3.7/site-packages/airflow/example_dags/example_trigger_controller_dag.py for tasks to queue
[2023-03-20T11:20:41.790+0000] {logging_mixin.py:137} INFO - [2023-03-20T11:20:41.790+0000] {dagbag.py:532} INFO - Filling up the DagBag from /home/airflow/.local/lib/python3.7/site-packages/airflow/example_dags/example_trigger_controller_dag.py
[2023-03-20T11:20:41.799+0000] {processor.py:753} INFO - DAG(s) dict_keys(['example_trigger_controller_dag']) retrieved from /home/airflow/.local/lib/python3.7/site-packages/airflow/example_dags/example_trigger_controller_dag.py
[2023-03-20T11:20:41.820+0000] {logging_mixin.py:137} INFO - [2023-03-20T11:20:41.820+0000] {dag.py:2693} INFO - Sync 1 DAGs
[2023-03-20T11:20:41.836+0000] {logging_mixin.py:137} INFO - [2023-03-20T11:20:41.836+0000] {dag.py:3444} INFO - Setting next_dagrun for example_trigger_controller_dag to 2021-01-01T00:00:00+00:00, run_after=2021-01-01T00:00:00+00:00
[2023-03-20T11:20:41.847+0000] {processor.py:175} INFO - Processing /home/airflow/.local/lib/python3.7/site-packages/airflow/example_dags/example_trigger_controller_dag.py took 0.062 seconds
[2023-03-20T11:21:12.194+0000] {processor.py:153} INFO - Started process (PID=811) to work on /home/airflow/.local/lib/python3.7/site-packages/airflow/example_dags/example_trigger_controller_dag.py
[2023-03-20T11:21:12.195+0000] {processor.py:743} INFO - Processing file /home/airflow/.local/lib/python3.7/site-packages/airflow/example_dags/example_trigger_controller_dag.py for tasks to queue
[2023-03-20T11:21:12.196+0000] {logging_mixin.py:137} INFO - [2023-03-20T11:21:12.196+0000] {dagbag.py:532} INFO - Filling up the DagBag from /home/airflow/.local/lib/python3.7/site-packages/airflow/example_dags/example_trigger_controller_dag.py
[2023-03-20T11:21:12.204+0000] {processor.py:753} INFO - DAG(s) dict_keys(['example_trigger_controller_dag']) retrieved from /home/airflow/.local/lib/python3.7/site-packages/airflow/example_dags/example_trigger_controller_dag.py
[2023-03-20T11:21:12.226+0000] {logging_mixin.py:137} INFO - [2023-03-20T11:21:12.226+0000] {dag.py:2693} INFO - Sync 1 DAGs
[2023-03-20T11:21:12.242+0000] {logging_mixin.py:137} INFO - [2023-03-20T11:21:12.242+0000] {dag.py:3444} INFO - Setting next_dagrun for example_trigger_controller_dag to 2021-01-01T00:00:00+00:00, run_after=2021-01-01T00:00:00+00:00
[2023-03-20T11:21:12.253+0000] {processor.py:175} INFO - Processing /home/airflow/.local/lib/python3.7/site-packages/airflow/example_dags/example_trigger_controller_dag.py took 0.062 seconds
[2023-03-20T11:21:42.498+0000] {processor.py:153} INFO - Started process (PID=860) to work on /home/airflow/.local/lib/python3.7/site-packages/airflow/example_dags/example_trigger_controller_dag.py
[2023-03-20T11:21:42.500+0000] {processor.py:743} INFO - Processing file /home/airflow/.local/lib/python3.7/site-packages/airflow/example_dags/example_trigger_controller_dag.py for tasks to queue
[2023-03-20T11:21:42.500+0000] {logging_mixin.py:137} INFO - [2023-03-20T11:21:42.500+0000] {dagbag.py:532} INFO - Filling up the DagBag from /home/airflow/.local/lib/python3.7/site-packages/airflow/example_dags/example_trigger_controller_dag.py
[2023-03-20T11:21:42.508+0000] {processor.py:753} INFO - DAG(s) dict_keys(['example_trigger_controller_dag']) retrieved from /home/airflow/.local/lib/python3.7/site-packages/airflow/example_dags/example_trigger_controller_dag.py
[2023-03-20T11:21:42.530+0000] {logging_mixin.py:137} INFO - [2023-03-20T11:21:42.530+0000] {dag.py:2693} INFO - Sync 1 DAGs
[2023-03-20T11:21:42.547+0000] {logging_mixin.py:137} INFO - [2023-03-20T11:21:42.546+0000] {dag.py:3444} INFO - Setting next_dagrun for example_trigger_controller_dag to 2021-01-01T00:00:00+00:00, run_after=2021-01-01T00:00:00+00:00
[2023-03-20T11:21:42.558+0000] {processor.py:175} INFO - Processing /home/airflow/.local/lib/python3.7/site-packages/airflow/example_dags/example_trigger_controller_dag.py took 0.062 seconds
[2023-03-20T11:22:12.881+0000] {processor.py:153} INFO - Started process (PID=909) to work on /home/airflow/.local/lib/python3.7/site-packages/airflow/example_dags/example_trigger_controller_dag.py
[2023-03-20T11:22:12.883+0000] {processor.py:743} INFO - Processing file /home/airflow/.local/lib/python3.7/site-packages/airflow/example_dags/example_trigger_controller_dag.py for tasks to queue
[2023-03-20T11:22:12.884+0000] {logging_mixin.py:137} INFO - [2023-03-20T11:22:12.884+0000] {dagbag.py:532} INFO - Filling up the DagBag from /home/airflow/.local/lib/python3.7/site-packages/airflow/example_dags/example_trigger_controller_dag.py
[2023-03-20T11:22:12.893+0000] {processor.py:753} INFO - DAG(s) dict_keys(['example_trigger_controller_dag']) retrieved from /home/airflow/.local/lib/python3.7/site-packages/airflow/example_dags/example_trigger_controller_dag.py
[2023-03-20T11:22:12.915+0000] {logging_mixin.py:137} INFO - [2023-03-20T11:22:12.915+0000] {dag.py:2693} INFO - Sync 1 DAGs
[2023-03-20T11:22:12.932+0000] {logging_mixin.py:137} INFO - [2023-03-20T11:22:12.932+0000] {dag.py:3444} INFO - Setting next_dagrun for example_trigger_controller_dag to 2021-01-01T00:00:00+00:00, run_after=2021-01-01T00:00:00+00:00
[2023-03-20T11:22:12.943+0000] {processor.py:175} INFO - Processing /home/airflow/.local/lib/python3.7/site-packages/airflow/example_dags/example_trigger_controller_dag.py took 0.064 seconds
[2023-03-20T11:22:43.819+0000] {processor.py:153} INFO - Started process (PID=958) to work on /home/airflow/.local/lib/python3.7/site-packages/airflow/example_dags/example_trigger_controller_dag.py
[2023-03-20T11:22:43.820+0000] {processor.py:743} INFO - Processing file /home/airflow/.local/lib/python3.7/site-packages/airflow/example_dags/example_trigger_controller_dag.py for tasks to queue
[2023-03-20T11:22:43.821+0000] {logging_mixin.py:137} INFO - [2023-03-20T11:22:43.821+0000] {dagbag.py:532} INFO - Filling up the DagBag from /home/airflow/.local/lib/python3.7/site-packages/airflow/example_dags/example_trigger_controller_dag.py
[2023-03-20T11:22:43.830+0000] {processor.py:753} INFO - DAG(s) dict_keys(['example_trigger_controller_dag']) retrieved from /home/airflow/.local/lib/python3.7/site-packages/airflow/example_dags/example_trigger_controller_dag.py
[2023-03-20T11:22:43.856+0000] {logging_mixin.py:137} INFO - [2023-03-20T11:22:43.855+0000] {dag.py:2693} INFO - Sync 1 DAGs
[2023-03-20T11:22:43.876+0000] {logging_mixin.py:137} INFO - [2023-03-20T11:22:43.876+0000] {dag.py:3444} INFO - Setting next_dagrun for example_trigger_controller_dag to 2021-01-01T00:00:00+00:00, run_after=2021-01-01T00:00:00+00:00
[2023-03-20T11:22:43.890+0000] {processor.py:175} INFO - Processing /home/airflow/.local/lib/python3.7/site-packages/airflow/example_dags/example_trigger_controller_dag.py took 0.074 seconds
[2023-03-20T11:23:14.224+0000] {processor.py:153} INFO - Started process (PID=1007) to work on /home/airflow/.local/lib/python3.7/site-packages/airflow/example_dags/example_trigger_controller_dag.py
[2023-03-20T11:23:14.225+0000] {processor.py:743} INFO - Processing file /home/airflow/.local/lib/python3.7/site-packages/airflow/example_dags/example_trigger_controller_dag.py for tasks to queue
[2023-03-20T11:23:14.226+0000] {logging_mixin.py:137} INFO - [2023-03-20T11:23:14.226+0000] {dagbag.py:532} INFO - Filling up the DagBag from /home/airflow/.local/lib/python3.7/site-packages/airflow/example_dags/example_trigger_controller_dag.py
[2023-03-20T11:23:14.235+0000] {processor.py:753} INFO - DAG(s) dict_keys(['example_trigger_controller_dag']) retrieved from /home/airflow/.local/lib/python3.7/site-packages/airflow/example_dags/example_trigger_controller_dag.py
[2023-03-20T11:23:14.256+0000] {logging_mixin.py:137} INFO - [2023-03-20T11:23:14.256+0000] {dag.py:2693} INFO - Sync 1 DAGs
[2023-03-20T11:23:14.273+0000] {logging_mixin.py:137} INFO - [2023-03-20T11:23:14.273+0000] {dag.py:3444} INFO - Setting next_dagrun for example_trigger_controller_dag to 2021-01-01T00:00:00+00:00, run_after=2021-01-01T00:00:00+00:00
[2023-03-20T11:23:14.285+0000] {processor.py:175} INFO - Processing /home/airflow/.local/lib/python3.7/site-packages/airflow/example_dags/example_trigger_controller_dag.py took 0.064 seconds
[2023-03-20T11:23:44.758+0000] {processor.py:153} INFO - Started process (PID=1056) to work on /home/airflow/.local/lib/python3.7/site-packages/airflow/example_dags/example_trigger_controller_dag.py
[2023-03-20T11:23:44.759+0000] {processor.py:743} INFO - Processing file /home/airflow/.local/lib/python3.7/site-packages/airflow/example_dags/example_trigger_controller_dag.py for tasks to queue
[2023-03-20T11:23:44.760+0000] {logging_mixin.py:137} INFO - [2023-03-20T11:23:44.760+0000] {dagbag.py:532} INFO - Filling up the DagBag from /home/airflow/.local/lib/python3.7/site-packages/airflow/example_dags/example_trigger_controller_dag.py
[2023-03-20T11:23:44.769+0000] {processor.py:753} INFO - DAG(s) dict_keys(['example_trigger_controller_dag']) retrieved from /home/airflow/.local/lib/python3.7/site-packages/airflow/example_dags/example_trigger_controller_dag.py
[2023-03-20T11:23:44.791+0000] {logging_mixin.py:137} INFO - [2023-03-20T11:23:44.791+0000] {dag.py:2693} INFO - Sync 1 DAGs
[2023-03-20T11:23:44.807+0000] {logging_mixin.py:137} INFO - [2023-03-20T11:23:44.807+0000] {dag.py:3444} INFO - Setting next_dagrun for example_trigger_controller_dag to 2021-01-01T00:00:00+00:00, run_after=2021-01-01T00:00:00+00:00
[2023-03-20T11:23:44.818+0000] {processor.py:175} INFO - Processing /home/airflow/.local/lib/python3.7/site-packages/airflow/example_dags/example_trigger_controller_dag.py took 0.064 seconds
[2023-03-20 11:38:02,529] {scheduler_job.py:182} INFO - Started process (PID=56) to work on /home/airflow/.local/lib/python3.6/site-packages/airflow/example_dags/example_trigger_controller_dag.py
[2023-03-20 11:38:02,539] {scheduler_job.py:629} INFO - Processing file /home/airflow/.local/lib/python3.6/site-packages/airflow/example_dags/example_trigger_controller_dag.py for tasks to queue
[2023-03-20 11:38:02,548] {logging_mixin.py:104} INFO - [2023-03-20 11:38:02,548] {dagbag.py:451} INFO - Filling up the DagBag from /home/airflow/.local/lib/python3.6/site-packages/airflow/example_dags/example_trigger_controller_dag.py
[2023-03-20 11:38:02,609] {scheduler_job.py:639} INFO - DAG(s) dict_keys(['example_trigger_controller_dag']) retrieved from /home/airflow/.local/lib/python3.6/site-packages/airflow/example_dags/example_trigger_controller_dag.py
[2023-03-20 11:38:02,683] {logging_mixin.py:104} INFO - [2023-03-20 11:38:02,683] {dag.py:1824} INFO - Sync 1 DAGs
[2023-03-20 11:38:02,702] {logging_mixin.py:104} INFO - [2023-03-20 11:38:02,702] {dag.py:1843} INFO - Creating ORM DAG for example_trigger_controller_dag
[2023-03-20 11:38:02,713] {logging_mixin.py:104} INFO - [2023-03-20 11:38:02,713] {dag.py:2280} INFO - Setting next_dagrun for example_trigger_controller_dag to 2023-03-18 00:00:00+00:00
[2023-03-20 11:38:02,740] {scheduler_job.py:190} INFO - Processing /home/airflow/.local/lib/python3.6/site-packages/airflow/example_dags/example_trigger_controller_dag.py took 0.221 seconds
[2023-03-20 11:38:33,565] {scheduler_job.py:182} INFO - Started process (PID=81) to work on /home/airflow/.local/lib/python3.6/site-packages/airflow/example_dags/example_trigger_controller_dag.py
[2023-03-20 11:38:33,569] {scheduler_job.py:629} INFO - Processing file /home/airflow/.local/lib/python3.6/site-packages/airflow/example_dags/example_trigger_controller_dag.py for tasks to queue
[2023-03-20 11:38:33,571] {logging_mixin.py:104} INFO - [2023-03-20 11:38:33,571] {dagbag.py:451} INFO - Filling up the DagBag from /home/airflow/.local/lib/python3.6/site-packages/airflow/example_dags/example_trigger_controller_dag.py
[2023-03-20 11:38:33,592] {scheduler_job.py:639} INFO - DAG(s) dict_keys(['example_trigger_controller_dag']) retrieved from /home/airflow/.local/lib/python3.6/site-packages/airflow/example_dags/example_trigger_controller_dag.py
[2023-03-20 11:38:33,635] {logging_mixin.py:104} INFO - [2023-03-20 11:38:33,635] {dag.py:1824} INFO - Sync 1 DAGs
[2023-03-20 11:38:33,668] {logging_mixin.py:104} INFO - [2023-03-20 11:38:33,668] {dag.py:2280} INFO - Setting next_dagrun for example_trigger_controller_dag to 2023-03-18 00:00:00+00:00
[2023-03-20 11:38:33,679] {scheduler_job.py:190} INFO - Processing /home/airflow/.local/lib/python3.6/site-packages/airflow/example_dags/example_trigger_controller_dag.py took 0.122 seconds
[2023-03-20 11:39:04,384] {scheduler_job.py:182} INFO - Started process (PID=107) to work on /home/airflow/.local/lib/python3.6/site-packages/airflow/example_dags/example_trigger_controller_dag.py
[2023-03-20 11:39:04,388] {scheduler_job.py:629} INFO - Processing file /home/airflow/.local/lib/python3.6/site-packages/airflow/example_dags/example_trigger_controller_dag.py for tasks to queue
[2023-03-20 11:39:04,390] {logging_mixin.py:104} INFO - [2023-03-20 11:39:04,390] {dagbag.py:451} INFO - Filling up the DagBag from /home/airflow/.local/lib/python3.6/site-packages/airflow/example_dags/example_trigger_controller_dag.py
[2023-03-20 11:39:04,414] {scheduler_job.py:639} INFO - DAG(s) dict_keys(['example_trigger_controller_dag']) retrieved from /home/airflow/.local/lib/python3.6/site-packages/airflow/example_dags/example_trigger_controller_dag.py
[2023-03-20 11:39:04,471] {logging_mixin.py:104} INFO - [2023-03-20 11:39:04,471] {dag.py:1824} INFO - Sync 1 DAGs
[2023-03-20 11:39:04,514] {logging_mixin.py:104} INFO - [2023-03-20 11:39:04,514] {dag.py:2280} INFO - Setting next_dagrun for example_trigger_controller_dag to 2023-03-18 00:00:00+00:00
[2023-03-20 11:39:04,526] {scheduler_job.py:190} INFO - Processing /home/airflow/.local/lib/python3.6/site-packages/airflow/example_dags/example_trigger_controller_dag.py took 0.151 seconds
[2023-03-20 11:39:35,182] {scheduler_job.py:182} INFO - Started process (PID=133) to work on /home/airflow/.local/lib/python3.6/site-packages/airflow/example_dags/example_trigger_controller_dag.py
[2023-03-20 11:39:35,184] {scheduler_job.py:629} INFO - Processing file /home/airflow/.local/lib/python3.6/site-packages/airflow/example_dags/example_trigger_controller_dag.py for tasks to queue
[2023-03-20 11:39:35,186] {logging_mixin.py:104} INFO - [2023-03-20 11:39:35,186] {dagbag.py:451} INFO - Filling up the DagBag from /home/airflow/.local/lib/python3.6/site-packages/airflow/example_dags/example_trigger_controller_dag.py
[2023-03-20 11:39:35,202] {scheduler_job.py:639} INFO - DAG(s) dict_keys(['example_trigger_controller_dag']) retrieved from /home/airflow/.local/lib/python3.6/site-packages/airflow/example_dags/example_trigger_controller_dag.py
[2023-03-20 11:39:35,228] {logging_mixin.py:104} INFO - [2023-03-20 11:39:35,228] {dag.py:1824} INFO - Sync 1 DAGs
[2023-03-20 11:39:35,242] {logging_mixin.py:104} INFO - [2023-03-20 11:39:35,242] {dag.py:2280} INFO - Setting next_dagrun for example_trigger_controller_dag to 2023-03-18 00:00:00+00:00
[2023-03-20 11:39:35,250] {scheduler_job.py:190} INFO - Processing /home/airflow/.local/lib/python3.6/site-packages/airflow/example_dags/example_trigger_controller_dag.py took 0.075 seconds
[2023-03-20 11:40:05,991] {scheduler_job.py:182} INFO - Started process (PID=159) to work on /home/airflow/.local/lib/python3.6/site-packages/airflow/example_dags/example_trigger_controller_dag.py
[2023-03-20 11:40:05,994] {scheduler_job.py:629} INFO - Processing file /home/airflow/.local/lib/python3.6/site-packages/airflow/example_dags/example_trigger_controller_dag.py for tasks to queue
[2023-03-20 11:40:05,995] {logging_mixin.py:104} INFO - [2023-03-20 11:40:05,995] {dagbag.py:451} INFO - Filling up the DagBag from /home/airflow/.local/lib/python3.6/site-packages/airflow/example_dags/example_trigger_controller_dag.py
[2023-03-20 11:40:06,011] {scheduler_job.py:639} INFO - DAG(s) dict_keys(['example_trigger_controller_dag']) retrieved from /home/airflow/.local/lib/python3.6/site-packages/airflow/example_dags/example_trigger_controller_dag.py
[2023-03-20 11:40:06,037] {logging_mixin.py:104} INFO - [2023-03-20 11:40:06,037] {dag.py:1824} INFO - Sync 1 DAGs
[2023-03-20 11:40:06,053] {logging_mixin.py:104} INFO - [2023-03-20 11:40:06,053] {dag.py:2280} INFO - Setting next_dagrun for example_trigger_controller_dag to 2023-03-18 00:00:00+00:00
[2023-03-20 11:40:06,061] {scheduler_job.py:190} INFO - Processing /home/airflow/.local/lib/python3.6/site-packages/airflow/example_dags/example_trigger_controller_dag.py took 0.077 seconds
[2023-03-20 11:40:36,726] {scheduler_job.py:182} INFO - Started process (PID=185) to work on /home/airflow/.local/lib/python3.6/site-packages/airflow/example_dags/example_trigger_controller_dag.py
[2023-03-20 11:40:36,732] {scheduler_job.py:629} INFO - Processing file /home/airflow/.local/lib/python3.6/site-packages/airflow/example_dags/example_trigger_controller_dag.py for tasks to queue
[2023-03-20 11:40:36,735] {logging_mixin.py:104} INFO - [2023-03-20 11:40:36,735] {dagbag.py:451} INFO - Filling up the DagBag from /home/airflow/.local/lib/python3.6/site-packages/airflow/example_dags/example_trigger_controller_dag.py
[2023-03-20 11:40:36,751] {scheduler_job.py:639} INFO - DAG(s) dict_keys(['example_trigger_controller_dag']) retrieved from /home/airflow/.local/lib/python3.6/site-packages/airflow/example_dags/example_trigger_controller_dag.py
[2023-03-20 11:40:36,793] {logging_mixin.py:104} INFO - [2023-03-20 11:40:36,793] {dag.py:1824} INFO - Sync 1 DAGs
[2023-03-20 11:40:36,808] {logging_mixin.py:104} INFO - [2023-03-20 11:40:36,808] {dag.py:2280} INFO - Setting next_dagrun for example_trigger_controller_dag to 2023-03-18 00:00:00+00:00
[2023-03-20 11:40:36,815] {scheduler_job.py:190} INFO - Processing /home/airflow/.local/lib/python3.6/site-packages/airflow/example_dags/example_trigger_controller_dag.py took 0.095 seconds
[2023-03-20 11:41:07,341] {scheduler_job.py:182} INFO - Started process (PID=211) to work on /home/airflow/.local/lib/python3.6/site-packages/airflow/example_dags/example_trigger_controller_dag.py
[2023-03-20 11:41:07,346] {scheduler_job.py:629} INFO - Processing file /home/airflow/.local/lib/python3.6/site-packages/airflow/example_dags/example_trigger_controller_dag.py for tasks to queue
[2023-03-20 11:41:07,347] {logging_mixin.py:104} INFO - [2023-03-20 11:41:07,347] {dagbag.py:451} INFO - Filling up the DagBag from /home/airflow/.local/lib/python3.6/site-packages/airflow/example_dags/example_trigger_controller_dag.py
[2023-03-20 11:41:07,359] {scheduler_job.py:639} INFO - DAG(s) dict_keys(['example_trigger_controller_dag']) retrieved from /home/airflow/.local/lib/python3.6/site-packages/airflow/example_dags/example_trigger_controller_dag.py
[2023-03-20 11:41:07,386] {logging_mixin.py:104} INFO - [2023-03-20 11:41:07,386] {dag.py:1824} INFO - Sync 1 DAGs
[2023-03-20 11:41:07,397] {logging_mixin.py:104} INFO - [2023-03-20 11:41:07,397] {dag.py:2280} INFO - Setting next_dagrun for example_trigger_controller_dag to 2023-03-18 00:00:00+00:00
[2023-03-20 11:41:07,406] {scheduler_job.py:190} INFO - Processing /home/airflow/.local/lib/python3.6/site-packages/airflow/example_dags/example_trigger_controller_dag.py took 0.069 seconds
[2023-03-20 14:55:27,286] {scheduler_job.py:182} INFO - Started process (PID=46) to work on /home/airflow/.local/lib/python3.6/site-packages/airflow/example_dags/example_trigger_controller_dag.py
[2023-03-20 14:55:27,292] {scheduler_job.py:629} INFO - Processing file /home/airflow/.local/lib/python3.6/site-packages/airflow/example_dags/example_trigger_controller_dag.py for tasks to queue
[2023-03-20 14:55:27,296] {logging_mixin.py:104} INFO - [2023-03-20 14:55:27,296] {dagbag.py:451} INFO - Filling up the DagBag from /home/airflow/.local/lib/python3.6/site-packages/airflow/example_dags/example_trigger_controller_dag.py
[2023-03-20 14:55:27,322] {scheduler_job.py:639} INFO - DAG(s) dict_keys(['example_trigger_controller_dag']) retrieved from /home/airflow/.local/lib/python3.6/site-packages/airflow/example_dags/example_trigger_controller_dag.py
[2023-03-20 14:55:27,443] {logging_mixin.py:104} INFO - [2023-03-20 14:55:27,442] {dag.py:1824} INFO - Sync 1 DAGs
[2023-03-20 14:55:27,467] {logging_mixin.py:104} INFO - [2023-03-20 14:55:27,467] {dag.py:1843} INFO - Creating ORM DAG for example_trigger_controller_dag
[2023-03-20 14:55:27,489] {logging_mixin.py:104} INFO - [2023-03-20 14:55:27,487] {dag.py:2280} INFO - Setting next_dagrun for example_trigger_controller_dag to 2023-03-18 00:00:00+00:00
[2023-03-20 14:55:27,515] {scheduler_job.py:190} INFO - Processing /home/airflow/.local/lib/python3.6/site-packages/airflow/example_dags/example_trigger_controller_dag.py took 0.241 seconds
[2023-03-20 14:55:58,200] {scheduler_job.py:182} INFO - Started process (PID=76) to work on /home/airflow/.local/lib/python3.6/site-packages/airflow/example_dags/example_trigger_controller_dag.py
[2023-03-20 14:55:58,202] {scheduler_job.py:629} INFO - Processing file /home/airflow/.local/lib/python3.6/site-packages/airflow/example_dags/example_trigger_controller_dag.py for tasks to queue
[2023-03-20 14:55:58,203] {logging_mixin.py:104} INFO - [2023-03-20 14:55:58,202] {dagbag.py:451} INFO - Filling up the DagBag from /home/airflow/.local/lib/python3.6/site-packages/airflow/example_dags/example_trigger_controller_dag.py
[2023-03-20 14:55:58,212] {scheduler_job.py:639} INFO - DAG(s) dict_keys(['example_trigger_controller_dag']) retrieved from /home/airflow/.local/lib/python3.6/site-packages/airflow/example_dags/example_trigger_controller_dag.py
[2023-03-20 14:55:58,233] {logging_mixin.py:104} INFO - [2023-03-20 14:55:58,233] {dag.py:1824} INFO - Sync 1 DAGs
[2023-03-20 14:55:58,248] {logging_mixin.py:104} INFO - [2023-03-20 14:55:58,248] {dag.py:2280} INFO - Setting next_dagrun for example_trigger_controller_dag to 2023-03-18 00:00:00+00:00
[2023-03-20 14:55:58,255] {scheduler_job.py:190} INFO - Processing /home/airflow/.local/lib/python3.6/site-packages/airflow/example_dags/example_trigger_controller_dag.py took 0.057 seconds
[2023-03-20 14:56:28,924] {scheduler_job.py:182} INFO - Started process (PID=104) to work on /home/airflow/.local/lib/python3.6/site-packages/airflow/example_dags/example_trigger_controller_dag.py
[2023-03-20 14:56:28,926] {scheduler_job.py:629} INFO - Processing file /home/airflow/.local/lib/python3.6/site-packages/airflow/example_dags/example_trigger_controller_dag.py for tasks to queue
[2023-03-20 14:56:28,927] {logging_mixin.py:104} INFO - [2023-03-20 14:56:28,927] {dagbag.py:451} INFO - Filling up the DagBag from /home/airflow/.local/lib/python3.6/site-packages/airflow/example_dags/example_trigger_controller_dag.py
[2023-03-20 14:56:28,936] {scheduler_job.py:639} INFO - DAG(s) dict_keys(['example_trigger_controller_dag']) retrieved from /home/airflow/.local/lib/python3.6/site-packages/airflow/example_dags/example_trigger_controller_dag.py
[2023-03-20 14:56:28,957] {logging_mixin.py:104} INFO - [2023-03-20 14:56:28,957] {dag.py:1824} INFO - Sync 1 DAGs
[2023-03-20 14:56:28,970] {logging_mixin.py:104} INFO - [2023-03-20 14:56:28,970] {dag.py:2280} INFO - Setting next_dagrun for example_trigger_controller_dag to 2023-03-18 00:00:00+00:00
[2023-03-20 14:56:28,977] {scheduler_job.py:190} INFO - Processing /home/airflow/.local/lib/python3.6/site-packages/airflow/example_dags/example_trigger_controller_dag.py took 0.055 seconds
[2023-03-20 14:57:00,403] {scheduler_job.py:182} INFO - Started process (PID=130) to work on /home/airflow/.local/lib/python3.6/site-packages/airflow/example_dags/example_trigger_controller_dag.py
[2023-03-20 14:57:00,406] {scheduler_job.py:629} INFO - Processing file /home/airflow/.local/lib/python3.6/site-packages/airflow/example_dags/example_trigger_controller_dag.py for tasks to queue
[2023-03-20 14:57:00,408] {logging_mixin.py:104} INFO - [2023-03-20 14:57:00,408] {dagbag.py:451} INFO - Filling up the DagBag from /home/airflow/.local/lib/python3.6/site-packages/airflow/example_dags/example_trigger_controller_dag.py
[2023-03-20 14:57:00,423] {scheduler_job.py:639} INFO - DAG(s) dict_keys(['example_trigger_controller_dag']) retrieved from /home/airflow/.local/lib/python3.6/site-packages/airflow/example_dags/example_trigger_controller_dag.py
[2023-03-20 14:57:00,459] {logging_mixin.py:104} INFO - [2023-03-20 14:57:00,459] {dag.py:1824} INFO - Sync 1 DAGs
[2023-03-20 14:57:00,489] {logging_mixin.py:104} INFO - [2023-03-20 14:57:00,489] {dag.py:2280} INFO - Setting next_dagrun for example_trigger_controller_dag to 2023-03-18 00:00:00+00:00
[2023-03-20 14:57:00,505] {scheduler_job.py:190} INFO - Processing /home/airflow/.local/lib/python3.6/site-packages/airflow/example_dags/example_trigger_controller_dag.py took 0.107 seconds
[2023-03-20 14:57:31,919] {scheduler_job.py:182} INFO - Started process (PID=159) to work on /home/airflow/.local/lib/python3.6/site-packages/airflow/example_dags/example_trigger_controller_dag.py
[2023-03-20 14:57:31,935] {scheduler_job.py:629} INFO - Processing file /home/airflow/.local/lib/python3.6/site-packages/airflow/example_dags/example_trigger_controller_dag.py for tasks to queue
[2023-03-20 14:57:31,943] {logging_mixin.py:104} INFO - [2023-03-20 14:57:31,942] {dagbag.py:451} INFO - Filling up the DagBag from /home/airflow/.local/lib/python3.6/site-packages/airflow/example_dags/example_trigger_controller_dag.py
[2023-03-20 14:57:31,962] {scheduler_job.py:639} INFO - DAG(s) dict_keys(['example_trigger_controller_dag']) retrieved from /home/airflow/.local/lib/python3.6/site-packages/airflow/example_dags/example_trigger_controller_dag.py
[2023-03-20 14:57:32,022] {logging_mixin.py:104} INFO - [2023-03-20 14:57:32,022] {dag.py:1824} INFO - Sync 1 DAGs
[2023-03-20 14:57:32,103] {logging_mixin.py:104} INFO - [2023-03-20 14:57:32,103] {dag.py:2280} INFO - Setting next_dagrun for example_trigger_controller_dag to 2023-03-18 00:00:00+00:00
[2023-03-20 14:57:32,123] {scheduler_job.py:190} INFO - Processing /home/airflow/.local/lib/python3.6/site-packages/airflow/example_dags/example_trigger_controller_dag.py took 0.213 seconds
[2023-03-20 14:58:02,833] {scheduler_job.py:182} INFO - Started process (PID=186) to work on /home/airflow/.local/lib/python3.6/site-packages/airflow/example_dags/example_trigger_controller_dag.py
[2023-03-20 14:58:02,838] {scheduler_job.py:629} INFO - Processing file /home/airflow/.local/lib/python3.6/site-packages/airflow/example_dags/example_trigger_controller_dag.py for tasks to queue
[2023-03-20 14:58:02,839] {logging_mixin.py:104} INFO - [2023-03-20 14:58:02,839] {dagbag.py:451} INFO - Filling up the DagBag from /home/airflow/.local/lib/python3.6/site-packages/airflow/example_dags/example_trigger_controller_dag.py
[2023-03-20 14:58:02,850] {scheduler_job.py:639} INFO - DAG(s) dict_keys(['example_trigger_controller_dag']) retrieved from /home/airflow/.local/lib/python3.6/site-packages/airflow/example_dags/example_trigger_controller_dag.py
[2023-03-20 14:58:02,902] {logging_mixin.py:104} INFO - [2023-03-20 14:58:02,902] {dag.py:1824} INFO - Sync 1 DAGs
[2023-03-20 14:58:02,927] {logging_mixin.py:104} INFO - [2023-03-20 14:58:02,927] {dag.py:2280} INFO - Setting next_dagrun for example_trigger_controller_dag to 2023-03-18 00:00:00+00:00
[2023-03-20 14:58:02,936] {scheduler_job.py:190} INFO - Processing /home/airflow/.local/lib/python3.6/site-packages/airflow/example_dags/example_trigger_controller_dag.py took 0.108 seconds
[2023-03-20 14:58:33,492] {scheduler_job.py:182} INFO - Started process (PID=212) to work on /home/airflow/.local/lib/python3.6/site-packages/airflow/example_dags/example_trigger_controller_dag.py
[2023-03-20 14:58:33,494] {scheduler_job.py:629} INFO - Processing file /home/airflow/.local/lib/python3.6/site-packages/airflow/example_dags/example_trigger_controller_dag.py for tasks to queue
[2023-03-20 14:58:33,495] {logging_mixin.py:104} INFO - [2023-03-20 14:58:33,495] {dagbag.py:451} INFO - Filling up the DagBag from /home/airflow/.local/lib/python3.6/site-packages/airflow/example_dags/example_trigger_controller_dag.py
[2023-03-20 14:58:33,504] {scheduler_job.py:639} INFO - DAG(s) dict_keys(['example_trigger_controller_dag']) retrieved from /home/airflow/.local/lib/python3.6/site-packages/airflow/example_dags/example_trigger_controller_dag.py
[2023-03-20 14:58:33,528] {logging_mixin.py:104} INFO - [2023-03-20 14:58:33,527] {dag.py:1824} INFO - Sync 1 DAGs
[2023-03-20 14:58:33,540] {logging_mixin.py:104} INFO - [2023-03-20 14:58:33,540] {dag.py:2280} INFO - Setting next_dagrun for example_trigger_controller_dag to 2023-03-18 00:00:00+00:00
[2023-03-20 14:58:33,546] {scheduler_job.py:190} INFO - Processing /home/airflow/.local/lib/python3.6/site-packages/airflow/example_dags/example_trigger_controller_dag.py took 0.056 seconds
[2023-03-20 14:59:04,119] {scheduler_job.py:182} INFO - Started process (PID=238) to work on /home/airflow/.local/lib/python3.6/site-packages/airflow/example_dags/example_trigger_controller_dag.py
[2023-03-20 14:59:04,121] {scheduler_job.py:629} INFO - Processing file /home/airflow/.local/lib/python3.6/site-packages/airflow/example_dags/example_trigger_controller_dag.py for tasks to queue
[2023-03-20 14:59:04,122] {logging_mixin.py:104} INFO - [2023-03-20 14:59:04,122] {dagbag.py:451} INFO - Filling up the DagBag from /home/airflow/.local/lib/python3.6/site-packages/airflow/example_dags/example_trigger_controller_dag.py
[2023-03-20 14:59:04,131] {scheduler_job.py:639} INFO - DAG(s) dict_keys(['example_trigger_controller_dag']) retrieved from /home/airflow/.local/lib/python3.6/site-packages/airflow/example_dags/example_trigger_controller_dag.py
[2023-03-20 14:59:04,154] {logging_mixin.py:104} INFO - [2023-03-20 14:59:04,154] {dag.py:1824} INFO - Sync 1 DAGs
[2023-03-20 14:59:04,168] {logging_mixin.py:104} INFO - [2023-03-20 14:59:04,168] {dag.py:2280} INFO - Setting next_dagrun for example_trigger_controller_dag to 2023-03-18 00:00:00+00:00
[2023-03-20 14:59:04,174] {scheduler_job.py:190} INFO - Processing /home/airflow/.local/lib/python3.6/site-packages/airflow/example_dags/example_trigger_controller_dag.py took 0.058 seconds
[2023-03-20 14:59:34,585] {scheduler_job.py:182} INFO - Started process (PID=264) to work on /home/airflow/.local/lib/python3.6/site-packages/airflow/example_dags/example_trigger_controller_dag.py
[2023-03-20 14:59:34,587] {scheduler_job.py:629} INFO - Processing file /home/airflow/.local/lib/python3.6/site-packages/airflow/example_dags/example_trigger_controller_dag.py for tasks to queue
[2023-03-20 14:59:34,587] {logging_mixin.py:104} INFO - [2023-03-20 14:59:34,587] {dagbag.py:451} INFO - Filling up the DagBag from /home/airflow/.local/lib/python3.6/site-packages/airflow/example_dags/example_trigger_controller_dag.py
[2023-03-20 14:59:34,597] {scheduler_job.py:639} INFO - DAG(s) dict_keys(['example_trigger_controller_dag']) retrieved from /home/airflow/.local/lib/python3.6/site-packages/airflow/example_dags/example_trigger_controller_dag.py
[2023-03-20 14:59:34,621] {logging_mixin.py:104} INFO - [2023-03-20 14:59:34,621] {dag.py:1824} INFO - Sync 1 DAGs
[2023-03-20 14:59:34,632] {logging_mixin.py:104} INFO - [2023-03-20 14:59:34,631] {dag.py:2280} INFO - Setting next_dagrun for example_trigger_controller_dag to 2023-03-18 00:00:00+00:00
[2023-03-20 14:59:34,638] {scheduler_job.py:190} INFO - Processing /home/airflow/.local/lib/python3.6/site-packages/airflow/example_dags/example_trigger_controller_dag.py took 0.055 seconds
[2023-03-20 15:00:05,055] {scheduler_job.py:182} INFO - Started process (PID=290) to work on /home/airflow/.local/lib/python3.6/site-packages/airflow/example_dags/example_trigger_controller_dag.py
[2023-03-20 15:00:05,057] {scheduler_job.py:629} INFO - Processing file /home/airflow/.local/lib/python3.6/site-packages/airflow/example_dags/example_trigger_controller_dag.py for tasks to queue
[2023-03-20 15:00:05,058] {logging_mixin.py:104} INFO - [2023-03-20 15:00:05,058] {dagbag.py:451} INFO - Filling up the DagBag from /home/airflow/.local/lib/python3.6/site-packages/airflow/example_dags/example_trigger_controller_dag.py
[2023-03-20 15:00:05,066] {scheduler_job.py:639} INFO - DAG(s) dict_keys(['example_trigger_controller_dag']) retrieved from /home/airflow/.local/lib/python3.6/site-packages/airflow/example_dags/example_trigger_controller_dag.py
[2023-03-20 15:00:05,088] {logging_mixin.py:104} INFO - [2023-03-20 15:00:05,088] {dag.py:1824} INFO - Sync 1 DAGs
[2023-03-20 15:00:05,099] {logging_mixin.py:104} INFO - [2023-03-20 15:00:05,099] {dag.py:2280} INFO - Setting next_dagrun for example_trigger_controller_dag to 2023-03-18 00:00:00+00:00
[2023-03-20 15:00:05,105] {scheduler_job.py:190} INFO - Processing /home/airflow/.local/lib/python3.6/site-packages/airflow/example_dags/example_trigger_controller_dag.py took 0.053 seconds
[2023-03-20 15:00:35,554] {scheduler_job.py:182} INFO - Started process (PID=316) to work on /home/airflow/.local/lib/python3.6/site-packages/airflow/example_dags/example_trigger_controller_dag.py
[2023-03-20 15:00:35,556] {scheduler_job.py:629} INFO - Processing file /home/airflow/.local/lib/python3.6/site-packages/airflow/example_dags/example_trigger_controller_dag.py for tasks to queue
[2023-03-20 15:00:35,557] {logging_mixin.py:104} INFO - [2023-03-20 15:00:35,557] {dagbag.py:451} INFO - Filling up the DagBag from /home/airflow/.local/lib/python3.6/site-packages/airflow/example_dags/example_trigger_controller_dag.py
[2023-03-20 15:00:35,569] {scheduler_job.py:639} INFO - DAG(s) dict_keys(['example_trigger_controller_dag']) retrieved from /home/airflow/.local/lib/python3.6/site-packages/airflow/example_dags/example_trigger_controller_dag.py
[2023-03-20 15:00:35,590] {logging_mixin.py:104} INFO - [2023-03-20 15:00:35,590] {dag.py:1824} INFO - Sync 1 DAGs
[2023-03-20 15:00:35,600] {logging_mixin.py:104} INFO - [2023-03-20 15:00:35,600] {dag.py:2280} INFO - Setting next_dagrun for example_trigger_controller_dag to 2023-03-18 00:00:00+00:00
[2023-03-20 15:00:35,606] {scheduler_job.py:190} INFO - Processing /home/airflow/.local/lib/python3.6/site-packages/airflow/example_dags/example_trigger_controller_dag.py took 0.055 seconds
[2023-03-20 15:01:06,106] {scheduler_job.py:182} INFO - Started process (PID=342) to work on /home/airflow/.local/lib/python3.6/site-packages/airflow/example_dags/example_trigger_controller_dag.py
[2023-03-20 15:01:06,107] {scheduler_job.py:629} INFO - Processing file /home/airflow/.local/lib/python3.6/site-packages/airflow/example_dags/example_trigger_controller_dag.py for tasks to queue
[2023-03-20 15:01:06,108] {logging_mixin.py:104} INFO - [2023-03-20 15:01:06,108] {dagbag.py:451} INFO - Filling up the DagBag from /home/airflow/.local/lib/python3.6/site-packages/airflow/example_dags/example_trigger_controller_dag.py
[2023-03-20 15:01:06,120] {scheduler_job.py:639} INFO - DAG(s) dict_keys(['example_trigger_controller_dag']) retrieved from /home/airflow/.local/lib/python3.6/site-packages/airflow/example_dags/example_trigger_controller_dag.py
[2023-03-20 15:01:06,140] {logging_mixin.py:104} INFO - [2023-03-20 15:01:06,140] {dag.py:1824} INFO - Sync 1 DAGs
[2023-03-20 15:01:06,151] {logging_mixin.py:104} INFO - [2023-03-20 15:01:06,151] {dag.py:2280} INFO - Setting next_dagrun for example_trigger_controller_dag to 2023-03-18 00:00:00+00:00
[2023-03-20 15:01:06,157] {scheduler_job.py:190} INFO - Processing /home/airflow/.local/lib/python3.6/site-packages/airflow/example_dags/example_trigger_controller_dag.py took 0.054 seconds
[2023-03-20 15:01:36,449] {scheduler_job.py:182} INFO - Started process (PID=368) to work on /home/airflow/.local/lib/python3.6/site-packages/airflow/example_dags/example_trigger_controller_dag.py
[2023-03-20 15:01:36,451] {scheduler_job.py:629} INFO - Processing file /home/airflow/.local/lib/python3.6/site-packages/airflow/example_dags/example_trigger_controller_dag.py for tasks to queue
[2023-03-20 15:01:36,452] {logging_mixin.py:104} INFO - [2023-03-20 15:01:36,452] {dagbag.py:451} INFO - Filling up the DagBag from /home/airflow/.local/lib/python3.6/site-packages/airflow/example_dags/example_trigger_controller_dag.py
[2023-03-20 15:01:36,464] {scheduler_job.py:639} INFO - DAG(s) dict_keys(['example_trigger_controller_dag']) retrieved from /home/airflow/.local/lib/python3.6/site-packages/airflow/example_dags/example_trigger_controller_dag.py
[2023-03-20 15:01:36,484] {logging_mixin.py:104} INFO - [2023-03-20 15:01:36,484] {dag.py:1824} INFO - Sync 1 DAGs
[2023-03-20 15:01:36,494] {logging_mixin.py:104} INFO - [2023-03-20 15:01:36,494] {dag.py:2280} INFO - Setting next_dagrun for example_trigger_controller_dag to 2023-03-18 00:00:00+00:00
[2023-03-20 15:01:36,500] {scheduler_job.py:190} INFO - Processing /home/airflow/.local/lib/python3.6/site-packages/airflow/example_dags/example_trigger_controller_dag.py took 0.053 seconds
[2023-03-20 15:02:06,952] {scheduler_job.py:182} INFO - Started process (PID=394) to work on /home/airflow/.local/lib/python3.6/site-packages/airflow/example_dags/example_trigger_controller_dag.py
[2023-03-20 15:02:06,954] {scheduler_job.py:629} INFO - Processing file /home/airflow/.local/lib/python3.6/site-packages/airflow/example_dags/example_trigger_controller_dag.py for tasks to queue
[2023-03-20 15:02:06,955] {logging_mixin.py:104} INFO - [2023-03-20 15:02:06,955] {dagbag.py:451} INFO - Filling up the DagBag from /home/airflow/.local/lib/python3.6/site-packages/airflow/example_dags/example_trigger_controller_dag.py
[2023-03-20 15:02:06,968] {scheduler_job.py:639} INFO - DAG(s) dict_keys(['example_trigger_controller_dag']) retrieved from /home/airflow/.local/lib/python3.6/site-packages/airflow/example_dags/example_trigger_controller_dag.py
[2023-03-20 15:02:06,988] {logging_mixin.py:104} INFO - [2023-03-20 15:02:06,988] {dag.py:1824} INFO - Sync 1 DAGs
[2023-03-20 15:02:06,998] {logging_mixin.py:104} INFO - [2023-03-20 15:02:06,998] {dag.py:2280} INFO - Setting next_dagrun for example_trigger_controller_dag to 2023-03-18 00:00:00+00:00
[2023-03-20 15:02:07,004] {scheduler_job.py:190} INFO - Processing /home/airflow/.local/lib/python3.6/site-packages/airflow/example_dags/example_trigger_controller_dag.py took 0.055 seconds
[2023-03-20 15:02:37,382] {scheduler_job.py:182} INFO - Started process (PID=420) to work on /home/airflow/.local/lib/python3.6/site-packages/airflow/example_dags/example_trigger_controller_dag.py
[2023-03-20 15:02:37,388] {scheduler_job.py:629} INFO - Processing file /home/airflow/.local/lib/python3.6/site-packages/airflow/example_dags/example_trigger_controller_dag.py for tasks to queue
[2023-03-20 15:02:37,389] {logging_mixin.py:104} INFO - [2023-03-20 15:02:37,389] {dagbag.py:451} INFO - Filling up the DagBag from /home/airflow/.local/lib/python3.6/site-packages/airflow/example_dags/example_trigger_controller_dag.py
[2023-03-20 15:02:37,398] {scheduler_job.py:639} INFO - DAG(s) dict_keys(['example_trigger_controller_dag']) retrieved from /home/airflow/.local/lib/python3.6/site-packages/airflow/example_dags/example_trigger_controller_dag.py
[2023-03-20 15:02:37,418] {logging_mixin.py:104} INFO - [2023-03-20 15:02:37,418] {dag.py:1824} INFO - Sync 1 DAGs
[2023-03-20 15:02:37,427] {logging_mixin.py:104} INFO - [2023-03-20 15:02:37,427] {dag.py:2280} INFO - Setting next_dagrun for example_trigger_controller_dag to 2023-03-18 00:00:00+00:00
[2023-03-20 15:02:37,434] {scheduler_job.py:190} INFO - Processing /home/airflow/.local/lib/python3.6/site-packages/airflow/example_dags/example_trigger_controller_dag.py took 0.054 seconds
[2023-03-20 15:03:07,893] {scheduler_job.py:182} INFO - Started process (PID=446) to work on /home/airflow/.local/lib/python3.6/site-packages/airflow/example_dags/example_trigger_controller_dag.py
[2023-03-20 15:03:07,894] {scheduler_job.py:629} INFO - Processing file /home/airflow/.local/lib/python3.6/site-packages/airflow/example_dags/example_trigger_controller_dag.py for tasks to queue
[2023-03-20 15:03:07,895] {logging_mixin.py:104} INFO - [2023-03-20 15:03:07,895] {dagbag.py:451} INFO - Filling up the DagBag from /home/airflow/.local/lib/python3.6/site-packages/airflow/example_dags/example_trigger_controller_dag.py
[2023-03-20 15:03:07,904] {scheduler_job.py:639} INFO - DAG(s) dict_keys(['example_trigger_controller_dag']) retrieved from /home/airflow/.local/lib/python3.6/site-packages/airflow/example_dags/example_trigger_controller_dag.py
[2023-03-20 15:03:07,925] {logging_mixin.py:104} INFO - [2023-03-20 15:03:07,925] {dag.py:1824} INFO - Sync 1 DAGs
[2023-03-20 15:03:07,936] {logging_mixin.py:104} INFO - [2023-03-20 15:03:07,936] {dag.py:2280} INFO - Setting next_dagrun for example_trigger_controller_dag to 2023-03-18 00:00:00+00:00
[2023-03-20 15:03:07,942] {scheduler_job.py:190} INFO - Processing /home/airflow/.local/lib/python3.6/site-packages/airflow/example_dags/example_trigger_controller_dag.py took 0.052 seconds
[2023-03-20 15:03:38,428] {scheduler_job.py:182} INFO - Started process (PID=472) to work on /home/airflow/.local/lib/python3.6/site-packages/airflow/example_dags/example_trigger_controller_dag.py
[2023-03-20 15:03:38,430] {scheduler_job.py:629} INFO - Processing file /home/airflow/.local/lib/python3.6/site-packages/airflow/example_dags/example_trigger_controller_dag.py for tasks to queue
[2023-03-20 15:03:38,431] {logging_mixin.py:104} INFO - [2023-03-20 15:03:38,431] {dagbag.py:451} INFO - Filling up the DagBag from /home/airflow/.local/lib/python3.6/site-packages/airflow/example_dags/example_trigger_controller_dag.py
[2023-03-20 15:03:38,440] {scheduler_job.py:639} INFO - DAG(s) dict_keys(['example_trigger_controller_dag']) retrieved from /home/airflow/.local/lib/python3.6/site-packages/airflow/example_dags/example_trigger_controller_dag.py
[2023-03-20 15:03:38,461] {logging_mixin.py:104} INFO - [2023-03-20 15:03:38,461] {dag.py:1824} INFO - Sync 1 DAGs
[2023-03-20 15:03:38,472] {logging_mixin.py:104} INFO - [2023-03-20 15:03:38,471] {dag.py:2280} INFO - Setting next_dagrun for example_trigger_controller_dag to 2023-03-18 00:00:00+00:00
[2023-03-20 15:03:38,478] {scheduler_job.py:190} INFO - Processing /home/airflow/.local/lib/python3.6/site-packages/airflow/example_dags/example_trigger_controller_dag.py took 0.053 seconds
[2023-03-20 15:04:08,995] {scheduler_job.py:182} INFO - Started process (PID=498) to work on /home/airflow/.local/lib/python3.6/site-packages/airflow/example_dags/example_trigger_controller_dag.py
[2023-03-20 15:04:08,997] {scheduler_job.py:629} INFO - Processing file /home/airflow/.local/lib/python3.6/site-packages/airflow/example_dags/example_trigger_controller_dag.py for tasks to queue
[2023-03-20 15:04:08,997] {logging_mixin.py:104} INFO - [2023-03-20 15:04:08,997] {dagbag.py:451} INFO - Filling up the DagBag from /home/airflow/.local/lib/python3.6/site-packages/airflow/example_dags/example_trigger_controller_dag.py
[2023-03-20 15:04:09,006] {scheduler_job.py:639} INFO - DAG(s) dict_keys(['example_trigger_controller_dag']) retrieved from /home/airflow/.local/lib/python3.6/site-packages/airflow/example_dags/example_trigger_controller_dag.py
[2023-03-20 15:04:09,027] {logging_mixin.py:104} INFO - [2023-03-20 15:04:09,027] {dag.py:1824} INFO - Sync 1 DAGs
[2023-03-20 15:04:09,039] {logging_mixin.py:104} INFO - [2023-03-20 15:04:09,039] {dag.py:2280} INFO - Setting next_dagrun for example_trigger_controller_dag to 2023-03-18 00:00:00+00:00
[2023-03-20 15:04:09,045] {scheduler_job.py:190} INFO - Processing /home/airflow/.local/lib/python3.6/site-packages/airflow/example_dags/example_trigger_controller_dag.py took 0.052 seconds
[2023-03-20 15:04:39,515] {scheduler_job.py:182} INFO - Started process (PID=524) to work on /home/airflow/.local/lib/python3.6/site-packages/airflow/example_dags/example_trigger_controller_dag.py
[2023-03-20 15:04:39,516] {scheduler_job.py:629} INFO - Processing file /home/airflow/.local/lib/python3.6/site-packages/airflow/example_dags/example_trigger_controller_dag.py for tasks to queue
[2023-03-20 15:04:39,517] {logging_mixin.py:104} INFO - [2023-03-20 15:04:39,517] {dagbag.py:451} INFO - Filling up the DagBag from /home/airflow/.local/lib/python3.6/site-packages/airflow/example_dags/example_trigger_controller_dag.py
[2023-03-20 15:04:39,526] {scheduler_job.py:639} INFO - DAG(s) dict_keys(['example_trigger_controller_dag']) retrieved from /home/airflow/.local/lib/python3.6/site-packages/airflow/example_dags/example_trigger_controller_dag.py
[2023-03-20 15:04:39,547] {logging_mixin.py:104} INFO - [2023-03-20 15:04:39,547] {dag.py:1824} INFO - Sync 1 DAGs
[2023-03-20 15:04:39,557] {logging_mixin.py:104} INFO - [2023-03-20 15:04:39,557] {dag.py:2280} INFO - Setting next_dagrun for example_trigger_controller_dag to 2023-03-18 00:00:00+00:00
[2023-03-20 15:04:39,563] {scheduler_job.py:190} INFO - Processing /home/airflow/.local/lib/python3.6/site-packages/airflow/example_dags/example_trigger_controller_dag.py took 0.052 seconds
[2023-03-20 15:05:10,099] {scheduler_job.py:182} INFO - Started process (PID=550) to work on /home/airflow/.local/lib/python3.6/site-packages/airflow/example_dags/example_trigger_controller_dag.py
[2023-03-20 15:05:10,101] {scheduler_job.py:629} INFO - Processing file /home/airflow/.local/lib/python3.6/site-packages/airflow/example_dags/example_trigger_controller_dag.py for tasks to queue
[2023-03-20 15:05:10,102] {logging_mixin.py:104} INFO - [2023-03-20 15:05:10,102] {dagbag.py:451} INFO - Filling up the DagBag from /home/airflow/.local/lib/python3.6/site-packages/airflow/example_dags/example_trigger_controller_dag.py
[2023-03-20 15:05:10,111] {scheduler_job.py:639} INFO - DAG(s) dict_keys(['example_trigger_controller_dag']) retrieved from /home/airflow/.local/lib/python3.6/site-packages/airflow/example_dags/example_trigger_controller_dag.py
[2023-03-20 15:05:10,132] {logging_mixin.py:104} INFO - [2023-03-20 15:05:10,132] {dag.py:1824} INFO - Sync 1 DAGs
[2023-03-20 15:05:10,142] {logging_mixin.py:104} INFO - [2023-03-20 15:05:10,142] {dag.py:2280} INFO - Setting next_dagrun for example_trigger_controller_dag to 2023-03-18 00:00:00+00:00
[2023-03-20 15:05:10,148] {scheduler_job.py:190} INFO - Processing /home/airflow/.local/lib/python3.6/site-packages/airflow/example_dags/example_trigger_controller_dag.py took 0.052 seconds
[2023-03-20 15:05:40,678] {scheduler_job.py:182} INFO - Started process (PID=576) to work on /home/airflow/.local/lib/python3.6/site-packages/airflow/example_dags/example_trigger_controller_dag.py
[2023-03-20 15:05:40,680] {scheduler_job.py:629} INFO - Processing file /home/airflow/.local/lib/python3.6/site-packages/airflow/example_dags/example_trigger_controller_dag.py for tasks to queue
[2023-03-20 15:05:40,681] {logging_mixin.py:104} INFO - [2023-03-20 15:05:40,681] {dagbag.py:451} INFO - Filling up the DagBag from /home/airflow/.local/lib/python3.6/site-packages/airflow/example_dags/example_trigger_controller_dag.py
[2023-03-20 15:05:40,690] {scheduler_job.py:639} INFO - DAG(s) dict_keys(['example_trigger_controller_dag']) retrieved from /home/airflow/.local/lib/python3.6/site-packages/airflow/example_dags/example_trigger_controller_dag.py
[2023-03-20 15:05:40,712] {logging_mixin.py:104} INFO - [2023-03-20 15:05:40,712] {dag.py:1824} INFO - Sync 1 DAGs
[2023-03-20 15:05:40,723] {logging_mixin.py:104} INFO - [2023-03-20 15:05:40,722] {dag.py:2280} INFO - Setting next_dagrun for example_trigger_controller_dag to 2023-03-18 00:00:00+00:00
[2023-03-20 15:05:40,729] {scheduler_job.py:190} INFO - Processing /home/airflow/.local/lib/python3.6/site-packages/airflow/example_dags/example_trigger_controller_dag.py took 0.053 seconds
[2023-03-20 15:06:11,315] {scheduler_job.py:182} INFO - Started process (PID=602) to work on /home/airflow/.local/lib/python3.6/site-packages/airflow/example_dags/example_trigger_controller_dag.py
[2023-03-20 15:06:11,317] {scheduler_job.py:629} INFO - Processing file /home/airflow/.local/lib/python3.6/site-packages/airflow/example_dags/example_trigger_controller_dag.py for tasks to queue
[2023-03-20 15:06:11,318] {logging_mixin.py:104} INFO - [2023-03-20 15:06:11,318] {dagbag.py:451} INFO - Filling up the DagBag from /home/airflow/.local/lib/python3.6/site-packages/airflow/example_dags/example_trigger_controller_dag.py
[2023-03-20 15:06:11,328] {scheduler_job.py:639} INFO - DAG(s) dict_keys(['example_trigger_controller_dag']) retrieved from /home/airflow/.local/lib/python3.6/site-packages/airflow/example_dags/example_trigger_controller_dag.py
[2023-03-20 15:06:11,349] {logging_mixin.py:104} INFO - [2023-03-20 15:06:11,349] {dag.py:1824} INFO - Sync 1 DAGs
[2023-03-20 15:06:11,362] {logging_mixin.py:104} INFO - [2023-03-20 15:06:11,362] {dag.py:2280} INFO - Setting next_dagrun for example_trigger_controller_dag to 2023-03-18 00:00:00+00:00
[2023-03-20 15:06:11,368] {scheduler_job.py:190} INFO - Processing /home/airflow/.local/lib/python3.6/site-packages/airflow/example_dags/example_trigger_controller_dag.py took 0.056 seconds
[2023-03-20 15:06:41,944] {scheduler_job.py:182} INFO - Started process (PID=628) to work on /home/airflow/.local/lib/python3.6/site-packages/airflow/example_dags/example_trigger_controller_dag.py
[2023-03-20 15:06:41,945] {scheduler_job.py:629} INFO - Processing file /home/airflow/.local/lib/python3.6/site-packages/airflow/example_dags/example_trigger_controller_dag.py for tasks to queue
[2023-03-20 15:06:41,946] {logging_mixin.py:104} INFO - [2023-03-20 15:06:41,946] {dagbag.py:451} INFO - Filling up the DagBag from /home/airflow/.local/lib/python3.6/site-packages/airflow/example_dags/example_trigger_controller_dag.py
[2023-03-20 15:06:41,956] {scheduler_job.py:639} INFO - DAG(s) dict_keys(['example_trigger_controller_dag']) retrieved from /home/airflow/.local/lib/python3.6/site-packages/airflow/example_dags/example_trigger_controller_dag.py
[2023-03-20 15:06:41,977] {logging_mixin.py:104} INFO - [2023-03-20 15:06:41,977] {dag.py:1824} INFO - Sync 1 DAGs
[2023-03-20 15:06:41,987] {logging_mixin.py:104} INFO - [2023-03-20 15:06:41,987] {dag.py:2280} INFO - Setting next_dagrun for example_trigger_controller_dag to 2023-03-18 00:00:00+00:00
[2023-03-20 15:06:41,993] {scheduler_job.py:190} INFO - Processing /home/airflow/.local/lib/python3.6/site-packages/airflow/example_dags/example_trigger_controller_dag.py took 0.053 seconds
[2023-03-20 15:07:12,720] {scheduler_job.py:182} INFO - Started process (PID=654) to work on /home/airflow/.local/lib/python3.6/site-packages/airflow/example_dags/example_trigger_controller_dag.py
[2023-03-20 15:07:12,722] {scheduler_job.py:629} INFO - Processing file /home/airflow/.local/lib/python3.6/site-packages/airflow/example_dags/example_trigger_controller_dag.py for tasks to queue
[2023-03-20 15:07:12,723] {logging_mixin.py:104} INFO - [2023-03-20 15:07:12,722] {dagbag.py:451} INFO - Filling up the DagBag from /home/airflow/.local/lib/python3.6/site-packages/airflow/example_dags/example_trigger_controller_dag.py
[2023-03-20 15:07:12,733] {scheduler_job.py:639} INFO - DAG(s) dict_keys(['example_trigger_controller_dag']) retrieved from /home/airflow/.local/lib/python3.6/site-packages/airflow/example_dags/example_trigger_controller_dag.py
[2023-03-20 15:07:12,756] {logging_mixin.py:104} INFO - [2023-03-20 15:07:12,756] {dag.py:1824} INFO - Sync 1 DAGs
[2023-03-20 15:07:12,767] {logging_mixin.py:104} INFO - [2023-03-20 15:07:12,767] {dag.py:2280} INFO - Setting next_dagrun for example_trigger_controller_dag to 2023-03-18 00:00:00+00:00
[2023-03-20 15:07:12,773] {scheduler_job.py:190} INFO - Processing /home/airflow/.local/lib/python3.6/site-packages/airflow/example_dags/example_trigger_controller_dag.py took 0.056 seconds
[2023-03-20 15:07:43,769] {scheduler_job.py:182} INFO - Started process (PID=680) to work on /home/airflow/.local/lib/python3.6/site-packages/airflow/example_dags/example_trigger_controller_dag.py
[2023-03-20 15:07:43,773] {scheduler_job.py:629} INFO - Processing file /home/airflow/.local/lib/python3.6/site-packages/airflow/example_dags/example_trigger_controller_dag.py for tasks to queue
[2023-03-20 15:07:43,774] {logging_mixin.py:104} INFO - [2023-03-20 15:07:43,774] {dagbag.py:451} INFO - Filling up the DagBag from /home/airflow/.local/lib/python3.6/site-packages/airflow/example_dags/example_trigger_controller_dag.py
[2023-03-20 15:07:43,786] {scheduler_job.py:639} INFO - DAG(s) dict_keys(['example_trigger_controller_dag']) retrieved from /home/airflow/.local/lib/python3.6/site-packages/airflow/example_dags/example_trigger_controller_dag.py
[2023-03-20 15:07:43,820] {logging_mixin.py:104} INFO - [2023-03-20 15:07:43,820] {dag.py:1824} INFO - Sync 1 DAGs
[2023-03-20 15:07:43,833] {logging_mixin.py:104} INFO - [2023-03-20 15:07:43,832] {dag.py:2280} INFO - Setting next_dagrun for example_trigger_controller_dag to 2023-03-18 00:00:00+00:00
[2023-03-20 15:07:43,839] {scheduler_job.py:190} INFO - Processing /home/airflow/.local/lib/python3.6/site-packages/airflow/example_dags/example_trigger_controller_dag.py took 0.073 seconds
[2023-03-20 15:08:14,418] {scheduler_job.py:182} INFO - Started process (PID=706) to work on /home/airflow/.local/lib/python3.6/site-packages/airflow/example_dags/example_trigger_controller_dag.py
[2023-03-20 15:08:14,420] {scheduler_job.py:629} INFO - Processing file /home/airflow/.local/lib/python3.6/site-packages/airflow/example_dags/example_trigger_controller_dag.py for tasks to queue
[2023-03-20 15:08:14,421] {logging_mixin.py:104} INFO - [2023-03-20 15:08:14,421] {dagbag.py:451} INFO - Filling up the DagBag from /home/airflow/.local/lib/python3.6/site-packages/airflow/example_dags/example_trigger_controller_dag.py
[2023-03-20 15:08:14,431] {scheduler_job.py:639} INFO - DAG(s) dict_keys(['example_trigger_controller_dag']) retrieved from /home/airflow/.local/lib/python3.6/site-packages/airflow/example_dags/example_trigger_controller_dag.py
[2023-03-20 15:08:14,457] {logging_mixin.py:104} INFO - [2023-03-20 15:08:14,457] {dag.py:1824} INFO - Sync 1 DAGs
[2023-03-20 15:08:14,469] {logging_mixin.py:104} INFO - [2023-03-20 15:08:14,469] {dag.py:2280} INFO - Setting next_dagrun for example_trigger_controller_dag to 2023-03-18 00:00:00+00:00
[2023-03-20 15:08:14,475] {scheduler_job.py:190} INFO - Processing /home/airflow/.local/lib/python3.6/site-packages/airflow/example_dags/example_trigger_controller_dag.py took 0.060 seconds
[2023-03-20 15:08:45,161] {scheduler_job.py:182} INFO - Started process (PID=732) to work on /home/airflow/.local/lib/python3.6/site-packages/airflow/example_dags/example_trigger_controller_dag.py
[2023-03-20 15:08:45,163] {scheduler_job.py:629} INFO - Processing file /home/airflow/.local/lib/python3.6/site-packages/airflow/example_dags/example_trigger_controller_dag.py for tasks to queue
[2023-03-20 15:08:45,164] {logging_mixin.py:104} INFO - [2023-03-20 15:08:45,164] {dagbag.py:451} INFO - Filling up the DagBag from /home/airflow/.local/lib/python3.6/site-packages/airflow/example_dags/example_trigger_controller_dag.py
[2023-03-20 15:08:45,173] {scheduler_job.py:639} INFO - DAG(s) dict_keys(['example_trigger_controller_dag']) retrieved from /home/airflow/.local/lib/python3.6/site-packages/airflow/example_dags/example_trigger_controller_dag.py
[2023-03-20 15:08:45,196] {logging_mixin.py:104} INFO - [2023-03-20 15:08:45,196] {dag.py:1824} INFO - Sync 1 DAGs
[2023-03-20 15:08:45,209] {logging_mixin.py:104} INFO - [2023-03-20 15:08:45,208] {dag.py:2280} INFO - Setting next_dagrun for example_trigger_controller_dag to 2023-03-18 00:00:00+00:00
[2023-03-20 15:08:45,215] {scheduler_job.py:190} INFO - Processing /home/airflow/.local/lib/python3.6/site-packages/airflow/example_dags/example_trigger_controller_dag.py took 0.057 seconds
[2023-03-20 15:09:15,938] {scheduler_job.py:182} INFO - Started process (PID=758) to work on /home/airflow/.local/lib/python3.6/site-packages/airflow/example_dags/example_trigger_controller_dag.py
[2023-03-20 15:09:15,939] {scheduler_job.py:629} INFO - Processing file /home/airflow/.local/lib/python3.6/site-packages/airflow/example_dags/example_trigger_controller_dag.py for tasks to queue
[2023-03-20 15:09:15,940] {logging_mixin.py:104} INFO - [2023-03-20 15:09:15,940] {dagbag.py:451} INFO - Filling up the DagBag from /home/airflow/.local/lib/python3.6/site-packages/airflow/example_dags/example_trigger_controller_dag.py
[2023-03-20 15:09:15,950] {scheduler_job.py:639} INFO - DAG(s) dict_keys(['example_trigger_controller_dag']) retrieved from /home/airflow/.local/lib/python3.6/site-packages/airflow/example_dags/example_trigger_controller_dag.py
[2023-03-20 15:09:15,971] {logging_mixin.py:104} INFO - [2023-03-20 15:09:15,971] {dag.py:1824} INFO - Sync 1 DAGs
[2023-03-20 15:09:15,983] {logging_mixin.py:104} INFO - [2023-03-20 15:09:15,983] {dag.py:2280} INFO - Setting next_dagrun for example_trigger_controller_dag to 2023-03-18 00:00:00+00:00
[2023-03-20 15:09:15,990] {scheduler_job.py:190} INFO - Processing /home/airflow/.local/lib/python3.6/site-packages/airflow/example_dags/example_trigger_controller_dag.py took 0.055 seconds
