[2023-03-20T11:13:33.987+0000] {processor.py:153} INFO - Started process (PID=73) to work on /home/airflow/.local/lib/python3.7/site-packages/airflow/example_dags/example_branch_operator_decorator.py
[2023-03-20T11:13:33.989+0000] {processor.py:743} INFO - Processing file /home/airflow/.local/lib/python3.7/site-packages/airflow/example_dags/example_branch_operator_decorator.py for tasks to queue
[2023-03-20T11:13:33.990+0000] {logging_mixin.py:137} INFO - [2023-03-20T11:13:33.990+0000] {dagbag.py:532} INFO - Filling up the DagBag from /home/airflow/.local/lib/python3.7/site-packages/airflow/example_dags/example_branch_operator_decorator.py
[2023-03-20T11:13:34.024+0000] {processor.py:753} INFO - DAG(s) dict_keys(['example_branch_python_operator_decorator']) retrieved from /home/airflow/.local/lib/python3.7/site-packages/airflow/example_dags/example_branch_operator_decorator.py
[2023-03-20T11:13:34.045+0000] {logging_mixin.py:137} INFO - [2023-03-20T11:13:34.045+0000] {dag.py:2693} INFO - Sync 1 DAGs
[2023-03-20T11:13:34.085+0000] {logging_mixin.py:137} INFO - [2023-03-20T11:13:34.085+0000] {dag.py:3444} INFO - Setting next_dagrun for example_branch_python_operator_decorator to 2023-03-19T00:00:00+00:00, run_after=2023-03-20T00:00:00+00:00
[2023-03-20T11:13:34.106+0000] {processor.py:175} INFO - Processing /home/airflow/.local/lib/python3.7/site-packages/airflow/example_dags/example_branch_operator_decorator.py took 0.122 seconds
[2023-03-20T11:14:04.277+0000] {processor.py:153} INFO - Started process (PID=122) to work on /home/airflow/.local/lib/python3.7/site-packages/airflow/example_dags/example_branch_operator_decorator.py
[2023-03-20T11:14:04.278+0000] {processor.py:743} INFO - Processing file /home/airflow/.local/lib/python3.7/site-packages/airflow/example_dags/example_branch_operator_decorator.py for tasks to queue
[2023-03-20T11:14:04.279+0000] {logging_mixin.py:137} INFO - [2023-03-20T11:14:04.279+0000] {dagbag.py:532} INFO - Filling up the DagBag from /home/airflow/.local/lib/python3.7/site-packages/airflow/example_dags/example_branch_operator_decorator.py
[2023-03-20T11:14:04.297+0000] {processor.py:753} INFO - DAG(s) dict_keys(['example_branch_python_operator_decorator']) retrieved from /home/airflow/.local/lib/python3.7/site-packages/airflow/example_dags/example_branch_operator_decorator.py
[2023-03-20T11:14:04.321+0000] {logging_mixin.py:137} INFO - [2023-03-20T11:14:04.321+0000] {dag.py:2693} INFO - Sync 1 DAGs
[2023-03-20T11:14:04.342+0000] {logging_mixin.py:137} INFO - [2023-03-20T11:14:04.342+0000] {dag.py:3444} INFO - Setting next_dagrun for example_branch_python_operator_decorator to 2023-03-19T00:00:00+00:00, run_after=2023-03-20T00:00:00+00:00
[2023-03-20T11:14:04.355+0000] {processor.py:175} INFO - Processing /home/airflow/.local/lib/python3.7/site-packages/airflow/example_dags/example_branch_operator_decorator.py took 0.081 seconds
[2023-03-20T11:14:35.234+0000] {processor.py:153} INFO - Started process (PID=172) to work on /home/airflow/.local/lib/python3.7/site-packages/airflow/example_dags/example_branch_operator_decorator.py
[2023-03-20T11:14:35.236+0000] {processor.py:743} INFO - Processing file /home/airflow/.local/lib/python3.7/site-packages/airflow/example_dags/example_branch_operator_decorator.py for tasks to queue
[2023-03-20T11:14:35.237+0000] {logging_mixin.py:137} INFO - [2023-03-20T11:14:35.237+0000] {dagbag.py:532} INFO - Filling up the DagBag from /home/airflow/.local/lib/python3.7/site-packages/airflow/example_dags/example_branch_operator_decorator.py
[2023-03-20T11:14:35.258+0000] {processor.py:753} INFO - DAG(s) dict_keys(['example_branch_python_operator_decorator']) retrieved from /home/airflow/.local/lib/python3.7/site-packages/airflow/example_dags/example_branch_operator_decorator.py
[2023-03-20T11:14:35.271+0000] {logging_mixin.py:137} INFO - [2023-03-20T11:14:35.271+0000] {dag.py:2693} INFO - Sync 1 DAGs
[2023-03-20T11:14:35.291+0000] {logging_mixin.py:137} INFO - [2023-03-20T11:14:35.291+0000] {dag.py:3444} INFO - Setting next_dagrun for example_branch_python_operator_decorator to 2023-03-19T00:00:00+00:00, run_after=2023-03-20T00:00:00+00:00
[2023-03-20T11:14:35.305+0000] {processor.py:175} INFO - Processing /home/airflow/.local/lib/python3.7/site-packages/airflow/example_dags/example_branch_operator_decorator.py took 0.074 seconds
[2023-03-20T11:15:06.053+0000] {processor.py:153} INFO - Started process (PID=221) to work on /home/airflow/.local/lib/python3.7/site-packages/airflow/example_dags/example_branch_operator_decorator.py
[2023-03-20T11:15:06.054+0000] {processor.py:743} INFO - Processing file /home/airflow/.local/lib/python3.7/site-packages/airflow/example_dags/example_branch_operator_decorator.py for tasks to queue
[2023-03-20T11:15:06.056+0000] {logging_mixin.py:137} INFO - [2023-03-20T11:15:06.055+0000] {dagbag.py:532} INFO - Filling up the DagBag from /home/airflow/.local/lib/python3.7/site-packages/airflow/example_dags/example_branch_operator_decorator.py
[2023-03-20T11:15:06.077+0000] {processor.py:753} INFO - DAG(s) dict_keys(['example_branch_python_operator_decorator']) retrieved from /home/airflow/.local/lib/python3.7/site-packages/airflow/example_dags/example_branch_operator_decorator.py
[2023-03-20T11:15:06.100+0000] {logging_mixin.py:137} INFO - [2023-03-20T11:15:06.100+0000] {dag.py:2693} INFO - Sync 1 DAGs
[2023-03-20T11:15:06.117+0000] {logging_mixin.py:137} INFO - [2023-03-20T11:15:06.116+0000] {dag.py:3444} INFO - Setting next_dagrun for example_branch_python_operator_decorator to 2023-03-19T00:00:00+00:00, run_after=2023-03-20T00:00:00+00:00
[2023-03-20T11:15:06.128+0000] {processor.py:175} INFO - Processing /home/airflow/.local/lib/python3.7/site-packages/airflow/example_dags/example_branch_operator_decorator.py took 0.078 seconds
[2023-03-20T11:15:36.607+0000] {processor.py:153} INFO - Started process (PID=270) to work on /home/airflow/.local/lib/python3.7/site-packages/airflow/example_dags/example_branch_operator_decorator.py
[2023-03-20T11:15:36.608+0000] {processor.py:743} INFO - Processing file /home/airflow/.local/lib/python3.7/site-packages/airflow/example_dags/example_branch_operator_decorator.py for tasks to queue
[2023-03-20T11:15:36.609+0000] {logging_mixin.py:137} INFO - [2023-03-20T11:15:36.609+0000] {dagbag.py:532} INFO - Filling up the DagBag from /home/airflow/.local/lib/python3.7/site-packages/airflow/example_dags/example_branch_operator_decorator.py
[2023-03-20T11:15:36.627+0000] {processor.py:753} INFO - DAG(s) dict_keys(['example_branch_python_operator_decorator']) retrieved from /home/airflow/.local/lib/python3.7/site-packages/airflow/example_dags/example_branch_operator_decorator.py
[2023-03-20T11:15:36.650+0000] {logging_mixin.py:137} INFO - [2023-03-20T11:15:36.649+0000] {dag.py:2693} INFO - Sync 1 DAGs
[2023-03-20T11:15:36.667+0000] {logging_mixin.py:137} INFO - [2023-03-20T11:15:36.667+0000] {dag.py:3444} INFO - Setting next_dagrun for example_branch_python_operator_decorator to 2023-03-19T00:00:00+00:00, run_after=2023-03-20T00:00:00+00:00
[2023-03-20T11:15:36.678+0000] {processor.py:175} INFO - Processing /home/airflow/.local/lib/python3.7/site-packages/airflow/example_dags/example_branch_operator_decorator.py took 0.074 seconds
[2023-03-20T11:16:07.032+0000] {processor.py:153} INFO - Started process (PID=319) to work on /home/airflow/.local/lib/python3.7/site-packages/airflow/example_dags/example_branch_operator_decorator.py
[2023-03-20T11:16:07.033+0000] {processor.py:743} INFO - Processing file /home/airflow/.local/lib/python3.7/site-packages/airflow/example_dags/example_branch_operator_decorator.py for tasks to queue
[2023-03-20T11:16:07.034+0000] {logging_mixin.py:137} INFO - [2023-03-20T11:16:07.034+0000] {dagbag.py:532} INFO - Filling up the DagBag from /home/airflow/.local/lib/python3.7/site-packages/airflow/example_dags/example_branch_operator_decorator.py
[2023-03-20T11:16:07.051+0000] {processor.py:753} INFO - DAG(s) dict_keys(['example_branch_python_operator_decorator']) retrieved from /home/airflow/.local/lib/python3.7/site-packages/airflow/example_dags/example_branch_operator_decorator.py
[2023-03-20T11:16:07.074+0000] {logging_mixin.py:137} INFO - [2023-03-20T11:16:07.074+0000] {dag.py:2693} INFO - Sync 1 DAGs
[2023-03-20T11:16:07.091+0000] {logging_mixin.py:137} INFO - [2023-03-20T11:16:07.091+0000] {dag.py:3444} INFO - Setting next_dagrun for example_branch_python_operator_decorator to 2023-03-19T00:00:00+00:00, run_after=2023-03-20T00:00:00+00:00
[2023-03-20T11:16:07.102+0000] {processor.py:175} INFO - Processing /home/airflow/.local/lib/python3.7/site-packages/airflow/example_dags/example_branch_operator_decorator.py took 0.073 seconds
[2023-03-20T11:16:37.546+0000] {processor.py:153} INFO - Started process (PID=368) to work on /home/airflow/.local/lib/python3.7/site-packages/airflow/example_dags/example_branch_operator_decorator.py
[2023-03-20T11:16:37.547+0000] {processor.py:743} INFO - Processing file /home/airflow/.local/lib/python3.7/site-packages/airflow/example_dags/example_branch_operator_decorator.py for tasks to queue
[2023-03-20T11:16:37.548+0000] {logging_mixin.py:137} INFO - [2023-03-20T11:16:37.548+0000] {dagbag.py:532} INFO - Filling up the DagBag from /home/airflow/.local/lib/python3.7/site-packages/airflow/example_dags/example_branch_operator_decorator.py
[2023-03-20T11:16:37.566+0000] {processor.py:753} INFO - DAG(s) dict_keys(['example_branch_python_operator_decorator']) retrieved from /home/airflow/.local/lib/python3.7/site-packages/airflow/example_dags/example_branch_operator_decorator.py
[2023-03-20T11:16:37.588+0000] {logging_mixin.py:137} INFO - [2023-03-20T11:16:37.588+0000] {dag.py:2693} INFO - Sync 1 DAGs
[2023-03-20T11:16:37.605+0000] {logging_mixin.py:137} INFO - [2023-03-20T11:16:37.605+0000] {dag.py:3444} INFO - Setting next_dagrun for example_branch_python_operator_decorator to 2023-03-19T00:00:00+00:00, run_after=2023-03-20T00:00:00+00:00
[2023-03-20T11:16:37.616+0000] {processor.py:175} INFO - Processing /home/airflow/.local/lib/python3.7/site-packages/airflow/example_dags/example_branch_operator_decorator.py took 0.073 seconds
[2023-03-20T11:17:08.411+0000] {processor.py:153} INFO - Started process (PID=417) to work on /home/airflow/.local/lib/python3.7/site-packages/airflow/example_dags/example_branch_operator_decorator.py
[2023-03-20T11:17:08.413+0000] {processor.py:743} INFO - Processing file /home/airflow/.local/lib/python3.7/site-packages/airflow/example_dags/example_branch_operator_decorator.py for tasks to queue
[2023-03-20T11:17:08.414+0000] {logging_mixin.py:137} INFO - [2023-03-20T11:17:08.413+0000] {dagbag.py:532} INFO - Filling up the DagBag from /home/airflow/.local/lib/python3.7/site-packages/airflow/example_dags/example_branch_operator_decorator.py
[2023-03-20T11:17:08.434+0000] {processor.py:753} INFO - DAG(s) dict_keys(['example_branch_python_operator_decorator']) retrieved from /home/airflow/.local/lib/python3.7/site-packages/airflow/example_dags/example_branch_operator_decorator.py
[2023-03-20T11:17:08.458+0000] {logging_mixin.py:137} INFO - [2023-03-20T11:17:08.458+0000] {dag.py:2693} INFO - Sync 1 DAGs
[2023-03-20T11:17:08.478+0000] {logging_mixin.py:137} INFO - [2023-03-20T11:17:08.478+0000] {dag.py:3444} INFO - Setting next_dagrun for example_branch_python_operator_decorator to 2023-03-19T00:00:00+00:00, run_after=2023-03-20T00:00:00+00:00
[2023-03-20T11:17:08.491+0000] {processor.py:175} INFO - Processing /home/airflow/.local/lib/python3.7/site-packages/airflow/example_dags/example_branch_operator_decorator.py took 0.083 seconds
[2023-03-20T11:17:38.913+0000] {processor.py:153} INFO - Started process (PID=466) to work on /home/airflow/.local/lib/python3.7/site-packages/airflow/example_dags/example_branch_operator_decorator.py
[2023-03-20T11:17:38.915+0000] {processor.py:743} INFO - Processing file /home/airflow/.local/lib/python3.7/site-packages/airflow/example_dags/example_branch_operator_decorator.py for tasks to queue
[2023-03-20T11:17:38.916+0000] {logging_mixin.py:137} INFO - [2023-03-20T11:17:38.916+0000] {dagbag.py:532} INFO - Filling up the DagBag from /home/airflow/.local/lib/python3.7/site-packages/airflow/example_dags/example_branch_operator_decorator.py
[2023-03-20T11:17:38.935+0000] {processor.py:753} INFO - DAG(s) dict_keys(['example_branch_python_operator_decorator']) retrieved from /home/airflow/.local/lib/python3.7/site-packages/airflow/example_dags/example_branch_operator_decorator.py
[2023-03-20T11:17:38.958+0000] {logging_mixin.py:137} INFO - [2023-03-20T11:17:38.958+0000] {dag.py:2693} INFO - Sync 1 DAGs
[2023-03-20T11:17:38.975+0000] {logging_mixin.py:137} INFO - [2023-03-20T11:17:38.975+0000] {dag.py:3444} INFO - Setting next_dagrun for example_branch_python_operator_decorator to 2023-03-19T00:00:00+00:00, run_after=2023-03-20T00:00:00+00:00
[2023-03-20T11:17:38.987+0000] {processor.py:175} INFO - Processing /home/airflow/.local/lib/python3.7/site-packages/airflow/example_dags/example_branch_operator_decorator.py took 0.078 seconds
[2023-03-20T11:18:09.516+0000] {processor.py:153} INFO - Started process (PID=515) to work on /home/airflow/.local/lib/python3.7/site-packages/airflow/example_dags/example_branch_operator_decorator.py
[2023-03-20T11:18:09.518+0000] {processor.py:743} INFO - Processing file /home/airflow/.local/lib/python3.7/site-packages/airflow/example_dags/example_branch_operator_decorator.py for tasks to queue
[2023-03-20T11:18:09.519+0000] {logging_mixin.py:137} INFO - [2023-03-20T11:18:09.519+0000] {dagbag.py:532} INFO - Filling up the DagBag from /home/airflow/.local/lib/python3.7/site-packages/airflow/example_dags/example_branch_operator_decorator.py
[2023-03-20T11:18:09.544+0000] {processor.py:753} INFO - DAG(s) dict_keys(['example_branch_python_operator_decorator']) retrieved from /home/airflow/.local/lib/python3.7/site-packages/airflow/example_dags/example_branch_operator_decorator.py
[2023-03-20T11:18:09.573+0000] {logging_mixin.py:137} INFO - [2023-03-20T11:18:09.572+0000] {dag.py:2693} INFO - Sync 1 DAGs
[2023-03-20T11:18:09.594+0000] {logging_mixin.py:137} INFO - [2023-03-20T11:18:09.594+0000] {dag.py:3444} INFO - Setting next_dagrun for example_branch_python_operator_decorator to 2023-03-19T00:00:00+00:00, run_after=2023-03-20T00:00:00+00:00
[2023-03-20T11:18:09.613+0000] {processor.py:175} INFO - Processing /home/airflow/.local/lib/python3.7/site-packages/airflow/example_dags/example_branch_operator_decorator.py took 0.100 seconds
[2023-03-20T11:18:40.116+0000] {processor.py:153} INFO - Started process (PID=564) to work on /home/airflow/.local/lib/python3.7/site-packages/airflow/example_dags/example_branch_operator_decorator.py
[2023-03-20T11:18:40.117+0000] {processor.py:743} INFO - Processing file /home/airflow/.local/lib/python3.7/site-packages/airflow/example_dags/example_branch_operator_decorator.py for tasks to queue
[2023-03-20T11:18:40.118+0000] {logging_mixin.py:137} INFO - [2023-03-20T11:18:40.118+0000] {dagbag.py:532} INFO - Filling up the DagBag from /home/airflow/.local/lib/python3.7/site-packages/airflow/example_dags/example_branch_operator_decorator.py
[2023-03-20T11:18:40.135+0000] {processor.py:753} INFO - DAG(s) dict_keys(['example_branch_python_operator_decorator']) retrieved from /home/airflow/.local/lib/python3.7/site-packages/airflow/example_dags/example_branch_operator_decorator.py
[2023-03-20T11:18:40.156+0000] {logging_mixin.py:137} INFO - [2023-03-20T11:18:40.156+0000] {dag.py:2693} INFO - Sync 1 DAGs
[2023-03-20T11:18:40.172+0000] {logging_mixin.py:137} INFO - [2023-03-20T11:18:40.172+0000] {dag.py:3444} INFO - Setting next_dagrun for example_branch_python_operator_decorator to 2023-03-19T00:00:00+00:00, run_after=2023-03-20T00:00:00+00:00
[2023-03-20T11:18:40.184+0000] {processor.py:175} INFO - Processing /home/airflow/.local/lib/python3.7/site-packages/airflow/example_dags/example_branch_operator_decorator.py took 0.071 seconds
[2023-03-20T11:19:10.500+0000] {processor.py:153} INFO - Started process (PID=613) to work on /home/airflow/.local/lib/python3.7/site-packages/airflow/example_dags/example_branch_operator_decorator.py
[2023-03-20T11:19:10.501+0000] {processor.py:743} INFO - Processing file /home/airflow/.local/lib/python3.7/site-packages/airflow/example_dags/example_branch_operator_decorator.py for tasks to queue
[2023-03-20T11:19:10.502+0000] {logging_mixin.py:137} INFO - [2023-03-20T11:19:10.502+0000] {dagbag.py:532} INFO - Filling up the DagBag from /home/airflow/.local/lib/python3.7/site-packages/airflow/example_dags/example_branch_operator_decorator.py
[2023-03-20T11:19:10.520+0000] {processor.py:753} INFO - DAG(s) dict_keys(['example_branch_python_operator_decorator']) retrieved from /home/airflow/.local/lib/python3.7/site-packages/airflow/example_dags/example_branch_operator_decorator.py
[2023-03-20T11:19:10.542+0000] {logging_mixin.py:137} INFO - [2023-03-20T11:19:10.542+0000] {dag.py:2693} INFO - Sync 1 DAGs
[2023-03-20T11:19:10.558+0000] {logging_mixin.py:137} INFO - [2023-03-20T11:19:10.558+0000] {dag.py:3444} INFO - Setting next_dagrun for example_branch_python_operator_decorator to 2023-03-19T00:00:00+00:00, run_after=2023-03-20T00:00:00+00:00
[2023-03-20T11:19:10.569+0000] {processor.py:175} INFO - Processing /home/airflow/.local/lib/python3.7/site-packages/airflow/example_dags/example_branch_operator_decorator.py took 0.073 seconds
[2023-03-20T11:19:40.861+0000] {processor.py:153} INFO - Started process (PID=662) to work on /home/airflow/.local/lib/python3.7/site-packages/airflow/example_dags/example_branch_operator_decorator.py
[2023-03-20T11:19:40.862+0000] {processor.py:743} INFO - Processing file /home/airflow/.local/lib/python3.7/site-packages/airflow/example_dags/example_branch_operator_decorator.py for tasks to queue
[2023-03-20T11:19:40.862+0000] {logging_mixin.py:137} INFO - [2023-03-20T11:19:40.862+0000] {dagbag.py:532} INFO - Filling up the DagBag from /home/airflow/.local/lib/python3.7/site-packages/airflow/example_dags/example_branch_operator_decorator.py
[2023-03-20T11:19:40.880+0000] {processor.py:753} INFO - DAG(s) dict_keys(['example_branch_python_operator_decorator']) retrieved from /home/airflow/.local/lib/python3.7/site-packages/airflow/example_dags/example_branch_operator_decorator.py
[2023-03-20T11:19:40.902+0000] {logging_mixin.py:137} INFO - [2023-03-20T11:19:40.902+0000] {dag.py:2693} INFO - Sync 1 DAGs
[2023-03-20T11:19:40.919+0000] {logging_mixin.py:137} INFO - [2023-03-20T11:19:40.918+0000] {dag.py:3444} INFO - Setting next_dagrun for example_branch_python_operator_decorator to 2023-03-19T00:00:00+00:00, run_after=2023-03-20T00:00:00+00:00
[2023-03-20T11:19:40.930+0000] {processor.py:175} INFO - Processing /home/airflow/.local/lib/python3.7/site-packages/airflow/example_dags/example_branch_operator_decorator.py took 0.072 seconds
[2023-03-20T11:20:11.246+0000] {processor.py:153} INFO - Started process (PID=711) to work on /home/airflow/.local/lib/python3.7/site-packages/airflow/example_dags/example_branch_operator_decorator.py
[2023-03-20T11:20:11.247+0000] {processor.py:743} INFO - Processing file /home/airflow/.local/lib/python3.7/site-packages/airflow/example_dags/example_branch_operator_decorator.py for tasks to queue
[2023-03-20T11:20:11.248+0000] {logging_mixin.py:137} INFO - [2023-03-20T11:20:11.248+0000] {dagbag.py:532} INFO - Filling up the DagBag from /home/airflow/.local/lib/python3.7/site-packages/airflow/example_dags/example_branch_operator_decorator.py
[2023-03-20T11:20:11.266+0000] {processor.py:753} INFO - DAG(s) dict_keys(['example_branch_python_operator_decorator']) retrieved from /home/airflow/.local/lib/python3.7/site-packages/airflow/example_dags/example_branch_operator_decorator.py
[2023-03-20T11:20:11.288+0000] {logging_mixin.py:137} INFO - [2023-03-20T11:20:11.288+0000] {dag.py:2693} INFO - Sync 1 DAGs
[2023-03-20T11:20:11.305+0000] {logging_mixin.py:137} INFO - [2023-03-20T11:20:11.305+0000] {dag.py:3444} INFO - Setting next_dagrun for example_branch_python_operator_decorator to 2023-03-19T00:00:00+00:00, run_after=2023-03-20T00:00:00+00:00
[2023-03-20T11:20:11.316+0000] {processor.py:175} INFO - Processing /home/airflow/.local/lib/python3.7/site-packages/airflow/example_dags/example_branch_operator_decorator.py took 0.072 seconds
[2023-03-20T11:20:41.696+0000] {processor.py:153} INFO - Started process (PID=760) to work on /home/airflow/.local/lib/python3.7/site-packages/airflow/example_dags/example_branch_operator_decorator.py
[2023-03-20T11:20:41.698+0000] {processor.py:743} INFO - Processing file /home/airflow/.local/lib/python3.7/site-packages/airflow/example_dags/example_branch_operator_decorator.py for tasks to queue
[2023-03-20T11:20:41.698+0000] {logging_mixin.py:137} INFO - [2023-03-20T11:20:41.698+0000] {dagbag.py:532} INFO - Filling up the DagBag from /home/airflow/.local/lib/python3.7/site-packages/airflow/example_dags/example_branch_operator_decorator.py
[2023-03-20T11:20:41.716+0000] {processor.py:753} INFO - DAG(s) dict_keys(['example_branch_python_operator_decorator']) retrieved from /home/airflow/.local/lib/python3.7/site-packages/airflow/example_dags/example_branch_operator_decorator.py
[2023-03-20T11:20:41.738+0000] {logging_mixin.py:137} INFO - [2023-03-20T11:20:41.738+0000] {dag.py:2693} INFO - Sync 1 DAGs
[2023-03-20T11:20:41.754+0000] {logging_mixin.py:137} INFO - [2023-03-20T11:20:41.754+0000] {dag.py:3444} INFO - Setting next_dagrun for example_branch_python_operator_decorator to 2023-03-19T00:00:00+00:00, run_after=2023-03-20T00:00:00+00:00
[2023-03-20T11:20:41.765+0000] {processor.py:175} INFO - Processing /home/airflow/.local/lib/python3.7/site-packages/airflow/example_dags/example_branch_operator_decorator.py took 0.072 seconds
[2023-03-20T11:21:12.103+0000] {processor.py:153} INFO - Started process (PID=809) to work on /home/airflow/.local/lib/python3.7/site-packages/airflow/example_dags/example_branch_operator_decorator.py
[2023-03-20T11:21:12.104+0000] {processor.py:743} INFO - Processing file /home/airflow/.local/lib/python3.7/site-packages/airflow/example_dags/example_branch_operator_decorator.py for tasks to queue
[2023-03-20T11:21:12.105+0000] {logging_mixin.py:137} INFO - [2023-03-20T11:21:12.105+0000] {dagbag.py:532} INFO - Filling up the DagBag from /home/airflow/.local/lib/python3.7/site-packages/airflow/example_dags/example_branch_operator_decorator.py
[2023-03-20T11:21:12.122+0000] {processor.py:753} INFO - DAG(s) dict_keys(['example_branch_python_operator_decorator']) retrieved from /home/airflow/.local/lib/python3.7/site-packages/airflow/example_dags/example_branch_operator_decorator.py
[2023-03-20T11:21:12.144+0000] {logging_mixin.py:137} INFO - [2023-03-20T11:21:12.144+0000] {dag.py:2693} INFO - Sync 1 DAGs
[2023-03-20T11:21:12.161+0000] {logging_mixin.py:137} INFO - [2023-03-20T11:21:12.160+0000] {dag.py:3444} INFO - Setting next_dagrun for example_branch_python_operator_decorator to 2023-03-19T00:00:00+00:00, run_after=2023-03-20T00:00:00+00:00
[2023-03-20T11:21:12.171+0000] {processor.py:175} INFO - Processing /home/airflow/.local/lib/python3.7/site-packages/airflow/example_dags/example_branch_operator_decorator.py took 0.071 seconds
[2023-03-20T11:21:42.407+0000] {processor.py:153} INFO - Started process (PID=858) to work on /home/airflow/.local/lib/python3.7/site-packages/airflow/example_dags/example_branch_operator_decorator.py
[2023-03-20T11:21:42.408+0000] {processor.py:743} INFO - Processing file /home/airflow/.local/lib/python3.7/site-packages/airflow/example_dags/example_branch_operator_decorator.py for tasks to queue
[2023-03-20T11:21:42.409+0000] {logging_mixin.py:137} INFO - [2023-03-20T11:21:42.409+0000] {dagbag.py:532} INFO - Filling up the DagBag from /home/airflow/.local/lib/python3.7/site-packages/airflow/example_dags/example_branch_operator_decorator.py
[2023-03-20T11:21:42.426+0000] {processor.py:753} INFO - DAG(s) dict_keys(['example_branch_python_operator_decorator']) retrieved from /home/airflow/.local/lib/python3.7/site-packages/airflow/example_dags/example_branch_operator_decorator.py
[2023-03-20T11:21:42.448+0000] {logging_mixin.py:137} INFO - [2023-03-20T11:21:42.448+0000] {dag.py:2693} INFO - Sync 1 DAGs
[2023-03-20T11:21:42.464+0000] {logging_mixin.py:137} INFO - [2023-03-20T11:21:42.464+0000] {dag.py:3444} INFO - Setting next_dagrun for example_branch_python_operator_decorator to 2023-03-19T00:00:00+00:00, run_after=2023-03-20T00:00:00+00:00
[2023-03-20T11:21:42.476+0000] {processor.py:175} INFO - Processing /home/airflow/.local/lib/python3.7/site-packages/airflow/example_dags/example_branch_operator_decorator.py took 0.071 seconds
[2023-03-20T11:22:12.788+0000] {processor.py:153} INFO - Started process (PID=907) to work on /home/airflow/.local/lib/python3.7/site-packages/airflow/example_dags/example_branch_operator_decorator.py
[2023-03-20T11:22:12.790+0000] {processor.py:743} INFO - Processing file /home/airflow/.local/lib/python3.7/site-packages/airflow/example_dags/example_branch_operator_decorator.py for tasks to queue
[2023-03-20T11:22:12.790+0000] {logging_mixin.py:137} INFO - [2023-03-20T11:22:12.790+0000] {dagbag.py:532} INFO - Filling up the DagBag from /home/airflow/.local/lib/python3.7/site-packages/airflow/example_dags/example_branch_operator_decorator.py
[2023-03-20T11:22:12.808+0000] {processor.py:753} INFO - DAG(s) dict_keys(['example_branch_python_operator_decorator']) retrieved from /home/airflow/.local/lib/python3.7/site-packages/airflow/example_dags/example_branch_operator_decorator.py
[2023-03-20T11:22:12.831+0000] {logging_mixin.py:137} INFO - [2023-03-20T11:22:12.831+0000] {dag.py:2693} INFO - Sync 1 DAGs
[2023-03-20T11:22:12.847+0000] {logging_mixin.py:137} INFO - [2023-03-20T11:22:12.847+0000] {dag.py:3444} INFO - Setting next_dagrun for example_branch_python_operator_decorator to 2023-03-19T00:00:00+00:00, run_after=2023-03-20T00:00:00+00:00
[2023-03-20T11:22:12.858+0000] {processor.py:175} INFO - Processing /home/airflow/.local/lib/python3.7/site-packages/airflow/example_dags/example_branch_operator_decorator.py took 0.073 seconds
[2023-03-20T11:22:43.727+0000] {processor.py:153} INFO - Started process (PID=956) to work on /home/airflow/.local/lib/python3.7/site-packages/airflow/example_dags/example_branch_operator_decorator.py
[2023-03-20T11:22:43.728+0000] {processor.py:743} INFO - Processing file /home/airflow/.local/lib/python3.7/site-packages/airflow/example_dags/example_branch_operator_decorator.py for tasks to queue
[2023-03-20T11:22:43.728+0000] {logging_mixin.py:137} INFO - [2023-03-20T11:22:43.728+0000] {dagbag.py:532} INFO - Filling up the DagBag from /home/airflow/.local/lib/python3.7/site-packages/airflow/example_dags/example_branch_operator_decorator.py
[2023-03-20T11:22:43.746+0000] {processor.py:753} INFO - DAG(s) dict_keys(['example_branch_python_operator_decorator']) retrieved from /home/airflow/.local/lib/python3.7/site-packages/airflow/example_dags/example_branch_operator_decorator.py
[2023-03-20T11:22:43.768+0000] {logging_mixin.py:137} INFO - [2023-03-20T11:22:43.768+0000] {dag.py:2693} INFO - Sync 1 DAGs
[2023-03-20T11:22:43.785+0000] {logging_mixin.py:137} INFO - [2023-03-20T11:22:43.785+0000] {dag.py:3444} INFO - Setting next_dagrun for example_branch_python_operator_decorator to 2023-03-19T00:00:00+00:00, run_after=2023-03-20T00:00:00+00:00
[2023-03-20T11:22:43.796+0000] {processor.py:175} INFO - Processing /home/airflow/.local/lib/python3.7/site-packages/airflow/example_dags/example_branch_operator_decorator.py took 0.073 seconds
[2023-03-20T11:23:14.129+0000] {processor.py:153} INFO - Started process (PID=1005) to work on /home/airflow/.local/lib/python3.7/site-packages/airflow/example_dags/example_branch_operator_decorator.py
[2023-03-20T11:23:14.131+0000] {processor.py:743} INFO - Processing file /home/airflow/.local/lib/python3.7/site-packages/airflow/example_dags/example_branch_operator_decorator.py for tasks to queue
[2023-03-20T11:23:14.132+0000] {logging_mixin.py:137} INFO - [2023-03-20T11:23:14.131+0000] {dagbag.py:532} INFO - Filling up the DagBag from /home/airflow/.local/lib/python3.7/site-packages/airflow/example_dags/example_branch_operator_decorator.py
[2023-03-20T11:23:14.149+0000] {processor.py:753} INFO - DAG(s) dict_keys(['example_branch_python_operator_decorator']) retrieved from /home/airflow/.local/lib/python3.7/site-packages/airflow/example_dags/example_branch_operator_decorator.py
[2023-03-20T11:23:14.172+0000] {logging_mixin.py:137} INFO - [2023-03-20T11:23:14.172+0000] {dag.py:2693} INFO - Sync 1 DAGs
[2023-03-20T11:23:14.188+0000] {logging_mixin.py:137} INFO - [2023-03-20T11:23:14.188+0000] {dag.py:3444} INFO - Setting next_dagrun for example_branch_python_operator_decorator to 2023-03-19T00:00:00+00:00, run_after=2023-03-20T00:00:00+00:00
[2023-03-20T11:23:14.200+0000] {processor.py:175} INFO - Processing /home/airflow/.local/lib/python3.7/site-packages/airflow/example_dags/example_branch_operator_decorator.py took 0.074 seconds
[2023-03-20T11:23:44.665+0000] {processor.py:153} INFO - Started process (PID=1054) to work on /home/airflow/.local/lib/python3.7/site-packages/airflow/example_dags/example_branch_operator_decorator.py
[2023-03-20T11:23:44.667+0000] {processor.py:743} INFO - Processing file /home/airflow/.local/lib/python3.7/site-packages/airflow/example_dags/example_branch_operator_decorator.py for tasks to queue
[2023-03-20T11:23:44.668+0000] {logging_mixin.py:137} INFO - [2023-03-20T11:23:44.667+0000] {dagbag.py:532} INFO - Filling up the DagBag from /home/airflow/.local/lib/python3.7/site-packages/airflow/example_dags/example_branch_operator_decorator.py
[2023-03-20T11:23:44.685+0000] {processor.py:753} INFO - DAG(s) dict_keys(['example_branch_python_operator_decorator']) retrieved from /home/airflow/.local/lib/python3.7/site-packages/airflow/example_dags/example_branch_operator_decorator.py
[2023-03-20T11:23:44.707+0000] {logging_mixin.py:137} INFO - [2023-03-20T11:23:44.707+0000] {dag.py:2693} INFO - Sync 1 DAGs
[2023-03-20T11:23:44.723+0000] {logging_mixin.py:137} INFO - [2023-03-20T11:23:44.723+0000] {dag.py:3444} INFO - Setting next_dagrun for example_branch_python_operator_decorator to 2023-03-19T00:00:00+00:00, run_after=2023-03-20T00:00:00+00:00
[2023-03-20T11:23:44.734+0000] {processor.py:175} INFO - Processing /home/airflow/.local/lib/python3.7/site-packages/airflow/example_dags/example_branch_operator_decorator.py took 0.072 seconds
