[2023-03-20T11:13:31.900+0000] {processor.py:153} INFO - Started process (PID=56) to work on /home/airflow/.local/lib/python3.7/site-packages/airflow/example_dags/example_local_kubernetes_executor.py
[2023-03-20T11:13:31.902+0000] {processor.py:743} INFO - Processing file /home/airflow/.local/lib/python3.7/site-packages/airflow/example_dags/example_local_kubernetes_executor.py for tasks to queue
[2023-03-20T11:13:31.903+0000] {logging_mixin.py:137} INFO - [2023-03-20T11:13:31.903+0000] {dagbag.py:532} INFO - Filling up the DagBag from /home/airflow/.local/lib/python3.7/site-packages/airflow/example_dags/example_local_kubernetes_executor.py
[2023-03-20T11:13:31.938+0000] {processor.py:753} INFO - DAG(s) dict_keys(['example_local_kubernetes_executor']) retrieved from /home/airflow/.local/lib/python3.7/site-packages/airflow/example_dags/example_local_kubernetes_executor.py
[2023-03-20T11:13:31.999+0000] {logging_mixin.py:137} INFO - [2023-03-20T11:13:31.998+0000] {dag.py:2693} INFO - Sync 1 DAGs
[2023-03-20T11:13:32.083+0000] {logging_mixin.py:137} INFO - [2023-03-20T11:13:32.083+0000] {dag.py:3444} INFO - Setting next_dagrun for example_local_kubernetes_executor to None, run_after=None
[2023-03-20T11:13:32.107+0000] {processor.py:175} INFO - Processing /home/airflow/.local/lib/python3.7/site-packages/airflow/example_dags/example_local_kubernetes_executor.py took 0.212 seconds
[2023-03-20T11:14:02.860+0000] {processor.py:153} INFO - Started process (PID=105) to work on /home/airflow/.local/lib/python3.7/site-packages/airflow/example_dags/example_local_kubernetes_executor.py
[2023-03-20T11:14:02.866+0000] {processor.py:743} INFO - Processing file /home/airflow/.local/lib/python3.7/site-packages/airflow/example_dags/example_local_kubernetes_executor.py for tasks to queue
[2023-03-20T11:14:02.870+0000] {logging_mixin.py:137} INFO - [2023-03-20T11:14:02.869+0000] {dagbag.py:532} INFO - Filling up the DagBag from /home/airflow/.local/lib/python3.7/site-packages/airflow/example_dags/example_local_kubernetes_executor.py
[2023-03-20T11:14:02.903+0000] {processor.py:753} INFO - DAG(s) dict_keys(['example_local_kubernetes_executor']) retrieved from /home/airflow/.local/lib/python3.7/site-packages/airflow/example_dags/example_local_kubernetes_executor.py
[2023-03-20T11:14:02.956+0000] {logging_mixin.py:137} INFO - [2023-03-20T11:14:02.956+0000] {dag.py:2693} INFO - Sync 1 DAGs
[2023-03-20T11:14:02.986+0000] {logging_mixin.py:137} INFO - [2023-03-20T11:14:02.986+0000] {dag.py:3444} INFO - Setting next_dagrun for example_local_kubernetes_executor to None, run_after=None
[2023-03-20T11:14:03.013+0000] {processor.py:175} INFO - Processing /home/airflow/.local/lib/python3.7/site-packages/airflow/example_dags/example_local_kubernetes_executor.py took 0.161 seconds
[2023-03-20T11:14:33.089+0000] {processor.py:153} INFO - Started process (PID=155) to work on /home/airflow/.local/lib/python3.7/site-packages/airflow/example_dags/example_local_kubernetes_executor.py
[2023-03-20T11:14:33.091+0000] {processor.py:743} INFO - Processing file /home/airflow/.local/lib/python3.7/site-packages/airflow/example_dags/example_local_kubernetes_executor.py for tasks to queue
[2023-03-20T11:14:33.091+0000] {logging_mixin.py:137} INFO - [2023-03-20T11:14:33.091+0000] {dagbag.py:532} INFO - Filling up the DagBag from /home/airflow/.local/lib/python3.7/site-packages/airflow/example_dags/example_local_kubernetes_executor.py
[2023-03-20T11:14:33.108+0000] {processor.py:753} INFO - DAG(s) dict_keys(['example_local_kubernetes_executor']) retrieved from /home/airflow/.local/lib/python3.7/site-packages/airflow/example_dags/example_local_kubernetes_executor.py
[2023-03-20T11:14:33.121+0000] {logging_mixin.py:137} INFO - [2023-03-20T11:14:33.120+0000] {dag.py:2693} INFO - Sync 1 DAGs
[2023-03-20T11:14:33.139+0000] {logging_mixin.py:137} INFO - [2023-03-20T11:14:33.139+0000] {dag.py:3444} INFO - Setting next_dagrun for example_local_kubernetes_executor to None, run_after=None
[2023-03-20T11:14:33.151+0000] {processor.py:175} INFO - Processing /home/airflow/.local/lib/python3.7/site-packages/airflow/example_dags/example_local_kubernetes_executor.py took 0.064 seconds
[2023-03-20T11:15:03.989+0000] {processor.py:153} INFO - Started process (PID=204) to work on /home/airflow/.local/lib/python3.7/site-packages/airflow/example_dags/example_local_kubernetes_executor.py
[2023-03-20T11:15:03.991+0000] {processor.py:743} INFO - Processing file /home/airflow/.local/lib/python3.7/site-packages/airflow/example_dags/example_local_kubernetes_executor.py for tasks to queue
[2023-03-20T11:15:03.992+0000] {logging_mixin.py:137} INFO - [2023-03-20T11:15:03.992+0000] {dagbag.py:532} INFO - Filling up the DagBag from /home/airflow/.local/lib/python3.7/site-packages/airflow/example_dags/example_local_kubernetes_executor.py
[2023-03-20T11:15:04.010+0000] {processor.py:753} INFO - DAG(s) dict_keys(['example_local_kubernetes_executor']) retrieved from /home/airflow/.local/lib/python3.7/site-packages/airflow/example_dags/example_local_kubernetes_executor.py
[2023-03-20T11:15:04.034+0000] {logging_mixin.py:137} INFO - [2023-03-20T11:15:04.034+0000] {dag.py:2693} INFO - Sync 1 DAGs
[2023-03-20T11:15:04.052+0000] {logging_mixin.py:137} INFO - [2023-03-20T11:15:04.052+0000] {dag.py:3444} INFO - Setting next_dagrun for example_local_kubernetes_executor to None, run_after=None
[2023-03-20T11:15:04.065+0000] {processor.py:175} INFO - Processing /home/airflow/.local/lib/python3.7/site-packages/airflow/example_dags/example_local_kubernetes_executor.py took 0.079 seconds
[2023-03-20T11:15:34.774+0000] {processor.py:153} INFO - Started process (PID=253) to work on /home/airflow/.local/lib/python3.7/site-packages/airflow/example_dags/example_local_kubernetes_executor.py
[2023-03-20T11:15:34.775+0000] {processor.py:743} INFO - Processing file /home/airflow/.local/lib/python3.7/site-packages/airflow/example_dags/example_local_kubernetes_executor.py for tasks to queue
[2023-03-20T11:15:34.776+0000] {logging_mixin.py:137} INFO - [2023-03-20T11:15:34.776+0000] {dagbag.py:532} INFO - Filling up the DagBag from /home/airflow/.local/lib/python3.7/site-packages/airflow/example_dags/example_local_kubernetes_executor.py
[2023-03-20T11:15:34.799+0000] {processor.py:753} INFO - DAG(s) dict_keys(['example_local_kubernetes_executor']) retrieved from /home/airflow/.local/lib/python3.7/site-packages/airflow/example_dags/example_local_kubernetes_executor.py
[2023-03-20T11:15:34.824+0000] {logging_mixin.py:137} INFO - [2023-03-20T11:15:34.824+0000] {dag.py:2693} INFO - Sync 1 DAGs
[2023-03-20T11:15:34.841+0000] {logging_mixin.py:137} INFO - [2023-03-20T11:15:34.841+0000] {dag.py:3444} INFO - Setting next_dagrun for example_local_kubernetes_executor to None, run_after=None
[2023-03-20T11:15:34.856+0000] {processor.py:175} INFO - Processing /home/airflow/.local/lib/python3.7/site-packages/airflow/example_dags/example_local_kubernetes_executor.py took 0.087 seconds
[2023-03-20T11:16:05.167+0000] {processor.py:153} INFO - Started process (PID=302) to work on /home/airflow/.local/lib/python3.7/site-packages/airflow/example_dags/example_local_kubernetes_executor.py
[2023-03-20T11:16:05.168+0000] {processor.py:743} INFO - Processing file /home/airflow/.local/lib/python3.7/site-packages/airflow/example_dags/example_local_kubernetes_executor.py for tasks to queue
[2023-03-20T11:16:05.169+0000] {logging_mixin.py:137} INFO - [2023-03-20T11:16:05.169+0000] {dagbag.py:532} INFO - Filling up the DagBag from /home/airflow/.local/lib/python3.7/site-packages/airflow/example_dags/example_local_kubernetes_executor.py
[2023-03-20T11:16:05.186+0000] {processor.py:753} INFO - DAG(s) dict_keys(['example_local_kubernetes_executor']) retrieved from /home/airflow/.local/lib/python3.7/site-packages/airflow/example_dags/example_local_kubernetes_executor.py
[2023-03-20T11:16:05.207+0000] {logging_mixin.py:137} INFO - [2023-03-20T11:16:05.207+0000] {dag.py:2693} INFO - Sync 1 DAGs
[2023-03-20T11:16:05.221+0000] {logging_mixin.py:137} INFO - [2023-03-20T11:16:05.221+0000] {dag.py:3444} INFO - Setting next_dagrun for example_local_kubernetes_executor to None, run_after=None
[2023-03-20T11:16:05.233+0000] {processor.py:175} INFO - Processing /home/airflow/.local/lib/python3.7/site-packages/airflow/example_dags/example_local_kubernetes_executor.py took 0.068 seconds
[2023-03-20T11:16:35.648+0000] {processor.py:153} INFO - Started process (PID=351) to work on /home/airflow/.local/lib/python3.7/site-packages/airflow/example_dags/example_local_kubernetes_executor.py
[2023-03-20T11:16:35.650+0000] {processor.py:743} INFO - Processing file /home/airflow/.local/lib/python3.7/site-packages/airflow/example_dags/example_local_kubernetes_executor.py for tasks to queue
[2023-03-20T11:16:35.651+0000] {logging_mixin.py:137} INFO - [2023-03-20T11:16:35.651+0000] {dagbag.py:532} INFO - Filling up the DagBag from /home/airflow/.local/lib/python3.7/site-packages/airflow/example_dags/example_local_kubernetes_executor.py
[2023-03-20T11:16:35.670+0000] {processor.py:753} INFO - DAG(s) dict_keys(['example_local_kubernetes_executor']) retrieved from /home/airflow/.local/lib/python3.7/site-packages/airflow/example_dags/example_local_kubernetes_executor.py
[2023-03-20T11:16:35.695+0000] {logging_mixin.py:137} INFO - [2023-03-20T11:16:35.695+0000] {dag.py:2693} INFO - Sync 1 DAGs
[2023-03-20T11:16:35.712+0000] {logging_mixin.py:137} INFO - [2023-03-20T11:16:35.712+0000] {dag.py:3444} INFO - Setting next_dagrun for example_local_kubernetes_executor to None, run_after=None
[2023-03-20T11:16:35.724+0000] {processor.py:175} INFO - Processing /home/airflow/.local/lib/python3.7/site-packages/airflow/example_dags/example_local_kubernetes_executor.py took 0.080 seconds
[2023-03-20T11:17:06.166+0000] {processor.py:153} INFO - Started process (PID=400) to work on /home/airflow/.local/lib/python3.7/site-packages/airflow/example_dags/example_local_kubernetes_executor.py
[2023-03-20T11:17:06.168+0000] {processor.py:743} INFO - Processing file /home/airflow/.local/lib/python3.7/site-packages/airflow/example_dags/example_local_kubernetes_executor.py for tasks to queue
[2023-03-20T11:17:06.170+0000] {logging_mixin.py:137} INFO - [2023-03-20T11:17:06.170+0000] {dagbag.py:532} INFO - Filling up the DagBag from /home/airflow/.local/lib/python3.7/site-packages/airflow/example_dags/example_local_kubernetes_executor.py
[2023-03-20T11:17:06.204+0000] {processor.py:753} INFO - DAG(s) dict_keys(['example_local_kubernetes_executor']) retrieved from /home/airflow/.local/lib/python3.7/site-packages/airflow/example_dags/example_local_kubernetes_executor.py
[2023-03-20T11:17:06.231+0000] {logging_mixin.py:137} INFO - [2023-03-20T11:17:06.231+0000] {dag.py:2693} INFO - Sync 1 DAGs
[2023-03-20T11:17:06.260+0000] {logging_mixin.py:137} INFO - [2023-03-20T11:17:06.260+0000] {dag.py:3444} INFO - Setting next_dagrun for example_local_kubernetes_executor to None, run_after=None
[2023-03-20T11:17:06.289+0000] {processor.py:175} INFO - Processing /home/airflow/.local/lib/python3.7/site-packages/airflow/example_dags/example_local_kubernetes_executor.py took 0.128 seconds
[2023-03-20T11:17:37.026+0000] {processor.py:153} INFO - Started process (PID=449) to work on /home/airflow/.local/lib/python3.7/site-packages/airflow/example_dags/example_local_kubernetes_executor.py
[2023-03-20T11:17:37.028+0000] {processor.py:743} INFO - Processing file /home/airflow/.local/lib/python3.7/site-packages/airflow/example_dags/example_local_kubernetes_executor.py for tasks to queue
[2023-03-20T11:17:37.028+0000] {logging_mixin.py:137} INFO - [2023-03-20T11:17:37.028+0000] {dagbag.py:532} INFO - Filling up the DagBag from /home/airflow/.local/lib/python3.7/site-packages/airflow/example_dags/example_local_kubernetes_executor.py
[2023-03-20T11:17:37.045+0000] {processor.py:753} INFO - DAG(s) dict_keys(['example_local_kubernetes_executor']) retrieved from /home/airflow/.local/lib/python3.7/site-packages/airflow/example_dags/example_local_kubernetes_executor.py
[2023-03-20T11:17:37.069+0000] {logging_mixin.py:137} INFO - [2023-03-20T11:17:37.069+0000] {dag.py:2693} INFO - Sync 1 DAGs
[2023-03-20T11:17:37.087+0000] {logging_mixin.py:137} INFO - [2023-03-20T11:17:37.087+0000] {dag.py:3444} INFO - Setting next_dagrun for example_local_kubernetes_executor to None, run_after=None
[2023-03-20T11:17:37.101+0000] {processor.py:175} INFO - Processing /home/airflow/.local/lib/python3.7/site-packages/airflow/example_dags/example_local_kubernetes_executor.py took 0.077 seconds
[2023-03-20T11:18:07.505+0000] {processor.py:153} INFO - Started process (PID=498) to work on /home/airflow/.local/lib/python3.7/site-packages/airflow/example_dags/example_local_kubernetes_executor.py
[2023-03-20T11:18:07.507+0000] {processor.py:743} INFO - Processing file /home/airflow/.local/lib/python3.7/site-packages/airflow/example_dags/example_local_kubernetes_executor.py for tasks to queue
[2023-03-20T11:18:07.508+0000] {logging_mixin.py:137} INFO - [2023-03-20T11:18:07.508+0000] {dagbag.py:532} INFO - Filling up the DagBag from /home/airflow/.local/lib/python3.7/site-packages/airflow/example_dags/example_local_kubernetes_executor.py
[2023-03-20T11:18:07.525+0000] {processor.py:753} INFO - DAG(s) dict_keys(['example_local_kubernetes_executor']) retrieved from /home/airflow/.local/lib/python3.7/site-packages/airflow/example_dags/example_local_kubernetes_executor.py
[2023-03-20T11:18:07.546+0000] {logging_mixin.py:137} INFO - [2023-03-20T11:18:07.546+0000] {dag.py:2693} INFO - Sync 1 DAGs
[2023-03-20T11:18:07.562+0000] {logging_mixin.py:137} INFO - [2023-03-20T11:18:07.562+0000] {dag.py:3444} INFO - Setting next_dagrun for example_local_kubernetes_executor to None, run_after=None
[2023-03-20T11:18:07.572+0000] {processor.py:175} INFO - Processing /home/airflow/.local/lib/python3.7/site-packages/airflow/example_dags/example_local_kubernetes_executor.py took 0.070 seconds
[2023-03-20T11:18:38.307+0000] {processor.py:153} INFO - Started process (PID=547) to work on /home/airflow/.local/lib/python3.7/site-packages/airflow/example_dags/example_local_kubernetes_executor.py
[2023-03-20T11:18:38.308+0000] {processor.py:743} INFO - Processing file /home/airflow/.local/lib/python3.7/site-packages/airflow/example_dags/example_local_kubernetes_executor.py for tasks to queue
[2023-03-20T11:18:38.309+0000] {logging_mixin.py:137} INFO - [2023-03-20T11:18:38.309+0000] {dagbag.py:532} INFO - Filling up the DagBag from /home/airflow/.local/lib/python3.7/site-packages/airflow/example_dags/example_local_kubernetes_executor.py
[2023-03-20T11:18:38.325+0000] {processor.py:753} INFO - DAG(s) dict_keys(['example_local_kubernetes_executor']) retrieved from /home/airflow/.local/lib/python3.7/site-packages/airflow/example_dags/example_local_kubernetes_executor.py
[2023-03-20T11:18:38.347+0000] {logging_mixin.py:137} INFO - [2023-03-20T11:18:38.347+0000] {dag.py:2693} INFO - Sync 1 DAGs
[2023-03-20T11:18:38.363+0000] {logging_mixin.py:137} INFO - [2023-03-20T11:18:38.363+0000] {dag.py:3444} INFO - Setting next_dagrun for example_local_kubernetes_executor to None, run_after=None
[2023-03-20T11:18:38.374+0000] {processor.py:175} INFO - Processing /home/airflow/.local/lib/python3.7/site-packages/airflow/example_dags/example_local_kubernetes_executor.py took 0.071 seconds
[2023-03-20T11:19:08.703+0000] {processor.py:153} INFO - Started process (PID=596) to work on /home/airflow/.local/lib/python3.7/site-packages/airflow/example_dags/example_local_kubernetes_executor.py
[2023-03-20T11:19:08.704+0000] {processor.py:743} INFO - Processing file /home/airflow/.local/lib/python3.7/site-packages/airflow/example_dags/example_local_kubernetes_executor.py for tasks to queue
[2023-03-20T11:19:08.705+0000] {logging_mixin.py:137} INFO - [2023-03-20T11:19:08.705+0000] {dagbag.py:532} INFO - Filling up the DagBag from /home/airflow/.local/lib/python3.7/site-packages/airflow/example_dags/example_local_kubernetes_executor.py
[2023-03-20T11:19:08.721+0000] {processor.py:753} INFO - DAG(s) dict_keys(['example_local_kubernetes_executor']) retrieved from /home/airflow/.local/lib/python3.7/site-packages/airflow/example_dags/example_local_kubernetes_executor.py
[2023-03-20T11:19:08.743+0000] {logging_mixin.py:137} INFO - [2023-03-20T11:19:08.742+0000] {dag.py:2693} INFO - Sync 1 DAGs
[2023-03-20T11:19:08.761+0000] {logging_mixin.py:137} INFO - [2023-03-20T11:19:08.761+0000] {dag.py:3444} INFO - Setting next_dagrun for example_local_kubernetes_executor to None, run_after=None
[2023-03-20T11:19:08.776+0000] {processor.py:175} INFO - Processing /home/airflow/.local/lib/python3.7/site-packages/airflow/example_dags/example_local_kubernetes_executor.py took 0.075 seconds
[2023-03-20T11:19:39.066+0000] {processor.py:153} INFO - Started process (PID=645) to work on /home/airflow/.local/lib/python3.7/site-packages/airflow/example_dags/example_local_kubernetes_executor.py
[2023-03-20T11:19:39.068+0000] {processor.py:743} INFO - Processing file /home/airflow/.local/lib/python3.7/site-packages/airflow/example_dags/example_local_kubernetes_executor.py for tasks to queue
[2023-03-20T11:19:39.068+0000] {logging_mixin.py:137} INFO - [2023-03-20T11:19:39.068+0000] {dagbag.py:532} INFO - Filling up the DagBag from /home/airflow/.local/lib/python3.7/site-packages/airflow/example_dags/example_local_kubernetes_executor.py
[2023-03-20T11:19:39.084+0000] {processor.py:753} INFO - DAG(s) dict_keys(['example_local_kubernetes_executor']) retrieved from /home/airflow/.local/lib/python3.7/site-packages/airflow/example_dags/example_local_kubernetes_executor.py
[2023-03-20T11:19:39.107+0000] {logging_mixin.py:137} INFO - [2023-03-20T11:19:39.107+0000] {dag.py:2693} INFO - Sync 1 DAGs
[2023-03-20T11:19:39.124+0000] {logging_mixin.py:137} INFO - [2023-03-20T11:19:39.124+0000] {dag.py:3444} INFO - Setting next_dagrun for example_local_kubernetes_executor to None, run_after=None
[2023-03-20T11:19:39.134+0000] {processor.py:175} INFO - Processing /home/airflow/.local/lib/python3.7/site-packages/airflow/example_dags/example_local_kubernetes_executor.py took 0.072 seconds
[2023-03-20T11:20:09.422+0000] {processor.py:153} INFO - Started process (PID=694) to work on /home/airflow/.local/lib/python3.7/site-packages/airflow/example_dags/example_local_kubernetes_executor.py
[2023-03-20T11:20:09.423+0000] {processor.py:743} INFO - Processing file /home/airflow/.local/lib/python3.7/site-packages/airflow/example_dags/example_local_kubernetes_executor.py for tasks to queue
[2023-03-20T11:20:09.424+0000] {logging_mixin.py:137} INFO - [2023-03-20T11:20:09.424+0000] {dagbag.py:532} INFO - Filling up the DagBag from /home/airflow/.local/lib/python3.7/site-packages/airflow/example_dags/example_local_kubernetes_executor.py
[2023-03-20T11:20:09.440+0000] {processor.py:753} INFO - DAG(s) dict_keys(['example_local_kubernetes_executor']) retrieved from /home/airflow/.local/lib/python3.7/site-packages/airflow/example_dags/example_local_kubernetes_executor.py
[2023-03-20T11:20:09.462+0000] {logging_mixin.py:137} INFO - [2023-03-20T11:20:09.462+0000] {dag.py:2693} INFO - Sync 1 DAGs
[2023-03-20T11:20:09.478+0000] {logging_mixin.py:137} INFO - [2023-03-20T11:20:09.478+0000] {dag.py:3444} INFO - Setting next_dagrun for example_local_kubernetes_executor to None, run_after=None
[2023-03-20T11:20:09.489+0000] {processor.py:175} INFO - Processing /home/airflow/.local/lib/python3.7/site-packages/airflow/example_dags/example_local_kubernetes_executor.py took 0.069 seconds
[2023-03-20T11:20:39.899+0000] {processor.py:153} INFO - Started process (PID=743) to work on /home/airflow/.local/lib/python3.7/site-packages/airflow/example_dags/example_local_kubernetes_executor.py
[2023-03-20T11:20:39.900+0000] {processor.py:743} INFO - Processing file /home/airflow/.local/lib/python3.7/site-packages/airflow/example_dags/example_local_kubernetes_executor.py for tasks to queue
[2023-03-20T11:20:39.901+0000] {logging_mixin.py:137} INFO - [2023-03-20T11:20:39.901+0000] {dagbag.py:532} INFO - Filling up the DagBag from /home/airflow/.local/lib/python3.7/site-packages/airflow/example_dags/example_local_kubernetes_executor.py
[2023-03-20T11:20:39.918+0000] {processor.py:753} INFO - DAG(s) dict_keys(['example_local_kubernetes_executor']) retrieved from /home/airflow/.local/lib/python3.7/site-packages/airflow/example_dags/example_local_kubernetes_executor.py
[2023-03-20T11:20:39.941+0000] {logging_mixin.py:137} INFO - [2023-03-20T11:20:39.941+0000] {dag.py:2693} INFO - Sync 1 DAGs
[2023-03-20T11:20:39.958+0000] {logging_mixin.py:137} INFO - [2023-03-20T11:20:39.958+0000] {dag.py:3444} INFO - Setting next_dagrun for example_local_kubernetes_executor to None, run_after=None
[2023-03-20T11:20:39.971+0000] {processor.py:175} INFO - Processing /home/airflow/.local/lib/python3.7/site-packages/airflow/example_dags/example_local_kubernetes_executor.py took 0.075 seconds
[2023-03-20T11:21:10.235+0000] {processor.py:153} INFO - Started process (PID=792) to work on /home/airflow/.local/lib/python3.7/site-packages/airflow/example_dags/example_local_kubernetes_executor.py
[2023-03-20T11:21:10.236+0000] {processor.py:743} INFO - Processing file /home/airflow/.local/lib/python3.7/site-packages/airflow/example_dags/example_local_kubernetes_executor.py for tasks to queue
[2023-03-20T11:21:10.236+0000] {logging_mixin.py:137} INFO - [2023-03-20T11:21:10.236+0000] {dagbag.py:532} INFO - Filling up the DagBag from /home/airflow/.local/lib/python3.7/site-packages/airflow/example_dags/example_local_kubernetes_executor.py
[2023-03-20T11:21:10.252+0000] {processor.py:753} INFO - DAG(s) dict_keys(['example_local_kubernetes_executor']) retrieved from /home/airflow/.local/lib/python3.7/site-packages/airflow/example_dags/example_local_kubernetes_executor.py
[2023-03-20T11:21:10.272+0000] {logging_mixin.py:137} INFO - [2023-03-20T11:21:10.272+0000] {dag.py:2693} INFO - Sync 1 DAGs
[2023-03-20T11:21:10.287+0000] {logging_mixin.py:137} INFO - [2023-03-20T11:21:10.286+0000] {dag.py:3444} INFO - Setting next_dagrun for example_local_kubernetes_executor to None, run_after=None
[2023-03-20T11:21:10.297+0000] {processor.py:175} INFO - Processing /home/airflow/.local/lib/python3.7/site-packages/airflow/example_dags/example_local_kubernetes_executor.py took 0.065 seconds
[2023-03-20T11:21:40.622+0000] {processor.py:153} INFO - Started process (PID=841) to work on /home/airflow/.local/lib/python3.7/site-packages/airflow/example_dags/example_local_kubernetes_executor.py
[2023-03-20T11:21:40.623+0000] {processor.py:743} INFO - Processing file /home/airflow/.local/lib/python3.7/site-packages/airflow/example_dags/example_local_kubernetes_executor.py for tasks to queue
[2023-03-20T11:21:40.624+0000] {logging_mixin.py:137} INFO - [2023-03-20T11:21:40.624+0000] {dagbag.py:532} INFO - Filling up the DagBag from /home/airflow/.local/lib/python3.7/site-packages/airflow/example_dags/example_local_kubernetes_executor.py
[2023-03-20T11:21:40.640+0000] {processor.py:753} INFO - DAG(s) dict_keys(['example_local_kubernetes_executor']) retrieved from /home/airflow/.local/lib/python3.7/site-packages/airflow/example_dags/example_local_kubernetes_executor.py
[2023-03-20T11:21:40.664+0000] {logging_mixin.py:137} INFO - [2023-03-20T11:21:40.663+0000] {dag.py:2693} INFO - Sync 1 DAGs
[2023-03-20T11:21:40.681+0000] {logging_mixin.py:137} INFO - [2023-03-20T11:21:40.681+0000] {dag.py:3444} INFO - Setting next_dagrun for example_local_kubernetes_executor to None, run_after=None
[2023-03-20T11:21:40.692+0000] {processor.py:175} INFO - Processing /home/airflow/.local/lib/python3.7/site-packages/airflow/example_dags/example_local_kubernetes_executor.py took 0.073 seconds
[2023-03-20T11:22:10.983+0000] {processor.py:153} INFO - Started process (PID=890) to work on /home/airflow/.local/lib/python3.7/site-packages/airflow/example_dags/example_local_kubernetes_executor.py
[2023-03-20T11:22:10.985+0000] {processor.py:743} INFO - Processing file /home/airflow/.local/lib/python3.7/site-packages/airflow/example_dags/example_local_kubernetes_executor.py for tasks to queue
[2023-03-20T11:22:10.986+0000] {logging_mixin.py:137} INFO - [2023-03-20T11:22:10.985+0000] {dagbag.py:532} INFO - Filling up the DagBag from /home/airflow/.local/lib/python3.7/site-packages/airflow/example_dags/example_local_kubernetes_executor.py
[2023-03-20T11:22:11.003+0000] {processor.py:753} INFO - DAG(s) dict_keys(['example_local_kubernetes_executor']) retrieved from /home/airflow/.local/lib/python3.7/site-packages/airflow/example_dags/example_local_kubernetes_executor.py
[2023-03-20T11:22:11.025+0000] {logging_mixin.py:137} INFO - [2023-03-20T11:22:11.025+0000] {dag.py:2693} INFO - Sync 1 DAGs
[2023-03-20T11:22:11.040+0000] {logging_mixin.py:137} INFO - [2023-03-20T11:22:11.040+0000] {dag.py:3444} INFO - Setting next_dagrun for example_local_kubernetes_executor to None, run_after=None
[2023-03-20T11:22:11.051+0000] {processor.py:175} INFO - Processing /home/airflow/.local/lib/python3.7/site-packages/airflow/example_dags/example_local_kubernetes_executor.py took 0.070 seconds
[2023-03-20T11:22:41.817+0000] {processor.py:153} INFO - Started process (PID=939) to work on /home/airflow/.local/lib/python3.7/site-packages/airflow/example_dags/example_local_kubernetes_executor.py
[2023-03-20T11:22:41.818+0000] {processor.py:743} INFO - Processing file /home/airflow/.local/lib/python3.7/site-packages/airflow/example_dags/example_local_kubernetes_executor.py for tasks to queue
[2023-03-20T11:22:41.819+0000] {logging_mixin.py:137} INFO - [2023-03-20T11:22:41.819+0000] {dagbag.py:532} INFO - Filling up the DagBag from /home/airflow/.local/lib/python3.7/site-packages/airflow/example_dags/example_local_kubernetes_executor.py
[2023-03-20T11:22:41.838+0000] {processor.py:753} INFO - DAG(s) dict_keys(['example_local_kubernetes_executor']) retrieved from /home/airflow/.local/lib/python3.7/site-packages/airflow/example_dags/example_local_kubernetes_executor.py
[2023-03-20T11:22:41.860+0000] {logging_mixin.py:137} INFO - [2023-03-20T11:22:41.860+0000] {dag.py:2693} INFO - Sync 1 DAGs
[2023-03-20T11:22:41.876+0000] {logging_mixin.py:137} INFO - [2023-03-20T11:22:41.876+0000] {dag.py:3444} INFO - Setting next_dagrun for example_local_kubernetes_executor to None, run_after=None
[2023-03-20T11:22:41.890+0000] {processor.py:175} INFO - Processing /home/airflow/.local/lib/python3.7/site-packages/airflow/example_dags/example_local_kubernetes_executor.py took 0.077 seconds
[2023-03-20T11:23:12.283+0000] {processor.py:153} INFO - Started process (PID=988) to work on /home/airflow/.local/lib/python3.7/site-packages/airflow/example_dags/example_local_kubernetes_executor.py
[2023-03-20T11:23:12.285+0000] {processor.py:743} INFO - Processing file /home/airflow/.local/lib/python3.7/site-packages/airflow/example_dags/example_local_kubernetes_executor.py for tasks to queue
[2023-03-20T11:23:12.285+0000] {logging_mixin.py:137} INFO - [2023-03-20T11:23:12.285+0000] {dagbag.py:532} INFO - Filling up the DagBag from /home/airflow/.local/lib/python3.7/site-packages/airflow/example_dags/example_local_kubernetes_executor.py
[2023-03-20T11:23:12.302+0000] {processor.py:753} INFO - DAG(s) dict_keys(['example_local_kubernetes_executor']) retrieved from /home/airflow/.local/lib/python3.7/site-packages/airflow/example_dags/example_local_kubernetes_executor.py
[2023-03-20T11:23:12.323+0000] {logging_mixin.py:137} INFO - [2023-03-20T11:23:12.323+0000] {dag.py:2693} INFO - Sync 1 DAGs
[2023-03-20T11:23:12.339+0000] {logging_mixin.py:137} INFO - [2023-03-20T11:23:12.339+0000] {dag.py:3444} INFO - Setting next_dagrun for example_local_kubernetes_executor to None, run_after=None
[2023-03-20T11:23:12.350+0000] {processor.py:175} INFO - Processing /home/airflow/.local/lib/python3.7/site-packages/airflow/example_dags/example_local_kubernetes_executor.py took 0.070 seconds
[2023-03-20T11:23:42.797+0000] {processor.py:153} INFO - Started process (PID=1037) to work on /home/airflow/.local/lib/python3.7/site-packages/airflow/example_dags/example_local_kubernetes_executor.py
[2023-03-20T11:23:42.799+0000] {processor.py:743} INFO - Processing file /home/airflow/.local/lib/python3.7/site-packages/airflow/example_dags/example_local_kubernetes_executor.py for tasks to queue
[2023-03-20T11:23:42.799+0000] {logging_mixin.py:137} INFO - [2023-03-20T11:23:42.799+0000] {dagbag.py:532} INFO - Filling up the DagBag from /home/airflow/.local/lib/python3.7/site-packages/airflow/example_dags/example_local_kubernetes_executor.py
[2023-03-20T11:23:42.817+0000] {processor.py:753} INFO - DAG(s) dict_keys(['example_local_kubernetes_executor']) retrieved from /home/airflow/.local/lib/python3.7/site-packages/airflow/example_dags/example_local_kubernetes_executor.py
[2023-03-20T11:23:42.841+0000] {logging_mixin.py:137} INFO - [2023-03-20T11:23:42.841+0000] {dag.py:2693} INFO - Sync 1 DAGs
[2023-03-20T11:23:42.857+0000] {logging_mixin.py:137} INFO - [2023-03-20T11:23:42.857+0000] {dag.py:3444} INFO - Setting next_dagrun for example_local_kubernetes_executor to None, run_after=None
[2023-03-20T11:23:42.868+0000] {processor.py:175} INFO - Processing /home/airflow/.local/lib/python3.7/site-packages/airflow/example_dags/example_local_kubernetes_executor.py took 0.074 seconds
