[2023-03-20T11:13:33.379+0000] {processor.py:153} INFO - Started process (PID=67) to work on /home/airflow/.local/lib/python3.7/site-packages/airflow/example_dags/example_sensor_decorator.py
[2023-03-20T11:13:33.381+0000] {processor.py:743} INFO - Processing file /home/airflow/.local/lib/python3.7/site-packages/airflow/example_dags/example_sensor_decorator.py for tasks to queue
[2023-03-20T11:13:33.382+0000] {logging_mixin.py:137} INFO - [2023-03-20T11:13:33.382+0000] {dagbag.py:532} INFO - Filling up the DagBag from /home/airflow/.local/lib/python3.7/site-packages/airflow/example_dags/example_sensor_decorator.py
[2023-03-20T11:13:33.434+0000] {processor.py:753} INFO - DAG(s) dict_keys(['example_sensor_decorator']) retrieved from /home/airflow/.local/lib/python3.7/site-packages/airflow/example_dags/example_sensor_decorator.py
[2023-03-20T11:13:33.477+0000] {logging_mixin.py:137} INFO - [2023-03-20T11:13:33.477+0000] {dag.py:2693} INFO - Sync 1 DAGs
[2023-03-20T11:13:33.513+0000] {logging_mixin.py:137} INFO - [2023-03-20T11:13:33.513+0000] {dag.py:3444} INFO - Setting next_dagrun for example_sensor_decorator to None, run_after=None
[2023-03-20T11:13:33.553+0000] {processor.py:175} INFO - Processing /home/airflow/.local/lib/python3.7/site-packages/airflow/example_dags/example_sensor_decorator.py took 0.180 seconds
[2023-03-20T11:14:03.671+0000] {processor.py:153} INFO - Started process (PID=116) to work on /home/airflow/.local/lib/python3.7/site-packages/airflow/example_dags/example_sensor_decorator.py
[2023-03-20T11:14:03.672+0000] {processor.py:743} INFO - Processing file /home/airflow/.local/lib/python3.7/site-packages/airflow/example_dags/example_sensor_decorator.py for tasks to queue
[2023-03-20T11:14:03.674+0000] {logging_mixin.py:137} INFO - [2023-03-20T11:14:03.674+0000] {dagbag.py:532} INFO - Filling up the DagBag from /home/airflow/.local/lib/python3.7/site-packages/airflow/example_dags/example_sensor_decorator.py
[2023-03-20T11:14:03.704+0000] {processor.py:753} INFO - DAG(s) dict_keys(['example_sensor_decorator']) retrieved from /home/airflow/.local/lib/python3.7/site-packages/airflow/example_dags/example_sensor_decorator.py
[2023-03-20T11:14:03.737+0000] {logging_mixin.py:137} INFO - [2023-03-20T11:14:03.737+0000] {dag.py:2693} INFO - Sync 1 DAGs
[2023-03-20T11:14:03.758+0000] {logging_mixin.py:137} INFO - [2023-03-20T11:14:03.758+0000] {dag.py:3444} INFO - Setting next_dagrun for example_sensor_decorator to None, run_after=None
[2023-03-20T11:14:03.772+0000] {processor.py:175} INFO - Processing /home/airflow/.local/lib/python3.7/site-packages/airflow/example_dags/example_sensor_decorator.py took 0.104 seconds
[2023-03-20T11:14:33.866+0000] {processor.py:153} INFO - Started process (PID=166) to work on /home/airflow/.local/lib/python3.7/site-packages/airflow/example_dags/example_sensor_decorator.py
[2023-03-20T11:14:33.867+0000] {processor.py:743} INFO - Processing file /home/airflow/.local/lib/python3.7/site-packages/airflow/example_dags/example_sensor_decorator.py for tasks to queue
[2023-03-20T11:14:33.868+0000] {logging_mixin.py:137} INFO - [2023-03-20T11:14:33.868+0000] {dagbag.py:532} INFO - Filling up the DagBag from /home/airflow/.local/lib/python3.7/site-packages/airflow/example_dags/example_sensor_decorator.py
[2023-03-20T11:14:33.886+0000] {processor.py:753} INFO - DAG(s) dict_keys(['example_sensor_decorator']) retrieved from /home/airflow/.local/lib/python3.7/site-packages/airflow/example_dags/example_sensor_decorator.py
[2023-03-20T11:14:33.901+0000] {logging_mixin.py:137} INFO - [2023-03-20T11:14:33.901+0000] {dag.py:2693} INFO - Sync 1 DAGs
[2023-03-20T11:14:33.916+0000] {logging_mixin.py:137} INFO - [2023-03-20T11:14:33.916+0000] {dag.py:3444} INFO - Setting next_dagrun for example_sensor_decorator to None, run_after=None
[2023-03-20T11:14:33.927+0000] {processor.py:175} INFO - Processing /home/airflow/.local/lib/python3.7/site-packages/airflow/example_dags/example_sensor_decorator.py took 0.065 seconds
[2023-03-20T11:15:04.718+0000] {processor.py:153} INFO - Started process (PID=215) to work on /home/airflow/.local/lib/python3.7/site-packages/airflow/example_dags/example_sensor_decorator.py
[2023-03-20T11:15:04.720+0000] {processor.py:743} INFO - Processing file /home/airflow/.local/lib/python3.7/site-packages/airflow/example_dags/example_sensor_decorator.py for tasks to queue
[2023-03-20T11:15:04.720+0000] {logging_mixin.py:137} INFO - [2023-03-20T11:15:04.720+0000] {dagbag.py:532} INFO - Filling up the DagBag from /home/airflow/.local/lib/python3.7/site-packages/airflow/example_dags/example_sensor_decorator.py
[2023-03-20T11:15:04.745+0000] {processor.py:753} INFO - DAG(s) dict_keys(['example_sensor_decorator']) retrieved from /home/airflow/.local/lib/python3.7/site-packages/airflow/example_dags/example_sensor_decorator.py
[2023-03-20T11:15:04.766+0000] {logging_mixin.py:137} INFO - [2023-03-20T11:15:04.766+0000] {dag.py:2693} INFO - Sync 1 DAGs
[2023-03-20T11:15:04.783+0000] {logging_mixin.py:137} INFO - [2023-03-20T11:15:04.783+0000] {dag.py:3444} INFO - Setting next_dagrun for example_sensor_decorator to None, run_after=None
[2023-03-20T11:15:04.795+0000] {processor.py:175} INFO - Processing /home/airflow/.local/lib/python3.7/site-packages/airflow/example_dags/example_sensor_decorator.py took 0.081 seconds
[2023-03-20T11:15:35.276+0000] {processor.py:153} INFO - Started process (PID=264) to work on /home/airflow/.local/lib/python3.7/site-packages/airflow/example_dags/example_sensor_decorator.py
[2023-03-20T11:15:35.277+0000] {processor.py:743} INFO - Processing file /home/airflow/.local/lib/python3.7/site-packages/airflow/example_dags/example_sensor_decorator.py for tasks to queue
[2023-03-20T11:15:35.278+0000] {logging_mixin.py:137} INFO - [2023-03-20T11:15:35.278+0000] {dagbag.py:532} INFO - Filling up the DagBag from /home/airflow/.local/lib/python3.7/site-packages/airflow/example_dags/example_sensor_decorator.py
[2023-03-20T11:15:35.295+0000] {processor.py:753} INFO - DAG(s) dict_keys(['example_sensor_decorator']) retrieved from /home/airflow/.local/lib/python3.7/site-packages/airflow/example_dags/example_sensor_decorator.py
[2023-03-20T11:15:35.314+0000] {logging_mixin.py:137} INFO - [2023-03-20T11:15:35.314+0000] {dag.py:2693} INFO - Sync 1 DAGs
[2023-03-20T11:15:35.331+0000] {logging_mixin.py:137} INFO - [2023-03-20T11:15:35.331+0000] {dag.py:3444} INFO - Setting next_dagrun for example_sensor_decorator to None, run_after=None
[2023-03-20T11:15:35.345+0000] {processor.py:175} INFO - Processing /home/airflow/.local/lib/python3.7/site-packages/airflow/example_dags/example_sensor_decorator.py took 0.072 seconds
[2023-03-20T11:16:05.695+0000] {processor.py:153} INFO - Started process (PID=313) to work on /home/airflow/.local/lib/python3.7/site-packages/airflow/example_dags/example_sensor_decorator.py
[2023-03-20T11:16:05.696+0000] {processor.py:743} INFO - Processing file /home/airflow/.local/lib/python3.7/site-packages/airflow/example_dags/example_sensor_decorator.py for tasks to queue
[2023-03-20T11:16:05.697+0000] {logging_mixin.py:137} INFO - [2023-03-20T11:16:05.697+0000] {dagbag.py:532} INFO - Filling up the DagBag from /home/airflow/.local/lib/python3.7/site-packages/airflow/example_dags/example_sensor_decorator.py
[2023-03-20T11:16:05.713+0000] {processor.py:753} INFO - DAG(s) dict_keys(['example_sensor_decorator']) retrieved from /home/airflow/.local/lib/python3.7/site-packages/airflow/example_dags/example_sensor_decorator.py
[2023-03-20T11:16:05.732+0000] {logging_mixin.py:137} INFO - [2023-03-20T11:16:05.731+0000] {dag.py:2693} INFO - Sync 1 DAGs
[2023-03-20T11:16:05.747+0000] {logging_mixin.py:137} INFO - [2023-03-20T11:16:05.747+0000] {dag.py:3444} INFO - Setting next_dagrun for example_sensor_decorator to None, run_after=None
[2023-03-20T11:16:05.758+0000] {processor.py:175} INFO - Processing /home/airflow/.local/lib/python3.7/site-packages/airflow/example_dags/example_sensor_decorator.py took 0.066 seconds
[2023-03-20T11:16:36.220+0000] {processor.py:153} INFO - Started process (PID=362) to work on /home/airflow/.local/lib/python3.7/site-packages/airflow/example_dags/example_sensor_decorator.py
[2023-03-20T11:16:36.221+0000] {processor.py:743} INFO - Processing file /home/airflow/.local/lib/python3.7/site-packages/airflow/example_dags/example_sensor_decorator.py for tasks to queue
[2023-03-20T11:16:36.222+0000] {logging_mixin.py:137} INFO - [2023-03-20T11:16:36.222+0000] {dagbag.py:532} INFO - Filling up the DagBag from /home/airflow/.local/lib/python3.7/site-packages/airflow/example_dags/example_sensor_decorator.py
[2023-03-20T11:16:36.237+0000] {processor.py:753} INFO - DAG(s) dict_keys(['example_sensor_decorator']) retrieved from /home/airflow/.local/lib/python3.7/site-packages/airflow/example_dags/example_sensor_decorator.py
[2023-03-20T11:16:36.257+0000] {logging_mixin.py:137} INFO - [2023-03-20T11:16:36.257+0000] {dag.py:2693} INFO - Sync 1 DAGs
[2023-03-20T11:16:36.273+0000] {logging_mixin.py:137} INFO - [2023-03-20T11:16:36.273+0000] {dag.py:3444} INFO - Setting next_dagrun for example_sensor_decorator to None, run_after=None
[2023-03-20T11:16:36.284+0000] {processor.py:175} INFO - Processing /home/airflow/.local/lib/python3.7/site-packages/airflow/example_dags/example_sensor_decorator.py took 0.067 seconds
[2023-03-20T11:17:06.998+0000] {processor.py:153} INFO - Started process (PID=411) to work on /home/airflow/.local/lib/python3.7/site-packages/airflow/example_dags/example_sensor_decorator.py
[2023-03-20T11:17:06.999+0000] {processor.py:743} INFO - Processing file /home/airflow/.local/lib/python3.7/site-packages/airflow/example_dags/example_sensor_decorator.py for tasks to queue
[2023-03-20T11:17:07.001+0000] {logging_mixin.py:137} INFO - [2023-03-20T11:17:07.001+0000] {dagbag.py:532} INFO - Filling up the DagBag from /home/airflow/.local/lib/python3.7/site-packages/airflow/example_dags/example_sensor_decorator.py
[2023-03-20T11:17:07.020+0000] {processor.py:753} INFO - DAG(s) dict_keys(['example_sensor_decorator']) retrieved from /home/airflow/.local/lib/python3.7/site-packages/airflow/example_dags/example_sensor_decorator.py
[2023-03-20T11:17:07.043+0000] {logging_mixin.py:137} INFO - [2023-03-20T11:17:07.043+0000] {dag.py:2693} INFO - Sync 1 DAGs
[2023-03-20T11:17:07.060+0000] {logging_mixin.py:137} INFO - [2023-03-20T11:17:07.060+0000] {dag.py:3444} INFO - Setting next_dagrun for example_sensor_decorator to None, run_after=None
[2023-03-20T11:17:07.073+0000] {processor.py:175} INFO - Processing /home/airflow/.local/lib/python3.7/site-packages/airflow/example_dags/example_sensor_decorator.py took 0.079 seconds
[2023-03-20T11:17:37.585+0000] {processor.py:153} INFO - Started process (PID=460) to work on /home/airflow/.local/lib/python3.7/site-packages/airflow/example_dags/example_sensor_decorator.py
[2023-03-20T11:17:37.586+0000] {processor.py:743} INFO - Processing file /home/airflow/.local/lib/python3.7/site-packages/airflow/example_dags/example_sensor_decorator.py for tasks to queue
[2023-03-20T11:17:37.587+0000] {logging_mixin.py:137} INFO - [2023-03-20T11:17:37.587+0000] {dagbag.py:532} INFO - Filling up the DagBag from /home/airflow/.local/lib/python3.7/site-packages/airflow/example_dags/example_sensor_decorator.py
[2023-03-20T11:17:37.605+0000] {processor.py:753} INFO - DAG(s) dict_keys(['example_sensor_decorator']) retrieved from /home/airflow/.local/lib/python3.7/site-packages/airflow/example_dags/example_sensor_decorator.py
[2023-03-20T11:17:37.629+0000] {logging_mixin.py:137} INFO - [2023-03-20T11:17:37.629+0000] {dag.py:2693} INFO - Sync 1 DAGs
[2023-03-20T11:17:37.649+0000] {logging_mixin.py:137} INFO - [2023-03-20T11:17:37.649+0000] {dag.py:3444} INFO - Setting next_dagrun for example_sensor_decorator to None, run_after=None
[2023-03-20T11:17:37.664+0000] {processor.py:175} INFO - Processing /home/airflow/.local/lib/python3.7/site-packages/airflow/example_dags/example_sensor_decorator.py took 0.082 seconds
[2023-03-20T11:18:08.118+0000] {processor.py:153} INFO - Started process (PID=509) to work on /home/airflow/.local/lib/python3.7/site-packages/airflow/example_dags/example_sensor_decorator.py
[2023-03-20T11:18:08.119+0000] {processor.py:743} INFO - Processing file /home/airflow/.local/lib/python3.7/site-packages/airflow/example_dags/example_sensor_decorator.py for tasks to queue
[2023-03-20T11:18:08.120+0000] {logging_mixin.py:137} INFO - [2023-03-20T11:18:08.120+0000] {dagbag.py:532} INFO - Filling up the DagBag from /home/airflow/.local/lib/python3.7/site-packages/airflow/example_dags/example_sensor_decorator.py
[2023-03-20T11:18:08.136+0000] {processor.py:753} INFO - DAG(s) dict_keys(['example_sensor_decorator']) retrieved from /home/airflow/.local/lib/python3.7/site-packages/airflow/example_dags/example_sensor_decorator.py
[2023-03-20T11:18:08.155+0000] {logging_mixin.py:137} INFO - [2023-03-20T11:18:08.155+0000] {dag.py:2693} INFO - Sync 1 DAGs
[2023-03-20T11:18:08.170+0000] {logging_mixin.py:137} INFO - [2023-03-20T11:18:08.170+0000] {dag.py:3444} INFO - Setting next_dagrun for example_sensor_decorator to None, run_after=None
[2023-03-20T11:18:08.181+0000] {processor.py:175} INFO - Processing /home/airflow/.local/lib/python3.7/site-packages/airflow/example_dags/example_sensor_decorator.py took 0.066 seconds
[2023-03-20T11:18:38.784+0000] {processor.py:153} INFO - Started process (PID=558) to work on /home/airflow/.local/lib/python3.7/site-packages/airflow/example_dags/example_sensor_decorator.py
[2023-03-20T11:18:38.785+0000] {processor.py:743} INFO - Processing file /home/airflow/.local/lib/python3.7/site-packages/airflow/example_dags/example_sensor_decorator.py for tasks to queue
[2023-03-20T11:18:38.786+0000] {logging_mixin.py:137} INFO - [2023-03-20T11:18:38.785+0000] {dagbag.py:532} INFO - Filling up the DagBag from /home/airflow/.local/lib/python3.7/site-packages/airflow/example_dags/example_sensor_decorator.py
[2023-03-20T11:18:38.801+0000] {processor.py:753} INFO - DAG(s) dict_keys(['example_sensor_decorator']) retrieved from /home/airflow/.local/lib/python3.7/site-packages/airflow/example_dags/example_sensor_decorator.py
[2023-03-20T11:18:38.820+0000] {logging_mixin.py:137} INFO - [2023-03-20T11:18:38.820+0000] {dag.py:2693} INFO - Sync 1 DAGs
[2023-03-20T11:18:38.841+0000] {logging_mixin.py:137} INFO - [2023-03-20T11:18:38.841+0000] {dag.py:3444} INFO - Setting next_dagrun for example_sensor_decorator to None, run_after=None
[2023-03-20T11:18:38.854+0000] {processor.py:175} INFO - Processing /home/airflow/.local/lib/python3.7/site-packages/airflow/example_dags/example_sensor_decorator.py took 0.073 seconds
[2023-03-20T11:19:09.201+0000] {processor.py:153} INFO - Started process (PID=607) to work on /home/airflow/.local/lib/python3.7/site-packages/airflow/example_dags/example_sensor_decorator.py
[2023-03-20T11:19:09.202+0000] {processor.py:743} INFO - Processing file /home/airflow/.local/lib/python3.7/site-packages/airflow/example_dags/example_sensor_decorator.py for tasks to queue
[2023-03-20T11:19:09.203+0000] {logging_mixin.py:137} INFO - [2023-03-20T11:19:09.203+0000] {dagbag.py:532} INFO - Filling up the DagBag from /home/airflow/.local/lib/python3.7/site-packages/airflow/example_dags/example_sensor_decorator.py
[2023-03-20T11:19:09.218+0000] {processor.py:753} INFO - DAG(s) dict_keys(['example_sensor_decorator']) retrieved from /home/airflow/.local/lib/python3.7/site-packages/airflow/example_dags/example_sensor_decorator.py
[2023-03-20T11:19:09.238+0000] {logging_mixin.py:137} INFO - [2023-03-20T11:19:09.238+0000] {dag.py:2693} INFO - Sync 1 DAGs
[2023-03-20T11:19:09.255+0000] {logging_mixin.py:137} INFO - [2023-03-20T11:19:09.255+0000] {dag.py:3444} INFO - Setting next_dagrun for example_sensor_decorator to None, run_after=None
[2023-03-20T11:19:09.266+0000] {processor.py:175} INFO - Processing /home/airflow/.local/lib/python3.7/site-packages/airflow/example_dags/example_sensor_decorator.py took 0.068 seconds
[2023-03-20T11:19:39.559+0000] {processor.py:153} INFO - Started process (PID=656) to work on /home/airflow/.local/lib/python3.7/site-packages/airflow/example_dags/example_sensor_decorator.py
[2023-03-20T11:19:39.560+0000] {processor.py:743} INFO - Processing file /home/airflow/.local/lib/python3.7/site-packages/airflow/example_dags/example_sensor_decorator.py for tasks to queue
[2023-03-20T11:19:39.562+0000] {logging_mixin.py:137} INFO - [2023-03-20T11:19:39.562+0000] {dagbag.py:532} INFO - Filling up the DagBag from /home/airflow/.local/lib/python3.7/site-packages/airflow/example_dags/example_sensor_decorator.py
[2023-03-20T11:19:39.577+0000] {processor.py:753} INFO - DAG(s) dict_keys(['example_sensor_decorator']) retrieved from /home/airflow/.local/lib/python3.7/site-packages/airflow/example_dags/example_sensor_decorator.py
[2023-03-20T11:19:39.597+0000] {logging_mixin.py:137} INFO - [2023-03-20T11:19:39.597+0000] {dag.py:2693} INFO - Sync 1 DAGs
[2023-03-20T11:19:39.613+0000] {logging_mixin.py:137} INFO - [2023-03-20T11:19:39.613+0000] {dag.py:3444} INFO - Setting next_dagrun for example_sensor_decorator to None, run_after=None
[2023-03-20T11:19:39.624+0000] {processor.py:175} INFO - Processing /home/airflow/.local/lib/python3.7/site-packages/airflow/example_dags/example_sensor_decorator.py took 0.067 seconds
[2023-03-20T11:20:09.925+0000] {processor.py:153} INFO - Started process (PID=705) to work on /home/airflow/.local/lib/python3.7/site-packages/airflow/example_dags/example_sensor_decorator.py
[2023-03-20T11:20:09.926+0000] {processor.py:743} INFO - Processing file /home/airflow/.local/lib/python3.7/site-packages/airflow/example_dags/example_sensor_decorator.py for tasks to queue
[2023-03-20T11:20:09.927+0000] {logging_mixin.py:137} INFO - [2023-03-20T11:20:09.927+0000] {dagbag.py:532} INFO - Filling up the DagBag from /home/airflow/.local/lib/python3.7/site-packages/airflow/example_dags/example_sensor_decorator.py
[2023-03-20T11:20:09.942+0000] {processor.py:753} INFO - DAG(s) dict_keys(['example_sensor_decorator']) retrieved from /home/airflow/.local/lib/python3.7/site-packages/airflow/example_dags/example_sensor_decorator.py
[2023-03-20T11:20:09.962+0000] {logging_mixin.py:137} INFO - [2023-03-20T11:20:09.962+0000] {dag.py:2693} INFO - Sync 1 DAGs
[2023-03-20T11:20:09.978+0000] {logging_mixin.py:137} INFO - [2023-03-20T11:20:09.978+0000] {dag.py:3444} INFO - Setting next_dagrun for example_sensor_decorator to None, run_after=None
[2023-03-20T11:20:09.989+0000] {processor.py:175} INFO - Processing /home/airflow/.local/lib/python3.7/site-packages/airflow/example_dags/example_sensor_decorator.py took 0.067 seconds
[2023-03-20T11:20:40.398+0000] {processor.py:153} INFO - Started process (PID=754) to work on /home/airflow/.local/lib/python3.7/site-packages/airflow/example_dags/example_sensor_decorator.py
[2023-03-20T11:20:40.399+0000] {processor.py:743} INFO - Processing file /home/airflow/.local/lib/python3.7/site-packages/airflow/example_dags/example_sensor_decorator.py for tasks to queue
[2023-03-20T11:20:40.399+0000] {logging_mixin.py:137} INFO - [2023-03-20T11:20:40.399+0000] {dagbag.py:532} INFO - Filling up the DagBag from /home/airflow/.local/lib/python3.7/site-packages/airflow/example_dags/example_sensor_decorator.py
[2023-03-20T11:20:40.415+0000] {processor.py:753} INFO - DAG(s) dict_keys(['example_sensor_decorator']) retrieved from /home/airflow/.local/lib/python3.7/site-packages/airflow/example_dags/example_sensor_decorator.py
[2023-03-20T11:20:40.435+0000] {logging_mixin.py:137} INFO - [2023-03-20T11:20:40.434+0000] {dag.py:2693} INFO - Sync 1 DAGs
[2023-03-20T11:20:40.451+0000] {logging_mixin.py:137} INFO - [2023-03-20T11:20:40.451+0000] {dag.py:3444} INFO - Setting next_dagrun for example_sensor_decorator to None, run_after=None
[2023-03-20T11:20:40.464+0000] {processor.py:175} INFO - Processing /home/airflow/.local/lib/python3.7/site-packages/airflow/example_dags/example_sensor_decorator.py took 0.069 seconds
[2023-03-20T11:21:10.765+0000] {processor.py:153} INFO - Started process (PID=803) to work on /home/airflow/.local/lib/python3.7/site-packages/airflow/example_dags/example_sensor_decorator.py
[2023-03-20T11:21:10.766+0000] {processor.py:743} INFO - Processing file /home/airflow/.local/lib/python3.7/site-packages/airflow/example_dags/example_sensor_decorator.py for tasks to queue
[2023-03-20T11:21:10.767+0000] {logging_mixin.py:137} INFO - [2023-03-20T11:21:10.767+0000] {dagbag.py:532} INFO - Filling up the DagBag from /home/airflow/.local/lib/python3.7/site-packages/airflow/example_dags/example_sensor_decorator.py
[2023-03-20T11:21:10.789+0000] {processor.py:753} INFO - DAG(s) dict_keys(['example_sensor_decorator']) retrieved from /home/airflow/.local/lib/python3.7/site-packages/airflow/example_dags/example_sensor_decorator.py
[2023-03-20T11:21:10.812+0000] {logging_mixin.py:137} INFO - [2023-03-20T11:21:10.812+0000] {dag.py:2693} INFO - Sync 1 DAGs
[2023-03-20T11:21:10.830+0000] {logging_mixin.py:137} INFO - [2023-03-20T11:21:10.830+0000] {dag.py:3444} INFO - Setting next_dagrun for example_sensor_decorator to None, run_after=None
[2023-03-20T11:21:10.843+0000] {processor.py:175} INFO - Processing /home/airflow/.local/lib/python3.7/site-packages/airflow/example_dags/example_sensor_decorator.py took 0.081 seconds
[2023-03-20T11:21:41.106+0000] {processor.py:153} INFO - Started process (PID=852) to work on /home/airflow/.local/lib/python3.7/site-packages/airflow/example_dags/example_sensor_decorator.py
[2023-03-20T11:21:41.108+0000] {processor.py:743} INFO - Processing file /home/airflow/.local/lib/python3.7/site-packages/airflow/example_dags/example_sensor_decorator.py for tasks to queue
[2023-03-20T11:21:41.108+0000] {logging_mixin.py:137} INFO - [2023-03-20T11:21:41.108+0000] {dagbag.py:532} INFO - Filling up the DagBag from /home/airflow/.local/lib/python3.7/site-packages/airflow/example_dags/example_sensor_decorator.py
[2023-03-20T11:21:41.124+0000] {processor.py:753} INFO - DAG(s) dict_keys(['example_sensor_decorator']) retrieved from /home/airflow/.local/lib/python3.7/site-packages/airflow/example_dags/example_sensor_decorator.py
[2023-03-20T11:21:41.143+0000] {logging_mixin.py:137} INFO - [2023-03-20T11:21:41.143+0000] {dag.py:2693} INFO - Sync 1 DAGs
[2023-03-20T11:21:41.159+0000] {logging_mixin.py:137} INFO - [2023-03-20T11:21:41.159+0000] {dag.py:3444} INFO - Setting next_dagrun for example_sensor_decorator to None, run_after=None
[2023-03-20T11:21:41.170+0000] {processor.py:175} INFO - Processing /home/airflow/.local/lib/python3.7/site-packages/airflow/example_dags/example_sensor_decorator.py took 0.067 seconds
[2023-03-20T11:22:11.458+0000] {processor.py:153} INFO - Started process (PID=901) to work on /home/airflow/.local/lib/python3.7/site-packages/airflow/example_dags/example_sensor_decorator.py
[2023-03-20T11:22:11.459+0000] {processor.py:743} INFO - Processing file /home/airflow/.local/lib/python3.7/site-packages/airflow/example_dags/example_sensor_decorator.py for tasks to queue
[2023-03-20T11:22:11.460+0000] {logging_mixin.py:137} INFO - [2023-03-20T11:22:11.460+0000] {dagbag.py:532} INFO - Filling up the DagBag from /home/airflow/.local/lib/python3.7/site-packages/airflow/example_dags/example_sensor_decorator.py
[2023-03-20T11:22:11.476+0000] {processor.py:753} INFO - DAG(s) dict_keys(['example_sensor_decorator']) retrieved from /home/airflow/.local/lib/python3.7/site-packages/airflow/example_dags/example_sensor_decorator.py
[2023-03-20T11:22:11.496+0000] {logging_mixin.py:137} INFO - [2023-03-20T11:22:11.496+0000] {dag.py:2693} INFO - Sync 1 DAGs
[2023-03-20T11:22:11.512+0000] {logging_mixin.py:137} INFO - [2023-03-20T11:22:11.512+0000] {dag.py:3444} INFO - Setting next_dagrun for example_sensor_decorator to None, run_after=None
[2023-03-20T11:22:11.524+0000] {processor.py:175} INFO - Processing /home/airflow/.local/lib/python3.7/site-packages/airflow/example_dags/example_sensor_decorator.py took 0.069 seconds
[2023-03-20T11:22:42.395+0000] {processor.py:153} INFO - Started process (PID=950) to work on /home/airflow/.local/lib/python3.7/site-packages/airflow/example_dags/example_sensor_decorator.py
[2023-03-20T11:22:42.397+0000] {processor.py:743} INFO - Processing file /home/airflow/.local/lib/python3.7/site-packages/airflow/example_dags/example_sensor_decorator.py for tasks to queue
[2023-03-20T11:22:42.397+0000] {logging_mixin.py:137} INFO - [2023-03-20T11:22:42.397+0000] {dagbag.py:532} INFO - Filling up the DagBag from /home/airflow/.local/lib/python3.7/site-packages/airflow/example_dags/example_sensor_decorator.py
[2023-03-20T11:22:42.415+0000] {processor.py:753} INFO - DAG(s) dict_keys(['example_sensor_decorator']) retrieved from /home/airflow/.local/lib/python3.7/site-packages/airflow/example_dags/example_sensor_decorator.py
[2023-03-20T11:22:42.435+0000] {logging_mixin.py:137} INFO - [2023-03-20T11:22:42.434+0000] {dag.py:2693} INFO - Sync 1 DAGs
[2023-03-20T11:22:42.451+0000] {logging_mixin.py:137} INFO - [2023-03-20T11:22:42.451+0000] {dag.py:3444} INFO - Setting next_dagrun for example_sensor_decorator to None, run_after=None
[2023-03-20T11:22:42.466+0000] {processor.py:175} INFO - Processing /home/airflow/.local/lib/python3.7/site-packages/airflow/example_dags/example_sensor_decorator.py took 0.074 seconds
[2023-03-20T11:23:12.809+0000] {processor.py:153} INFO - Started process (PID=999) to work on /home/airflow/.local/lib/python3.7/site-packages/airflow/example_dags/example_sensor_decorator.py
[2023-03-20T11:23:12.810+0000] {processor.py:743} INFO - Processing file /home/airflow/.local/lib/python3.7/site-packages/airflow/example_dags/example_sensor_decorator.py for tasks to queue
[2023-03-20T11:23:12.811+0000] {logging_mixin.py:137} INFO - [2023-03-20T11:23:12.811+0000] {dagbag.py:532} INFO - Filling up the DagBag from /home/airflow/.local/lib/python3.7/site-packages/airflow/example_dags/example_sensor_decorator.py
[2023-03-20T11:23:12.827+0000] {processor.py:753} INFO - DAG(s) dict_keys(['example_sensor_decorator']) retrieved from /home/airflow/.local/lib/python3.7/site-packages/airflow/example_dags/example_sensor_decorator.py
[2023-03-20T11:23:12.846+0000] {logging_mixin.py:137} INFO - [2023-03-20T11:23:12.846+0000] {dag.py:2693} INFO - Sync 1 DAGs
[2023-03-20T11:23:12.862+0000] {logging_mixin.py:137} INFO - [2023-03-20T11:23:12.862+0000] {dag.py:3444} INFO - Setting next_dagrun for example_sensor_decorator to None, run_after=None
[2023-03-20T11:23:12.873+0000] {processor.py:175} INFO - Processing /home/airflow/.local/lib/python3.7/site-packages/airflow/example_dags/example_sensor_decorator.py took 0.067 seconds
[2023-03-20T11:23:43.333+0000] {processor.py:153} INFO - Started process (PID=1048) to work on /home/airflow/.local/lib/python3.7/site-packages/airflow/example_dags/example_sensor_decorator.py
[2023-03-20T11:23:43.334+0000] {processor.py:743} INFO - Processing file /home/airflow/.local/lib/python3.7/site-packages/airflow/example_dags/example_sensor_decorator.py for tasks to queue
[2023-03-20T11:23:43.336+0000] {logging_mixin.py:137} INFO - [2023-03-20T11:23:43.336+0000] {dagbag.py:532} INFO - Filling up the DagBag from /home/airflow/.local/lib/python3.7/site-packages/airflow/example_dags/example_sensor_decorator.py
[2023-03-20T11:23:43.352+0000] {processor.py:753} INFO - DAG(s) dict_keys(['example_sensor_decorator']) retrieved from /home/airflow/.local/lib/python3.7/site-packages/airflow/example_dags/example_sensor_decorator.py
[2023-03-20T11:23:43.372+0000] {logging_mixin.py:137} INFO - [2023-03-20T11:23:43.372+0000] {dag.py:2693} INFO - Sync 1 DAGs
[2023-03-20T11:23:43.389+0000] {logging_mixin.py:137} INFO - [2023-03-20T11:23:43.389+0000] {dag.py:3444} INFO - Setting next_dagrun for example_sensor_decorator to None, run_after=None
[2023-03-20T11:23:43.401+0000] {processor.py:175} INFO - Processing /home/airflow/.local/lib/python3.7/site-packages/airflow/example_dags/example_sensor_decorator.py took 0.070 seconds
