[2023-03-20T11:13:30.107+0000] {processor.py:153} INFO - Started process (PID=43) to work on /home/airflow/.local/lib/python3.7/site-packages/airflow/example_dags/example_short_circuit_operator.py
[2023-03-20T11:13:30.116+0000] {processor.py:743} INFO - Processing file /home/airflow/.local/lib/python3.7/site-packages/airflow/example_dags/example_short_circuit_operator.py for tasks to queue
[2023-03-20T11:13:30.124+0000] {logging_mixin.py:137} INFO - [2023-03-20T11:13:30.123+0000] {dagbag.py:532} INFO - Filling up the DagBag from /home/airflow/.local/lib/python3.7/site-packages/airflow/example_dags/example_short_circuit_operator.py
[2023-03-20T11:13:30.173+0000] {processor.py:753} INFO - DAG(s) dict_keys(['example_short_circuit_operator']) retrieved from /home/airflow/.local/lib/python3.7/site-packages/airflow/example_dags/example_short_circuit_operator.py
[2023-03-20T11:13:30.217+0000] {logging_mixin.py:137} INFO - [2023-03-20T11:13:30.217+0000] {dag.py:2693} INFO - Sync 1 DAGs
[2023-03-20T11:13:30.310+0000] {logging_mixin.py:137} INFO - [2023-03-20T11:13:30.309+0000] {dag.py:3444} INFO - Setting next_dagrun for example_short_circuit_operator to 2023-03-19T11:13:30.308478+00:00, run_after=2023-03-20T11:13:30.308478+00:00
[2023-03-20T11:13:30.364+0000] {processor.py:175} INFO - Processing /home/airflow/.local/lib/python3.7/site-packages/airflow/example_dags/example_short_circuit_operator.py took 0.261 seconds
[2023-03-20T11:14:01.206+0000] {processor.py:153} INFO - Started process (PID=92) to work on /home/airflow/.local/lib/python3.7/site-packages/airflow/example_dags/example_short_circuit_operator.py
[2023-03-20T11:14:01.211+0000] {processor.py:743} INFO - Processing file /home/airflow/.local/lib/python3.7/site-packages/airflow/example_dags/example_short_circuit_operator.py for tasks to queue
[2023-03-20T11:14:01.215+0000] {logging_mixin.py:137} INFO - [2023-03-20T11:14:01.214+0000] {dagbag.py:532} INFO - Filling up the DagBag from /home/airflow/.local/lib/python3.7/site-packages/airflow/example_dags/example_short_circuit_operator.py
[2023-03-20T11:14:01.242+0000] {processor.py:753} INFO - DAG(s) dict_keys(['example_short_circuit_operator']) retrieved from /home/airflow/.local/lib/python3.7/site-packages/airflow/example_dags/example_short_circuit_operator.py
[2023-03-20T11:14:01.303+0000] {logging_mixin.py:137} INFO - [2023-03-20T11:14:01.303+0000] {dag.py:2693} INFO - Sync 1 DAGs
[2023-03-20T11:14:01.345+0000] {logging_mixin.py:137} INFO - [2023-03-20T11:14:01.345+0000] {dag.py:3444} INFO - Setting next_dagrun for example_short_circuit_operator to 2023-03-19T11:14:01.345237+00:00, run_after=2023-03-20T11:14:01.345237+00:00
[2023-03-20T11:14:01.367+0000] {processor.py:175} INFO - Processing /home/airflow/.local/lib/python3.7/site-packages/airflow/example_dags/example_short_circuit_operator.py took 0.172 seconds
[2023-03-20T11:14:32.252+0000] {processor.py:153} INFO - Started process (PID=142) to work on /home/airflow/.local/lib/python3.7/site-packages/airflow/example_dags/example_short_circuit_operator.py
[2023-03-20T11:14:32.254+0000] {processor.py:743} INFO - Processing file /home/airflow/.local/lib/python3.7/site-packages/airflow/example_dags/example_short_circuit_operator.py for tasks to queue
[2023-03-20T11:14:32.255+0000] {logging_mixin.py:137} INFO - [2023-03-20T11:14:32.255+0000] {dagbag.py:532} INFO - Filling up the DagBag from /home/airflow/.local/lib/python3.7/site-packages/airflow/example_dags/example_short_circuit_operator.py
[2023-03-20T11:14:32.274+0000] {processor.py:753} INFO - DAG(s) dict_keys(['example_short_circuit_operator']) retrieved from /home/airflow/.local/lib/python3.7/site-packages/airflow/example_dags/example_short_circuit_operator.py
[2023-03-20T11:14:32.290+0000] {logging_mixin.py:137} INFO - [2023-03-20T11:14:32.290+0000] {dag.py:2693} INFO - Sync 1 DAGs
[2023-03-20T11:14:32.309+0000] {logging_mixin.py:137} INFO - [2023-03-20T11:14:32.309+0000] {dag.py:3444} INFO - Setting next_dagrun for example_short_circuit_operator to 2023-03-19T11:14:32.309110+00:00, run_after=2023-03-20T11:14:32.309110+00:00
[2023-03-20T11:14:32.322+0000] {processor.py:175} INFO - Processing /home/airflow/.local/lib/python3.7/site-packages/airflow/example_dags/example_short_circuit_operator.py took 0.076 seconds
[2023-03-20T11:15:03.115+0000] {processor.py:153} INFO - Started process (PID=191) to work on /home/airflow/.local/lib/python3.7/site-packages/airflow/example_dags/example_short_circuit_operator.py
[2023-03-20T11:15:03.117+0000] {processor.py:743} INFO - Processing file /home/airflow/.local/lib/python3.7/site-packages/airflow/example_dags/example_short_circuit_operator.py for tasks to queue
[2023-03-20T11:15:03.118+0000] {logging_mixin.py:137} INFO - [2023-03-20T11:15:03.117+0000] {dagbag.py:532} INFO - Filling up the DagBag from /home/airflow/.local/lib/python3.7/site-packages/airflow/example_dags/example_short_circuit_operator.py
[2023-03-20T11:15:03.132+0000] {processor.py:753} INFO - DAG(s) dict_keys(['example_short_circuit_operator']) retrieved from /home/airflow/.local/lib/python3.7/site-packages/airflow/example_dags/example_short_circuit_operator.py
[2023-03-20T11:15:03.159+0000] {logging_mixin.py:137} INFO - [2023-03-20T11:15:03.159+0000] {dag.py:2693} INFO - Sync 1 DAGs
[2023-03-20T11:15:03.179+0000] {logging_mixin.py:137} INFO - [2023-03-20T11:15:03.179+0000] {dag.py:3444} INFO - Setting next_dagrun for example_short_circuit_operator to 2023-03-19T11:15:03.179554+00:00, run_after=2023-03-20T11:15:03.179554+00:00
[2023-03-20T11:15:03.193+0000] {processor.py:175} INFO - Processing /home/airflow/.local/lib/python3.7/site-packages/airflow/example_dags/example_short_circuit_operator.py took 0.083 seconds
[2023-03-20T11:15:33.974+0000] {processor.py:153} INFO - Started process (PID=240) to work on /home/airflow/.local/lib/python3.7/site-packages/airflow/example_dags/example_short_circuit_operator.py
[2023-03-20T11:15:33.977+0000] {processor.py:743} INFO - Processing file /home/airflow/.local/lib/python3.7/site-packages/airflow/example_dags/example_short_circuit_operator.py for tasks to queue
[2023-03-20T11:15:33.979+0000] {logging_mixin.py:137} INFO - [2023-03-20T11:15:33.978+0000] {dagbag.py:532} INFO - Filling up the DagBag from /home/airflow/.local/lib/python3.7/site-packages/airflow/example_dags/example_short_circuit_operator.py
[2023-03-20T11:15:34.014+0000] {processor.py:753} INFO - DAG(s) dict_keys(['example_short_circuit_operator']) retrieved from /home/airflow/.local/lib/python3.7/site-packages/airflow/example_dags/example_short_circuit_operator.py
[2023-03-20T11:15:34.051+0000] {logging_mixin.py:137} INFO - [2023-03-20T11:15:34.051+0000] {dag.py:2693} INFO - Sync 1 DAGs
[2023-03-20T11:15:34.072+0000] {logging_mixin.py:137} INFO - [2023-03-20T11:15:34.072+0000] {dag.py:3444} INFO - Setting next_dagrun for example_short_circuit_operator to 2023-03-19T11:15:34.072175+00:00, run_after=2023-03-20T11:15:34.072175+00:00
[2023-03-20T11:15:34.088+0000] {processor.py:175} INFO - Processing /home/airflow/.local/lib/python3.7/site-packages/airflow/example_dags/example_short_circuit_operator.py took 0.120 seconds
[2023-03-20T11:16:04.412+0000] {processor.py:153} INFO - Started process (PID=289) to work on /home/airflow/.local/lib/python3.7/site-packages/airflow/example_dags/example_short_circuit_operator.py
[2023-03-20T11:16:04.414+0000] {processor.py:743} INFO - Processing file /home/airflow/.local/lib/python3.7/site-packages/airflow/example_dags/example_short_circuit_operator.py for tasks to queue
[2023-03-20T11:16:04.415+0000] {logging_mixin.py:137} INFO - [2023-03-20T11:16:04.415+0000] {dagbag.py:532} INFO - Filling up the DagBag from /home/airflow/.local/lib/python3.7/site-packages/airflow/example_dags/example_short_circuit_operator.py
[2023-03-20T11:16:04.432+0000] {processor.py:753} INFO - DAG(s) dict_keys(['example_short_circuit_operator']) retrieved from /home/airflow/.local/lib/python3.7/site-packages/airflow/example_dags/example_short_circuit_operator.py
[2023-03-20T11:16:04.458+0000] {logging_mixin.py:137} INFO - [2023-03-20T11:16:04.458+0000] {dag.py:2693} INFO - Sync 1 DAGs
[2023-03-20T11:16:04.475+0000] {logging_mixin.py:137} INFO - [2023-03-20T11:16:04.475+0000] {dag.py:3444} INFO - Setting next_dagrun for example_short_circuit_operator to 2023-03-19T11:16:04.474862+00:00, run_after=2023-03-20T11:16:04.474862+00:00
[2023-03-20T11:16:04.487+0000] {processor.py:175} INFO - Processing /home/airflow/.local/lib/python3.7/site-packages/airflow/example_dags/example_short_circuit_operator.py took 0.082 seconds
[2023-03-20T11:16:34.822+0000] {processor.py:153} INFO - Started process (PID=338) to work on /home/airflow/.local/lib/python3.7/site-packages/airflow/example_dags/example_short_circuit_operator.py
[2023-03-20T11:16:34.825+0000] {processor.py:743} INFO - Processing file /home/airflow/.local/lib/python3.7/site-packages/airflow/example_dags/example_short_circuit_operator.py for tasks to queue
[2023-03-20T11:16:34.827+0000] {logging_mixin.py:137} INFO - [2023-03-20T11:16:34.827+0000] {dagbag.py:532} INFO - Filling up the DagBag from /home/airflow/.local/lib/python3.7/site-packages/airflow/example_dags/example_short_circuit_operator.py
[2023-03-20T11:16:34.879+0000] {processor.py:753} INFO - DAG(s) dict_keys(['example_short_circuit_operator']) retrieved from /home/airflow/.local/lib/python3.7/site-packages/airflow/example_dags/example_short_circuit_operator.py
[2023-03-20T11:16:34.914+0000] {logging_mixin.py:137} INFO - [2023-03-20T11:16:34.914+0000] {dag.py:2693} INFO - Sync 1 DAGs
[2023-03-20T11:16:34.934+0000] {logging_mixin.py:137} INFO - [2023-03-20T11:16:34.934+0000] {dag.py:3444} INFO - Setting next_dagrun for example_short_circuit_operator to 2023-03-19T11:16:34.934019+00:00, run_after=2023-03-20T11:16:34.934019+00:00
[2023-03-20T11:16:34.947+0000] {processor.py:175} INFO - Processing /home/airflow/.local/lib/python3.7/site-packages/airflow/example_dags/example_short_circuit_operator.py took 0.156 seconds
[2023-03-20T11:17:05.350+0000] {processor.py:153} INFO - Started process (PID=387) to work on /home/airflow/.local/lib/python3.7/site-packages/airflow/example_dags/example_short_circuit_operator.py
[2023-03-20T11:17:05.351+0000] {processor.py:743} INFO - Processing file /home/airflow/.local/lib/python3.7/site-packages/airflow/example_dags/example_short_circuit_operator.py for tasks to queue
[2023-03-20T11:17:05.352+0000] {logging_mixin.py:137} INFO - [2023-03-20T11:17:05.352+0000] {dagbag.py:532} INFO - Filling up the DagBag from /home/airflow/.local/lib/python3.7/site-packages/airflow/example_dags/example_short_circuit_operator.py
[2023-03-20T11:17:05.364+0000] {processor.py:753} INFO - DAG(s) dict_keys(['example_short_circuit_operator']) retrieved from /home/airflow/.local/lib/python3.7/site-packages/airflow/example_dags/example_short_circuit_operator.py
[2023-03-20T11:17:05.393+0000] {logging_mixin.py:137} INFO - [2023-03-20T11:17:05.393+0000] {dag.py:2693} INFO - Sync 1 DAGs
[2023-03-20T11:17:05.415+0000] {logging_mixin.py:137} INFO - [2023-03-20T11:17:05.415+0000] {dag.py:3444} INFO - Setting next_dagrun for example_short_circuit_operator to 2023-03-19T11:17:05.415322+00:00, run_after=2023-03-20T11:17:05.415322+00:00
[2023-03-20T11:17:05.432+0000] {processor.py:175} INFO - Processing /home/airflow/.local/lib/python3.7/site-packages/airflow/example_dags/example_short_circuit_operator.py took 0.085 seconds
[2023-03-20T11:17:36.328+0000] {processor.py:153} INFO - Started process (PID=436) to work on /home/airflow/.local/lib/python3.7/site-packages/airflow/example_dags/example_short_circuit_operator.py
[2023-03-20T11:17:36.330+0000] {processor.py:743} INFO - Processing file /home/airflow/.local/lib/python3.7/site-packages/airflow/example_dags/example_short_circuit_operator.py for tasks to queue
[2023-03-20T11:17:36.331+0000] {logging_mixin.py:137} INFO - [2023-03-20T11:17:36.331+0000] {dagbag.py:532} INFO - Filling up the DagBag from /home/airflow/.local/lib/python3.7/site-packages/airflow/example_dags/example_short_circuit_operator.py
[2023-03-20T11:17:36.349+0000] {processor.py:753} INFO - DAG(s) dict_keys(['example_short_circuit_operator']) retrieved from /home/airflow/.local/lib/python3.7/site-packages/airflow/example_dags/example_short_circuit_operator.py
[2023-03-20T11:17:36.373+0000] {logging_mixin.py:137} INFO - [2023-03-20T11:17:36.373+0000] {dag.py:2693} INFO - Sync 1 DAGs
[2023-03-20T11:17:36.390+0000] {logging_mixin.py:137} INFO - [2023-03-20T11:17:36.390+0000] {dag.py:3444} INFO - Setting next_dagrun for example_short_circuit_operator to 2023-03-19T11:17:36.389925+00:00, run_after=2023-03-20T11:17:36.389925+00:00
[2023-03-20T11:17:36.402+0000] {processor.py:175} INFO - Processing /home/airflow/.local/lib/python3.7/site-packages/airflow/example_dags/example_short_circuit_operator.py took 0.081 seconds
[2023-03-20T11:18:06.769+0000] {processor.py:153} INFO - Started process (PID=485) to work on /home/airflow/.local/lib/python3.7/site-packages/airflow/example_dags/example_short_circuit_operator.py
[2023-03-20T11:18:06.771+0000] {processor.py:743} INFO - Processing file /home/airflow/.local/lib/python3.7/site-packages/airflow/example_dags/example_short_circuit_operator.py for tasks to queue
[2023-03-20T11:18:06.772+0000] {logging_mixin.py:137} INFO - [2023-03-20T11:18:06.772+0000] {dagbag.py:532} INFO - Filling up the DagBag from /home/airflow/.local/lib/python3.7/site-packages/airflow/example_dags/example_short_circuit_operator.py
[2023-03-20T11:18:06.790+0000] {processor.py:753} INFO - DAG(s) dict_keys(['example_short_circuit_operator']) retrieved from /home/airflow/.local/lib/python3.7/site-packages/airflow/example_dags/example_short_circuit_operator.py
[2023-03-20T11:18:06.815+0000] {logging_mixin.py:137} INFO - [2023-03-20T11:18:06.815+0000] {dag.py:2693} INFO - Sync 1 DAGs
[2023-03-20T11:18:06.832+0000] {logging_mixin.py:137} INFO - [2023-03-20T11:18:06.832+0000] {dag.py:3444} INFO - Setting next_dagrun for example_short_circuit_operator to 2023-03-19T11:18:06.832120+00:00, run_after=2023-03-20T11:18:06.832120+00:00
[2023-03-20T11:18:06.844+0000] {processor.py:175} INFO - Processing /home/airflow/.local/lib/python3.7/site-packages/airflow/example_dags/example_short_circuit_operator.py took 0.081 seconds
[2023-03-20T11:18:37.653+0000] {processor.py:153} INFO - Started process (PID=534) to work on /home/airflow/.local/lib/python3.7/site-packages/airflow/example_dags/example_short_circuit_operator.py
[2023-03-20T11:18:37.655+0000] {processor.py:743} INFO - Processing file /home/airflow/.local/lib/python3.7/site-packages/airflow/example_dags/example_short_circuit_operator.py for tasks to queue
[2023-03-20T11:18:37.656+0000] {logging_mixin.py:137} INFO - [2023-03-20T11:18:37.656+0000] {dagbag.py:532} INFO - Filling up the DagBag from /home/airflow/.local/lib/python3.7/site-packages/airflow/example_dags/example_short_circuit_operator.py
[2023-03-20T11:18:37.674+0000] {processor.py:753} INFO - DAG(s) dict_keys(['example_short_circuit_operator']) retrieved from /home/airflow/.local/lib/python3.7/site-packages/airflow/example_dags/example_short_circuit_operator.py
[2023-03-20T11:18:37.698+0000] {logging_mixin.py:137} INFO - [2023-03-20T11:18:37.698+0000] {dag.py:2693} INFO - Sync 1 DAGs
[2023-03-20T11:18:37.714+0000] {logging_mixin.py:137} INFO - [2023-03-20T11:18:37.714+0000] {dag.py:3444} INFO - Setting next_dagrun for example_short_circuit_operator to 2023-03-19T11:18:37.713845+00:00, run_after=2023-03-20T11:18:37.713845+00:00
[2023-03-20T11:18:37.726+0000] {processor.py:175} INFO - Processing /home/airflow/.local/lib/python3.7/site-packages/airflow/example_dags/example_short_circuit_operator.py took 0.078 seconds
[2023-03-20T11:19:08.040+0000] {processor.py:153} INFO - Started process (PID=583) to work on /home/airflow/.local/lib/python3.7/site-packages/airflow/example_dags/example_short_circuit_operator.py
[2023-03-20T11:19:08.042+0000] {processor.py:743} INFO - Processing file /home/airflow/.local/lib/python3.7/site-packages/airflow/example_dags/example_short_circuit_operator.py for tasks to queue
[2023-03-20T11:19:08.044+0000] {logging_mixin.py:137} INFO - [2023-03-20T11:19:08.044+0000] {dagbag.py:532} INFO - Filling up the DagBag from /home/airflow/.local/lib/python3.7/site-packages/airflow/example_dags/example_short_circuit_operator.py
[2023-03-20T11:19:08.062+0000] {processor.py:753} INFO - DAG(s) dict_keys(['example_short_circuit_operator']) retrieved from /home/airflow/.local/lib/python3.7/site-packages/airflow/example_dags/example_short_circuit_operator.py
[2023-03-20T11:19:08.086+0000] {logging_mixin.py:137} INFO - [2023-03-20T11:19:08.086+0000] {dag.py:2693} INFO - Sync 1 DAGs
[2023-03-20T11:19:08.102+0000] {logging_mixin.py:137} INFO - [2023-03-20T11:19:08.102+0000] {dag.py:3444} INFO - Setting next_dagrun for example_short_circuit_operator to 2023-03-19T11:19:08.102250+00:00, run_after=2023-03-20T11:19:08.102250+00:00
[2023-03-20T11:19:08.114+0000] {processor.py:175} INFO - Processing /home/airflow/.local/lib/python3.7/site-packages/airflow/example_dags/example_short_circuit_operator.py took 0.080 seconds
[2023-03-20T11:19:38.406+0000] {processor.py:153} INFO - Started process (PID=632) to work on /home/airflow/.local/lib/python3.7/site-packages/airflow/example_dags/example_short_circuit_operator.py
[2023-03-20T11:19:38.408+0000] {processor.py:743} INFO - Processing file /home/airflow/.local/lib/python3.7/site-packages/airflow/example_dags/example_short_circuit_operator.py for tasks to queue
[2023-03-20T11:19:38.409+0000] {logging_mixin.py:137} INFO - [2023-03-20T11:19:38.409+0000] {dagbag.py:532} INFO - Filling up the DagBag from /home/airflow/.local/lib/python3.7/site-packages/airflow/example_dags/example_short_circuit_operator.py
[2023-03-20T11:19:38.427+0000] {processor.py:753} INFO - DAG(s) dict_keys(['example_short_circuit_operator']) retrieved from /home/airflow/.local/lib/python3.7/site-packages/airflow/example_dags/example_short_circuit_operator.py
[2023-03-20T11:19:38.452+0000] {logging_mixin.py:137} INFO - [2023-03-20T11:19:38.452+0000] {dag.py:2693} INFO - Sync 1 DAGs
[2023-03-20T11:19:38.468+0000] {logging_mixin.py:137} INFO - [2023-03-20T11:19:38.468+0000] {dag.py:3444} INFO - Setting next_dagrun for example_short_circuit_operator to 2023-03-19T11:19:38.468596+00:00, run_after=2023-03-20T11:19:38.468596+00:00
[2023-03-20T11:19:38.480+0000] {processor.py:175} INFO - Processing /home/airflow/.local/lib/python3.7/site-packages/airflow/example_dags/example_short_circuit_operator.py took 0.080 seconds
[2023-03-20T11:20:08.751+0000] {processor.py:153} INFO - Started process (PID=681) to work on /home/airflow/.local/lib/python3.7/site-packages/airflow/example_dags/example_short_circuit_operator.py
[2023-03-20T11:20:08.753+0000] {processor.py:743} INFO - Processing file /home/airflow/.local/lib/python3.7/site-packages/airflow/example_dags/example_short_circuit_operator.py for tasks to queue
[2023-03-20T11:20:08.754+0000] {logging_mixin.py:137} INFO - [2023-03-20T11:20:08.754+0000] {dagbag.py:532} INFO - Filling up the DagBag from /home/airflow/.local/lib/python3.7/site-packages/airflow/example_dags/example_short_circuit_operator.py
[2023-03-20T11:20:08.772+0000] {processor.py:753} INFO - DAG(s) dict_keys(['example_short_circuit_operator']) retrieved from /home/airflow/.local/lib/python3.7/site-packages/airflow/example_dags/example_short_circuit_operator.py
[2023-03-20T11:20:08.797+0000] {logging_mixin.py:137} INFO - [2023-03-20T11:20:08.797+0000] {dag.py:2693} INFO - Sync 1 DAGs
[2023-03-20T11:20:08.813+0000] {logging_mixin.py:137} INFO - [2023-03-20T11:20:08.812+0000] {dag.py:3444} INFO - Setting next_dagrun for example_short_circuit_operator to 2023-03-19T11:20:08.812773+00:00, run_after=2023-03-20T11:20:08.812773+00:00
[2023-03-20T11:20:08.827+0000] {processor.py:175} INFO - Processing /home/airflow/.local/lib/python3.7/site-packages/airflow/example_dags/example_short_circuit_operator.py took 0.081 seconds
[2023-03-20T11:20:39.225+0000] {processor.py:153} INFO - Started process (PID=730) to work on /home/airflow/.local/lib/python3.7/site-packages/airflow/example_dags/example_short_circuit_operator.py
[2023-03-20T11:20:39.227+0000] {processor.py:743} INFO - Processing file /home/airflow/.local/lib/python3.7/site-packages/airflow/example_dags/example_short_circuit_operator.py for tasks to queue
[2023-03-20T11:20:39.229+0000] {logging_mixin.py:137} INFO - [2023-03-20T11:20:39.229+0000] {dagbag.py:532} INFO - Filling up the DagBag from /home/airflow/.local/lib/python3.7/site-packages/airflow/example_dags/example_short_circuit_operator.py
[2023-03-20T11:20:39.249+0000] {processor.py:753} INFO - DAG(s) dict_keys(['example_short_circuit_operator']) retrieved from /home/airflow/.local/lib/python3.7/site-packages/airflow/example_dags/example_short_circuit_operator.py
[2023-03-20T11:20:39.277+0000] {logging_mixin.py:137} INFO - [2023-03-20T11:20:39.277+0000] {dag.py:2693} INFO - Sync 1 DAGs
[2023-03-20T11:20:39.294+0000] {logging_mixin.py:137} INFO - [2023-03-20T11:20:39.294+0000] {dag.py:3444} INFO - Setting next_dagrun for example_short_circuit_operator to 2023-03-19T11:20:39.293793+00:00, run_after=2023-03-20T11:20:39.293793+00:00
[2023-03-20T11:20:39.306+0000] {processor.py:175} INFO - Processing /home/airflow/.local/lib/python3.7/site-packages/airflow/example_dags/example_short_circuit_operator.py took 0.088 seconds
[2023-03-20T11:21:09.517+0000] {processor.py:153} INFO - Started process (PID=779) to work on /home/airflow/.local/lib/python3.7/site-packages/airflow/example_dags/example_short_circuit_operator.py
[2023-03-20T11:21:09.519+0000] {processor.py:743} INFO - Processing file /home/airflow/.local/lib/python3.7/site-packages/airflow/example_dags/example_short_circuit_operator.py for tasks to queue
[2023-03-20T11:21:09.520+0000] {logging_mixin.py:137} INFO - [2023-03-20T11:21:09.520+0000] {dagbag.py:532} INFO - Filling up the DagBag from /home/airflow/.local/lib/python3.7/site-packages/airflow/example_dags/example_short_circuit_operator.py
[2023-03-20T11:21:09.537+0000] {processor.py:753} INFO - DAG(s) dict_keys(['example_short_circuit_operator']) retrieved from /home/airflow/.local/lib/python3.7/site-packages/airflow/example_dags/example_short_circuit_operator.py
[2023-03-20T11:21:09.561+0000] {logging_mixin.py:137} INFO - [2023-03-20T11:21:09.561+0000] {dag.py:2693} INFO - Sync 1 DAGs
[2023-03-20T11:21:09.577+0000] {logging_mixin.py:137} INFO - [2023-03-20T11:21:09.577+0000] {dag.py:3444} INFO - Setting next_dagrun for example_short_circuit_operator to 2023-03-19T11:21:09.577667+00:00, run_after=2023-03-20T11:21:09.577667+00:00
[2023-03-20T11:21:09.590+0000] {processor.py:175} INFO - Processing /home/airflow/.local/lib/python3.7/site-packages/airflow/example_dags/example_short_circuit_operator.py took 0.078 seconds
[2023-03-20T11:21:39.937+0000] {processor.py:153} INFO - Started process (PID=828) to work on /home/airflow/.local/lib/python3.7/site-packages/airflow/example_dags/example_short_circuit_operator.py
[2023-03-20T11:21:39.939+0000] {processor.py:743} INFO - Processing file /home/airflow/.local/lib/python3.7/site-packages/airflow/example_dags/example_short_circuit_operator.py for tasks to queue
[2023-03-20T11:21:39.940+0000] {logging_mixin.py:137} INFO - [2023-03-20T11:21:39.940+0000] {dagbag.py:532} INFO - Filling up the DagBag from /home/airflow/.local/lib/python3.7/site-packages/airflow/example_dags/example_short_circuit_operator.py
[2023-03-20T11:21:39.958+0000] {processor.py:753} INFO - DAG(s) dict_keys(['example_short_circuit_operator']) retrieved from /home/airflow/.local/lib/python3.7/site-packages/airflow/example_dags/example_short_circuit_operator.py
[2023-03-20T11:21:39.983+0000] {logging_mixin.py:137} INFO - [2023-03-20T11:21:39.983+0000] {dag.py:2693} INFO - Sync 1 DAGs
[2023-03-20T11:21:40.000+0000] {logging_mixin.py:137} INFO - [2023-03-20T11:21:40.000+0000] {dag.py:3444} INFO - Setting next_dagrun for example_short_circuit_operator to 2023-03-19T11:21:40.000059+00:00, run_after=2023-03-20T11:21:40.000059+00:00
[2023-03-20T11:21:40.011+0000] {processor.py:175} INFO - Processing /home/airflow/.local/lib/python3.7/site-packages/airflow/example_dags/example_short_circuit_operator.py took 0.080 seconds
[2023-03-20T11:22:10.271+0000] {processor.py:153} INFO - Started process (PID=877) to work on /home/airflow/.local/lib/python3.7/site-packages/airflow/example_dags/example_short_circuit_operator.py
[2023-03-20T11:22:10.273+0000] {processor.py:743} INFO - Processing file /home/airflow/.local/lib/python3.7/site-packages/airflow/example_dags/example_short_circuit_operator.py for tasks to queue
[2023-03-20T11:22:10.275+0000] {logging_mixin.py:137} INFO - [2023-03-20T11:22:10.275+0000] {dagbag.py:532} INFO - Filling up the DagBag from /home/airflow/.local/lib/python3.7/site-packages/airflow/example_dags/example_short_circuit_operator.py
[2023-03-20T11:22:10.294+0000] {processor.py:753} INFO - DAG(s) dict_keys(['example_short_circuit_operator']) retrieved from /home/airflow/.local/lib/python3.7/site-packages/airflow/example_dags/example_short_circuit_operator.py
[2023-03-20T11:22:10.319+0000] {logging_mixin.py:137} INFO - [2023-03-20T11:22:10.319+0000] {dag.py:2693} INFO - Sync 1 DAGs
[2023-03-20T11:22:10.335+0000] {logging_mixin.py:137} INFO - [2023-03-20T11:22:10.335+0000] {dag.py:3444} INFO - Setting next_dagrun for example_short_circuit_operator to 2023-03-19T11:22:10.335317+00:00, run_after=2023-03-20T11:22:10.335317+00:00
[2023-03-20T11:22:10.347+0000] {processor.py:175} INFO - Processing /home/airflow/.local/lib/python3.7/site-packages/airflow/example_dags/example_short_circuit_operator.py took 0.081 seconds
[2023-03-20T11:22:40.786+0000] {processor.py:153} INFO - Started process (PID=926) to work on /home/airflow/.local/lib/python3.7/site-packages/airflow/example_dags/example_short_circuit_operator.py
[2023-03-20T11:22:40.787+0000] {processor.py:743} INFO - Processing file /home/airflow/.local/lib/python3.7/site-packages/airflow/example_dags/example_short_circuit_operator.py for tasks to queue
[2023-03-20T11:22:40.789+0000] {logging_mixin.py:137} INFO - [2023-03-20T11:22:40.789+0000] {dagbag.py:532} INFO - Filling up the DagBag from /home/airflow/.local/lib/python3.7/site-packages/airflow/example_dags/example_short_circuit_operator.py
[2023-03-20T11:22:40.809+0000] {processor.py:753} INFO - DAG(s) dict_keys(['example_short_circuit_operator']) retrieved from /home/airflow/.local/lib/python3.7/site-packages/airflow/example_dags/example_short_circuit_operator.py
[2023-03-20T11:22:40.848+0000] {logging_mixin.py:137} INFO - [2023-03-20T11:22:40.848+0000] {dag.py:2693} INFO - Sync 1 DAGs
[2023-03-20T11:22:40.890+0000] {logging_mixin.py:137} INFO - [2023-03-20T11:22:40.890+0000] {dag.py:3444} INFO - Setting next_dagrun for example_short_circuit_operator to 2023-03-19T11:22:40.889794+00:00, run_after=2023-03-20T11:22:40.889794+00:00
[2023-03-20T11:22:40.918+0000] {processor.py:175} INFO - Processing /home/airflow/.local/lib/python3.7/site-packages/airflow/example_dags/example_short_circuit_operator.py took 0.138 seconds
[2023-03-20T11:23:11.646+0000] {processor.py:153} INFO - Started process (PID=975) to work on /home/airflow/.local/lib/python3.7/site-packages/airflow/example_dags/example_short_circuit_operator.py
[2023-03-20T11:23:11.648+0000] {processor.py:743} INFO - Processing file /home/airflow/.local/lib/python3.7/site-packages/airflow/example_dags/example_short_circuit_operator.py for tasks to queue
[2023-03-20T11:23:11.649+0000] {logging_mixin.py:137} INFO - [2023-03-20T11:23:11.649+0000] {dagbag.py:532} INFO - Filling up the DagBag from /home/airflow/.local/lib/python3.7/site-packages/airflow/example_dags/example_short_circuit_operator.py
[2023-03-20T11:23:11.668+0000] {processor.py:753} INFO - DAG(s) dict_keys(['example_short_circuit_operator']) retrieved from /home/airflow/.local/lib/python3.7/site-packages/airflow/example_dags/example_short_circuit_operator.py
[2023-03-20T11:23:11.693+0000] {logging_mixin.py:137} INFO - [2023-03-20T11:23:11.693+0000] {dag.py:2693} INFO - Sync 1 DAGs
[2023-03-20T11:23:11.709+0000] {logging_mixin.py:137} INFO - [2023-03-20T11:23:11.709+0000] {dag.py:3444} INFO - Setting next_dagrun for example_short_circuit_operator to 2023-03-19T11:23:11.708923+00:00, run_after=2023-03-20T11:23:11.708923+00:00
[2023-03-20T11:23:11.721+0000] {processor.py:175} INFO - Processing /home/airflow/.local/lib/python3.7/site-packages/airflow/example_dags/example_short_circuit_operator.py took 0.081 seconds
[2023-03-20T11:23:42.112+0000] {processor.py:153} INFO - Started process (PID=1024) to work on /home/airflow/.local/lib/python3.7/site-packages/airflow/example_dags/example_short_circuit_operator.py
[2023-03-20T11:23:42.115+0000] {processor.py:743} INFO - Processing file /home/airflow/.local/lib/python3.7/site-packages/airflow/example_dags/example_short_circuit_operator.py for tasks to queue
[2023-03-20T11:23:42.116+0000] {logging_mixin.py:137} INFO - [2023-03-20T11:23:42.116+0000] {dagbag.py:532} INFO - Filling up the DagBag from /home/airflow/.local/lib/python3.7/site-packages/airflow/example_dags/example_short_circuit_operator.py
[2023-03-20T11:23:42.133+0000] {processor.py:753} INFO - DAG(s) dict_keys(['example_short_circuit_operator']) retrieved from /home/airflow/.local/lib/python3.7/site-packages/airflow/example_dags/example_short_circuit_operator.py
[2023-03-20T11:23:42.157+0000] {logging_mixin.py:137} INFO - [2023-03-20T11:23:42.157+0000] {dag.py:2693} INFO - Sync 1 DAGs
[2023-03-20T11:23:42.172+0000] {logging_mixin.py:137} INFO - [2023-03-20T11:23:42.172+0000] {dag.py:3444} INFO - Setting next_dagrun for example_short_circuit_operator to 2023-03-19T11:23:42.172284+00:00, run_after=2023-03-20T11:23:42.172284+00:00
[2023-03-20T11:23:42.185+0000] {processor.py:175} INFO - Processing /home/airflow/.local/lib/python3.7/site-packages/airflow/example_dags/example_short_circuit_operator.py took 0.083 seconds
[2023-03-20 11:37:59,871] {scheduler_job.py:182} INFO - Started process (PID=42) to work on /home/airflow/.local/lib/python3.6/site-packages/airflow/example_dags/example_short_circuit_operator.py
[2023-03-20 11:37:59,874] {scheduler_job.py:629} INFO - Processing file /home/airflow/.local/lib/python3.6/site-packages/airflow/example_dags/example_short_circuit_operator.py for tasks to queue
[2023-03-20 11:37:59,876] {logging_mixin.py:104} INFO - [2023-03-20 11:37:59,876] {dagbag.py:451} INFO - Filling up the DagBag from /home/airflow/.local/lib/python3.6/site-packages/airflow/example_dags/example_short_circuit_operator.py
[2023-03-20 11:37:59,895] {scheduler_job.py:639} INFO - DAG(s) dict_keys(['example_short_circuit_operator']) retrieved from /home/airflow/.local/lib/python3.6/site-packages/airflow/example_dags/example_short_circuit_operator.py
[2023-03-20 11:37:59,957] {logging_mixin.py:104} INFO - [2023-03-20 11:37:59,957] {dag.py:1824} INFO - Sync 1 DAGs
[2023-03-20 11:37:59,984] {logging_mixin.py:104} INFO - [2023-03-20 11:37:59,984] {dag.py:1843} INFO - Creating ORM DAG for example_short_circuit_operator
[2023-03-20 11:38:00,009] {logging_mixin.py:104} INFO - [2023-03-20 11:38:00,009] {dag.py:2280} INFO - Setting next_dagrun for example_short_circuit_operator to 2023-03-18 00:00:00+00:00
[2023-03-20 11:38:00,068] {scheduler_job.py:190} INFO - Processing /home/airflow/.local/lib/python3.6/site-packages/airflow/example_dags/example_short_circuit_operator.py took 0.200 seconds
[2023-03-20 11:38:30,848] {scheduler_job.py:182} INFO - Started process (PID=68) to work on /home/airflow/.local/lib/python3.6/site-packages/airflow/example_dags/example_short_circuit_operator.py
[2023-03-20 11:38:30,850] {scheduler_job.py:629} INFO - Processing file /home/airflow/.local/lib/python3.6/site-packages/airflow/example_dags/example_short_circuit_operator.py for tasks to queue
[2023-03-20 11:38:30,851] {logging_mixin.py:104} INFO - [2023-03-20 11:38:30,851] {dagbag.py:451} INFO - Filling up the DagBag from /home/airflow/.local/lib/python3.6/site-packages/airflow/example_dags/example_short_circuit_operator.py
[2023-03-20 11:38:30,867] {scheduler_job.py:639} INFO - DAG(s) dict_keys(['example_short_circuit_operator']) retrieved from /home/airflow/.local/lib/python3.6/site-packages/airflow/example_dags/example_short_circuit_operator.py
[2023-03-20 11:38:30,892] {logging_mixin.py:104} INFO - [2023-03-20 11:38:30,892] {dag.py:1824} INFO - Sync 1 DAGs
[2023-03-20 11:38:30,906] {logging_mixin.py:104} INFO - [2023-03-20 11:38:30,906] {dag.py:2280} INFO - Setting next_dagrun for example_short_circuit_operator to 2023-03-18 00:00:00+00:00
[2023-03-20 11:38:30,913] {scheduler_job.py:190} INFO - Processing /home/airflow/.local/lib/python3.6/site-packages/airflow/example_dags/example_short_circuit_operator.py took 0.069 seconds
[2023-03-20 11:39:01,733] {scheduler_job.py:182} INFO - Started process (PID=94) to work on /home/airflow/.local/lib/python3.6/site-packages/airflow/example_dags/example_short_circuit_operator.py
[2023-03-20 11:39:01,735] {scheduler_job.py:629} INFO - Processing file /home/airflow/.local/lib/python3.6/site-packages/airflow/example_dags/example_short_circuit_operator.py for tasks to queue
[2023-03-20 11:39:01,736] {logging_mixin.py:104} INFO - [2023-03-20 11:39:01,736] {dagbag.py:451} INFO - Filling up the DagBag from /home/airflow/.local/lib/python3.6/site-packages/airflow/example_dags/example_short_circuit_operator.py
[2023-03-20 11:39:01,752] {scheduler_job.py:639} INFO - DAG(s) dict_keys(['example_short_circuit_operator']) retrieved from /home/airflow/.local/lib/python3.6/site-packages/airflow/example_dags/example_short_circuit_operator.py
[2023-03-20 11:39:01,778] {logging_mixin.py:104} INFO - [2023-03-20 11:39:01,777] {dag.py:1824} INFO - Sync 1 DAGs
[2023-03-20 11:39:01,797] {logging_mixin.py:104} INFO - [2023-03-20 11:39:01,797] {dag.py:2280} INFO - Setting next_dagrun for example_short_circuit_operator to 2023-03-18 00:00:00+00:00
[2023-03-20 11:39:01,805] {scheduler_job.py:190} INFO - Processing /home/airflow/.local/lib/python3.6/site-packages/airflow/example_dags/example_short_circuit_operator.py took 0.077 seconds
[2023-03-20 11:39:32,368] {scheduler_job.py:182} INFO - Started process (PID=120) to work on /home/airflow/.local/lib/python3.6/site-packages/airflow/example_dags/example_short_circuit_operator.py
[2023-03-20 11:39:32,373] {scheduler_job.py:629} INFO - Processing file /home/airflow/.local/lib/python3.6/site-packages/airflow/example_dags/example_short_circuit_operator.py for tasks to queue
[2023-03-20 11:39:32,376] {logging_mixin.py:104} INFO - [2023-03-20 11:39:32,376] {dagbag.py:451} INFO - Filling up the DagBag from /home/airflow/.local/lib/python3.6/site-packages/airflow/example_dags/example_short_circuit_operator.py
[2023-03-20 11:39:32,392] {scheduler_job.py:639} INFO - DAG(s) dict_keys(['example_short_circuit_operator']) retrieved from /home/airflow/.local/lib/python3.6/site-packages/airflow/example_dags/example_short_circuit_operator.py
[2023-03-20 11:39:32,415] {logging_mixin.py:104} INFO - [2023-03-20 11:39:32,415] {dag.py:1824} INFO - Sync 1 DAGs
[2023-03-20 11:39:32,429] {logging_mixin.py:104} INFO - [2023-03-20 11:39:32,429] {dag.py:2280} INFO - Setting next_dagrun for example_short_circuit_operator to 2023-03-18 00:00:00+00:00
[2023-03-20 11:39:32,436] {scheduler_job.py:190} INFO - Processing /home/airflow/.local/lib/python3.6/site-packages/airflow/example_dags/example_short_circuit_operator.py took 0.075 seconds
[2023-03-20 11:40:03,132] {scheduler_job.py:182} INFO - Started process (PID=146) to work on /home/airflow/.local/lib/python3.6/site-packages/airflow/example_dags/example_short_circuit_operator.py
[2023-03-20 11:40:03,135] {scheduler_job.py:629} INFO - Processing file /home/airflow/.local/lib/python3.6/site-packages/airflow/example_dags/example_short_circuit_operator.py for tasks to queue
[2023-03-20 11:40:03,137] {logging_mixin.py:104} INFO - [2023-03-20 11:40:03,137] {dagbag.py:451} INFO - Filling up the DagBag from /home/airflow/.local/lib/python3.6/site-packages/airflow/example_dags/example_short_circuit_operator.py
[2023-03-20 11:40:03,157] {scheduler_job.py:639} INFO - DAG(s) dict_keys(['example_short_circuit_operator']) retrieved from /home/airflow/.local/lib/python3.6/site-packages/airflow/example_dags/example_short_circuit_operator.py
[2023-03-20 11:40:03,181] {logging_mixin.py:104} INFO - [2023-03-20 11:40:03,181] {dag.py:1824} INFO - Sync 1 DAGs
[2023-03-20 11:40:03,198] {logging_mixin.py:104} INFO - [2023-03-20 11:40:03,198] {dag.py:2280} INFO - Setting next_dagrun for example_short_circuit_operator to 2023-03-18 00:00:00+00:00
[2023-03-20 11:40:03,211] {scheduler_job.py:190} INFO - Processing /home/airflow/.local/lib/python3.6/site-packages/airflow/example_dags/example_short_circuit_operator.py took 0.086 seconds
[2023-03-20 11:40:34,108] {scheduler_job.py:182} INFO - Started process (PID=172) to work on /home/airflow/.local/lib/python3.6/site-packages/airflow/example_dags/example_short_circuit_operator.py
[2023-03-20 11:40:34,110] {scheduler_job.py:629} INFO - Processing file /home/airflow/.local/lib/python3.6/site-packages/airflow/example_dags/example_short_circuit_operator.py for tasks to queue
[2023-03-20 11:40:34,112] {logging_mixin.py:104} INFO - [2023-03-20 11:40:34,112] {dagbag.py:451} INFO - Filling up the DagBag from /home/airflow/.local/lib/python3.6/site-packages/airflow/example_dags/example_short_circuit_operator.py
[2023-03-20 11:40:34,129] {scheduler_job.py:639} INFO - DAG(s) dict_keys(['example_short_circuit_operator']) retrieved from /home/airflow/.local/lib/python3.6/site-packages/airflow/example_dags/example_short_circuit_operator.py
[2023-03-20 11:40:34,157] {logging_mixin.py:104} INFO - [2023-03-20 11:40:34,157] {dag.py:1824} INFO - Sync 1 DAGs
[2023-03-20 11:40:34,169] {logging_mixin.py:104} INFO - [2023-03-20 11:40:34,168] {dag.py:2280} INFO - Setting next_dagrun for example_short_circuit_operator to 2023-03-18 00:00:00+00:00
[2023-03-20 11:40:34,175] {scheduler_job.py:190} INFO - Processing /home/airflow/.local/lib/python3.6/site-packages/airflow/example_dags/example_short_circuit_operator.py took 0.073 seconds
[2023-03-20 11:41:04,702] {scheduler_job.py:182} INFO - Started process (PID=198) to work on /home/airflow/.local/lib/python3.6/site-packages/airflow/example_dags/example_short_circuit_operator.py
[2023-03-20 11:41:04,704] {scheduler_job.py:629} INFO - Processing file /home/airflow/.local/lib/python3.6/site-packages/airflow/example_dags/example_short_circuit_operator.py for tasks to queue
[2023-03-20 11:41:04,706] {logging_mixin.py:104} INFO - [2023-03-20 11:41:04,706] {dagbag.py:451} INFO - Filling up the DagBag from /home/airflow/.local/lib/python3.6/site-packages/airflow/example_dags/example_short_circuit_operator.py
[2023-03-20 11:41:04,723] {scheduler_job.py:639} INFO - DAG(s) dict_keys(['example_short_circuit_operator']) retrieved from /home/airflow/.local/lib/python3.6/site-packages/airflow/example_dags/example_short_circuit_operator.py
[2023-03-20 11:41:04,750] {logging_mixin.py:104} INFO - [2023-03-20 11:41:04,750] {dag.py:1824} INFO - Sync 1 DAGs
[2023-03-20 11:41:04,761] {logging_mixin.py:104} INFO - [2023-03-20 11:41:04,761] {dag.py:2280} INFO - Setting next_dagrun for example_short_circuit_operator to 2023-03-18 00:00:00+00:00
[2023-03-20 11:41:04,769] {scheduler_job.py:190} INFO - Processing /home/airflow/.local/lib/python3.6/site-packages/airflow/example_dags/example_short_circuit_operator.py took 0.073 seconds
[2023-03-20 14:55:27,092] {scheduler_job.py:182} INFO - Started process (PID=45) to work on /home/airflow/.local/lib/python3.6/site-packages/airflow/example_dags/example_short_circuit_operator.py
[2023-03-20 14:55:27,096] {scheduler_job.py:629} INFO - Processing file /home/airflow/.local/lib/python3.6/site-packages/airflow/example_dags/example_short_circuit_operator.py for tasks to queue
[2023-03-20 14:55:27,099] {logging_mixin.py:104} INFO - [2023-03-20 14:55:27,098] {dagbag.py:451} INFO - Filling up the DagBag from /home/airflow/.local/lib/python3.6/site-packages/airflow/example_dags/example_short_circuit_operator.py
[2023-03-20 14:55:27,124] {scheduler_job.py:639} INFO - DAG(s) dict_keys(['example_short_circuit_operator']) retrieved from /home/airflow/.local/lib/python3.6/site-packages/airflow/example_dags/example_short_circuit_operator.py
[2023-03-20 14:55:27,189] {logging_mixin.py:104} INFO - [2023-03-20 14:55:27,189] {dag.py:1824} INFO - Sync 1 DAGs
[2023-03-20 14:55:27,223] {logging_mixin.py:104} INFO - [2023-03-20 14:55:27,223] {dag.py:1843} INFO - Creating ORM DAG for example_short_circuit_operator
[2023-03-20 14:55:27,236] {logging_mixin.py:104} INFO - [2023-03-20 14:55:27,236] {dag.py:2280} INFO - Setting next_dagrun for example_short_circuit_operator to 2023-03-18 00:00:00+00:00
[2023-03-20 14:55:27,272] {scheduler_job.py:190} INFO - Processing /home/airflow/.local/lib/python3.6/site-packages/airflow/example_dags/example_short_circuit_operator.py took 0.186 seconds
[2023-03-20 14:55:57,995] {scheduler_job.py:182} INFO - Started process (PID=71) to work on /home/airflow/.local/lib/python3.6/site-packages/airflow/example_dags/example_short_circuit_operator.py
[2023-03-20 14:55:57,997] {scheduler_job.py:629} INFO - Processing file /home/airflow/.local/lib/python3.6/site-packages/airflow/example_dags/example_short_circuit_operator.py for tasks to queue
[2023-03-20 14:55:57,998] {logging_mixin.py:104} INFO - [2023-03-20 14:55:57,997] {dagbag.py:451} INFO - Filling up the DagBag from /home/airflow/.local/lib/python3.6/site-packages/airflow/example_dags/example_short_circuit_operator.py
[2023-03-20 14:55:58,010] {scheduler_job.py:639} INFO - DAG(s) dict_keys(['example_short_circuit_operator']) retrieved from /home/airflow/.local/lib/python3.6/site-packages/airflow/example_dags/example_short_circuit_operator.py
[2023-03-20 14:55:58,030] {logging_mixin.py:104} INFO - [2023-03-20 14:55:58,030] {dag.py:1824} INFO - Sync 1 DAGs
[2023-03-20 14:55:58,048] {logging_mixin.py:104} INFO - [2023-03-20 14:55:58,048] {dag.py:2280} INFO - Setting next_dagrun for example_short_circuit_operator to 2023-03-18 00:00:00+00:00
[2023-03-20 14:55:58,059] {scheduler_job.py:190} INFO - Processing /home/airflow/.local/lib/python3.6/site-packages/airflow/example_dags/example_short_circuit_operator.py took 0.067 seconds
[2023-03-20 14:56:28,877] {scheduler_job.py:182} INFO - Started process (PID=103) to work on /home/airflow/.local/lib/python3.6/site-packages/airflow/example_dags/example_short_circuit_operator.py
[2023-03-20 14:56:28,878] {scheduler_job.py:629} INFO - Processing file /home/airflow/.local/lib/python3.6/site-packages/airflow/example_dags/example_short_circuit_operator.py for tasks to queue
[2023-03-20 14:56:28,879] {logging_mixin.py:104} INFO - [2023-03-20 14:56:28,879] {dagbag.py:451} INFO - Filling up the DagBag from /home/airflow/.local/lib/python3.6/site-packages/airflow/example_dags/example_short_circuit_operator.py
[2023-03-20 14:56:28,890] {scheduler_job.py:639} INFO - DAG(s) dict_keys(['example_short_circuit_operator']) retrieved from /home/airflow/.local/lib/python3.6/site-packages/airflow/example_dags/example_short_circuit_operator.py
[2023-03-20 14:56:28,917] {logging_mixin.py:104} INFO - [2023-03-20 14:56:28,917] {dag.py:1824} INFO - Sync 1 DAGs
[2023-03-20 14:56:28,932] {logging_mixin.py:104} INFO - [2023-03-20 14:56:28,932] {dag.py:2280} INFO - Setting next_dagrun for example_short_circuit_operator to 2023-03-18 00:00:00+00:00
[2023-03-20 14:56:28,939] {scheduler_job.py:190} INFO - Processing /home/airflow/.local/lib/python3.6/site-packages/airflow/example_dags/example_short_circuit_operator.py took 0.065 seconds
[2023-03-20 14:57:00,259] {scheduler_job.py:182} INFO - Started process (PID=129) to work on /home/airflow/.local/lib/python3.6/site-packages/airflow/example_dags/example_short_circuit_operator.py
[2023-03-20 14:57:00,261] {scheduler_job.py:629} INFO - Processing file /home/airflow/.local/lib/python3.6/site-packages/airflow/example_dags/example_short_circuit_operator.py for tasks to queue
[2023-03-20 14:57:00,267] {logging_mixin.py:104} INFO - [2023-03-20 14:57:00,266] {dagbag.py:451} INFO - Filling up the DagBag from /home/airflow/.local/lib/python3.6/site-packages/airflow/example_dags/example_short_circuit_operator.py
[2023-03-20 14:57:00,306] {scheduler_job.py:639} INFO - DAG(s) dict_keys(['example_short_circuit_operator']) retrieved from /home/airflow/.local/lib/python3.6/site-packages/airflow/example_dags/example_short_circuit_operator.py
[2023-03-20 14:57:00,361] {logging_mixin.py:104} INFO - [2023-03-20 14:57:00,361] {dag.py:1824} INFO - Sync 1 DAGs
[2023-03-20 14:57:00,399] {logging_mixin.py:104} INFO - [2023-03-20 14:57:00,398] {dag.py:2280} INFO - Setting next_dagrun for example_short_circuit_operator to 2023-03-18 00:00:00+00:00
[2023-03-20 14:57:00,425] {scheduler_job.py:190} INFO - Processing /home/airflow/.local/lib/python3.6/site-packages/airflow/example_dags/example_short_circuit_operator.py took 0.169 seconds
[2023-03-20 14:57:31,812] {scheduler_job.py:182} INFO - Started process (PID=157) to work on /home/airflow/.local/lib/python3.6/site-packages/airflow/example_dags/example_short_circuit_operator.py
[2023-03-20 14:57:31,823] {scheduler_job.py:629} INFO - Processing file /home/airflow/.local/lib/python3.6/site-packages/airflow/example_dags/example_short_circuit_operator.py for tasks to queue
[2023-03-20 14:57:31,828] {logging_mixin.py:104} INFO - [2023-03-20 14:57:31,828] {dagbag.py:451} INFO - Filling up the DagBag from /home/airflow/.local/lib/python3.6/site-packages/airflow/example_dags/example_short_circuit_operator.py
[2023-03-20 14:57:31,855] {scheduler_job.py:639} INFO - DAG(s) dict_keys(['example_short_circuit_operator']) retrieved from /home/airflow/.local/lib/python3.6/site-packages/airflow/example_dags/example_short_circuit_operator.py
[2023-03-20 14:57:31,881] {logging_mixin.py:104} INFO - [2023-03-20 14:57:31,881] {dag.py:1824} INFO - Sync 1 DAGs
[2023-03-20 14:57:31,939] {logging_mixin.py:104} INFO - [2023-03-20 14:57:31,938] {dag.py:2280} INFO - Setting next_dagrun for example_short_circuit_operator to 2023-03-18 00:00:00+00:00
[2023-03-20 14:57:31,959] {scheduler_job.py:190} INFO - Processing /home/airflow/.local/lib/python3.6/site-packages/airflow/example_dags/example_short_circuit_operator.py took 0.155 seconds
[2023-03-20 14:58:02,703] {scheduler_job.py:182} INFO - Started process (PID=183) to work on /home/airflow/.local/lib/python3.6/site-packages/airflow/example_dags/example_short_circuit_operator.py
[2023-03-20 14:58:02,705] {scheduler_job.py:629} INFO - Processing file /home/airflow/.local/lib/python3.6/site-packages/airflow/example_dags/example_short_circuit_operator.py for tasks to queue
[2023-03-20 14:58:02,706] {logging_mixin.py:104} INFO - [2023-03-20 14:58:02,706] {dagbag.py:451} INFO - Filling up the DagBag from /home/airflow/.local/lib/python3.6/site-packages/airflow/example_dags/example_short_circuit_operator.py
[2023-03-20 14:58:02,725] {scheduler_job.py:639} INFO - DAG(s) dict_keys(['example_short_circuit_operator']) retrieved from /home/airflow/.local/lib/python3.6/site-packages/airflow/example_dags/example_short_circuit_operator.py
[2023-03-20 14:58:02,757] {logging_mixin.py:104} INFO - [2023-03-20 14:58:02,757] {dag.py:1824} INFO - Sync 1 DAGs
[2023-03-20 14:58:02,770] {logging_mixin.py:104} INFO - [2023-03-20 14:58:02,770] {dag.py:2280} INFO - Setting next_dagrun for example_short_circuit_operator to 2023-03-18 00:00:00+00:00
[2023-03-20 14:58:02,784] {scheduler_job.py:190} INFO - Processing /home/airflow/.local/lib/python3.6/site-packages/airflow/example_dags/example_short_circuit_operator.py took 0.083 seconds
[2023-03-20 14:58:33,366] {scheduler_job.py:182} INFO - Started process (PID=209) to work on /home/airflow/.local/lib/python3.6/site-packages/airflow/example_dags/example_short_circuit_operator.py
[2023-03-20 14:58:33,369] {scheduler_job.py:629} INFO - Processing file /home/airflow/.local/lib/python3.6/site-packages/airflow/example_dags/example_short_circuit_operator.py for tasks to queue
[2023-03-20 14:58:33,371] {logging_mixin.py:104} INFO - [2023-03-20 14:58:33,371] {dagbag.py:451} INFO - Filling up the DagBag from /home/airflow/.local/lib/python3.6/site-packages/airflow/example_dags/example_short_circuit_operator.py
[2023-03-20 14:58:33,395] {scheduler_job.py:639} INFO - DAG(s) dict_keys(['example_short_circuit_operator']) retrieved from /home/airflow/.local/lib/python3.6/site-packages/airflow/example_dags/example_short_circuit_operator.py
[2023-03-20 14:58:33,422] {logging_mixin.py:104} INFO - [2023-03-20 14:58:33,422] {dag.py:1824} INFO - Sync 1 DAGs
[2023-03-20 14:58:33,434] {logging_mixin.py:104} INFO - [2023-03-20 14:58:33,433] {dag.py:2280} INFO - Setting next_dagrun for example_short_circuit_operator to 2023-03-18 00:00:00+00:00
[2023-03-20 14:58:33,442] {scheduler_job.py:190} INFO - Processing /home/airflow/.local/lib/python3.6/site-packages/airflow/example_dags/example_short_circuit_operator.py took 0.081 seconds
[2023-03-20 14:59:04,001] {scheduler_job.py:182} INFO - Started process (PID=235) to work on /home/airflow/.local/lib/python3.6/site-packages/airflow/example_dags/example_short_circuit_operator.py
[2023-03-20 14:59:04,003] {scheduler_job.py:629} INFO - Processing file /home/airflow/.local/lib/python3.6/site-packages/airflow/example_dags/example_short_circuit_operator.py for tasks to queue
[2023-03-20 14:59:04,005] {logging_mixin.py:104} INFO - [2023-03-20 14:59:04,004] {dagbag.py:451} INFO - Filling up the DagBag from /home/airflow/.local/lib/python3.6/site-packages/airflow/example_dags/example_short_circuit_operator.py
[2023-03-20 14:59:04,019] {scheduler_job.py:639} INFO - DAG(s) dict_keys(['example_short_circuit_operator']) retrieved from /home/airflow/.local/lib/python3.6/site-packages/airflow/example_dags/example_short_circuit_operator.py
[2023-03-20 14:59:04,044] {logging_mixin.py:104} INFO - [2023-03-20 14:59:04,044] {dag.py:1824} INFO - Sync 1 DAGs
[2023-03-20 14:59:04,056] {logging_mixin.py:104} INFO - [2023-03-20 14:59:04,056] {dag.py:2280} INFO - Setting next_dagrun for example_short_circuit_operator to 2023-03-18 00:00:00+00:00
[2023-03-20 14:59:04,064] {scheduler_job.py:190} INFO - Processing /home/airflow/.local/lib/python3.6/site-packages/airflow/example_dags/example_short_circuit_operator.py took 0.067 seconds
[2023-03-20 14:59:34,506] {scheduler_job.py:182} INFO - Started process (PID=261) to work on /home/airflow/.local/lib/python3.6/site-packages/airflow/example_dags/example_short_circuit_operator.py
[2023-03-20 14:59:34,508] {scheduler_job.py:629} INFO - Processing file /home/airflow/.local/lib/python3.6/site-packages/airflow/example_dags/example_short_circuit_operator.py for tasks to queue
[2023-03-20 14:59:34,509] {logging_mixin.py:104} INFO - [2023-03-20 14:59:34,508] {dagbag.py:451} INFO - Filling up the DagBag from /home/airflow/.local/lib/python3.6/site-packages/airflow/example_dags/example_short_circuit_operator.py
[2023-03-20 14:59:34,520] {scheduler_job.py:639} INFO - DAG(s) dict_keys(['example_short_circuit_operator']) retrieved from /home/airflow/.local/lib/python3.6/site-packages/airflow/example_dags/example_short_circuit_operator.py
[2023-03-20 14:59:34,545] {logging_mixin.py:104} INFO - [2023-03-20 14:59:34,545] {dag.py:1824} INFO - Sync 1 DAGs
[2023-03-20 14:59:34,556] {logging_mixin.py:104} INFO - [2023-03-20 14:59:34,556] {dag.py:2280} INFO - Setting next_dagrun for example_short_circuit_operator to 2023-03-18 00:00:00+00:00
[2023-03-20 14:59:34,563] {scheduler_job.py:190} INFO - Processing /home/airflow/.local/lib/python3.6/site-packages/airflow/example_dags/example_short_circuit_operator.py took 0.060 seconds
[2023-03-20 15:00:04,867] {scheduler_job.py:182} INFO - Started process (PID=287) to work on /home/airflow/.local/lib/python3.6/site-packages/airflow/example_dags/example_short_circuit_operator.py
[2023-03-20 15:00:04,869] {scheduler_job.py:629} INFO - Processing file /home/airflow/.local/lib/python3.6/site-packages/airflow/example_dags/example_short_circuit_operator.py for tasks to queue
[2023-03-20 15:00:04,870] {logging_mixin.py:104} INFO - [2023-03-20 15:00:04,870] {dagbag.py:451} INFO - Filling up the DagBag from /home/airflow/.local/lib/python3.6/site-packages/airflow/example_dags/example_short_circuit_operator.py
[2023-03-20 15:00:04,884] {scheduler_job.py:639} INFO - DAG(s) dict_keys(['example_short_circuit_operator']) retrieved from /home/airflow/.local/lib/python3.6/site-packages/airflow/example_dags/example_short_circuit_operator.py
[2023-03-20 15:00:04,905] {logging_mixin.py:104} INFO - [2023-03-20 15:00:04,905] {dag.py:1824} INFO - Sync 1 DAGs
[2023-03-20 15:00:04,916] {logging_mixin.py:104} INFO - [2023-03-20 15:00:04,916] {dag.py:2280} INFO - Setting next_dagrun for example_short_circuit_operator to 2023-03-18 00:00:00+00:00
[2023-03-20 15:00:04,924] {scheduler_job.py:190} INFO - Processing /home/airflow/.local/lib/python3.6/site-packages/airflow/example_dags/example_short_circuit_operator.py took 0.059 seconds
[2023-03-20 15:00:35,468] {scheduler_job.py:182} INFO - Started process (PID=313) to work on /home/airflow/.local/lib/python3.6/site-packages/airflow/example_dags/example_short_circuit_operator.py
[2023-03-20 15:00:35,469] {scheduler_job.py:629} INFO - Processing file /home/airflow/.local/lib/python3.6/site-packages/airflow/example_dags/example_short_circuit_operator.py for tasks to queue
[2023-03-20 15:00:35,470] {logging_mixin.py:104} INFO - [2023-03-20 15:00:35,470] {dagbag.py:451} INFO - Filling up the DagBag from /home/airflow/.local/lib/python3.6/site-packages/airflow/example_dags/example_short_circuit_operator.py
[2023-03-20 15:00:35,491] {scheduler_job.py:639} INFO - DAG(s) dict_keys(['example_short_circuit_operator']) retrieved from /home/airflow/.local/lib/python3.6/site-packages/airflow/example_dags/example_short_circuit_operator.py
[2023-03-20 15:00:35,514] {logging_mixin.py:104} INFO - [2023-03-20 15:00:35,514] {dag.py:1824} INFO - Sync 1 DAGs
[2023-03-20 15:00:35,526] {logging_mixin.py:104} INFO - [2023-03-20 15:00:35,525] {dag.py:2280} INFO - Setting next_dagrun for example_short_circuit_operator to 2023-03-18 00:00:00+00:00
[2023-03-20 15:00:35,533] {scheduler_job.py:190} INFO - Processing /home/airflow/.local/lib/python3.6/site-packages/airflow/example_dags/example_short_circuit_operator.py took 0.068 seconds
[2023-03-20 15:01:06,028] {scheduler_job.py:182} INFO - Started process (PID=339) to work on /home/airflow/.local/lib/python3.6/site-packages/airflow/example_dags/example_short_circuit_operator.py
[2023-03-20 15:01:06,029] {scheduler_job.py:629} INFO - Processing file /home/airflow/.local/lib/python3.6/site-packages/airflow/example_dags/example_short_circuit_operator.py for tasks to queue
[2023-03-20 15:01:06,030] {logging_mixin.py:104} INFO - [2023-03-20 15:01:06,030] {dagbag.py:451} INFO - Filling up the DagBag from /home/airflow/.local/lib/python3.6/site-packages/airflow/example_dags/example_short_circuit_operator.py
[2023-03-20 15:01:06,046] {scheduler_job.py:639} INFO - DAG(s) dict_keys(['example_short_circuit_operator']) retrieved from /home/airflow/.local/lib/python3.6/site-packages/airflow/example_dags/example_short_circuit_operator.py
[2023-03-20 15:01:06,067] {logging_mixin.py:104} INFO - [2023-03-20 15:01:06,067] {dag.py:1824} INFO - Sync 1 DAGs
[2023-03-20 15:01:06,078] {logging_mixin.py:104} INFO - [2023-03-20 15:01:06,078] {dag.py:2280} INFO - Setting next_dagrun for example_short_circuit_operator to 2023-03-18 00:00:00+00:00
[2023-03-20 15:01:06,085] {scheduler_job.py:190} INFO - Processing /home/airflow/.local/lib/python3.6/site-packages/airflow/example_dags/example_short_circuit_operator.py took 0.060 seconds
[2023-03-20 15:01:36,339] {scheduler_job.py:182} INFO - Started process (PID=365) to work on /home/airflow/.local/lib/python3.6/site-packages/airflow/example_dags/example_short_circuit_operator.py
[2023-03-20 15:01:36,340] {scheduler_job.py:629} INFO - Processing file /home/airflow/.local/lib/python3.6/site-packages/airflow/example_dags/example_short_circuit_operator.py for tasks to queue
[2023-03-20 15:01:36,341] {logging_mixin.py:104} INFO - [2023-03-20 15:01:36,341] {dagbag.py:451} INFO - Filling up the DagBag from /home/airflow/.local/lib/python3.6/site-packages/airflow/example_dags/example_short_circuit_operator.py
[2023-03-20 15:01:36,356] {scheduler_job.py:639} INFO - DAG(s) dict_keys(['example_short_circuit_operator']) retrieved from /home/airflow/.local/lib/python3.6/site-packages/airflow/example_dags/example_short_circuit_operator.py
[2023-03-20 15:01:36,375] {logging_mixin.py:104} INFO - [2023-03-20 15:01:36,375] {dag.py:1824} INFO - Sync 1 DAGs
[2023-03-20 15:01:36,386] {logging_mixin.py:104} INFO - [2023-03-20 15:01:36,386] {dag.py:2280} INFO - Setting next_dagrun for example_short_circuit_operator to 2023-03-18 00:00:00+00:00
[2023-03-20 15:01:36,393] {scheduler_job.py:190} INFO - Processing /home/airflow/.local/lib/python3.6/site-packages/airflow/example_dags/example_short_circuit_operator.py took 0.057 seconds
[2023-03-20 15:02:06,876] {scheduler_job.py:182} INFO - Started process (PID=391) to work on /home/airflow/.local/lib/python3.6/site-packages/airflow/example_dags/example_short_circuit_operator.py
[2023-03-20 15:02:06,877] {scheduler_job.py:629} INFO - Processing file /home/airflow/.local/lib/python3.6/site-packages/airflow/example_dags/example_short_circuit_operator.py for tasks to queue
[2023-03-20 15:02:06,878] {logging_mixin.py:104} INFO - [2023-03-20 15:02:06,878] {dagbag.py:451} INFO - Filling up the DagBag from /home/airflow/.local/lib/python3.6/site-packages/airflow/example_dags/example_short_circuit_operator.py
[2023-03-20 15:02:06,892] {scheduler_job.py:639} INFO - DAG(s) dict_keys(['example_short_circuit_operator']) retrieved from /home/airflow/.local/lib/python3.6/site-packages/airflow/example_dags/example_short_circuit_operator.py
[2023-03-20 15:02:06,914] {logging_mixin.py:104} INFO - [2023-03-20 15:02:06,914] {dag.py:1824} INFO - Sync 1 DAGs
[2023-03-20 15:02:06,925] {logging_mixin.py:104} INFO - [2023-03-20 15:02:06,925] {dag.py:2280} INFO - Setting next_dagrun for example_short_circuit_operator to 2023-03-18 00:00:00+00:00
[2023-03-20 15:02:06,932] {scheduler_job.py:190} INFO - Processing /home/airflow/.local/lib/python3.6/site-packages/airflow/example_dags/example_short_circuit_operator.py took 0.059 seconds
[2023-03-20 15:02:37,260] {scheduler_job.py:182} INFO - Started process (PID=417) to work on /home/airflow/.local/lib/python3.6/site-packages/airflow/example_dags/example_short_circuit_operator.py
[2023-03-20 15:02:37,266] {scheduler_job.py:629} INFO - Processing file /home/airflow/.local/lib/python3.6/site-packages/airflow/example_dags/example_short_circuit_operator.py for tasks to queue
[2023-03-20 15:02:37,267] {logging_mixin.py:104} INFO - [2023-03-20 15:02:37,266] {dagbag.py:451} INFO - Filling up the DagBag from /home/airflow/.local/lib/python3.6/site-packages/airflow/example_dags/example_short_circuit_operator.py
[2023-03-20 15:02:37,275] {scheduler_job.py:639} INFO - DAG(s) dict_keys(['example_short_circuit_operator']) retrieved from /home/airflow/.local/lib/python3.6/site-packages/airflow/example_dags/example_short_circuit_operator.py
[2023-03-20 15:02:37,295] {logging_mixin.py:104} INFO - [2023-03-20 15:02:37,295] {dag.py:1824} INFO - Sync 1 DAGs
[2023-03-20 15:02:37,306] {logging_mixin.py:104} INFO - [2023-03-20 15:02:37,306] {dag.py:2280} INFO - Setting next_dagrun for example_short_circuit_operator to 2023-03-18 00:00:00+00:00
[2023-03-20 15:02:37,316] {scheduler_job.py:190} INFO - Processing /home/airflow/.local/lib/python3.6/site-packages/airflow/example_dags/example_short_circuit_operator.py took 0.058 seconds
[2023-03-20 15:03:07,818] {scheduler_job.py:182} INFO - Started process (PID=443) to work on /home/airflow/.local/lib/python3.6/site-packages/airflow/example_dags/example_short_circuit_operator.py
[2023-03-20 15:03:07,819] {scheduler_job.py:629} INFO - Processing file /home/airflow/.local/lib/python3.6/site-packages/airflow/example_dags/example_short_circuit_operator.py for tasks to queue
[2023-03-20 15:03:07,820] {logging_mixin.py:104} INFO - [2023-03-20 15:03:07,820] {dagbag.py:451} INFO - Filling up the DagBag from /home/airflow/.local/lib/python3.6/site-packages/airflow/example_dags/example_short_circuit_operator.py
[2023-03-20 15:03:07,832] {scheduler_job.py:639} INFO - DAG(s) dict_keys(['example_short_circuit_operator']) retrieved from /home/airflow/.local/lib/python3.6/site-packages/airflow/example_dags/example_short_circuit_operator.py
[2023-03-20 15:03:07,853] {logging_mixin.py:104} INFO - [2023-03-20 15:03:07,853] {dag.py:1824} INFO - Sync 1 DAGs
[2023-03-20 15:03:07,865] {logging_mixin.py:104} INFO - [2023-03-20 15:03:07,865] {dag.py:2280} INFO - Setting next_dagrun for example_short_circuit_operator to 2023-03-18 00:00:00+00:00
[2023-03-20 15:03:07,872] {scheduler_job.py:190} INFO - Processing /home/airflow/.local/lib/python3.6/site-packages/airflow/example_dags/example_short_circuit_operator.py took 0.056 seconds
[2023-03-20 15:03:38,316] {scheduler_job.py:182} INFO - Started process (PID=469) to work on /home/airflow/.local/lib/python3.6/site-packages/airflow/example_dags/example_short_circuit_operator.py
[2023-03-20 15:03:38,318] {scheduler_job.py:629} INFO - Processing file /home/airflow/.local/lib/python3.6/site-packages/airflow/example_dags/example_short_circuit_operator.py for tasks to queue
[2023-03-20 15:03:38,319] {logging_mixin.py:104} INFO - [2023-03-20 15:03:38,318] {dagbag.py:451} INFO - Filling up the DagBag from /home/airflow/.local/lib/python3.6/site-packages/airflow/example_dags/example_short_circuit_operator.py
[2023-03-20 15:03:38,330] {scheduler_job.py:639} INFO - DAG(s) dict_keys(['example_short_circuit_operator']) retrieved from /home/airflow/.local/lib/python3.6/site-packages/airflow/example_dags/example_short_circuit_operator.py
[2023-03-20 15:03:38,350] {logging_mixin.py:104} INFO - [2023-03-20 15:03:38,350] {dag.py:1824} INFO - Sync 1 DAGs
[2023-03-20 15:03:38,362] {logging_mixin.py:104} INFO - [2023-03-20 15:03:38,362] {dag.py:2280} INFO - Setting next_dagrun for example_short_circuit_operator to 2023-03-18 00:00:00+00:00
[2023-03-20 15:03:38,369] {scheduler_job.py:190} INFO - Processing /home/airflow/.local/lib/python3.6/site-packages/airflow/example_dags/example_short_circuit_operator.py took 0.057 seconds
[2023-03-20 15:04:08,890] {scheduler_job.py:182} INFO - Started process (PID=495) to work on /home/airflow/.local/lib/python3.6/site-packages/airflow/example_dags/example_short_circuit_operator.py
[2023-03-20 15:04:08,891] {scheduler_job.py:629} INFO - Processing file /home/airflow/.local/lib/python3.6/site-packages/airflow/example_dags/example_short_circuit_operator.py for tasks to queue
[2023-03-20 15:04:08,892] {logging_mixin.py:104} INFO - [2023-03-20 15:04:08,892] {dagbag.py:451} INFO - Filling up the DagBag from /home/airflow/.local/lib/python3.6/site-packages/airflow/example_dags/example_short_circuit_operator.py
[2023-03-20 15:04:08,904] {scheduler_job.py:639} INFO - DAG(s) dict_keys(['example_short_circuit_operator']) retrieved from /home/airflow/.local/lib/python3.6/site-packages/airflow/example_dags/example_short_circuit_operator.py
[2023-03-20 15:04:08,923] {logging_mixin.py:104} INFO - [2023-03-20 15:04:08,923] {dag.py:1824} INFO - Sync 1 DAGs
[2023-03-20 15:04:08,935] {logging_mixin.py:104} INFO - [2023-03-20 15:04:08,934] {dag.py:2280} INFO - Setting next_dagrun for example_short_circuit_operator to 2023-03-18 00:00:00+00:00
[2023-03-20 15:04:08,942] {scheduler_job.py:190} INFO - Processing /home/airflow/.local/lib/python3.6/site-packages/airflow/example_dags/example_short_circuit_operator.py took 0.055 seconds
[2023-03-20 15:04:39,442] {scheduler_job.py:182} INFO - Started process (PID=521) to work on /home/airflow/.local/lib/python3.6/site-packages/airflow/example_dags/example_short_circuit_operator.py
[2023-03-20 15:04:39,443] {scheduler_job.py:629} INFO - Processing file /home/airflow/.local/lib/python3.6/site-packages/airflow/example_dags/example_short_circuit_operator.py for tasks to queue
[2023-03-20 15:04:39,444] {logging_mixin.py:104} INFO - [2023-03-20 15:04:39,444] {dagbag.py:451} INFO - Filling up the DagBag from /home/airflow/.local/lib/python3.6/site-packages/airflow/example_dags/example_short_circuit_operator.py
[2023-03-20 15:04:39,455] {scheduler_job.py:639} INFO - DAG(s) dict_keys(['example_short_circuit_operator']) retrieved from /home/airflow/.local/lib/python3.6/site-packages/airflow/example_dags/example_short_circuit_operator.py
[2023-03-20 15:04:39,476] {logging_mixin.py:104} INFO - [2023-03-20 15:04:39,476] {dag.py:1824} INFO - Sync 1 DAGs
[2023-03-20 15:04:39,487] {logging_mixin.py:104} INFO - [2023-03-20 15:04:39,487] {dag.py:2280} INFO - Setting next_dagrun for example_short_circuit_operator to 2023-03-18 00:00:00+00:00
[2023-03-20 15:04:39,494] {scheduler_job.py:190} INFO - Processing /home/airflow/.local/lib/python3.6/site-packages/airflow/example_dags/example_short_circuit_operator.py took 0.055 seconds
[2023-03-20 15:05:10,023] {scheduler_job.py:182} INFO - Started process (PID=547) to work on /home/airflow/.local/lib/python3.6/site-packages/airflow/example_dags/example_short_circuit_operator.py
[2023-03-20 15:05:10,025] {scheduler_job.py:629} INFO - Processing file /home/airflow/.local/lib/python3.6/site-packages/airflow/example_dags/example_short_circuit_operator.py for tasks to queue
[2023-03-20 15:05:10,026] {logging_mixin.py:104} INFO - [2023-03-20 15:05:10,026] {dagbag.py:451} INFO - Filling up the DagBag from /home/airflow/.local/lib/python3.6/site-packages/airflow/example_dags/example_short_circuit_operator.py
[2023-03-20 15:05:10,038] {scheduler_job.py:639} INFO - DAG(s) dict_keys(['example_short_circuit_operator']) retrieved from /home/airflow/.local/lib/python3.6/site-packages/airflow/example_dags/example_short_circuit_operator.py
[2023-03-20 15:05:10,060] {logging_mixin.py:104} INFO - [2023-03-20 15:05:10,060] {dag.py:1824} INFO - Sync 1 DAGs
[2023-03-20 15:05:10,071] {logging_mixin.py:104} INFO - [2023-03-20 15:05:10,071] {dag.py:2280} INFO - Setting next_dagrun for example_short_circuit_operator to 2023-03-18 00:00:00+00:00
[2023-03-20 15:05:10,078] {scheduler_job.py:190} INFO - Processing /home/airflow/.local/lib/python3.6/site-packages/airflow/example_dags/example_short_circuit_operator.py took 0.058 seconds
[2023-03-20 15:05:40,565] {scheduler_job.py:182} INFO - Started process (PID=573) to work on /home/airflow/.local/lib/python3.6/site-packages/airflow/example_dags/example_short_circuit_operator.py
[2023-03-20 15:05:40,566] {scheduler_job.py:629} INFO - Processing file /home/airflow/.local/lib/python3.6/site-packages/airflow/example_dags/example_short_circuit_operator.py for tasks to queue
[2023-03-20 15:05:40,567] {logging_mixin.py:104} INFO - [2023-03-20 15:05:40,567] {dagbag.py:451} INFO - Filling up the DagBag from /home/airflow/.local/lib/python3.6/site-packages/airflow/example_dags/example_short_circuit_operator.py
[2023-03-20 15:05:40,577] {scheduler_job.py:639} INFO - DAG(s) dict_keys(['example_short_circuit_operator']) retrieved from /home/airflow/.local/lib/python3.6/site-packages/airflow/example_dags/example_short_circuit_operator.py
[2023-03-20 15:05:40,596] {logging_mixin.py:104} INFO - [2023-03-20 15:05:40,596] {dag.py:1824} INFO - Sync 1 DAGs
[2023-03-20 15:05:40,608] {logging_mixin.py:104} INFO - [2023-03-20 15:05:40,607] {dag.py:2280} INFO - Setting next_dagrun for example_short_circuit_operator to 2023-03-18 00:00:00+00:00
[2023-03-20 15:05:40,615] {scheduler_job.py:190} INFO - Processing /home/airflow/.local/lib/python3.6/site-packages/airflow/example_dags/example_short_circuit_operator.py took 0.052 seconds
[2023-03-20 15:06:11,240] {scheduler_job.py:182} INFO - Started process (PID=599) to work on /home/airflow/.local/lib/python3.6/site-packages/airflow/example_dags/example_short_circuit_operator.py
[2023-03-20 15:06:11,241] {scheduler_job.py:629} INFO - Processing file /home/airflow/.local/lib/python3.6/site-packages/airflow/example_dags/example_short_circuit_operator.py for tasks to queue
[2023-03-20 15:06:11,242] {logging_mixin.py:104} INFO - [2023-03-20 15:06:11,242] {dagbag.py:451} INFO - Filling up the DagBag from /home/airflow/.local/lib/python3.6/site-packages/airflow/example_dags/example_short_circuit_operator.py
[2023-03-20 15:06:11,254] {scheduler_job.py:639} INFO - DAG(s) dict_keys(['example_short_circuit_operator']) retrieved from /home/airflow/.local/lib/python3.6/site-packages/airflow/example_dags/example_short_circuit_operator.py
[2023-03-20 15:06:11,276] {logging_mixin.py:104} INFO - [2023-03-20 15:06:11,276] {dag.py:1824} INFO - Sync 1 DAGs
[2023-03-20 15:06:11,287] {logging_mixin.py:104} INFO - [2023-03-20 15:06:11,287] {dag.py:2280} INFO - Setting next_dagrun for example_short_circuit_operator to 2023-03-18 00:00:00+00:00
[2023-03-20 15:06:11,294] {scheduler_job.py:190} INFO - Processing /home/airflow/.local/lib/python3.6/site-packages/airflow/example_dags/example_short_circuit_operator.py took 0.057 seconds
[2023-03-20 15:06:41,869] {scheduler_job.py:182} INFO - Started process (PID=625) to work on /home/airflow/.local/lib/python3.6/site-packages/airflow/example_dags/example_short_circuit_operator.py
[2023-03-20 15:06:41,871] {scheduler_job.py:629} INFO - Processing file /home/airflow/.local/lib/python3.6/site-packages/airflow/example_dags/example_short_circuit_operator.py for tasks to queue
[2023-03-20 15:06:41,871] {logging_mixin.py:104} INFO - [2023-03-20 15:06:41,871] {dagbag.py:451} INFO - Filling up the DagBag from /home/airflow/.local/lib/python3.6/site-packages/airflow/example_dags/example_short_circuit_operator.py
[2023-03-20 15:06:41,883] {scheduler_job.py:639} INFO - DAG(s) dict_keys(['example_short_circuit_operator']) retrieved from /home/airflow/.local/lib/python3.6/site-packages/airflow/example_dags/example_short_circuit_operator.py
[2023-03-20 15:06:41,904] {logging_mixin.py:104} INFO - [2023-03-20 15:06:41,904] {dag.py:1824} INFO - Sync 1 DAGs
[2023-03-20 15:06:41,915] {logging_mixin.py:104} INFO - [2023-03-20 15:06:41,915] {dag.py:2280} INFO - Setting next_dagrun for example_short_circuit_operator to 2023-03-18 00:00:00+00:00
[2023-03-20 15:06:41,922] {scheduler_job.py:190} INFO - Processing /home/airflow/.local/lib/python3.6/site-packages/airflow/example_dags/example_short_circuit_operator.py took 0.056 seconds
[2023-03-20 15:07:12,632] {scheduler_job.py:182} INFO - Started process (PID=651) to work on /home/airflow/.local/lib/python3.6/site-packages/airflow/example_dags/example_short_circuit_operator.py
[2023-03-20 15:07:12,633] {scheduler_job.py:629} INFO - Processing file /home/airflow/.local/lib/python3.6/site-packages/airflow/example_dags/example_short_circuit_operator.py for tasks to queue
[2023-03-20 15:07:12,634] {logging_mixin.py:104} INFO - [2023-03-20 15:07:12,634] {dagbag.py:451} INFO - Filling up the DagBag from /home/airflow/.local/lib/python3.6/site-packages/airflow/example_dags/example_short_circuit_operator.py
[2023-03-20 15:07:12,648] {scheduler_job.py:639} INFO - DAG(s) dict_keys(['example_short_circuit_operator']) retrieved from /home/airflow/.local/lib/python3.6/site-packages/airflow/example_dags/example_short_circuit_operator.py
[2023-03-20 15:07:12,671] {logging_mixin.py:104} INFO - [2023-03-20 15:07:12,671] {dag.py:1824} INFO - Sync 1 DAGs
[2023-03-20 15:07:12,688] {logging_mixin.py:104} INFO - [2023-03-20 15:07:12,688] {dag.py:2280} INFO - Setting next_dagrun for example_short_circuit_operator to 2023-03-18 00:00:00+00:00
[2023-03-20 15:07:12,697] {scheduler_job.py:190} INFO - Processing /home/airflow/.local/lib/python3.6/site-packages/airflow/example_dags/example_short_circuit_operator.py took 0.069 seconds
[2023-03-20 15:07:43,659] {scheduler_job.py:182} INFO - Started process (PID=677) to work on /home/airflow/.local/lib/python3.6/site-packages/airflow/example_dags/example_short_circuit_operator.py
[2023-03-20 15:07:43,662] {scheduler_job.py:629} INFO - Processing file /home/airflow/.local/lib/python3.6/site-packages/airflow/example_dags/example_short_circuit_operator.py for tasks to queue
[2023-03-20 15:07:43,664] {logging_mixin.py:104} INFO - [2023-03-20 15:07:43,664] {dagbag.py:451} INFO - Filling up the DagBag from /home/airflow/.local/lib/python3.6/site-packages/airflow/example_dags/example_short_circuit_operator.py
[2023-03-20 15:07:43,677] {scheduler_job.py:639} INFO - DAG(s) dict_keys(['example_short_circuit_operator']) retrieved from /home/airflow/.local/lib/python3.6/site-packages/airflow/example_dags/example_short_circuit_operator.py
[2023-03-20 15:07:43,702] {logging_mixin.py:104} INFO - [2023-03-20 15:07:43,702] {dag.py:1824} INFO - Sync 1 DAGs
[2023-03-20 15:07:43,720] {logging_mixin.py:104} INFO - [2023-03-20 15:07:43,719] {dag.py:2280} INFO - Setting next_dagrun for example_short_circuit_operator to 2023-03-18 00:00:00+00:00
[2023-03-20 15:07:43,733] {scheduler_job.py:190} INFO - Processing /home/airflow/.local/lib/python3.6/site-packages/airflow/example_dags/example_short_circuit_operator.py took 0.079 seconds
[2023-03-20 15:08:14,312] {scheduler_job.py:182} INFO - Started process (PID=703) to work on /home/airflow/.local/lib/python3.6/site-packages/airflow/example_dags/example_short_circuit_operator.py
[2023-03-20 15:08:14,315] {scheduler_job.py:629} INFO - Processing file /home/airflow/.local/lib/python3.6/site-packages/airflow/example_dags/example_short_circuit_operator.py for tasks to queue
[2023-03-20 15:08:14,317] {logging_mixin.py:104} INFO - [2023-03-20 15:08:14,317] {dagbag.py:451} INFO - Filling up the DagBag from /home/airflow/.local/lib/python3.6/site-packages/airflow/example_dags/example_short_circuit_operator.py
[2023-03-20 15:08:14,337] {scheduler_job.py:639} INFO - DAG(s) dict_keys(['example_short_circuit_operator']) retrieved from /home/airflow/.local/lib/python3.6/site-packages/airflow/example_dags/example_short_circuit_operator.py
[2023-03-20 15:08:14,369] {logging_mixin.py:104} INFO - [2023-03-20 15:08:14,368] {dag.py:1824} INFO - Sync 1 DAGs
[2023-03-20 15:08:14,385] {logging_mixin.py:104} INFO - [2023-03-20 15:08:14,384] {dag.py:2280} INFO - Setting next_dagrun for example_short_circuit_operator to 2023-03-18 00:00:00+00:00
[2023-03-20 15:08:14,394] {scheduler_job.py:190} INFO - Processing /home/airflow/.local/lib/python3.6/site-packages/airflow/example_dags/example_short_circuit_operator.py took 0.085 seconds
[2023-03-20 15:08:45,081] {scheduler_job.py:182} INFO - Started process (PID=729) to work on /home/airflow/.local/lib/python3.6/site-packages/airflow/example_dags/example_short_circuit_operator.py
[2023-03-20 15:08:45,082] {scheduler_job.py:629} INFO - Processing file /home/airflow/.local/lib/python3.6/site-packages/airflow/example_dags/example_short_circuit_operator.py for tasks to queue
[2023-03-20 15:08:45,083] {logging_mixin.py:104} INFO - [2023-03-20 15:08:45,083] {dagbag.py:451} INFO - Filling up the DagBag from /home/airflow/.local/lib/python3.6/site-packages/airflow/example_dags/example_short_circuit_operator.py
[2023-03-20 15:08:45,097] {scheduler_job.py:639} INFO - DAG(s) dict_keys(['example_short_circuit_operator']) retrieved from /home/airflow/.local/lib/python3.6/site-packages/airflow/example_dags/example_short_circuit_operator.py
[2023-03-20 15:08:45,120] {logging_mixin.py:104} INFO - [2023-03-20 15:08:45,120] {dag.py:1824} INFO - Sync 1 DAGs
[2023-03-20 15:08:45,133] {logging_mixin.py:104} INFO - [2023-03-20 15:08:45,133] {dag.py:2280} INFO - Setting next_dagrun for example_short_circuit_operator to 2023-03-18 00:00:00+00:00
[2023-03-20 15:08:45,140] {scheduler_job.py:190} INFO - Processing /home/airflow/.local/lib/python3.6/site-packages/airflow/example_dags/example_short_circuit_operator.py took 0.062 seconds
[2023-03-20 15:09:15,817] {scheduler_job.py:182} INFO - Started process (PID=755) to work on /home/airflow/.local/lib/python3.6/site-packages/airflow/example_dags/example_short_circuit_operator.py
[2023-03-20 15:09:15,818] {scheduler_job.py:629} INFO - Processing file /home/airflow/.local/lib/python3.6/site-packages/airflow/example_dags/example_short_circuit_operator.py for tasks to queue
[2023-03-20 15:09:15,819] {logging_mixin.py:104} INFO - [2023-03-20 15:09:15,819] {dagbag.py:451} INFO - Filling up the DagBag from /home/airflow/.local/lib/python3.6/site-packages/airflow/example_dags/example_short_circuit_operator.py
[2023-03-20 15:09:15,833] {scheduler_job.py:639} INFO - DAG(s) dict_keys(['example_short_circuit_operator']) retrieved from /home/airflow/.local/lib/python3.6/site-packages/airflow/example_dags/example_short_circuit_operator.py
[2023-03-20 15:09:15,854] {logging_mixin.py:104} INFO - [2023-03-20 15:09:15,854] {dag.py:1824} INFO - Sync 1 DAGs
[2023-03-20 15:09:15,866] {logging_mixin.py:104} INFO - [2023-03-20 15:09:15,865] {dag.py:2280} INFO - Setting next_dagrun for example_short_circuit_operator to 2023-03-18 00:00:00+00:00
[2023-03-20 15:09:15,874] {scheduler_job.py:190} INFO - Processing /home/airflow/.local/lib/python3.6/site-packages/airflow/example_dags/example_short_circuit_operator.py took 0.059 seconds
