[2023-03-20T11:13:33.336+0000] {processor.py:153} INFO - Started process (PID=66) to work on /home/airflow/.local/lib/python3.7/site-packages/airflow/example_dags/tutorial_dag.py
[2023-03-20T11:13:33.342+0000] {processor.py:743} INFO - Processing file /home/airflow/.local/lib/python3.7/site-packages/airflow/example_dags/tutorial_dag.py for tasks to queue
[2023-03-20T11:13:33.345+0000] {logging_mixin.py:137} INFO - [2023-03-20T11:13:33.345+0000] {dagbag.py:532} INFO - Filling up the DagBag from /home/airflow/.local/lib/python3.7/site-packages/airflow/example_dags/tutorial_dag.py
[2023-03-20T11:13:33.366+0000] {processor.py:753} INFO - DAG(s) dict_keys(['tutorial_dag']) retrieved from /home/airflow/.local/lib/python3.7/site-packages/airflow/example_dags/tutorial_dag.py
[2023-03-20T11:13:33.383+0000] {logging_mixin.py:137} INFO - [2023-03-20T11:13:33.383+0000] {dag.py:2693} INFO - Sync 1 DAGs
[2023-03-20T11:13:33.435+0000] {logging_mixin.py:137} INFO - [2023-03-20T11:13:33.435+0000] {dag.py:3444} INFO - Setting next_dagrun for tutorial_dag to None, run_after=None
[2023-03-20T11:13:33.492+0000] {processor.py:175} INFO - Processing /home/airflow/.local/lib/python3.7/site-packages/airflow/example_dags/tutorial_dag.py took 0.167 seconds
[2023-03-20T11:14:03.631+0000] {processor.py:153} INFO - Started process (PID=115) to work on /home/airflow/.local/lib/python3.7/site-packages/airflow/example_dags/tutorial_dag.py
[2023-03-20T11:14:03.633+0000] {processor.py:743} INFO - Processing file /home/airflow/.local/lib/python3.7/site-packages/airflow/example_dags/tutorial_dag.py for tasks to queue
[2023-03-20T11:14:03.634+0000] {logging_mixin.py:137} INFO - [2023-03-20T11:14:03.633+0000] {dagbag.py:532} INFO - Filling up the DagBag from /home/airflow/.local/lib/python3.7/site-packages/airflow/example_dags/tutorial_dag.py
[2023-03-20T11:14:03.645+0000] {processor.py:753} INFO - DAG(s) dict_keys(['tutorial_dag']) retrieved from /home/airflow/.local/lib/python3.7/site-packages/airflow/example_dags/tutorial_dag.py
[2023-03-20T11:14:03.670+0000] {logging_mixin.py:137} INFO - [2023-03-20T11:14:03.670+0000] {dag.py:2693} INFO - Sync 1 DAGs
[2023-03-20T11:14:03.699+0000] {logging_mixin.py:137} INFO - [2023-03-20T11:14:03.699+0000] {dag.py:3444} INFO - Setting next_dagrun for tutorial_dag to None, run_after=None
[2023-03-20T11:14:03.720+0000] {processor.py:175} INFO - Processing /home/airflow/.local/lib/python3.7/site-packages/airflow/example_dags/tutorial_dag.py took 0.092 seconds
[2023-03-20T11:14:33.781+0000] {processor.py:153} INFO - Started process (PID=165) to work on /home/airflow/.local/lib/python3.7/site-packages/airflow/example_dags/tutorial_dag.py
[2023-03-20T11:14:33.782+0000] {processor.py:743} INFO - Processing file /home/airflow/.local/lib/python3.7/site-packages/airflow/example_dags/tutorial_dag.py for tasks to queue
[2023-03-20T11:14:33.783+0000] {logging_mixin.py:137} INFO - [2023-03-20T11:14:33.783+0000] {dagbag.py:532} INFO - Filling up the DagBag from /home/airflow/.local/lib/python3.7/site-packages/airflow/example_dags/tutorial_dag.py
[2023-03-20T11:14:33.792+0000] {processor.py:753} INFO - DAG(s) dict_keys(['tutorial_dag']) retrieved from /home/airflow/.local/lib/python3.7/site-packages/airflow/example_dags/tutorial_dag.py
[2023-03-20T11:14:33.805+0000] {logging_mixin.py:137} INFO - [2023-03-20T11:14:33.805+0000] {dag.py:2693} INFO - Sync 1 DAGs
[2023-03-20T11:14:33.822+0000] {logging_mixin.py:137} INFO - [2023-03-20T11:14:33.822+0000] {dag.py:3444} INFO - Setting next_dagrun for tutorial_dag to None, run_after=None
[2023-03-20T11:14:33.838+0000] {processor.py:175} INFO - Processing /home/airflow/.local/lib/python3.7/site-packages/airflow/example_dags/tutorial_dag.py took 0.059 seconds
[2023-03-20T11:15:04.642+0000] {processor.py:153} INFO - Started process (PID=214) to work on /home/airflow/.local/lib/python3.7/site-packages/airflow/example_dags/tutorial_dag.py
[2023-03-20T11:15:04.644+0000] {processor.py:743} INFO - Processing file /home/airflow/.local/lib/python3.7/site-packages/airflow/example_dags/tutorial_dag.py for tasks to queue
[2023-03-20T11:15:04.645+0000] {logging_mixin.py:137} INFO - [2023-03-20T11:15:04.645+0000] {dagbag.py:532} INFO - Filling up the DagBag from /home/airflow/.local/lib/python3.7/site-packages/airflow/example_dags/tutorial_dag.py
[2023-03-20T11:15:04.659+0000] {processor.py:753} INFO - DAG(s) dict_keys(['tutorial_dag']) retrieved from /home/airflow/.local/lib/python3.7/site-packages/airflow/example_dags/tutorial_dag.py
[2023-03-20T11:15:04.683+0000] {logging_mixin.py:137} INFO - [2023-03-20T11:15:04.683+0000] {dag.py:2693} INFO - Sync 1 DAGs
[2023-03-20T11:15:04.701+0000] {logging_mixin.py:137} INFO - [2023-03-20T11:15:04.701+0000] {dag.py:3444} INFO - Setting next_dagrun for tutorial_dag to None, run_after=None
[2023-03-20T11:15:04.715+0000] {processor.py:175} INFO - Processing /home/airflow/.local/lib/python3.7/site-packages/airflow/example_dags/tutorial_dag.py took 0.077 seconds
[2023-03-20T11:15:35.259+0000] {processor.py:153} INFO - Started process (PID=263) to work on /home/airflow/.local/lib/python3.7/site-packages/airflow/example_dags/tutorial_dag.py
[2023-03-20T11:15:35.260+0000] {processor.py:743} INFO - Processing file /home/airflow/.local/lib/python3.7/site-packages/airflow/example_dags/tutorial_dag.py for tasks to queue
[2023-03-20T11:15:35.261+0000] {logging_mixin.py:137} INFO - [2023-03-20T11:15:35.261+0000] {dagbag.py:532} INFO - Filling up the DagBag from /home/airflow/.local/lib/python3.7/site-packages/airflow/example_dags/tutorial_dag.py
[2023-03-20T11:15:35.272+0000] {processor.py:753} INFO - DAG(s) dict_keys(['tutorial_dag']) retrieved from /home/airflow/.local/lib/python3.7/site-packages/airflow/example_dags/tutorial_dag.py
[2023-03-20T11:15:35.293+0000] {logging_mixin.py:137} INFO - [2023-03-20T11:15:35.293+0000] {dag.py:2693} INFO - Sync 1 DAGs
[2023-03-20T11:15:35.310+0000] {logging_mixin.py:137} INFO - [2023-03-20T11:15:35.310+0000] {dag.py:3444} INFO - Setting next_dagrun for tutorial_dag to None, run_after=None
[2023-03-20T11:15:35.321+0000] {processor.py:175} INFO - Processing /home/airflow/.local/lib/python3.7/site-packages/airflow/example_dags/tutorial_dag.py took 0.066 seconds
[2023-03-20T11:16:05.629+0000] {processor.py:153} INFO - Started process (PID=312) to work on /home/airflow/.local/lib/python3.7/site-packages/airflow/example_dags/tutorial_dag.py
[2023-03-20T11:16:05.630+0000] {processor.py:743} INFO - Processing file /home/airflow/.local/lib/python3.7/site-packages/airflow/example_dags/tutorial_dag.py for tasks to queue
[2023-03-20T11:16:05.631+0000] {logging_mixin.py:137} INFO - [2023-03-20T11:16:05.631+0000] {dagbag.py:532} INFO - Filling up the DagBag from /home/airflow/.local/lib/python3.7/site-packages/airflow/example_dags/tutorial_dag.py
[2023-03-20T11:16:05.640+0000] {processor.py:753} INFO - DAG(s) dict_keys(['tutorial_dag']) retrieved from /home/airflow/.local/lib/python3.7/site-packages/airflow/example_dags/tutorial_dag.py
[2023-03-20T11:16:05.661+0000] {logging_mixin.py:137} INFO - [2023-03-20T11:16:05.661+0000] {dag.py:2693} INFO - Sync 1 DAGs
[2023-03-20T11:16:05.677+0000] {logging_mixin.py:137} INFO - [2023-03-20T11:16:05.677+0000] {dag.py:3444} INFO - Setting next_dagrun for tutorial_dag to None, run_after=None
[2023-03-20T11:16:05.689+0000] {processor.py:175} INFO - Processing /home/airflow/.local/lib/python3.7/site-packages/airflow/example_dags/tutorial_dag.py took 0.063 seconds
[2023-03-20T11:16:36.180+0000] {processor.py:153} INFO - Started process (PID=361) to work on /home/airflow/.local/lib/python3.7/site-packages/airflow/example_dags/tutorial_dag.py
[2023-03-20T11:16:36.181+0000] {processor.py:743} INFO - Processing file /home/airflow/.local/lib/python3.7/site-packages/airflow/example_dags/tutorial_dag.py for tasks to queue
[2023-03-20T11:16:36.182+0000] {logging_mixin.py:137} INFO - [2023-03-20T11:16:36.182+0000] {dagbag.py:532} INFO - Filling up the DagBag from /home/airflow/.local/lib/python3.7/site-packages/airflow/example_dags/tutorial_dag.py
[2023-03-20T11:16:36.191+0000] {processor.py:753} INFO - DAG(s) dict_keys(['tutorial_dag']) retrieved from /home/airflow/.local/lib/python3.7/site-packages/airflow/example_dags/tutorial_dag.py
[2023-03-20T11:16:36.213+0000] {logging_mixin.py:137} INFO - [2023-03-20T11:16:36.213+0000] {dag.py:2693} INFO - Sync 1 DAGs
[2023-03-20T11:16:36.229+0000] {logging_mixin.py:137} INFO - [2023-03-20T11:16:36.229+0000] {dag.py:3444} INFO - Setting next_dagrun for tutorial_dag to None, run_after=None
[2023-03-20T11:16:36.240+0000] {processor.py:175} INFO - Processing /home/airflow/.local/lib/python3.7/site-packages/airflow/example_dags/tutorial_dag.py took 0.064 seconds
[2023-03-20T11:17:06.951+0000] {processor.py:153} INFO - Started process (PID=410) to work on /home/airflow/.local/lib/python3.7/site-packages/airflow/example_dags/tutorial_dag.py
[2023-03-20T11:17:06.952+0000] {processor.py:743} INFO - Processing file /home/airflow/.local/lib/python3.7/site-packages/airflow/example_dags/tutorial_dag.py for tasks to queue
[2023-03-20T11:17:06.953+0000] {logging_mixin.py:137} INFO - [2023-03-20T11:17:06.953+0000] {dagbag.py:532} INFO - Filling up the DagBag from /home/airflow/.local/lib/python3.7/site-packages/airflow/example_dags/tutorial_dag.py
[2023-03-20T11:17:06.964+0000] {processor.py:753} INFO - DAG(s) dict_keys(['tutorial_dag']) retrieved from /home/airflow/.local/lib/python3.7/site-packages/airflow/example_dags/tutorial_dag.py
[2023-03-20T11:17:06.989+0000] {logging_mixin.py:137} INFO - [2023-03-20T11:17:06.989+0000] {dag.py:2693} INFO - Sync 1 DAGs
[2023-03-20T11:17:07.011+0000] {logging_mixin.py:137} INFO - [2023-03-20T11:17:07.010+0000] {dag.py:3444} INFO - Setting next_dagrun for tutorial_dag to None, run_after=None
[2023-03-20T11:17:07.023+0000] {processor.py:175} INFO - Processing /home/airflow/.local/lib/python3.7/site-packages/airflow/example_dags/tutorial_dag.py took 0.075 seconds
[2023-03-20T11:17:37.547+0000] {processor.py:153} INFO - Started process (PID=459) to work on /home/airflow/.local/lib/python3.7/site-packages/airflow/example_dags/tutorial_dag.py
[2023-03-20T11:17:37.549+0000] {processor.py:743} INFO - Processing file /home/airflow/.local/lib/python3.7/site-packages/airflow/example_dags/tutorial_dag.py for tasks to queue
[2023-03-20T11:17:37.550+0000] {logging_mixin.py:137} INFO - [2023-03-20T11:17:37.550+0000] {dagbag.py:532} INFO - Filling up the DagBag from /home/airflow/.local/lib/python3.7/site-packages/airflow/example_dags/tutorial_dag.py
[2023-03-20T11:17:37.560+0000] {processor.py:753} INFO - DAG(s) dict_keys(['tutorial_dag']) retrieved from /home/airflow/.local/lib/python3.7/site-packages/airflow/example_dags/tutorial_dag.py
[2023-03-20T11:17:37.584+0000] {logging_mixin.py:137} INFO - [2023-03-20T11:17:37.584+0000] {dag.py:2693} INFO - Sync 1 DAGs
[2023-03-20T11:17:37.603+0000] {logging_mixin.py:137} INFO - [2023-03-20T11:17:37.603+0000] {dag.py:3444} INFO - Setting next_dagrun for tutorial_dag to None, run_after=None
[2023-03-20T11:17:37.618+0000] {processor.py:175} INFO - Processing /home/airflow/.local/lib/python3.7/site-packages/airflow/example_dags/tutorial_dag.py took 0.073 seconds
[2023-03-20T11:18:08.041+0000] {processor.py:153} INFO - Started process (PID=508) to work on /home/airflow/.local/lib/python3.7/site-packages/airflow/example_dags/tutorial_dag.py
[2023-03-20T11:18:08.042+0000] {processor.py:743} INFO - Processing file /home/airflow/.local/lib/python3.7/site-packages/airflow/example_dags/tutorial_dag.py for tasks to queue
[2023-03-20T11:18:08.043+0000] {logging_mixin.py:137} INFO - [2023-03-20T11:18:08.043+0000] {dagbag.py:532} INFO - Filling up the DagBag from /home/airflow/.local/lib/python3.7/site-packages/airflow/example_dags/tutorial_dag.py
[2023-03-20T11:18:08.052+0000] {processor.py:753} INFO - DAG(s) dict_keys(['tutorial_dag']) retrieved from /home/airflow/.local/lib/python3.7/site-packages/airflow/example_dags/tutorial_dag.py
[2023-03-20T11:18:08.072+0000] {logging_mixin.py:137} INFO - [2023-03-20T11:18:08.072+0000] {dag.py:2693} INFO - Sync 1 DAGs
[2023-03-20T11:18:08.087+0000] {logging_mixin.py:137} INFO - [2023-03-20T11:18:08.087+0000] {dag.py:3444} INFO - Setting next_dagrun for tutorial_dag to None, run_after=None
[2023-03-20T11:18:08.097+0000] {processor.py:175} INFO - Processing /home/airflow/.local/lib/python3.7/site-packages/airflow/example_dags/tutorial_dag.py took 0.059 seconds
[2023-03-20T11:18:38.752+0000] {processor.py:153} INFO - Started process (PID=557) to work on /home/airflow/.local/lib/python3.7/site-packages/airflow/example_dags/tutorial_dag.py
[2023-03-20T11:18:38.753+0000] {processor.py:743} INFO - Processing file /home/airflow/.local/lib/python3.7/site-packages/airflow/example_dags/tutorial_dag.py for tasks to queue
[2023-03-20T11:18:38.754+0000] {logging_mixin.py:137} INFO - [2023-03-20T11:18:38.754+0000] {dagbag.py:532} INFO - Filling up the DagBag from /home/airflow/.local/lib/python3.7/site-packages/airflow/example_dags/tutorial_dag.py
[2023-03-20T11:18:38.764+0000] {processor.py:753} INFO - DAG(s) dict_keys(['tutorial_dag']) retrieved from /home/airflow/.local/lib/python3.7/site-packages/airflow/example_dags/tutorial_dag.py
[2023-03-20T11:18:38.786+0000] {logging_mixin.py:137} INFO - [2023-03-20T11:18:38.786+0000] {dag.py:2693} INFO - Sync 1 DAGs
[2023-03-20T11:18:38.801+0000] {logging_mixin.py:137} INFO - [2023-03-20T11:18:38.800+0000] {dag.py:3444} INFO - Setting next_dagrun for tutorial_dag to None, run_after=None
[2023-03-20T11:18:38.811+0000] {processor.py:175} INFO - Processing /home/airflow/.local/lib/python3.7/site-packages/airflow/example_dags/tutorial_dag.py took 0.062 seconds
[2023-03-20T11:19:09.169+0000] {processor.py:153} INFO - Started process (PID=606) to work on /home/airflow/.local/lib/python3.7/site-packages/airflow/example_dags/tutorial_dag.py
[2023-03-20T11:19:09.170+0000] {processor.py:743} INFO - Processing file /home/airflow/.local/lib/python3.7/site-packages/airflow/example_dags/tutorial_dag.py for tasks to queue
[2023-03-20T11:19:09.170+0000] {logging_mixin.py:137} INFO - [2023-03-20T11:19:09.170+0000] {dagbag.py:532} INFO - Filling up the DagBag from /home/airflow/.local/lib/python3.7/site-packages/airflow/example_dags/tutorial_dag.py
[2023-03-20T11:19:09.180+0000] {processor.py:753} INFO - DAG(s) dict_keys(['tutorial_dag']) retrieved from /home/airflow/.local/lib/python3.7/site-packages/airflow/example_dags/tutorial_dag.py
[2023-03-20T11:19:09.202+0000] {logging_mixin.py:137} INFO - [2023-03-20T11:19:09.202+0000] {dag.py:2693} INFO - Sync 1 DAGs
[2023-03-20T11:19:09.217+0000] {logging_mixin.py:137} INFO - [2023-03-20T11:19:09.217+0000] {dag.py:3444} INFO - Setting next_dagrun for tutorial_dag to None, run_after=None
[2023-03-20T11:19:09.230+0000] {processor.py:175} INFO - Processing /home/airflow/.local/lib/python3.7/site-packages/airflow/example_dags/tutorial_dag.py took 0.064 seconds
[2023-03-20T11:19:39.518+0000] {processor.py:153} INFO - Started process (PID=655) to work on /home/airflow/.local/lib/python3.7/site-packages/airflow/example_dags/tutorial_dag.py
[2023-03-20T11:19:39.520+0000] {processor.py:743} INFO - Processing file /home/airflow/.local/lib/python3.7/site-packages/airflow/example_dags/tutorial_dag.py for tasks to queue
[2023-03-20T11:19:39.520+0000] {logging_mixin.py:137} INFO - [2023-03-20T11:19:39.520+0000] {dagbag.py:532} INFO - Filling up the DagBag from /home/airflow/.local/lib/python3.7/site-packages/airflow/example_dags/tutorial_dag.py
[2023-03-20T11:19:39.530+0000] {processor.py:753} INFO - DAG(s) dict_keys(['tutorial_dag']) retrieved from /home/airflow/.local/lib/python3.7/site-packages/airflow/example_dags/tutorial_dag.py
[2023-03-20T11:19:39.552+0000] {logging_mixin.py:137} INFO - [2023-03-20T11:19:39.552+0000] {dag.py:2693} INFO - Sync 1 DAGs
[2023-03-20T11:19:39.568+0000] {logging_mixin.py:137} INFO - [2023-03-20T11:19:39.568+0000] {dag.py:3444} INFO - Setting next_dagrun for tutorial_dag to None, run_after=None
[2023-03-20T11:19:39.579+0000] {processor.py:175} INFO - Processing /home/airflow/.local/lib/python3.7/site-packages/airflow/example_dags/tutorial_dag.py took 0.064 seconds
[2023-03-20T11:20:09.889+0000] {processor.py:153} INFO - Started process (PID=704) to work on /home/airflow/.local/lib/python3.7/site-packages/airflow/example_dags/tutorial_dag.py
[2023-03-20T11:20:09.891+0000] {processor.py:743} INFO - Processing file /home/airflow/.local/lib/python3.7/site-packages/airflow/example_dags/tutorial_dag.py for tasks to queue
[2023-03-20T11:20:09.892+0000] {logging_mixin.py:137} INFO - [2023-03-20T11:20:09.892+0000] {dagbag.py:532} INFO - Filling up the DagBag from /home/airflow/.local/lib/python3.7/site-packages/airflow/example_dags/tutorial_dag.py
[2023-03-20T11:20:09.902+0000] {processor.py:753} INFO - DAG(s) dict_keys(['tutorial_dag']) retrieved from /home/airflow/.local/lib/python3.7/site-packages/airflow/example_dags/tutorial_dag.py
[2023-03-20T11:20:09.925+0000] {logging_mixin.py:137} INFO - [2023-03-20T11:20:09.925+0000] {dag.py:2693} INFO - Sync 1 DAGs
[2023-03-20T11:20:09.941+0000] {logging_mixin.py:137} INFO - [2023-03-20T11:20:09.941+0000] {dag.py:3444} INFO - Setting next_dagrun for tutorial_dag to None, run_after=None
[2023-03-20T11:20:09.952+0000] {processor.py:175} INFO - Processing /home/airflow/.local/lib/python3.7/site-packages/airflow/example_dags/tutorial_dag.py took 0.065 seconds
[2023-03-20T11:20:40.370+0000] {processor.py:153} INFO - Started process (PID=753) to work on /home/airflow/.local/lib/python3.7/site-packages/airflow/example_dags/tutorial_dag.py
[2023-03-20T11:20:40.371+0000] {processor.py:743} INFO - Processing file /home/airflow/.local/lib/python3.7/site-packages/airflow/example_dags/tutorial_dag.py for tasks to queue
[2023-03-20T11:20:40.372+0000] {logging_mixin.py:137} INFO - [2023-03-20T11:20:40.372+0000] {dagbag.py:532} INFO - Filling up the DagBag from /home/airflow/.local/lib/python3.7/site-packages/airflow/example_dags/tutorial_dag.py
[2023-03-20T11:20:40.383+0000] {processor.py:753} INFO - DAG(s) dict_keys(['tutorial_dag']) retrieved from /home/airflow/.local/lib/python3.7/site-packages/airflow/example_dags/tutorial_dag.py
[2023-03-20T11:20:40.404+0000] {logging_mixin.py:137} INFO - [2023-03-20T11:20:40.404+0000] {dag.py:2693} INFO - Sync 1 DAGs
[2023-03-20T11:20:40.420+0000] {logging_mixin.py:137} INFO - [2023-03-20T11:20:40.420+0000] {dag.py:3444} INFO - Setting next_dagrun for tutorial_dag to None, run_after=None
[2023-03-20T11:20:40.431+0000] {processor.py:175} INFO - Processing /home/airflow/.local/lib/python3.7/site-packages/airflow/example_dags/tutorial_dag.py took 0.064 seconds
[2023-03-20T11:21:10.753+0000] {processor.py:153} INFO - Started process (PID=802) to work on /home/airflow/.local/lib/python3.7/site-packages/airflow/example_dags/tutorial_dag.py
[2023-03-20T11:21:10.754+0000] {processor.py:743} INFO - Processing file /home/airflow/.local/lib/python3.7/site-packages/airflow/example_dags/tutorial_dag.py for tasks to queue
[2023-03-20T11:21:10.755+0000] {logging_mixin.py:137} INFO - [2023-03-20T11:21:10.755+0000] {dagbag.py:532} INFO - Filling up the DagBag from /home/airflow/.local/lib/python3.7/site-packages/airflow/example_dags/tutorial_dag.py
[2023-03-20T11:21:10.765+0000] {processor.py:753} INFO - DAG(s) dict_keys(['tutorial_dag']) retrieved from /home/airflow/.local/lib/python3.7/site-packages/airflow/example_dags/tutorial_dag.py
[2023-03-20T11:21:10.795+0000] {logging_mixin.py:137} INFO - [2023-03-20T11:21:10.794+0000] {dag.py:2693} INFO - Sync 1 DAGs
[2023-03-20T11:21:10.812+0000] {logging_mixin.py:137} INFO - [2023-03-20T11:21:10.812+0000] {dag.py:3444} INFO - Setting next_dagrun for tutorial_dag to None, run_after=None
[2023-03-20T11:21:10.824+0000] {processor.py:175} INFO - Processing /home/airflow/.local/lib/python3.7/site-packages/airflow/example_dags/tutorial_dag.py took 0.073 seconds
[2023-03-20T11:21:41.078+0000] {processor.py:153} INFO - Started process (PID=851) to work on /home/airflow/.local/lib/python3.7/site-packages/airflow/example_dags/tutorial_dag.py
[2023-03-20T11:21:41.079+0000] {processor.py:743} INFO - Processing file /home/airflow/.local/lib/python3.7/site-packages/airflow/example_dags/tutorial_dag.py for tasks to queue
[2023-03-20T11:21:41.080+0000] {logging_mixin.py:137} INFO - [2023-03-20T11:21:41.080+0000] {dagbag.py:532} INFO - Filling up the DagBag from /home/airflow/.local/lib/python3.7/site-packages/airflow/example_dags/tutorial_dag.py
[2023-03-20T11:21:41.090+0000] {processor.py:753} INFO - DAG(s) dict_keys(['tutorial_dag']) retrieved from /home/airflow/.local/lib/python3.7/site-packages/airflow/example_dags/tutorial_dag.py
[2023-03-20T11:21:41.112+0000] {logging_mixin.py:137} INFO - [2023-03-20T11:21:41.112+0000] {dag.py:2693} INFO - Sync 1 DAGs
[2023-03-20T11:21:41.128+0000] {logging_mixin.py:137} INFO - [2023-03-20T11:21:41.128+0000] {dag.py:3444} INFO - Setting next_dagrun for tutorial_dag to None, run_after=None
[2023-03-20T11:21:41.139+0000] {processor.py:175} INFO - Processing /home/airflow/.local/lib/python3.7/site-packages/airflow/example_dags/tutorial_dag.py took 0.064 seconds
[2023-03-20T11:22:11.432+0000] {processor.py:153} INFO - Started process (PID=900) to work on /home/airflow/.local/lib/python3.7/site-packages/airflow/example_dags/tutorial_dag.py
[2023-03-20T11:22:11.433+0000] {processor.py:743} INFO - Processing file /home/airflow/.local/lib/python3.7/site-packages/airflow/example_dags/tutorial_dag.py for tasks to queue
[2023-03-20T11:22:11.434+0000] {logging_mixin.py:137} INFO - [2023-03-20T11:22:11.434+0000] {dagbag.py:532} INFO - Filling up the DagBag from /home/airflow/.local/lib/python3.7/site-packages/airflow/example_dags/tutorial_dag.py
[2023-03-20T11:22:11.448+0000] {processor.py:753} INFO - DAG(s) dict_keys(['tutorial_dag']) retrieved from /home/airflow/.local/lib/python3.7/site-packages/airflow/example_dags/tutorial_dag.py
[2023-03-20T11:22:11.472+0000] {logging_mixin.py:137} INFO - [2023-03-20T11:22:11.472+0000] {dag.py:2693} INFO - Sync 1 DAGs
[2023-03-20T11:22:11.488+0000] {logging_mixin.py:137} INFO - [2023-03-20T11:22:11.488+0000] {dag.py:3444} INFO - Setting next_dagrun for tutorial_dag to None, run_after=None
[2023-03-20T11:22:11.499+0000] {processor.py:175} INFO - Processing /home/airflow/.local/lib/python3.7/site-packages/airflow/example_dags/tutorial_dag.py took 0.071 seconds
[2023-03-20T11:22:42.315+0000] {processor.py:153} INFO - Started process (PID=949) to work on /home/airflow/.local/lib/python3.7/site-packages/airflow/example_dags/tutorial_dag.py
[2023-03-20T11:22:42.316+0000] {processor.py:743} INFO - Processing file /home/airflow/.local/lib/python3.7/site-packages/airflow/example_dags/tutorial_dag.py for tasks to queue
[2023-03-20T11:22:42.317+0000] {logging_mixin.py:137} INFO - [2023-03-20T11:22:42.317+0000] {dagbag.py:532} INFO - Filling up the DagBag from /home/airflow/.local/lib/python3.7/site-packages/airflow/example_dags/tutorial_dag.py
[2023-03-20T11:22:42.327+0000] {processor.py:753} INFO - DAG(s) dict_keys(['tutorial_dag']) retrieved from /home/airflow/.local/lib/python3.7/site-packages/airflow/example_dags/tutorial_dag.py
[2023-03-20T11:22:42.347+0000] {logging_mixin.py:137} INFO - [2023-03-20T11:22:42.347+0000] {dag.py:2693} INFO - Sync 1 DAGs
[2023-03-20T11:22:42.362+0000] {logging_mixin.py:137} INFO - [2023-03-20T11:22:42.362+0000] {dag.py:3444} INFO - Setting next_dagrun for tutorial_dag to None, run_after=None
[2023-03-20T11:22:42.373+0000] {processor.py:175} INFO - Processing /home/airflow/.local/lib/python3.7/site-packages/airflow/example_dags/tutorial_dag.py took 0.061 seconds
[2023-03-20T11:23:12.806+0000] {processor.py:153} INFO - Started process (PID=998) to work on /home/airflow/.local/lib/python3.7/site-packages/airflow/example_dags/tutorial_dag.py
[2023-03-20T11:23:12.808+0000] {processor.py:743} INFO - Processing file /home/airflow/.local/lib/python3.7/site-packages/airflow/example_dags/tutorial_dag.py for tasks to queue
[2023-03-20T11:23:12.808+0000] {logging_mixin.py:137} INFO - [2023-03-20T11:23:12.808+0000] {dagbag.py:532} INFO - Filling up the DagBag from /home/airflow/.local/lib/python3.7/site-packages/airflow/example_dags/tutorial_dag.py
[2023-03-20T11:23:12.819+0000] {processor.py:753} INFO - DAG(s) dict_keys(['tutorial_dag']) retrieved from /home/airflow/.local/lib/python3.7/site-packages/airflow/example_dags/tutorial_dag.py
[2023-03-20T11:23:12.840+0000] {logging_mixin.py:137} INFO - [2023-03-20T11:23:12.840+0000] {dag.py:2693} INFO - Sync 1 DAGs
[2023-03-20T11:23:12.856+0000] {logging_mixin.py:137} INFO - [2023-03-20T11:23:12.856+0000] {dag.py:3444} INFO - Setting next_dagrun for tutorial_dag to None, run_after=None
[2023-03-20T11:23:12.867+0000] {processor.py:175} INFO - Processing /home/airflow/.local/lib/python3.7/site-packages/airflow/example_dags/tutorial_dag.py took 0.064 seconds
[2023-03-20T11:23:43.301+0000] {processor.py:153} INFO - Started process (PID=1047) to work on /home/airflow/.local/lib/python3.7/site-packages/airflow/example_dags/tutorial_dag.py
[2023-03-20T11:23:43.302+0000] {processor.py:743} INFO - Processing file /home/airflow/.local/lib/python3.7/site-packages/airflow/example_dags/tutorial_dag.py for tasks to queue
[2023-03-20T11:23:43.303+0000] {logging_mixin.py:137} INFO - [2023-03-20T11:23:43.302+0000] {dagbag.py:532} INFO - Filling up the DagBag from /home/airflow/.local/lib/python3.7/site-packages/airflow/example_dags/tutorial_dag.py
[2023-03-20T11:23:43.314+0000] {processor.py:753} INFO - DAG(s) dict_keys(['tutorial_dag']) retrieved from /home/airflow/.local/lib/python3.7/site-packages/airflow/example_dags/tutorial_dag.py
[2023-03-20T11:23:43.338+0000] {logging_mixin.py:137} INFO - [2023-03-20T11:23:43.338+0000] {dag.py:2693} INFO - Sync 1 DAGs
[2023-03-20T11:23:43.354+0000] {logging_mixin.py:137} INFO - [2023-03-20T11:23:43.354+0000] {dag.py:3444} INFO - Setting next_dagrun for tutorial_dag to None, run_after=None
[2023-03-20T11:23:43.365+0000] {processor.py:175} INFO - Processing /home/airflow/.local/lib/python3.7/site-packages/airflow/example_dags/tutorial_dag.py took 0.068 seconds
