[2023-03-20T11:13:31.041+0000] {processor.py:153} INFO - Started process (PID=48) to work on /home/airflow/.local/lib/python3.7/site-packages/airflow/example_dags/tutorial.py
[2023-03-20T11:13:31.044+0000] {processor.py:743} INFO - Processing file /home/airflow/.local/lib/python3.7/site-packages/airflow/example_dags/tutorial.py for tasks to queue
[2023-03-20T11:13:31.053+0000] {logging_mixin.py:137} INFO - [2023-03-20T11:13:31.052+0000] {dagbag.py:532} INFO - Filling up the DagBag from /home/airflow/.local/lib/python3.7/site-packages/airflow/example_dags/tutorial.py
[2023-03-20T11:13:31.085+0000] {processor.py:753} INFO - DAG(s) dict_keys(['tutorial']) retrieved from /home/airflow/.local/lib/python3.7/site-packages/airflow/example_dags/tutorial.py
[2023-03-20T11:13:31.108+0000] {logging_mixin.py:137} INFO - [2023-03-20T11:13:31.107+0000] {dag.py:2693} INFO - Sync 1 DAGs
[2023-03-20T11:13:31.153+0000] {logging_mixin.py:137} INFO - [2023-03-20T11:13:31.153+0000] {dag.py:3444} INFO - Setting next_dagrun for tutorial to 2023-03-19T11:13:31.152210+00:00, run_after=2023-03-20T11:13:31.152210+00:00
[2023-03-20T11:13:31.193+0000] {processor.py:175} INFO - Processing /home/airflow/.local/lib/python3.7/site-packages/airflow/example_dags/tutorial.py took 0.157 seconds
[2023-03-20T11:14:02.015+0000] {processor.py:153} INFO - Started process (PID=97) to work on /home/airflow/.local/lib/python3.7/site-packages/airflow/example_dags/tutorial.py
[2023-03-20T11:14:02.018+0000] {processor.py:743} INFO - Processing file /home/airflow/.local/lib/python3.7/site-packages/airflow/example_dags/tutorial.py for tasks to queue
[2023-03-20T11:14:02.021+0000] {logging_mixin.py:137} INFO - [2023-03-20T11:14:02.021+0000] {dagbag.py:532} INFO - Filling up the DagBag from /home/airflow/.local/lib/python3.7/site-packages/airflow/example_dags/tutorial.py
[2023-03-20T11:14:02.062+0000] {processor.py:753} INFO - DAG(s) dict_keys(['tutorial']) retrieved from /home/airflow/.local/lib/python3.7/site-packages/airflow/example_dags/tutorial.py
[2023-03-20T11:14:02.119+0000] {logging_mixin.py:137} INFO - [2023-03-20T11:14:02.119+0000] {dag.py:2693} INFO - Sync 1 DAGs
[2023-03-20T11:14:02.158+0000] {logging_mixin.py:137} INFO - [2023-03-20T11:14:02.157+0000] {dag.py:3444} INFO - Setting next_dagrun for tutorial to 2023-03-19T11:14:02.156289+00:00, run_after=2023-03-20T11:14:02.156289+00:00
[2023-03-20T11:14:02.191+0000] {processor.py:175} INFO - Processing /home/airflow/.local/lib/python3.7/site-packages/airflow/example_dags/tutorial.py took 0.182 seconds
[2023-03-20T11:14:32.707+0000] {processor.py:153} INFO - Started process (PID=147) to work on /home/airflow/.local/lib/python3.7/site-packages/airflow/example_dags/tutorial.py
[2023-03-20T11:14:32.708+0000] {processor.py:743} INFO - Processing file /home/airflow/.local/lib/python3.7/site-packages/airflow/example_dags/tutorial.py for tasks to queue
[2023-03-20T11:14:32.709+0000] {logging_mixin.py:137} INFO - [2023-03-20T11:14:32.709+0000] {dagbag.py:532} INFO - Filling up the DagBag from /home/airflow/.local/lib/python3.7/site-packages/airflow/example_dags/tutorial.py
[2023-03-20T11:14:32.720+0000] {processor.py:753} INFO - DAG(s) dict_keys(['tutorial']) retrieved from /home/airflow/.local/lib/python3.7/site-packages/airflow/example_dags/tutorial.py
[2023-03-20T11:14:32.735+0000] {logging_mixin.py:137} INFO - [2023-03-20T11:14:32.734+0000] {dag.py:2693} INFO - Sync 1 DAGs
[2023-03-20T11:14:32.755+0000] {logging_mixin.py:137} INFO - [2023-03-20T11:14:32.754+0000] {dag.py:3444} INFO - Setting next_dagrun for tutorial to 2023-03-19T11:14:32.754592+00:00, run_after=2023-03-20T11:14:32.754592+00:00
[2023-03-20T11:14:32.768+0000] {processor.py:175} INFO - Processing /home/airflow/.local/lib/python3.7/site-packages/airflow/example_dags/tutorial.py took 0.064 seconds
[2023-03-20T11:15:03.432+0000] {processor.py:153} INFO - Started process (PID=196) to work on /home/airflow/.local/lib/python3.7/site-packages/airflow/example_dags/tutorial.py
[2023-03-20T11:15:03.434+0000] {processor.py:743} INFO - Processing file /home/airflow/.local/lib/python3.7/site-packages/airflow/example_dags/tutorial.py for tasks to queue
[2023-03-20T11:15:03.435+0000] {logging_mixin.py:137} INFO - [2023-03-20T11:15:03.435+0000] {dagbag.py:532} INFO - Filling up the DagBag from /home/airflow/.local/lib/python3.7/site-packages/airflow/example_dags/tutorial.py
[2023-03-20T11:15:03.448+0000] {processor.py:753} INFO - DAG(s) dict_keys(['tutorial']) retrieved from /home/airflow/.local/lib/python3.7/site-packages/airflow/example_dags/tutorial.py
[2023-03-20T11:15:03.469+0000] {logging_mixin.py:137} INFO - [2023-03-20T11:15:03.469+0000] {dag.py:2693} INFO - Sync 1 DAGs
[2023-03-20T11:15:03.487+0000] {logging_mixin.py:137} INFO - [2023-03-20T11:15:03.487+0000] {dag.py:3444} INFO - Setting next_dagrun for tutorial to 2023-03-19T11:15:03.487267+00:00, run_after=2023-03-20T11:15:03.487267+00:00
[2023-03-20T11:15:03.501+0000] {processor.py:175} INFO - Processing /home/airflow/.local/lib/python3.7/site-packages/airflow/example_dags/tutorial.py took 0.072 seconds
[2023-03-20T11:15:34.320+0000] {processor.py:153} INFO - Started process (PID=245) to work on /home/airflow/.local/lib/python3.7/site-packages/airflow/example_dags/tutorial.py
[2023-03-20T11:15:34.322+0000] {processor.py:743} INFO - Processing file /home/airflow/.local/lib/python3.7/site-packages/airflow/example_dags/tutorial.py for tasks to queue
[2023-03-20T11:15:34.323+0000] {logging_mixin.py:137} INFO - [2023-03-20T11:15:34.323+0000] {dagbag.py:532} INFO - Filling up the DagBag from /home/airflow/.local/lib/python3.7/site-packages/airflow/example_dags/tutorial.py
[2023-03-20T11:15:34.337+0000] {processor.py:753} INFO - DAG(s) dict_keys(['tutorial']) retrieved from /home/airflow/.local/lib/python3.7/site-packages/airflow/example_dags/tutorial.py
[2023-03-20T11:15:34.359+0000] {logging_mixin.py:137} INFO - [2023-03-20T11:15:34.358+0000] {dag.py:2693} INFO - Sync 1 DAGs
[2023-03-20T11:15:34.375+0000] {logging_mixin.py:137} INFO - [2023-03-20T11:15:34.375+0000] {dag.py:3444} INFO - Setting next_dagrun for tutorial to 2023-03-19T11:15:34.375269+00:00, run_after=2023-03-20T11:15:34.375269+00:00
[2023-03-20T11:15:34.388+0000] {processor.py:175} INFO - Processing /home/airflow/.local/lib/python3.7/site-packages/airflow/example_dags/tutorial.py took 0.071 seconds
[2023-03-20T11:16:04.795+0000] {processor.py:153} INFO - Started process (PID=294) to work on /home/airflow/.local/lib/python3.7/site-packages/airflow/example_dags/tutorial.py
[2023-03-20T11:16:04.797+0000] {processor.py:743} INFO - Processing file /home/airflow/.local/lib/python3.7/site-packages/airflow/example_dags/tutorial.py for tasks to queue
[2023-03-20T11:16:04.797+0000] {logging_mixin.py:137} INFO - [2023-03-20T11:16:04.797+0000] {dagbag.py:532} INFO - Filling up the DagBag from /home/airflow/.local/lib/python3.7/site-packages/airflow/example_dags/tutorial.py
[2023-03-20T11:16:04.808+0000] {processor.py:753} INFO - DAG(s) dict_keys(['tutorial']) retrieved from /home/airflow/.local/lib/python3.7/site-packages/airflow/example_dags/tutorial.py
[2023-03-20T11:16:04.828+0000] {logging_mixin.py:137} INFO - [2023-03-20T11:16:04.828+0000] {dag.py:2693} INFO - Sync 1 DAGs
[2023-03-20T11:16:04.845+0000] {logging_mixin.py:137} INFO - [2023-03-20T11:16:04.845+0000] {dag.py:3444} INFO - Setting next_dagrun for tutorial to 2023-03-19T11:16:04.845092+00:00, run_after=2023-03-20T11:16:04.845092+00:00
[2023-03-20T11:16:04.858+0000] {processor.py:175} INFO - Processing /home/airflow/.local/lib/python3.7/site-packages/airflow/example_dags/tutorial.py took 0.066 seconds
[2023-03-20T11:16:35.193+0000] {processor.py:153} INFO - Started process (PID=343) to work on /home/airflow/.local/lib/python3.7/site-packages/airflow/example_dags/tutorial.py
[2023-03-20T11:16:35.195+0000] {processor.py:743} INFO - Processing file /home/airflow/.local/lib/python3.7/site-packages/airflow/example_dags/tutorial.py for tasks to queue
[2023-03-20T11:16:35.196+0000] {logging_mixin.py:137} INFO - [2023-03-20T11:16:35.195+0000] {dagbag.py:532} INFO - Filling up the DagBag from /home/airflow/.local/lib/python3.7/site-packages/airflow/example_dags/tutorial.py
[2023-03-20T11:16:35.207+0000] {processor.py:753} INFO - DAG(s) dict_keys(['tutorial']) retrieved from /home/airflow/.local/lib/python3.7/site-packages/airflow/example_dags/tutorial.py
[2023-03-20T11:16:35.228+0000] {logging_mixin.py:137} INFO - [2023-03-20T11:16:35.228+0000] {dag.py:2693} INFO - Sync 1 DAGs
[2023-03-20T11:16:35.246+0000] {logging_mixin.py:137} INFO - [2023-03-20T11:16:35.246+0000] {dag.py:3444} INFO - Setting next_dagrun for tutorial to 2023-03-19T11:16:35.246386+00:00, run_after=2023-03-20T11:16:35.246386+00:00
[2023-03-20T11:16:35.259+0000] {processor.py:175} INFO - Processing /home/airflow/.local/lib/python3.7/site-packages/airflow/example_dags/tutorial.py took 0.068 seconds
[2023-03-20T11:17:05.675+0000] {processor.py:153} INFO - Started process (PID=392) to work on /home/airflow/.local/lib/python3.7/site-packages/airflow/example_dags/tutorial.py
[2023-03-20T11:17:05.677+0000] {processor.py:743} INFO - Processing file /home/airflow/.local/lib/python3.7/site-packages/airflow/example_dags/tutorial.py for tasks to queue
[2023-03-20T11:17:05.678+0000] {logging_mixin.py:137} INFO - [2023-03-20T11:17:05.678+0000] {dagbag.py:532} INFO - Filling up the DagBag from /home/airflow/.local/lib/python3.7/site-packages/airflow/example_dags/tutorial.py
[2023-03-20T11:17:05.689+0000] {processor.py:753} INFO - DAG(s) dict_keys(['tutorial']) retrieved from /home/airflow/.local/lib/python3.7/site-packages/airflow/example_dags/tutorial.py
[2023-03-20T11:17:05.712+0000] {logging_mixin.py:137} INFO - [2023-03-20T11:17:05.712+0000] {dag.py:2693} INFO - Sync 1 DAGs
[2023-03-20T11:17:05.733+0000] {logging_mixin.py:137} INFO - [2023-03-20T11:17:05.732+0000] {dag.py:3444} INFO - Setting next_dagrun for tutorial to 2023-03-19T11:17:05.732771+00:00, run_after=2023-03-20T11:17:05.732771+00:00
[2023-03-20T11:17:05.745+0000] {processor.py:175} INFO - Processing /home/airflow/.local/lib/python3.7/site-packages/airflow/example_dags/tutorial.py took 0.073 seconds
[2023-03-20T11:17:36.633+0000] {processor.py:153} INFO - Started process (PID=441) to work on /home/airflow/.local/lib/python3.7/site-packages/airflow/example_dags/tutorial.py
[2023-03-20T11:17:36.634+0000] {processor.py:743} INFO - Processing file /home/airflow/.local/lib/python3.7/site-packages/airflow/example_dags/tutorial.py for tasks to queue
[2023-03-20T11:17:36.635+0000] {logging_mixin.py:137} INFO - [2023-03-20T11:17:36.635+0000] {dagbag.py:532} INFO - Filling up the DagBag from /home/airflow/.local/lib/python3.7/site-packages/airflow/example_dags/tutorial.py
[2023-03-20T11:17:36.648+0000] {processor.py:753} INFO - DAG(s) dict_keys(['tutorial']) retrieved from /home/airflow/.local/lib/python3.7/site-packages/airflow/example_dags/tutorial.py
[2023-03-20T11:17:36.668+0000] {logging_mixin.py:137} INFO - [2023-03-20T11:17:36.668+0000] {dag.py:2693} INFO - Sync 1 DAGs
[2023-03-20T11:17:36.686+0000] {logging_mixin.py:137} INFO - [2023-03-20T11:17:36.686+0000] {dag.py:3444} INFO - Setting next_dagrun for tutorial to 2023-03-19T11:17:36.686339+00:00, run_after=2023-03-20T11:17:36.686339+00:00
[2023-03-20T11:17:36.698+0000] {processor.py:175} INFO - Processing /home/airflow/.local/lib/python3.7/site-packages/airflow/example_dags/tutorial.py took 0.068 seconds
[2023-03-20T11:18:07.116+0000] {processor.py:153} INFO - Started process (PID=490) to work on /home/airflow/.local/lib/python3.7/site-packages/airflow/example_dags/tutorial.py
[2023-03-20T11:18:07.117+0000] {processor.py:743} INFO - Processing file /home/airflow/.local/lib/python3.7/site-packages/airflow/example_dags/tutorial.py for tasks to queue
[2023-03-20T11:18:07.118+0000] {logging_mixin.py:137} INFO - [2023-03-20T11:18:07.118+0000] {dagbag.py:532} INFO - Filling up the DagBag from /home/airflow/.local/lib/python3.7/site-packages/airflow/example_dags/tutorial.py
[2023-03-20T11:18:07.130+0000] {processor.py:753} INFO - DAG(s) dict_keys(['tutorial']) retrieved from /home/airflow/.local/lib/python3.7/site-packages/airflow/example_dags/tutorial.py
[2023-03-20T11:18:07.150+0000] {logging_mixin.py:137} INFO - [2023-03-20T11:18:07.150+0000] {dag.py:2693} INFO - Sync 1 DAGs
[2023-03-20T11:18:07.167+0000] {logging_mixin.py:137} INFO - [2023-03-20T11:18:07.167+0000] {dag.py:3444} INFO - Setting next_dagrun for tutorial to 2023-03-19T11:18:07.167100+00:00, run_after=2023-03-20T11:18:07.167100+00:00
[2023-03-20T11:18:07.178+0000] {processor.py:175} INFO - Processing /home/airflow/.local/lib/python3.7/site-packages/airflow/example_dags/tutorial.py took 0.066 seconds
[2023-03-20T11:18:37.954+0000] {processor.py:153} INFO - Started process (PID=539) to work on /home/airflow/.local/lib/python3.7/site-packages/airflow/example_dags/tutorial.py
[2023-03-20T11:18:37.955+0000] {processor.py:743} INFO - Processing file /home/airflow/.local/lib/python3.7/site-packages/airflow/example_dags/tutorial.py for tasks to queue
[2023-03-20T11:18:37.956+0000] {logging_mixin.py:137} INFO - [2023-03-20T11:18:37.956+0000] {dagbag.py:532} INFO - Filling up the DagBag from /home/airflow/.local/lib/python3.7/site-packages/airflow/example_dags/tutorial.py
[2023-03-20T11:18:37.966+0000] {processor.py:753} INFO - DAG(s) dict_keys(['tutorial']) retrieved from /home/airflow/.local/lib/python3.7/site-packages/airflow/example_dags/tutorial.py
[2023-03-20T11:18:37.986+0000] {logging_mixin.py:137} INFO - [2023-03-20T11:18:37.986+0000] {dag.py:2693} INFO - Sync 1 DAGs
[2023-03-20T11:18:38.003+0000] {logging_mixin.py:137} INFO - [2023-03-20T11:18:38.003+0000] {dag.py:3444} INFO - Setting next_dagrun for tutorial to 2023-03-19T11:18:38.003466+00:00, run_after=2023-03-20T11:18:38.003466+00:00
[2023-03-20T11:18:38.015+0000] {processor.py:175} INFO - Processing /home/airflow/.local/lib/python3.7/site-packages/airflow/example_dags/tutorial.py took 0.065 seconds
[2023-03-20T11:19:08.346+0000] {processor.py:153} INFO - Started process (PID=588) to work on /home/airflow/.local/lib/python3.7/site-packages/airflow/example_dags/tutorial.py
[2023-03-20T11:19:08.347+0000] {processor.py:743} INFO - Processing file /home/airflow/.local/lib/python3.7/site-packages/airflow/example_dags/tutorial.py for tasks to queue
[2023-03-20T11:19:08.348+0000] {logging_mixin.py:137} INFO - [2023-03-20T11:19:08.348+0000] {dagbag.py:532} INFO - Filling up the DagBag from /home/airflow/.local/lib/python3.7/site-packages/airflow/example_dags/tutorial.py
[2023-03-20T11:19:08.358+0000] {processor.py:753} INFO - DAG(s) dict_keys(['tutorial']) retrieved from /home/airflow/.local/lib/python3.7/site-packages/airflow/example_dags/tutorial.py
[2023-03-20T11:19:08.378+0000] {logging_mixin.py:137} INFO - [2023-03-20T11:19:08.378+0000] {dag.py:2693} INFO - Sync 1 DAGs
[2023-03-20T11:19:08.395+0000] {logging_mixin.py:137} INFO - [2023-03-20T11:19:08.395+0000] {dag.py:3444} INFO - Setting next_dagrun for tutorial to 2023-03-19T11:19:08.395271+00:00, run_after=2023-03-20T11:19:08.395271+00:00
[2023-03-20T11:19:08.408+0000] {processor.py:175} INFO - Processing /home/airflow/.local/lib/python3.7/site-packages/airflow/example_dags/tutorial.py took 0.065 seconds
[2023-03-20T11:19:38.695+0000] {processor.py:153} INFO - Started process (PID=637) to work on /home/airflow/.local/lib/python3.7/site-packages/airflow/example_dags/tutorial.py
[2023-03-20T11:19:38.697+0000] {processor.py:743} INFO - Processing file /home/airflow/.local/lib/python3.7/site-packages/airflow/example_dags/tutorial.py for tasks to queue
[2023-03-20T11:19:38.697+0000] {logging_mixin.py:137} INFO - [2023-03-20T11:19:38.697+0000] {dagbag.py:532} INFO - Filling up the DagBag from /home/airflow/.local/lib/python3.7/site-packages/airflow/example_dags/tutorial.py
[2023-03-20T11:19:38.709+0000] {processor.py:753} INFO - DAG(s) dict_keys(['tutorial']) retrieved from /home/airflow/.local/lib/python3.7/site-packages/airflow/example_dags/tutorial.py
[2023-03-20T11:19:38.729+0000] {logging_mixin.py:137} INFO - [2023-03-20T11:19:38.729+0000] {dag.py:2693} INFO - Sync 1 DAGs
[2023-03-20T11:19:38.747+0000] {logging_mixin.py:137} INFO - [2023-03-20T11:19:38.747+0000] {dag.py:3444} INFO - Setting next_dagrun for tutorial to 2023-03-19T11:19:38.747033+00:00, run_after=2023-03-20T11:19:38.747033+00:00
[2023-03-20T11:19:38.759+0000] {processor.py:175} INFO - Processing /home/airflow/.local/lib/python3.7/site-packages/airflow/example_dags/tutorial.py took 0.066 seconds
[2023-03-20T11:20:09.058+0000] {processor.py:153} INFO - Started process (PID=686) to work on /home/airflow/.local/lib/python3.7/site-packages/airflow/example_dags/tutorial.py
[2023-03-20T11:20:09.059+0000] {processor.py:743} INFO - Processing file /home/airflow/.local/lib/python3.7/site-packages/airflow/example_dags/tutorial.py for tasks to queue
[2023-03-20T11:20:09.060+0000] {logging_mixin.py:137} INFO - [2023-03-20T11:20:09.060+0000] {dagbag.py:532} INFO - Filling up the DagBag from /home/airflow/.local/lib/python3.7/site-packages/airflow/example_dags/tutorial.py
[2023-03-20T11:20:09.070+0000] {processor.py:753} INFO - DAG(s) dict_keys(['tutorial']) retrieved from /home/airflow/.local/lib/python3.7/site-packages/airflow/example_dags/tutorial.py
[2023-03-20T11:20:09.090+0000] {logging_mixin.py:137} INFO - [2023-03-20T11:20:09.090+0000] {dag.py:2693} INFO - Sync 1 DAGs
[2023-03-20T11:20:09.107+0000] {logging_mixin.py:137} INFO - [2023-03-20T11:20:09.106+0000] {dag.py:3444} INFO - Setting next_dagrun for tutorial to 2023-03-19T11:20:09.106768+00:00, run_after=2023-03-20T11:20:09.106768+00:00
[2023-03-20T11:20:09.118+0000] {processor.py:175} INFO - Processing /home/airflow/.local/lib/python3.7/site-packages/airflow/example_dags/tutorial.py took 0.064 seconds
[2023-03-20T11:20:39.536+0000] {processor.py:153} INFO - Started process (PID=735) to work on /home/airflow/.local/lib/python3.7/site-packages/airflow/example_dags/tutorial.py
[2023-03-20T11:20:39.537+0000] {processor.py:743} INFO - Processing file /home/airflow/.local/lib/python3.7/site-packages/airflow/example_dags/tutorial.py for tasks to queue
[2023-03-20T11:20:39.538+0000] {logging_mixin.py:137} INFO - [2023-03-20T11:20:39.538+0000] {dagbag.py:532} INFO - Filling up the DagBag from /home/airflow/.local/lib/python3.7/site-packages/airflow/example_dags/tutorial.py
[2023-03-20T11:20:39.548+0000] {processor.py:753} INFO - DAG(s) dict_keys(['tutorial']) retrieved from /home/airflow/.local/lib/python3.7/site-packages/airflow/example_dags/tutorial.py
[2023-03-20T11:20:39.569+0000] {logging_mixin.py:137} INFO - [2023-03-20T11:20:39.569+0000] {dag.py:2693} INFO - Sync 1 DAGs
[2023-03-20T11:20:39.586+0000] {logging_mixin.py:137} INFO - [2023-03-20T11:20:39.586+0000] {dag.py:3444} INFO - Setting next_dagrun for tutorial to 2023-03-19T11:20:39.586083+00:00, run_after=2023-03-20T11:20:39.586083+00:00
[2023-03-20T11:20:39.597+0000] {processor.py:175} INFO - Processing /home/airflow/.local/lib/python3.7/site-packages/airflow/example_dags/tutorial.py took 0.064 seconds
[2023-03-20T11:21:09.810+0000] {processor.py:153} INFO - Started process (PID=784) to work on /home/airflow/.local/lib/python3.7/site-packages/airflow/example_dags/tutorial.py
[2023-03-20T11:21:09.811+0000] {processor.py:743} INFO - Processing file /home/airflow/.local/lib/python3.7/site-packages/airflow/example_dags/tutorial.py for tasks to queue
[2023-03-20T11:21:09.812+0000] {logging_mixin.py:137} INFO - [2023-03-20T11:21:09.812+0000] {dagbag.py:532} INFO - Filling up the DagBag from /home/airflow/.local/lib/python3.7/site-packages/airflow/example_dags/tutorial.py
[2023-03-20T11:21:09.821+0000] {processor.py:753} INFO - DAG(s) dict_keys(['tutorial']) retrieved from /home/airflow/.local/lib/python3.7/site-packages/airflow/example_dags/tutorial.py
[2023-03-20T11:21:09.840+0000] {logging_mixin.py:137} INFO - [2023-03-20T11:21:09.840+0000] {dag.py:2693} INFO - Sync 1 DAGs
[2023-03-20T11:21:09.856+0000] {logging_mixin.py:137} INFO - [2023-03-20T11:21:09.856+0000] {dag.py:3444} INFO - Setting next_dagrun for tutorial to 2023-03-19T11:21:09.856269+00:00, run_after=2023-03-20T11:21:09.856269+00:00
[2023-03-20T11:21:09.867+0000] {processor.py:175} INFO - Processing /home/airflow/.local/lib/python3.7/site-packages/airflow/example_dags/tutorial.py took 0.060 seconds
[2023-03-20T11:21:40.242+0000] {processor.py:153} INFO - Started process (PID=833) to work on /home/airflow/.local/lib/python3.7/site-packages/airflow/example_dags/tutorial.py
[2023-03-20T11:21:40.244+0000] {processor.py:743} INFO - Processing file /home/airflow/.local/lib/python3.7/site-packages/airflow/example_dags/tutorial.py for tasks to queue
[2023-03-20T11:21:40.245+0000] {logging_mixin.py:137} INFO - [2023-03-20T11:21:40.245+0000] {dagbag.py:532} INFO - Filling up the DagBag from /home/airflow/.local/lib/python3.7/site-packages/airflow/example_dags/tutorial.py
[2023-03-20T11:21:40.255+0000] {processor.py:753} INFO - DAG(s) dict_keys(['tutorial']) retrieved from /home/airflow/.local/lib/python3.7/site-packages/airflow/example_dags/tutorial.py
[2023-03-20T11:21:40.275+0000] {logging_mixin.py:137} INFO - [2023-03-20T11:21:40.275+0000] {dag.py:2693} INFO - Sync 1 DAGs
[2023-03-20T11:21:40.292+0000] {logging_mixin.py:137} INFO - [2023-03-20T11:21:40.292+0000] {dag.py:3444} INFO - Setting next_dagrun for tutorial to 2023-03-19T11:21:40.292318+00:00, run_after=2023-03-20T11:21:40.292318+00:00
[2023-03-20T11:21:40.304+0000] {processor.py:175} INFO - Processing /home/airflow/.local/lib/python3.7/site-packages/airflow/example_dags/tutorial.py took 0.065 seconds
[2023-03-20T11:22:10.626+0000] {processor.py:153} INFO - Started process (PID=882) to work on /home/airflow/.local/lib/python3.7/site-packages/airflow/example_dags/tutorial.py
[2023-03-20T11:22:10.627+0000] {processor.py:743} INFO - Processing file /home/airflow/.local/lib/python3.7/site-packages/airflow/example_dags/tutorial.py for tasks to queue
[2023-03-20T11:22:10.628+0000] {logging_mixin.py:137} INFO - [2023-03-20T11:22:10.628+0000] {dagbag.py:532} INFO - Filling up the DagBag from /home/airflow/.local/lib/python3.7/site-packages/airflow/example_dags/tutorial.py
[2023-03-20T11:22:10.639+0000] {processor.py:753} INFO - DAG(s) dict_keys(['tutorial']) retrieved from /home/airflow/.local/lib/python3.7/site-packages/airflow/example_dags/tutorial.py
[2023-03-20T11:22:10.660+0000] {logging_mixin.py:137} INFO - [2023-03-20T11:22:10.660+0000] {dag.py:2693} INFO - Sync 1 DAGs
[2023-03-20T11:22:10.676+0000] {logging_mixin.py:137} INFO - [2023-03-20T11:22:10.676+0000] {dag.py:3444} INFO - Setting next_dagrun for tutorial to 2023-03-19T11:22:10.676260+00:00, run_after=2023-03-20T11:22:10.676260+00:00
[2023-03-20T11:22:10.687+0000] {processor.py:175} INFO - Processing /home/airflow/.local/lib/python3.7/site-packages/airflow/example_dags/tutorial.py took 0.064 seconds
[2023-03-20T11:22:41.180+0000] {processor.py:153} INFO - Started process (PID=931) to work on /home/airflow/.local/lib/python3.7/site-packages/airflow/example_dags/tutorial.py
[2023-03-20T11:22:41.181+0000] {processor.py:743} INFO - Processing file /home/airflow/.local/lib/python3.7/site-packages/airflow/example_dags/tutorial.py for tasks to queue
[2023-03-20T11:22:41.182+0000] {logging_mixin.py:137} INFO - [2023-03-20T11:22:41.182+0000] {dagbag.py:532} INFO - Filling up the DagBag from /home/airflow/.local/lib/python3.7/site-packages/airflow/example_dags/tutorial.py
[2023-03-20T11:22:41.192+0000] {processor.py:753} INFO - DAG(s) dict_keys(['tutorial']) retrieved from /home/airflow/.local/lib/python3.7/site-packages/airflow/example_dags/tutorial.py
[2023-03-20T11:22:41.211+0000] {logging_mixin.py:137} INFO - [2023-03-20T11:22:41.211+0000] {dag.py:2693} INFO - Sync 1 DAGs
[2023-03-20T11:22:41.227+0000] {logging_mixin.py:137} INFO - [2023-03-20T11:22:41.227+0000] {dag.py:3444} INFO - Setting next_dagrun for tutorial to 2023-03-19T11:22:41.227273+00:00, run_after=2023-03-20T11:22:41.227273+00:00
[2023-03-20T11:22:41.239+0000] {processor.py:175} INFO - Processing /home/airflow/.local/lib/python3.7/site-packages/airflow/example_dags/tutorial.py took 0.062 seconds
[2023-03-20T11:23:11.922+0000] {processor.py:153} INFO - Started process (PID=980) to work on /home/airflow/.local/lib/python3.7/site-packages/airflow/example_dags/tutorial.py
[2023-03-20T11:23:11.924+0000] {processor.py:743} INFO - Processing file /home/airflow/.local/lib/python3.7/site-packages/airflow/example_dags/tutorial.py for tasks to queue
[2023-03-20T11:23:11.925+0000] {logging_mixin.py:137} INFO - [2023-03-20T11:23:11.925+0000] {dagbag.py:532} INFO - Filling up the DagBag from /home/airflow/.local/lib/python3.7/site-packages/airflow/example_dags/tutorial.py
[2023-03-20T11:23:11.936+0000] {processor.py:753} INFO - DAG(s) dict_keys(['tutorial']) retrieved from /home/airflow/.local/lib/python3.7/site-packages/airflow/example_dags/tutorial.py
[2023-03-20T11:23:11.955+0000] {logging_mixin.py:137} INFO - [2023-03-20T11:23:11.955+0000] {dag.py:2693} INFO - Sync 1 DAGs
[2023-03-20T11:23:11.971+0000] {logging_mixin.py:137} INFO - [2023-03-20T11:23:11.971+0000] {dag.py:3444} INFO - Setting next_dagrun for tutorial to 2023-03-19T11:23:11.971324+00:00, run_after=2023-03-20T11:23:11.971324+00:00
[2023-03-20T11:23:11.982+0000] {processor.py:175} INFO - Processing /home/airflow/.local/lib/python3.7/site-packages/airflow/example_dags/tutorial.py took 0.063 seconds
[2023-03-20T11:23:42.408+0000] {processor.py:153} INFO - Started process (PID=1029) to work on /home/airflow/.local/lib/python3.7/site-packages/airflow/example_dags/tutorial.py
[2023-03-20T11:23:42.410+0000] {processor.py:743} INFO - Processing file /home/airflow/.local/lib/python3.7/site-packages/airflow/example_dags/tutorial.py for tasks to queue
[2023-03-20T11:23:42.411+0000] {logging_mixin.py:137} INFO - [2023-03-20T11:23:42.410+0000] {dagbag.py:532} INFO - Filling up the DagBag from /home/airflow/.local/lib/python3.7/site-packages/airflow/example_dags/tutorial.py
[2023-03-20T11:23:42.421+0000] {processor.py:753} INFO - DAG(s) dict_keys(['tutorial']) retrieved from /home/airflow/.local/lib/python3.7/site-packages/airflow/example_dags/tutorial.py
[2023-03-20T11:23:42.444+0000] {logging_mixin.py:137} INFO - [2023-03-20T11:23:42.444+0000] {dag.py:2693} INFO - Sync 1 DAGs
[2023-03-20T11:23:42.462+0000] {logging_mixin.py:137} INFO - [2023-03-20T11:23:42.462+0000] {dag.py:3444} INFO - Setting next_dagrun for tutorial to 2023-03-19T11:23:42.461899+00:00, run_after=2023-03-20T11:23:42.461899+00:00
[2023-03-20T11:23:42.473+0000] {processor.py:175} INFO - Processing /home/airflow/.local/lib/python3.7/site-packages/airflow/example_dags/tutorial.py took 0.068 seconds
[2023-03-20 11:38:02,373] {scheduler_job.py:182} INFO - Started process (PID=55) to work on /home/airflow/.local/lib/python3.6/site-packages/airflow/example_dags/tutorial.py
[2023-03-20 11:38:02,376] {scheduler_job.py:629} INFO - Processing file /home/airflow/.local/lib/python3.6/site-packages/airflow/example_dags/tutorial.py for tasks to queue
[2023-03-20 11:38:02,379] {logging_mixin.py:104} INFO - [2023-03-20 11:38:02,379] {dagbag.py:451} INFO - Filling up the DagBag from /home/airflow/.local/lib/python3.6/site-packages/airflow/example_dags/tutorial.py
[2023-03-20 11:38:02,399] {scheduler_job.py:639} INFO - DAG(s) dict_keys(['tutorial']) retrieved from /home/airflow/.local/lib/python3.6/site-packages/airflow/example_dags/tutorial.py
[2023-03-20 11:38:02,545] {logging_mixin.py:104} INFO - [2023-03-20 11:38:02,544] {dag.py:1824} INFO - Sync 1 DAGs
[2023-03-20 11:38:02,596] {logging_mixin.py:104} INFO - [2023-03-20 11:38:02,595] {dag.py:1843} INFO - Creating ORM DAG for tutorial
[2023-03-20 11:38:02,607] {logging_mixin.py:104} INFO - [2023-03-20 11:38:02,607] {dag.py:2280} INFO - Setting next_dagrun for tutorial to 2023-03-18 00:00:00+00:00
[2023-03-20 11:38:02,652] {scheduler_job.py:190} INFO - Processing /home/airflow/.local/lib/python3.6/site-packages/airflow/example_dags/tutorial.py took 0.283 seconds
[2023-03-20 11:38:33,701] {scheduler_job.py:182} INFO - Started process (PID=83) to work on /home/airflow/.local/lib/python3.6/site-packages/airflow/example_dags/tutorial.py
[2023-03-20 11:38:33,703] {scheduler_job.py:629} INFO - Processing file /home/airflow/.local/lib/python3.6/site-packages/airflow/example_dags/tutorial.py for tasks to queue
[2023-03-20 11:38:33,704] {logging_mixin.py:104} INFO - [2023-03-20 11:38:33,704] {dagbag.py:451} INFO - Filling up the DagBag from /home/airflow/.local/lib/python3.6/site-packages/airflow/example_dags/tutorial.py
[2023-03-20 11:38:33,713] {scheduler_job.py:639} INFO - DAG(s) dict_keys(['tutorial']) retrieved from /home/airflow/.local/lib/python3.6/site-packages/airflow/example_dags/tutorial.py
[2023-03-20 11:38:33,736] {logging_mixin.py:104} INFO - [2023-03-20 11:38:33,736] {dag.py:1824} INFO - Sync 1 DAGs
[2023-03-20 11:38:33,758] {logging_mixin.py:104} INFO - [2023-03-20 11:38:33,757] {dag.py:2280} INFO - Setting next_dagrun for tutorial to 2023-03-18 00:00:00+00:00
[2023-03-20 11:38:33,766] {scheduler_job.py:190} INFO - Processing /home/airflow/.local/lib/python3.6/site-packages/airflow/example_dags/tutorial.py took 0.067 seconds
[2023-03-20 11:39:04,551] {scheduler_job.py:182} INFO - Started process (PID=109) to work on /home/airflow/.local/lib/python3.6/site-packages/airflow/example_dags/tutorial.py
[2023-03-20 11:39:04,552] {scheduler_job.py:629} INFO - Processing file /home/airflow/.local/lib/python3.6/site-packages/airflow/example_dags/tutorial.py for tasks to queue
[2023-03-20 11:39:04,553] {logging_mixin.py:104} INFO - [2023-03-20 11:39:04,553] {dagbag.py:451} INFO - Filling up the DagBag from /home/airflow/.local/lib/python3.6/site-packages/airflow/example_dags/tutorial.py
[2023-03-20 11:39:04,564] {scheduler_job.py:639} INFO - DAG(s) dict_keys(['tutorial']) retrieved from /home/airflow/.local/lib/python3.6/site-packages/airflow/example_dags/tutorial.py
[2023-03-20 11:39:04,599] {logging_mixin.py:104} INFO - [2023-03-20 11:39:04,598] {dag.py:1824} INFO - Sync 1 DAGs
[2023-03-20 11:39:04,623] {logging_mixin.py:104} INFO - [2023-03-20 11:39:04,623] {dag.py:2280} INFO - Setting next_dagrun for tutorial to 2023-03-18 00:00:00+00:00
[2023-03-20 11:39:04,633] {scheduler_job.py:190} INFO - Processing /home/airflow/.local/lib/python3.6/site-packages/airflow/example_dags/tutorial.py took 0.084 seconds
[2023-03-20 11:39:35,271] {scheduler_job.py:182} INFO - Started process (PID=135) to work on /home/airflow/.local/lib/python3.6/site-packages/airflow/example_dags/tutorial.py
[2023-03-20 11:39:35,273] {scheduler_job.py:629} INFO - Processing file /home/airflow/.local/lib/python3.6/site-packages/airflow/example_dags/tutorial.py for tasks to queue
[2023-03-20 11:39:35,274] {logging_mixin.py:104} INFO - [2023-03-20 11:39:35,274] {dagbag.py:451} INFO - Filling up the DagBag from /home/airflow/.local/lib/python3.6/site-packages/airflow/example_dags/tutorial.py
[2023-03-20 11:39:35,283] {scheduler_job.py:639} INFO - DAG(s) dict_keys(['tutorial']) retrieved from /home/airflow/.local/lib/python3.6/site-packages/airflow/example_dags/tutorial.py
[2023-03-20 11:39:35,303] {logging_mixin.py:104} INFO - [2023-03-20 11:39:35,303] {dag.py:1824} INFO - Sync 1 DAGs
[2023-03-20 11:39:35,320] {logging_mixin.py:104} INFO - [2023-03-20 11:39:35,320] {dag.py:2280} INFO - Setting next_dagrun for tutorial to 2023-03-18 00:00:00+00:00
[2023-03-20 11:39:35,328] {scheduler_job.py:190} INFO - Processing /home/airflow/.local/lib/python3.6/site-packages/airflow/example_dags/tutorial.py took 0.059 seconds
[2023-03-20 11:40:06,082] {scheduler_job.py:182} INFO - Started process (PID=161) to work on /home/airflow/.local/lib/python3.6/site-packages/airflow/example_dags/tutorial.py
[2023-03-20 11:40:06,084] {scheduler_job.py:629} INFO - Processing file /home/airflow/.local/lib/python3.6/site-packages/airflow/example_dags/tutorial.py for tasks to queue
[2023-03-20 11:40:06,084] {logging_mixin.py:104} INFO - [2023-03-20 11:40:06,084] {dagbag.py:451} INFO - Filling up the DagBag from /home/airflow/.local/lib/python3.6/site-packages/airflow/example_dags/tutorial.py
[2023-03-20 11:40:06,094] {scheduler_job.py:639} INFO - DAG(s) dict_keys(['tutorial']) retrieved from /home/airflow/.local/lib/python3.6/site-packages/airflow/example_dags/tutorial.py
[2023-03-20 11:40:06,114] {logging_mixin.py:104} INFO - [2023-03-20 11:40:06,114] {dag.py:1824} INFO - Sync 1 DAGs
[2023-03-20 11:40:06,136] {logging_mixin.py:104} INFO - [2023-03-20 11:40:06,136] {dag.py:2280} INFO - Setting next_dagrun for tutorial to 2023-03-18 00:00:00+00:00
[2023-03-20 11:40:06,146] {scheduler_job.py:190} INFO - Processing /home/airflow/.local/lib/python3.6/site-packages/airflow/example_dags/tutorial.py took 0.067 seconds
[2023-03-20 11:40:36,841] {scheduler_job.py:182} INFO - Started process (PID=187) to work on /home/airflow/.local/lib/python3.6/site-packages/airflow/example_dags/tutorial.py
[2023-03-20 11:40:36,844] {scheduler_job.py:629} INFO - Processing file /home/airflow/.local/lib/python3.6/site-packages/airflow/example_dags/tutorial.py for tasks to queue
[2023-03-20 11:40:36,845] {logging_mixin.py:104} INFO - [2023-03-20 11:40:36,845] {dagbag.py:451} INFO - Filling up the DagBag from /home/airflow/.local/lib/python3.6/site-packages/airflow/example_dags/tutorial.py
[2023-03-20 11:40:36,857] {scheduler_job.py:639} INFO - DAG(s) dict_keys(['tutorial']) retrieved from /home/airflow/.local/lib/python3.6/site-packages/airflow/example_dags/tutorial.py
[2023-03-20 11:40:36,886] {logging_mixin.py:104} INFO - [2023-03-20 11:40:36,886] {dag.py:1824} INFO - Sync 1 DAGs
[2023-03-20 11:40:36,906] {logging_mixin.py:104} INFO - [2023-03-20 11:40:36,906] {dag.py:2280} INFO - Setting next_dagrun for tutorial to 2023-03-18 00:00:00+00:00
[2023-03-20 11:40:36,915] {scheduler_job.py:190} INFO - Processing /home/airflow/.local/lib/python3.6/site-packages/airflow/example_dags/tutorial.py took 0.078 seconds
[2023-03-20 11:41:07,434] {scheduler_job.py:182} INFO - Started process (PID=213) to work on /home/airflow/.local/lib/python3.6/site-packages/airflow/example_dags/tutorial.py
[2023-03-20 11:41:07,436] {scheduler_job.py:629} INFO - Processing file /home/airflow/.local/lib/python3.6/site-packages/airflow/example_dags/tutorial.py for tasks to queue
[2023-03-20 11:41:07,437] {logging_mixin.py:104} INFO - [2023-03-20 11:41:07,436] {dagbag.py:451} INFO - Filling up the DagBag from /home/airflow/.local/lib/python3.6/site-packages/airflow/example_dags/tutorial.py
[2023-03-20 11:41:07,446] {scheduler_job.py:639} INFO - DAG(s) dict_keys(['tutorial']) retrieved from /home/airflow/.local/lib/python3.6/site-packages/airflow/example_dags/tutorial.py
[2023-03-20 11:41:07,476] {logging_mixin.py:104} INFO - [2023-03-20 11:41:07,476] {dag.py:1824} INFO - Sync 1 DAGs
[2023-03-20 11:41:07,488] {logging_mixin.py:104} INFO - [2023-03-20 11:41:07,488] {dag.py:2280} INFO - Setting next_dagrun for tutorial to 2023-03-18 00:00:00+00:00
[2023-03-20 11:41:07,495] {scheduler_job.py:190} INFO - Processing /home/airflow/.local/lib/python3.6/site-packages/airflow/example_dags/tutorial.py took 0.064 seconds
[2023-03-20 14:55:25,779] {scheduler_job.py:182} INFO - Started process (PID=33) to work on /home/airflow/.local/lib/python3.6/site-packages/airflow/example_dags/tutorial.py
[2023-03-20 14:55:25,782] {scheduler_job.py:629} INFO - Processing file /home/airflow/.local/lib/python3.6/site-packages/airflow/example_dags/tutorial.py for tasks to queue
[2023-03-20 14:55:25,784] {logging_mixin.py:104} INFO - [2023-03-20 14:55:25,783] {dagbag.py:451} INFO - Filling up the DagBag from /home/airflow/.local/lib/python3.6/site-packages/airflow/example_dags/tutorial.py
[2023-03-20 14:55:25,797] {scheduler_job.py:639} INFO - DAG(s) dict_keys(['tutorial']) retrieved from /home/airflow/.local/lib/python3.6/site-packages/airflow/example_dags/tutorial.py
[2023-03-20 14:55:25,829] {logging_mixin.py:104} INFO - [2023-03-20 14:55:25,829] {dag.py:1824} INFO - Sync 1 DAGs
[2023-03-20 14:55:25,848] {logging_mixin.py:104} INFO - [2023-03-20 14:55:25,848] {dag.py:1843} INFO - Creating ORM DAG for tutorial
[2023-03-20 14:55:25,859] {logging_mixin.py:104} INFO - [2023-03-20 14:55:25,858] {dag.py:2280} INFO - Setting next_dagrun for tutorial to 2023-03-18 00:00:00+00:00
[2023-03-20 14:55:25,883] {scheduler_job.py:190} INFO - Processing /home/airflow/.local/lib/python3.6/site-packages/airflow/example_dags/tutorial.py took 0.111 seconds
[2023-03-20 14:55:56,138] {scheduler_job.py:182} INFO - Started process (PID=59) to work on /home/airflow/.local/lib/python3.6/site-packages/airflow/example_dags/tutorial.py
[2023-03-20 14:55:56,144] {scheduler_job.py:629} INFO - Processing file /home/airflow/.local/lib/python3.6/site-packages/airflow/example_dags/tutorial.py for tasks to queue
[2023-03-20 14:55:56,151] {logging_mixin.py:104} INFO - [2023-03-20 14:55:56,151] {dagbag.py:451} INFO - Filling up the DagBag from /home/airflow/.local/lib/python3.6/site-packages/airflow/example_dags/tutorial.py
[2023-03-20 14:55:56,170] {scheduler_job.py:639} INFO - DAG(s) dict_keys(['tutorial']) retrieved from /home/airflow/.local/lib/python3.6/site-packages/airflow/example_dags/tutorial.py
[2023-03-20 14:55:56,196] {logging_mixin.py:104} INFO - [2023-03-20 14:55:56,196] {dag.py:1824} INFO - Sync 1 DAGs
[2023-03-20 14:55:56,211] {logging_mixin.py:104} INFO - [2023-03-20 14:55:56,211] {dag.py:2280} INFO - Setting next_dagrun for tutorial to 2023-03-18 00:00:00+00:00
[2023-03-20 14:55:56,218] {scheduler_job.py:190} INFO - Processing /home/airflow/.local/lib/python3.6/site-packages/airflow/example_dags/tutorial.py took 0.088 seconds
[2023-03-20 14:56:27,113] {scheduler_job.py:182} INFO - Started process (PID=85) to work on /home/airflow/.local/lib/python3.6/site-packages/airflow/example_dags/tutorial.py
[2023-03-20 14:56:27,115] {scheduler_job.py:629} INFO - Processing file /home/airflow/.local/lib/python3.6/site-packages/airflow/example_dags/tutorial.py for tasks to queue
[2023-03-20 14:56:27,116] {logging_mixin.py:104} INFO - [2023-03-20 14:56:27,115] {dagbag.py:451} INFO - Filling up the DagBag from /home/airflow/.local/lib/python3.6/site-packages/airflow/example_dags/tutorial.py
[2023-03-20 14:56:27,126] {scheduler_job.py:639} INFO - DAG(s) dict_keys(['tutorial']) retrieved from /home/airflow/.local/lib/python3.6/site-packages/airflow/example_dags/tutorial.py
[2023-03-20 14:56:27,148] {logging_mixin.py:104} INFO - [2023-03-20 14:56:27,148] {dag.py:1824} INFO - Sync 1 DAGs
[2023-03-20 14:56:27,163] {logging_mixin.py:104} INFO - [2023-03-20 14:56:27,163] {dag.py:2280} INFO - Setting next_dagrun for tutorial to 2023-03-18 00:00:00+00:00
[2023-03-20 14:56:27,172] {scheduler_job.py:190} INFO - Processing /home/airflow/.local/lib/python3.6/site-packages/airflow/example_dags/tutorial.py took 0.063 seconds
[2023-03-20 14:56:57,713] {scheduler_job.py:182} INFO - Started process (PID=111) to work on /home/airflow/.local/lib/python3.6/site-packages/airflow/example_dags/tutorial.py
[2023-03-20 14:56:57,716] {scheduler_job.py:629} INFO - Processing file /home/airflow/.local/lib/python3.6/site-packages/airflow/example_dags/tutorial.py for tasks to queue
[2023-03-20 14:56:57,718] {logging_mixin.py:104} INFO - [2023-03-20 14:56:57,717] {dagbag.py:451} INFO - Filling up the DagBag from /home/airflow/.local/lib/python3.6/site-packages/airflow/example_dags/tutorial.py
[2023-03-20 14:56:57,731] {scheduler_job.py:639} INFO - DAG(s) dict_keys(['tutorial']) retrieved from /home/airflow/.local/lib/python3.6/site-packages/airflow/example_dags/tutorial.py
[2023-03-20 14:56:57,759] {logging_mixin.py:104} INFO - [2023-03-20 14:56:57,759] {dag.py:1824} INFO - Sync 1 DAGs
[2023-03-20 14:56:57,780] {logging_mixin.py:104} INFO - [2023-03-20 14:56:57,780] {dag.py:2280} INFO - Setting next_dagrun for tutorial to 2023-03-18 00:00:00+00:00
[2023-03-20 14:56:57,793] {scheduler_job.py:190} INFO - Processing /home/airflow/.local/lib/python3.6/site-packages/airflow/example_dags/tutorial.py took 0.083 seconds
[2023-03-20 14:57:28,413] {scheduler_job.py:182} INFO - Started process (PID=137) to work on /home/airflow/.local/lib/python3.6/site-packages/airflow/example_dags/tutorial.py
[2023-03-20 14:57:28,415] {scheduler_job.py:629} INFO - Processing file /home/airflow/.local/lib/python3.6/site-packages/airflow/example_dags/tutorial.py for tasks to queue
[2023-03-20 14:57:28,416] {logging_mixin.py:104} INFO - [2023-03-20 14:57:28,416] {dagbag.py:451} INFO - Filling up the DagBag from /home/airflow/.local/lib/python3.6/site-packages/airflow/example_dags/tutorial.py
[2023-03-20 14:57:28,427] {scheduler_job.py:639} INFO - DAG(s) dict_keys(['tutorial']) retrieved from /home/airflow/.local/lib/python3.6/site-packages/airflow/example_dags/tutorial.py
[2023-03-20 14:57:28,454] {logging_mixin.py:104} INFO - [2023-03-20 14:57:28,454] {dag.py:1824} INFO - Sync 1 DAGs
[2023-03-20 14:57:28,472] {logging_mixin.py:104} INFO - [2023-03-20 14:57:28,472] {dag.py:2280} INFO - Setting next_dagrun for tutorial to 2023-03-18 00:00:00+00:00
[2023-03-20 14:57:28,484] {scheduler_job.py:190} INFO - Processing /home/airflow/.local/lib/python3.6/site-packages/airflow/example_dags/tutorial.py took 0.074 seconds
[2023-03-20 14:57:58,764] {scheduler_job.py:182} INFO - Started process (PID=162) to work on /home/airflow/.local/lib/python3.6/site-packages/airflow/example_dags/tutorial.py
[2023-03-20 14:57:58,790] {scheduler_job.py:629} INFO - Processing file /home/airflow/.local/lib/python3.6/site-packages/airflow/example_dags/tutorial.py for tasks to queue
[2023-03-20 14:57:58,795] {logging_mixin.py:104} INFO - [2023-03-20 14:57:58,795] {dagbag.py:451} INFO - Filling up the DagBag from /home/airflow/.local/lib/python3.6/site-packages/airflow/example_dags/tutorial.py
[2023-03-20 14:57:58,858] {scheduler_job.py:639} INFO - DAG(s) dict_keys(['tutorial']) retrieved from /home/airflow/.local/lib/python3.6/site-packages/airflow/example_dags/tutorial.py
[2023-03-20 14:57:59,069] {logging_mixin.py:104} INFO - [2023-03-20 14:57:59,068] {dag.py:1824} INFO - Sync 1 DAGs
[2023-03-20 14:57:59,187] {logging_mixin.py:104} INFO - [2023-03-20 14:57:59,185] {dag.py:2280} INFO - Setting next_dagrun for tutorial to 2023-03-18 00:00:00+00:00
[2023-03-20 14:57:59,286] {scheduler_job.py:190} INFO - Processing /home/airflow/.local/lib/python3.6/site-packages/airflow/example_dags/tutorial.py took 0.544 seconds
[2023-03-20 14:58:30,372] {scheduler_job.py:182} INFO - Started process (PID=189) to work on /home/airflow/.local/lib/python3.6/site-packages/airflow/example_dags/tutorial.py
[2023-03-20 14:58:30,374] {scheduler_job.py:629} INFO - Processing file /home/airflow/.local/lib/python3.6/site-packages/airflow/example_dags/tutorial.py for tasks to queue
[2023-03-20 14:58:30,374] {logging_mixin.py:104} INFO - [2023-03-20 14:58:30,374] {dagbag.py:451} INFO - Filling up the DagBag from /home/airflow/.local/lib/python3.6/site-packages/airflow/example_dags/tutorial.py
[2023-03-20 14:58:30,383] {scheduler_job.py:639} INFO - DAG(s) dict_keys(['tutorial']) retrieved from /home/airflow/.local/lib/python3.6/site-packages/airflow/example_dags/tutorial.py
[2023-03-20 14:58:30,406] {logging_mixin.py:104} INFO - [2023-03-20 14:58:30,406] {dag.py:1824} INFO - Sync 1 DAGs
[2023-03-20 14:58:30,426] {logging_mixin.py:104} INFO - [2023-03-20 14:58:30,425] {dag.py:2280} INFO - Setting next_dagrun for tutorial to 2023-03-18 00:00:00+00:00
[2023-03-20 14:58:30,436] {scheduler_job.py:190} INFO - Processing /home/airflow/.local/lib/python3.6/site-packages/airflow/example_dags/tutorial.py took 0.066 seconds
[2023-03-20 14:59:01,026] {scheduler_job.py:182} INFO - Started process (PID=215) to work on /home/airflow/.local/lib/python3.6/site-packages/airflow/example_dags/tutorial.py
[2023-03-20 14:59:01,028] {scheduler_job.py:629} INFO - Processing file /home/airflow/.local/lib/python3.6/site-packages/airflow/example_dags/tutorial.py for tasks to queue
[2023-03-20 14:59:01,029] {logging_mixin.py:104} INFO - [2023-03-20 14:59:01,029] {dagbag.py:451} INFO - Filling up the DagBag from /home/airflow/.local/lib/python3.6/site-packages/airflow/example_dags/tutorial.py
[2023-03-20 14:59:01,040] {scheduler_job.py:639} INFO - DAG(s) dict_keys(['tutorial']) retrieved from /home/airflow/.local/lib/python3.6/site-packages/airflow/example_dags/tutorial.py
[2023-03-20 14:59:01,064] {logging_mixin.py:104} INFO - [2023-03-20 14:59:01,064] {dag.py:1824} INFO - Sync 1 DAGs
[2023-03-20 14:59:01,075] {logging_mixin.py:104} INFO - [2023-03-20 14:59:01,075] {dag.py:2280} INFO - Setting next_dagrun for tutorial to 2023-03-18 00:00:00+00:00
[2023-03-20 14:59:01,082] {scheduler_job.py:190} INFO - Processing /home/airflow/.local/lib/python3.6/site-packages/airflow/example_dags/tutorial.py took 0.060 seconds
[2023-03-20 14:59:31,591] {scheduler_job.py:182} INFO - Started process (PID=241) to work on /home/airflow/.local/lib/python3.6/site-packages/airflow/example_dags/tutorial.py
[2023-03-20 14:59:31,593] {scheduler_job.py:629} INFO - Processing file /home/airflow/.local/lib/python3.6/site-packages/airflow/example_dags/tutorial.py for tasks to queue
[2023-03-20 14:59:31,594] {logging_mixin.py:104} INFO - [2023-03-20 14:59:31,594] {dagbag.py:451} INFO - Filling up the DagBag from /home/airflow/.local/lib/python3.6/site-packages/airflow/example_dags/tutorial.py
[2023-03-20 14:59:31,603] {scheduler_job.py:639} INFO - DAG(s) dict_keys(['tutorial']) retrieved from /home/airflow/.local/lib/python3.6/site-packages/airflow/example_dags/tutorial.py
[2023-03-20 14:59:31,628] {logging_mixin.py:104} INFO - [2023-03-20 14:59:31,627] {dag.py:1824} INFO - Sync 1 DAGs
[2023-03-20 14:59:31,639] {logging_mixin.py:104} INFO - [2023-03-20 14:59:31,639] {dag.py:2280} INFO - Setting next_dagrun for tutorial to 2023-03-18 00:00:00+00:00
[2023-03-20 14:59:31,646] {scheduler_job.py:190} INFO - Processing /home/airflow/.local/lib/python3.6/site-packages/airflow/example_dags/tutorial.py took 0.058 seconds
[2023-03-20 15:00:02,016] {scheduler_job.py:182} INFO - Started process (PID=267) to work on /home/airflow/.local/lib/python3.6/site-packages/airflow/example_dags/tutorial.py
[2023-03-20 15:00:02,018] {scheduler_job.py:629} INFO - Processing file /home/airflow/.local/lib/python3.6/site-packages/airflow/example_dags/tutorial.py for tasks to queue
[2023-03-20 15:00:02,019] {logging_mixin.py:104} INFO - [2023-03-20 15:00:02,019] {dagbag.py:451} INFO - Filling up the DagBag from /home/airflow/.local/lib/python3.6/site-packages/airflow/example_dags/tutorial.py
[2023-03-20 15:00:02,031] {scheduler_job.py:639} INFO - DAG(s) dict_keys(['tutorial']) retrieved from /home/airflow/.local/lib/python3.6/site-packages/airflow/example_dags/tutorial.py
[2023-03-20 15:00:02,059] {logging_mixin.py:104} INFO - [2023-03-20 15:00:02,059] {dag.py:1824} INFO - Sync 1 DAGs
[2023-03-20 15:00:02,073] {logging_mixin.py:104} INFO - [2023-03-20 15:00:02,073] {dag.py:2280} INFO - Setting next_dagrun for tutorial to 2023-03-18 00:00:00+00:00
[2023-03-20 15:00:02,081] {scheduler_job.py:190} INFO - Processing /home/airflow/.local/lib/python3.6/site-packages/airflow/example_dags/tutorial.py took 0.068 seconds
[2023-03-20 15:00:32,581] {scheduler_job.py:182} INFO - Started process (PID=293) to work on /home/airflow/.local/lib/python3.6/site-packages/airflow/example_dags/tutorial.py
[2023-03-20 15:00:32,583] {scheduler_job.py:629} INFO - Processing file /home/airflow/.local/lib/python3.6/site-packages/airflow/example_dags/tutorial.py for tasks to queue
[2023-03-20 15:00:32,584] {logging_mixin.py:104} INFO - [2023-03-20 15:00:32,584] {dagbag.py:451} INFO - Filling up the DagBag from /home/airflow/.local/lib/python3.6/site-packages/airflow/example_dags/tutorial.py
[2023-03-20 15:00:32,596] {scheduler_job.py:639} INFO - DAG(s) dict_keys(['tutorial']) retrieved from /home/airflow/.local/lib/python3.6/site-packages/airflow/example_dags/tutorial.py
[2023-03-20 15:00:32,617] {logging_mixin.py:104} INFO - [2023-03-20 15:00:32,617] {dag.py:1824} INFO - Sync 1 DAGs
[2023-03-20 15:00:32,628] {logging_mixin.py:104} INFO - [2023-03-20 15:00:32,628] {dag.py:2280} INFO - Setting next_dagrun for tutorial to 2023-03-18 00:00:00+00:00
[2023-03-20 15:00:32,638] {scheduler_job.py:190} INFO - Processing /home/airflow/.local/lib/python3.6/site-packages/airflow/example_dags/tutorial.py took 0.060 seconds
[2023-03-20 15:01:03,082] {scheduler_job.py:182} INFO - Started process (PID=319) to work on /home/airflow/.local/lib/python3.6/site-packages/airflow/example_dags/tutorial.py
[2023-03-20 15:01:03,084] {scheduler_job.py:629} INFO - Processing file /home/airflow/.local/lib/python3.6/site-packages/airflow/example_dags/tutorial.py for tasks to queue
[2023-03-20 15:01:03,086] {logging_mixin.py:104} INFO - [2023-03-20 15:01:03,086] {dagbag.py:451} INFO - Filling up the DagBag from /home/airflow/.local/lib/python3.6/site-packages/airflow/example_dags/tutorial.py
[2023-03-20 15:01:03,104] {scheduler_job.py:639} INFO - DAG(s) dict_keys(['tutorial']) retrieved from /home/airflow/.local/lib/python3.6/site-packages/airflow/example_dags/tutorial.py
[2023-03-20 15:01:03,125] {logging_mixin.py:104} INFO - [2023-03-20 15:01:03,125] {dag.py:1824} INFO - Sync 1 DAGs
[2023-03-20 15:01:03,138] {logging_mixin.py:104} INFO - [2023-03-20 15:01:03,138] {dag.py:2280} INFO - Setting next_dagrun for tutorial to 2023-03-18 00:00:00+00:00
[2023-03-20 15:01:03,145] {scheduler_job.py:190} INFO - Processing /home/airflow/.local/lib/python3.6/site-packages/airflow/example_dags/tutorial.py took 0.067 seconds
[2023-03-20 15:01:33,514] {scheduler_job.py:182} INFO - Started process (PID=345) to work on /home/airflow/.local/lib/python3.6/site-packages/airflow/example_dags/tutorial.py
[2023-03-20 15:01:33,516] {scheduler_job.py:629} INFO - Processing file /home/airflow/.local/lib/python3.6/site-packages/airflow/example_dags/tutorial.py for tasks to queue
[2023-03-20 15:01:33,517] {logging_mixin.py:104} INFO - [2023-03-20 15:01:33,517] {dagbag.py:451} INFO - Filling up the DagBag from /home/airflow/.local/lib/python3.6/site-packages/airflow/example_dags/tutorial.py
[2023-03-20 15:01:33,530] {scheduler_job.py:639} INFO - DAG(s) dict_keys(['tutorial']) retrieved from /home/airflow/.local/lib/python3.6/site-packages/airflow/example_dags/tutorial.py
[2023-03-20 15:01:33,549] {logging_mixin.py:104} INFO - [2023-03-20 15:01:33,549] {dag.py:1824} INFO - Sync 1 DAGs
[2023-03-20 15:01:33,560] {logging_mixin.py:104} INFO - [2023-03-20 15:01:33,560] {dag.py:2280} INFO - Setting next_dagrun for tutorial to 2023-03-18 00:00:00+00:00
[2023-03-20 15:01:33,567] {scheduler_job.py:190} INFO - Processing /home/airflow/.local/lib/python3.6/site-packages/airflow/example_dags/tutorial.py took 0.055 seconds
[2023-03-20 15:02:03,957] {scheduler_job.py:182} INFO - Started process (PID=371) to work on /home/airflow/.local/lib/python3.6/site-packages/airflow/example_dags/tutorial.py
[2023-03-20 15:02:03,958] {scheduler_job.py:629} INFO - Processing file /home/airflow/.local/lib/python3.6/site-packages/airflow/example_dags/tutorial.py for tasks to queue
[2023-03-20 15:02:03,959] {logging_mixin.py:104} INFO - [2023-03-20 15:02:03,959] {dagbag.py:451} INFO - Filling up the DagBag from /home/airflow/.local/lib/python3.6/site-packages/airflow/example_dags/tutorial.py
[2023-03-20 15:02:03,973] {scheduler_job.py:639} INFO - DAG(s) dict_keys(['tutorial']) retrieved from /home/airflow/.local/lib/python3.6/site-packages/airflow/example_dags/tutorial.py
[2023-03-20 15:02:03,993] {logging_mixin.py:104} INFO - [2023-03-20 15:02:03,993] {dag.py:1824} INFO - Sync 1 DAGs
[2023-03-20 15:02:04,003] {logging_mixin.py:104} INFO - [2023-03-20 15:02:04,003] {dag.py:2280} INFO - Setting next_dagrun for tutorial to 2023-03-18 00:00:00+00:00
[2023-03-20 15:02:04,009] {scheduler_job.py:190} INFO - Processing /home/airflow/.local/lib/python3.6/site-packages/airflow/example_dags/tutorial.py took 0.056 seconds
[2023-03-20 15:02:34,436] {scheduler_job.py:182} INFO - Started process (PID=397) to work on /home/airflow/.local/lib/python3.6/site-packages/airflow/example_dags/tutorial.py
[2023-03-20 15:02:34,442] {scheduler_job.py:629} INFO - Processing file /home/airflow/.local/lib/python3.6/site-packages/airflow/example_dags/tutorial.py for tasks to queue
[2023-03-20 15:02:34,443] {logging_mixin.py:104} INFO - [2023-03-20 15:02:34,443] {dagbag.py:451} INFO - Filling up the DagBag from /home/airflow/.local/lib/python3.6/site-packages/airflow/example_dags/tutorial.py
[2023-03-20 15:02:34,451] {scheduler_job.py:639} INFO - DAG(s) dict_keys(['tutorial']) retrieved from /home/airflow/.local/lib/python3.6/site-packages/airflow/example_dags/tutorial.py
[2023-03-20 15:02:34,471] {logging_mixin.py:104} INFO - [2023-03-20 15:02:34,471] {dag.py:1824} INFO - Sync 1 DAGs
[2023-03-20 15:02:34,482] {logging_mixin.py:104} INFO - [2023-03-20 15:02:34,481] {dag.py:2280} INFO - Setting next_dagrun for tutorial to 2023-03-18 00:00:00+00:00
[2023-03-20 15:02:34,488] {scheduler_job.py:190} INFO - Processing /home/airflow/.local/lib/python3.6/site-packages/airflow/example_dags/tutorial.py took 0.055 seconds
[2023-03-20 15:03:04,944] {scheduler_job.py:182} INFO - Started process (PID=423) to work on /home/airflow/.local/lib/python3.6/site-packages/airflow/example_dags/tutorial.py
[2023-03-20 15:03:04,946] {scheduler_job.py:629} INFO - Processing file /home/airflow/.local/lib/python3.6/site-packages/airflow/example_dags/tutorial.py for tasks to queue
[2023-03-20 15:03:04,948] {logging_mixin.py:104} INFO - [2023-03-20 15:03:04,948] {dagbag.py:451} INFO - Filling up the DagBag from /home/airflow/.local/lib/python3.6/site-packages/airflow/example_dags/tutorial.py
[2023-03-20 15:03:04,961] {scheduler_job.py:639} INFO - DAG(s) dict_keys(['tutorial']) retrieved from /home/airflow/.local/lib/python3.6/site-packages/airflow/example_dags/tutorial.py
[2023-03-20 15:03:04,985] {logging_mixin.py:104} INFO - [2023-03-20 15:03:04,984] {dag.py:1824} INFO - Sync 1 DAGs
[2023-03-20 15:03:04,996] {logging_mixin.py:104} INFO - [2023-03-20 15:03:04,996] {dag.py:2280} INFO - Setting next_dagrun for tutorial to 2023-03-18 00:00:00+00:00
[2023-03-20 15:03:05,003] {scheduler_job.py:190} INFO - Processing /home/airflow/.local/lib/python3.6/site-packages/airflow/example_dags/tutorial.py took 0.063 seconds
[2023-03-20 15:03:35,438] {scheduler_job.py:182} INFO - Started process (PID=449) to work on /home/airflow/.local/lib/python3.6/site-packages/airflow/example_dags/tutorial.py
[2023-03-20 15:03:35,440] {scheduler_job.py:629} INFO - Processing file /home/airflow/.local/lib/python3.6/site-packages/airflow/example_dags/tutorial.py for tasks to queue
[2023-03-20 15:03:35,442] {logging_mixin.py:104} INFO - [2023-03-20 15:03:35,441] {dagbag.py:451} INFO - Filling up the DagBag from /home/airflow/.local/lib/python3.6/site-packages/airflow/example_dags/tutorial.py
[2023-03-20 15:03:35,451] {scheduler_job.py:639} INFO - DAG(s) dict_keys(['tutorial']) retrieved from /home/airflow/.local/lib/python3.6/site-packages/airflow/example_dags/tutorial.py
[2023-03-20 15:03:35,472] {logging_mixin.py:104} INFO - [2023-03-20 15:03:35,472] {dag.py:1824} INFO - Sync 1 DAGs
[2023-03-20 15:03:35,483] {logging_mixin.py:104} INFO - [2023-03-20 15:03:35,482] {dag.py:2280} INFO - Setting next_dagrun for tutorial to 2023-03-18 00:00:00+00:00
[2023-03-20 15:03:35,489] {scheduler_job.py:190} INFO - Processing /home/airflow/.local/lib/python3.6/site-packages/airflow/example_dags/tutorial.py took 0.053 seconds
[2023-03-20 15:04:06,011] {scheduler_job.py:182} INFO - Started process (PID=475) to work on /home/airflow/.local/lib/python3.6/site-packages/airflow/example_dags/tutorial.py
[2023-03-20 15:04:06,013] {scheduler_job.py:629} INFO - Processing file /home/airflow/.local/lib/python3.6/site-packages/airflow/example_dags/tutorial.py for tasks to queue
[2023-03-20 15:04:06,015] {logging_mixin.py:104} INFO - [2023-03-20 15:04:06,015] {dagbag.py:451} INFO - Filling up the DagBag from /home/airflow/.local/lib/python3.6/site-packages/airflow/example_dags/tutorial.py
[2023-03-20 15:04:06,026] {scheduler_job.py:639} INFO - DAG(s) dict_keys(['tutorial']) retrieved from /home/airflow/.local/lib/python3.6/site-packages/airflow/example_dags/tutorial.py
[2023-03-20 15:04:06,050] {logging_mixin.py:104} INFO - [2023-03-20 15:04:06,050] {dag.py:1824} INFO - Sync 1 DAGs
[2023-03-20 15:04:06,061] {logging_mixin.py:104} INFO - [2023-03-20 15:04:06,061] {dag.py:2280} INFO - Setting next_dagrun for tutorial to 2023-03-18 00:00:00+00:00
[2023-03-20 15:04:06,069] {scheduler_job.py:190} INFO - Processing /home/airflow/.local/lib/python3.6/site-packages/airflow/example_dags/tutorial.py took 0.061 seconds
[2023-03-20 15:04:36,476] {scheduler_job.py:182} INFO - Started process (PID=501) to work on /home/airflow/.local/lib/python3.6/site-packages/airflow/example_dags/tutorial.py
[2023-03-20 15:04:36,478] {scheduler_job.py:629} INFO - Processing file /home/airflow/.local/lib/python3.6/site-packages/airflow/example_dags/tutorial.py for tasks to queue
[2023-03-20 15:04:36,479] {logging_mixin.py:104} INFO - [2023-03-20 15:04:36,479] {dagbag.py:451} INFO - Filling up the DagBag from /home/airflow/.local/lib/python3.6/site-packages/airflow/example_dags/tutorial.py
[2023-03-20 15:04:36,493] {scheduler_job.py:639} INFO - DAG(s) dict_keys(['tutorial']) retrieved from /home/airflow/.local/lib/python3.6/site-packages/airflow/example_dags/tutorial.py
[2023-03-20 15:04:36,520] {logging_mixin.py:104} INFO - [2023-03-20 15:04:36,520] {dag.py:1824} INFO - Sync 1 DAGs
[2023-03-20 15:04:36,532] {logging_mixin.py:104} INFO - [2023-03-20 15:04:36,532] {dag.py:2280} INFO - Setting next_dagrun for tutorial to 2023-03-18 00:00:00+00:00
[2023-03-20 15:04:36,540] {scheduler_job.py:190} INFO - Processing /home/airflow/.local/lib/python3.6/site-packages/airflow/example_dags/tutorial.py took 0.068 seconds
[2023-03-20 15:05:07,083] {scheduler_job.py:182} INFO - Started process (PID=527) to work on /home/airflow/.local/lib/python3.6/site-packages/airflow/example_dags/tutorial.py
[2023-03-20 15:05:07,086] {scheduler_job.py:629} INFO - Processing file /home/airflow/.local/lib/python3.6/site-packages/airflow/example_dags/tutorial.py for tasks to queue
[2023-03-20 15:05:07,087] {logging_mixin.py:104} INFO - [2023-03-20 15:05:07,087] {dagbag.py:451} INFO - Filling up the DagBag from /home/airflow/.local/lib/python3.6/site-packages/airflow/example_dags/tutorial.py
[2023-03-20 15:05:07,108] {scheduler_job.py:639} INFO - DAG(s) dict_keys(['tutorial']) retrieved from /home/airflow/.local/lib/python3.6/site-packages/airflow/example_dags/tutorial.py
[2023-03-20 15:05:07,133] {logging_mixin.py:104} INFO - [2023-03-20 15:05:07,133] {dag.py:1824} INFO - Sync 1 DAGs
[2023-03-20 15:05:07,146] {logging_mixin.py:104} INFO - [2023-03-20 15:05:07,146] {dag.py:2280} INFO - Setting next_dagrun for tutorial to 2023-03-18 00:00:00+00:00
[2023-03-20 15:05:07,153] {scheduler_job.py:190} INFO - Processing /home/airflow/.local/lib/python3.6/site-packages/airflow/example_dags/tutorial.py took 0.075 seconds
[2023-03-20 15:05:37,675] {scheduler_job.py:182} INFO - Started process (PID=553) to work on /home/airflow/.local/lib/python3.6/site-packages/airflow/example_dags/tutorial.py
[2023-03-20 15:05:37,677] {scheduler_job.py:629} INFO - Processing file /home/airflow/.local/lib/python3.6/site-packages/airflow/example_dags/tutorial.py for tasks to queue
[2023-03-20 15:05:37,678] {logging_mixin.py:104} INFO - [2023-03-20 15:05:37,677] {dagbag.py:451} INFO - Filling up the DagBag from /home/airflow/.local/lib/python3.6/site-packages/airflow/example_dags/tutorial.py
[2023-03-20 15:05:37,688] {scheduler_job.py:639} INFO - DAG(s) dict_keys(['tutorial']) retrieved from /home/airflow/.local/lib/python3.6/site-packages/airflow/example_dags/tutorial.py
[2023-03-20 15:05:37,709] {logging_mixin.py:104} INFO - [2023-03-20 15:05:37,709] {dag.py:1824} INFO - Sync 1 DAGs
[2023-03-20 15:05:37,720] {logging_mixin.py:104} INFO - [2023-03-20 15:05:37,720] {dag.py:2280} INFO - Setting next_dagrun for tutorial to 2023-03-18 00:00:00+00:00
[2023-03-20 15:05:37,727] {scheduler_job.py:190} INFO - Processing /home/airflow/.local/lib/python3.6/site-packages/airflow/example_dags/tutorial.py took 0.058 seconds
[2023-03-20 15:06:08,266] {scheduler_job.py:182} INFO - Started process (PID=579) to work on /home/airflow/.local/lib/python3.6/site-packages/airflow/example_dags/tutorial.py
[2023-03-20 15:06:08,268] {scheduler_job.py:629} INFO - Processing file /home/airflow/.local/lib/python3.6/site-packages/airflow/example_dags/tutorial.py for tasks to queue
[2023-03-20 15:06:08,269] {logging_mixin.py:104} INFO - [2023-03-20 15:06:08,269] {dagbag.py:451} INFO - Filling up the DagBag from /home/airflow/.local/lib/python3.6/site-packages/airflow/example_dags/tutorial.py
[2023-03-20 15:06:08,280] {scheduler_job.py:639} INFO - DAG(s) dict_keys(['tutorial']) retrieved from /home/airflow/.local/lib/python3.6/site-packages/airflow/example_dags/tutorial.py
[2023-03-20 15:06:08,305] {logging_mixin.py:104} INFO - [2023-03-20 15:06:08,305] {dag.py:1824} INFO - Sync 1 DAGs
[2023-03-20 15:06:08,320] {logging_mixin.py:104} INFO - [2023-03-20 15:06:08,320] {dag.py:2280} INFO - Setting next_dagrun for tutorial to 2023-03-18 00:00:00+00:00
[2023-03-20 15:06:08,328] {scheduler_job.py:190} INFO - Processing /home/airflow/.local/lib/python3.6/site-packages/airflow/example_dags/tutorial.py took 0.065 seconds
[2023-03-20 15:06:38,913] {scheduler_job.py:182} INFO - Started process (PID=605) to work on /home/airflow/.local/lib/python3.6/site-packages/airflow/example_dags/tutorial.py
[2023-03-20 15:06:38,914] {scheduler_job.py:629} INFO - Processing file /home/airflow/.local/lib/python3.6/site-packages/airflow/example_dags/tutorial.py for tasks to queue
[2023-03-20 15:06:38,915] {logging_mixin.py:104} INFO - [2023-03-20 15:06:38,915] {dagbag.py:451} INFO - Filling up the DagBag from /home/airflow/.local/lib/python3.6/site-packages/airflow/example_dags/tutorial.py
[2023-03-20 15:06:38,924] {scheduler_job.py:639} INFO - DAG(s) dict_keys(['tutorial']) retrieved from /home/airflow/.local/lib/python3.6/site-packages/airflow/example_dags/tutorial.py
[2023-03-20 15:06:38,943] {logging_mixin.py:104} INFO - [2023-03-20 15:06:38,943] {dag.py:1824} INFO - Sync 1 DAGs
[2023-03-20 15:06:38,954] {logging_mixin.py:104} INFO - [2023-03-20 15:06:38,953] {dag.py:2280} INFO - Setting next_dagrun for tutorial to 2023-03-18 00:00:00+00:00
[2023-03-20 15:06:38,960] {scheduler_job.py:190} INFO - Processing /home/airflow/.local/lib/python3.6/site-packages/airflow/example_dags/tutorial.py took 0.050 seconds
[2023-03-20 15:07:09,592] {scheduler_job.py:182} INFO - Started process (PID=631) to work on /home/airflow/.local/lib/python3.6/site-packages/airflow/example_dags/tutorial.py
[2023-03-20 15:07:09,593] {scheduler_job.py:629} INFO - Processing file /home/airflow/.local/lib/python3.6/site-packages/airflow/example_dags/tutorial.py for tasks to queue
[2023-03-20 15:07:09,594] {logging_mixin.py:104} INFO - [2023-03-20 15:07:09,594] {dagbag.py:451} INFO - Filling up the DagBag from /home/airflow/.local/lib/python3.6/site-packages/airflow/example_dags/tutorial.py
[2023-03-20 15:07:09,605] {scheduler_job.py:639} INFO - DAG(s) dict_keys(['tutorial']) retrieved from /home/airflow/.local/lib/python3.6/site-packages/airflow/example_dags/tutorial.py
[2023-03-20 15:07:09,626] {logging_mixin.py:104} INFO - [2023-03-20 15:07:09,626] {dag.py:1824} INFO - Sync 1 DAGs
[2023-03-20 15:07:09,637] {logging_mixin.py:104} INFO - [2023-03-20 15:07:09,637] {dag.py:2280} INFO - Setting next_dagrun for tutorial to 2023-03-18 00:00:00+00:00
[2023-03-20 15:07:09,643] {scheduler_job.py:190} INFO - Processing /home/airflow/.local/lib/python3.6/site-packages/airflow/example_dags/tutorial.py took 0.056 seconds
[2023-03-20 15:07:40,492] {scheduler_job.py:182} INFO - Started process (PID=657) to work on /home/airflow/.local/lib/python3.6/site-packages/airflow/example_dags/tutorial.py
[2023-03-20 15:07:40,494] {scheduler_job.py:629} INFO - Processing file /home/airflow/.local/lib/python3.6/site-packages/airflow/example_dags/tutorial.py for tasks to queue
[2023-03-20 15:07:40,496] {logging_mixin.py:104} INFO - [2023-03-20 15:07:40,496] {dagbag.py:451} INFO - Filling up the DagBag from /home/airflow/.local/lib/python3.6/site-packages/airflow/example_dags/tutorial.py
[2023-03-20 15:07:40,506] {scheduler_job.py:639} INFO - DAG(s) dict_keys(['tutorial']) retrieved from /home/airflow/.local/lib/python3.6/site-packages/airflow/example_dags/tutorial.py
[2023-03-20 15:07:40,533] {logging_mixin.py:104} INFO - [2023-03-20 15:07:40,533] {dag.py:1824} INFO - Sync 1 DAGs
[2023-03-20 15:07:40,544] {logging_mixin.py:104} INFO - [2023-03-20 15:07:40,544] {dag.py:2280} INFO - Setting next_dagrun for tutorial to 2023-03-18 00:00:00+00:00
[2023-03-20 15:07:40,551] {scheduler_job.py:190} INFO - Processing /home/airflow/.local/lib/python3.6/site-packages/airflow/example_dags/tutorial.py took 0.062 seconds
[2023-03-20 15:08:11,398] {scheduler_job.py:182} INFO - Started process (PID=683) to work on /home/airflow/.local/lib/python3.6/site-packages/airflow/example_dags/tutorial.py
[2023-03-20 15:08:11,400] {scheduler_job.py:629} INFO - Processing file /home/airflow/.local/lib/python3.6/site-packages/airflow/example_dags/tutorial.py for tasks to queue
[2023-03-20 15:08:11,401] {logging_mixin.py:104} INFO - [2023-03-20 15:08:11,401] {dagbag.py:451} INFO - Filling up the DagBag from /home/airflow/.local/lib/python3.6/site-packages/airflow/example_dags/tutorial.py
[2023-03-20 15:08:11,411] {scheduler_job.py:639} INFO - DAG(s) dict_keys(['tutorial']) retrieved from /home/airflow/.local/lib/python3.6/site-packages/airflow/example_dags/tutorial.py
[2023-03-20 15:08:11,434] {logging_mixin.py:104} INFO - [2023-03-20 15:08:11,434] {dag.py:1824} INFO - Sync 1 DAGs
[2023-03-20 15:08:11,446] {logging_mixin.py:104} INFO - [2023-03-20 15:08:11,445] {dag.py:2280} INFO - Setting next_dagrun for tutorial to 2023-03-18 00:00:00+00:00
[2023-03-20 15:08:11,452] {scheduler_job.py:190} INFO - Processing /home/airflow/.local/lib/python3.6/site-packages/airflow/example_dags/tutorial.py took 0.058 seconds
[2023-03-20 15:08:41,999] {scheduler_job.py:182} INFO - Started process (PID=709) to work on /home/airflow/.local/lib/python3.6/site-packages/airflow/example_dags/tutorial.py
[2023-03-20 15:08:42,001] {scheduler_job.py:629} INFO - Processing file /home/airflow/.local/lib/python3.6/site-packages/airflow/example_dags/tutorial.py for tasks to queue
[2023-03-20 15:08:42,003] {logging_mixin.py:104} INFO - [2023-03-20 15:08:42,003] {dagbag.py:451} INFO - Filling up the DagBag from /home/airflow/.local/lib/python3.6/site-packages/airflow/example_dags/tutorial.py
[2023-03-20 15:08:42,014] {scheduler_job.py:639} INFO - DAG(s) dict_keys(['tutorial']) retrieved from /home/airflow/.local/lib/python3.6/site-packages/airflow/example_dags/tutorial.py
[2023-03-20 15:08:42,036] {logging_mixin.py:104} INFO - [2023-03-20 15:08:42,036] {dag.py:1824} INFO - Sync 1 DAGs
[2023-03-20 15:08:42,048] {logging_mixin.py:104} INFO - [2023-03-20 15:08:42,048] {dag.py:2280} INFO - Setting next_dagrun for tutorial to 2023-03-18 00:00:00+00:00
[2023-03-20 15:08:42,055] {scheduler_job.py:190} INFO - Processing /home/airflow/.local/lib/python3.6/site-packages/airflow/example_dags/tutorial.py took 0.059 seconds
[2023-03-20 15:09:12,785] {scheduler_job.py:182} INFO - Started process (PID=735) to work on /home/airflow/.local/lib/python3.6/site-packages/airflow/example_dags/tutorial.py
[2023-03-20 15:09:12,786] {scheduler_job.py:629} INFO - Processing file /home/airflow/.local/lib/python3.6/site-packages/airflow/example_dags/tutorial.py for tasks to queue
[2023-03-20 15:09:12,787] {logging_mixin.py:104} INFO - [2023-03-20 15:09:12,787] {dagbag.py:451} INFO - Filling up the DagBag from /home/airflow/.local/lib/python3.6/site-packages/airflow/example_dags/tutorial.py
[2023-03-20 15:09:12,798] {scheduler_job.py:639} INFO - DAG(s) dict_keys(['tutorial']) retrieved from /home/airflow/.local/lib/python3.6/site-packages/airflow/example_dags/tutorial.py
[2023-03-20 15:09:12,825] {logging_mixin.py:104} INFO - [2023-03-20 15:09:12,825] {dag.py:1824} INFO - Sync 1 DAGs
[2023-03-20 15:09:12,837] {logging_mixin.py:104} INFO - [2023-03-20 15:09:12,837] {dag.py:2280} INFO - Setting next_dagrun for tutorial to 2023-03-18 00:00:00+00:00
[2023-03-20 15:09:12,845] {scheduler_job.py:190} INFO - Processing /home/airflow/.local/lib/python3.6/site-packages/airflow/example_dags/tutorial.py took 0.063 seconds
