[2023-03-20 11:38:02,706] {scheduler_job.py:182} INFO - Started process (PID=57) to work on /home/airflow/.local/lib/python3.6/site-packages/airflow/example_dags/tutorial_etl_dag.py
[2023-03-20 11:38:02,709] {scheduler_job.py:629} INFO - Processing file /home/airflow/.local/lib/python3.6/site-packages/airflow/example_dags/tutorial_etl_dag.py for tasks to queue
[2023-03-20 11:38:02,712] {logging_mixin.py:104} INFO - [2023-03-20 11:38:02,712] {dagbag.py:451} INFO - Filling up the DagBag from /home/airflow/.local/lib/python3.6/site-packages/airflow/example_dags/tutorial_etl_dag.py
[2023-03-20 11:38:02,739] {scheduler_job.py:639} INFO - DAG(s) dict_keys(['tutorial_etl_dag']) retrieved from /home/airflow/.local/lib/python3.6/site-packages/airflow/example_dags/tutorial_etl_dag.py
[2023-03-20 11:38:02,789] {logging_mixin.py:104} INFO - [2023-03-20 11:38:02,789] {dag.py:1824} INFO - Sync 1 DAGs
[2023-03-20 11:38:02,802] {logging_mixin.py:104} INFO - [2023-03-20 11:38:02,802] {dag.py:1843} INFO - Creating ORM DAG for tutorial_etl_dag
[2023-03-20 11:38:02,807] {logging_mixin.py:104} INFO - [2023-03-20 11:38:02,807] {dag.py:2280} INFO - Setting next_dagrun for tutorial_etl_dag to None
[2023-03-20 11:38:02,818] {scheduler_job.py:190} INFO - Processing /home/airflow/.local/lib/python3.6/site-packages/airflow/example_dags/tutorial_etl_dag.py took 0.117 seconds
[2023-03-20 11:38:33,572] {scheduler_job.py:182} INFO - Started process (PID=82) to work on /home/airflow/.local/lib/python3.6/site-packages/airflow/example_dags/tutorial_etl_dag.py
[2023-03-20 11:38:33,574] {scheduler_job.py:629} INFO - Processing file /home/airflow/.local/lib/python3.6/site-packages/airflow/example_dags/tutorial_etl_dag.py for tasks to queue
[2023-03-20 11:38:33,576] {logging_mixin.py:104} INFO - [2023-03-20 11:38:33,576] {dagbag.py:451} INFO - Filling up the DagBag from /home/airflow/.local/lib/python3.6/site-packages/airflow/example_dags/tutorial_etl_dag.py
[2023-03-20 11:38:33,601] {scheduler_job.py:639} INFO - DAG(s) dict_keys(['tutorial_etl_dag']) retrieved from /home/airflow/.local/lib/python3.6/site-packages/airflow/example_dags/tutorial_etl_dag.py
[2023-03-20 11:38:33,640] {logging_mixin.py:104} INFO - [2023-03-20 11:38:33,640] {dag.py:1824} INFO - Sync 1 DAGs
[2023-03-20 11:38:33,670] {logging_mixin.py:104} INFO - [2023-03-20 11:38:33,670] {dag.py:2280} INFO - Setting next_dagrun for tutorial_etl_dag to None
[2023-03-20 11:38:33,680] {scheduler_job.py:190} INFO - Processing /home/airflow/.local/lib/python3.6/site-packages/airflow/example_dags/tutorial_etl_dag.py took 0.115 seconds
[2023-03-20 11:39:04,388] {scheduler_job.py:182} INFO - Started process (PID=108) to work on /home/airflow/.local/lib/python3.6/site-packages/airflow/example_dags/tutorial_etl_dag.py
[2023-03-20 11:39:04,391] {scheduler_job.py:629} INFO - Processing file /home/airflow/.local/lib/python3.6/site-packages/airflow/example_dags/tutorial_etl_dag.py for tasks to queue
[2023-03-20 11:39:04,392] {logging_mixin.py:104} INFO - [2023-03-20 11:39:04,392] {dagbag.py:451} INFO - Filling up the DagBag from /home/airflow/.local/lib/python3.6/site-packages/airflow/example_dags/tutorial_etl_dag.py
[2023-03-20 11:39:04,422] {scheduler_job.py:639} INFO - DAG(s) dict_keys(['tutorial_etl_dag']) retrieved from /home/airflow/.local/lib/python3.6/site-packages/airflow/example_dags/tutorial_etl_dag.py
[2023-03-20 11:39:04,471] {logging_mixin.py:104} INFO - [2023-03-20 11:39:04,471] {dag.py:1824} INFO - Sync 1 DAGs
[2023-03-20 11:39:04,514] {logging_mixin.py:104} INFO - [2023-03-20 11:39:04,514] {dag.py:2280} INFO - Setting next_dagrun for tutorial_etl_dag to None
[2023-03-20 11:39:04,526] {scheduler_job.py:190} INFO - Processing /home/airflow/.local/lib/python3.6/site-packages/airflow/example_dags/tutorial_etl_dag.py took 0.144 seconds
[2023-03-20 11:39:35,185] {scheduler_job.py:182} INFO - Started process (PID=134) to work on /home/airflow/.local/lib/python3.6/site-packages/airflow/example_dags/tutorial_etl_dag.py
[2023-03-20 11:39:35,187] {scheduler_job.py:629} INFO - Processing file /home/airflow/.local/lib/python3.6/site-packages/airflow/example_dags/tutorial_etl_dag.py for tasks to queue
[2023-03-20 11:39:35,189] {logging_mixin.py:104} INFO - [2023-03-20 11:39:35,189] {dagbag.py:451} INFO - Filling up the DagBag from /home/airflow/.local/lib/python3.6/site-packages/airflow/example_dags/tutorial_etl_dag.py
[2023-03-20 11:39:35,206] {scheduler_job.py:639} INFO - DAG(s) dict_keys(['tutorial_etl_dag']) retrieved from /home/airflow/.local/lib/python3.6/site-packages/airflow/example_dags/tutorial_etl_dag.py
[2023-03-20 11:39:35,228] {logging_mixin.py:104} INFO - [2023-03-20 11:39:35,228] {dag.py:1824} INFO - Sync 1 DAGs
[2023-03-20 11:39:35,242] {logging_mixin.py:104} INFO - [2023-03-20 11:39:35,242] {dag.py:2280} INFO - Setting next_dagrun for tutorial_etl_dag to None
[2023-03-20 11:39:35,250] {scheduler_job.py:190} INFO - Processing /home/airflow/.local/lib/python3.6/site-packages/airflow/example_dags/tutorial_etl_dag.py took 0.070 seconds
[2023-03-20 11:40:05,995] {scheduler_job.py:182} INFO - Started process (PID=160) to work on /home/airflow/.local/lib/python3.6/site-packages/airflow/example_dags/tutorial_etl_dag.py
[2023-03-20 11:40:05,997] {scheduler_job.py:629} INFO - Processing file /home/airflow/.local/lib/python3.6/site-packages/airflow/example_dags/tutorial_etl_dag.py for tasks to queue
[2023-03-20 11:40:05,999] {logging_mixin.py:104} INFO - [2023-03-20 11:40:05,999] {dagbag.py:451} INFO - Filling up the DagBag from /home/airflow/.local/lib/python3.6/site-packages/airflow/example_dags/tutorial_etl_dag.py
[2023-03-20 11:40:06,015] {scheduler_job.py:639} INFO - DAG(s) dict_keys(['tutorial_etl_dag']) retrieved from /home/airflow/.local/lib/python3.6/site-packages/airflow/example_dags/tutorial_etl_dag.py
[2023-03-20 11:40:06,037] {logging_mixin.py:104} INFO - [2023-03-20 11:40:06,037] {dag.py:1824} INFO - Sync 1 DAGs
[2023-03-20 11:40:06,053] {logging_mixin.py:104} INFO - [2023-03-20 11:40:06,053] {dag.py:2280} INFO - Setting next_dagrun for tutorial_etl_dag to None
[2023-03-20 11:40:06,061] {scheduler_job.py:190} INFO - Processing /home/airflow/.local/lib/python3.6/site-packages/airflow/example_dags/tutorial_etl_dag.py took 0.072 seconds
[2023-03-20 11:40:36,736] {scheduler_job.py:182} INFO - Started process (PID=186) to work on /home/airflow/.local/lib/python3.6/site-packages/airflow/example_dags/tutorial_etl_dag.py
[2023-03-20 11:40:36,740] {scheduler_job.py:629} INFO - Processing file /home/airflow/.local/lib/python3.6/site-packages/airflow/example_dags/tutorial_etl_dag.py for tasks to queue
[2023-03-20 11:40:36,742] {logging_mixin.py:104} INFO - [2023-03-20 11:40:36,741] {dagbag.py:451} INFO - Filling up the DagBag from /home/airflow/.local/lib/python3.6/site-packages/airflow/example_dags/tutorial_etl_dag.py
[2023-03-20 11:40:36,757] {scheduler_job.py:639} INFO - DAG(s) dict_keys(['tutorial_etl_dag']) retrieved from /home/airflow/.local/lib/python3.6/site-packages/airflow/example_dags/tutorial_etl_dag.py
[2023-03-20 11:40:36,797] {logging_mixin.py:104} INFO - [2023-03-20 11:40:36,797] {dag.py:1824} INFO - Sync 1 DAGs
[2023-03-20 11:40:36,808] {logging_mixin.py:104} INFO - [2023-03-20 11:40:36,808] {dag.py:2280} INFO - Setting next_dagrun for tutorial_etl_dag to None
[2023-03-20 11:40:36,815] {scheduler_job.py:190} INFO - Processing /home/airflow/.local/lib/python3.6/site-packages/airflow/example_dags/tutorial_etl_dag.py took 0.086 seconds
[2023-03-20 11:41:07,342] {scheduler_job.py:182} INFO - Started process (PID=212) to work on /home/airflow/.local/lib/python3.6/site-packages/airflow/example_dags/tutorial_etl_dag.py
[2023-03-20 11:41:07,346] {scheduler_job.py:629} INFO - Processing file /home/airflow/.local/lib/python3.6/site-packages/airflow/example_dags/tutorial_etl_dag.py for tasks to queue
[2023-03-20 11:41:07,347] {logging_mixin.py:104} INFO - [2023-03-20 11:41:07,347] {dagbag.py:451} INFO - Filling up the DagBag from /home/airflow/.local/lib/python3.6/site-packages/airflow/example_dags/tutorial_etl_dag.py
[2023-03-20 11:41:07,361] {scheduler_job.py:639} INFO - DAG(s) dict_keys(['tutorial_etl_dag']) retrieved from /home/airflow/.local/lib/python3.6/site-packages/airflow/example_dags/tutorial_etl_dag.py
[2023-03-20 11:41:07,386] {logging_mixin.py:104} INFO - [2023-03-20 11:41:07,386] {dag.py:1824} INFO - Sync 1 DAGs
[2023-03-20 11:41:07,397] {logging_mixin.py:104} INFO - [2023-03-20 11:41:07,397] {dag.py:2280} INFO - Setting next_dagrun for tutorial_etl_dag to None
[2023-03-20 11:41:07,406] {scheduler_job.py:190} INFO - Processing /home/airflow/.local/lib/python3.6/site-packages/airflow/example_dags/tutorial_etl_dag.py took 0.068 seconds
[2023-03-20 14:55:27,611] {scheduler_job.py:182} INFO - Started process (PID=49) to work on /home/airflow/.local/lib/python3.6/site-packages/airflow/example_dags/tutorial_etl_dag.py
[2023-03-20 14:55:27,614] {scheduler_job.py:629} INFO - Processing file /home/airflow/.local/lib/python3.6/site-packages/airflow/example_dags/tutorial_etl_dag.py for tasks to queue
[2023-03-20 14:55:27,618] {logging_mixin.py:104} INFO - [2023-03-20 14:55:27,617] {dagbag.py:451} INFO - Filling up the DagBag from /home/airflow/.local/lib/python3.6/site-packages/airflow/example_dags/tutorial_etl_dag.py
[2023-03-20 14:55:27,656] {scheduler_job.py:639} INFO - DAG(s) dict_keys(['tutorial_etl_dag']) retrieved from /home/airflow/.local/lib/python3.6/site-packages/airflow/example_dags/tutorial_etl_dag.py
[2023-03-20 14:55:27,723] {logging_mixin.py:104} INFO - [2023-03-20 14:55:27,723] {dag.py:1824} INFO - Sync 1 DAGs
[2023-03-20 14:55:27,752] {logging_mixin.py:104} INFO - [2023-03-20 14:55:27,752] {dag.py:1843} INFO - Creating ORM DAG for tutorial_etl_dag
[2023-03-20 14:55:27,761] {logging_mixin.py:104} INFO - [2023-03-20 14:55:27,761] {dag.py:2280} INFO - Setting next_dagrun for tutorial_etl_dag to None
[2023-03-20 14:55:27,789] {scheduler_job.py:190} INFO - Processing /home/airflow/.local/lib/python3.6/site-packages/airflow/example_dags/tutorial_etl_dag.py took 0.182 seconds
[2023-03-20 14:55:58,169] {scheduler_job.py:182} INFO - Started process (PID=75) to work on /home/airflow/.local/lib/python3.6/site-packages/airflow/example_dags/tutorial_etl_dag.py
[2023-03-20 14:55:58,170] {scheduler_job.py:629} INFO - Processing file /home/airflow/.local/lib/python3.6/site-packages/airflow/example_dags/tutorial_etl_dag.py for tasks to queue
[2023-03-20 14:55:58,171] {logging_mixin.py:104} INFO - [2023-03-20 14:55:58,171] {dagbag.py:451} INFO - Filling up the DagBag from /home/airflow/.local/lib/python3.6/site-packages/airflow/example_dags/tutorial_etl_dag.py
[2023-03-20 14:55:58,184] {scheduler_job.py:639} INFO - DAG(s) dict_keys(['tutorial_etl_dag']) retrieved from /home/airflow/.local/lib/python3.6/site-packages/airflow/example_dags/tutorial_etl_dag.py
[2023-03-20 14:55:58,205] {logging_mixin.py:104} INFO - [2023-03-20 14:55:58,205] {dag.py:1824} INFO - Sync 1 DAGs
[2023-03-20 14:55:58,219] {logging_mixin.py:104} INFO - [2023-03-20 14:55:58,219] {dag.py:2280} INFO - Setting next_dagrun for tutorial_etl_dag to None
[2023-03-20 14:55:58,226] {scheduler_job.py:190} INFO - Processing /home/airflow/.local/lib/python3.6/site-packages/airflow/example_dags/tutorial_etl_dag.py took 0.060 seconds
[2023-03-20 14:56:28,473] {scheduler_job.py:182} INFO - Started process (PID=93) to work on /home/airflow/.local/lib/python3.6/site-packages/airflow/example_dags/tutorial_etl_dag.py
[2023-03-20 14:56:28,474] {scheduler_job.py:629} INFO - Processing file /home/airflow/.local/lib/python3.6/site-packages/airflow/example_dags/tutorial_etl_dag.py for tasks to queue
[2023-03-20 14:56:28,475] {logging_mixin.py:104} INFO - [2023-03-20 14:56:28,475] {dagbag.py:451} INFO - Filling up the DagBag from /home/airflow/.local/lib/python3.6/site-packages/airflow/example_dags/tutorial_etl_dag.py
[2023-03-20 14:56:28,486] {scheduler_job.py:639} INFO - DAG(s) dict_keys(['tutorial_etl_dag']) retrieved from /home/airflow/.local/lib/python3.6/site-packages/airflow/example_dags/tutorial_etl_dag.py
[2023-03-20 14:56:28,507] {logging_mixin.py:104} INFO - [2023-03-20 14:56:28,507] {dag.py:1824} INFO - Sync 1 DAGs
[2023-03-20 14:56:28,520] {logging_mixin.py:104} INFO - [2023-03-20 14:56:28,520] {dag.py:2280} INFO - Setting next_dagrun for tutorial_etl_dag to None
[2023-03-20 14:56:28,529] {scheduler_job.py:190} INFO - Processing /home/airflow/.local/lib/python3.6/site-packages/airflow/example_dags/tutorial_etl_dag.py took 0.059 seconds
[2023-03-20 14:56:59,256] {scheduler_job.py:182} INFO - Started process (PID=119) to work on /home/airflow/.local/lib/python3.6/site-packages/airflow/example_dags/tutorial_etl_dag.py
[2023-03-20 14:56:59,260] {scheduler_job.py:629} INFO - Processing file /home/airflow/.local/lib/python3.6/site-packages/airflow/example_dags/tutorial_etl_dag.py for tasks to queue
[2023-03-20 14:56:59,262] {logging_mixin.py:104} INFO - [2023-03-20 14:56:59,261] {dagbag.py:451} INFO - Filling up the DagBag from /home/airflow/.local/lib/python3.6/site-packages/airflow/example_dags/tutorial_etl_dag.py
[2023-03-20 14:56:59,279] {scheduler_job.py:639} INFO - DAG(s) dict_keys(['tutorial_etl_dag']) retrieved from /home/airflow/.local/lib/python3.6/site-packages/airflow/example_dags/tutorial_etl_dag.py
[2023-03-20 14:56:59,308] {logging_mixin.py:104} INFO - [2023-03-20 14:56:59,308] {dag.py:1824} INFO - Sync 1 DAGs
[2023-03-20 14:56:59,331] {logging_mixin.py:104} INFO - [2023-03-20 14:56:59,331] {dag.py:2280} INFO - Setting next_dagrun for tutorial_etl_dag to None
[2023-03-20 14:56:59,344] {scheduler_job.py:190} INFO - Processing /home/airflow/.local/lib/python3.6/site-packages/airflow/example_dags/tutorial_etl_dag.py took 0.092 seconds
[2023-03-20 14:57:30,476] {scheduler_job.py:182} INFO - Started process (PID=147) to work on /home/airflow/.local/lib/python3.6/site-packages/airflow/example_dags/tutorial_etl_dag.py
[2023-03-20 14:57:30,477] {scheduler_job.py:629} INFO - Processing file /home/airflow/.local/lib/python3.6/site-packages/airflow/example_dags/tutorial_etl_dag.py for tasks to queue
[2023-03-20 14:57:30,479] {logging_mixin.py:104} INFO - [2023-03-20 14:57:30,479] {dagbag.py:451} INFO - Filling up the DagBag from /home/airflow/.local/lib/python3.6/site-packages/airflow/example_dags/tutorial_etl_dag.py
[2023-03-20 14:57:30,492] {scheduler_job.py:639} INFO - DAG(s) dict_keys(['tutorial_etl_dag']) retrieved from /home/airflow/.local/lib/python3.6/site-packages/airflow/example_dags/tutorial_etl_dag.py
[2023-03-20 14:57:30,558] {logging_mixin.py:104} INFO - [2023-03-20 14:57:30,557] {dag.py:1824} INFO - Sync 1 DAGs
[2023-03-20 14:57:30,604] {logging_mixin.py:104} INFO - [2023-03-20 14:57:30,604] {dag.py:2280} INFO - Setting next_dagrun for tutorial_etl_dag to None
[2023-03-20 14:57:30,630] {scheduler_job.py:190} INFO - Processing /home/airflow/.local/lib/python3.6/site-packages/airflow/example_dags/tutorial_etl_dag.py took 0.157 seconds
[2023-03-20 14:58:01,059] {scheduler_job.py:182} INFO - Started process (PID=173) to work on /home/airflow/.local/lib/python3.6/site-packages/airflow/example_dags/tutorial_etl_dag.py
[2023-03-20 14:58:01,062] {scheduler_job.py:629} INFO - Processing file /home/airflow/.local/lib/python3.6/site-packages/airflow/example_dags/tutorial_etl_dag.py for tasks to queue
[2023-03-20 14:58:01,065] {logging_mixin.py:104} INFO - [2023-03-20 14:58:01,065] {dagbag.py:451} INFO - Filling up the DagBag from /home/airflow/.local/lib/python3.6/site-packages/airflow/example_dags/tutorial_etl_dag.py
[2023-03-20 14:58:01,083] {scheduler_job.py:639} INFO - DAG(s) dict_keys(['tutorial_etl_dag']) retrieved from /home/airflow/.local/lib/python3.6/site-packages/airflow/example_dags/tutorial_etl_dag.py
[2023-03-20 14:58:01,112] {logging_mixin.py:104} INFO - [2023-03-20 14:58:01,112] {dag.py:1824} INFO - Sync 1 DAGs
[2023-03-20 14:58:01,131] {logging_mixin.py:104} INFO - [2023-03-20 14:58:01,131] {dag.py:2280} INFO - Setting next_dagrun for tutorial_etl_dag to None
[2023-03-20 14:58:01,140] {scheduler_job.py:190} INFO - Processing /home/airflow/.local/lib/python3.6/site-packages/airflow/example_dags/tutorial_etl_dag.py took 0.088 seconds
[2023-03-20 14:58:31,837] {scheduler_job.py:182} INFO - Started process (PID=197) to work on /home/airflow/.local/lib/python3.6/site-packages/airflow/example_dags/tutorial_etl_dag.py
[2023-03-20 14:58:31,838] {scheduler_job.py:629} INFO - Processing file /home/airflow/.local/lib/python3.6/site-packages/airflow/example_dags/tutorial_etl_dag.py for tasks to queue
[2023-03-20 14:58:31,839] {logging_mixin.py:104} INFO - [2023-03-20 14:58:31,839] {dagbag.py:451} INFO - Filling up the DagBag from /home/airflow/.local/lib/python3.6/site-packages/airflow/example_dags/tutorial_etl_dag.py
[2023-03-20 14:58:31,850] {scheduler_job.py:639} INFO - DAG(s) dict_keys(['tutorial_etl_dag']) retrieved from /home/airflow/.local/lib/python3.6/site-packages/airflow/example_dags/tutorial_etl_dag.py
[2023-03-20 14:58:31,873] {logging_mixin.py:104} INFO - [2023-03-20 14:58:31,873] {dag.py:1824} INFO - Sync 1 DAGs
[2023-03-20 14:58:31,884] {logging_mixin.py:104} INFO - [2023-03-20 14:58:31,884] {dag.py:2280} INFO - Setting next_dagrun for tutorial_etl_dag to None
[2023-03-20 14:58:31,891] {scheduler_job.py:190} INFO - Processing /home/airflow/.local/lib/python3.6/site-packages/airflow/example_dags/tutorial_etl_dag.py took 0.057 seconds
[2023-03-20 14:59:02,393] {scheduler_job.py:182} INFO - Started process (PID=223) to work on /home/airflow/.local/lib/python3.6/site-packages/airflow/example_dags/tutorial_etl_dag.py
[2023-03-20 14:59:02,395] {scheduler_job.py:629} INFO - Processing file /home/airflow/.local/lib/python3.6/site-packages/airflow/example_dags/tutorial_etl_dag.py for tasks to queue
[2023-03-20 14:59:02,396] {logging_mixin.py:104} INFO - [2023-03-20 14:59:02,395] {dagbag.py:451} INFO - Filling up the DagBag from /home/airflow/.local/lib/python3.6/site-packages/airflow/example_dags/tutorial_etl_dag.py
[2023-03-20 14:59:02,407] {scheduler_job.py:639} INFO - DAG(s) dict_keys(['tutorial_etl_dag']) retrieved from /home/airflow/.local/lib/python3.6/site-packages/airflow/example_dags/tutorial_etl_dag.py
[2023-03-20 14:59:02,429] {logging_mixin.py:104} INFO - [2023-03-20 14:59:02,429] {dag.py:1824} INFO - Sync 1 DAGs
[2023-03-20 14:59:02,440] {logging_mixin.py:104} INFO - [2023-03-20 14:59:02,440] {dag.py:2280} INFO - Setting next_dagrun for tutorial_etl_dag to None
[2023-03-20 14:59:02,447] {scheduler_job.py:190} INFO - Processing /home/airflow/.local/lib/python3.6/site-packages/airflow/example_dags/tutorial_etl_dag.py took 0.056 seconds
[2023-03-20 14:59:32,948] {scheduler_job.py:182} INFO - Started process (PID=249) to work on /home/airflow/.local/lib/python3.6/site-packages/airflow/example_dags/tutorial_etl_dag.py
[2023-03-20 14:59:32,950] {scheduler_job.py:629} INFO - Processing file /home/airflow/.local/lib/python3.6/site-packages/airflow/example_dags/tutorial_etl_dag.py for tasks to queue
[2023-03-20 14:59:32,951] {logging_mixin.py:104} INFO - [2023-03-20 14:59:32,951] {dagbag.py:451} INFO - Filling up the DagBag from /home/airflow/.local/lib/python3.6/site-packages/airflow/example_dags/tutorial_etl_dag.py
[2023-03-20 14:59:32,962] {scheduler_job.py:639} INFO - DAG(s) dict_keys(['tutorial_etl_dag']) retrieved from /home/airflow/.local/lib/python3.6/site-packages/airflow/example_dags/tutorial_etl_dag.py
[2023-03-20 14:59:32,985] {logging_mixin.py:104} INFO - [2023-03-20 14:59:32,985] {dag.py:1824} INFO - Sync 1 DAGs
[2023-03-20 14:59:32,996] {logging_mixin.py:104} INFO - [2023-03-20 14:59:32,996] {dag.py:2280} INFO - Setting next_dagrun for tutorial_etl_dag to None
[2023-03-20 14:59:33,003] {scheduler_job.py:190} INFO - Processing /home/airflow/.local/lib/python3.6/site-packages/airflow/example_dags/tutorial_etl_dag.py took 0.057 seconds
[2023-03-20 15:00:03,385] {scheduler_job.py:182} INFO - Started process (PID=275) to work on /home/airflow/.local/lib/python3.6/site-packages/airflow/example_dags/tutorial_etl_dag.py
[2023-03-20 15:00:03,387] {scheduler_job.py:629} INFO - Processing file /home/airflow/.local/lib/python3.6/site-packages/airflow/example_dags/tutorial_etl_dag.py for tasks to queue
[2023-03-20 15:00:03,388] {logging_mixin.py:104} INFO - [2023-03-20 15:00:03,388] {dagbag.py:451} INFO - Filling up the DagBag from /home/airflow/.local/lib/python3.6/site-packages/airflow/example_dags/tutorial_etl_dag.py
[2023-03-20 15:00:03,399] {scheduler_job.py:639} INFO - DAG(s) dict_keys(['tutorial_etl_dag']) retrieved from /home/airflow/.local/lib/python3.6/site-packages/airflow/example_dags/tutorial_etl_dag.py
[2023-03-20 15:00:03,422] {logging_mixin.py:104} INFO - [2023-03-20 15:00:03,422] {dag.py:1824} INFO - Sync 1 DAGs
[2023-03-20 15:00:03,433] {logging_mixin.py:104} INFO - [2023-03-20 15:00:03,433] {dag.py:2280} INFO - Setting next_dagrun for tutorial_etl_dag to None
[2023-03-20 15:00:03,440] {scheduler_job.py:190} INFO - Processing /home/airflow/.local/lib/python3.6/site-packages/airflow/example_dags/tutorial_etl_dag.py took 0.058 seconds
[2023-03-20 15:00:33,948] {scheduler_job.py:182} INFO - Started process (PID=301) to work on /home/airflow/.local/lib/python3.6/site-packages/airflow/example_dags/tutorial_etl_dag.py
[2023-03-20 15:00:33,949] {scheduler_job.py:629} INFO - Processing file /home/airflow/.local/lib/python3.6/site-packages/airflow/example_dags/tutorial_etl_dag.py for tasks to queue
[2023-03-20 15:00:33,950] {logging_mixin.py:104} INFO - [2023-03-20 15:00:33,950] {dagbag.py:451} INFO - Filling up the DagBag from /home/airflow/.local/lib/python3.6/site-packages/airflow/example_dags/tutorial_etl_dag.py
[2023-03-20 15:00:33,965] {scheduler_job.py:639} INFO - DAG(s) dict_keys(['tutorial_etl_dag']) retrieved from /home/airflow/.local/lib/python3.6/site-packages/airflow/example_dags/tutorial_etl_dag.py
[2023-03-20 15:00:33,985] {logging_mixin.py:104} INFO - [2023-03-20 15:00:33,985] {dag.py:1824} INFO - Sync 1 DAGs
[2023-03-20 15:00:33,995] {logging_mixin.py:104} INFO - [2023-03-20 15:00:33,995] {dag.py:2280} INFO - Setting next_dagrun for tutorial_etl_dag to None
[2023-03-20 15:00:34,004] {scheduler_job.py:190} INFO - Processing /home/airflow/.local/lib/python3.6/site-packages/airflow/example_dags/tutorial_etl_dag.py took 0.059 seconds
[2023-03-20 15:01:04,459] {scheduler_job.py:182} INFO - Started process (PID=327) to work on /home/airflow/.local/lib/python3.6/site-packages/airflow/example_dags/tutorial_etl_dag.py
[2023-03-20 15:01:04,461] {scheduler_job.py:629} INFO - Processing file /home/airflow/.local/lib/python3.6/site-packages/airflow/example_dags/tutorial_etl_dag.py for tasks to queue
[2023-03-20 15:01:04,462] {logging_mixin.py:104} INFO - [2023-03-20 15:01:04,462] {dagbag.py:451} INFO - Filling up the DagBag from /home/airflow/.local/lib/python3.6/site-packages/airflow/example_dags/tutorial_etl_dag.py
[2023-03-20 15:01:04,476] {scheduler_job.py:639} INFO - DAG(s) dict_keys(['tutorial_etl_dag']) retrieved from /home/airflow/.local/lib/python3.6/site-packages/airflow/example_dags/tutorial_etl_dag.py
[2023-03-20 15:01:04,496] {logging_mixin.py:104} INFO - [2023-03-20 15:01:04,496] {dag.py:1824} INFO - Sync 1 DAGs
[2023-03-20 15:01:04,506] {logging_mixin.py:104} INFO - [2023-03-20 15:01:04,506] {dag.py:2280} INFO - Setting next_dagrun for tutorial_etl_dag to None
[2023-03-20 15:01:04,517] {scheduler_job.py:190} INFO - Processing /home/airflow/.local/lib/python3.6/site-packages/airflow/example_dags/tutorial_etl_dag.py took 0.060 seconds
[2023-03-20 15:01:34,860] {scheduler_job.py:182} INFO - Started process (PID=353) to work on /home/airflow/.local/lib/python3.6/site-packages/airflow/example_dags/tutorial_etl_dag.py
[2023-03-20 15:01:34,861] {scheduler_job.py:629} INFO - Processing file /home/airflow/.local/lib/python3.6/site-packages/airflow/example_dags/tutorial_etl_dag.py for tasks to queue
[2023-03-20 15:01:34,862] {logging_mixin.py:104} INFO - [2023-03-20 15:01:34,862] {dagbag.py:451} INFO - Filling up the DagBag from /home/airflow/.local/lib/python3.6/site-packages/airflow/example_dags/tutorial_etl_dag.py
[2023-03-20 15:01:34,876] {scheduler_job.py:639} INFO - DAG(s) dict_keys(['tutorial_etl_dag']) retrieved from /home/airflow/.local/lib/python3.6/site-packages/airflow/example_dags/tutorial_etl_dag.py
[2023-03-20 15:01:34,896] {logging_mixin.py:104} INFO - [2023-03-20 15:01:34,896] {dag.py:1824} INFO - Sync 1 DAGs
[2023-03-20 15:01:34,906] {logging_mixin.py:104} INFO - [2023-03-20 15:01:34,906] {dag.py:2280} INFO - Setting next_dagrun for tutorial_etl_dag to None
[2023-03-20 15:01:34,914] {scheduler_job.py:190} INFO - Processing /home/airflow/.local/lib/python3.6/site-packages/airflow/example_dags/tutorial_etl_dag.py took 0.057 seconds
[2023-03-20 15:02:05,314] {scheduler_job.py:182} INFO - Started process (PID=379) to work on /home/airflow/.local/lib/python3.6/site-packages/airflow/example_dags/tutorial_etl_dag.py
[2023-03-20 15:02:05,316] {scheduler_job.py:629} INFO - Processing file /home/airflow/.local/lib/python3.6/site-packages/airflow/example_dags/tutorial_etl_dag.py for tasks to queue
[2023-03-20 15:02:05,317] {logging_mixin.py:104} INFO - [2023-03-20 15:02:05,317] {dagbag.py:451} INFO - Filling up the DagBag from /home/airflow/.local/lib/python3.6/site-packages/airflow/example_dags/tutorial_etl_dag.py
[2023-03-20 15:02:05,331] {scheduler_job.py:639} INFO - DAG(s) dict_keys(['tutorial_etl_dag']) retrieved from /home/airflow/.local/lib/python3.6/site-packages/airflow/example_dags/tutorial_etl_dag.py
[2023-03-20 15:02:05,351] {logging_mixin.py:104} INFO - [2023-03-20 15:02:05,351] {dag.py:1824} INFO - Sync 1 DAGs
[2023-03-20 15:02:05,362] {logging_mixin.py:104} INFO - [2023-03-20 15:02:05,362] {dag.py:2280} INFO - Setting next_dagrun for tutorial_etl_dag to None
[2023-03-20 15:02:05,370] {scheduler_job.py:190} INFO - Processing /home/airflow/.local/lib/python3.6/site-packages/airflow/example_dags/tutorial_etl_dag.py took 0.058 seconds
[2023-03-20 15:02:35,760] {scheduler_job.py:182} INFO - Started process (PID=405) to work on /home/airflow/.local/lib/python3.6/site-packages/airflow/example_dags/tutorial_etl_dag.py
[2023-03-20 15:02:35,767] {scheduler_job.py:629} INFO - Processing file /home/airflow/.local/lib/python3.6/site-packages/airflow/example_dags/tutorial_etl_dag.py for tasks to queue
[2023-03-20 15:02:35,768] {logging_mixin.py:104} INFO - [2023-03-20 15:02:35,768] {dagbag.py:451} INFO - Filling up the DagBag from /home/airflow/.local/lib/python3.6/site-packages/airflow/example_dags/tutorial_etl_dag.py
[2023-03-20 15:02:35,777] {scheduler_job.py:639} INFO - DAG(s) dict_keys(['tutorial_etl_dag']) retrieved from /home/airflow/.local/lib/python3.6/site-packages/airflow/example_dags/tutorial_etl_dag.py
[2023-03-20 15:02:35,797] {logging_mixin.py:104} INFO - [2023-03-20 15:02:35,797] {dag.py:1824} INFO - Sync 1 DAGs
[2023-03-20 15:02:35,807] {logging_mixin.py:104} INFO - [2023-03-20 15:02:35,807] {dag.py:2280} INFO - Setting next_dagrun for tutorial_etl_dag to None
[2023-03-20 15:02:35,813] {scheduler_job.py:190} INFO - Processing /home/airflow/.local/lib/python3.6/site-packages/airflow/example_dags/tutorial_etl_dag.py took 0.056 seconds
[2023-03-20 15:03:06,269] {scheduler_job.py:182} INFO - Started process (PID=431) to work on /home/airflow/.local/lib/python3.6/site-packages/airflow/example_dags/tutorial_etl_dag.py
[2023-03-20 15:03:06,270] {scheduler_job.py:629} INFO - Processing file /home/airflow/.local/lib/python3.6/site-packages/airflow/example_dags/tutorial_etl_dag.py for tasks to queue
[2023-03-20 15:03:06,271] {logging_mixin.py:104} INFO - [2023-03-20 15:03:06,271] {dagbag.py:451} INFO - Filling up the DagBag from /home/airflow/.local/lib/python3.6/site-packages/airflow/example_dags/tutorial_etl_dag.py
[2023-03-20 15:03:06,282] {scheduler_job.py:639} INFO - DAG(s) dict_keys(['tutorial_etl_dag']) retrieved from /home/airflow/.local/lib/python3.6/site-packages/airflow/example_dags/tutorial_etl_dag.py
[2023-03-20 15:03:06,302] {logging_mixin.py:104} INFO - [2023-03-20 15:03:06,302] {dag.py:1824} INFO - Sync 1 DAGs
[2023-03-20 15:03:06,313] {logging_mixin.py:104} INFO - [2023-03-20 15:03:06,313] {dag.py:2280} INFO - Setting next_dagrun for tutorial_etl_dag to None
[2023-03-20 15:03:06,320] {scheduler_job.py:190} INFO - Processing /home/airflow/.local/lib/python3.6/site-packages/airflow/example_dags/tutorial_etl_dag.py took 0.054 seconds
[2023-03-20 15:03:36,836] {scheduler_job.py:182} INFO - Started process (PID=457) to work on /home/airflow/.local/lib/python3.6/site-packages/airflow/example_dags/tutorial_etl_dag.py
[2023-03-20 15:03:36,838] {scheduler_job.py:629} INFO - Processing file /home/airflow/.local/lib/python3.6/site-packages/airflow/example_dags/tutorial_etl_dag.py for tasks to queue
[2023-03-20 15:03:36,839] {logging_mixin.py:104} INFO - [2023-03-20 15:03:36,839] {dagbag.py:451} INFO - Filling up the DagBag from /home/airflow/.local/lib/python3.6/site-packages/airflow/example_dags/tutorial_etl_dag.py
[2023-03-20 15:03:36,852] {scheduler_job.py:639} INFO - DAG(s) dict_keys(['tutorial_etl_dag']) retrieved from /home/airflow/.local/lib/python3.6/site-packages/airflow/example_dags/tutorial_etl_dag.py
[2023-03-20 15:03:36,872] {logging_mixin.py:104} INFO - [2023-03-20 15:03:36,872] {dag.py:1824} INFO - Sync 1 DAGs
[2023-03-20 15:03:36,883] {logging_mixin.py:104} INFO - [2023-03-20 15:03:36,883] {dag.py:2280} INFO - Setting next_dagrun for tutorial_etl_dag to None
[2023-03-20 15:03:36,890] {scheduler_job.py:190} INFO - Processing /home/airflow/.local/lib/python3.6/site-packages/airflow/example_dags/tutorial_etl_dag.py took 0.058 seconds
[2023-03-20 15:04:07,409] {scheduler_job.py:182} INFO - Started process (PID=483) to work on /home/airflow/.local/lib/python3.6/site-packages/airflow/example_dags/tutorial_etl_dag.py
[2023-03-20 15:04:07,410] {scheduler_job.py:629} INFO - Processing file /home/airflow/.local/lib/python3.6/site-packages/airflow/example_dags/tutorial_etl_dag.py for tasks to queue
[2023-03-20 15:04:07,411] {logging_mixin.py:104} INFO - [2023-03-20 15:04:07,411] {dagbag.py:451} INFO - Filling up the DagBag from /home/airflow/.local/lib/python3.6/site-packages/airflow/example_dags/tutorial_etl_dag.py
[2023-03-20 15:04:07,422] {scheduler_job.py:639} INFO - DAG(s) dict_keys(['tutorial_etl_dag']) retrieved from /home/airflow/.local/lib/python3.6/site-packages/airflow/example_dags/tutorial_etl_dag.py
[2023-03-20 15:04:07,443] {logging_mixin.py:104} INFO - [2023-03-20 15:04:07,443] {dag.py:1824} INFO - Sync 1 DAGs
[2023-03-20 15:04:07,453] {logging_mixin.py:104} INFO - [2023-03-20 15:04:07,453] {dag.py:2280} INFO - Setting next_dagrun for tutorial_etl_dag to None
[2023-03-20 15:04:07,460] {scheduler_job.py:190} INFO - Processing /home/airflow/.local/lib/python3.6/site-packages/airflow/example_dags/tutorial_etl_dag.py took 0.054 seconds
[2023-03-20 15:04:37,860] {scheduler_job.py:182} INFO - Started process (PID=509) to work on /home/airflow/.local/lib/python3.6/site-packages/airflow/example_dags/tutorial_etl_dag.py
[2023-03-20 15:04:37,862] {scheduler_job.py:629} INFO - Processing file /home/airflow/.local/lib/python3.6/site-packages/airflow/example_dags/tutorial_etl_dag.py for tasks to queue
[2023-03-20 15:04:37,866] {logging_mixin.py:104} INFO - [2023-03-20 15:04:37,866] {dagbag.py:451} INFO - Filling up the DagBag from /home/airflow/.local/lib/python3.6/site-packages/airflow/example_dags/tutorial_etl_dag.py
[2023-03-20 15:04:37,878] {scheduler_job.py:639} INFO - DAG(s) dict_keys(['tutorial_etl_dag']) retrieved from /home/airflow/.local/lib/python3.6/site-packages/airflow/example_dags/tutorial_etl_dag.py
[2023-03-20 15:04:37,901] {logging_mixin.py:104} INFO - [2023-03-20 15:04:37,901] {dag.py:1824} INFO - Sync 1 DAGs
[2023-03-20 15:04:37,914] {logging_mixin.py:104} INFO - [2023-03-20 15:04:37,914] {dag.py:2280} INFO - Setting next_dagrun for tutorial_etl_dag to None
[2023-03-20 15:04:37,923] {scheduler_job.py:190} INFO - Processing /home/airflow/.local/lib/python3.6/site-packages/airflow/example_dags/tutorial_etl_dag.py took 0.067 seconds
[2023-03-20 15:05:08,481] {scheduler_job.py:182} INFO - Started process (PID=535) to work on /home/airflow/.local/lib/python3.6/site-packages/airflow/example_dags/tutorial_etl_dag.py
[2023-03-20 15:05:08,483] {scheduler_job.py:629} INFO - Processing file /home/airflow/.local/lib/python3.6/site-packages/airflow/example_dags/tutorial_etl_dag.py for tasks to queue
[2023-03-20 15:05:08,484] {logging_mixin.py:104} INFO - [2023-03-20 15:05:08,484] {dagbag.py:451} INFO - Filling up the DagBag from /home/airflow/.local/lib/python3.6/site-packages/airflow/example_dags/tutorial_etl_dag.py
[2023-03-20 15:05:08,496] {scheduler_job.py:639} INFO - DAG(s) dict_keys(['tutorial_etl_dag']) retrieved from /home/airflow/.local/lib/python3.6/site-packages/airflow/example_dags/tutorial_etl_dag.py
[2023-03-20 15:05:08,516] {logging_mixin.py:104} INFO - [2023-03-20 15:05:08,516] {dag.py:1824} INFO - Sync 1 DAGs
[2023-03-20 15:05:08,528] {logging_mixin.py:104} INFO - [2023-03-20 15:05:08,528] {dag.py:2280} INFO - Setting next_dagrun for tutorial_etl_dag to None
[2023-03-20 15:05:08,536] {scheduler_job.py:190} INFO - Processing /home/airflow/.local/lib/python3.6/site-packages/airflow/example_dags/tutorial_etl_dag.py took 0.058 seconds
[2023-03-20 15:05:39,055] {scheduler_job.py:182} INFO - Started process (PID=561) to work on /home/airflow/.local/lib/python3.6/site-packages/airflow/example_dags/tutorial_etl_dag.py
[2023-03-20 15:05:39,056] {scheduler_job.py:629} INFO - Processing file /home/airflow/.local/lib/python3.6/site-packages/airflow/example_dags/tutorial_etl_dag.py for tasks to queue
[2023-03-20 15:05:39,057] {logging_mixin.py:104} INFO - [2023-03-20 15:05:39,057] {dagbag.py:451} INFO - Filling up the DagBag from /home/airflow/.local/lib/python3.6/site-packages/airflow/example_dags/tutorial_etl_dag.py
[2023-03-20 15:05:39,069] {scheduler_job.py:639} INFO - DAG(s) dict_keys(['tutorial_etl_dag']) retrieved from /home/airflow/.local/lib/python3.6/site-packages/airflow/example_dags/tutorial_etl_dag.py
[2023-03-20 15:05:39,089] {logging_mixin.py:104} INFO - [2023-03-20 15:05:39,089] {dag.py:1824} INFO - Sync 1 DAGs
[2023-03-20 15:05:39,100] {logging_mixin.py:104} INFO - [2023-03-20 15:05:39,100] {dag.py:2280} INFO - Setting next_dagrun for tutorial_etl_dag to None
[2023-03-20 15:05:39,108] {scheduler_job.py:190} INFO - Processing /home/airflow/.local/lib/python3.6/site-packages/airflow/example_dags/tutorial_etl_dag.py took 0.056 seconds
[2023-03-20 15:06:09,630] {scheduler_job.py:182} INFO - Started process (PID=587) to work on /home/airflow/.local/lib/python3.6/site-packages/airflow/example_dags/tutorial_etl_dag.py
[2023-03-20 15:06:09,631] {scheduler_job.py:629} INFO - Processing file /home/airflow/.local/lib/python3.6/site-packages/airflow/example_dags/tutorial_etl_dag.py for tasks to queue
[2023-03-20 15:06:09,632] {logging_mixin.py:104} INFO - [2023-03-20 15:06:09,632] {dagbag.py:451} INFO - Filling up the DagBag from /home/airflow/.local/lib/python3.6/site-packages/airflow/example_dags/tutorial_etl_dag.py
[2023-03-20 15:06:09,644] {scheduler_job.py:639} INFO - DAG(s) dict_keys(['tutorial_etl_dag']) retrieved from /home/airflow/.local/lib/python3.6/site-packages/airflow/example_dags/tutorial_etl_dag.py
[2023-03-20 15:06:09,664] {logging_mixin.py:104} INFO - [2023-03-20 15:06:09,664] {dag.py:1824} INFO - Sync 1 DAGs
[2023-03-20 15:06:09,675] {logging_mixin.py:104} INFO - [2023-03-20 15:06:09,675] {dag.py:2280} INFO - Setting next_dagrun for tutorial_etl_dag to None
[2023-03-20 15:06:09,682] {scheduler_job.py:190} INFO - Processing /home/airflow/.local/lib/python3.6/site-packages/airflow/example_dags/tutorial_etl_dag.py took 0.055 seconds
[2023-03-20 15:06:40,251] {scheduler_job.py:182} INFO - Started process (PID=613) to work on /home/airflow/.local/lib/python3.6/site-packages/airflow/example_dags/tutorial_etl_dag.py
[2023-03-20 15:06:40,253] {scheduler_job.py:629} INFO - Processing file /home/airflow/.local/lib/python3.6/site-packages/airflow/example_dags/tutorial_etl_dag.py for tasks to queue
[2023-03-20 15:06:40,255] {logging_mixin.py:104} INFO - [2023-03-20 15:06:40,255] {dagbag.py:451} INFO - Filling up the DagBag from /home/airflow/.local/lib/python3.6/site-packages/airflow/example_dags/tutorial_etl_dag.py
[2023-03-20 15:06:40,272] {scheduler_job.py:639} INFO - DAG(s) dict_keys(['tutorial_etl_dag']) retrieved from /home/airflow/.local/lib/python3.6/site-packages/airflow/example_dags/tutorial_etl_dag.py
[2023-03-20 15:06:40,296] {logging_mixin.py:104} INFO - [2023-03-20 15:06:40,296] {dag.py:1824} INFO - Sync 1 DAGs
[2023-03-20 15:06:40,316] {logging_mixin.py:104} INFO - [2023-03-20 15:06:40,316] {dag.py:2280} INFO - Setting next_dagrun for tutorial_etl_dag to None
[2023-03-20 15:06:40,329] {scheduler_job.py:190} INFO - Processing /home/airflow/.local/lib/python3.6/site-packages/airflow/example_dags/tutorial_etl_dag.py took 0.080 seconds
[2023-03-20 15:07:11,049] {scheduler_job.py:182} INFO - Started process (PID=639) to work on /home/airflow/.local/lib/python3.6/site-packages/airflow/example_dags/tutorial_etl_dag.py
[2023-03-20 15:07:11,054] {scheduler_job.py:629} INFO - Processing file /home/airflow/.local/lib/python3.6/site-packages/airflow/example_dags/tutorial_etl_dag.py for tasks to queue
[2023-03-20 15:07:11,059] {logging_mixin.py:104} INFO - [2023-03-20 15:07:11,058] {dagbag.py:451} INFO - Filling up the DagBag from /home/airflow/.local/lib/python3.6/site-packages/airflow/example_dags/tutorial_etl_dag.py
[2023-03-20 15:07:11,083] {scheduler_job.py:639} INFO - DAG(s) dict_keys(['tutorial_etl_dag']) retrieved from /home/airflow/.local/lib/python3.6/site-packages/airflow/example_dags/tutorial_etl_dag.py
[2023-03-20 15:07:11,109] {logging_mixin.py:104} INFO - [2023-03-20 15:07:11,109] {dag.py:1824} INFO - Sync 1 DAGs
[2023-03-20 15:07:11,122] {logging_mixin.py:104} INFO - [2023-03-20 15:07:11,122] {dag.py:2280} INFO - Setting next_dagrun for tutorial_etl_dag to None
[2023-03-20 15:07:11,129] {scheduler_job.py:190} INFO - Processing /home/airflow/.local/lib/python3.6/site-packages/airflow/example_dags/tutorial_etl_dag.py took 0.086 seconds
[2023-03-20 15:07:41,958] {scheduler_job.py:182} INFO - Started process (PID=665) to work on /home/airflow/.local/lib/python3.6/site-packages/airflow/example_dags/tutorial_etl_dag.py
[2023-03-20 15:07:41,960] {scheduler_job.py:629} INFO - Processing file /home/airflow/.local/lib/python3.6/site-packages/airflow/example_dags/tutorial_etl_dag.py for tasks to queue
[2023-03-20 15:07:41,961] {logging_mixin.py:104} INFO - [2023-03-20 15:07:41,961] {dagbag.py:451} INFO - Filling up the DagBag from /home/airflow/.local/lib/python3.6/site-packages/airflow/example_dags/tutorial_etl_dag.py
[2023-03-20 15:07:41,973] {scheduler_job.py:639} INFO - DAG(s) dict_keys(['tutorial_etl_dag']) retrieved from /home/airflow/.local/lib/python3.6/site-packages/airflow/example_dags/tutorial_etl_dag.py
[2023-03-20 15:07:42,000] {logging_mixin.py:104} INFO - [2023-03-20 15:07:42,000] {dag.py:1824} INFO - Sync 1 DAGs
[2023-03-20 15:07:42,014] {logging_mixin.py:104} INFO - [2023-03-20 15:07:42,014] {dag.py:2280} INFO - Setting next_dagrun for tutorial_etl_dag to None
[2023-03-20 15:07:42,026] {scheduler_job.py:190} INFO - Processing /home/airflow/.local/lib/python3.6/site-packages/airflow/example_dags/tutorial_etl_dag.py took 0.072 seconds
[2023-03-20 15:08:12,721] {scheduler_job.py:182} INFO - Started process (PID=691) to work on /home/airflow/.local/lib/python3.6/site-packages/airflow/example_dags/tutorial_etl_dag.py
[2023-03-20 15:08:12,722] {scheduler_job.py:629} INFO - Processing file /home/airflow/.local/lib/python3.6/site-packages/airflow/example_dags/tutorial_etl_dag.py for tasks to queue
[2023-03-20 15:08:12,723] {logging_mixin.py:104} INFO - [2023-03-20 15:08:12,723] {dagbag.py:451} INFO - Filling up the DagBag from /home/airflow/.local/lib/python3.6/site-packages/airflow/example_dags/tutorial_etl_dag.py
[2023-03-20 15:08:12,735] {scheduler_job.py:639} INFO - DAG(s) dict_keys(['tutorial_etl_dag']) retrieved from /home/airflow/.local/lib/python3.6/site-packages/airflow/example_dags/tutorial_etl_dag.py
[2023-03-20 15:08:12,755] {logging_mixin.py:104} INFO - [2023-03-20 15:08:12,755] {dag.py:1824} INFO - Sync 1 DAGs
[2023-03-20 15:08:12,766] {logging_mixin.py:104} INFO - [2023-03-20 15:08:12,766] {dag.py:2280} INFO - Setting next_dagrun for tutorial_etl_dag to None
[2023-03-20 15:08:12,773] {scheduler_job.py:190} INFO - Processing /home/airflow/.local/lib/python3.6/site-packages/airflow/example_dags/tutorial_etl_dag.py took 0.055 seconds
[2023-03-20 15:08:43,459] {scheduler_job.py:182} INFO - Started process (PID=717) to work on /home/airflow/.local/lib/python3.6/site-packages/airflow/example_dags/tutorial_etl_dag.py
[2023-03-20 15:08:43,461] {scheduler_job.py:629} INFO - Processing file /home/airflow/.local/lib/python3.6/site-packages/airflow/example_dags/tutorial_etl_dag.py for tasks to queue
[2023-03-20 15:08:43,462] {logging_mixin.py:104} INFO - [2023-03-20 15:08:43,462] {dagbag.py:451} INFO - Filling up the DagBag from /home/airflow/.local/lib/python3.6/site-packages/airflow/example_dags/tutorial_etl_dag.py
[2023-03-20 15:08:43,475] {scheduler_job.py:639} INFO - DAG(s) dict_keys(['tutorial_etl_dag']) retrieved from /home/airflow/.local/lib/python3.6/site-packages/airflow/example_dags/tutorial_etl_dag.py
[2023-03-20 15:08:43,495] {logging_mixin.py:104} INFO - [2023-03-20 15:08:43,495] {dag.py:1824} INFO - Sync 1 DAGs
[2023-03-20 15:08:43,512] {logging_mixin.py:104} INFO - [2023-03-20 15:08:43,512] {dag.py:2280} INFO - Setting next_dagrun for tutorial_etl_dag to None
[2023-03-20 15:08:43,520] {scheduler_job.py:190} INFO - Processing /home/airflow/.local/lib/python3.6/site-packages/airflow/example_dags/tutorial_etl_dag.py took 0.066 seconds
[2023-03-20 15:09:14,221] {scheduler_job.py:182} INFO - Started process (PID=743) to work on /home/airflow/.local/lib/python3.6/site-packages/airflow/example_dags/tutorial_etl_dag.py
[2023-03-20 15:09:14,223] {scheduler_job.py:629} INFO - Processing file /home/airflow/.local/lib/python3.6/site-packages/airflow/example_dags/tutorial_etl_dag.py for tasks to queue
[2023-03-20 15:09:14,225] {logging_mixin.py:104} INFO - [2023-03-20 15:09:14,224] {dagbag.py:451} INFO - Filling up the DagBag from /home/airflow/.local/lib/python3.6/site-packages/airflow/example_dags/tutorial_etl_dag.py
[2023-03-20 15:09:14,240] {scheduler_job.py:639} INFO - DAG(s) dict_keys(['tutorial_etl_dag']) retrieved from /home/airflow/.local/lib/python3.6/site-packages/airflow/example_dags/tutorial_etl_dag.py
[2023-03-20 15:09:14,265] {logging_mixin.py:104} INFO - [2023-03-20 15:09:14,265] {dag.py:1824} INFO - Sync 1 DAGs
[2023-03-20 15:09:14,277] {logging_mixin.py:104} INFO - [2023-03-20 15:09:14,277] {dag.py:2280} INFO - Setting next_dagrun for tutorial_etl_dag to None
[2023-03-20 15:09:14,285] {scheduler_job.py:190} INFO - Processing /home/airflow/.local/lib/python3.6/site-packages/airflow/example_dags/tutorial_etl_dag.py took 0.068 seconds
