[2023-03-20 11:38:01,254] {scheduler_job.py:182} INFO - Started process (PID=49) to work on /home/airflow/.local/lib/python3.6/site-packages/airflow/example_dags/tutorial_taskflow_api_etl.py
[2023-03-20 11:38:01,266] {scheduler_job.py:629} INFO - Processing file /home/airflow/.local/lib/python3.6/site-packages/airflow/example_dags/tutorial_taskflow_api_etl.py for tasks to queue
[2023-03-20 11:38:01,268] {logging_mixin.py:104} INFO - [2023-03-20 11:38:01,268] {dagbag.py:451} INFO - Filling up the DagBag from /home/airflow/.local/lib/python3.6/site-packages/airflow/example_dags/tutorial_taskflow_api_etl.py
[2023-03-20 11:38:01,353] {scheduler_job.py:639} INFO - DAG(s) dict_keys(['tutorial_taskflow_api_etl']) retrieved from /home/airflow/.local/lib/python3.6/site-packages/airflow/example_dags/tutorial_taskflow_api_etl.py
[2023-03-20 11:38:01,430] {logging_mixin.py:104} INFO - [2023-03-20 11:38:01,429] {dag.py:1824} INFO - Sync 1 DAGs
[2023-03-20 11:38:01,468] {logging_mixin.py:104} INFO - [2023-03-20 11:38:01,468] {dag.py:1843} INFO - Creating ORM DAG for tutorial_taskflow_api_etl
[2023-03-20 11:38:01,494] {logging_mixin.py:104} INFO - [2023-03-20 11:38:01,493] {dag.py:2280} INFO - Setting next_dagrun for tutorial_taskflow_api_etl to None
[2023-03-20 11:38:01,544] {scheduler_job.py:190} INFO - Processing /home/airflow/.local/lib/python3.6/site-packages/airflow/example_dags/tutorial_taskflow_api_etl.py took 0.295 seconds
[2023-03-20 11:38:32,276] {scheduler_job.py:182} INFO - Started process (PID=75) to work on /home/airflow/.local/lib/python3.6/site-packages/airflow/example_dags/tutorial_taskflow_api_etl.py
[2023-03-20 11:38:32,277] {scheduler_job.py:629} INFO - Processing file /home/airflow/.local/lib/python3.6/site-packages/airflow/example_dags/tutorial_taskflow_api_etl.py for tasks to queue
[2023-03-20 11:38:32,278] {logging_mixin.py:104} INFO - [2023-03-20 11:38:32,278] {dagbag.py:451} INFO - Filling up the DagBag from /home/airflow/.local/lib/python3.6/site-packages/airflow/example_dags/tutorial_taskflow_api_etl.py
[2023-03-20 11:38:32,291] {scheduler_job.py:639} INFO - DAG(s) dict_keys(['tutorial_taskflow_api_etl']) retrieved from /home/airflow/.local/lib/python3.6/site-packages/airflow/example_dags/tutorial_taskflow_api_etl.py
[2023-03-20 11:38:32,316] {logging_mixin.py:104} INFO - [2023-03-20 11:38:32,316] {dag.py:1824} INFO - Sync 1 DAGs
[2023-03-20 11:38:32,331] {logging_mixin.py:104} INFO - [2023-03-20 11:38:32,331] {dag.py:2280} INFO - Setting next_dagrun for tutorial_taskflow_api_etl to None
[2023-03-20 11:38:32,340] {scheduler_job.py:190} INFO - Processing /home/airflow/.local/lib/python3.6/site-packages/airflow/example_dags/tutorial_taskflow_api_etl.py took 0.068 seconds
[2023-03-20 11:39:03,069] {scheduler_job.py:182} INFO - Started process (PID=101) to work on /home/airflow/.local/lib/python3.6/site-packages/airflow/example_dags/tutorial_taskflow_api_etl.py
[2023-03-20 11:39:03,070] {scheduler_job.py:629} INFO - Processing file /home/airflow/.local/lib/python3.6/site-packages/airflow/example_dags/tutorial_taskflow_api_etl.py for tasks to queue
[2023-03-20 11:39:03,071] {logging_mixin.py:104} INFO - [2023-03-20 11:39:03,071] {dagbag.py:451} INFO - Filling up the DagBag from /home/airflow/.local/lib/python3.6/site-packages/airflow/example_dags/tutorial_taskflow_api_etl.py
[2023-03-20 11:39:03,084] {scheduler_job.py:639} INFO - DAG(s) dict_keys(['tutorial_taskflow_api_etl']) retrieved from /home/airflow/.local/lib/python3.6/site-packages/airflow/example_dags/tutorial_taskflow_api_etl.py
[2023-03-20 11:39:03,108] {logging_mixin.py:104} INFO - [2023-03-20 11:39:03,108] {dag.py:1824} INFO - Sync 1 DAGs
[2023-03-20 11:39:03,122] {logging_mixin.py:104} INFO - [2023-03-20 11:39:03,121] {dag.py:2280} INFO - Setting next_dagrun for tutorial_taskflow_api_etl to None
[2023-03-20 11:39:03,130] {scheduler_job.py:190} INFO - Processing /home/airflow/.local/lib/python3.6/site-packages/airflow/example_dags/tutorial_taskflow_api_etl.py took 0.064 seconds
[2023-03-20 11:39:33,879] {scheduler_job.py:182} INFO - Started process (PID=127) to work on /home/airflow/.local/lib/python3.6/site-packages/airflow/example_dags/tutorial_taskflow_api_etl.py
[2023-03-20 11:39:33,881] {scheduler_job.py:629} INFO - Processing file /home/airflow/.local/lib/python3.6/site-packages/airflow/example_dags/tutorial_taskflow_api_etl.py for tasks to queue
[2023-03-20 11:39:33,882] {logging_mixin.py:104} INFO - [2023-03-20 11:39:33,882] {dagbag.py:451} INFO - Filling up the DagBag from /home/airflow/.local/lib/python3.6/site-packages/airflow/example_dags/tutorial_taskflow_api_etl.py
[2023-03-20 11:39:33,906] {scheduler_job.py:639} INFO - DAG(s) dict_keys(['tutorial_taskflow_api_etl']) retrieved from /home/airflow/.local/lib/python3.6/site-packages/airflow/example_dags/tutorial_taskflow_api_etl.py
[2023-03-20 11:39:33,942] {logging_mixin.py:104} INFO - [2023-03-20 11:39:33,941] {dag.py:1824} INFO - Sync 1 DAGs
[2023-03-20 11:39:33,954] {logging_mixin.py:104} INFO - [2023-03-20 11:39:33,954] {dag.py:2280} INFO - Setting next_dagrun for tutorial_taskflow_api_etl to None
[2023-03-20 11:39:33,964] {scheduler_job.py:190} INFO - Processing /home/airflow/.local/lib/python3.6/site-packages/airflow/example_dags/tutorial_taskflow_api_etl.py took 0.090 seconds
[2023-03-20 11:40:04,687] {scheduler_job.py:182} INFO - Started process (PID=153) to work on /home/airflow/.local/lib/python3.6/site-packages/airflow/example_dags/tutorial_taskflow_api_etl.py
[2023-03-20 11:40:04,689] {scheduler_job.py:629} INFO - Processing file /home/airflow/.local/lib/python3.6/site-packages/airflow/example_dags/tutorial_taskflow_api_etl.py for tasks to queue
[2023-03-20 11:40:04,690] {logging_mixin.py:104} INFO - [2023-03-20 11:40:04,690] {dagbag.py:451} INFO - Filling up the DagBag from /home/airflow/.local/lib/python3.6/site-packages/airflow/example_dags/tutorial_taskflow_api_etl.py
[2023-03-20 11:40:04,710] {scheduler_job.py:639} INFO - DAG(s) dict_keys(['tutorial_taskflow_api_etl']) retrieved from /home/airflow/.local/lib/python3.6/site-packages/airflow/example_dags/tutorial_taskflow_api_etl.py
[2023-03-20 11:40:04,743] {logging_mixin.py:104} INFO - [2023-03-20 11:40:04,742] {dag.py:1824} INFO - Sync 1 DAGs
[2023-03-20 11:40:04,755] {logging_mixin.py:104} INFO - [2023-03-20 11:40:04,755] {dag.py:2280} INFO - Setting next_dagrun for tutorial_taskflow_api_etl to None
[2023-03-20 11:40:04,764] {scheduler_job.py:190} INFO - Processing /home/airflow/.local/lib/python3.6/site-packages/airflow/example_dags/tutorial_taskflow_api_etl.py took 0.080 seconds
[2023-03-20 11:40:35,443] {scheduler_job.py:182} INFO - Started process (PID=179) to work on /home/airflow/.local/lib/python3.6/site-packages/airflow/example_dags/tutorial_taskflow_api_etl.py
[2023-03-20 11:40:35,444] {scheduler_job.py:629} INFO - Processing file /home/airflow/.local/lib/python3.6/site-packages/airflow/example_dags/tutorial_taskflow_api_etl.py for tasks to queue
[2023-03-20 11:40:35,445] {logging_mixin.py:104} INFO - [2023-03-20 11:40:35,445] {dagbag.py:451} INFO - Filling up the DagBag from /home/airflow/.local/lib/python3.6/site-packages/airflow/example_dags/tutorial_taskflow_api_etl.py
[2023-03-20 11:40:35,455] {scheduler_job.py:639} INFO - DAG(s) dict_keys(['tutorial_taskflow_api_etl']) retrieved from /home/airflow/.local/lib/python3.6/site-packages/airflow/example_dags/tutorial_taskflow_api_etl.py
[2023-03-20 11:40:35,482] {logging_mixin.py:104} INFO - [2023-03-20 11:40:35,482] {dag.py:1824} INFO - Sync 1 DAGs
[2023-03-20 11:40:35,492] {logging_mixin.py:104} INFO - [2023-03-20 11:40:35,492] {dag.py:2280} INFO - Setting next_dagrun for tutorial_taskflow_api_etl to None
[2023-03-20 11:40:35,501] {scheduler_job.py:190} INFO - Processing /home/airflow/.local/lib/python3.6/site-packages/airflow/example_dags/tutorial_taskflow_api_etl.py took 0.061 seconds
[2023-03-20 11:41:06,114] {scheduler_job.py:182} INFO - Started process (PID=205) to work on /home/airflow/.local/lib/python3.6/site-packages/airflow/example_dags/tutorial_taskflow_api_etl.py
[2023-03-20 11:41:06,116] {scheduler_job.py:629} INFO - Processing file /home/airflow/.local/lib/python3.6/site-packages/airflow/example_dags/tutorial_taskflow_api_etl.py for tasks to queue
[2023-03-20 11:41:06,117] {logging_mixin.py:104} INFO - [2023-03-20 11:41:06,117] {dagbag.py:451} INFO - Filling up the DagBag from /home/airflow/.local/lib/python3.6/site-packages/airflow/example_dags/tutorial_taskflow_api_etl.py
[2023-03-20 11:41:06,128] {scheduler_job.py:639} INFO - DAG(s) dict_keys(['tutorial_taskflow_api_etl']) retrieved from /home/airflow/.local/lib/python3.6/site-packages/airflow/example_dags/tutorial_taskflow_api_etl.py
[2023-03-20 11:41:06,154] {logging_mixin.py:104} INFO - [2023-03-20 11:41:06,154] {dag.py:1824} INFO - Sync 1 DAGs
[2023-03-20 11:41:06,165] {logging_mixin.py:104} INFO - [2023-03-20 11:41:06,164] {dag.py:2280} INFO - Setting next_dagrun for tutorial_taskflow_api_etl to None
[2023-03-20 11:41:06,173] {scheduler_job.py:190} INFO - Processing /home/airflow/.local/lib/python3.6/site-packages/airflow/example_dags/tutorial_taskflow_api_etl.py took 0.062 seconds
[2023-03-20 14:55:27,997] {scheduler_job.py:182} INFO - Started process (PID=51) to work on /home/airflow/.local/lib/python3.6/site-packages/airflow/example_dags/tutorial_taskflow_api_etl.py
[2023-03-20 14:55:28,000] {scheduler_job.py:629} INFO - Processing file /home/airflow/.local/lib/python3.6/site-packages/airflow/example_dags/tutorial_taskflow_api_etl.py for tasks to queue
[2023-03-20 14:55:28,004] {logging_mixin.py:104} INFO - [2023-03-20 14:55:28,003] {dagbag.py:451} INFO - Filling up the DagBag from /home/airflow/.local/lib/python3.6/site-packages/airflow/example_dags/tutorial_taskflow_api_etl.py
[2023-03-20 14:55:28,038] {scheduler_job.py:639} INFO - DAG(s) dict_keys(['tutorial_taskflow_api_etl']) retrieved from /home/airflow/.local/lib/python3.6/site-packages/airflow/example_dags/tutorial_taskflow_api_etl.py
[2023-03-20 14:55:28,099] {logging_mixin.py:104} INFO - [2023-03-20 14:55:28,099] {dag.py:1824} INFO - Sync 1 DAGs
[2023-03-20 14:55:28,134] {logging_mixin.py:104} INFO - [2023-03-20 14:55:28,133] {dag.py:1843} INFO - Creating ORM DAG for tutorial_taskflow_api_etl
[2023-03-20 14:55:28,146] {logging_mixin.py:104} INFO - [2023-03-20 14:55:28,146] {dag.py:2280} INFO - Setting next_dagrun for tutorial_taskflow_api_etl to None
[2023-03-20 14:55:28,172] {scheduler_job.py:190} INFO - Processing /home/airflow/.local/lib/python3.6/site-packages/airflow/example_dags/tutorial_taskflow_api_etl.py took 0.181 seconds
[2023-03-20 14:55:58,247] {scheduler_job.py:182} INFO - Started process (PID=77) to work on /home/airflow/.local/lib/python3.6/site-packages/airflow/example_dags/tutorial_taskflow_api_etl.py
[2023-03-20 14:55:58,248] {scheduler_job.py:629} INFO - Processing file /home/airflow/.local/lib/python3.6/site-packages/airflow/example_dags/tutorial_taskflow_api_etl.py for tasks to queue
[2023-03-20 14:55:58,249] {logging_mixin.py:104} INFO - [2023-03-20 14:55:58,249] {dagbag.py:451} INFO - Filling up the DagBag from /home/airflow/.local/lib/python3.6/site-packages/airflow/example_dags/tutorial_taskflow_api_etl.py
[2023-03-20 14:55:58,261] {scheduler_job.py:639} INFO - DAG(s) dict_keys(['tutorial_taskflow_api_etl']) retrieved from /home/airflow/.local/lib/python3.6/site-packages/airflow/example_dags/tutorial_taskflow_api_etl.py
[2023-03-20 14:55:58,284] {logging_mixin.py:104} INFO - [2023-03-20 14:55:58,284] {dag.py:1824} INFO - Sync 1 DAGs
[2023-03-20 14:55:58,297] {logging_mixin.py:104} INFO - [2023-03-20 14:55:58,297] {dag.py:2280} INFO - Setting next_dagrun for tutorial_taskflow_api_etl to None
[2023-03-20 14:55:58,305] {scheduler_job.py:190} INFO - Processing /home/airflow/.local/lib/python3.6/site-packages/airflow/example_dags/tutorial_taskflow_api_etl.py took 0.061 seconds
[2023-03-20 14:56:28,550] {scheduler_job.py:182} INFO - Started process (PID=95) to work on /home/airflow/.local/lib/python3.6/site-packages/airflow/example_dags/tutorial_taskflow_api_etl.py
[2023-03-20 14:56:28,552] {scheduler_job.py:629} INFO - Processing file /home/airflow/.local/lib/python3.6/site-packages/airflow/example_dags/tutorial_taskflow_api_etl.py for tasks to queue
[2023-03-20 14:56:28,553] {logging_mixin.py:104} INFO - [2023-03-20 14:56:28,553] {dagbag.py:451} INFO - Filling up the DagBag from /home/airflow/.local/lib/python3.6/site-packages/airflow/example_dags/tutorial_taskflow_api_etl.py
[2023-03-20 14:56:28,565] {scheduler_job.py:639} INFO - DAG(s) dict_keys(['tutorial_taskflow_api_etl']) retrieved from /home/airflow/.local/lib/python3.6/site-packages/airflow/example_dags/tutorial_taskflow_api_etl.py
[2023-03-20 14:56:28,587] {logging_mixin.py:104} INFO - [2023-03-20 14:56:28,587] {dag.py:1824} INFO - Sync 1 DAGs
[2023-03-20 14:56:28,601] {logging_mixin.py:104} INFO - [2023-03-20 14:56:28,601] {dag.py:2280} INFO - Setting next_dagrun for tutorial_taskflow_api_etl to None
[2023-03-20 14:56:28,611] {scheduler_job.py:190} INFO - Processing /home/airflow/.local/lib/python3.6/site-packages/airflow/example_dags/tutorial_taskflow_api_etl.py took 0.064 seconds
[2023-03-20 14:56:59,407] {scheduler_job.py:182} INFO - Started process (PID=121) to work on /home/airflow/.local/lib/python3.6/site-packages/airflow/example_dags/tutorial_taskflow_api_etl.py
[2023-03-20 14:56:59,411] {scheduler_job.py:629} INFO - Processing file /home/airflow/.local/lib/python3.6/site-packages/airflow/example_dags/tutorial_taskflow_api_etl.py for tasks to queue
[2023-03-20 14:56:59,414] {logging_mixin.py:104} INFO - [2023-03-20 14:56:59,413] {dagbag.py:451} INFO - Filling up the DagBag from /home/airflow/.local/lib/python3.6/site-packages/airflow/example_dags/tutorial_taskflow_api_etl.py
[2023-03-20 14:56:59,439] {scheduler_job.py:639} INFO - DAG(s) dict_keys(['tutorial_taskflow_api_etl']) retrieved from /home/airflow/.local/lib/python3.6/site-packages/airflow/example_dags/tutorial_taskflow_api_etl.py
[2023-03-20 14:56:59,503] {logging_mixin.py:104} INFO - [2023-03-20 14:56:59,503] {dag.py:1824} INFO - Sync 1 DAGs
[2023-03-20 14:56:59,529] {logging_mixin.py:104} INFO - [2023-03-20 14:56:59,529] {dag.py:2280} INFO - Setting next_dagrun for tutorial_taskflow_api_etl to None
[2023-03-20 14:56:59,544] {scheduler_job.py:190} INFO - Processing /home/airflow/.local/lib/python3.6/site-packages/airflow/example_dags/tutorial_taskflow_api_etl.py took 0.142 seconds
[2023-03-20 14:57:30,685] {scheduler_job.py:182} INFO - Started process (PID=148) to work on /home/airflow/.local/lib/python3.6/site-packages/airflow/example_dags/tutorial_taskflow_api_etl.py
[2023-03-20 14:57:30,689] {scheduler_job.py:629} INFO - Processing file /home/airflow/.local/lib/python3.6/site-packages/airflow/example_dags/tutorial_taskflow_api_etl.py for tasks to queue
[2023-03-20 14:57:30,692] {logging_mixin.py:104} INFO - [2023-03-20 14:57:30,691] {dagbag.py:451} INFO - Filling up the DagBag from /home/airflow/.local/lib/python3.6/site-packages/airflow/example_dags/tutorial_taskflow_api_etl.py
[2023-03-20 14:57:30,755] {scheduler_job.py:639} INFO - DAG(s) dict_keys(['tutorial_taskflow_api_etl']) retrieved from /home/airflow/.local/lib/python3.6/site-packages/airflow/example_dags/tutorial_taskflow_api_etl.py
[2023-03-20 14:57:30,807] {logging_mixin.py:104} INFO - [2023-03-20 14:57:30,806] {dag.py:1824} INFO - Sync 1 DAGs
[2023-03-20 14:57:30,822] {logging_mixin.py:104} INFO - [2023-03-20 14:57:30,822] {dag.py:2280} INFO - Setting next_dagrun for tutorial_taskflow_api_etl to None
[2023-03-20 14:57:30,843] {scheduler_job.py:190} INFO - Processing /home/airflow/.local/lib/python3.6/site-packages/airflow/example_dags/tutorial_taskflow_api_etl.py took 0.164 seconds
[2023-03-20 14:58:01,070] {scheduler_job.py:182} INFO - Started process (PID=174) to work on /home/airflow/.local/lib/python3.6/site-packages/airflow/example_dags/tutorial_taskflow_api_etl.py
[2023-03-20 14:58:01,074] {scheduler_job.py:629} INFO - Processing file /home/airflow/.local/lib/python3.6/site-packages/airflow/example_dags/tutorial_taskflow_api_etl.py for tasks to queue
[2023-03-20 14:58:01,076] {logging_mixin.py:104} INFO - [2023-03-20 14:58:01,076] {dagbag.py:451} INFO - Filling up the DagBag from /home/airflow/.local/lib/python3.6/site-packages/airflow/example_dags/tutorial_taskflow_api_etl.py
[2023-03-20 14:58:01,093] {scheduler_job.py:639} INFO - DAG(s) dict_keys(['tutorial_taskflow_api_etl']) retrieved from /home/airflow/.local/lib/python3.6/site-packages/airflow/example_dags/tutorial_taskflow_api_etl.py
[2023-03-20 14:58:01,125] {logging_mixin.py:104} INFO - [2023-03-20 14:58:01,125] {dag.py:1824} INFO - Sync 1 DAGs
[2023-03-20 14:58:01,141] {logging_mixin.py:104} INFO - [2023-03-20 14:58:01,141] {dag.py:2280} INFO - Setting next_dagrun for tutorial_taskflow_api_etl to None
[2023-03-20 14:58:01,153] {scheduler_job.py:190} INFO - Processing /home/airflow/.local/lib/python3.6/site-packages/airflow/example_dags/tutorial_taskflow_api_etl.py took 0.086 seconds
[2023-03-20 14:58:31,915] {scheduler_job.py:182} INFO - Started process (PID=199) to work on /home/airflow/.local/lib/python3.6/site-packages/airflow/example_dags/tutorial_taskflow_api_etl.py
[2023-03-20 14:58:31,916] {scheduler_job.py:629} INFO - Processing file /home/airflow/.local/lib/python3.6/site-packages/airflow/example_dags/tutorial_taskflow_api_etl.py for tasks to queue
[2023-03-20 14:58:31,918] {logging_mixin.py:104} INFO - [2023-03-20 14:58:31,917] {dagbag.py:451} INFO - Filling up the DagBag from /home/airflow/.local/lib/python3.6/site-packages/airflow/example_dags/tutorial_taskflow_api_etl.py
[2023-03-20 14:58:31,929] {scheduler_job.py:639} INFO - DAG(s) dict_keys(['tutorial_taskflow_api_etl']) retrieved from /home/airflow/.local/lib/python3.6/site-packages/airflow/example_dags/tutorial_taskflow_api_etl.py
[2023-03-20 14:58:31,956] {logging_mixin.py:104} INFO - [2023-03-20 14:58:31,956] {dag.py:1824} INFO - Sync 1 DAGs
[2023-03-20 14:58:31,969] {logging_mixin.py:104} INFO - [2023-03-20 14:58:31,969] {dag.py:2280} INFO - Setting next_dagrun for tutorial_taskflow_api_etl to None
[2023-03-20 14:58:31,980] {scheduler_job.py:190} INFO - Processing /home/airflow/.local/lib/python3.6/site-packages/airflow/example_dags/tutorial_taskflow_api_etl.py took 0.068 seconds
[2023-03-20 14:59:02,469] {scheduler_job.py:182} INFO - Started process (PID=225) to work on /home/airflow/.local/lib/python3.6/site-packages/airflow/example_dags/tutorial_taskflow_api_etl.py
[2023-03-20 14:59:02,472] {scheduler_job.py:629} INFO - Processing file /home/airflow/.local/lib/python3.6/site-packages/airflow/example_dags/tutorial_taskflow_api_etl.py for tasks to queue
[2023-03-20 14:59:02,473] {logging_mixin.py:104} INFO - [2023-03-20 14:59:02,473] {dagbag.py:451} INFO - Filling up the DagBag from /home/airflow/.local/lib/python3.6/site-packages/airflow/example_dags/tutorial_taskflow_api_etl.py
[2023-03-20 14:59:02,488] {scheduler_job.py:639} INFO - DAG(s) dict_keys(['tutorial_taskflow_api_etl']) retrieved from /home/airflow/.local/lib/python3.6/site-packages/airflow/example_dags/tutorial_taskflow_api_etl.py
[2023-03-20 14:59:02,519] {logging_mixin.py:104} INFO - [2023-03-20 14:59:02,519] {dag.py:1824} INFO - Sync 1 DAGs
[2023-03-20 14:59:02,531] {logging_mixin.py:104} INFO - [2023-03-20 14:59:02,531] {dag.py:2280} INFO - Setting next_dagrun for tutorial_taskflow_api_etl to None
[2023-03-20 14:59:02,540] {scheduler_job.py:190} INFO - Processing /home/airflow/.local/lib/python3.6/site-packages/airflow/example_dags/tutorial_taskflow_api_etl.py took 0.074 seconds
[2023-03-20 14:59:33,024] {scheduler_job.py:182} INFO - Started process (PID=251) to work on /home/airflow/.local/lib/python3.6/site-packages/airflow/example_dags/tutorial_taskflow_api_etl.py
[2023-03-20 14:59:33,026] {scheduler_job.py:629} INFO - Processing file /home/airflow/.local/lib/python3.6/site-packages/airflow/example_dags/tutorial_taskflow_api_etl.py for tasks to queue
[2023-03-20 14:59:33,027] {logging_mixin.py:104} INFO - [2023-03-20 14:59:33,027] {dagbag.py:451} INFO - Filling up the DagBag from /home/airflow/.local/lib/python3.6/site-packages/airflow/example_dags/tutorial_taskflow_api_etl.py
[2023-03-20 14:59:33,039] {scheduler_job.py:639} INFO - DAG(s) dict_keys(['tutorial_taskflow_api_etl']) retrieved from /home/airflow/.local/lib/python3.6/site-packages/airflow/example_dags/tutorial_taskflow_api_etl.py
[2023-03-20 14:59:33,067] {logging_mixin.py:104} INFO - [2023-03-20 14:59:33,067] {dag.py:1824} INFO - Sync 1 DAGs
[2023-03-20 14:59:33,080] {logging_mixin.py:104} INFO - [2023-03-20 14:59:33,080] {dag.py:2280} INFO - Setting next_dagrun for tutorial_taskflow_api_etl to None
[2023-03-20 14:59:33,090] {scheduler_job.py:190} INFO - Processing /home/airflow/.local/lib/python3.6/site-packages/airflow/example_dags/tutorial_taskflow_api_etl.py took 0.069 seconds
[2023-03-20 15:00:03,463] {scheduler_job.py:182} INFO - Started process (PID=277) to work on /home/airflow/.local/lib/python3.6/site-packages/airflow/example_dags/tutorial_taskflow_api_etl.py
[2023-03-20 15:00:03,464] {scheduler_job.py:629} INFO - Processing file /home/airflow/.local/lib/python3.6/site-packages/airflow/example_dags/tutorial_taskflow_api_etl.py for tasks to queue
[2023-03-20 15:00:03,465] {logging_mixin.py:104} INFO - [2023-03-20 15:00:03,465] {dagbag.py:451} INFO - Filling up the DagBag from /home/airflow/.local/lib/python3.6/site-packages/airflow/example_dags/tutorial_taskflow_api_etl.py
[2023-03-20 15:00:03,480] {scheduler_job.py:639} INFO - DAG(s) dict_keys(['tutorial_taskflow_api_etl']) retrieved from /home/airflow/.local/lib/python3.6/site-packages/airflow/example_dags/tutorial_taskflow_api_etl.py
[2023-03-20 15:00:03,502] {logging_mixin.py:104} INFO - [2023-03-20 15:00:03,502] {dag.py:1824} INFO - Sync 1 DAGs
[2023-03-20 15:00:03,512] {logging_mixin.py:104} INFO - [2023-03-20 15:00:03,512] {dag.py:2280} INFO - Setting next_dagrun for tutorial_taskflow_api_etl to None
[2023-03-20 15:00:03,521] {scheduler_job.py:190} INFO - Processing /home/airflow/.local/lib/python3.6/site-packages/airflow/example_dags/tutorial_taskflow_api_etl.py took 0.061 seconds
[2023-03-20 15:00:34,033] {scheduler_job.py:182} INFO - Started process (PID=303) to work on /home/airflow/.local/lib/python3.6/site-packages/airflow/example_dags/tutorial_taskflow_api_etl.py
[2023-03-20 15:00:34,035] {scheduler_job.py:629} INFO - Processing file /home/airflow/.local/lib/python3.6/site-packages/airflow/example_dags/tutorial_taskflow_api_etl.py for tasks to queue
[2023-03-20 15:00:34,037] {logging_mixin.py:104} INFO - [2023-03-20 15:00:34,037] {dagbag.py:451} INFO - Filling up the DagBag from /home/airflow/.local/lib/python3.6/site-packages/airflow/example_dags/tutorial_taskflow_api_etl.py
[2023-03-20 15:00:34,054] {scheduler_job.py:639} INFO - DAG(s) dict_keys(['tutorial_taskflow_api_etl']) retrieved from /home/airflow/.local/lib/python3.6/site-packages/airflow/example_dags/tutorial_taskflow_api_etl.py
[2023-03-20 15:00:34,076] {logging_mixin.py:104} INFO - [2023-03-20 15:00:34,075] {dag.py:1824} INFO - Sync 1 DAGs
[2023-03-20 15:00:34,086] {logging_mixin.py:104} INFO - [2023-03-20 15:00:34,086] {dag.py:2280} INFO - Setting next_dagrun for tutorial_taskflow_api_etl to None
[2023-03-20 15:00:34,094] {scheduler_job.py:190} INFO - Processing /home/airflow/.local/lib/python3.6/site-packages/airflow/example_dags/tutorial_taskflow_api_etl.py took 0.067 seconds
[2023-03-20 15:01:04,538] {scheduler_job.py:182} INFO - Started process (PID=329) to work on /home/airflow/.local/lib/python3.6/site-packages/airflow/example_dags/tutorial_taskflow_api_etl.py
[2023-03-20 15:01:04,540] {scheduler_job.py:629} INFO - Processing file /home/airflow/.local/lib/python3.6/site-packages/airflow/example_dags/tutorial_taskflow_api_etl.py for tasks to queue
[2023-03-20 15:01:04,541] {logging_mixin.py:104} INFO - [2023-03-20 15:01:04,541] {dagbag.py:451} INFO - Filling up the DagBag from /home/airflow/.local/lib/python3.6/site-packages/airflow/example_dags/tutorial_taskflow_api_etl.py
[2023-03-20 15:01:04,557] {scheduler_job.py:639} INFO - DAG(s) dict_keys(['tutorial_taskflow_api_etl']) retrieved from /home/airflow/.local/lib/python3.6/site-packages/airflow/example_dags/tutorial_taskflow_api_etl.py
[2023-03-20 15:01:04,578] {logging_mixin.py:104} INFO - [2023-03-20 15:01:04,578] {dag.py:1824} INFO - Sync 1 DAGs
[2023-03-20 15:01:04,589] {logging_mixin.py:104} INFO - [2023-03-20 15:01:04,589] {dag.py:2280} INFO - Setting next_dagrun for tutorial_taskflow_api_etl to None
[2023-03-20 15:01:04,601] {scheduler_job.py:190} INFO - Processing /home/airflow/.local/lib/python3.6/site-packages/airflow/example_dags/tutorial_taskflow_api_etl.py took 0.066 seconds
[2023-03-20 15:01:34,935] {scheduler_job.py:182} INFO - Started process (PID=355) to work on /home/airflow/.local/lib/python3.6/site-packages/airflow/example_dags/tutorial_taskflow_api_etl.py
[2023-03-20 15:01:34,937] {scheduler_job.py:629} INFO - Processing file /home/airflow/.local/lib/python3.6/site-packages/airflow/example_dags/tutorial_taskflow_api_etl.py for tasks to queue
[2023-03-20 15:01:34,938] {logging_mixin.py:104} INFO - [2023-03-20 15:01:34,938] {dagbag.py:451} INFO - Filling up the DagBag from /home/airflow/.local/lib/python3.6/site-packages/airflow/example_dags/tutorial_taskflow_api_etl.py
[2023-03-20 15:01:34,953] {scheduler_job.py:639} INFO - DAG(s) dict_keys(['tutorial_taskflow_api_etl']) retrieved from /home/airflow/.local/lib/python3.6/site-packages/airflow/example_dags/tutorial_taskflow_api_etl.py
[2023-03-20 15:01:34,975] {logging_mixin.py:104} INFO - [2023-03-20 15:01:34,975] {dag.py:1824} INFO - Sync 1 DAGs
[2023-03-20 15:01:34,990] {logging_mixin.py:104} INFO - [2023-03-20 15:01:34,990] {dag.py:2280} INFO - Setting next_dagrun for tutorial_taskflow_api_etl to None
[2023-03-20 15:01:35,002] {scheduler_job.py:190} INFO - Processing /home/airflow/.local/lib/python3.6/site-packages/airflow/example_dags/tutorial_taskflow_api_etl.py took 0.070 seconds
[2023-03-20 15:02:05,398] {scheduler_job.py:182} INFO - Started process (PID=381) to work on /home/airflow/.local/lib/python3.6/site-packages/airflow/example_dags/tutorial_taskflow_api_etl.py
[2023-03-20 15:02:05,401] {scheduler_job.py:629} INFO - Processing file /home/airflow/.local/lib/python3.6/site-packages/airflow/example_dags/tutorial_taskflow_api_etl.py for tasks to queue
[2023-03-20 15:02:05,403] {logging_mixin.py:104} INFO - [2023-03-20 15:02:05,403] {dagbag.py:451} INFO - Filling up the DagBag from /home/airflow/.local/lib/python3.6/site-packages/airflow/example_dags/tutorial_taskflow_api_etl.py
[2023-03-20 15:02:05,422] {scheduler_job.py:639} INFO - DAG(s) dict_keys(['tutorial_taskflow_api_etl']) retrieved from /home/airflow/.local/lib/python3.6/site-packages/airflow/example_dags/tutorial_taskflow_api_etl.py
[2023-03-20 15:02:05,446] {logging_mixin.py:104} INFO - [2023-03-20 15:02:05,446] {dag.py:1824} INFO - Sync 1 DAGs
[2023-03-20 15:02:05,456] {logging_mixin.py:104} INFO - [2023-03-20 15:02:05,456] {dag.py:2280} INFO - Setting next_dagrun for tutorial_taskflow_api_etl to None
[2023-03-20 15:02:05,465] {scheduler_job.py:190} INFO - Processing /home/airflow/.local/lib/python3.6/site-packages/airflow/example_dags/tutorial_taskflow_api_etl.py took 0.071 seconds
[2023-03-20 15:02:35,835] {scheduler_job.py:182} INFO - Started process (PID=407) to work on /home/airflow/.local/lib/python3.6/site-packages/airflow/example_dags/tutorial_taskflow_api_etl.py
[2023-03-20 15:02:35,841] {scheduler_job.py:629} INFO - Processing file /home/airflow/.local/lib/python3.6/site-packages/airflow/example_dags/tutorial_taskflow_api_etl.py for tasks to queue
[2023-03-20 15:02:35,842] {logging_mixin.py:104} INFO - [2023-03-20 15:02:35,842] {dagbag.py:451} INFO - Filling up the DagBag from /home/airflow/.local/lib/python3.6/site-packages/airflow/example_dags/tutorial_taskflow_api_etl.py
[2023-03-20 15:02:35,852] {scheduler_job.py:639} INFO - DAG(s) dict_keys(['tutorial_taskflow_api_etl']) retrieved from /home/airflow/.local/lib/python3.6/site-packages/airflow/example_dags/tutorial_taskflow_api_etl.py
[2023-03-20 15:02:35,873] {logging_mixin.py:104} INFO - [2023-03-20 15:02:35,873] {dag.py:1824} INFO - Sync 1 DAGs
[2023-03-20 15:02:35,884] {logging_mixin.py:104} INFO - [2023-03-20 15:02:35,884] {dag.py:2280} INFO - Setting next_dagrun for tutorial_taskflow_api_etl to None
[2023-03-20 15:02:35,892] {scheduler_job.py:190} INFO - Processing /home/airflow/.local/lib/python3.6/site-packages/airflow/example_dags/tutorial_taskflow_api_etl.py took 0.060 seconds
[2023-03-20 15:03:06,342] {scheduler_job.py:182} INFO - Started process (PID=433) to work on /home/airflow/.local/lib/python3.6/site-packages/airflow/example_dags/tutorial_taskflow_api_etl.py
[2023-03-20 15:03:06,344] {scheduler_job.py:629} INFO - Processing file /home/airflow/.local/lib/python3.6/site-packages/airflow/example_dags/tutorial_taskflow_api_etl.py for tasks to queue
[2023-03-20 15:03:06,345] {logging_mixin.py:104} INFO - [2023-03-20 15:03:06,345] {dagbag.py:451} INFO - Filling up the DagBag from /home/airflow/.local/lib/python3.6/site-packages/airflow/example_dags/tutorial_taskflow_api_etl.py
[2023-03-20 15:03:06,357] {scheduler_job.py:639} INFO - DAG(s) dict_keys(['tutorial_taskflow_api_etl']) retrieved from /home/airflow/.local/lib/python3.6/site-packages/airflow/example_dags/tutorial_taskflow_api_etl.py
[2023-03-20 15:03:06,382] {logging_mixin.py:104} INFO - [2023-03-20 15:03:06,382] {dag.py:1824} INFO - Sync 1 DAGs
[2023-03-20 15:03:06,394] {logging_mixin.py:104} INFO - [2023-03-20 15:03:06,394] {dag.py:2280} INFO - Setting next_dagrun for tutorial_taskflow_api_etl to None
[2023-03-20 15:03:06,403] {scheduler_job.py:190} INFO - Processing /home/airflow/.local/lib/python3.6/site-packages/airflow/example_dags/tutorial_taskflow_api_etl.py took 0.063 seconds
[2023-03-20 15:03:36,913] {scheduler_job.py:182} INFO - Started process (PID=459) to work on /home/airflow/.local/lib/python3.6/site-packages/airflow/example_dags/tutorial_taskflow_api_etl.py
[2023-03-20 15:03:36,915] {scheduler_job.py:629} INFO - Processing file /home/airflow/.local/lib/python3.6/site-packages/airflow/example_dags/tutorial_taskflow_api_etl.py for tasks to queue
[2023-03-20 15:03:36,915] {logging_mixin.py:104} INFO - [2023-03-20 15:03:36,915] {dagbag.py:451} INFO - Filling up the DagBag from /home/airflow/.local/lib/python3.6/site-packages/airflow/example_dags/tutorial_taskflow_api_etl.py
[2023-03-20 15:03:36,927] {scheduler_job.py:639} INFO - DAG(s) dict_keys(['tutorial_taskflow_api_etl']) retrieved from /home/airflow/.local/lib/python3.6/site-packages/airflow/example_dags/tutorial_taskflow_api_etl.py
[2023-03-20 15:03:36,948] {logging_mixin.py:104} INFO - [2023-03-20 15:03:36,948] {dag.py:1824} INFO - Sync 1 DAGs
[2023-03-20 15:03:36,959] {logging_mixin.py:104} INFO - [2023-03-20 15:03:36,959] {dag.py:2280} INFO - Setting next_dagrun for tutorial_taskflow_api_etl to None
[2023-03-20 15:03:36,968] {scheduler_job.py:190} INFO - Processing /home/airflow/.local/lib/python3.6/site-packages/airflow/example_dags/tutorial_taskflow_api_etl.py took 0.058 seconds
[2023-03-20 15:04:07,483] {scheduler_job.py:182} INFO - Started process (PID=485) to work on /home/airflow/.local/lib/python3.6/site-packages/airflow/example_dags/tutorial_taskflow_api_etl.py
[2023-03-20 15:04:07,485] {scheduler_job.py:629} INFO - Processing file /home/airflow/.local/lib/python3.6/site-packages/airflow/example_dags/tutorial_taskflow_api_etl.py for tasks to queue
[2023-03-20 15:04:07,486] {logging_mixin.py:104} INFO - [2023-03-20 15:04:07,485] {dagbag.py:451} INFO - Filling up the DagBag from /home/airflow/.local/lib/python3.6/site-packages/airflow/example_dags/tutorial_taskflow_api_etl.py
[2023-03-20 15:04:07,501] {scheduler_job.py:639} INFO - DAG(s) dict_keys(['tutorial_taskflow_api_etl']) retrieved from /home/airflow/.local/lib/python3.6/site-packages/airflow/example_dags/tutorial_taskflow_api_etl.py
[2023-03-20 15:04:07,528] {logging_mixin.py:104} INFO - [2023-03-20 15:04:07,527] {dag.py:1824} INFO - Sync 1 DAGs
[2023-03-20 15:04:07,539] {logging_mixin.py:104} INFO - [2023-03-20 15:04:07,539] {dag.py:2280} INFO - Setting next_dagrun for tutorial_taskflow_api_etl to None
[2023-03-20 15:04:07,547] {scheduler_job.py:190} INFO - Processing /home/airflow/.local/lib/python3.6/site-packages/airflow/example_dags/tutorial_taskflow_api_etl.py took 0.067 seconds
[2023-03-20 15:04:37,944] {scheduler_job.py:182} INFO - Started process (PID=511) to work on /home/airflow/.local/lib/python3.6/site-packages/airflow/example_dags/tutorial_taskflow_api_etl.py
[2023-03-20 15:04:37,947] {scheduler_job.py:629} INFO - Processing file /home/airflow/.local/lib/python3.6/site-packages/airflow/example_dags/tutorial_taskflow_api_etl.py for tasks to queue
[2023-03-20 15:04:37,948] {logging_mixin.py:104} INFO - [2023-03-20 15:04:37,948] {dagbag.py:451} INFO - Filling up the DagBag from /home/airflow/.local/lib/python3.6/site-packages/airflow/example_dags/tutorial_taskflow_api_etl.py
[2023-03-20 15:04:37,963] {scheduler_job.py:639} INFO - DAG(s) dict_keys(['tutorial_taskflow_api_etl']) retrieved from /home/airflow/.local/lib/python3.6/site-packages/airflow/example_dags/tutorial_taskflow_api_etl.py
[2023-03-20 15:04:37,995] {logging_mixin.py:104} INFO - [2023-03-20 15:04:37,995] {dag.py:1824} INFO - Sync 1 DAGs
[2023-03-20 15:04:38,009] {logging_mixin.py:104} INFO - [2023-03-20 15:04:38,009] {dag.py:2280} INFO - Setting next_dagrun for tutorial_taskflow_api_etl to None
[2023-03-20 15:04:38,018] {scheduler_job.py:190} INFO - Processing /home/airflow/.local/lib/python3.6/site-packages/airflow/example_dags/tutorial_taskflow_api_etl.py took 0.076 seconds
[2023-03-20 15:05:08,566] {scheduler_job.py:182} INFO - Started process (PID=537) to work on /home/airflow/.local/lib/python3.6/site-packages/airflow/example_dags/tutorial_taskflow_api_etl.py
[2023-03-20 15:05:08,568] {scheduler_job.py:629} INFO - Processing file /home/airflow/.local/lib/python3.6/site-packages/airflow/example_dags/tutorial_taskflow_api_etl.py for tasks to queue
[2023-03-20 15:05:08,570] {logging_mixin.py:104} INFO - [2023-03-20 15:05:08,570] {dagbag.py:451} INFO - Filling up the DagBag from /home/airflow/.local/lib/python3.6/site-packages/airflow/example_dags/tutorial_taskflow_api_etl.py
[2023-03-20 15:05:08,584] {scheduler_job.py:639} INFO - DAG(s) dict_keys(['tutorial_taskflow_api_etl']) retrieved from /home/airflow/.local/lib/python3.6/site-packages/airflow/example_dags/tutorial_taskflow_api_etl.py
[2023-03-20 15:05:08,609] {logging_mixin.py:104} INFO - [2023-03-20 15:05:08,609] {dag.py:1824} INFO - Sync 1 DAGs
[2023-03-20 15:05:08,622] {logging_mixin.py:104} INFO - [2023-03-20 15:05:08,622] {dag.py:2280} INFO - Setting next_dagrun for tutorial_taskflow_api_etl to None
[2023-03-20 15:05:08,631] {scheduler_job.py:190} INFO - Processing /home/airflow/.local/lib/python3.6/site-packages/airflow/example_dags/tutorial_taskflow_api_etl.py took 0.069 seconds
[2023-03-20 15:05:39,129] {scheduler_job.py:182} INFO - Started process (PID=563) to work on /home/airflow/.local/lib/python3.6/site-packages/airflow/example_dags/tutorial_taskflow_api_etl.py
[2023-03-20 15:05:39,130] {scheduler_job.py:629} INFO - Processing file /home/airflow/.local/lib/python3.6/site-packages/airflow/example_dags/tutorial_taskflow_api_etl.py for tasks to queue
[2023-03-20 15:05:39,132] {logging_mixin.py:104} INFO - [2023-03-20 15:05:39,131] {dagbag.py:451} INFO - Filling up the DagBag from /home/airflow/.local/lib/python3.6/site-packages/airflow/example_dags/tutorial_taskflow_api_etl.py
[2023-03-20 15:05:39,143] {scheduler_job.py:639} INFO - DAG(s) dict_keys(['tutorial_taskflow_api_etl']) retrieved from /home/airflow/.local/lib/python3.6/site-packages/airflow/example_dags/tutorial_taskflow_api_etl.py
[2023-03-20 15:05:39,165] {logging_mixin.py:104} INFO - [2023-03-20 15:05:39,165] {dag.py:1824} INFO - Sync 1 DAGs
[2023-03-20 15:05:39,178] {logging_mixin.py:104} INFO - [2023-03-20 15:05:39,178] {dag.py:2280} INFO - Setting next_dagrun for tutorial_taskflow_api_etl to None
[2023-03-20 15:05:39,187] {scheduler_job.py:190} INFO - Processing /home/airflow/.local/lib/python3.6/site-packages/airflow/example_dags/tutorial_taskflow_api_etl.py took 0.061 seconds
[2023-03-20 15:06:09,705] {scheduler_job.py:182} INFO - Started process (PID=589) to work on /home/airflow/.local/lib/python3.6/site-packages/airflow/example_dags/tutorial_taskflow_api_etl.py
[2023-03-20 15:06:09,707] {scheduler_job.py:629} INFO - Processing file /home/airflow/.local/lib/python3.6/site-packages/airflow/example_dags/tutorial_taskflow_api_etl.py for tasks to queue
[2023-03-20 15:06:09,707] {logging_mixin.py:104} INFO - [2023-03-20 15:06:09,707] {dagbag.py:451} INFO - Filling up the DagBag from /home/airflow/.local/lib/python3.6/site-packages/airflow/example_dags/tutorial_taskflow_api_etl.py
[2023-03-20 15:06:09,722] {scheduler_job.py:639} INFO - DAG(s) dict_keys(['tutorial_taskflow_api_etl']) retrieved from /home/airflow/.local/lib/python3.6/site-packages/airflow/example_dags/tutorial_taskflow_api_etl.py
[2023-03-20 15:06:09,753] {logging_mixin.py:104} INFO - [2023-03-20 15:06:09,753] {dag.py:1824} INFO - Sync 1 DAGs
[2023-03-20 15:06:09,780] {logging_mixin.py:104} INFO - [2023-03-20 15:06:09,780] {dag.py:2280} INFO - Setting next_dagrun for tutorial_taskflow_api_etl to None
[2023-03-20 15:06:09,798] {scheduler_job.py:190} INFO - Processing /home/airflow/.local/lib/python3.6/site-packages/airflow/example_dags/tutorial_taskflow_api_etl.py took 0.096 seconds
[2023-03-20 15:06:40,361] {scheduler_job.py:182} INFO - Started process (PID=615) to work on /home/airflow/.local/lib/python3.6/site-packages/airflow/example_dags/tutorial_taskflow_api_etl.py
[2023-03-20 15:06:40,364] {scheduler_job.py:629} INFO - Processing file /home/airflow/.local/lib/python3.6/site-packages/airflow/example_dags/tutorial_taskflow_api_etl.py for tasks to queue
[2023-03-20 15:06:40,367] {logging_mixin.py:104} INFO - [2023-03-20 15:06:40,367] {dagbag.py:451} INFO - Filling up the DagBag from /home/airflow/.local/lib/python3.6/site-packages/airflow/example_dags/tutorial_taskflow_api_etl.py
[2023-03-20 15:06:40,387] {scheduler_job.py:639} INFO - DAG(s) dict_keys(['tutorial_taskflow_api_etl']) retrieved from /home/airflow/.local/lib/python3.6/site-packages/airflow/example_dags/tutorial_taskflow_api_etl.py
[2023-03-20 15:06:40,422] {logging_mixin.py:104} INFO - [2023-03-20 15:06:40,422] {dag.py:1824} INFO - Sync 1 DAGs
[2023-03-20 15:06:40,435] {logging_mixin.py:104} INFO - [2023-03-20 15:06:40,435] {dag.py:2280} INFO - Setting next_dagrun for tutorial_taskflow_api_etl to None
[2023-03-20 15:06:40,444] {scheduler_job.py:190} INFO - Processing /home/airflow/.local/lib/python3.6/site-packages/airflow/example_dags/tutorial_taskflow_api_etl.py took 0.090 seconds
[2023-03-20 15:07:11,152] {scheduler_job.py:182} INFO - Started process (PID=641) to work on /home/airflow/.local/lib/python3.6/site-packages/airflow/example_dags/tutorial_taskflow_api_etl.py
[2023-03-20 15:07:11,154] {scheduler_job.py:629} INFO - Processing file /home/airflow/.local/lib/python3.6/site-packages/airflow/example_dags/tutorial_taskflow_api_etl.py for tasks to queue
[2023-03-20 15:07:11,154] {logging_mixin.py:104} INFO - [2023-03-20 15:07:11,154] {dagbag.py:451} INFO - Filling up the DagBag from /home/airflow/.local/lib/python3.6/site-packages/airflow/example_dags/tutorial_taskflow_api_etl.py
[2023-03-20 15:07:11,166] {scheduler_job.py:639} INFO - DAG(s) dict_keys(['tutorial_taskflow_api_etl']) retrieved from /home/airflow/.local/lib/python3.6/site-packages/airflow/example_dags/tutorial_taskflow_api_etl.py
[2023-03-20 15:07:11,189] {logging_mixin.py:104} INFO - [2023-03-20 15:07:11,189] {dag.py:1824} INFO - Sync 1 DAGs
[2023-03-20 15:07:11,200] {logging_mixin.py:104} INFO - [2023-03-20 15:07:11,200] {dag.py:2280} INFO - Setting next_dagrun for tutorial_taskflow_api_etl to None
[2023-03-20 15:07:11,208] {scheduler_job.py:190} INFO - Processing /home/airflow/.local/lib/python3.6/site-packages/airflow/example_dags/tutorial_taskflow_api_etl.py took 0.059 seconds
[2023-03-20 15:07:42,050] {scheduler_job.py:182} INFO - Started process (PID=667) to work on /home/airflow/.local/lib/python3.6/site-packages/airflow/example_dags/tutorial_taskflow_api_etl.py
[2023-03-20 15:07:42,053] {scheduler_job.py:629} INFO - Processing file /home/airflow/.local/lib/python3.6/site-packages/airflow/example_dags/tutorial_taskflow_api_etl.py for tasks to queue
[2023-03-20 15:07:42,055] {logging_mixin.py:104} INFO - [2023-03-20 15:07:42,055] {dagbag.py:451} INFO - Filling up the DagBag from /home/airflow/.local/lib/python3.6/site-packages/airflow/example_dags/tutorial_taskflow_api_etl.py
[2023-03-20 15:07:42,072] {scheduler_job.py:639} INFO - DAG(s) dict_keys(['tutorial_taskflow_api_etl']) retrieved from /home/airflow/.local/lib/python3.6/site-packages/airflow/example_dags/tutorial_taskflow_api_etl.py
[2023-03-20 15:07:42,113] {logging_mixin.py:104} INFO - [2023-03-20 15:07:42,113] {dag.py:1824} INFO - Sync 1 DAGs
[2023-03-20 15:07:42,131] {logging_mixin.py:104} INFO - [2023-03-20 15:07:42,131] {dag.py:2280} INFO - Setting next_dagrun for tutorial_taskflow_api_etl to None
[2023-03-20 15:07:42,143] {scheduler_job.py:190} INFO - Processing /home/airflow/.local/lib/python3.6/site-packages/airflow/example_dags/tutorial_taskflow_api_etl.py took 0.096 seconds
[2023-03-20 15:08:12,796] {scheduler_job.py:182} INFO - Started process (PID=693) to work on /home/airflow/.local/lib/python3.6/site-packages/airflow/example_dags/tutorial_taskflow_api_etl.py
[2023-03-20 15:08:12,798] {scheduler_job.py:629} INFO - Processing file /home/airflow/.local/lib/python3.6/site-packages/airflow/example_dags/tutorial_taskflow_api_etl.py for tasks to queue
[2023-03-20 15:08:12,800] {logging_mixin.py:104} INFO - [2023-03-20 15:08:12,800] {dagbag.py:451} INFO - Filling up the DagBag from /home/airflow/.local/lib/python3.6/site-packages/airflow/example_dags/tutorial_taskflow_api_etl.py
[2023-03-20 15:08:12,815] {scheduler_job.py:639} INFO - DAG(s) dict_keys(['tutorial_taskflow_api_etl']) retrieved from /home/airflow/.local/lib/python3.6/site-packages/airflow/example_dags/tutorial_taskflow_api_etl.py
[2023-03-20 15:08:12,841] {logging_mixin.py:104} INFO - [2023-03-20 15:08:12,841] {dag.py:1824} INFO - Sync 1 DAGs
[2023-03-20 15:08:12,853] {logging_mixin.py:104} INFO - [2023-03-20 15:08:12,852] {dag.py:2280} INFO - Setting next_dagrun for tutorial_taskflow_api_etl to None
[2023-03-20 15:08:12,863] {scheduler_job.py:190} INFO - Processing /home/airflow/.local/lib/python3.6/site-packages/airflow/example_dags/tutorial_taskflow_api_etl.py took 0.070 seconds
[2023-03-20 15:08:43,548] {scheduler_job.py:182} INFO - Started process (PID=719) to work on /home/airflow/.local/lib/python3.6/site-packages/airflow/example_dags/tutorial_taskflow_api_etl.py
[2023-03-20 15:08:43,550] {scheduler_job.py:629} INFO - Processing file /home/airflow/.local/lib/python3.6/site-packages/airflow/example_dags/tutorial_taskflow_api_etl.py for tasks to queue
[2023-03-20 15:08:43,551] {logging_mixin.py:104} INFO - [2023-03-20 15:08:43,551] {dagbag.py:451} INFO - Filling up the DagBag from /home/airflow/.local/lib/python3.6/site-packages/airflow/example_dags/tutorial_taskflow_api_etl.py
[2023-03-20 15:08:43,564] {scheduler_job.py:639} INFO - DAG(s) dict_keys(['tutorial_taskflow_api_etl']) retrieved from /home/airflow/.local/lib/python3.6/site-packages/airflow/example_dags/tutorial_taskflow_api_etl.py
[2023-03-20 15:08:43,587] {logging_mixin.py:104} INFO - [2023-03-20 15:08:43,586] {dag.py:1824} INFO - Sync 1 DAGs
[2023-03-20 15:08:43,598] {logging_mixin.py:104} INFO - [2023-03-20 15:08:43,598] {dag.py:2280} INFO - Setting next_dagrun for tutorial_taskflow_api_etl to None
[2023-03-20 15:08:43,607] {scheduler_job.py:190} INFO - Processing /home/airflow/.local/lib/python3.6/site-packages/airflow/example_dags/tutorial_taskflow_api_etl.py took 0.063 seconds
[2023-03-20 15:09:14,311] {scheduler_job.py:182} INFO - Started process (PID=745) to work on /home/airflow/.local/lib/python3.6/site-packages/airflow/example_dags/tutorial_taskflow_api_etl.py
[2023-03-20 15:09:14,313] {scheduler_job.py:629} INFO - Processing file /home/airflow/.local/lib/python3.6/site-packages/airflow/example_dags/tutorial_taskflow_api_etl.py for tasks to queue
[2023-03-20 15:09:14,314] {logging_mixin.py:104} INFO - [2023-03-20 15:09:14,314] {dagbag.py:451} INFO - Filling up the DagBag from /home/airflow/.local/lib/python3.6/site-packages/airflow/example_dags/tutorial_taskflow_api_etl.py
[2023-03-20 15:09:14,327] {scheduler_job.py:639} INFO - DAG(s) dict_keys(['tutorial_taskflow_api_etl']) retrieved from /home/airflow/.local/lib/python3.6/site-packages/airflow/example_dags/tutorial_taskflow_api_etl.py
[2023-03-20 15:09:14,352] {logging_mixin.py:104} INFO - [2023-03-20 15:09:14,351] {dag.py:1824} INFO - Sync 1 DAGs
[2023-03-20 15:09:14,369] {logging_mixin.py:104} INFO - [2023-03-20 15:09:14,368] {dag.py:2280} INFO - Setting next_dagrun for tutorial_taskflow_api_etl to None
[2023-03-20 15:09:14,384] {scheduler_job.py:190} INFO - Processing /home/airflow/.local/lib/python3.6/site-packages/airflow/example_dags/tutorial_taskflow_api_etl.py took 0.076 seconds
